<?xml version="1.0" encoding="UTF-8"?>
<testsuites name="Customer Booking Kost Using Virtual Account" time="458.196" tests="9" failures="0" errors="0">
   <testsuite name="Customer Booking Kost Using Virtual Account" tests="9" failures="0" errors="0" time="458.196" timestamp="2020-03-13 21:14:55" hostname="Win 10 - LENNONOVO" id="Test Suites/Web RoomMe.id/Customer Booking Kost Using Virtual Account">
      <properties>
         <property name="deviceName" value=""/>
         <property name="devicePlatform" value=""/>
         <property name="logFolder" value="C:\\Users\\Faldi\\Katalon Studio\\RoomMe\\Reports\\20200313_211453\\Web RoomMe.id\\Customer Booking Kost Using Virtual Account\\20200313_211453"/>
         <property name="logFiles" value="C:\\Users\\Faldi\\Katalon Studio\\RoomMe\\Reports\\20200313_211453\\Web RoomMe.id\\Customer Booking Kost Using Virtual Account\\20200313_211453\\execution0.log"/>
         <property name="attachments" value="C:\\Users\\Faldi\\Katalon Studio\\RoomMe\\Reports\\20200313_211453\\Web RoomMe.id\\Customer Booking Kost Using Virtual Account\\20200313_211453\\Evidence/Login.png, C:\\Users\\Faldi\\Katalon Studio\\RoomMe\\Reports\\20200313_211453\\Web RoomMe.id\\Customer Booking Kost Using Virtual Account\\20200313_211453\\Evidence/Login.png, C:\\Users\\Faldi\\Katalon Studio\\RoomMe\\Reports\\20200313_211453\\Web RoomMe.id\\Customer Booking Kost Using Virtual Account\\20200313_211453\\Evidence/Login.png, C:\\Users\\Faldi\\Katalon Studio\\RoomMe\\Reports\\20200313_211453\\Web RoomMe.id\\Customer Booking Kost Using Virtual Account\\20200313_211453\\Evidence/Login.png, C:\\Users\\Faldi\\Katalon Studio\\RoomMe\\Reports\\20200313_211453\\Web RoomMe.id\\Customer Booking Kost Using Virtual Account\\20200313_211453\\Evidence/Login.png, C:\\Users\\Faldi\\Katalon Studio\\RoomMe\\Reports\\20200313_211453\\Web RoomMe.id\\Customer Booking Kost Using Virtual Account\\20200313_211453\\Evidence/Login.png, C:\\Users\\Faldi\\Katalon Studio\\RoomMe\\Reports\\20200313_211453\\Web RoomMe.id\\Customer Booking Kost Using Virtual Account\\20200313_211453\\Evidence/Login.png, C:\\Users\\Faldi\\Katalon Studio\\RoomMe\\Reports\\20200313_211453\\Web RoomMe.id\\Customer Booking Kost Using Virtual Account\\20200313_211453\\Evidence/Login.png, C:\\Users\\Faldi\\Katalon Studio\\RoomMe\\Reports\\20200313_211453\\Web RoomMe.id\\Customer Booking Kost Using Virtual Account\\20200313_211453\\Evidence/Login.png"/>
         <property name="hostName" value="Win 10 - LENNONOVO"/>
         <property name="os" value="Windows 10 64bit"/>
         <property name="katalonVersion" value="null.null"/>
         <property name="browser" value="Chrome 80.0.3987.132"/>
         <property name="hostAddress" value="192.168.1.15"/>
         <property name="sessionId" value="7d772fb8753857552d85d2e8878ed2e3"/>
         <property name="seleniumVersion" value="3.141.59"/>
         <property name="proxyInformation" value="ProxyInformation{proxyOption=NO_PROXY, proxyServerType=HTTP, password=, proxyServerAddress=, proxyServerPort=0, executionList=}"/>
         <property name="platform" value="Windows 10"/>
      </properties>
      <testcase name="Test Cases/Web RoomMe.id/Customer Login" time="32.886" classname="Test Cases/Web RoomMe.id/Customer Login" status="PASSED">
         <system-out><![CDATA[2020-03-13 21:14:55 - [TEST_CASE][PASSED] - Test Cases/Web RoomMe.id/Customer Login: Test Cases/Web RoomMe.id/Customer Login

2020-03-13 21:14:55 - [TEST_STEP][PASSED] - callTestCase(findTestCase("Web RoomMe.id/Customer Access RoomMe Page"), [:], STOP_ON_FAILURE): Call Test Case 'Test Cases/Web RoomMe.id/Customer Access RoomMe Page' successfully

2020-03-13 21:14:56 - [TEST_CASE][PASSED] - Test Cases/Web RoomMe.id/Customer Access RoomMe Page: Test Cases/Web RoomMe.id/Customer Access RoomMe Page

2020-03-13 21:14:56 - [TEST_STEP][PASSED] - openBrowser(""): Browser is opened with url: ''

2020-03-13 21:14:56 - [MESSAGE][INFO] - Starting 'Chrome' driver

2020-03-13 21:14:56 - [MESSAGE][INFO] - Action delay is set to 0 seconds

2020-03-13 21:15:02 - [MESSAGE][PASSED] - Browser is opened with url: ''

2020-03-13 21:15:02 - [TEST_STEP][PASSED] - navigateToUrl("https://web.roomme.id/"): Navigate to 'https://web.roomme.id/' successfully

2020-03-13 21:15:14 - [MESSAGE][PASSED] - Navigate to 'https://web.roomme.id/' successfully

2020-03-13 21:15:14 - [TEST_STEP][PASSED] - maximizeWindow(): Current window maximized

2020-03-13 21:15:18 - [MESSAGE][PASSED] - Current window maximized

2020-03-13 21:15:18 - [MESSAGE][PASSED] - Call Test Case 'Test Cases/Web RoomMe.id/Customer Access RoomMe Page' successfully

2020-03-13 21:15:18 - [TEST_STEP][PASSED] - click(findTestObject("Web RoomMe.id/RoomMe.id Homepage/Button Sign In")): Object: 'Object Repository/Web RoomMe.id/RoomMe.id Homepage/Button Sign In' is clicked on

2020-03-13 21:15:19 - [MESSAGE][PASSED] - Object: 'Object Repository/Web RoomMe.id/RoomMe.id Homepage/Button Sign In' is clicked on

2020-03-13 21:15:19 - [TEST_STEP][PASSED] - verifyElementVisible(findTestObject("Web RoomMe.id/Sign In Menu/Textfield Email")): Object 'Object Repository/Web RoomMe.id/Sign In Menu/Textfield Email' is visible

2020-03-13 21:15:19 - [MESSAGE][PASSED] - Object 'Object Repository/Web RoomMe.id/Sign In Menu/Textfield Email' is visible

2020-03-13 21:15:19 - [TEST_STEP][PASSED] - verifyElementVisible(findTestObject("Web RoomMe.id/Sign In Menu/Textfield Password")): Object 'Object Repository/Web RoomMe.id/Sign In Menu/Textfield Password' is visible

2020-03-13 21:15:19 - [MESSAGE][PASSED] - Object 'Object Repository/Web RoomMe.id/Sign In Menu/Textfield Password' is visible

2020-03-13 21:15:19 - [TEST_STEP][PASSED] - verifyElementVisible(findTestObject("Web RoomMe.id/RoomMe.id Homepage/Button Sign In")): Object 'Object Repository/Web RoomMe.id/RoomMe.id Homepage/Button Sign In' is visible

2020-03-13 21:15:20 - [MESSAGE][PASSED] - Object 'Object Repository/Web RoomMe.id/RoomMe.id Homepage/Button Sign In' is visible

2020-03-13 21:15:20 - [TEST_STEP][PASSED] - verifyElementVisible(findTestObject("Web RoomMe.id/Sign In Menu/Button Forgot Password")): Object 'Object Repository/Web RoomMe.id/Sign In Menu/Button Forgot Password' is visible

2020-03-13 21:15:20 - [MESSAGE][PASSED] - Object 'Object Repository/Web RoomMe.id/Sign In Menu/Button Forgot Password' is visible

2020-03-13 21:15:20 - [TEST_STEP][PASSED] - setText(findTestObject("Web RoomMe.id/Sign In Menu/Textfield Email"), "faldinv68@gmail.com"): Text 'faldinv68@gmail.com' is set on object 'Object Repository/Web RoomMe.id/Sign In Menu/Textfield Email'

2020-03-13 21:15:21 - [MESSAGE][PASSED] - Text 'faldinv68@gmail.com' is set on object 'Object Repository/Web RoomMe.id/Sign In Menu/Textfield Email'

2020-03-13 21:15:21 - [TEST_STEP][PASSED] - setEncryptedText(findTestObject("Web RoomMe.id/Sign In Menu/Textfield Password"), "aeHFOx8jV/A="): Text ****** has been set on object 'Object Repository/Web RoomMe.id/Sign In Menu/Textfield Password'

2020-03-13 21:15:21 - [MESSAGE][PASSED] - Text ****** has been set on object 'Object Repository/Web RoomMe.id/Sign In Menu/Textfield Password'

2020-03-13 21:15:21 - [TEST_STEP][PASSED] - click(findTestObject("Web RoomMe.id/Sign In Menu/Button Sign In")): Object: 'Object Repository/Web RoomMe.id/Sign In Menu/Button Sign In' is clicked on

2020-03-13 21:15:22 - [MESSAGE][PASSED] - Object: 'Object Repository/Web RoomMe.id/Sign In Menu/Button Sign In' is clicked on

2020-03-13 21:15:22 - [TEST_STEP][PASSED] - verifyElementVisible(findTestObject("Web RoomMe.id/Sign In Menu/Button User Menu")): Object 'Object Repository/Web RoomMe.id/Sign In Menu/Button User Menu' is visible

2020-03-13 21:15:27 - [MESSAGE][PASSED] - Object 'Object Repository/Web RoomMe.id/Sign In Menu/Button User Menu' is visible

2020-03-13 21:15:27 - [TEST_STEP][PASSED] - takeScreenshot("Evidence/Login.png"): Taking screenshot successfully

2020-03-13 21:15:28 - [MESSAGE][PASSED] - Taking screenshot successfully
[[ATTACHMENT|C:\\Users\\Faldi\\Katalon Studio\\RoomMe\\Reports\\20200313_211453\\Web RoomMe.id\\Customer Booking Kost Using Virtual Account\\20200313_211453\\Evidence/Login.png]]]]></system-out>
         <system-err><![CDATA[]]></system-err>
      </testcase>
      <testcase name="Test Cases/Web RoomMe.id/Customer Search For Kost" time="35.513" classname="Test Cases/Web RoomMe.id/Customer Search For Kost" status="PASSED">
         <system-out><![CDATA[2020-03-13 21:15:28 - [TEST_CASE][PASSED] - Test Cases/Web RoomMe.id/Customer Search For Kost: Test Cases/Web RoomMe.id/Customer Search For Kost

2020-03-13 21:15:28 - [TEST_STEP][PASSED] - callTestCase(findTestCase("Web RoomMe.id/Customer Login"), [:], STOP_ON_FAILURE): Call Test Case 'Test Cases/Web RoomMe.id/Customer Login' successfully

2020-03-13 21:15:28 - [TEST_CASE][PASSED] - Test Cases/Web RoomMe.id/Customer Login: Test Cases/Web RoomMe.id/Customer Login

2020-03-13 21:15:28 - [TEST_STEP][PASSED] - callTestCase(findTestCase("Web RoomMe.id/Customer Access RoomMe Page"), [:], STOP_ON_FAILURE): Call Test Case 'Test Cases/Web RoomMe.id/Customer Access RoomMe Page' successfully

2020-03-13 21:15:28 - [TEST_CASE][PASSED] - Test Cases/Web RoomMe.id/Customer Access RoomMe Page: Test Cases/Web RoomMe.id/Customer Access RoomMe Page

2020-03-13 21:15:28 - [TEST_STEP][PASSED] - openBrowser(""): Browser is opened with url: ''

2020-03-13 21:15:28 - [MESSAGE][WARNING] - A browser is already opened. Closing browser and opening a new one

2020-03-13 21:15:29 - [MESSAGE][INFO] - Starting 'Chrome' driver

2020-03-13 21:15:35 - [MESSAGE][PASSED] - Browser is opened with url: ''

2020-03-13 21:15:35 - [TEST_STEP][PASSED] - navigateToUrl("https://web.roomme.id/"): Navigate to 'https://web.roomme.id/' successfully

2020-03-13 21:15:43 - [MESSAGE][PASSED] - Navigate to 'https://web.roomme.id/' successfully

2020-03-13 21:15:43 - [TEST_STEP][PASSED] - maximizeWindow(): Current window maximized

2020-03-13 21:15:47 - [MESSAGE][PASSED] - Current window maximized

2020-03-13 21:15:47 - [MESSAGE][PASSED] - Call Test Case 'Test Cases/Web RoomMe.id/Customer Access RoomMe Page' successfully

2020-03-13 21:15:47 - [TEST_STEP][PASSED] - click(findTestObject("Web RoomMe.id/RoomMe.id Homepage/Button Sign In")): Object: 'Object Repository/Web RoomMe.id/RoomMe.id Homepage/Button Sign In' is clicked on

2020-03-13 21:15:47 - [MESSAGE][PASSED] - Object: 'Object Repository/Web RoomMe.id/RoomMe.id Homepage/Button Sign In' is clicked on

2020-03-13 21:15:47 - [TEST_STEP][PASSED] - verifyElementVisible(findTestObject("Web RoomMe.id/Sign In Menu/Textfield Email")): Object 'Object Repository/Web RoomMe.id/Sign In Menu/Textfield Email' is visible

2020-03-13 21:15:48 - [MESSAGE][PASSED] - Object 'Object Repository/Web RoomMe.id/Sign In Menu/Textfield Email' is visible

2020-03-13 21:15:48 - [TEST_STEP][PASSED] - verifyElementVisible(findTestObject("Web RoomMe.id/Sign In Menu/Textfield Password")): Object 'Object Repository/Web RoomMe.id/Sign In Menu/Textfield Password' is visible

2020-03-13 21:15:48 - [MESSAGE][PASSED] - Object 'Object Repository/Web RoomMe.id/Sign In Menu/Textfield Password' is visible

2020-03-13 21:15:48 - [TEST_STEP][PASSED] - verifyElementVisible(findTestObject("Web RoomMe.id/RoomMe.id Homepage/Button Sign In")): Object 'Object Repository/Web RoomMe.id/RoomMe.id Homepage/Button Sign In' is visible

2020-03-13 21:15:48 - [MESSAGE][PASSED] - Object 'Object Repository/Web RoomMe.id/RoomMe.id Homepage/Button Sign In' is visible

2020-03-13 21:15:48 - [TEST_STEP][PASSED] - verifyElementVisible(findTestObject("Web RoomMe.id/Sign In Menu/Button Forgot Password")): Object 'Object Repository/Web RoomMe.id/Sign In Menu/Button Forgot Password' is visible

2020-03-13 21:15:48 - [MESSAGE][PASSED] - Object 'Object Repository/Web RoomMe.id/Sign In Menu/Button Forgot Password' is visible

2020-03-13 21:15:48 - [TEST_STEP][PASSED] - setText(findTestObject("Web RoomMe.id/Sign In Menu/Textfield Email"), "faldinv68@gmail.com"): Text 'faldinv68@gmail.com' is set on object 'Object Repository/Web RoomMe.id/Sign In Menu/Textfield Email'

2020-03-13 21:15:49 - [MESSAGE][PASSED] - Text 'faldinv68@gmail.com' is set on object 'Object Repository/Web RoomMe.id/Sign In Menu/Textfield Email'

2020-03-13 21:15:49 - [TEST_STEP][PASSED] - setEncryptedText(findTestObject("Web RoomMe.id/Sign In Menu/Textfield Password"), "aeHFOx8jV/A="): Text ****** has been set on object 'Object Repository/Web RoomMe.id/Sign In Menu/Textfield Password'

2020-03-13 21:15:50 - [MESSAGE][PASSED] - Text ****** has been set on object 'Object Repository/Web RoomMe.id/Sign In Menu/Textfield Password'

2020-03-13 21:15:51 - [TEST_STEP][PASSED] - click(findTestObject("Web RoomMe.id/Sign In Menu/Button Sign In")): Object: 'Object Repository/Web RoomMe.id/Sign In Menu/Button Sign In' is clicked on

2020-03-13 21:15:51 - [MESSAGE][PASSED] - Object: 'Object Repository/Web RoomMe.id/Sign In Menu/Button Sign In' is clicked on

2020-03-13 21:15:51 - [TEST_STEP][PASSED] - verifyElementVisible(findTestObject("Web RoomMe.id/Sign In Menu/Button User Menu")): Object 'Object Repository/Web RoomMe.id/Sign In Menu/Button User Menu' is visible

2020-03-13 21:15:55 - [MESSAGE][PASSED] - Object 'Object Repository/Web RoomMe.id/Sign In Menu/Button User Menu' is visible

2020-03-13 21:15:55 - [TEST_STEP][PASSED] - takeScreenshot("Evidence/Login.png"): Taking screenshot successfully

2020-03-13 21:15:56 - [MESSAGE][PASSED] - Taking screenshot successfully
[[ATTACHMENT|C:\\Users\\Faldi\\Katalon Studio\\RoomMe\\Reports\\20200313_211453\\Web RoomMe.id\\Customer Booking Kost Using Virtual Account\\20200313_211453\\Evidence/Login.png]]

2020-03-13 21:15:56 - [MESSAGE][PASSED] - Call Test Case 'Test Cases/Web RoomMe.id/Customer Login' successfully

2020-03-13 21:15:56 - [TEST_STEP][PASSED] - setText(findTestObject("Object Repository/Web RoomMe.id/Search Kost Menu/input"), "tebet"): Text 'tebet' is set on object 'Object Repository/Web RoomMe.id/Search Kost Menu/input'

2020-03-13 21:15:56 - [MESSAGE][PASSED] - Text 'tebet' is set on object 'Object Repository/Web RoomMe.id/Search Kost Menu/input'

2020-03-13 21:15:56 - [TEST_STEP][PASSED] - click(findTestObject("Web RoomMe.id/RoomMe.id Homepage/Text Suggestion Location (Tebet)")): Object: 'Object Repository/Web RoomMe.id/RoomMe.id Homepage/Text Suggestion Location (Tebet)' is clicked on

2020-03-13 21:15:57 - [MESSAGE][PASSED] - Object: 'Object Repository/Web RoomMe.id/RoomMe.id Homepage/Text Suggestion Location (Tebet)' is clicked on

2020-03-13 21:15:57 - [TEST_STEP][PASSED] - click(findTestObject("Object Repository/Web RoomMe.id/Search Kost Menu/Datepicker")): Object: 'Object Repository/Web RoomMe.id/Search Kost Menu/Datepicker' is clicked on

2020-03-13 21:15:57 - [MESSAGE][PASSED] - Object: 'Object Repository/Web RoomMe.id/Search Kost Menu/Datepicker' is clicked on

2020-03-13 21:15:57 - [TEST_STEP][PASSED] - click(findTestObject("Object Repository/Web RoomMe.id/Search Kost Menu/Day Pick")): Object: 'Object Repository/Web RoomMe.id/Search Kost Menu/Day Pick' is clicked on

2020-03-13 21:15:58 - [MESSAGE][PASSED] - Object: 'Object Repository/Web RoomMe.id/Search Kost Menu/Day Pick' is clicked on

2020-03-13 21:15:58 - [TEST_STEP][PASSED] - click(findTestObject("Object Repository/Web RoomMe.id/Search Kost Menu/Button Duration")): Object: 'Object Repository/Web RoomMe.id/Search Kost Menu/Button Duration' is clicked on

2020-03-13 21:15:59 - [MESSAGE][PASSED] - Object: 'Object Repository/Web RoomMe.id/Search Kost Menu/Button Duration' is clicked on

2020-03-13 21:15:59 - [TEST_STEP][PASSED] - click(findTestObject("Object Repository/Web RoomMe.id/Search Kost Menu/Button 1 Month")): Object: 'Object Repository/Web RoomMe.id/Search Kost Menu/Button 1 Month' is clicked on

2020-03-13 21:15:59 - [MESSAGE][PASSED] - Object: 'Object Repository/Web RoomMe.id/Search Kost Menu/Button 1 Month' is clicked on

2020-03-13 21:15:59 - [TEST_STEP][PASSED] - click(findTestObject("Object Repository/Web RoomMe.id/Search Kost Menu/Button Additional")): Object: 'Object Repository/Web RoomMe.id/Search Kost Menu/Button Additional' is clicked on

2020-03-13 21:16:00 - [MESSAGE][PASSED] - Object: 'Object Repository/Web RoomMe.id/Search Kost Menu/Button Additional' is clicked on

2020-03-13 21:16:00 - [TEST_STEP][PASSED] - click(findTestObject("Object Repository/Web RoomMe.id/Search Kost Menu/Button 1 Day")): Object: 'Object Repository/Web RoomMe.id/Search Kost Menu/Button 1 Day' is clicked on

2020-03-13 21:16:00 - [MESSAGE][PASSED] - Object: 'Object Repository/Web RoomMe.id/Search Kost Menu/Button 1 Day' is clicked on

2020-03-13 21:16:00 - [TEST_STEP][PASSED] - click(findTestObject("Object Repository/Web RoomMe.id/Search Kost Menu/Button Search")): Object: 'Object Repository/Web RoomMe.id/Search Kost Menu/Button Search' is clicked on

2020-03-13 21:16:02 - [MESSAGE][PASSED] - Object: 'Object Repository/Web RoomMe.id/Search Kost Menu/Button Search' is clicked on

2020-03-13 21:16:02 - [TEST_STEP][NOT_RUN] - verifyElementVisible(findTestObject("Web RoomMe.id/Search Result Menu/Field Facilities")): NOT_RUN: verifyElementVisible(findTestObject("Web RoomMe.id/Search Result Menu/Field Facilities"))

2020-03-13 21:16:02 - [MESSAGE][NOT_RUN] - NOT_RUN: verifyElementVisible(findTestObject("Web RoomMe.id/Search Result Menu/Field Facilities"))

2020-03-13 21:16:02 - [TEST_STEP][PASSED] - verifyElementVisible(findTestObject("Web RoomMe.id/Search Result Menu/Text Nama Kost")): Object 'Object Repository/Web RoomMe.id/Search Result Menu/Text Nama Kost' is visible

2020-03-13 21:16:03 - [MESSAGE][PASSED] - Object 'Object Repository/Web RoomMe.id/Search Result Menu/Text Nama Kost' is visible

2020-03-13 21:16:03 - [TEST_STEP][NOT_RUN] - verifyElementVisible(findTestObject("Web RoomMe.id/Search Result Menu/div_Submit_col-md-4 img-s")): NOT_RUN: verifyElementVisible(findTestObject("Web RoomMe.id/Search Result Menu/div_Submit_col-md-4 img-s"))

2020-03-13 21:16:03 - [MESSAGE][NOT_RUN] - NOT_RUN: verifyElementVisible(findTestObject("Web RoomMe.id/Search Result Menu/div_Submit_col-md-4 img-s"))

2020-03-13 21:16:03 - [TEST_STEP][NOT_RUN] - verifyElementVisible(findTestObject("Web RoomMe.id/Search Result Menu/div_Rp1400000")): NOT_RUN: verifyElementVisible(findTestObject("Web RoomMe.id/Search Result Menu/div_Rp1400000"))

2020-03-13 21:16:03 - [MESSAGE][NOT_RUN] - NOT_RUN: verifyElementVisible(findTestObject("Web RoomMe.id/Search Result Menu/div_Rp1400000"))

2020-03-13 21:16:03 - [TEST_STEP][PASSED] - verifyElementVisible(findTestObject("Web RoomMe.id/Search Result Menu/Image Kost")): Object 'Object Repository/Web RoomMe.id/Search Result Menu/Image Kost' is visible

2020-03-13 21:16:04 - [MESSAGE][PASSED] - Object 'Object Repository/Web RoomMe.id/Search Result Menu/Image Kost' is visible]]></system-out>
         <system-err><![CDATA[]]></system-err>
      </testcase>
      <testcase name="Test Cases/Web RoomMe.id/Customer Select Kost" time="62.051" classname="Test Cases/Web RoomMe.id/Customer Select Kost" status="PASSED">
         <system-out><![CDATA[2020-03-13 21:16:04 - [TEST_CASE][PASSED] - Test Cases/Web RoomMe.id/Customer Select Kost: Test Cases/Web RoomMe.id/Customer Select Kost

2020-03-13 21:16:04 - [TEST_STEP][PASSED] - callTestCase(findTestCase("Web RoomMe.id/Customer Search For Kost"), [:], STOP_ON_FAILURE): Call Test Case 'Test Cases/Web RoomMe.id/Customer Search For Kost' successfully

2020-03-13 21:16:04 - [TEST_CASE][PASSED] - Test Cases/Web RoomMe.id/Customer Search For Kost: Test Cases/Web RoomMe.id/Customer Search For Kost

2020-03-13 21:16:04 - [TEST_STEP][PASSED] - callTestCase(findTestCase("Web RoomMe.id/Customer Login"), [:], STOP_ON_FAILURE): Call Test Case 'Test Cases/Web RoomMe.id/Customer Login' successfully

2020-03-13 21:16:04 - [TEST_CASE][PASSED] - Test Cases/Web RoomMe.id/Customer Login: Test Cases/Web RoomMe.id/Customer Login

2020-03-13 21:16:04 - [TEST_STEP][PASSED] - callTestCase(findTestCase("Web RoomMe.id/Customer Access RoomMe Page"), [:], STOP_ON_FAILURE): Call Test Case 'Test Cases/Web RoomMe.id/Customer Access RoomMe Page' successfully

2020-03-13 21:16:04 - [TEST_CASE][PASSED] - Test Cases/Web RoomMe.id/Customer Access RoomMe Page: Test Cases/Web RoomMe.id/Customer Access RoomMe Page

2020-03-13 21:16:04 - [TEST_STEP][PASSED] - openBrowser(""): Browser is opened with url: ''

2020-03-13 21:16:04 - [MESSAGE][WARNING] - A browser is already opened. Closing browser and opening a new one

2020-03-13 21:16:05 - [MESSAGE][INFO] - Starting 'Chrome' driver

2020-03-13 21:16:10 - [MESSAGE][PASSED] - Browser is opened with url: ''

2020-03-13 21:16:10 - [TEST_STEP][PASSED] - navigateToUrl("https://web.roomme.id/"): Navigate to 'https://web.roomme.id/' successfully

2020-03-13 21:16:37 - [MESSAGE][PASSED] - Navigate to 'https://web.roomme.id/' successfully

2020-03-13 21:16:37 - [TEST_STEP][PASSED] - maximizeWindow(): Current window maximized

2020-03-13 21:16:41 - [MESSAGE][PASSED] - Current window maximized

2020-03-13 21:16:41 - [MESSAGE][PASSED] - Call Test Case 'Test Cases/Web RoomMe.id/Customer Access RoomMe Page' successfully

2020-03-13 21:16:41 - [TEST_STEP][PASSED] - click(findTestObject("Web RoomMe.id/RoomMe.id Homepage/Button Sign In")): Object: 'Object Repository/Web RoomMe.id/RoomMe.id Homepage/Button Sign In' is clicked on

2020-03-13 21:16:46 - [MESSAGE][PASSED] - Object: 'Object Repository/Web RoomMe.id/RoomMe.id Homepage/Button Sign In' is clicked on

2020-03-13 21:16:46 - [TEST_STEP][PASSED] - verifyElementVisible(findTestObject("Web RoomMe.id/Sign In Menu/Textfield Email")): Object 'Object Repository/Web RoomMe.id/Sign In Menu/Textfield Email' is visible

2020-03-13 21:16:46 - [MESSAGE][PASSED] - Object 'Object Repository/Web RoomMe.id/Sign In Menu/Textfield Email' is visible

2020-03-13 21:16:46 - [TEST_STEP][PASSED] - verifyElementVisible(findTestObject("Web RoomMe.id/Sign In Menu/Textfield Password")): Object 'Object Repository/Web RoomMe.id/Sign In Menu/Textfield Password' is visible

2020-03-13 21:16:46 - [MESSAGE][PASSED] - Object 'Object Repository/Web RoomMe.id/Sign In Menu/Textfield Password' is visible

2020-03-13 21:16:46 - [TEST_STEP][PASSED] - verifyElementVisible(findTestObject("Web RoomMe.id/RoomMe.id Homepage/Button Sign In")): Object 'Object Repository/Web RoomMe.id/RoomMe.id Homepage/Button Sign In' is visible

2020-03-13 21:16:47 - [MESSAGE][PASSED] - Object 'Object Repository/Web RoomMe.id/RoomMe.id Homepage/Button Sign In' is visible

2020-03-13 21:16:47 - [TEST_STEP][PASSED] - verifyElementVisible(findTestObject("Web RoomMe.id/Sign In Menu/Button Forgot Password")): Object 'Object Repository/Web RoomMe.id/Sign In Menu/Button Forgot Password' is visible

2020-03-13 21:16:47 - [MESSAGE][PASSED] - Object 'Object Repository/Web RoomMe.id/Sign In Menu/Button Forgot Password' is visible

2020-03-13 21:16:47 - [TEST_STEP][PASSED] - setText(findTestObject("Web RoomMe.id/Sign In Menu/Textfield Email"), "faldinv68@gmail.com"): Text 'faldinv68@gmail.com' is set on object 'Object Repository/Web RoomMe.id/Sign In Menu/Textfield Email'

2020-03-13 21:16:47 - [MESSAGE][PASSED] - Text 'faldinv68@gmail.com' is set on object 'Object Repository/Web RoomMe.id/Sign In Menu/Textfield Email'

2020-03-13 21:16:47 - [TEST_STEP][PASSED] - setEncryptedText(findTestObject("Web RoomMe.id/Sign In Menu/Textfield Password"), "aeHFOx8jV/A="): Text ****** has been set on object 'Object Repository/Web RoomMe.id/Sign In Menu/Textfield Password'

2020-03-13 21:16:48 - [MESSAGE][PASSED] - Text ****** has been set on object 'Object Repository/Web RoomMe.id/Sign In Menu/Textfield Password'

2020-03-13 21:16:48 - [TEST_STEP][PASSED] - click(findTestObject("Web RoomMe.id/Sign In Menu/Button Sign In")): Object: 'Object Repository/Web RoomMe.id/Sign In Menu/Button Sign In' is clicked on

2020-03-13 21:16:49 - [MESSAGE][PASSED] - Object: 'Object Repository/Web RoomMe.id/Sign In Menu/Button Sign In' is clicked on

2020-03-13 21:16:49 - [TEST_STEP][PASSED] - verifyElementVisible(findTestObject("Web RoomMe.id/Sign In Menu/Button User Menu")): Object 'Object Repository/Web RoomMe.id/Sign In Menu/Button User Menu' is visible

2020-03-13 21:16:51 - [MESSAGE][PASSED] - Object 'Object Repository/Web RoomMe.id/Sign In Menu/Button User Menu' is visible

2020-03-13 21:16:51 - [TEST_STEP][PASSED] - takeScreenshot("Evidence/Login.png"): Taking screenshot successfully

2020-03-13 21:16:52 - [MESSAGE][PASSED] - Taking screenshot successfully
[[ATTACHMENT|C:\\Users\\Faldi\\Katalon Studio\\RoomMe\\Reports\\20200313_211453\\Web RoomMe.id\\Customer Booking Kost Using Virtual Account\\20200313_211453\\Evidence/Login.png]]

2020-03-13 21:16:52 - [MESSAGE][PASSED] - Call Test Case 'Test Cases/Web RoomMe.id/Customer Login' successfully

2020-03-13 21:16:52 - [TEST_STEP][PASSED] - setText(findTestObject("Object Repository/Web RoomMe.id/Search Kost Menu/input"), "tebet"): Text 'tebet' is set on object 'Object Repository/Web RoomMe.id/Search Kost Menu/input'

2020-03-13 21:16:53 - [MESSAGE][PASSED] - Text 'tebet' is set on object 'Object Repository/Web RoomMe.id/Search Kost Menu/input'

2020-03-13 21:16:53 - [TEST_STEP][PASSED] - click(findTestObject("Web RoomMe.id/RoomMe.id Homepage/Text Suggestion Location (Tebet)")): Object: 'Object Repository/Web RoomMe.id/RoomMe.id Homepage/Text Suggestion Location (Tebet)' is clicked on

2020-03-13 21:16:53 - [MESSAGE][PASSED] - Object: 'Object Repository/Web RoomMe.id/RoomMe.id Homepage/Text Suggestion Location (Tebet)' is clicked on

2020-03-13 21:16:53 - [TEST_STEP][PASSED] - click(findTestObject("Object Repository/Web RoomMe.id/Search Kost Menu/Datepicker")): Object: 'Object Repository/Web RoomMe.id/Search Kost Menu/Datepicker' is clicked on

2020-03-13 21:16:54 - [MESSAGE][PASSED] - Object: 'Object Repository/Web RoomMe.id/Search Kost Menu/Datepicker' is clicked on

2020-03-13 21:16:54 - [TEST_STEP][PASSED] - click(findTestObject("Object Repository/Web RoomMe.id/Search Kost Menu/Day Pick")): Object: 'Object Repository/Web RoomMe.id/Search Kost Menu/Day Pick' is clicked on

2020-03-13 21:16:54 - [MESSAGE][PASSED] - Object: 'Object Repository/Web RoomMe.id/Search Kost Menu/Day Pick' is clicked on

2020-03-13 21:16:54 - [TEST_STEP][PASSED] - click(findTestObject("Object Repository/Web RoomMe.id/Search Kost Menu/Button Duration")): Object: 'Object Repository/Web RoomMe.id/Search Kost Menu/Button Duration' is clicked on

2020-03-13 21:16:55 - [MESSAGE][PASSED] - Object: 'Object Repository/Web RoomMe.id/Search Kost Menu/Button Duration' is clicked on

2020-03-13 21:16:55 - [TEST_STEP][PASSED] - click(findTestObject("Object Repository/Web RoomMe.id/Search Kost Menu/Button 1 Month")): Object: 'Object Repository/Web RoomMe.id/Search Kost Menu/Button 1 Month' is clicked on

2020-03-13 21:16:56 - [MESSAGE][PASSED] - Object: 'Object Repository/Web RoomMe.id/Search Kost Menu/Button 1 Month' is clicked on

2020-03-13 21:16:56 - [TEST_STEP][PASSED] - click(findTestObject("Object Repository/Web RoomMe.id/Search Kost Menu/Button Additional")): Object: 'Object Repository/Web RoomMe.id/Search Kost Menu/Button Additional' is clicked on

2020-03-13 21:16:57 - [MESSAGE][PASSED] - Object: 'Object Repository/Web RoomMe.id/Search Kost Menu/Button Additional' is clicked on

2020-03-13 21:16:57 - [TEST_STEP][PASSED] - click(findTestObject("Object Repository/Web RoomMe.id/Search Kost Menu/Button 1 Day")): Object: 'Object Repository/Web RoomMe.id/Search Kost Menu/Button 1 Day' is clicked on

2020-03-13 21:16:57 - [MESSAGE][PASSED] - Object: 'Object Repository/Web RoomMe.id/Search Kost Menu/Button 1 Day' is clicked on

2020-03-13 21:16:57 - [TEST_STEP][PASSED] - click(findTestObject("Object Repository/Web RoomMe.id/Search Kost Menu/Button Search")): Object: 'Object Repository/Web RoomMe.id/Search Kost Menu/Button Search' is clicked on

2020-03-13 21:16:58 - [MESSAGE][PASSED] - Object: 'Object Repository/Web RoomMe.id/Search Kost Menu/Button Search' is clicked on

2020-03-13 21:16:58 - [TEST_STEP][NOT_RUN] - verifyElementVisible(findTestObject("Web RoomMe.id/Search Result Menu/Field Facilities")): NOT_RUN: verifyElementVisible(findTestObject("Web RoomMe.id/Search Result Menu/Field Facilities"))

2020-03-13 21:16:58 - [MESSAGE][NOT_RUN] - NOT_RUN: verifyElementVisible(findTestObject("Web RoomMe.id/Search Result Menu/Field Facilities"))

2020-03-13 21:16:58 - [TEST_STEP][PASSED] - verifyElementVisible(findTestObject("Web RoomMe.id/Search Result Menu/Text Nama Kost")): Object 'Object Repository/Web RoomMe.id/Search Result Menu/Text Nama Kost' is visible

2020-03-13 21:16:59 - [MESSAGE][PASSED] - Object 'Object Repository/Web RoomMe.id/Search Result Menu/Text Nama Kost' is visible

2020-03-13 21:16:59 - [TEST_STEP][NOT_RUN] - verifyElementVisible(findTestObject("Web RoomMe.id/Search Result Menu/div_Submit_col-md-4 img-s")): NOT_RUN: verifyElementVisible(findTestObject("Web RoomMe.id/Search Result Menu/div_Submit_col-md-4 img-s"))

2020-03-13 21:16:59 - [MESSAGE][NOT_RUN] - NOT_RUN: verifyElementVisible(findTestObject("Web RoomMe.id/Search Result Menu/div_Submit_col-md-4 img-s"))

2020-03-13 21:16:59 - [TEST_STEP][NOT_RUN] - verifyElementVisible(findTestObject("Web RoomMe.id/Search Result Menu/div_Rp1400000")): NOT_RUN: verifyElementVisible(findTestObject("Web RoomMe.id/Search Result Menu/div_Rp1400000"))

2020-03-13 21:16:59 - [MESSAGE][NOT_RUN] - NOT_RUN: verifyElementVisible(findTestObject("Web RoomMe.id/Search Result Menu/div_Rp1400000"))

2020-03-13 21:16:59 - [TEST_STEP][PASSED] - verifyElementVisible(findTestObject("Web RoomMe.id/Search Result Menu/Image Kost")): Object 'Object Repository/Web RoomMe.id/Search Result Menu/Image Kost' is visible

2020-03-13 21:16:59 - [MESSAGE][PASSED] - Object 'Object Repository/Web RoomMe.id/Search Result Menu/Image Kost' is visible

2020-03-13 21:16:59 - [MESSAGE][PASSED] - Call Test Case 'Test Cases/Web RoomMe.id/Customer Search For Kost' successfully

2020-03-13 21:16:59 - [TEST_STEP][PASSED] - click(findTestObject("Web RoomMe.id/Search Result Menu/Image Kost")): Object: 'Object Repository/Web RoomMe.id/Search Result Menu/Image Kost' is clicked on

2020-03-13 21:17:00 - [MESSAGE][PASSED] - Object: 'Object Repository/Web RoomMe.id/Search Result Menu/Image Kost' is clicked on

2020-03-13 21:17:00 - [TEST_STEP][NOT_RUN] - verifyElementVisible(findTestObject("Web RoomMe.id/RoomMe.id Kost Detail/Image Primary Photo")): NOT_RUN: verifyElementVisible(findTestObject("Web RoomMe.id/RoomMe.id Kost Detail/Image Primary Photo"))

2020-03-13 21:17:00 - [MESSAGE][NOT_RUN] - NOT_RUN: verifyElementVisible(findTestObject("Web RoomMe.id/RoomMe.id Kost Detail/Image Primary Photo"))

2020-03-13 21:17:00 - [TEST_STEP][PASSED] - verifyElementVisible(findTestObject("Web RoomMe.id/RoomMe.id Kost Detail/Image Second Photo")): Object 'Object Repository/Web RoomMe.id/RoomMe.id Kost Detail/Image Second Photo' is visible

2020-03-13 21:17:03 - [MESSAGE][PASSED] - Object 'Object Repository/Web RoomMe.id/RoomMe.id Kost Detail/Image Second Photo' is visible

2020-03-13 21:17:03 - [TEST_STEP][PASSED] - verifyElementVisible(findTestObject("Web RoomMe.id/RoomMe.id Kost Detail/Text Nama Kost")): Object 'Object Repository/Web RoomMe.id/RoomMe.id Kost Detail/Text Nama Kost' is visible

2020-03-13 21:17:03 - [MESSAGE][PASSED] - Object 'Object Repository/Web RoomMe.id/RoomMe.id Kost Detail/Text Nama Kost' is visible

2020-03-13 21:17:03 - [TEST_STEP][PASSED] - kostname = getText(findTestObject("Web RoomMe.id/Search Result Menu/Text Nama Kost")): Text of object 'Object Repository/Web RoomMe.id/Search Result Menu/Text Nama Kost' is: ''

2020-03-13 21:17:03 - [MESSAGE][PASSED] - Text of object 'Object Repository/Web RoomMe.id/Search Result Menu/Text Nama Kost' is: ''

2020-03-13 21:17:03 - [TEST_STEP][NOT_RUN] - verifyElementText(findTestObject("Web RoomMe.id/RoomMe.id Kost Detail/Text Nama Kost"), kostname, STOP_ON_FAILURE): NOT_RUN: verifyElementText(findTestObject("Web RoomMe.id/RoomMe.id Kost Detail/Text Nama Kost"), kostname, STOP_ON_FAILURE)

2020-03-13 21:17:03 - [MESSAGE][NOT_RUN] - NOT_RUN: verifyElementText(findTestObject("Web RoomMe.id/RoomMe.id Kost Detail/Text Nama Kost"), kostname, STOP_ON_FAILURE)

2020-03-13 21:17:03 - [TEST_STEP][PASSED] - verifyElementVisible(findTestObject("Web RoomMe.id/RoomMe.id Kost Detail/Button Read More")): Object 'Object Repository/Web RoomMe.id/RoomMe.id Kost Detail/Button Read More' is visible

2020-03-13 21:17:04 - [MESSAGE][PASSED] - Object 'Object Repository/Web RoomMe.id/RoomMe.id Kost Detail/Button Read More' is visible

2020-03-13 21:17:04 - [TEST_STEP][PASSED] - verifyElementVisible(findTestObject("Web RoomMe.id/RoomMe.id Kost Detail/Button See Map")): Object 'Object Repository/Web RoomMe.id/RoomMe.id Kost Detail/Button See Map' is visible

2020-03-13 21:17:04 - [MESSAGE][PASSED] - Object 'Object Repository/Web RoomMe.id/RoomMe.id Kost Detail/Button See Map' is visible

2020-03-13 21:17:04 - [TEST_STEP][PASSED] - verifyElementVisible(findTestObject("Web RoomMe.id/RoomMe.id Kost Detail/Button Map")): Object 'Object Repository/Web RoomMe.id/RoomMe.id Kost Detail/Button Map' is visible

2020-03-13 21:17:05 - [MESSAGE][PASSED] - Object 'Object Repository/Web RoomMe.id/RoomMe.id Kost Detail/Button Map' is visible

2020-03-13 21:17:05 - [TEST_STEP][NOT_RUN] - verifyElementVisible(findTestObject("Web RoomMe.id/RoomMe.id Kost Detail/Field Building Facilities")): NOT_RUN: verifyElementVisible(findTestObject("Web RoomMe.id/RoomMe.id Kost Detail/Field Building Facilities"))

2020-03-13 21:17:05 - [MESSAGE][NOT_RUN] - NOT_RUN: verifyElementVisible(findTestObject("Web RoomMe.id/RoomMe.id Kost Detail/Field Building Facilities"))

2020-03-13 21:17:05 - [TEST_STEP][PASSED] - verifyElementVisible(findTestObject("Web RoomMe.id/RoomMe.id Kost Detail/Field Room Details")): Object 'Object Repository/Web RoomMe.id/RoomMe.id Kost Detail/Field Room Details' is visible

2020-03-13 21:17:05 - [MESSAGE][PASSED] - Object 'Object Repository/Web RoomMe.id/RoomMe.id Kost Detail/Field Room Details' is visible

2020-03-13 21:17:05 - [TEST_STEP][NOT_RUN] - verifyElementVisible(findTestObject("Web RoomMe.id/RoomMe.id Kost Detail/Field Booking Summary")): NOT_RUN: verifyElementVisible(findTestObject("Web RoomMe.id/RoomMe.id Kost Detail/Field Booking Summary"))

2020-03-13 21:17:05 - [MESSAGE][NOT_RUN] - NOT_RUN: verifyElementVisible(findTestObject("Web RoomMe.id/RoomMe.id Kost Detail/Field Booking Summary"))

2020-03-13 21:17:05 - [TEST_STEP][NOT_RUN] - verifyElementVisible(findTestObject("Web RoomMe.id/RoomMe.id Kost Detail/Field Reccomend Kost Nearby")): NOT_RUN: verifyElementVisible(findTestObject("Web RoomMe.id/RoomMe.id Kost Detail/Field Reccomend Kost Nearby"))

2020-03-13 21:17:05 - [MESSAGE][NOT_RUN] - NOT_RUN: verifyElementVisible(findTestObject("Web RoomMe.id/RoomMe.id Kost Detail/Field Reccomend Kost Nearby"))

2020-03-13 21:17:05 - [TEST_STEP][NOT_RUN] - verifyElementVisible(findTestObject("Web RoomMe.id/RoomMe.id Kost Detail/Button Select")): NOT_RUN: verifyElementVisible(findTestObject("Web RoomMe.id/RoomMe.id Kost Detail/Button Select"))

2020-03-13 21:17:05 - [MESSAGE][NOT_RUN] - NOT_RUN: verifyElementVisible(findTestObject("Web RoomMe.id/RoomMe.id Kost Detail/Button Select"))

2020-03-13 21:17:05 - [TEST_STEP][PASSED] - verifyElementVisible(findTestObject("Web RoomMe.id/RoomMe.id Kost Detail/Button Booking Summary")): Object 'Object Repository/Web RoomMe.id/RoomMe.id Kost Detail/Button Booking Summary' is visible

2020-03-13 21:17:05 - [MESSAGE][PASSED] - Object 'Object Repository/Web RoomMe.id/RoomMe.id Kost Detail/Button Booking Summary' is visible

2020-03-13 21:17:05 - [TEST_STEP][PASSED] - verifyElementVisible(findTestObject("Web RoomMe.id/RoomMe.id Kost Detail/Button Schedule Free Visit")): Object 'Object Repository/Web RoomMe.id/RoomMe.id Kost Detail/Button Schedule Free Visit' is visible

2020-03-13 21:17:06 - [MESSAGE][PASSED] - Object 'Object Repository/Web RoomMe.id/RoomMe.id Kost Detail/Button Schedule Free Visit' is visible]]></system-out>
         <system-err><![CDATA[]]></system-err>
      </testcase>
      <testcase name="Test Cases/Web RoomMe.id/Customer Select Kamar" time="47.022" classname="Test Cases/Web RoomMe.id/Customer Select Kamar" status="PASSED">
         <system-out><![CDATA[2020-03-13 21:17:06 - [TEST_CASE][PASSED] - Test Cases/Web RoomMe.id/Customer Select Kamar: Test Cases/Web RoomMe.id/Customer Select Kamar

2020-03-13 21:17:06 - [TEST_STEP][PASSED] - callTestCase(findTestCase("Web RoomMe.id/Customer Select Kost"), [:], STOP_ON_FAILURE): Call Test Case 'Test Cases/Web RoomMe.id/Customer Select Kost' successfully

2020-03-13 21:17:06 - [TEST_CASE][PASSED] - Test Cases/Web RoomMe.id/Customer Select Kost: Test Cases/Web RoomMe.id/Customer Select Kost

2020-03-13 21:17:06 - [TEST_STEP][PASSED] - callTestCase(findTestCase("Web RoomMe.id/Customer Search For Kost"), [:], STOP_ON_FAILURE): Call Test Case 'Test Cases/Web RoomMe.id/Customer Search For Kost' successfully

2020-03-13 21:17:06 - [TEST_CASE][PASSED] - Test Cases/Web RoomMe.id/Customer Search For Kost: Test Cases/Web RoomMe.id/Customer Search For Kost

2020-03-13 21:17:06 - [TEST_STEP][PASSED] - callTestCase(findTestCase("Web RoomMe.id/Customer Login"), [:], STOP_ON_FAILURE): Call Test Case 'Test Cases/Web RoomMe.id/Customer Login' successfully

2020-03-13 21:17:06 - [TEST_CASE][PASSED] - Test Cases/Web RoomMe.id/Customer Login: Test Cases/Web RoomMe.id/Customer Login

2020-03-13 21:17:06 - [TEST_STEP][PASSED] - callTestCase(findTestCase("Web RoomMe.id/Customer Access RoomMe Page"), [:], STOP_ON_FAILURE): Call Test Case 'Test Cases/Web RoomMe.id/Customer Access RoomMe Page' successfully

2020-03-13 21:17:06 - [TEST_CASE][PASSED] - Test Cases/Web RoomMe.id/Customer Access RoomMe Page: Test Cases/Web RoomMe.id/Customer Access RoomMe Page

2020-03-13 21:17:06 - [TEST_STEP][PASSED] - openBrowser(""): Browser is opened with url: ''

2020-03-13 21:17:06 - [MESSAGE][WARNING] - A browser is already opened. Closing browser and opening a new one

2020-03-13 21:17:07 - [MESSAGE][INFO] - Starting 'Chrome' driver

2020-03-13 21:17:12 - [MESSAGE][PASSED] - Browser is opened with url: ''

2020-03-13 21:17:12 - [TEST_STEP][PASSED] - navigateToUrl("https://web.roomme.id/"): Navigate to 'https://web.roomme.id/' successfully

2020-03-13 21:17:27 - [MESSAGE][PASSED] - Navigate to 'https://web.roomme.id/' successfully

2020-03-13 21:17:27 - [TEST_STEP][PASSED] - maximizeWindow(): Current window maximized

2020-03-13 21:17:31 - [MESSAGE][PASSED] - Current window maximized

2020-03-13 21:17:31 - [MESSAGE][PASSED] - Call Test Case 'Test Cases/Web RoomMe.id/Customer Access RoomMe Page' successfully

2020-03-13 21:17:31 - [TEST_STEP][PASSED] - click(findTestObject("Web RoomMe.id/RoomMe.id Homepage/Button Sign In")): Object: 'Object Repository/Web RoomMe.id/RoomMe.id Homepage/Button Sign In' is clicked on

2020-03-13 21:17:31 - [MESSAGE][PASSED] - Object: 'Object Repository/Web RoomMe.id/RoomMe.id Homepage/Button Sign In' is clicked on

2020-03-13 21:17:31 - [TEST_STEP][PASSED] - verifyElementVisible(findTestObject("Web RoomMe.id/Sign In Menu/Textfield Email")): Object 'Object Repository/Web RoomMe.id/Sign In Menu/Textfield Email' is visible

2020-03-13 21:17:32 - [MESSAGE][PASSED] - Object 'Object Repository/Web RoomMe.id/Sign In Menu/Textfield Email' is visible

2020-03-13 21:17:32 - [TEST_STEP][PASSED] - verifyElementVisible(findTestObject("Web RoomMe.id/Sign In Menu/Textfield Password")): Object 'Object Repository/Web RoomMe.id/Sign In Menu/Textfield Password' is visible

2020-03-13 21:17:32 - [MESSAGE][PASSED] - Object 'Object Repository/Web RoomMe.id/Sign In Menu/Textfield Password' is visible

2020-03-13 21:17:32 - [TEST_STEP][PASSED] - verifyElementVisible(findTestObject("Web RoomMe.id/RoomMe.id Homepage/Button Sign In")): Object 'Object Repository/Web RoomMe.id/RoomMe.id Homepage/Button Sign In' is visible

2020-03-13 21:17:33 - [MESSAGE][PASSED] - Object 'Object Repository/Web RoomMe.id/RoomMe.id Homepage/Button Sign In' is visible

2020-03-13 21:17:33 - [TEST_STEP][PASSED] - verifyElementVisible(findTestObject("Web RoomMe.id/Sign In Menu/Button Forgot Password")): Object 'Object Repository/Web RoomMe.id/Sign In Menu/Button Forgot Password' is visible

2020-03-13 21:17:33 - [MESSAGE][PASSED] - Object 'Object Repository/Web RoomMe.id/Sign In Menu/Button Forgot Password' is visible

2020-03-13 21:17:33 - [TEST_STEP][PASSED] - setText(findTestObject("Web RoomMe.id/Sign In Menu/Textfield Email"), "faldinv68@gmail.com"): Text 'faldinv68@gmail.com' is set on object 'Object Repository/Web RoomMe.id/Sign In Menu/Textfield Email'

2020-03-13 21:17:33 - [MESSAGE][PASSED] - Text 'faldinv68@gmail.com' is set on object 'Object Repository/Web RoomMe.id/Sign In Menu/Textfield Email'

2020-03-13 21:17:33 - [TEST_STEP][PASSED] - setEncryptedText(findTestObject("Web RoomMe.id/Sign In Menu/Textfield Password"), "aeHFOx8jV/A="): Text ****** has been set on object 'Object Repository/Web RoomMe.id/Sign In Menu/Textfield Password'

2020-03-13 21:17:34 - [MESSAGE][PASSED] - Text ****** has been set on object 'Object Repository/Web RoomMe.id/Sign In Menu/Textfield Password'

2020-03-13 21:17:34 - [TEST_STEP][PASSED] - click(findTestObject("Web RoomMe.id/Sign In Menu/Button Sign In")): Object: 'Object Repository/Web RoomMe.id/Sign In Menu/Button Sign In' is clicked on

2020-03-13 21:17:35 - [MESSAGE][PASSED] - Object: 'Object Repository/Web RoomMe.id/Sign In Menu/Button Sign In' is clicked on

2020-03-13 21:17:35 - [TEST_STEP][PASSED] - verifyElementVisible(findTestObject("Web RoomMe.id/Sign In Menu/Button User Menu")): Object 'Object Repository/Web RoomMe.id/Sign In Menu/Button User Menu' is visible

2020-03-13 21:17:38 - [MESSAGE][PASSED] - Object 'Object Repository/Web RoomMe.id/Sign In Menu/Button User Menu' is visible

2020-03-13 21:17:38 - [TEST_STEP][PASSED] - takeScreenshot("Evidence/Login.png"): Taking screenshot successfully

2020-03-13 21:17:39 - [MESSAGE][PASSED] - Taking screenshot successfully
[[ATTACHMENT|C:\\Users\\Faldi\\Katalon Studio\\RoomMe\\Reports\\20200313_211453\\Web RoomMe.id\\Customer Booking Kost Using Virtual Account\\20200313_211453\\Evidence/Login.png]]

2020-03-13 21:17:39 - [MESSAGE][PASSED] - Call Test Case 'Test Cases/Web RoomMe.id/Customer Login' successfully

2020-03-13 21:17:39 - [TEST_STEP][PASSED] - setText(findTestObject("Object Repository/Web RoomMe.id/Search Kost Menu/input"), "tebet"): Text 'tebet' is set on object 'Object Repository/Web RoomMe.id/Search Kost Menu/input'

2020-03-13 21:17:39 - [MESSAGE][PASSED] - Text 'tebet' is set on object 'Object Repository/Web RoomMe.id/Search Kost Menu/input'

2020-03-13 21:17:39 - [TEST_STEP][PASSED] - click(findTestObject("Web RoomMe.id/RoomMe.id Homepage/Text Suggestion Location (Tebet)")): Object: 'Object Repository/Web RoomMe.id/RoomMe.id Homepage/Text Suggestion Location (Tebet)' is clicked on

2020-03-13 21:17:40 - [MESSAGE][PASSED] - Object: 'Object Repository/Web RoomMe.id/RoomMe.id Homepage/Text Suggestion Location (Tebet)' is clicked on

2020-03-13 21:17:40 - [TEST_STEP][PASSED] - click(findTestObject("Object Repository/Web RoomMe.id/Search Kost Menu/Datepicker")): Object: 'Object Repository/Web RoomMe.id/Search Kost Menu/Datepicker' is clicked on

2020-03-13 21:17:40 - [MESSAGE][PASSED] - Object: 'Object Repository/Web RoomMe.id/Search Kost Menu/Datepicker' is clicked on

2020-03-13 21:17:40 - [TEST_STEP][PASSED] - click(findTestObject("Object Repository/Web RoomMe.id/Search Kost Menu/Day Pick")): Object: 'Object Repository/Web RoomMe.id/Search Kost Menu/Day Pick' is clicked on

2020-03-13 21:17:41 - [MESSAGE][PASSED] - Object: 'Object Repository/Web RoomMe.id/Search Kost Menu/Day Pick' is clicked on

2020-03-13 21:17:41 - [TEST_STEP][PASSED] - click(findTestObject("Object Repository/Web RoomMe.id/Search Kost Menu/Button Duration")): Object: 'Object Repository/Web RoomMe.id/Search Kost Menu/Button Duration' is clicked on

2020-03-13 21:17:42 - [MESSAGE][PASSED] - Object: 'Object Repository/Web RoomMe.id/Search Kost Menu/Button Duration' is clicked on

2020-03-13 21:17:42 - [TEST_STEP][PASSED] - click(findTestObject("Object Repository/Web RoomMe.id/Search Kost Menu/Button 1 Month")): Object: 'Object Repository/Web RoomMe.id/Search Kost Menu/Button 1 Month' is clicked on

2020-03-13 21:17:42 - [MESSAGE][PASSED] - Object: 'Object Repository/Web RoomMe.id/Search Kost Menu/Button 1 Month' is clicked on

2020-03-13 21:17:42 - [TEST_STEP][PASSED] - click(findTestObject("Object Repository/Web RoomMe.id/Search Kost Menu/Button Additional")): Object: 'Object Repository/Web RoomMe.id/Search Kost Menu/Button Additional' is clicked on

2020-03-13 21:17:43 - [MESSAGE][PASSED] - Object: 'Object Repository/Web RoomMe.id/Search Kost Menu/Button Additional' is clicked on

2020-03-13 21:17:43 - [TEST_STEP][PASSED] - click(findTestObject("Object Repository/Web RoomMe.id/Search Kost Menu/Button 1 Day")): Object: 'Object Repository/Web RoomMe.id/Search Kost Menu/Button 1 Day' is clicked on

2020-03-13 21:17:43 - [MESSAGE][PASSED] - Object: 'Object Repository/Web RoomMe.id/Search Kost Menu/Button 1 Day' is clicked on

2020-03-13 21:17:43 - [TEST_STEP][PASSED] - click(findTestObject("Object Repository/Web RoomMe.id/Search Kost Menu/Button Search")): Object: 'Object Repository/Web RoomMe.id/Search Kost Menu/Button Search' is clicked on

2020-03-13 21:17:45 - [MESSAGE][PASSED] - Object: 'Object Repository/Web RoomMe.id/Search Kost Menu/Button Search' is clicked on

2020-03-13 21:17:45 - [TEST_STEP][NOT_RUN] - verifyElementVisible(findTestObject("Web RoomMe.id/Search Result Menu/Field Facilities")): NOT_RUN: verifyElementVisible(findTestObject("Web RoomMe.id/Search Result Menu/Field Facilities"))

2020-03-13 21:17:45 - [MESSAGE][NOT_RUN] - NOT_RUN: verifyElementVisible(findTestObject("Web RoomMe.id/Search Result Menu/Field Facilities"))

2020-03-13 21:17:45 - [TEST_STEP][PASSED] - verifyElementVisible(findTestObject("Web RoomMe.id/Search Result Menu/Text Nama Kost")): Object 'Object Repository/Web RoomMe.id/Search Result Menu/Text Nama Kost' is visible

2020-03-13 21:17:45 - [MESSAGE][PASSED] - Object 'Object Repository/Web RoomMe.id/Search Result Menu/Text Nama Kost' is visible

2020-03-13 21:17:45 - [TEST_STEP][NOT_RUN] - verifyElementVisible(findTestObject("Web RoomMe.id/Search Result Menu/div_Submit_col-md-4 img-s")): NOT_RUN: verifyElementVisible(findTestObject("Web RoomMe.id/Search Result Menu/div_Submit_col-md-4 img-s"))

2020-03-13 21:17:45 - [MESSAGE][NOT_RUN] - NOT_RUN: verifyElementVisible(findTestObject("Web RoomMe.id/Search Result Menu/div_Submit_col-md-4 img-s"))

2020-03-13 21:17:45 - [TEST_STEP][NOT_RUN] - verifyElementVisible(findTestObject("Web RoomMe.id/Search Result Menu/div_Rp1400000")): NOT_RUN: verifyElementVisible(findTestObject("Web RoomMe.id/Search Result Menu/div_Rp1400000"))

2020-03-13 21:17:45 - [MESSAGE][NOT_RUN] - NOT_RUN: verifyElementVisible(findTestObject("Web RoomMe.id/Search Result Menu/div_Rp1400000"))

2020-03-13 21:17:45 - [TEST_STEP][PASSED] - verifyElementVisible(findTestObject("Web RoomMe.id/Search Result Menu/Image Kost")): Object 'Object Repository/Web RoomMe.id/Search Result Menu/Image Kost' is visible

2020-03-13 21:17:46 - [MESSAGE][PASSED] - Object 'Object Repository/Web RoomMe.id/Search Result Menu/Image Kost' is visible

2020-03-13 21:17:46 - [MESSAGE][PASSED] - Call Test Case 'Test Cases/Web RoomMe.id/Customer Search For Kost' successfully

2020-03-13 21:17:46 - [TEST_STEP][PASSED] - click(findTestObject("Web RoomMe.id/Search Result Menu/Image Kost")): Object: 'Object Repository/Web RoomMe.id/Search Result Menu/Image Kost' is clicked on

2020-03-13 21:17:46 - [MESSAGE][PASSED] - Object: 'Object Repository/Web RoomMe.id/Search Result Menu/Image Kost' is clicked on

2020-03-13 21:17:46 - [TEST_STEP][NOT_RUN] - verifyElementVisible(findTestObject("Web RoomMe.id/RoomMe.id Kost Detail/Image Primary Photo")): NOT_RUN: verifyElementVisible(findTestObject("Web RoomMe.id/RoomMe.id Kost Detail/Image Primary Photo"))

2020-03-13 21:17:46 - [MESSAGE][NOT_RUN] - NOT_RUN: verifyElementVisible(findTestObject("Web RoomMe.id/RoomMe.id Kost Detail/Image Primary Photo"))

2020-03-13 21:17:46 - [TEST_STEP][PASSED] - verifyElementVisible(findTestObject("Web RoomMe.id/RoomMe.id Kost Detail/Image Second Photo")): Object 'Object Repository/Web RoomMe.id/RoomMe.id Kost Detail/Image Second Photo' is visible

2020-03-13 21:17:47 - [MESSAGE][PASSED] - Object 'Object Repository/Web RoomMe.id/RoomMe.id Kost Detail/Image Second Photo' is visible

2020-03-13 21:17:47 - [TEST_STEP][PASSED] - verifyElementVisible(findTestObject("Web RoomMe.id/RoomMe.id Kost Detail/Text Nama Kost")): Object 'Object Repository/Web RoomMe.id/RoomMe.id Kost Detail/Text Nama Kost' is visible

2020-03-13 21:17:50 - [MESSAGE][PASSED] - Object 'Object Repository/Web RoomMe.id/RoomMe.id Kost Detail/Text Nama Kost' is visible

2020-03-13 21:17:50 - [TEST_STEP][PASSED] - kostname = getText(findTestObject("Web RoomMe.id/Search Result Menu/Text Nama Kost")): Text of object 'Object Repository/Web RoomMe.id/Search Result Menu/Text Nama Kost' is: ''

2020-03-13 21:17:50 - [MESSAGE][PASSED] - Text of object 'Object Repository/Web RoomMe.id/Search Result Menu/Text Nama Kost' is: ''

2020-03-13 21:17:50 - [TEST_STEP][NOT_RUN] - verifyElementText(findTestObject("Web RoomMe.id/RoomMe.id Kost Detail/Text Nama Kost"), kostname, STOP_ON_FAILURE): NOT_RUN: verifyElementText(findTestObject("Web RoomMe.id/RoomMe.id Kost Detail/Text Nama Kost"), kostname, STOP_ON_FAILURE)

2020-03-13 21:17:50 - [MESSAGE][NOT_RUN] - NOT_RUN: verifyElementText(findTestObject("Web RoomMe.id/RoomMe.id Kost Detail/Text Nama Kost"), kostname, STOP_ON_FAILURE)

2020-03-13 21:17:50 - [TEST_STEP][PASSED] - verifyElementVisible(findTestObject("Web RoomMe.id/RoomMe.id Kost Detail/Button Read More")): Object 'Object Repository/Web RoomMe.id/RoomMe.id Kost Detail/Button Read More' is visible

2020-03-13 21:17:51 - [MESSAGE][PASSED] - Object 'Object Repository/Web RoomMe.id/RoomMe.id Kost Detail/Button Read More' is visible

2020-03-13 21:17:51 - [TEST_STEP][PASSED] - verifyElementVisible(findTestObject("Web RoomMe.id/RoomMe.id Kost Detail/Button See Map")): Object 'Object Repository/Web RoomMe.id/RoomMe.id Kost Detail/Button See Map' is visible

2020-03-13 21:17:51 - [MESSAGE][PASSED] - Object 'Object Repository/Web RoomMe.id/RoomMe.id Kost Detail/Button See Map' is visible

2020-03-13 21:17:51 - [TEST_STEP][PASSED] - verifyElementVisible(findTestObject("Web RoomMe.id/RoomMe.id Kost Detail/Button Map")): Object 'Object Repository/Web RoomMe.id/RoomMe.id Kost Detail/Button Map' is visible

2020-03-13 21:17:51 - [MESSAGE][PASSED] - Object 'Object Repository/Web RoomMe.id/RoomMe.id Kost Detail/Button Map' is visible

2020-03-13 21:17:51 - [TEST_STEP][NOT_RUN] - verifyElementVisible(findTestObject("Web RoomMe.id/RoomMe.id Kost Detail/Field Building Facilities")): NOT_RUN: verifyElementVisible(findTestObject("Web RoomMe.id/RoomMe.id Kost Detail/Field Building Facilities"))

2020-03-13 21:17:51 - [MESSAGE][NOT_RUN] - NOT_RUN: verifyElementVisible(findTestObject("Web RoomMe.id/RoomMe.id Kost Detail/Field Building Facilities"))

2020-03-13 21:17:51 - [TEST_STEP][PASSED] - verifyElementVisible(findTestObject("Web RoomMe.id/RoomMe.id Kost Detail/Field Room Details")): Object 'Object Repository/Web RoomMe.id/RoomMe.id Kost Detail/Field Room Details' is visible

2020-03-13 21:17:52 - [MESSAGE][PASSED] - Object 'Object Repository/Web RoomMe.id/RoomMe.id Kost Detail/Field Room Details' is visible

2020-03-13 21:17:52 - [TEST_STEP][NOT_RUN] - verifyElementVisible(findTestObject("Web RoomMe.id/RoomMe.id Kost Detail/Field Booking Summary")): NOT_RUN: verifyElementVisible(findTestObject("Web RoomMe.id/RoomMe.id Kost Detail/Field Booking Summary"))

2020-03-13 21:17:52 - [MESSAGE][NOT_RUN] - NOT_RUN: verifyElementVisible(findTestObject("Web RoomMe.id/RoomMe.id Kost Detail/Field Booking Summary"))

2020-03-13 21:17:52 - [TEST_STEP][NOT_RUN] - verifyElementVisible(findTestObject("Web RoomMe.id/RoomMe.id Kost Detail/Field Reccomend Kost Nearby")): NOT_RUN: verifyElementVisible(findTestObject("Web RoomMe.id/RoomMe.id Kost Detail/Field Reccomend Kost Nearby"))

2020-03-13 21:17:52 - [MESSAGE][NOT_RUN] - NOT_RUN: verifyElementVisible(findTestObject("Web RoomMe.id/RoomMe.id Kost Detail/Field Reccomend Kost Nearby"))

2020-03-13 21:17:52 - [TEST_STEP][NOT_RUN] - verifyElementVisible(findTestObject("Web RoomMe.id/RoomMe.id Kost Detail/Button Select")): NOT_RUN: verifyElementVisible(findTestObject("Web RoomMe.id/RoomMe.id Kost Detail/Button Select"))

2020-03-13 21:17:52 - [MESSAGE][NOT_RUN] - NOT_RUN: verifyElementVisible(findTestObject("Web RoomMe.id/RoomMe.id Kost Detail/Button Select"))

2020-03-13 21:17:52 - [TEST_STEP][PASSED] - verifyElementVisible(findTestObject("Web RoomMe.id/RoomMe.id Kost Detail/Button Booking Summary")): Object 'Object Repository/Web RoomMe.id/RoomMe.id Kost Detail/Button Booking Summary' is visible

2020-03-13 21:17:52 - [MESSAGE][PASSED] - Object 'Object Repository/Web RoomMe.id/RoomMe.id Kost Detail/Button Booking Summary' is visible

2020-03-13 21:17:52 - [TEST_STEP][PASSED] - verifyElementVisible(findTestObject("Web RoomMe.id/RoomMe.id Kost Detail/Button Schedule Free Visit")): Object 'Object Repository/Web RoomMe.id/RoomMe.id Kost Detail/Button Schedule Free Visit' is visible

2020-03-13 21:17:52 - [MESSAGE][PASSED] - Object 'Object Repository/Web RoomMe.id/RoomMe.id Kost Detail/Button Schedule Free Visit' is visible

2020-03-13 21:17:52 - [MESSAGE][PASSED] - Call Test Case 'Test Cases/Web RoomMe.id/Customer Select Kost' successfully

2020-03-13 21:17:52 - [TEST_STEP][PASSED] - click(findTestObject("Web RoomMe.id/RoomMe.id Kost Detail/Button Continue to Book")): Object: 'Object Repository/Web RoomMe.id/RoomMe.id Kost Detail/Button Continue to Book' is clicked on

2020-03-13 21:17:53 - [MESSAGE][PASSED] - Object: 'Object Repository/Web RoomMe.id/RoomMe.id Kost Detail/Button Continue to Book' is clicked on

2020-03-13 21:17:53 - [TEST_STEP][NOT_RUN] - verifyElementVisible(findTestObject("Web RoomMe.id/RoomMe.id Kost Detail/Button Continue to Book")): NOT_RUN: verifyElementVisible(findTestObject("Web RoomMe.id/RoomMe.id Kost Detail/Button Continue to Book"))

2020-03-13 21:17:53 - [MESSAGE][NOT_RUN] - NOT_RUN: verifyElementVisible(findTestObject("Web RoomMe.id/RoomMe.id Kost Detail/Button Continue to Book"))

2020-03-13 21:17:53 - [TEST_STEP][NOT_RUN] - if (verifyElementVisible(findTestObject("Web RoomMe.id/RoomMe.id Kost Detail/Button Selected Room"), STOP_ON_FAILURE)): NOT_RUN: if (verifyElementVisible(findTestObject("Web RoomMe.id/RoomMe.id Kost Detail/Button Selected Room"), STOP_ON_FAILURE))

2020-03-13 21:17:53 - [MESSAGE][NOT_RUN] - NOT_RUN: if (verifyElementVisible(findTestObject("Web RoomMe.id/RoomMe.id Kost Detail/Button Selected Room"), STOP_ON_FAILURE))]]></system-out>
         <system-err><![CDATA[]]></system-err>
      </testcase>
      <testcase name="Test Cases/Web RoomMe.id/Customer Continue To Book" time="50.441" classname="Test Cases/Web RoomMe.id/Customer Continue To Book" status="PASSED">
         <system-out><![CDATA[2020-03-13 21:17:53 - [TEST_CASE][PASSED] - Test Cases/Web RoomMe.id/Customer Continue To Book: Test Cases/Web RoomMe.id/Customer Continue To Book

2020-03-13 21:17:53 - [TEST_STEP][PASSED] - callTestCase(findTestCase("Web RoomMe.id/Customer Select Kamar"), [:], STOP_ON_FAILURE): Call Test Case 'Test Cases/Web RoomMe.id/Customer Select Kamar' successfully

2020-03-13 21:17:53 - [TEST_CASE][PASSED] - Test Cases/Web RoomMe.id/Customer Select Kamar: Test Cases/Web RoomMe.id/Customer Select Kamar

2020-03-13 21:17:53 - [TEST_STEP][PASSED] - callTestCase(findTestCase("Web RoomMe.id/Customer Select Kost"), [:], STOP_ON_FAILURE): Call Test Case 'Test Cases/Web RoomMe.id/Customer Select Kost' successfully

2020-03-13 21:17:53 - [TEST_CASE][PASSED] - Test Cases/Web RoomMe.id/Customer Select Kost: Test Cases/Web RoomMe.id/Customer Select Kost

2020-03-13 21:17:53 - [TEST_STEP][PASSED] - callTestCase(findTestCase("Web RoomMe.id/Customer Search For Kost"), [:], STOP_ON_FAILURE): Call Test Case 'Test Cases/Web RoomMe.id/Customer Search For Kost' successfully

2020-03-13 21:17:53 - [TEST_CASE][PASSED] - Test Cases/Web RoomMe.id/Customer Search For Kost: Test Cases/Web RoomMe.id/Customer Search For Kost

2020-03-13 21:17:53 - [TEST_STEP][PASSED] - callTestCase(findTestCase("Web RoomMe.id/Customer Login"), [:], STOP_ON_FAILURE): Call Test Case 'Test Cases/Web RoomMe.id/Customer Login' successfully

2020-03-13 21:17:53 - [TEST_CASE][PASSED] - Test Cases/Web RoomMe.id/Customer Login: Test Cases/Web RoomMe.id/Customer Login

2020-03-13 21:17:53 - [TEST_STEP][PASSED] - callTestCase(findTestCase("Web RoomMe.id/Customer Access RoomMe Page"), [:], STOP_ON_FAILURE): Call Test Case 'Test Cases/Web RoomMe.id/Customer Access RoomMe Page' successfully

2020-03-13 21:17:53 - [TEST_CASE][PASSED] - Test Cases/Web RoomMe.id/Customer Access RoomMe Page: Test Cases/Web RoomMe.id/Customer Access RoomMe Page

2020-03-13 21:17:53 - [TEST_STEP][PASSED] - openBrowser(""): Browser is opened with url: ''

2020-03-13 21:17:53 - [MESSAGE][WARNING] - A browser is already opened. Closing browser and opening a new one

2020-03-13 21:17:54 - [MESSAGE][INFO] - Starting 'Chrome' driver

2020-03-13 21:17:59 - [MESSAGE][PASSED] - Browser is opened with url: ''

2020-03-13 21:17:59 - [TEST_STEP][PASSED] - navigateToUrl("https://web.roomme.id/"): Navigate to 'https://web.roomme.id/' successfully

2020-03-13 21:18:16 - [MESSAGE][PASSED] - Navigate to 'https://web.roomme.id/' successfully

2020-03-13 21:18:16 - [TEST_STEP][PASSED] - maximizeWindow(): Current window maximized

2020-03-13 21:18:20 - [MESSAGE][PASSED] - Current window maximized

2020-03-13 21:18:20 - [MESSAGE][PASSED] - Call Test Case 'Test Cases/Web RoomMe.id/Customer Access RoomMe Page' successfully

2020-03-13 21:18:20 - [TEST_STEP][PASSED] - click(findTestObject("Web RoomMe.id/RoomMe.id Homepage/Button Sign In")): Object: 'Object Repository/Web RoomMe.id/RoomMe.id Homepage/Button Sign In' is clicked on

2020-03-13 21:18:20 - [MESSAGE][PASSED] - Object: 'Object Repository/Web RoomMe.id/RoomMe.id Homepage/Button Sign In' is clicked on

2020-03-13 21:18:20 - [TEST_STEP][PASSED] - verifyElementVisible(findTestObject("Web RoomMe.id/Sign In Menu/Textfield Email")): Object 'Object Repository/Web RoomMe.id/Sign In Menu/Textfield Email' is visible

2020-03-13 21:18:21 - [MESSAGE][PASSED] - Object 'Object Repository/Web RoomMe.id/Sign In Menu/Textfield Email' is visible

2020-03-13 21:18:21 - [TEST_STEP][PASSED] - verifyElementVisible(findTestObject("Web RoomMe.id/Sign In Menu/Textfield Password")): Object 'Object Repository/Web RoomMe.id/Sign In Menu/Textfield Password' is visible

2020-03-13 21:18:21 - [MESSAGE][PASSED] - Object 'Object Repository/Web RoomMe.id/Sign In Menu/Textfield Password' is visible

2020-03-13 21:18:21 - [TEST_STEP][PASSED] - verifyElementVisible(findTestObject("Web RoomMe.id/RoomMe.id Homepage/Button Sign In")): Object 'Object Repository/Web RoomMe.id/RoomMe.id Homepage/Button Sign In' is visible

2020-03-13 21:18:21 - [MESSAGE][PASSED] - Object 'Object Repository/Web RoomMe.id/RoomMe.id Homepage/Button Sign In' is visible

2020-03-13 21:18:21 - [TEST_STEP][PASSED] - verifyElementVisible(findTestObject("Web RoomMe.id/Sign In Menu/Button Forgot Password")): Object 'Object Repository/Web RoomMe.id/Sign In Menu/Button Forgot Password' is visible

2020-03-13 21:18:21 - [MESSAGE][PASSED] - Object 'Object Repository/Web RoomMe.id/Sign In Menu/Button Forgot Password' is visible

2020-03-13 21:18:21 - [TEST_STEP][PASSED] - setText(findTestObject("Web RoomMe.id/Sign In Menu/Textfield Email"), "faldinv68@gmail.com"): Text 'faldinv68@gmail.com' is set on object 'Object Repository/Web RoomMe.id/Sign In Menu/Textfield Email'

2020-03-13 21:18:22 - [MESSAGE][PASSED] - Text 'faldinv68@gmail.com' is set on object 'Object Repository/Web RoomMe.id/Sign In Menu/Textfield Email'

2020-03-13 21:18:22 - [TEST_STEP][PASSED] - setEncryptedText(findTestObject("Web RoomMe.id/Sign In Menu/Textfield Password"), "aeHFOx8jV/A="): Text ****** has been set on object 'Object Repository/Web RoomMe.id/Sign In Menu/Textfield Password'

2020-03-13 21:18:22 - [MESSAGE][PASSED] - Text ****** has been set on object 'Object Repository/Web RoomMe.id/Sign In Menu/Textfield Password'

2020-03-13 21:18:22 - [TEST_STEP][PASSED] - click(findTestObject("Web RoomMe.id/Sign In Menu/Button Sign In")): Object: 'Object Repository/Web RoomMe.id/Sign In Menu/Button Sign In' is clicked on

2020-03-13 21:18:23 - [MESSAGE][PASSED] - Object: 'Object Repository/Web RoomMe.id/Sign In Menu/Button Sign In' is clicked on

2020-03-13 21:18:23 - [TEST_STEP][PASSED] - verifyElementVisible(findTestObject("Web RoomMe.id/Sign In Menu/Button User Menu")): Object 'Object Repository/Web RoomMe.id/Sign In Menu/Button User Menu' is visible

2020-03-13 21:18:27 - [MESSAGE][PASSED] - Object 'Object Repository/Web RoomMe.id/Sign In Menu/Button User Menu' is visible

2020-03-13 21:18:27 - [TEST_STEP][PASSED] - takeScreenshot("Evidence/Login.png"): Taking screenshot successfully

2020-03-13 21:18:27 - [MESSAGE][PASSED] - Taking screenshot successfully
[[ATTACHMENT|C:\\Users\\Faldi\\Katalon Studio\\RoomMe\\Reports\\20200313_211453\\Web RoomMe.id\\Customer Booking Kost Using Virtual Account\\20200313_211453\\Evidence/Login.png]]

2020-03-13 21:18:27 - [MESSAGE][PASSED] - Call Test Case 'Test Cases/Web RoomMe.id/Customer Login' successfully

2020-03-13 21:18:27 - [TEST_STEP][PASSED] - setText(findTestObject("Object Repository/Web RoomMe.id/Search Kost Menu/input"), "tebet"): Text 'tebet' is set on object 'Object Repository/Web RoomMe.id/Search Kost Menu/input'

2020-03-13 21:18:28 - [MESSAGE][PASSED] - Text 'tebet' is set on object 'Object Repository/Web RoomMe.id/Search Kost Menu/input'

2020-03-13 21:18:28 - [TEST_STEP][PASSED] - click(findTestObject("Web RoomMe.id/RoomMe.id Homepage/Text Suggestion Location (Tebet)")): Object: 'Object Repository/Web RoomMe.id/RoomMe.id Homepage/Text Suggestion Location (Tebet)' is clicked on

2020-03-13 21:18:28 - [MESSAGE][PASSED] - Object: 'Object Repository/Web RoomMe.id/RoomMe.id Homepage/Text Suggestion Location (Tebet)' is clicked on

2020-03-13 21:18:28 - [TEST_STEP][PASSED] - click(findTestObject("Object Repository/Web RoomMe.id/Search Kost Menu/Datepicker")): Object: 'Object Repository/Web RoomMe.id/Search Kost Menu/Datepicker' is clicked on

2020-03-13 21:18:29 - [MESSAGE][PASSED] - Object: 'Object Repository/Web RoomMe.id/Search Kost Menu/Datepicker' is clicked on

2020-03-13 21:18:29 - [TEST_STEP][PASSED] - click(findTestObject("Object Repository/Web RoomMe.id/Search Kost Menu/Day Pick")): Object: 'Object Repository/Web RoomMe.id/Search Kost Menu/Day Pick' is clicked on

2020-03-13 21:18:30 - [MESSAGE][PASSED] - Object: 'Object Repository/Web RoomMe.id/Search Kost Menu/Day Pick' is clicked on

2020-03-13 21:18:30 - [TEST_STEP][PASSED] - click(findTestObject("Object Repository/Web RoomMe.id/Search Kost Menu/Button Duration")): Object: 'Object Repository/Web RoomMe.id/Search Kost Menu/Button Duration' is clicked on

2020-03-13 21:18:31 - [MESSAGE][PASSED] - Object: 'Object Repository/Web RoomMe.id/Search Kost Menu/Button Duration' is clicked on

2020-03-13 21:18:31 - [TEST_STEP][PASSED] - click(findTestObject("Object Repository/Web RoomMe.id/Search Kost Menu/Button 1 Month")): Object: 'Object Repository/Web RoomMe.id/Search Kost Menu/Button 1 Month' is clicked on

2020-03-13 21:18:31 - [MESSAGE][PASSED] - Object: 'Object Repository/Web RoomMe.id/Search Kost Menu/Button 1 Month' is clicked on

2020-03-13 21:18:31 - [TEST_STEP][PASSED] - click(findTestObject("Object Repository/Web RoomMe.id/Search Kost Menu/Button Additional")): Object: 'Object Repository/Web RoomMe.id/Search Kost Menu/Button Additional' is clicked on

2020-03-13 21:18:32 - [MESSAGE][PASSED] - Object: 'Object Repository/Web RoomMe.id/Search Kost Menu/Button Additional' is clicked on

2020-03-13 21:18:32 - [TEST_STEP][PASSED] - click(findTestObject("Object Repository/Web RoomMe.id/Search Kost Menu/Button 1 Day")): Object: 'Object Repository/Web RoomMe.id/Search Kost Menu/Button 1 Day' is clicked on

2020-03-13 21:18:32 - [MESSAGE][PASSED] - Object: 'Object Repository/Web RoomMe.id/Search Kost Menu/Button 1 Day' is clicked on

2020-03-13 21:18:32 - [TEST_STEP][PASSED] - click(findTestObject("Object Repository/Web RoomMe.id/Search Kost Menu/Button Search")): Object: 'Object Repository/Web RoomMe.id/Search Kost Menu/Button Search' is clicked on

2020-03-13 21:18:33 - [MESSAGE][PASSED] - Object: 'Object Repository/Web RoomMe.id/Search Kost Menu/Button Search' is clicked on

2020-03-13 21:18:33 - [TEST_STEP][NOT_RUN] - verifyElementVisible(findTestObject("Web RoomMe.id/Search Result Menu/Field Facilities")): NOT_RUN: verifyElementVisible(findTestObject("Web RoomMe.id/Search Result Menu/Field Facilities"))

2020-03-13 21:18:33 - [MESSAGE][NOT_RUN] - NOT_RUN: verifyElementVisible(findTestObject("Web RoomMe.id/Search Result Menu/Field Facilities"))

2020-03-13 21:18:33 - [TEST_STEP][PASSED] - verifyElementVisible(findTestObject("Web RoomMe.id/Search Result Menu/Text Nama Kost")): Object 'Object Repository/Web RoomMe.id/Search Result Menu/Text Nama Kost' is visible

2020-03-13 21:18:34 - [MESSAGE][PASSED] - Object 'Object Repository/Web RoomMe.id/Search Result Menu/Text Nama Kost' is visible

2020-03-13 21:18:34 - [TEST_STEP][NOT_RUN] - verifyElementVisible(findTestObject("Web RoomMe.id/Search Result Menu/div_Submit_col-md-4 img-s")): NOT_RUN: verifyElementVisible(findTestObject("Web RoomMe.id/Search Result Menu/div_Submit_col-md-4 img-s"))

2020-03-13 21:18:34 - [MESSAGE][NOT_RUN] - NOT_RUN: verifyElementVisible(findTestObject("Web RoomMe.id/Search Result Menu/div_Submit_col-md-4 img-s"))

2020-03-13 21:18:34 - [TEST_STEP][NOT_RUN] - verifyElementVisible(findTestObject("Web RoomMe.id/Search Result Menu/div_Rp1400000")): NOT_RUN: verifyElementVisible(findTestObject("Web RoomMe.id/Search Result Menu/div_Rp1400000"))

2020-03-13 21:18:34 - [MESSAGE][NOT_RUN] - NOT_RUN: verifyElementVisible(findTestObject("Web RoomMe.id/Search Result Menu/div_Rp1400000"))

2020-03-13 21:18:34 - [TEST_STEP][PASSED] - verifyElementVisible(findTestObject("Web RoomMe.id/Search Result Menu/Image Kost")): Object 'Object Repository/Web RoomMe.id/Search Result Menu/Image Kost' is visible

2020-03-13 21:18:34 - [MESSAGE][PASSED] - Object 'Object Repository/Web RoomMe.id/Search Result Menu/Image Kost' is visible

2020-03-13 21:18:34 - [MESSAGE][PASSED] - Call Test Case 'Test Cases/Web RoomMe.id/Customer Search For Kost' successfully

2020-03-13 21:18:34 - [TEST_STEP][PASSED] - click(findTestObject("Web RoomMe.id/Search Result Menu/Image Kost")): Object: 'Object Repository/Web RoomMe.id/Search Result Menu/Image Kost' is clicked on

2020-03-13 21:18:35 - [MESSAGE][PASSED] - Object: 'Object Repository/Web RoomMe.id/Search Result Menu/Image Kost' is clicked on

2020-03-13 21:18:35 - [TEST_STEP][NOT_RUN] - verifyElementVisible(findTestObject("Web RoomMe.id/RoomMe.id Kost Detail/Image Primary Photo")): NOT_RUN: verifyElementVisible(findTestObject("Web RoomMe.id/RoomMe.id Kost Detail/Image Primary Photo"))

2020-03-13 21:18:35 - [MESSAGE][NOT_RUN] - NOT_RUN: verifyElementVisible(findTestObject("Web RoomMe.id/RoomMe.id Kost Detail/Image Primary Photo"))

2020-03-13 21:18:35 - [TEST_STEP][PASSED] - verifyElementVisible(findTestObject("Web RoomMe.id/RoomMe.id Kost Detail/Image Second Photo")): Object 'Object Repository/Web RoomMe.id/RoomMe.id Kost Detail/Image Second Photo' is visible

2020-03-13 21:18:37 - [MESSAGE][PASSED] - Object 'Object Repository/Web RoomMe.id/RoomMe.id Kost Detail/Image Second Photo' is visible

2020-03-13 21:18:37 - [TEST_STEP][PASSED] - verifyElementVisible(findTestObject("Web RoomMe.id/RoomMe.id Kost Detail/Text Nama Kost")): Object 'Object Repository/Web RoomMe.id/RoomMe.id Kost Detail/Text Nama Kost' is visible

2020-03-13 21:18:39 - [MESSAGE][PASSED] - Object 'Object Repository/Web RoomMe.id/RoomMe.id Kost Detail/Text Nama Kost' is visible

2020-03-13 21:18:39 - [TEST_STEP][PASSED] - kostname = getText(findTestObject("Web RoomMe.id/Search Result Menu/Text Nama Kost")): Text of object 'Object Repository/Web RoomMe.id/Search Result Menu/Text Nama Kost' is: ''

2020-03-13 21:18:40 - [MESSAGE][PASSED] - Text of object 'Object Repository/Web RoomMe.id/Search Result Menu/Text Nama Kost' is: ''

2020-03-13 21:18:40 - [TEST_STEP][NOT_RUN] - verifyElementText(findTestObject("Web RoomMe.id/RoomMe.id Kost Detail/Text Nama Kost"), kostname, STOP_ON_FAILURE): NOT_RUN: verifyElementText(findTestObject("Web RoomMe.id/RoomMe.id Kost Detail/Text Nama Kost"), kostname, STOP_ON_FAILURE)

2020-03-13 21:18:40 - [MESSAGE][NOT_RUN] - NOT_RUN: verifyElementText(findTestObject("Web RoomMe.id/RoomMe.id Kost Detail/Text Nama Kost"), kostname, STOP_ON_FAILURE)

2020-03-13 21:18:40 - [TEST_STEP][PASSED] - verifyElementVisible(findTestObject("Web RoomMe.id/RoomMe.id Kost Detail/Button Read More")): Object 'Object Repository/Web RoomMe.id/RoomMe.id Kost Detail/Button Read More' is visible

2020-03-13 21:18:40 - [MESSAGE][PASSED] - Object 'Object Repository/Web RoomMe.id/RoomMe.id Kost Detail/Button Read More' is visible

2020-03-13 21:18:40 - [TEST_STEP][PASSED] - verifyElementVisible(findTestObject("Web RoomMe.id/RoomMe.id Kost Detail/Button See Map")): Object 'Object Repository/Web RoomMe.id/RoomMe.id Kost Detail/Button See Map' is visible

2020-03-13 21:18:40 - [MESSAGE][PASSED] - Object 'Object Repository/Web RoomMe.id/RoomMe.id Kost Detail/Button See Map' is visible

2020-03-13 21:18:40 - [TEST_STEP][PASSED] - verifyElementVisible(findTestObject("Web RoomMe.id/RoomMe.id Kost Detail/Button Map")): Object 'Object Repository/Web RoomMe.id/RoomMe.id Kost Detail/Button Map' is visible

2020-03-13 21:18:41 - [MESSAGE][PASSED] - Object 'Object Repository/Web RoomMe.id/RoomMe.id Kost Detail/Button Map' is visible

2020-03-13 21:18:41 - [TEST_STEP][NOT_RUN] - verifyElementVisible(findTestObject("Web RoomMe.id/RoomMe.id Kost Detail/Field Building Facilities")): NOT_RUN: verifyElementVisible(findTestObject("Web RoomMe.id/RoomMe.id Kost Detail/Field Building Facilities"))

2020-03-13 21:18:41 - [MESSAGE][NOT_RUN] - NOT_RUN: verifyElementVisible(findTestObject("Web RoomMe.id/RoomMe.id Kost Detail/Field Building Facilities"))

2020-03-13 21:18:41 - [TEST_STEP][PASSED] - verifyElementVisible(findTestObject("Web RoomMe.id/RoomMe.id Kost Detail/Field Room Details")): Object 'Object Repository/Web RoomMe.id/RoomMe.id Kost Detail/Field Room Details' is visible

2020-03-13 21:18:41 - [MESSAGE][PASSED] - Object 'Object Repository/Web RoomMe.id/RoomMe.id Kost Detail/Field Room Details' is visible

2020-03-13 21:18:41 - [TEST_STEP][NOT_RUN] - verifyElementVisible(findTestObject("Web RoomMe.id/RoomMe.id Kost Detail/Field Booking Summary")): NOT_RUN: verifyElementVisible(findTestObject("Web RoomMe.id/RoomMe.id Kost Detail/Field Booking Summary"))

2020-03-13 21:18:41 - [MESSAGE][NOT_RUN] - NOT_RUN: verifyElementVisible(findTestObject("Web RoomMe.id/RoomMe.id Kost Detail/Field Booking Summary"))

2020-03-13 21:18:41 - [TEST_STEP][NOT_RUN] - verifyElementVisible(findTestObject("Web RoomMe.id/RoomMe.id Kost Detail/Field Reccomend Kost Nearby")): NOT_RUN: verifyElementVisible(findTestObject("Web RoomMe.id/RoomMe.id Kost Detail/Field Reccomend Kost Nearby"))

2020-03-13 21:18:41 - [MESSAGE][NOT_RUN] - NOT_RUN: verifyElementVisible(findTestObject("Web RoomMe.id/RoomMe.id Kost Detail/Field Reccomend Kost Nearby"))

2020-03-13 21:18:41 - [TEST_STEP][NOT_RUN] - verifyElementVisible(findTestObject("Web RoomMe.id/RoomMe.id Kost Detail/Button Select")): NOT_RUN: verifyElementVisible(findTestObject("Web RoomMe.id/RoomMe.id Kost Detail/Button Select"))

2020-03-13 21:18:41 - [MESSAGE][NOT_RUN] - NOT_RUN: verifyElementVisible(findTestObject("Web RoomMe.id/RoomMe.id Kost Detail/Button Select"))

2020-03-13 21:18:41 - [TEST_STEP][PASSED] - verifyElementVisible(findTestObject("Web RoomMe.id/RoomMe.id Kost Detail/Button Booking Summary")): Object 'Object Repository/Web RoomMe.id/RoomMe.id Kost Detail/Button Booking Summary' is visible

2020-03-13 21:18:41 - [MESSAGE][PASSED] - Object 'Object Repository/Web RoomMe.id/RoomMe.id Kost Detail/Button Booking Summary' is visible

2020-03-13 21:18:41 - [TEST_STEP][PASSED] - verifyElementVisible(findTestObject("Web RoomMe.id/RoomMe.id Kost Detail/Button Schedule Free Visit")): Object 'Object Repository/Web RoomMe.id/RoomMe.id Kost Detail/Button Schedule Free Visit' is visible

2020-03-13 21:18:41 - [MESSAGE][PASSED] - Object 'Object Repository/Web RoomMe.id/RoomMe.id Kost Detail/Button Schedule Free Visit' is visible

2020-03-13 21:18:41 - [MESSAGE][PASSED] - Call Test Case 'Test Cases/Web RoomMe.id/Customer Select Kost' successfully

2020-03-13 21:18:41 - [TEST_STEP][PASSED] - click(findTestObject("Web RoomMe.id/RoomMe.id Kost Detail/Button Continue to Book")): Object: 'Object Repository/Web RoomMe.id/RoomMe.id Kost Detail/Button Continue to Book' is clicked on

2020-03-13 21:18:42 - [MESSAGE][PASSED] - Object: 'Object Repository/Web RoomMe.id/RoomMe.id Kost Detail/Button Continue to Book' is clicked on

2020-03-13 21:18:42 - [TEST_STEP][NOT_RUN] - verifyElementVisible(findTestObject("Web RoomMe.id/RoomMe.id Kost Detail/Button Continue to Book")): NOT_RUN: verifyElementVisible(findTestObject("Web RoomMe.id/RoomMe.id Kost Detail/Button Continue to Book"))

2020-03-13 21:18:42 - [MESSAGE][NOT_RUN] - NOT_RUN: verifyElementVisible(findTestObject("Web RoomMe.id/RoomMe.id Kost Detail/Button Continue to Book"))

2020-03-13 21:18:42 - [TEST_STEP][NOT_RUN] - if (verifyElementVisible(findTestObject("Web RoomMe.id/RoomMe.id Kost Detail/Button Selected Room"), STOP_ON_FAILURE)): NOT_RUN: if (verifyElementVisible(findTestObject("Web RoomMe.id/RoomMe.id Kost Detail/Button Selected Room"), STOP_ON_FAILURE))

2020-03-13 21:18:42 - [MESSAGE][NOT_RUN] - NOT_RUN: if (verifyElementVisible(findTestObject("Web RoomMe.id/RoomMe.id Kost Detail/Button Selected Room"), STOP_ON_FAILURE))

2020-03-13 21:18:42 - [MESSAGE][PASSED] - Call Test Case 'Test Cases/Web RoomMe.id/Customer Select Kamar' successfully

2020-03-13 21:18:42 - [TEST_STEP][PASSED] - verifyElementVisible(findTestObject("Web RoomMe.id/RoomMe.id Kost Detail/Button Continue to Book")): Object 'Object Repository/Web RoomMe.id/RoomMe.id Kost Detail/Button Continue to Book' is visible

2020-03-13 21:18:42 - [MESSAGE][PASSED] - Object 'Object Repository/Web RoomMe.id/RoomMe.id Kost Detail/Button Continue to Book' is visible

2020-03-13 21:18:42 - [TEST_STEP][PASSED] - scrollToElement(findTestObject("Web RoomMe.id/RoomMe.id Kost Detail/Button Continue to Book"), 2): Scroll to object 'Object Repository/Web RoomMe.id/RoomMe.id Kost Detail/Button Continue to Book' successfully

2020-03-13 21:18:43 - [MESSAGE][PASSED] - Scroll to object 'Object Repository/Web RoomMe.id/RoomMe.id Kost Detail/Button Continue to Book' successfully

2020-03-13 21:18:43 - [TEST_STEP][PASSED] - click(findTestObject("Web RoomMe.id/RoomMe.id Kost Detail/Button Continue to Book")): Object: 'Object Repository/Web RoomMe.id/RoomMe.id Kost Detail/Button Continue to Book' is clicked on

2020-03-13 21:18:43 - [MESSAGE][PASSED] - Object: 'Object Repository/Web RoomMe.id/RoomMe.id Kost Detail/Button Continue to Book' is clicked on]]></system-out>
         <system-err><![CDATA[]]></system-err>
      </testcase>
      <testcase name="Test Cases/Web RoomMe.id/Customer Fill Data to Payment" time="54.004" classname="Test Cases/Web RoomMe.id/Customer Fill Data to Payment" status="PASSED">
         <system-out><![CDATA[2020-03-13 21:18:43 - [TEST_CASE][PASSED] - Test Cases/Web RoomMe.id/Customer Fill Data to Payment: Test Cases/Web RoomMe.id/Customer Fill Data to Payment

2020-03-13 21:18:43 - [TEST_STEP][PASSED] - callTestCase(findTestCase("Web RoomMe.id/Customer Continue To Book"), [:], STOP_ON_FAILURE): Call Test Case 'Test Cases/Web RoomMe.id/Customer Continue To Book' successfully

2020-03-13 21:18:43 - [TEST_CASE][PASSED] - Test Cases/Web RoomMe.id/Customer Continue To Book: Test Cases/Web RoomMe.id/Customer Continue To Book

2020-03-13 21:18:43 - [TEST_STEP][PASSED] - callTestCase(findTestCase("Web RoomMe.id/Customer Select Kamar"), [:], STOP_ON_FAILURE): Call Test Case 'Test Cases/Web RoomMe.id/Customer Select Kamar' successfully

2020-03-13 21:18:43 - [TEST_CASE][PASSED] - Test Cases/Web RoomMe.id/Customer Select Kamar: Test Cases/Web RoomMe.id/Customer Select Kamar

2020-03-13 21:18:43 - [TEST_STEP][PASSED] - callTestCase(findTestCase("Web RoomMe.id/Customer Select Kost"), [:], STOP_ON_FAILURE): Call Test Case 'Test Cases/Web RoomMe.id/Customer Select Kost' successfully

2020-03-13 21:18:43 - [TEST_CASE][PASSED] - Test Cases/Web RoomMe.id/Customer Select Kost: Test Cases/Web RoomMe.id/Customer Select Kost

2020-03-13 21:18:43 - [TEST_STEP][PASSED] - callTestCase(findTestCase("Web RoomMe.id/Customer Search For Kost"), [:], STOP_ON_FAILURE): Call Test Case 'Test Cases/Web RoomMe.id/Customer Search For Kost' successfully

2020-03-13 21:18:43 - [TEST_CASE][PASSED] - Test Cases/Web RoomMe.id/Customer Search For Kost: Test Cases/Web RoomMe.id/Customer Search For Kost

2020-03-13 21:18:43 - [TEST_STEP][PASSED] - callTestCase(findTestCase("Web RoomMe.id/Customer Login"), [:], STOP_ON_FAILURE): Call Test Case 'Test Cases/Web RoomMe.id/Customer Login' successfully

2020-03-13 21:18:44 - [TEST_CASE][PASSED] - Test Cases/Web RoomMe.id/Customer Login: Test Cases/Web RoomMe.id/Customer Login

2020-03-13 21:18:44 - [TEST_STEP][PASSED] - callTestCase(findTestCase("Web RoomMe.id/Customer Access RoomMe Page"), [:], STOP_ON_FAILURE): Call Test Case 'Test Cases/Web RoomMe.id/Customer Access RoomMe Page' successfully

2020-03-13 21:18:44 - [TEST_CASE][PASSED] - Test Cases/Web RoomMe.id/Customer Access RoomMe Page: Test Cases/Web RoomMe.id/Customer Access RoomMe Page

2020-03-13 21:18:44 - [TEST_STEP][PASSED] - openBrowser(""): Browser is opened with url: ''

2020-03-13 21:18:44 - [MESSAGE][WARNING] - A browser is already opened. Closing browser and opening a new one

2020-03-13 21:18:44 - [MESSAGE][INFO] - Starting 'Chrome' driver

2020-03-13 21:18:50 - [MESSAGE][PASSED] - Browser is opened with url: ''

2020-03-13 21:18:50 - [TEST_STEP][PASSED] - navigateToUrl("https://web.roomme.id/"): Navigate to 'https://web.roomme.id/' successfully

2020-03-13 21:19:05 - [MESSAGE][PASSED] - Navigate to 'https://web.roomme.id/' successfully

2020-03-13 21:19:05 - [TEST_STEP][PASSED] - maximizeWindow(): Current window maximized

2020-03-13 21:19:09 - [MESSAGE][PASSED] - Current window maximized

2020-03-13 21:19:09 - [MESSAGE][PASSED] - Call Test Case 'Test Cases/Web RoomMe.id/Customer Access RoomMe Page' successfully

2020-03-13 21:19:09 - [TEST_STEP][PASSED] - click(findTestObject("Web RoomMe.id/RoomMe.id Homepage/Button Sign In")): Object: 'Object Repository/Web RoomMe.id/RoomMe.id Homepage/Button Sign In' is clicked on

2020-03-13 21:19:10 - [MESSAGE][PASSED] - Object: 'Object Repository/Web RoomMe.id/RoomMe.id Homepage/Button Sign In' is clicked on

2020-03-13 21:19:10 - [TEST_STEP][PASSED] - verifyElementVisible(findTestObject("Web RoomMe.id/Sign In Menu/Textfield Email")): Object 'Object Repository/Web RoomMe.id/Sign In Menu/Textfield Email' is visible

2020-03-13 21:19:11 - [MESSAGE][PASSED] - Object 'Object Repository/Web RoomMe.id/Sign In Menu/Textfield Email' is visible

2020-03-13 21:19:11 - [TEST_STEP][PASSED] - verifyElementVisible(findTestObject("Web RoomMe.id/Sign In Menu/Textfield Password")): Object 'Object Repository/Web RoomMe.id/Sign In Menu/Textfield Password' is visible

2020-03-13 21:19:11 - [MESSAGE][PASSED] - Object 'Object Repository/Web RoomMe.id/Sign In Menu/Textfield Password' is visible

2020-03-13 21:19:11 - [TEST_STEP][PASSED] - verifyElementVisible(findTestObject("Web RoomMe.id/RoomMe.id Homepage/Button Sign In")): Object 'Object Repository/Web RoomMe.id/RoomMe.id Homepage/Button Sign In' is visible

2020-03-13 21:19:12 - [MESSAGE][PASSED] - Object 'Object Repository/Web RoomMe.id/RoomMe.id Homepage/Button Sign In' is visible

2020-03-13 21:19:12 - [TEST_STEP][PASSED] - verifyElementVisible(findTestObject("Web RoomMe.id/Sign In Menu/Button Forgot Password")): Object 'Object Repository/Web RoomMe.id/Sign In Menu/Button Forgot Password' is visible

2020-03-13 21:19:12 - [MESSAGE][PASSED] - Object 'Object Repository/Web RoomMe.id/Sign In Menu/Button Forgot Password' is visible

2020-03-13 21:19:12 - [TEST_STEP][PASSED] - setText(findTestObject("Web RoomMe.id/Sign In Menu/Textfield Email"), "faldinv68@gmail.com"): Text 'faldinv68@gmail.com' is set on object 'Object Repository/Web RoomMe.id/Sign In Menu/Textfield Email'

2020-03-13 21:19:13 - [MESSAGE][PASSED] - Text 'faldinv68@gmail.com' is set on object 'Object Repository/Web RoomMe.id/Sign In Menu/Textfield Email'

2020-03-13 21:19:13 - [TEST_STEP][PASSED] - setEncryptedText(findTestObject("Web RoomMe.id/Sign In Menu/Textfield Password"), "aeHFOx8jV/A="): Text ****** has been set on object 'Object Repository/Web RoomMe.id/Sign In Menu/Textfield Password'

2020-03-13 21:19:13 - [MESSAGE][PASSED] - Text ****** has been set on object 'Object Repository/Web RoomMe.id/Sign In Menu/Textfield Password'

2020-03-13 21:19:13 - [TEST_STEP][PASSED] - click(findTestObject("Web RoomMe.id/Sign In Menu/Button Sign In")): Object: 'Object Repository/Web RoomMe.id/Sign In Menu/Button Sign In' is clicked on

2020-03-13 21:19:14 - [MESSAGE][PASSED] - Object: 'Object Repository/Web RoomMe.id/Sign In Menu/Button Sign In' is clicked on

2020-03-13 21:19:14 - [TEST_STEP][PASSED] - verifyElementVisible(findTestObject("Web RoomMe.id/Sign In Menu/Button User Menu")): Object 'Object Repository/Web RoomMe.id/Sign In Menu/Button User Menu' is visible

2020-03-13 21:19:17 - [MESSAGE][PASSED] - Object 'Object Repository/Web RoomMe.id/Sign In Menu/Button User Menu' is visible

2020-03-13 21:19:17 - [TEST_STEP][PASSED] - takeScreenshot("Evidence/Login.png"): Taking screenshot successfully

2020-03-13 21:19:18 - [MESSAGE][PASSED] - Taking screenshot successfully
[[ATTACHMENT|C:\\Users\\Faldi\\Katalon Studio\\RoomMe\\Reports\\20200313_211453\\Web RoomMe.id\\Customer Booking Kost Using Virtual Account\\20200313_211453\\Evidence/Login.png]]

2020-03-13 21:19:18 - [MESSAGE][PASSED] - Call Test Case 'Test Cases/Web RoomMe.id/Customer Login' successfully

2020-03-13 21:19:18 - [TEST_STEP][PASSED] - setText(findTestObject("Object Repository/Web RoomMe.id/Search Kost Menu/input"), "tebet"): Text 'tebet' is set on object 'Object Repository/Web RoomMe.id/Search Kost Menu/input'

2020-03-13 21:19:18 - [MESSAGE][PASSED] - Text 'tebet' is set on object 'Object Repository/Web RoomMe.id/Search Kost Menu/input'

2020-03-13 21:19:18 - [TEST_STEP][PASSED] - click(findTestObject("Web RoomMe.id/RoomMe.id Homepage/Text Suggestion Location (Tebet)")): Object: 'Object Repository/Web RoomMe.id/RoomMe.id Homepage/Text Suggestion Location (Tebet)' is clicked on

2020-03-13 21:19:19 - [MESSAGE][PASSED] - Object: 'Object Repository/Web RoomMe.id/RoomMe.id Homepage/Text Suggestion Location (Tebet)' is clicked on

2020-03-13 21:19:19 - [TEST_STEP][PASSED] - click(findTestObject("Object Repository/Web RoomMe.id/Search Kost Menu/Datepicker")): Object: 'Object Repository/Web RoomMe.id/Search Kost Menu/Datepicker' is clicked on

2020-03-13 21:19:19 - [MESSAGE][PASSED] - Object: 'Object Repository/Web RoomMe.id/Search Kost Menu/Datepicker' is clicked on

2020-03-13 21:19:19 - [TEST_STEP][PASSED] - click(findTestObject("Object Repository/Web RoomMe.id/Search Kost Menu/Day Pick")): Object: 'Object Repository/Web RoomMe.id/Search Kost Menu/Day Pick' is clicked on

2020-03-13 21:19:20 - [MESSAGE][PASSED] - Object: 'Object Repository/Web RoomMe.id/Search Kost Menu/Day Pick' is clicked on

2020-03-13 21:19:20 - [TEST_STEP][PASSED] - click(findTestObject("Object Repository/Web RoomMe.id/Search Kost Menu/Button Duration")): Object: 'Object Repository/Web RoomMe.id/Search Kost Menu/Button Duration' is clicked on

2020-03-13 21:19:21 - [MESSAGE][PASSED] - Object: 'Object Repository/Web RoomMe.id/Search Kost Menu/Button Duration' is clicked on

2020-03-13 21:19:21 - [TEST_STEP][PASSED] - click(findTestObject("Object Repository/Web RoomMe.id/Search Kost Menu/Button 1 Month")): Object: 'Object Repository/Web RoomMe.id/Search Kost Menu/Button 1 Month' is clicked on

2020-03-13 21:19:21 - [MESSAGE][PASSED] - Object: 'Object Repository/Web RoomMe.id/Search Kost Menu/Button 1 Month' is clicked on

2020-03-13 21:19:21 - [TEST_STEP][PASSED] - click(findTestObject("Object Repository/Web RoomMe.id/Search Kost Menu/Button Additional")): Object: 'Object Repository/Web RoomMe.id/Search Kost Menu/Button Additional' is clicked on

2020-03-13 21:19:22 - [MESSAGE][PASSED] - Object: 'Object Repository/Web RoomMe.id/Search Kost Menu/Button Additional' is clicked on

2020-03-13 21:19:22 - [TEST_STEP][PASSED] - click(findTestObject("Object Repository/Web RoomMe.id/Search Kost Menu/Button 1 Day")): Object: 'Object Repository/Web RoomMe.id/Search Kost Menu/Button 1 Day' is clicked on

2020-03-13 21:19:22 - [MESSAGE][PASSED] - Object: 'Object Repository/Web RoomMe.id/Search Kost Menu/Button 1 Day' is clicked on

2020-03-13 21:19:22 - [TEST_STEP][PASSED] - click(findTestObject("Object Repository/Web RoomMe.id/Search Kost Menu/Button Search")): Object: 'Object Repository/Web RoomMe.id/Search Kost Menu/Button Search' is clicked on

2020-03-13 21:19:24 - [MESSAGE][PASSED] - Object: 'Object Repository/Web RoomMe.id/Search Kost Menu/Button Search' is clicked on

2020-03-13 21:19:24 - [TEST_STEP][NOT_RUN] - verifyElementVisible(findTestObject("Web RoomMe.id/Search Result Menu/Field Facilities")): NOT_RUN: verifyElementVisible(findTestObject("Web RoomMe.id/Search Result Menu/Field Facilities"))

2020-03-13 21:19:24 - [MESSAGE][NOT_RUN] - NOT_RUN: verifyElementVisible(findTestObject("Web RoomMe.id/Search Result Menu/Field Facilities"))

2020-03-13 21:19:24 - [TEST_STEP][PASSED] - verifyElementVisible(findTestObject("Web RoomMe.id/Search Result Menu/Text Nama Kost")): Object 'Object Repository/Web RoomMe.id/Search Result Menu/Text Nama Kost' is visible

2020-03-13 21:19:26 - [MESSAGE][PASSED] - Object 'Object Repository/Web RoomMe.id/Search Result Menu/Text Nama Kost' is visible

2020-03-13 21:19:26 - [TEST_STEP][NOT_RUN] - verifyElementVisible(findTestObject("Web RoomMe.id/Search Result Menu/div_Submit_col-md-4 img-s")): NOT_RUN: verifyElementVisible(findTestObject("Web RoomMe.id/Search Result Menu/div_Submit_col-md-4 img-s"))

2020-03-13 21:19:26 - [MESSAGE][NOT_RUN] - NOT_RUN: verifyElementVisible(findTestObject("Web RoomMe.id/Search Result Menu/div_Submit_col-md-4 img-s"))

2020-03-13 21:19:26 - [TEST_STEP][NOT_RUN] - verifyElementVisible(findTestObject("Web RoomMe.id/Search Result Menu/div_Rp1400000")): NOT_RUN: verifyElementVisible(findTestObject("Web RoomMe.id/Search Result Menu/div_Rp1400000"))

2020-03-13 21:19:26 - [MESSAGE][NOT_RUN] - NOT_RUN: verifyElementVisible(findTestObject("Web RoomMe.id/Search Result Menu/div_Rp1400000"))

2020-03-13 21:19:26 - [TEST_STEP][PASSED] - verifyElementVisible(findTestObject("Web RoomMe.id/Search Result Menu/Image Kost")): Object 'Object Repository/Web RoomMe.id/Search Result Menu/Image Kost' is visible

2020-03-13 21:19:26 - [MESSAGE][PASSED] - Object 'Object Repository/Web RoomMe.id/Search Result Menu/Image Kost' is visible

2020-03-13 21:19:26 - [MESSAGE][PASSED] - Call Test Case 'Test Cases/Web RoomMe.id/Customer Search For Kost' successfully

2020-03-13 21:19:26 - [TEST_STEP][PASSED] - click(findTestObject("Web RoomMe.id/Search Result Menu/Image Kost")): Object: 'Object Repository/Web RoomMe.id/Search Result Menu/Image Kost' is clicked on

2020-03-13 21:19:26 - [MESSAGE][PASSED] - Object: 'Object Repository/Web RoomMe.id/Search Result Menu/Image Kost' is clicked on

2020-03-13 21:19:26 - [TEST_STEP][NOT_RUN] - verifyElementVisible(findTestObject("Web RoomMe.id/RoomMe.id Kost Detail/Image Primary Photo")): NOT_RUN: verifyElementVisible(findTestObject("Web RoomMe.id/RoomMe.id Kost Detail/Image Primary Photo"))

2020-03-13 21:19:26 - [MESSAGE][NOT_RUN] - NOT_RUN: verifyElementVisible(findTestObject("Web RoomMe.id/RoomMe.id Kost Detail/Image Primary Photo"))

2020-03-13 21:19:26 - [TEST_STEP][PASSED] - verifyElementVisible(findTestObject("Web RoomMe.id/RoomMe.id Kost Detail/Image Second Photo")): Object 'Object Repository/Web RoomMe.id/RoomMe.id Kost Detail/Image Second Photo' is visible

2020-03-13 21:19:29 - [MESSAGE][PASSED] - Object 'Object Repository/Web RoomMe.id/RoomMe.id Kost Detail/Image Second Photo' is visible

2020-03-13 21:19:29 - [TEST_STEP][PASSED] - verifyElementVisible(findTestObject("Web RoomMe.id/RoomMe.id Kost Detail/Text Nama Kost")): Object 'Object Repository/Web RoomMe.id/RoomMe.id Kost Detail/Text Nama Kost' is visible

2020-03-13 21:19:29 - [MESSAGE][PASSED] - Object 'Object Repository/Web RoomMe.id/RoomMe.id Kost Detail/Text Nama Kost' is visible

2020-03-13 21:19:29 - [TEST_STEP][PASSED] - kostname = getText(findTestObject("Web RoomMe.id/Search Result Menu/Text Nama Kost")): Text of object 'Object Repository/Web RoomMe.id/Search Result Menu/Text Nama Kost' is: ''

2020-03-13 21:19:30 - [MESSAGE][PASSED] - Text of object 'Object Repository/Web RoomMe.id/Search Result Menu/Text Nama Kost' is: ''

2020-03-13 21:19:30 - [TEST_STEP][NOT_RUN] - verifyElementText(findTestObject("Web RoomMe.id/RoomMe.id Kost Detail/Text Nama Kost"), kostname, STOP_ON_FAILURE): NOT_RUN: verifyElementText(findTestObject("Web RoomMe.id/RoomMe.id Kost Detail/Text Nama Kost"), kostname, STOP_ON_FAILURE)

2020-03-13 21:19:30 - [MESSAGE][NOT_RUN] - NOT_RUN: verifyElementText(findTestObject("Web RoomMe.id/RoomMe.id Kost Detail/Text Nama Kost"), kostname, STOP_ON_FAILURE)

2020-03-13 21:19:30 - [TEST_STEP][PASSED] - verifyElementVisible(findTestObject("Web RoomMe.id/RoomMe.id Kost Detail/Button Read More")): Object 'Object Repository/Web RoomMe.id/RoomMe.id Kost Detail/Button Read More' is visible

2020-03-13 21:19:30 - [MESSAGE][PASSED] - Object 'Object Repository/Web RoomMe.id/RoomMe.id Kost Detail/Button Read More' is visible

2020-03-13 21:19:30 - [TEST_STEP][PASSED] - verifyElementVisible(findTestObject("Web RoomMe.id/RoomMe.id Kost Detail/Button See Map")): Object 'Object Repository/Web RoomMe.id/RoomMe.id Kost Detail/Button See Map' is visible

2020-03-13 21:19:30 - [MESSAGE][PASSED] - Object 'Object Repository/Web RoomMe.id/RoomMe.id Kost Detail/Button See Map' is visible

2020-03-13 21:19:30 - [TEST_STEP][PASSED] - verifyElementVisible(findTestObject("Web RoomMe.id/RoomMe.id Kost Detail/Button Map")): Object 'Object Repository/Web RoomMe.id/RoomMe.id Kost Detail/Button Map' is visible

2020-03-13 21:19:31 - [MESSAGE][PASSED] - Object 'Object Repository/Web RoomMe.id/RoomMe.id Kost Detail/Button Map' is visible

2020-03-13 21:19:31 - [TEST_STEP][NOT_RUN] - verifyElementVisible(findTestObject("Web RoomMe.id/RoomMe.id Kost Detail/Field Building Facilities")): NOT_RUN: verifyElementVisible(findTestObject("Web RoomMe.id/RoomMe.id Kost Detail/Field Building Facilities"))

2020-03-13 21:19:31 - [MESSAGE][NOT_RUN] - NOT_RUN: verifyElementVisible(findTestObject("Web RoomMe.id/RoomMe.id Kost Detail/Field Building Facilities"))

2020-03-13 21:19:31 - [TEST_STEP][PASSED] - verifyElementVisible(findTestObject("Web RoomMe.id/RoomMe.id Kost Detail/Field Room Details")): Object 'Object Repository/Web RoomMe.id/RoomMe.id Kost Detail/Field Room Details' is visible

2020-03-13 21:19:31 - [MESSAGE][PASSED] - Object 'Object Repository/Web RoomMe.id/RoomMe.id Kost Detail/Field Room Details' is visible

2020-03-13 21:19:31 - [TEST_STEP][NOT_RUN] - verifyElementVisible(findTestObject("Web RoomMe.id/RoomMe.id Kost Detail/Field Booking Summary")): NOT_RUN: verifyElementVisible(findTestObject("Web RoomMe.id/RoomMe.id Kost Detail/Field Booking Summary"))

2020-03-13 21:19:31 - [MESSAGE][NOT_RUN] - NOT_RUN: verifyElementVisible(findTestObject("Web RoomMe.id/RoomMe.id Kost Detail/Field Booking Summary"))

2020-03-13 21:19:31 - [TEST_STEP][NOT_RUN] - verifyElementVisible(findTestObject("Web RoomMe.id/RoomMe.id Kost Detail/Field Reccomend Kost Nearby")): NOT_RUN: verifyElementVisible(findTestObject("Web RoomMe.id/RoomMe.id Kost Detail/Field Reccomend Kost Nearby"))

2020-03-13 21:19:31 - [MESSAGE][NOT_RUN] - NOT_RUN: verifyElementVisible(findTestObject("Web RoomMe.id/RoomMe.id Kost Detail/Field Reccomend Kost Nearby"))

2020-03-13 21:19:31 - [TEST_STEP][NOT_RUN] - verifyElementVisible(findTestObject("Web RoomMe.id/RoomMe.id Kost Detail/Button Select")): NOT_RUN: verifyElementVisible(findTestObject("Web RoomMe.id/RoomMe.id Kost Detail/Button Select"))

2020-03-13 21:19:31 - [MESSAGE][NOT_RUN] - NOT_RUN: verifyElementVisible(findTestObject("Web RoomMe.id/RoomMe.id Kost Detail/Button Select"))

2020-03-13 21:19:31 - [TEST_STEP][PASSED] - verifyElementVisible(findTestObject("Web RoomMe.id/RoomMe.id Kost Detail/Button Booking Summary")): Object 'Object Repository/Web RoomMe.id/RoomMe.id Kost Detail/Button Booking Summary' is visible

2020-03-13 21:19:31 - [MESSAGE][PASSED] - Object 'Object Repository/Web RoomMe.id/RoomMe.id Kost Detail/Button Booking Summary' is visible

2020-03-13 21:19:31 - [TEST_STEP][PASSED] - verifyElementVisible(findTestObject("Web RoomMe.id/RoomMe.id Kost Detail/Button Schedule Free Visit")): Object 'Object Repository/Web RoomMe.id/RoomMe.id Kost Detail/Button Schedule Free Visit' is visible

2020-03-13 21:19:32 - [MESSAGE][PASSED] - Object 'Object Repository/Web RoomMe.id/RoomMe.id Kost Detail/Button Schedule Free Visit' is visible

2020-03-13 21:19:32 - [MESSAGE][PASSED] - Call Test Case 'Test Cases/Web RoomMe.id/Customer Select Kost' successfully

2020-03-13 21:19:32 - [TEST_STEP][PASSED] - click(findTestObject("Web RoomMe.id/RoomMe.id Kost Detail/Button Continue to Book")): Object: 'Object Repository/Web RoomMe.id/RoomMe.id Kost Detail/Button Continue to Book' is clicked on

2020-03-13 21:19:32 - [MESSAGE][PASSED] - Object: 'Object Repository/Web RoomMe.id/RoomMe.id Kost Detail/Button Continue to Book' is clicked on

2020-03-13 21:19:32 - [TEST_STEP][NOT_RUN] - verifyElementVisible(findTestObject("Web RoomMe.id/RoomMe.id Kost Detail/Button Continue to Book")): NOT_RUN: verifyElementVisible(findTestObject("Web RoomMe.id/RoomMe.id Kost Detail/Button Continue to Book"))

2020-03-13 21:19:32 - [MESSAGE][NOT_RUN] - NOT_RUN: verifyElementVisible(findTestObject("Web RoomMe.id/RoomMe.id Kost Detail/Button Continue to Book"))

2020-03-13 21:19:32 - [TEST_STEP][NOT_RUN] - if (verifyElementVisible(findTestObject("Web RoomMe.id/RoomMe.id Kost Detail/Button Selected Room"), STOP_ON_FAILURE)): NOT_RUN: if (verifyElementVisible(findTestObject("Web RoomMe.id/RoomMe.id Kost Detail/Button Selected Room"), STOP_ON_FAILURE))

2020-03-13 21:19:32 - [MESSAGE][NOT_RUN] - NOT_RUN: if (verifyElementVisible(findTestObject("Web RoomMe.id/RoomMe.id Kost Detail/Button Selected Room"), STOP_ON_FAILURE))

2020-03-13 21:19:32 - [MESSAGE][PASSED] - Call Test Case 'Test Cases/Web RoomMe.id/Customer Select Kamar' successfully

2020-03-13 21:19:32 - [TEST_STEP][PASSED] - verifyElementVisible(findTestObject("Web RoomMe.id/RoomMe.id Kost Detail/Button Continue to Book")): Object 'Object Repository/Web RoomMe.id/RoomMe.id Kost Detail/Button Continue to Book' is visible

2020-03-13 21:19:33 - [MESSAGE][PASSED] - Object 'Object Repository/Web RoomMe.id/RoomMe.id Kost Detail/Button Continue to Book' is visible

2020-03-13 21:19:33 - [TEST_STEP][PASSED] - scrollToElement(findTestObject("Web RoomMe.id/RoomMe.id Kost Detail/Button Continue to Book"), 2): Scroll to object 'Object Repository/Web RoomMe.id/RoomMe.id Kost Detail/Button Continue to Book' successfully

2020-03-13 21:19:33 - [MESSAGE][PASSED] - Scroll to object 'Object Repository/Web RoomMe.id/RoomMe.id Kost Detail/Button Continue to Book' successfully

2020-03-13 21:19:33 - [TEST_STEP][PASSED] - click(findTestObject("Web RoomMe.id/RoomMe.id Kost Detail/Button Continue to Book")): Object: 'Object Repository/Web RoomMe.id/RoomMe.id Kost Detail/Button Continue to Book' is clicked on

2020-03-13 21:19:34 - [MESSAGE][PASSED] - Object: 'Object Repository/Web RoomMe.id/RoomMe.id Kost Detail/Button Continue to Book' is clicked on

2020-03-13 21:19:34 - [MESSAGE][PASSED] - Call Test Case 'Test Cases/Web RoomMe.id/Customer Continue To Book' successfully

2020-03-13 21:19:34 - [TEST_STEP][PASSED] - verifyElementVisible(findTestObject("Web RoomMe.id/Roomme.id Fill In Data/Text 1 Fill in data")): Object 'Object Repository/Web RoomMe.id/Roomme.id Fill In Data/Text 1 Fill in data' is visible

2020-03-13 21:19:34 - [MESSAGE][PASSED] - Object 'Object Repository/Web RoomMe.id/Roomme.id Fill In Data/Text 1 Fill in data' is visible

2020-03-13 21:19:34 - [TEST_STEP][PASSED] - verifyElementVisible(findTestObject("Web RoomMe.id/Roomme.id Fill In Data/Text 2 Payment")): Object 'Object Repository/Web RoomMe.id/Roomme.id Fill In Data/Text 2 Payment' is visible

2020-03-13 21:19:35 - [MESSAGE][PASSED] - Object 'Object Repository/Web RoomMe.id/Roomme.id Fill In Data/Text 2 Payment' is visible

2020-03-13 21:19:35 - [TEST_STEP][PASSED] - verifyElementVisible(findTestObject("Web RoomMe.id/Roomme.id Fill In Data/Text 3 Done Confirmation Booking")): Object 'Object Repository/Web RoomMe.id/Roomme.id Fill In Data/Text 3 Done Confirmation Booking' is visible

2020-03-13 21:19:35 - [MESSAGE][PASSED] - Object 'Object Repository/Web RoomMe.id/Roomme.id Fill In Data/Text 3 Done Confirmation Booking' is visible

2020-03-13 21:19:35 - [TEST_STEP][NOT_RUN] - verifyElementVisible(findTestObject("Web RoomMe.id/Roomme.id Fill In Data/Field Customer Information")): NOT_RUN: verifyElementVisible(findTestObject("Web RoomMe.id/Roomme.id Fill In Data/Field Customer Information"))

2020-03-13 21:19:35 - [MESSAGE][NOT_RUN] - NOT_RUN: verifyElementVisible(findTestObject("Web RoomMe.id/Roomme.id Fill In Data/Field Customer Information"))

2020-03-13 21:19:35 - [TEST_STEP][PASSED] - verifyElementVisible(findTestObject("Web RoomMe.id/Roomme.id Fill In Data/Text Customer Contact Name")): Object 'Object Repository/Web RoomMe.id/Roomme.id Fill In Data/Text Customer Contact Name' is visible

2020-03-13 21:19:35 - [MESSAGE][PASSED] - Object 'Object Repository/Web RoomMe.id/Roomme.id Fill In Data/Text Customer Contact Name' is visible

2020-03-13 21:19:35 - [TEST_STEP][PASSED] - verifyElementVisible(findTestObject("Web RoomMe.id/Roomme.id Fill In Data/Text Customer Email Address")): Object 'Object Repository/Web RoomMe.id/Roomme.id Fill In Data/Text Customer Email Address' is visible

2020-03-13 21:19:36 - [MESSAGE][PASSED] - Object 'Object Repository/Web RoomMe.id/Roomme.id Fill In Data/Text Customer Email Address' is visible

2020-03-13 21:19:36 - [TEST_STEP][PASSED] - verifyElementVisible(findTestObject("Web RoomMe.id/Roomme.id Fill In Data/Text Customer Phone Number")): Object 'Object Repository/Web RoomMe.id/Roomme.id Fill In Data/Text Customer Phone Number' is visible

2020-03-13 21:19:36 - [MESSAGE][PASSED] - Object 'Object Repository/Web RoomMe.id/Roomme.id Fill In Data/Text Customer Phone Number' is visible

2020-03-13 21:19:36 - [TEST_STEP][PASSED] - verifyElementVisible(findTestObject("Web RoomMe.id/Roomme.id Fill In Data/Text Noted If the data doesnt match please edit in profile")): Object 'Object Repository/Web RoomMe.id/Roomme.id Fill In Data/Text Noted If the data doesnt match please edit in profile' is visible

2020-03-13 21:19:36 - [MESSAGE][PASSED] - Object 'Object Repository/Web RoomMe.id/Roomme.id Fill In Data/Text Noted If the data doesnt match please edit in profile' is visible

2020-03-13 21:19:36 - [TEST_STEP][PASSED] - verifyElementVisible(findTestObject("Web RoomMe.id/Roomme.id Fill In Data/Button Edit Profile")): Object 'Object Repository/Web RoomMe.id/Roomme.id Fill In Data/Button Edit Profile' is visible

2020-03-13 21:19:36 - [MESSAGE][PASSED] - Object 'Object Repository/Web RoomMe.id/Roomme.id Fill In Data/Button Edit Profile' is visible

2020-03-13 21:19:36 - [TEST_STEP][PASSED] - verifyElementVisible(findTestObject("Web RoomMe.id/Roomme.id Fill In Data/Checkbox Please tick if youre making booking for someone else")): Object 'Object Repository/Web RoomMe.id/Roomme.id Fill In Data/Checkbox Please tick if youre making booking for someone else' is visible

2020-03-13 21:19:37 - [MESSAGE][PASSED] - Object 'Object Repository/Web RoomMe.id/Roomme.id Fill In Data/Checkbox Please tick if youre making booking for someone else' is visible

2020-03-13 21:19:37 - [TEST_STEP][NOT_RUN] - verifyElementVisible(findTestObject("Web RoomMe.id/Roomme.id Fill In Data/Field Cancellation Policy")): NOT_RUN: verifyElementVisible(findTestObject("Web RoomMe.id/Roomme.id Fill In Data/Field Cancellation Policy"))

2020-03-13 21:19:37 - [MESSAGE][NOT_RUN] - NOT_RUN: verifyElementVisible(findTestObject("Web RoomMe.id/Roomme.id Fill In Data/Field Cancellation Policy"))

2020-03-13 21:19:37 - [TEST_STEP][NOT_RUN] - verifyElementVisible(findTestObject("Web RoomMe.id/Roomme.id Fill In Data/Field Booking Details")): NOT_RUN: verifyElementVisible(findTestObject("Web RoomMe.id/Roomme.id Fill In Data/Field Booking Details"))

2020-03-13 21:19:37 - [MESSAGE][NOT_RUN] - NOT_RUN: verifyElementVisible(findTestObject("Web RoomMe.id/Roomme.id Fill In Data/Field Booking Details"))

2020-03-13 21:19:37 - [TEST_STEP][PASSED] - verifyElementVisible(findTestObject("Web RoomMe.id/Roomme.id Fill In Data/Button Continue to Payment")): Object 'Object Repository/Web RoomMe.id/Roomme.id Fill In Data/Button Continue to Payment' is visible

2020-03-13 21:19:37 - [MESSAGE][PASSED] - Object 'Object Repository/Web RoomMe.id/Roomme.id Fill In Data/Button Continue to Payment' is visible]]></system-out>
         <system-err><![CDATA[]]></system-err>
      </testcase>
      <testcase name="Test Cases/Web RoomMe.id/Customer Continue to Payment" time="53.245" classname="Test Cases/Web RoomMe.id/Customer Continue to Payment" status="PASSED">
         <system-out><![CDATA[2020-03-13 21:19:37 - [TEST_CASE][PASSED] - Test Cases/Web RoomMe.id/Customer Continue to Payment: Test Cases/Web RoomMe.id/Customer Continue to Payment

2020-03-13 21:19:37 - [TEST_STEP][PASSED] - callTestCase(findTestCase("Web RoomMe.id/Customer Fill Data to Payment"), [:], STOP_ON_FAILURE): Call Test Case 'Test Cases/Web RoomMe.id/Customer Fill Data to Payment' successfully

2020-03-13 21:19:37 - [TEST_CASE][PASSED] - Test Cases/Web RoomMe.id/Customer Fill Data to Payment: Test Cases/Web RoomMe.id/Customer Fill Data to Payment

2020-03-13 21:19:37 - [TEST_STEP][PASSED] - callTestCase(findTestCase("Web RoomMe.id/Customer Continue To Book"), [:], STOP_ON_FAILURE): Call Test Case 'Test Cases/Web RoomMe.id/Customer Continue To Book' successfully

2020-03-13 21:19:37 - [TEST_CASE][PASSED] - Test Cases/Web RoomMe.id/Customer Continue To Book: Test Cases/Web RoomMe.id/Customer Continue To Book

2020-03-13 21:19:37 - [TEST_STEP][PASSED] - callTestCase(findTestCase("Web RoomMe.id/Customer Select Kamar"), [:], STOP_ON_FAILURE): Call Test Case 'Test Cases/Web RoomMe.id/Customer Select Kamar' successfully

2020-03-13 21:19:37 - [TEST_CASE][PASSED] - Test Cases/Web RoomMe.id/Customer Select Kamar: Test Cases/Web RoomMe.id/Customer Select Kamar

2020-03-13 21:19:37 - [TEST_STEP][PASSED] - callTestCase(findTestCase("Web RoomMe.id/Customer Select Kost"), [:], STOP_ON_FAILURE): Call Test Case 'Test Cases/Web RoomMe.id/Customer Select Kost' successfully

2020-03-13 21:19:37 - [TEST_CASE][PASSED] - Test Cases/Web RoomMe.id/Customer Select Kost: Test Cases/Web RoomMe.id/Customer Select Kost

2020-03-13 21:19:37 - [TEST_STEP][PASSED] - callTestCase(findTestCase("Web RoomMe.id/Customer Search For Kost"), [:], STOP_ON_FAILURE): Call Test Case 'Test Cases/Web RoomMe.id/Customer Search For Kost' successfully

2020-03-13 21:19:37 - [TEST_CASE][PASSED] - Test Cases/Web RoomMe.id/Customer Search For Kost: Test Cases/Web RoomMe.id/Customer Search For Kost

2020-03-13 21:19:37 - [TEST_STEP][PASSED] - callTestCase(findTestCase("Web RoomMe.id/Customer Login"), [:], STOP_ON_FAILURE): Call Test Case 'Test Cases/Web RoomMe.id/Customer Login' successfully

2020-03-13 21:19:38 - [TEST_CASE][PASSED] - Test Cases/Web RoomMe.id/Customer Login: Test Cases/Web RoomMe.id/Customer Login

2020-03-13 21:19:38 - [TEST_STEP][PASSED] - callTestCase(findTestCase("Web RoomMe.id/Customer Access RoomMe Page"), [:], STOP_ON_FAILURE): Call Test Case 'Test Cases/Web RoomMe.id/Customer Access RoomMe Page' successfully

2020-03-13 21:19:38 - [TEST_CASE][PASSED] - Test Cases/Web RoomMe.id/Customer Access RoomMe Page: Test Cases/Web RoomMe.id/Customer Access RoomMe Page

2020-03-13 21:19:38 - [TEST_STEP][PASSED] - openBrowser(""): Browser is opened with url: ''

2020-03-13 21:19:38 - [MESSAGE][WARNING] - A browser is already opened. Closing browser and opening a new one

2020-03-13 21:19:38 - [MESSAGE][INFO] - Starting 'Chrome' driver

2020-03-13 21:19:44 - [MESSAGE][PASSED] - Browser is opened with url: ''

2020-03-13 21:19:44 - [TEST_STEP][PASSED] - navigateToUrl("https://web.roomme.id/"): Navigate to 'https://web.roomme.id/' successfully

2020-03-13 21:19:56 - [MESSAGE][PASSED] - Navigate to 'https://web.roomme.id/' successfully

2020-03-13 21:19:56 - [TEST_STEP][PASSED] - maximizeWindow(): Current window maximized

2020-03-13 21:20:00 - [MESSAGE][PASSED] - Current window maximized

2020-03-13 21:20:00 - [MESSAGE][PASSED] - Call Test Case 'Test Cases/Web RoomMe.id/Customer Access RoomMe Page' successfully

2020-03-13 21:20:00 - [TEST_STEP][PASSED] - click(findTestObject("Web RoomMe.id/RoomMe.id Homepage/Button Sign In")): Object: 'Object Repository/Web RoomMe.id/RoomMe.id Homepage/Button Sign In' is clicked on

2020-03-13 21:20:01 - [MESSAGE][PASSED] - Object: 'Object Repository/Web RoomMe.id/RoomMe.id Homepage/Button Sign In' is clicked on

2020-03-13 21:20:01 - [TEST_STEP][PASSED] - verifyElementVisible(findTestObject("Web RoomMe.id/Sign In Menu/Textfield Email")): Object 'Object Repository/Web RoomMe.id/Sign In Menu/Textfield Email' is visible

2020-03-13 21:20:01 - [MESSAGE][PASSED] - Object 'Object Repository/Web RoomMe.id/Sign In Menu/Textfield Email' is visible

2020-03-13 21:20:01 - [TEST_STEP][PASSED] - verifyElementVisible(findTestObject("Web RoomMe.id/Sign In Menu/Textfield Password")): Object 'Object Repository/Web RoomMe.id/Sign In Menu/Textfield Password' is visible

2020-03-13 21:20:02 - [MESSAGE][PASSED] - Object 'Object Repository/Web RoomMe.id/Sign In Menu/Textfield Password' is visible

2020-03-13 21:20:02 - [TEST_STEP][PASSED] - verifyElementVisible(findTestObject("Web RoomMe.id/RoomMe.id Homepage/Button Sign In")): Object 'Object Repository/Web RoomMe.id/RoomMe.id Homepage/Button Sign In' is visible

2020-03-13 21:20:02 - [MESSAGE][PASSED] - Object 'Object Repository/Web RoomMe.id/RoomMe.id Homepage/Button Sign In' is visible

2020-03-13 21:20:02 - [TEST_STEP][PASSED] - verifyElementVisible(findTestObject("Web RoomMe.id/Sign In Menu/Button Forgot Password")): Object 'Object Repository/Web RoomMe.id/Sign In Menu/Button Forgot Password' is visible

2020-03-13 21:20:02 - [MESSAGE][PASSED] - Object 'Object Repository/Web RoomMe.id/Sign In Menu/Button Forgot Password' is visible

2020-03-13 21:20:02 - [TEST_STEP][PASSED] - setText(findTestObject("Web RoomMe.id/Sign In Menu/Textfield Email"), "faldinv68@gmail.com"): Text 'faldinv68@gmail.com' is set on object 'Object Repository/Web RoomMe.id/Sign In Menu/Textfield Email'

2020-03-13 21:20:03 - [MESSAGE][PASSED] - Text 'faldinv68@gmail.com' is set on object 'Object Repository/Web RoomMe.id/Sign In Menu/Textfield Email'

2020-03-13 21:20:03 - [TEST_STEP][PASSED] - setEncryptedText(findTestObject("Web RoomMe.id/Sign In Menu/Textfield Password"), "aeHFOx8jV/A="): Text ****** has been set on object 'Object Repository/Web RoomMe.id/Sign In Menu/Textfield Password'

2020-03-13 21:20:03 - [MESSAGE][PASSED] - Text ****** has been set on object 'Object Repository/Web RoomMe.id/Sign In Menu/Textfield Password'

2020-03-13 21:20:03 - [TEST_STEP][PASSED] - click(findTestObject("Web RoomMe.id/Sign In Menu/Button Sign In")): Object: 'Object Repository/Web RoomMe.id/Sign In Menu/Button Sign In' is clicked on

2020-03-13 21:20:04 - [MESSAGE][PASSED] - Object: 'Object Repository/Web RoomMe.id/Sign In Menu/Button Sign In' is clicked on

2020-03-13 21:20:04 - [TEST_STEP][PASSED] - verifyElementVisible(findTestObject("Web RoomMe.id/Sign In Menu/Button User Menu")): Object 'Object Repository/Web RoomMe.id/Sign In Menu/Button User Menu' is visible

2020-03-13 21:20:07 - [MESSAGE][PASSED] - Object 'Object Repository/Web RoomMe.id/Sign In Menu/Button User Menu' is visible

2020-03-13 21:20:07 - [TEST_STEP][PASSED] - takeScreenshot("Evidence/Login.png"): Taking screenshot successfully

2020-03-13 21:20:08 - [MESSAGE][PASSED] - Taking screenshot successfully
[[ATTACHMENT|C:\\Users\\Faldi\\Katalon Studio\\RoomMe\\Reports\\20200313_211453\\Web RoomMe.id\\Customer Booking Kost Using Virtual Account\\20200313_211453\\Evidence/Login.png]]

2020-03-13 21:20:08 - [MESSAGE][PASSED] - Call Test Case 'Test Cases/Web RoomMe.id/Customer Login' successfully

2020-03-13 21:20:08 - [TEST_STEP][PASSED] - setText(findTestObject("Object Repository/Web RoomMe.id/Search Kost Menu/input"), "tebet"): Text 'tebet' is set on object 'Object Repository/Web RoomMe.id/Search Kost Menu/input'

2020-03-13 21:20:08 - [MESSAGE][PASSED] - Text 'tebet' is set on object 'Object Repository/Web RoomMe.id/Search Kost Menu/input'

2020-03-13 21:20:08 - [TEST_STEP][PASSED] - click(findTestObject("Web RoomMe.id/RoomMe.id Homepage/Text Suggestion Location (Tebet)")): Object: 'Object Repository/Web RoomMe.id/RoomMe.id Homepage/Text Suggestion Location (Tebet)' is clicked on

2020-03-13 21:20:09 - [MESSAGE][PASSED] - Object: 'Object Repository/Web RoomMe.id/RoomMe.id Homepage/Text Suggestion Location (Tebet)' is clicked on

2020-03-13 21:20:09 - [TEST_STEP][PASSED] - click(findTestObject("Object Repository/Web RoomMe.id/Search Kost Menu/Datepicker")): Object: 'Object Repository/Web RoomMe.id/Search Kost Menu/Datepicker' is clicked on

2020-03-13 21:20:10 - [MESSAGE][PASSED] - Object: 'Object Repository/Web RoomMe.id/Search Kost Menu/Datepicker' is clicked on

2020-03-13 21:20:10 - [TEST_STEP][PASSED] - click(findTestObject("Object Repository/Web RoomMe.id/Search Kost Menu/Day Pick")): Object: 'Object Repository/Web RoomMe.id/Search Kost Menu/Day Pick' is clicked on

2020-03-13 21:20:11 - [MESSAGE][PASSED] - Object: 'Object Repository/Web RoomMe.id/Search Kost Menu/Day Pick' is clicked on

2020-03-13 21:20:11 - [TEST_STEP][PASSED] - click(findTestObject("Object Repository/Web RoomMe.id/Search Kost Menu/Button Duration")): Object: 'Object Repository/Web RoomMe.id/Search Kost Menu/Button Duration' is clicked on

2020-03-13 21:20:11 - [MESSAGE][PASSED] - Object: 'Object Repository/Web RoomMe.id/Search Kost Menu/Button Duration' is clicked on

2020-03-13 21:20:11 - [TEST_STEP][PASSED] - click(findTestObject("Object Repository/Web RoomMe.id/Search Kost Menu/Button 1 Month")): Object: 'Object Repository/Web RoomMe.id/Search Kost Menu/Button 1 Month' is clicked on

2020-03-13 21:20:12 - [MESSAGE][PASSED] - Object: 'Object Repository/Web RoomMe.id/Search Kost Menu/Button 1 Month' is clicked on

2020-03-13 21:20:12 - [TEST_STEP][PASSED] - click(findTestObject("Object Repository/Web RoomMe.id/Search Kost Menu/Button Additional")): Object: 'Object Repository/Web RoomMe.id/Search Kost Menu/Button Additional' is clicked on

2020-03-13 21:20:12 - [MESSAGE][PASSED] - Object: 'Object Repository/Web RoomMe.id/Search Kost Menu/Button Additional' is clicked on

2020-03-13 21:20:12 - [TEST_STEP][PASSED] - click(findTestObject("Object Repository/Web RoomMe.id/Search Kost Menu/Button 1 Day")): Object: 'Object Repository/Web RoomMe.id/Search Kost Menu/Button 1 Day' is clicked on

2020-03-13 21:20:13 - [MESSAGE][PASSED] - Object: 'Object Repository/Web RoomMe.id/Search Kost Menu/Button 1 Day' is clicked on

2020-03-13 21:20:13 - [TEST_STEP][PASSED] - click(findTestObject("Object Repository/Web RoomMe.id/Search Kost Menu/Button Search")): Object: 'Object Repository/Web RoomMe.id/Search Kost Menu/Button Search' is clicked on

2020-03-13 21:20:17 - [MESSAGE][PASSED] - Object: 'Object Repository/Web RoomMe.id/Search Kost Menu/Button Search' is clicked on

2020-03-13 21:20:17 - [TEST_STEP][NOT_RUN] - verifyElementVisible(findTestObject("Web RoomMe.id/Search Result Menu/Field Facilities")): NOT_RUN: verifyElementVisible(findTestObject("Web RoomMe.id/Search Result Menu/Field Facilities"))

2020-03-13 21:20:17 - [MESSAGE][NOT_RUN] - NOT_RUN: verifyElementVisible(findTestObject("Web RoomMe.id/Search Result Menu/Field Facilities"))

2020-03-13 21:20:17 - [TEST_STEP][PASSED] - verifyElementVisible(findTestObject("Web RoomMe.id/Search Result Menu/Text Nama Kost")): Object 'Object Repository/Web RoomMe.id/Search Result Menu/Text Nama Kost' is visible

2020-03-13 21:20:17 - [MESSAGE][PASSED] - Object 'Object Repository/Web RoomMe.id/Search Result Menu/Text Nama Kost' is visible

2020-03-13 21:20:17 - [TEST_STEP][NOT_RUN] - verifyElementVisible(findTestObject("Web RoomMe.id/Search Result Menu/div_Submit_col-md-4 img-s")): NOT_RUN: verifyElementVisible(findTestObject("Web RoomMe.id/Search Result Menu/div_Submit_col-md-4 img-s"))

2020-03-13 21:20:17 - [MESSAGE][NOT_RUN] - NOT_RUN: verifyElementVisible(findTestObject("Web RoomMe.id/Search Result Menu/div_Submit_col-md-4 img-s"))

2020-03-13 21:20:18 - [TEST_STEP][NOT_RUN] - verifyElementVisible(findTestObject("Web RoomMe.id/Search Result Menu/div_Rp1400000")): NOT_RUN: verifyElementVisible(findTestObject("Web RoomMe.id/Search Result Menu/div_Rp1400000"))

2020-03-13 21:20:18 - [MESSAGE][NOT_RUN] - NOT_RUN: verifyElementVisible(findTestObject("Web RoomMe.id/Search Result Menu/div_Rp1400000"))

2020-03-13 21:20:18 - [TEST_STEP][PASSED] - verifyElementVisible(findTestObject("Web RoomMe.id/Search Result Menu/Image Kost")): Object 'Object Repository/Web RoomMe.id/Search Result Menu/Image Kost' is visible

2020-03-13 21:20:18 - [MESSAGE][PASSED] - Object 'Object Repository/Web RoomMe.id/Search Result Menu/Image Kost' is visible

2020-03-13 21:20:18 - [MESSAGE][PASSED] - Call Test Case 'Test Cases/Web RoomMe.id/Customer Search For Kost' successfully

2020-03-13 21:20:18 - [TEST_STEP][PASSED] - click(findTestObject("Web RoomMe.id/Search Result Menu/Image Kost")): Object: 'Object Repository/Web RoomMe.id/Search Result Menu/Image Kost' is clicked on

2020-03-13 21:20:18 - [MESSAGE][PASSED] - Object: 'Object Repository/Web RoomMe.id/Search Result Menu/Image Kost' is clicked on

2020-03-13 21:20:18 - [TEST_STEP][NOT_RUN] - verifyElementVisible(findTestObject("Web RoomMe.id/RoomMe.id Kost Detail/Image Primary Photo")): NOT_RUN: verifyElementVisible(findTestObject("Web RoomMe.id/RoomMe.id Kost Detail/Image Primary Photo"))

2020-03-13 21:20:18 - [MESSAGE][NOT_RUN] - NOT_RUN: verifyElementVisible(findTestObject("Web RoomMe.id/RoomMe.id Kost Detail/Image Primary Photo"))

2020-03-13 21:20:18 - [TEST_STEP][PASSED] - verifyElementVisible(findTestObject("Web RoomMe.id/RoomMe.id Kost Detail/Image Second Photo")): Object 'Object Repository/Web RoomMe.id/RoomMe.id Kost Detail/Image Second Photo' is visible

2020-03-13 21:20:22 - [MESSAGE][PASSED] - Object 'Object Repository/Web RoomMe.id/RoomMe.id Kost Detail/Image Second Photo' is visible

2020-03-13 21:20:22 - [TEST_STEP][PASSED] - verifyElementVisible(findTestObject("Web RoomMe.id/RoomMe.id Kost Detail/Text Nama Kost")): Object 'Object Repository/Web RoomMe.id/RoomMe.id Kost Detail/Text Nama Kost' is visible

2020-03-13 21:20:22 - [MESSAGE][PASSED] - Object 'Object Repository/Web RoomMe.id/RoomMe.id Kost Detail/Text Nama Kost' is visible

2020-03-13 21:20:22 - [TEST_STEP][PASSED] - kostname = getText(findTestObject("Web RoomMe.id/Search Result Menu/Text Nama Kost")): Text of object 'Object Repository/Web RoomMe.id/Search Result Menu/Text Nama Kost' is: ''

2020-03-13 21:20:23 - [MESSAGE][PASSED] - Text of object 'Object Repository/Web RoomMe.id/Search Result Menu/Text Nama Kost' is: ''

2020-03-13 21:20:23 - [TEST_STEP][NOT_RUN] - verifyElementText(findTestObject("Web RoomMe.id/RoomMe.id Kost Detail/Text Nama Kost"), kostname, STOP_ON_FAILURE): NOT_RUN: verifyElementText(findTestObject("Web RoomMe.id/RoomMe.id Kost Detail/Text Nama Kost"), kostname, STOP_ON_FAILURE)

2020-03-13 21:20:23 - [MESSAGE][NOT_RUN] - NOT_RUN: verifyElementText(findTestObject("Web RoomMe.id/RoomMe.id Kost Detail/Text Nama Kost"), kostname, STOP_ON_FAILURE)

2020-03-13 21:20:23 - [TEST_STEP][PASSED] - verifyElementVisible(findTestObject("Web RoomMe.id/RoomMe.id Kost Detail/Button Read More")): Object 'Object Repository/Web RoomMe.id/RoomMe.id Kost Detail/Button Read More' is visible

2020-03-13 21:20:23 - [MESSAGE][PASSED] - Object 'Object Repository/Web RoomMe.id/RoomMe.id Kost Detail/Button Read More' is visible

2020-03-13 21:20:23 - [TEST_STEP][PASSED] - verifyElementVisible(findTestObject("Web RoomMe.id/RoomMe.id Kost Detail/Button See Map")): Object 'Object Repository/Web RoomMe.id/RoomMe.id Kost Detail/Button See Map' is visible

2020-03-13 21:20:23 - [MESSAGE][PASSED] - Object 'Object Repository/Web RoomMe.id/RoomMe.id Kost Detail/Button See Map' is visible

2020-03-13 21:20:23 - [TEST_STEP][PASSED] - verifyElementVisible(findTestObject("Web RoomMe.id/RoomMe.id Kost Detail/Button Map")): Object 'Object Repository/Web RoomMe.id/RoomMe.id Kost Detail/Button Map' is visible

2020-03-13 21:20:24 - [MESSAGE][PASSED] - Object 'Object Repository/Web RoomMe.id/RoomMe.id Kost Detail/Button Map' is visible

2020-03-13 21:20:24 - [TEST_STEP][NOT_RUN] - verifyElementVisible(findTestObject("Web RoomMe.id/RoomMe.id Kost Detail/Field Building Facilities")): NOT_RUN: verifyElementVisible(findTestObject("Web RoomMe.id/RoomMe.id Kost Detail/Field Building Facilities"))

2020-03-13 21:20:24 - [MESSAGE][NOT_RUN] - NOT_RUN: verifyElementVisible(findTestObject("Web RoomMe.id/RoomMe.id Kost Detail/Field Building Facilities"))

2020-03-13 21:20:24 - [TEST_STEP][PASSED] - verifyElementVisible(findTestObject("Web RoomMe.id/RoomMe.id Kost Detail/Field Room Details")): Object 'Object Repository/Web RoomMe.id/RoomMe.id Kost Detail/Field Room Details' is visible

2020-03-13 21:20:24 - [MESSAGE][PASSED] - Object 'Object Repository/Web RoomMe.id/RoomMe.id Kost Detail/Field Room Details' is visible

2020-03-13 21:20:24 - [TEST_STEP][NOT_RUN] - verifyElementVisible(findTestObject("Web RoomMe.id/RoomMe.id Kost Detail/Field Booking Summary")): NOT_RUN: verifyElementVisible(findTestObject("Web RoomMe.id/RoomMe.id Kost Detail/Field Booking Summary"))

2020-03-13 21:20:24 - [MESSAGE][NOT_RUN] - NOT_RUN: verifyElementVisible(findTestObject("Web RoomMe.id/RoomMe.id Kost Detail/Field Booking Summary"))

2020-03-13 21:20:24 - [TEST_STEP][NOT_RUN] - verifyElementVisible(findTestObject("Web RoomMe.id/RoomMe.id Kost Detail/Field Reccomend Kost Nearby")): NOT_RUN: verifyElementVisible(findTestObject("Web RoomMe.id/RoomMe.id Kost Detail/Field Reccomend Kost Nearby"))

2020-03-13 21:20:24 - [MESSAGE][NOT_RUN] - NOT_RUN: verifyElementVisible(findTestObject("Web RoomMe.id/RoomMe.id Kost Detail/Field Reccomend Kost Nearby"))

2020-03-13 21:20:24 - [TEST_STEP][NOT_RUN] - verifyElementVisible(findTestObject("Web RoomMe.id/RoomMe.id Kost Detail/Button Select")): NOT_RUN: verifyElementVisible(findTestObject("Web RoomMe.id/RoomMe.id Kost Detail/Button Select"))

2020-03-13 21:20:24 - [MESSAGE][NOT_RUN] - NOT_RUN: verifyElementVisible(findTestObject("Web RoomMe.id/RoomMe.id Kost Detail/Button Select"))

2020-03-13 21:20:24 - [TEST_STEP][PASSED] - verifyElementVisible(findTestObject("Web RoomMe.id/RoomMe.id Kost Detail/Button Booking Summary")): Object 'Object Repository/Web RoomMe.id/RoomMe.id Kost Detail/Button Booking Summary' is visible

2020-03-13 21:20:24 - [MESSAGE][PASSED] - Object 'Object Repository/Web RoomMe.id/RoomMe.id Kost Detail/Button Booking Summary' is visible

2020-03-13 21:20:24 - [TEST_STEP][PASSED] - verifyElementVisible(findTestObject("Web RoomMe.id/RoomMe.id Kost Detail/Button Schedule Free Visit")): Object 'Object Repository/Web RoomMe.id/RoomMe.id Kost Detail/Button Schedule Free Visit' is visible

2020-03-13 21:20:24 - [MESSAGE][PASSED] - Object 'Object Repository/Web RoomMe.id/RoomMe.id Kost Detail/Button Schedule Free Visit' is visible

2020-03-13 21:20:24 - [MESSAGE][PASSED] - Call Test Case 'Test Cases/Web RoomMe.id/Customer Select Kost' successfully

2020-03-13 21:20:24 - [TEST_STEP][PASSED] - click(findTestObject("Web RoomMe.id/RoomMe.id Kost Detail/Button Continue to Book")): Object: 'Object Repository/Web RoomMe.id/RoomMe.id Kost Detail/Button Continue to Book' is clicked on

2020-03-13 21:20:25 - [MESSAGE][PASSED] - Object: 'Object Repository/Web RoomMe.id/RoomMe.id Kost Detail/Button Continue to Book' is clicked on

2020-03-13 21:20:25 - [TEST_STEP][NOT_RUN] - verifyElementVisible(findTestObject("Web RoomMe.id/RoomMe.id Kost Detail/Button Continue to Book")): NOT_RUN: verifyElementVisible(findTestObject("Web RoomMe.id/RoomMe.id Kost Detail/Button Continue to Book"))

2020-03-13 21:20:25 - [MESSAGE][NOT_RUN] - NOT_RUN: verifyElementVisible(findTestObject("Web RoomMe.id/RoomMe.id Kost Detail/Button Continue to Book"))

2020-03-13 21:20:25 - [TEST_STEP][NOT_RUN] - if (verifyElementVisible(findTestObject("Web RoomMe.id/RoomMe.id Kost Detail/Button Selected Room"), STOP_ON_FAILURE)): NOT_RUN: if (verifyElementVisible(findTestObject("Web RoomMe.id/RoomMe.id Kost Detail/Button Selected Room"), STOP_ON_FAILURE))

2020-03-13 21:20:25 - [MESSAGE][NOT_RUN] - NOT_RUN: if (verifyElementVisible(findTestObject("Web RoomMe.id/RoomMe.id Kost Detail/Button Selected Room"), STOP_ON_FAILURE))

2020-03-13 21:20:25 - [MESSAGE][PASSED] - Call Test Case 'Test Cases/Web RoomMe.id/Customer Select Kamar' successfully

2020-03-13 21:20:25 - [TEST_STEP][PASSED] - verifyElementVisible(findTestObject("Web RoomMe.id/RoomMe.id Kost Detail/Button Continue to Book")): Object 'Object Repository/Web RoomMe.id/RoomMe.id Kost Detail/Button Continue to Book' is visible

2020-03-13 21:20:26 - [MESSAGE][PASSED] - Object 'Object Repository/Web RoomMe.id/RoomMe.id Kost Detail/Button Continue to Book' is visible

2020-03-13 21:20:26 - [TEST_STEP][PASSED] - scrollToElement(findTestObject("Web RoomMe.id/RoomMe.id Kost Detail/Button Continue to Book"), 2): Scroll to object 'Object Repository/Web RoomMe.id/RoomMe.id Kost Detail/Button Continue to Book' successfully

2020-03-13 21:20:26 - [MESSAGE][PASSED] - Scroll to object 'Object Repository/Web RoomMe.id/RoomMe.id Kost Detail/Button Continue to Book' successfully

2020-03-13 21:20:26 - [TEST_STEP][PASSED] - click(findTestObject("Web RoomMe.id/RoomMe.id Kost Detail/Button Continue to Book")): Object: 'Object Repository/Web RoomMe.id/RoomMe.id Kost Detail/Button Continue to Book' is clicked on

2020-03-13 21:20:26 - [MESSAGE][PASSED] - Object: 'Object Repository/Web RoomMe.id/RoomMe.id Kost Detail/Button Continue to Book' is clicked on

2020-03-13 21:20:26 - [MESSAGE][PASSED] - Call Test Case 'Test Cases/Web RoomMe.id/Customer Continue To Book' successfully

2020-03-13 21:20:26 - [TEST_STEP][PASSED] - verifyElementVisible(findTestObject("Web RoomMe.id/Roomme.id Fill In Data/Text 1 Fill in data")): Object 'Object Repository/Web RoomMe.id/Roomme.id Fill In Data/Text 1 Fill in data' is visible

2020-03-13 21:20:27 - [MESSAGE][PASSED] - Object 'Object Repository/Web RoomMe.id/Roomme.id Fill In Data/Text 1 Fill in data' is visible

2020-03-13 21:20:27 - [TEST_STEP][PASSED] - verifyElementVisible(findTestObject("Web RoomMe.id/Roomme.id Fill In Data/Text 2 Payment")): Object 'Object Repository/Web RoomMe.id/Roomme.id Fill In Data/Text 2 Payment' is visible

2020-03-13 21:20:28 - [MESSAGE][PASSED] - Object 'Object Repository/Web RoomMe.id/Roomme.id Fill In Data/Text 2 Payment' is visible

2020-03-13 21:20:28 - [TEST_STEP][PASSED] - verifyElementVisible(findTestObject("Web RoomMe.id/Roomme.id Fill In Data/Text 3 Done Confirmation Booking")): Object 'Object Repository/Web RoomMe.id/Roomme.id Fill In Data/Text 3 Done Confirmation Booking' is visible

2020-03-13 21:20:28 - [MESSAGE][PASSED] - Object 'Object Repository/Web RoomMe.id/Roomme.id Fill In Data/Text 3 Done Confirmation Booking' is visible

2020-03-13 21:20:28 - [TEST_STEP][NOT_RUN] - verifyElementVisible(findTestObject("Web RoomMe.id/Roomme.id Fill In Data/Field Customer Information")): NOT_RUN: verifyElementVisible(findTestObject("Web RoomMe.id/Roomme.id Fill In Data/Field Customer Information"))

2020-03-13 21:20:28 - [MESSAGE][NOT_RUN] - NOT_RUN: verifyElementVisible(findTestObject("Web RoomMe.id/Roomme.id Fill In Data/Field Customer Information"))

2020-03-13 21:20:28 - [TEST_STEP][PASSED] - verifyElementVisible(findTestObject("Web RoomMe.id/Roomme.id Fill In Data/Text Customer Contact Name")): Object 'Object Repository/Web RoomMe.id/Roomme.id Fill In Data/Text Customer Contact Name' is visible

2020-03-13 21:20:28 - [MESSAGE][PASSED] - Object 'Object Repository/Web RoomMe.id/Roomme.id Fill In Data/Text Customer Contact Name' is visible

2020-03-13 21:20:28 - [TEST_STEP][PASSED] - verifyElementVisible(findTestObject("Web RoomMe.id/Roomme.id Fill In Data/Text Customer Email Address")): Object 'Object Repository/Web RoomMe.id/Roomme.id Fill In Data/Text Customer Email Address' is visible

2020-03-13 21:20:29 - [MESSAGE][PASSED] - Object 'Object Repository/Web RoomMe.id/Roomme.id Fill In Data/Text Customer Email Address' is visible

2020-03-13 21:20:29 - [TEST_STEP][PASSED] - verifyElementVisible(findTestObject("Web RoomMe.id/Roomme.id Fill In Data/Text Customer Phone Number")): Object 'Object Repository/Web RoomMe.id/Roomme.id Fill In Data/Text Customer Phone Number' is visible

2020-03-13 21:20:29 - [MESSAGE][PASSED] - Object 'Object Repository/Web RoomMe.id/Roomme.id Fill In Data/Text Customer Phone Number' is visible

2020-03-13 21:20:29 - [TEST_STEP][PASSED] - verifyElementVisible(findTestObject("Web RoomMe.id/Roomme.id Fill In Data/Text Noted If the data doesnt match please edit in profile")): Object 'Object Repository/Web RoomMe.id/Roomme.id Fill In Data/Text Noted If the data doesnt match please edit in profile' is visible

2020-03-13 21:20:29 - [MESSAGE][PASSED] - Object 'Object Repository/Web RoomMe.id/Roomme.id Fill In Data/Text Noted If the data doesnt match please edit in profile' is visible

2020-03-13 21:20:29 - [TEST_STEP][PASSED] - verifyElementVisible(findTestObject("Web RoomMe.id/Roomme.id Fill In Data/Button Edit Profile")): Object 'Object Repository/Web RoomMe.id/Roomme.id Fill In Data/Button Edit Profile' is visible

2020-03-13 21:20:29 - [MESSAGE][PASSED] - Object 'Object Repository/Web RoomMe.id/Roomme.id Fill In Data/Button Edit Profile' is visible

2020-03-13 21:20:29 - [TEST_STEP][PASSED] - verifyElementVisible(findTestObject("Web RoomMe.id/Roomme.id Fill In Data/Checkbox Please tick if youre making booking for someone else")): Object 'Object Repository/Web RoomMe.id/Roomme.id Fill In Data/Checkbox Please tick if youre making booking for someone else' is visible

2020-03-13 21:20:30 - [MESSAGE][PASSED] - Object 'Object Repository/Web RoomMe.id/Roomme.id Fill In Data/Checkbox Please tick if youre making booking for someone else' is visible

2020-03-13 21:20:30 - [TEST_STEP][NOT_RUN] - verifyElementVisible(findTestObject("Web RoomMe.id/Roomme.id Fill In Data/Field Cancellation Policy")): NOT_RUN: verifyElementVisible(findTestObject("Web RoomMe.id/Roomme.id Fill In Data/Field Cancellation Policy"))

2020-03-13 21:20:30 - [MESSAGE][NOT_RUN] - NOT_RUN: verifyElementVisible(findTestObject("Web RoomMe.id/Roomme.id Fill In Data/Field Cancellation Policy"))

2020-03-13 21:20:30 - [TEST_STEP][NOT_RUN] - verifyElementVisible(findTestObject("Web RoomMe.id/Roomme.id Fill In Data/Field Booking Details")): NOT_RUN: verifyElementVisible(findTestObject("Web RoomMe.id/Roomme.id Fill In Data/Field Booking Details"))

2020-03-13 21:20:30 - [MESSAGE][NOT_RUN] - NOT_RUN: verifyElementVisible(findTestObject("Web RoomMe.id/Roomme.id Fill In Data/Field Booking Details"))

2020-03-13 21:20:30 - [TEST_STEP][PASSED] - verifyElementVisible(findTestObject("Web RoomMe.id/Roomme.id Fill In Data/Button Continue to Payment")): Object 'Object Repository/Web RoomMe.id/Roomme.id Fill In Data/Button Continue to Payment' is visible

2020-03-13 21:20:30 - [MESSAGE][PASSED] - Object 'Object Repository/Web RoomMe.id/Roomme.id Fill In Data/Button Continue to Payment' is visible

2020-03-13 21:20:30 - [MESSAGE][PASSED] - Call Test Case 'Test Cases/Web RoomMe.id/Customer Fill Data to Payment' successfully

2020-03-13 21:20:30 - [TEST_STEP][PASSED] - click(findTestObject("Web RoomMe.id/Roomme.id Fill In Data/Button Continue to Payment")): Object: 'Object Repository/Web RoomMe.id/Roomme.id Fill In Data/Button Continue to Payment' is clicked on

2020-03-13 21:20:30 - [MESSAGE][PASSED] - Object: 'Object Repository/Web RoomMe.id/Roomme.id Fill In Data/Button Continue to Payment' is clicked on]]></system-out>
         <system-err><![CDATA[]]></system-err>
      </testcase>
      <testcase name="Test Cases/Web RoomMe.id/Customer Access Payment Option Page" time="57.6" classname="Test Cases/Web RoomMe.id/Customer Access Payment Option Page" status="PASSED">
         <system-out><![CDATA[2020-03-13 21:20:30 - [TEST_CASE][PASSED] - Test Cases/Web RoomMe.id/Customer Access Payment Option Page: Test Cases/Web RoomMe.id/Customer Access Payment Option Page

2020-03-13 21:20:30 - [TEST_STEP][PASSED] - callTestCase(findTestCase("Web RoomMe.id/Customer Continue to Payment"), [:], STOP_ON_FAILURE): Call Test Case 'Test Cases/Web RoomMe.id/Customer Continue to Payment' successfully

2020-03-13 21:20:31 - [TEST_CASE][PASSED] - Test Cases/Web RoomMe.id/Customer Continue to Payment: Test Cases/Web RoomMe.id/Customer Continue to Payment

2020-03-13 21:20:31 - [TEST_STEP][PASSED] - callTestCase(findTestCase("Web RoomMe.id/Customer Fill Data to Payment"), [:], STOP_ON_FAILURE): Call Test Case 'Test Cases/Web RoomMe.id/Customer Fill Data to Payment' successfully

2020-03-13 21:20:31 - [TEST_CASE][PASSED] - Test Cases/Web RoomMe.id/Customer Fill Data to Payment: Test Cases/Web RoomMe.id/Customer Fill Data to Payment

2020-03-13 21:20:32 - [TEST_STEP][PASSED] - callTestCase(findTestCase("Web RoomMe.id/Customer Continue To Book"), [:], STOP_ON_FAILURE): Call Test Case 'Test Cases/Web RoomMe.id/Customer Continue To Book' successfully

2020-03-13 21:20:32 - [TEST_CASE][PASSED] - Test Cases/Web RoomMe.id/Customer Continue To Book: Test Cases/Web RoomMe.id/Customer Continue To Book

2020-03-13 21:20:32 - [TEST_STEP][PASSED] - callTestCase(findTestCase("Web RoomMe.id/Customer Select Kamar"), [:], STOP_ON_FAILURE): Call Test Case 'Test Cases/Web RoomMe.id/Customer Select Kamar' successfully

2020-03-13 21:20:32 - [TEST_CASE][PASSED] - Test Cases/Web RoomMe.id/Customer Select Kamar: Test Cases/Web RoomMe.id/Customer Select Kamar

2020-03-13 21:20:32 - [TEST_STEP][PASSED] - callTestCase(findTestCase("Web RoomMe.id/Customer Select Kost"), [:], STOP_ON_FAILURE): Call Test Case 'Test Cases/Web RoomMe.id/Customer Select Kost' successfully

2020-03-13 21:20:32 - [TEST_CASE][PASSED] - Test Cases/Web RoomMe.id/Customer Select Kost: Test Cases/Web RoomMe.id/Customer Select Kost

2020-03-13 21:20:32 - [TEST_STEP][PASSED] - callTestCase(findTestCase("Web RoomMe.id/Customer Search For Kost"), [:], STOP_ON_FAILURE): Call Test Case 'Test Cases/Web RoomMe.id/Customer Search For Kost' successfully

2020-03-13 21:20:32 - [TEST_CASE][PASSED] - Test Cases/Web RoomMe.id/Customer Search For Kost: Test Cases/Web RoomMe.id/Customer Search For Kost

2020-03-13 21:20:32 - [TEST_STEP][PASSED] - callTestCase(findTestCase("Web RoomMe.id/Customer Login"), [:], STOP_ON_FAILURE): Call Test Case 'Test Cases/Web RoomMe.id/Customer Login' successfully

2020-03-13 21:20:32 - [TEST_CASE][PASSED] - Test Cases/Web RoomMe.id/Customer Login: Test Cases/Web RoomMe.id/Customer Login

2020-03-13 21:20:32 - [TEST_STEP][PASSED] - callTestCase(findTestCase("Web RoomMe.id/Customer Access RoomMe Page"), [:], STOP_ON_FAILURE): Call Test Case 'Test Cases/Web RoomMe.id/Customer Access RoomMe Page' successfully

2020-03-13 21:20:32 - [TEST_CASE][PASSED] - Test Cases/Web RoomMe.id/Customer Access RoomMe Page: Test Cases/Web RoomMe.id/Customer Access RoomMe Page

2020-03-13 21:20:32 - [TEST_STEP][PASSED] - openBrowser(""): Browser is opened with url: ''

2020-03-13 21:20:32 - [MESSAGE][WARNING] - A browser is already opened. Closing browser and opening a new one

2020-03-13 21:20:33 - [MESSAGE][INFO] - Starting 'Chrome' driver

2020-03-13 21:20:40 - [MESSAGE][PASSED] - Browser is opened with url: ''

2020-03-13 21:20:40 - [TEST_STEP][PASSED] - navigateToUrl("https://web.roomme.id/"): Navigate to 'https://web.roomme.id/' successfully

2020-03-13 21:20:56 - [MESSAGE][PASSED] - Navigate to 'https://web.roomme.id/' successfully

2020-03-13 21:20:56 - [TEST_STEP][PASSED] - maximizeWindow(): Current window maximized

2020-03-13 21:21:00 - [MESSAGE][PASSED] - Current window maximized

2020-03-13 21:21:00 - [MESSAGE][PASSED] - Call Test Case 'Test Cases/Web RoomMe.id/Customer Access RoomMe Page' successfully

2020-03-13 21:21:00 - [TEST_STEP][PASSED] - click(findTestObject("Web RoomMe.id/RoomMe.id Homepage/Button Sign In")): Object: 'Object Repository/Web RoomMe.id/RoomMe.id Homepage/Button Sign In' is clicked on

2020-03-13 21:21:00 - [MESSAGE][PASSED] - Object: 'Object Repository/Web RoomMe.id/RoomMe.id Homepage/Button Sign In' is clicked on

2020-03-13 21:21:00 - [TEST_STEP][PASSED] - verifyElementVisible(findTestObject("Web RoomMe.id/Sign In Menu/Textfield Email")): Object 'Object Repository/Web RoomMe.id/Sign In Menu/Textfield Email' is visible

2020-03-13 21:21:01 - [MESSAGE][PASSED] - Object 'Object Repository/Web RoomMe.id/Sign In Menu/Textfield Email' is visible

2020-03-13 21:21:01 - [TEST_STEP][PASSED] - verifyElementVisible(findTestObject("Web RoomMe.id/Sign In Menu/Textfield Password")): Object 'Object Repository/Web RoomMe.id/Sign In Menu/Textfield Password' is visible

2020-03-13 21:21:01 - [MESSAGE][PASSED] - Object 'Object Repository/Web RoomMe.id/Sign In Menu/Textfield Password' is visible

2020-03-13 21:21:01 - [TEST_STEP][PASSED] - verifyElementVisible(findTestObject("Web RoomMe.id/RoomMe.id Homepage/Button Sign In")): Object 'Object Repository/Web RoomMe.id/RoomMe.id Homepage/Button Sign In' is visible

2020-03-13 21:21:01 - [MESSAGE][PASSED] - Object 'Object Repository/Web RoomMe.id/RoomMe.id Homepage/Button Sign In' is visible

2020-03-13 21:21:01 - [TEST_STEP][PASSED] - verifyElementVisible(findTestObject("Web RoomMe.id/Sign In Menu/Button Forgot Password")): Object 'Object Repository/Web RoomMe.id/Sign In Menu/Button Forgot Password' is visible

2020-03-13 21:21:01 - [MESSAGE][PASSED] - Object 'Object Repository/Web RoomMe.id/Sign In Menu/Button Forgot Password' is visible

2020-03-13 21:21:01 - [TEST_STEP][PASSED] - setText(findTestObject("Web RoomMe.id/Sign In Menu/Textfield Email"), "faldinv68@gmail.com"): Text 'faldinv68@gmail.com' is set on object 'Object Repository/Web RoomMe.id/Sign In Menu/Textfield Email'

2020-03-13 21:21:02 - [MESSAGE][PASSED] - Text 'faldinv68@gmail.com' is set on object 'Object Repository/Web RoomMe.id/Sign In Menu/Textfield Email'

2020-03-13 21:21:02 - [TEST_STEP][PASSED] - setEncryptedText(findTestObject("Web RoomMe.id/Sign In Menu/Textfield Password"), "aeHFOx8jV/A="): Text ****** has been set on object 'Object Repository/Web RoomMe.id/Sign In Menu/Textfield Password'

2020-03-13 21:21:03 - [MESSAGE][PASSED] - Text ****** has been set on object 'Object Repository/Web RoomMe.id/Sign In Menu/Textfield Password'

2020-03-13 21:21:03 - [TEST_STEP][PASSED] - click(findTestObject("Web RoomMe.id/Sign In Menu/Button Sign In")): Object: 'Object Repository/Web RoomMe.id/Sign In Menu/Button Sign In' is clicked on

2020-03-13 21:21:03 - [MESSAGE][PASSED] - Object: 'Object Repository/Web RoomMe.id/Sign In Menu/Button Sign In' is clicked on

2020-03-13 21:21:03 - [TEST_STEP][PASSED] - verifyElementVisible(findTestObject("Web RoomMe.id/Sign In Menu/Button User Menu")): Object 'Object Repository/Web RoomMe.id/Sign In Menu/Button User Menu' is visible

2020-03-13 21:21:07 - [MESSAGE][PASSED] - Object 'Object Repository/Web RoomMe.id/Sign In Menu/Button User Menu' is visible

2020-03-13 21:21:07 - [TEST_STEP][PASSED] - takeScreenshot("Evidence/Login.png"): Taking screenshot successfully

2020-03-13 21:21:07 - [MESSAGE][PASSED] - Taking screenshot successfully
[[ATTACHMENT|C:\\Users\\Faldi\\Katalon Studio\\RoomMe\\Reports\\20200313_211453\\Web RoomMe.id\\Customer Booking Kost Using Virtual Account\\20200313_211453\\Evidence/Login.png]]

2020-03-13 21:21:07 - [MESSAGE][PASSED] - Call Test Case 'Test Cases/Web RoomMe.id/Customer Login' successfully

2020-03-13 21:21:07 - [TEST_STEP][PASSED] - setText(findTestObject("Object Repository/Web RoomMe.id/Search Kost Menu/input"), "tebet"): Text 'tebet' is set on object 'Object Repository/Web RoomMe.id/Search Kost Menu/input'

2020-03-13 21:21:08 - [MESSAGE][PASSED] - Text 'tebet' is set on object 'Object Repository/Web RoomMe.id/Search Kost Menu/input'

2020-03-13 21:21:08 - [TEST_STEP][PASSED] - click(findTestObject("Web RoomMe.id/RoomMe.id Homepage/Text Suggestion Location (Tebet)")): Object: 'Object Repository/Web RoomMe.id/RoomMe.id Homepage/Text Suggestion Location (Tebet)' is clicked on

2020-03-13 21:21:08 - [MESSAGE][PASSED] - Object: 'Object Repository/Web RoomMe.id/RoomMe.id Homepage/Text Suggestion Location (Tebet)' is clicked on

2020-03-13 21:21:08 - [TEST_STEP][PASSED] - click(findTestObject("Object Repository/Web RoomMe.id/Search Kost Menu/Datepicker")): Object: 'Object Repository/Web RoomMe.id/Search Kost Menu/Datepicker' is clicked on

2020-03-13 21:21:09 - [MESSAGE][PASSED] - Object: 'Object Repository/Web RoomMe.id/Search Kost Menu/Datepicker' is clicked on

2020-03-13 21:21:09 - [TEST_STEP][PASSED] - click(findTestObject("Object Repository/Web RoomMe.id/Search Kost Menu/Day Pick")): Object: 'Object Repository/Web RoomMe.id/Search Kost Menu/Day Pick' is clicked on

2020-03-13 21:21:10 - [MESSAGE][PASSED] - Object: 'Object Repository/Web RoomMe.id/Search Kost Menu/Day Pick' is clicked on

2020-03-13 21:21:10 - [TEST_STEP][PASSED] - click(findTestObject("Object Repository/Web RoomMe.id/Search Kost Menu/Button Duration")): Object: 'Object Repository/Web RoomMe.id/Search Kost Menu/Button Duration' is clicked on

2020-03-13 21:21:10 - [MESSAGE][PASSED] - Object: 'Object Repository/Web RoomMe.id/Search Kost Menu/Button Duration' is clicked on

2020-03-13 21:21:10 - [TEST_STEP][PASSED] - click(findTestObject("Object Repository/Web RoomMe.id/Search Kost Menu/Button 1 Month")): Object: 'Object Repository/Web RoomMe.id/Search Kost Menu/Button 1 Month' is clicked on

2020-03-13 21:21:11 - [MESSAGE][PASSED] - Object: 'Object Repository/Web RoomMe.id/Search Kost Menu/Button 1 Month' is clicked on

2020-03-13 21:21:11 - [TEST_STEP][PASSED] - click(findTestObject("Object Repository/Web RoomMe.id/Search Kost Menu/Button Additional")): Object: 'Object Repository/Web RoomMe.id/Search Kost Menu/Button Additional' is clicked on

2020-03-13 21:21:11 - [MESSAGE][PASSED] - Object: 'Object Repository/Web RoomMe.id/Search Kost Menu/Button Additional' is clicked on

2020-03-13 21:21:11 - [TEST_STEP][PASSED] - click(findTestObject("Object Repository/Web RoomMe.id/Search Kost Menu/Button 1 Day")): Object: 'Object Repository/Web RoomMe.id/Search Kost Menu/Button 1 Day' is clicked on

2020-03-13 21:21:12 - [MESSAGE][PASSED] - Object: 'Object Repository/Web RoomMe.id/Search Kost Menu/Button 1 Day' is clicked on

2020-03-13 21:21:12 - [TEST_STEP][PASSED] - click(findTestObject("Object Repository/Web RoomMe.id/Search Kost Menu/Button Search")): Object: 'Object Repository/Web RoomMe.id/Search Kost Menu/Button Search' is clicked on

2020-03-13 21:21:13 - [MESSAGE][PASSED] - Object: 'Object Repository/Web RoomMe.id/Search Kost Menu/Button Search' is clicked on

2020-03-13 21:21:13 - [TEST_STEP][NOT_RUN] - verifyElementVisible(findTestObject("Web RoomMe.id/Search Result Menu/Field Facilities")): NOT_RUN: verifyElementVisible(findTestObject("Web RoomMe.id/Search Result Menu/Field Facilities"))

2020-03-13 21:21:13 - [MESSAGE][NOT_RUN] - NOT_RUN: verifyElementVisible(findTestObject("Web RoomMe.id/Search Result Menu/Field Facilities"))

2020-03-13 21:21:13 - [TEST_STEP][PASSED] - verifyElementVisible(findTestObject("Web RoomMe.id/Search Result Menu/Text Nama Kost")): Object 'Object Repository/Web RoomMe.id/Search Result Menu/Text Nama Kost' is visible

2020-03-13 21:21:14 - [MESSAGE][PASSED] - Object 'Object Repository/Web RoomMe.id/Search Result Menu/Text Nama Kost' is visible

2020-03-13 21:21:14 - [TEST_STEP][NOT_RUN] - verifyElementVisible(findTestObject("Web RoomMe.id/Search Result Menu/div_Submit_col-md-4 img-s")): NOT_RUN: verifyElementVisible(findTestObject("Web RoomMe.id/Search Result Menu/div_Submit_col-md-4 img-s"))

2020-03-13 21:21:14 - [MESSAGE][NOT_RUN] - NOT_RUN: verifyElementVisible(findTestObject("Web RoomMe.id/Search Result Menu/div_Submit_col-md-4 img-s"))

2020-03-13 21:21:14 - [TEST_STEP][NOT_RUN] - verifyElementVisible(findTestObject("Web RoomMe.id/Search Result Menu/div_Rp1400000")): NOT_RUN: verifyElementVisible(findTestObject("Web RoomMe.id/Search Result Menu/div_Rp1400000"))

2020-03-13 21:21:14 - [MESSAGE][NOT_RUN] - NOT_RUN: verifyElementVisible(findTestObject("Web RoomMe.id/Search Result Menu/div_Rp1400000"))

2020-03-13 21:21:14 - [TEST_STEP][PASSED] - verifyElementVisible(findTestObject("Web RoomMe.id/Search Result Menu/Image Kost")): Object 'Object Repository/Web RoomMe.id/Search Result Menu/Image Kost' is visible

2020-03-13 21:21:15 - [MESSAGE][PASSED] - Object 'Object Repository/Web RoomMe.id/Search Result Menu/Image Kost' is visible

2020-03-13 21:21:15 - [MESSAGE][PASSED] - Call Test Case 'Test Cases/Web RoomMe.id/Customer Search For Kost' successfully

2020-03-13 21:21:15 - [TEST_STEP][PASSED] - click(findTestObject("Web RoomMe.id/Search Result Menu/Image Kost")): Object: 'Object Repository/Web RoomMe.id/Search Result Menu/Image Kost' is clicked on

2020-03-13 21:21:15 - [MESSAGE][PASSED] - Object: 'Object Repository/Web RoomMe.id/Search Result Menu/Image Kost' is clicked on

2020-03-13 21:21:15 - [TEST_STEP][NOT_RUN] - verifyElementVisible(findTestObject("Web RoomMe.id/RoomMe.id Kost Detail/Image Primary Photo")): NOT_RUN: verifyElementVisible(findTestObject("Web RoomMe.id/RoomMe.id Kost Detail/Image Primary Photo"))

2020-03-13 21:21:15 - [MESSAGE][NOT_RUN] - NOT_RUN: verifyElementVisible(findTestObject("Web RoomMe.id/RoomMe.id Kost Detail/Image Primary Photo"))

2020-03-13 21:21:15 - [TEST_STEP][PASSED] - verifyElementVisible(findTestObject("Web RoomMe.id/RoomMe.id Kost Detail/Image Second Photo")): Object 'Object Repository/Web RoomMe.id/RoomMe.id Kost Detail/Image Second Photo' is visible

2020-03-13 21:21:16 - [MESSAGE][PASSED] - Object 'Object Repository/Web RoomMe.id/RoomMe.id Kost Detail/Image Second Photo' is visible

2020-03-13 21:21:16 - [TEST_STEP][PASSED] - verifyElementVisible(findTestObject("Web RoomMe.id/RoomMe.id Kost Detail/Text Nama Kost")): Object 'Object Repository/Web RoomMe.id/RoomMe.id Kost Detail/Text Nama Kost' is visible

2020-03-13 21:21:18 - [MESSAGE][PASSED] - Object 'Object Repository/Web RoomMe.id/RoomMe.id Kost Detail/Text Nama Kost' is visible

2020-03-13 21:21:18 - [TEST_STEP][PASSED] - kostname = getText(findTestObject("Web RoomMe.id/Search Result Menu/Text Nama Kost")): Text of object 'Object Repository/Web RoomMe.id/Search Result Menu/Text Nama Kost' is: ''

2020-03-13 21:21:19 - [MESSAGE][PASSED] - Text of object 'Object Repository/Web RoomMe.id/Search Result Menu/Text Nama Kost' is: ''

2020-03-13 21:21:19 - [TEST_STEP][NOT_RUN] - verifyElementText(findTestObject("Web RoomMe.id/RoomMe.id Kost Detail/Text Nama Kost"), kostname, STOP_ON_FAILURE): NOT_RUN: verifyElementText(findTestObject("Web RoomMe.id/RoomMe.id Kost Detail/Text Nama Kost"), kostname, STOP_ON_FAILURE)

2020-03-13 21:21:19 - [MESSAGE][NOT_RUN] - NOT_RUN: verifyElementText(findTestObject("Web RoomMe.id/RoomMe.id Kost Detail/Text Nama Kost"), kostname, STOP_ON_FAILURE)

2020-03-13 21:21:19 - [TEST_STEP][PASSED] - verifyElementVisible(findTestObject("Web RoomMe.id/RoomMe.id Kost Detail/Button Read More")): Object 'Object Repository/Web RoomMe.id/RoomMe.id Kost Detail/Button Read More' is visible

2020-03-13 21:21:19 - [MESSAGE][PASSED] - Object 'Object Repository/Web RoomMe.id/RoomMe.id Kost Detail/Button Read More' is visible

2020-03-13 21:21:19 - [TEST_STEP][PASSED] - verifyElementVisible(findTestObject("Web RoomMe.id/RoomMe.id Kost Detail/Button See Map")): Object 'Object Repository/Web RoomMe.id/RoomMe.id Kost Detail/Button See Map' is visible

2020-03-13 21:21:19 - [MESSAGE][PASSED] - Object 'Object Repository/Web RoomMe.id/RoomMe.id Kost Detail/Button See Map' is visible

2020-03-13 21:21:19 - [TEST_STEP][PASSED] - verifyElementVisible(findTestObject("Web RoomMe.id/RoomMe.id Kost Detail/Button Map")): Object 'Object Repository/Web RoomMe.id/RoomMe.id Kost Detail/Button Map' is visible

2020-03-13 21:21:20 - [MESSAGE][PASSED] - Object 'Object Repository/Web RoomMe.id/RoomMe.id Kost Detail/Button Map' is visible

2020-03-13 21:21:20 - [TEST_STEP][NOT_RUN] - verifyElementVisible(findTestObject("Web RoomMe.id/RoomMe.id Kost Detail/Field Building Facilities")): NOT_RUN: verifyElementVisible(findTestObject("Web RoomMe.id/RoomMe.id Kost Detail/Field Building Facilities"))

2020-03-13 21:21:20 - [MESSAGE][NOT_RUN] - NOT_RUN: verifyElementVisible(findTestObject("Web RoomMe.id/RoomMe.id Kost Detail/Field Building Facilities"))

2020-03-13 21:21:20 - [TEST_STEP][PASSED] - verifyElementVisible(findTestObject("Web RoomMe.id/RoomMe.id Kost Detail/Field Room Details")): Object 'Object Repository/Web RoomMe.id/RoomMe.id Kost Detail/Field Room Details' is visible

2020-03-13 21:21:20 - [MESSAGE][PASSED] - Object 'Object Repository/Web RoomMe.id/RoomMe.id Kost Detail/Field Room Details' is visible

2020-03-13 21:21:20 - [TEST_STEP][NOT_RUN] - verifyElementVisible(findTestObject("Web RoomMe.id/RoomMe.id Kost Detail/Field Booking Summary")): NOT_RUN: verifyElementVisible(findTestObject("Web RoomMe.id/RoomMe.id Kost Detail/Field Booking Summary"))

2020-03-13 21:21:20 - [MESSAGE][NOT_RUN] - NOT_RUN: verifyElementVisible(findTestObject("Web RoomMe.id/RoomMe.id Kost Detail/Field Booking Summary"))

2020-03-13 21:21:20 - [TEST_STEP][NOT_RUN] - verifyElementVisible(findTestObject("Web RoomMe.id/RoomMe.id Kost Detail/Field Reccomend Kost Nearby")): NOT_RUN: verifyElementVisible(findTestObject("Web RoomMe.id/RoomMe.id Kost Detail/Field Reccomend Kost Nearby"))

2020-03-13 21:21:20 - [MESSAGE][NOT_RUN] - NOT_RUN: verifyElementVisible(findTestObject("Web RoomMe.id/RoomMe.id Kost Detail/Field Reccomend Kost Nearby"))

2020-03-13 21:21:20 - [TEST_STEP][NOT_RUN] - verifyElementVisible(findTestObject("Web RoomMe.id/RoomMe.id Kost Detail/Button Select")): NOT_RUN: verifyElementVisible(findTestObject("Web RoomMe.id/RoomMe.id Kost Detail/Button Select"))

2020-03-13 21:21:20 - [MESSAGE][NOT_RUN] - NOT_RUN: verifyElementVisible(findTestObject("Web RoomMe.id/RoomMe.id Kost Detail/Button Select"))

2020-03-13 21:21:20 - [TEST_STEP][PASSED] - verifyElementVisible(findTestObject("Web RoomMe.id/RoomMe.id Kost Detail/Button Booking Summary")): Object 'Object Repository/Web RoomMe.id/RoomMe.id Kost Detail/Button Booking Summary' is visible

2020-03-13 21:21:20 - [MESSAGE][PASSED] - Object 'Object Repository/Web RoomMe.id/RoomMe.id Kost Detail/Button Booking Summary' is visible

2020-03-13 21:21:20 - [TEST_STEP][PASSED] - verifyElementVisible(findTestObject("Web RoomMe.id/RoomMe.id Kost Detail/Button Schedule Free Visit")): Object 'Object Repository/Web RoomMe.id/RoomMe.id Kost Detail/Button Schedule Free Visit' is visible

2020-03-13 21:21:20 - [MESSAGE][PASSED] - Object 'Object Repository/Web RoomMe.id/RoomMe.id Kost Detail/Button Schedule Free Visit' is visible

2020-03-13 21:21:20 - [MESSAGE][PASSED] - Call Test Case 'Test Cases/Web RoomMe.id/Customer Select Kost' successfully

2020-03-13 21:21:20 - [TEST_STEP][PASSED] - click(findTestObject("Web RoomMe.id/RoomMe.id Kost Detail/Button Continue to Book")): Object: 'Object Repository/Web RoomMe.id/RoomMe.id Kost Detail/Button Continue to Book' is clicked on

2020-03-13 21:21:21 - [MESSAGE][PASSED] - Object: 'Object Repository/Web RoomMe.id/RoomMe.id Kost Detail/Button Continue to Book' is clicked on

2020-03-13 21:21:21 - [TEST_STEP][NOT_RUN] - verifyElementVisible(findTestObject("Web RoomMe.id/RoomMe.id Kost Detail/Button Continue to Book")): NOT_RUN: verifyElementVisible(findTestObject("Web RoomMe.id/RoomMe.id Kost Detail/Button Continue to Book"))

2020-03-13 21:21:21 - [MESSAGE][NOT_RUN] - NOT_RUN: verifyElementVisible(findTestObject("Web RoomMe.id/RoomMe.id Kost Detail/Button Continue to Book"))

2020-03-13 21:21:21 - [TEST_STEP][NOT_RUN] - if (verifyElementVisible(findTestObject("Web RoomMe.id/RoomMe.id Kost Detail/Button Selected Room"), STOP_ON_FAILURE)): NOT_RUN: if (verifyElementVisible(findTestObject("Web RoomMe.id/RoomMe.id Kost Detail/Button Selected Room"), STOP_ON_FAILURE))

2020-03-13 21:21:21 - [MESSAGE][NOT_RUN] - NOT_RUN: if (verifyElementVisible(findTestObject("Web RoomMe.id/RoomMe.id Kost Detail/Button Selected Room"), STOP_ON_FAILURE))

2020-03-13 21:21:21 - [MESSAGE][PASSED] - Call Test Case 'Test Cases/Web RoomMe.id/Customer Select Kamar' successfully

2020-03-13 21:21:21 - [TEST_STEP][PASSED] - verifyElementVisible(findTestObject("Web RoomMe.id/RoomMe.id Kost Detail/Button Continue to Book")): Object 'Object Repository/Web RoomMe.id/RoomMe.id Kost Detail/Button Continue to Book' is visible

2020-03-13 21:21:22 - [MESSAGE][PASSED] - Object 'Object Repository/Web RoomMe.id/RoomMe.id Kost Detail/Button Continue to Book' is visible

2020-03-13 21:21:22 - [TEST_STEP][PASSED] - scrollToElement(findTestObject("Web RoomMe.id/RoomMe.id Kost Detail/Button Continue to Book"), 2): Scroll to object 'Object Repository/Web RoomMe.id/RoomMe.id Kost Detail/Button Continue to Book' successfully

2020-03-13 21:21:22 - [MESSAGE][PASSED] - Scroll to object 'Object Repository/Web RoomMe.id/RoomMe.id Kost Detail/Button Continue to Book' successfully

2020-03-13 21:21:22 - [TEST_STEP][PASSED] - click(findTestObject("Web RoomMe.id/RoomMe.id Kost Detail/Button Continue to Book")): Object: 'Object Repository/Web RoomMe.id/RoomMe.id Kost Detail/Button Continue to Book' is clicked on

2020-03-13 21:21:23 - [MESSAGE][PASSED] - Object: 'Object Repository/Web RoomMe.id/RoomMe.id Kost Detail/Button Continue to Book' is clicked on

2020-03-13 21:21:23 - [MESSAGE][PASSED] - Call Test Case 'Test Cases/Web RoomMe.id/Customer Continue To Book' successfully

2020-03-13 21:21:23 - [TEST_STEP][PASSED] - verifyElementVisible(findTestObject("Web RoomMe.id/Roomme.id Fill In Data/Text 1 Fill in data")): Object 'Object Repository/Web RoomMe.id/Roomme.id Fill In Data/Text 1 Fill in data' is visible

2020-03-13 21:21:23 - [MESSAGE][PASSED] - Object 'Object Repository/Web RoomMe.id/Roomme.id Fill In Data/Text 1 Fill in data' is visible

2020-03-13 21:21:23 - [TEST_STEP][PASSED] - verifyElementVisible(findTestObject("Web RoomMe.id/Roomme.id Fill In Data/Text 2 Payment")): Object 'Object Repository/Web RoomMe.id/Roomme.id Fill In Data/Text 2 Payment' is visible

2020-03-13 21:21:24 - [MESSAGE][PASSED] - Object 'Object Repository/Web RoomMe.id/Roomme.id Fill In Data/Text 2 Payment' is visible

2020-03-13 21:21:24 - [TEST_STEP][PASSED] - verifyElementVisible(findTestObject("Web RoomMe.id/Roomme.id Fill In Data/Text 3 Done Confirmation Booking")): Object 'Object Repository/Web RoomMe.id/Roomme.id Fill In Data/Text 3 Done Confirmation Booking' is visible

2020-03-13 21:21:24 - [MESSAGE][PASSED] - Object 'Object Repository/Web RoomMe.id/Roomme.id Fill In Data/Text 3 Done Confirmation Booking' is visible

2020-03-13 21:21:24 - [TEST_STEP][NOT_RUN] - verifyElementVisible(findTestObject("Web RoomMe.id/Roomme.id Fill In Data/Field Customer Information")): NOT_RUN: verifyElementVisible(findTestObject("Web RoomMe.id/Roomme.id Fill In Data/Field Customer Information"))

2020-03-13 21:21:24 - [MESSAGE][NOT_RUN] - NOT_RUN: verifyElementVisible(findTestObject("Web RoomMe.id/Roomme.id Fill In Data/Field Customer Information"))

2020-03-13 21:21:24 - [TEST_STEP][PASSED] - verifyElementVisible(findTestObject("Web RoomMe.id/Roomme.id Fill In Data/Text Customer Contact Name")): Object 'Object Repository/Web RoomMe.id/Roomme.id Fill In Data/Text Customer Contact Name' is visible

2020-03-13 21:21:24 - [MESSAGE][PASSED] - Object 'Object Repository/Web RoomMe.id/Roomme.id Fill In Data/Text Customer Contact Name' is visible

2020-03-13 21:21:24 - [TEST_STEP][PASSED] - verifyElementVisible(findTestObject("Web RoomMe.id/Roomme.id Fill In Data/Text Customer Email Address")): Object 'Object Repository/Web RoomMe.id/Roomme.id Fill In Data/Text Customer Email Address' is visible

2020-03-13 21:21:25 - [MESSAGE][PASSED] - Object 'Object Repository/Web RoomMe.id/Roomme.id Fill In Data/Text Customer Email Address' is visible

2020-03-13 21:21:25 - [TEST_STEP][PASSED] - verifyElementVisible(findTestObject("Web RoomMe.id/Roomme.id Fill In Data/Text Customer Phone Number")): Object 'Object Repository/Web RoomMe.id/Roomme.id Fill In Data/Text Customer Phone Number' is visible

2020-03-13 21:21:25 - [MESSAGE][PASSED] - Object 'Object Repository/Web RoomMe.id/Roomme.id Fill In Data/Text Customer Phone Number' is visible

2020-03-13 21:21:25 - [TEST_STEP][PASSED] - verifyElementVisible(findTestObject("Web RoomMe.id/Roomme.id Fill In Data/Text Noted If the data doesnt match please edit in profile")): Object 'Object Repository/Web RoomMe.id/Roomme.id Fill In Data/Text Noted If the data doesnt match please edit in profile' is visible

2020-03-13 21:21:25 - [MESSAGE][PASSED] - Object 'Object Repository/Web RoomMe.id/Roomme.id Fill In Data/Text Noted If the data doesnt match please edit in profile' is visible

2020-03-13 21:21:25 - [TEST_STEP][PASSED] - verifyElementVisible(findTestObject("Web RoomMe.id/Roomme.id Fill In Data/Button Edit Profile")): Object 'Object Repository/Web RoomMe.id/Roomme.id Fill In Data/Button Edit Profile' is visible

2020-03-13 21:21:26 - [MESSAGE][PASSED] - Object 'Object Repository/Web RoomMe.id/Roomme.id Fill In Data/Button Edit Profile' is visible

2020-03-13 21:21:26 - [TEST_STEP][PASSED] - verifyElementVisible(findTestObject("Web RoomMe.id/Roomme.id Fill In Data/Checkbox Please tick if youre making booking for someone else")): Object 'Object Repository/Web RoomMe.id/Roomme.id Fill In Data/Checkbox Please tick if youre making booking for someone else' is visible

2020-03-13 21:21:26 - [MESSAGE][PASSED] - Object 'Object Repository/Web RoomMe.id/Roomme.id Fill In Data/Checkbox Please tick if youre making booking for someone else' is visible

2020-03-13 21:21:26 - [TEST_STEP][NOT_RUN] - verifyElementVisible(findTestObject("Web RoomMe.id/Roomme.id Fill In Data/Field Cancellation Policy")): NOT_RUN: verifyElementVisible(findTestObject("Web RoomMe.id/Roomme.id Fill In Data/Field Cancellation Policy"))

2020-03-13 21:21:26 - [MESSAGE][NOT_RUN] - NOT_RUN: verifyElementVisible(findTestObject("Web RoomMe.id/Roomme.id Fill In Data/Field Cancellation Policy"))

2020-03-13 21:21:26 - [TEST_STEP][NOT_RUN] - verifyElementVisible(findTestObject("Web RoomMe.id/Roomme.id Fill In Data/Field Booking Details")): NOT_RUN: verifyElementVisible(findTestObject("Web RoomMe.id/Roomme.id Fill In Data/Field Booking Details"))

2020-03-13 21:21:26 - [MESSAGE][NOT_RUN] - NOT_RUN: verifyElementVisible(findTestObject("Web RoomMe.id/Roomme.id Fill In Data/Field Booking Details"))

2020-03-13 21:21:26 - [TEST_STEP][PASSED] - verifyElementVisible(findTestObject("Web RoomMe.id/Roomme.id Fill In Data/Button Continue to Payment")): Object 'Object Repository/Web RoomMe.id/Roomme.id Fill In Data/Button Continue to Payment' is visible

2020-03-13 21:21:26 - [MESSAGE][PASSED] - Object 'Object Repository/Web RoomMe.id/Roomme.id Fill In Data/Button Continue to Payment' is visible

2020-03-13 21:21:26 - [MESSAGE][PASSED] - Call Test Case 'Test Cases/Web RoomMe.id/Customer Fill Data to Payment' successfully

2020-03-13 21:21:26 - [TEST_STEP][PASSED] - click(findTestObject("Web RoomMe.id/Roomme.id Fill In Data/Button Continue to Payment")): Object: 'Object Repository/Web RoomMe.id/Roomme.id Fill In Data/Button Continue to Payment' is clicked on

2020-03-13 21:21:27 - [MESSAGE][PASSED] - Object: 'Object Repository/Web RoomMe.id/Roomme.id Fill In Data/Button Continue to Payment' is clicked on

2020-03-13 21:21:27 - [MESSAGE][PASSED] - Call Test Case 'Test Cases/Web RoomMe.id/Customer Continue to Payment' successfully

2020-03-13 21:21:27 - [TEST_STEP][PASSED] - verifyElementVisible(findTestObject("Web RoomMe.id/Payment Option Page/Radio Button Virtual Account")): Object 'Object Repository/Web RoomMe.id/Payment Option Page/Radio Button Virtual Account' is visible

2020-03-13 21:21:27 - [MESSAGE][PASSED] - Object 'Object Repository/Web RoomMe.id/Payment Option Page/Radio Button Virtual Account' is visible

2020-03-13 21:21:27 - [TEST_STEP][PASSED] - verifyElementVisible(findTestObject("Web RoomMe.id/Payment Option Page/Button Continue to Payment")): Object 'Object Repository/Web RoomMe.id/Payment Option Page/Button Continue to Payment' is visible

2020-03-13 21:21:28 - [MESSAGE][PASSED] - Object 'Object Repository/Web RoomMe.id/Payment Option Page/Button Continue to Payment' is visible]]></system-out>
         <system-err><![CDATA[]]></system-err>
      </testcase>
      <testcase name="Test Cases/Web RoomMe.id/Customer Pay Using Virtual Account" time="64.088" classname="Test Cases/Web RoomMe.id/Customer Pay Using Virtual Account" status="PASSED">
         <system-out><![CDATA[2020-03-13 21:21:28 - [TEST_CASE][PASSED] - Test Cases/Web RoomMe.id/Customer Pay Using Virtual Account: Test Cases/Web RoomMe.id/Customer Pay Using Virtual Account

2020-03-13 21:21:28 - [TEST_STEP][PASSED] - callTestCase(findTestCase("Web RoomMe.id/Customer Access Payment Option Page"), [:], STOP_ON_FAILURE): Call Test Case 'Test Cases/Web RoomMe.id/Customer Access Payment Option Page' successfully

2020-03-13 21:21:28 - [TEST_CASE][PASSED] - Test Cases/Web RoomMe.id/Customer Access Payment Option Page: Test Cases/Web RoomMe.id/Customer Access Payment Option Page

2020-03-13 21:21:28 - [TEST_STEP][PASSED] - callTestCase(findTestCase("Web RoomMe.id/Customer Continue to Payment"), [:], STOP_ON_FAILURE): Call Test Case 'Test Cases/Web RoomMe.id/Customer Continue to Payment' successfully

2020-03-13 21:21:28 - [TEST_CASE][PASSED] - Test Cases/Web RoomMe.id/Customer Continue to Payment: Test Cases/Web RoomMe.id/Customer Continue to Payment

2020-03-13 21:21:28 - [TEST_STEP][PASSED] - callTestCase(findTestCase("Web RoomMe.id/Customer Fill Data to Payment"), [:], STOP_ON_FAILURE): Call Test Case 'Test Cases/Web RoomMe.id/Customer Fill Data to Payment' successfully

2020-03-13 21:21:28 - [TEST_CASE][PASSED] - Test Cases/Web RoomMe.id/Customer Fill Data to Payment: Test Cases/Web RoomMe.id/Customer Fill Data to Payment

2020-03-13 21:21:28 - [TEST_STEP][PASSED] - callTestCase(findTestCase("Web RoomMe.id/Customer Continue To Book"), [:], STOP_ON_FAILURE): Call Test Case 'Test Cases/Web RoomMe.id/Customer Continue To Book' successfully

2020-03-13 21:21:28 - [TEST_CASE][PASSED] - Test Cases/Web RoomMe.id/Customer Continue To Book: Test Cases/Web RoomMe.id/Customer Continue To Book

2020-03-13 21:21:28 - [TEST_STEP][PASSED] - callTestCase(findTestCase("Web RoomMe.id/Customer Select Kamar"), [:], STOP_ON_FAILURE): Call Test Case 'Test Cases/Web RoomMe.id/Customer Select Kamar' successfully

2020-03-13 21:21:28 - [TEST_CASE][PASSED] - Test Cases/Web RoomMe.id/Customer Select Kamar: Test Cases/Web RoomMe.id/Customer Select Kamar

2020-03-13 21:21:28 - [TEST_STEP][PASSED] - callTestCase(findTestCase("Web RoomMe.id/Customer Select Kost"), [:], STOP_ON_FAILURE): Call Test Case 'Test Cases/Web RoomMe.id/Customer Select Kost' successfully

2020-03-13 21:21:28 - [TEST_CASE][PASSED] - Test Cases/Web RoomMe.id/Customer Select Kost: Test Cases/Web RoomMe.id/Customer Select Kost

2020-03-13 21:21:28 - [TEST_STEP][PASSED] - callTestCase(findTestCase("Web RoomMe.id/Customer Search For Kost"), [:], STOP_ON_FAILURE): Call Test Case 'Test Cases/Web RoomMe.id/Customer Search For Kost' successfully

2020-03-13 21:21:28 - [TEST_CASE][PASSED] - Test Cases/Web RoomMe.id/Customer Search For Kost: Test Cases/Web RoomMe.id/Customer Search For Kost

2020-03-13 21:21:28 - [TEST_STEP][PASSED] - callTestCase(findTestCase("Web RoomMe.id/Customer Login"), [:], STOP_ON_FAILURE): Call Test Case 'Test Cases/Web RoomMe.id/Customer Login' successfully

2020-03-13 21:21:29 - [TEST_CASE][PASSED] - Test Cases/Web RoomMe.id/Customer Login: Test Cases/Web RoomMe.id/Customer Login

2020-03-13 21:21:29 - [TEST_STEP][PASSED] - callTestCase(findTestCase("Web RoomMe.id/Customer Access RoomMe Page"), [:], STOP_ON_FAILURE): Call Test Case 'Test Cases/Web RoomMe.id/Customer Access RoomMe Page' successfully

2020-03-13 21:21:29 - [TEST_CASE][PASSED] - Test Cases/Web RoomMe.id/Customer Access RoomMe Page: Test Cases/Web RoomMe.id/Customer Access RoomMe Page

2020-03-13 21:21:29 - [TEST_STEP][PASSED] - openBrowser(""): Browser is opened with url: ''

2020-03-13 21:21:29 - [MESSAGE][WARNING] - A browser is already opened. Closing browser and opening a new one

2020-03-13 21:21:29 - [MESSAGE][INFO] - Starting 'Chrome' driver

2020-03-13 21:21:35 - [MESSAGE][PASSED] - Browser is opened with url: ''

2020-03-13 21:21:35 - [TEST_STEP][PASSED] - navigateToUrl("https://web.roomme.id/"): Navigate to 'https://web.roomme.id/' successfully

2020-03-13 21:21:56 - [MESSAGE][PASSED] - Navigate to 'https://web.roomme.id/' successfully

2020-03-13 21:21:56 - [TEST_STEP][PASSED] - maximizeWindow(): Current window maximized

2020-03-13 21:22:00 - [MESSAGE][PASSED] - Current window maximized

2020-03-13 21:22:00 - [MESSAGE][PASSED] - Call Test Case 'Test Cases/Web RoomMe.id/Customer Access RoomMe Page' successfully

2020-03-13 21:22:00 - [TEST_STEP][PASSED] - click(findTestObject("Web RoomMe.id/RoomMe.id Homepage/Button Sign In")): Object: 'Object Repository/Web RoomMe.id/RoomMe.id Homepage/Button Sign In' is clicked on

2020-03-13 21:22:00 - [MESSAGE][PASSED] - Object: 'Object Repository/Web RoomMe.id/RoomMe.id Homepage/Button Sign In' is clicked on

2020-03-13 21:22:00 - [TEST_STEP][PASSED] - verifyElementVisible(findTestObject("Web RoomMe.id/Sign In Menu/Textfield Email")): Object 'Object Repository/Web RoomMe.id/Sign In Menu/Textfield Email' is visible

2020-03-13 21:22:01 - [MESSAGE][PASSED] - Object 'Object Repository/Web RoomMe.id/Sign In Menu/Textfield Email' is visible

2020-03-13 21:22:01 - [TEST_STEP][PASSED] - verifyElementVisible(findTestObject("Web RoomMe.id/Sign In Menu/Textfield Password")): Object 'Object Repository/Web RoomMe.id/Sign In Menu/Textfield Password' is visible

2020-03-13 21:22:01 - [MESSAGE][PASSED] - Object 'Object Repository/Web RoomMe.id/Sign In Menu/Textfield Password' is visible

2020-03-13 21:22:01 - [TEST_STEP][PASSED] - verifyElementVisible(findTestObject("Web RoomMe.id/RoomMe.id Homepage/Button Sign In")): Object 'Object Repository/Web RoomMe.id/RoomMe.id Homepage/Button Sign In' is visible

2020-03-13 21:22:02 - [MESSAGE][PASSED] - Object 'Object Repository/Web RoomMe.id/RoomMe.id Homepage/Button Sign In' is visible

2020-03-13 21:22:02 - [TEST_STEP][PASSED] - verifyElementVisible(findTestObject("Web RoomMe.id/Sign In Menu/Button Forgot Password")): Object 'Object Repository/Web RoomMe.id/Sign In Menu/Button Forgot Password' is visible

2020-03-13 21:22:02 - [MESSAGE][PASSED] - Object 'Object Repository/Web RoomMe.id/Sign In Menu/Button Forgot Password' is visible

2020-03-13 21:22:02 - [TEST_STEP][PASSED] - setText(findTestObject("Web RoomMe.id/Sign In Menu/Textfield Email"), "faldinv68@gmail.com"): Text 'faldinv68@gmail.com' is set on object 'Object Repository/Web RoomMe.id/Sign In Menu/Textfield Email'

2020-03-13 21:22:02 - [MESSAGE][PASSED] - Text 'faldinv68@gmail.com' is set on object 'Object Repository/Web RoomMe.id/Sign In Menu/Textfield Email'

2020-03-13 21:22:02 - [TEST_STEP][PASSED] - setEncryptedText(findTestObject("Web RoomMe.id/Sign In Menu/Textfield Password"), "aeHFOx8jV/A="): Text ****** has been set on object 'Object Repository/Web RoomMe.id/Sign In Menu/Textfield Password'

2020-03-13 21:22:03 - [MESSAGE][PASSED] - Text ****** has been set on object 'Object Repository/Web RoomMe.id/Sign In Menu/Textfield Password'

2020-03-13 21:22:03 - [TEST_STEP][PASSED] - click(findTestObject("Web RoomMe.id/Sign In Menu/Button Sign In")): Object: 'Object Repository/Web RoomMe.id/Sign In Menu/Button Sign In' is clicked on

2020-03-13 21:22:04 - [MESSAGE][PASSED] - Object: 'Object Repository/Web RoomMe.id/Sign In Menu/Button Sign In' is clicked on

2020-03-13 21:22:04 - [TEST_STEP][PASSED] - verifyElementVisible(findTestObject("Web RoomMe.id/Sign In Menu/Button User Menu")): Object 'Object Repository/Web RoomMe.id/Sign In Menu/Button User Menu' is visible

2020-03-13 21:22:07 - [MESSAGE][PASSED] - Object 'Object Repository/Web RoomMe.id/Sign In Menu/Button User Menu' is visible

2020-03-13 21:22:07 - [TEST_STEP][PASSED] - takeScreenshot("Evidence/Login.png"): Taking screenshot successfully

2020-03-13 21:22:08 - [MESSAGE][PASSED] - Taking screenshot successfully
[[ATTACHMENT|C:\\Users\\Faldi\\Katalon Studio\\RoomMe\\Reports\\20200313_211453\\Web RoomMe.id\\Customer Booking Kost Using Virtual Account\\20200313_211453\\Evidence/Login.png]]

2020-03-13 21:22:08 - [MESSAGE][PASSED] - Call Test Case 'Test Cases/Web RoomMe.id/Customer Login' successfully

2020-03-13 21:22:08 - [TEST_STEP][PASSED] - setText(findTestObject("Object Repository/Web RoomMe.id/Search Kost Menu/input"), "tebet"): Text 'tebet' is set on object 'Object Repository/Web RoomMe.id/Search Kost Menu/input'

2020-03-13 21:22:09 - [MESSAGE][PASSED] - Text 'tebet' is set on object 'Object Repository/Web RoomMe.id/Search Kost Menu/input'

2020-03-13 21:22:09 - [TEST_STEP][PASSED] - click(findTestObject("Web RoomMe.id/RoomMe.id Homepage/Text Suggestion Location (Tebet)")): Object: 'Object Repository/Web RoomMe.id/RoomMe.id Homepage/Text Suggestion Location (Tebet)' is clicked on

2020-03-13 21:22:09 - [MESSAGE][PASSED] - Object: 'Object Repository/Web RoomMe.id/RoomMe.id Homepage/Text Suggestion Location (Tebet)' is clicked on

2020-03-13 21:22:09 - [TEST_STEP][PASSED] - click(findTestObject("Object Repository/Web RoomMe.id/Search Kost Menu/Datepicker")): Object: 'Object Repository/Web RoomMe.id/Search Kost Menu/Datepicker' is clicked on

2020-03-13 21:22:10 - [MESSAGE][PASSED] - Object: 'Object Repository/Web RoomMe.id/Search Kost Menu/Datepicker' is clicked on

2020-03-13 21:22:10 - [TEST_STEP][PASSED] - click(findTestObject("Object Repository/Web RoomMe.id/Search Kost Menu/Day Pick")): Object: 'Object Repository/Web RoomMe.id/Search Kost Menu/Day Pick' is clicked on

2020-03-13 21:22:10 - [MESSAGE][PASSED] - Object: 'Object Repository/Web RoomMe.id/Search Kost Menu/Day Pick' is clicked on

2020-03-13 21:22:10 - [TEST_STEP][PASSED] - click(findTestObject("Object Repository/Web RoomMe.id/Search Kost Menu/Button Duration")): Object: 'Object Repository/Web RoomMe.id/Search Kost Menu/Button Duration' is clicked on

2020-03-13 21:22:11 - [MESSAGE][PASSED] - Object: 'Object Repository/Web RoomMe.id/Search Kost Menu/Button Duration' is clicked on

2020-03-13 21:22:11 - [TEST_STEP][PASSED] - click(findTestObject("Object Repository/Web RoomMe.id/Search Kost Menu/Button 1 Month")): Object: 'Object Repository/Web RoomMe.id/Search Kost Menu/Button 1 Month' is clicked on

2020-03-13 21:22:12 - [MESSAGE][PASSED] - Object: 'Object Repository/Web RoomMe.id/Search Kost Menu/Button 1 Month' is clicked on

2020-03-13 21:22:12 - [TEST_STEP][PASSED] - click(findTestObject("Object Repository/Web RoomMe.id/Search Kost Menu/Button Additional")): Object: 'Object Repository/Web RoomMe.id/Search Kost Menu/Button Additional' is clicked on

2020-03-13 21:22:12 - [MESSAGE][PASSED] - Object: 'Object Repository/Web RoomMe.id/Search Kost Menu/Button Additional' is clicked on

2020-03-13 21:22:12 - [TEST_STEP][PASSED] - click(findTestObject("Object Repository/Web RoomMe.id/Search Kost Menu/Button 1 Day")): Object: 'Object Repository/Web RoomMe.id/Search Kost Menu/Button 1 Day' is clicked on

2020-03-13 21:22:13 - [MESSAGE][PASSED] - Object: 'Object Repository/Web RoomMe.id/Search Kost Menu/Button 1 Day' is clicked on

2020-03-13 21:22:13 - [TEST_STEP][PASSED] - click(findTestObject("Object Repository/Web RoomMe.id/Search Kost Menu/Button Search")): Object: 'Object Repository/Web RoomMe.id/Search Kost Menu/Button Search' is clicked on

2020-03-13 21:22:17 - [MESSAGE][PASSED] - Object: 'Object Repository/Web RoomMe.id/Search Kost Menu/Button Search' is clicked on

2020-03-13 21:22:17 - [TEST_STEP][NOT_RUN] - verifyElementVisible(findTestObject("Web RoomMe.id/Search Result Menu/Field Facilities")): NOT_RUN: verifyElementVisible(findTestObject("Web RoomMe.id/Search Result Menu/Field Facilities"))

2020-03-13 21:22:17 - [MESSAGE][NOT_RUN] - NOT_RUN: verifyElementVisible(findTestObject("Web RoomMe.id/Search Result Menu/Field Facilities"))

2020-03-13 21:22:17 - [TEST_STEP][PASSED] - verifyElementVisible(findTestObject("Web RoomMe.id/Search Result Menu/Text Nama Kost")): Object 'Object Repository/Web RoomMe.id/Search Result Menu/Text Nama Kost' is visible

2020-03-13 21:22:18 - [MESSAGE][PASSED] - Object 'Object Repository/Web RoomMe.id/Search Result Menu/Text Nama Kost' is visible

2020-03-13 21:22:18 - [TEST_STEP][NOT_RUN] - verifyElementVisible(findTestObject("Web RoomMe.id/Search Result Menu/div_Submit_col-md-4 img-s")): NOT_RUN: verifyElementVisible(findTestObject("Web RoomMe.id/Search Result Menu/div_Submit_col-md-4 img-s"))

2020-03-13 21:22:18 - [MESSAGE][NOT_RUN] - NOT_RUN: verifyElementVisible(findTestObject("Web RoomMe.id/Search Result Menu/div_Submit_col-md-4 img-s"))

2020-03-13 21:22:18 - [TEST_STEP][NOT_RUN] - verifyElementVisible(findTestObject("Web RoomMe.id/Search Result Menu/div_Rp1400000")): NOT_RUN: verifyElementVisible(findTestObject("Web RoomMe.id/Search Result Menu/div_Rp1400000"))

2020-03-13 21:22:18 - [MESSAGE][NOT_RUN] - NOT_RUN: verifyElementVisible(findTestObject("Web RoomMe.id/Search Result Menu/div_Rp1400000"))

2020-03-13 21:22:18 - [TEST_STEP][PASSED] - verifyElementVisible(findTestObject("Web RoomMe.id/Search Result Menu/Image Kost")): Object 'Object Repository/Web RoomMe.id/Search Result Menu/Image Kost' is visible

2020-03-13 21:22:18 - [MESSAGE][PASSED] - Object 'Object Repository/Web RoomMe.id/Search Result Menu/Image Kost' is visible

2020-03-13 21:22:18 - [MESSAGE][PASSED] - Call Test Case 'Test Cases/Web RoomMe.id/Customer Search For Kost' successfully

2020-03-13 21:22:18 - [TEST_STEP][PASSED] - click(findTestObject("Web RoomMe.id/Search Result Menu/Image Kost")): Object: 'Object Repository/Web RoomMe.id/Search Result Menu/Image Kost' is clicked on

2020-03-13 21:22:18 - [MESSAGE][PASSED] - Object: 'Object Repository/Web RoomMe.id/Search Result Menu/Image Kost' is clicked on

2020-03-13 21:22:18 - [TEST_STEP][NOT_RUN] - verifyElementVisible(findTestObject("Web RoomMe.id/RoomMe.id Kost Detail/Image Primary Photo")): NOT_RUN: verifyElementVisible(findTestObject("Web RoomMe.id/RoomMe.id Kost Detail/Image Primary Photo"))

2020-03-13 21:22:18 - [MESSAGE][NOT_RUN] - NOT_RUN: verifyElementVisible(findTestObject("Web RoomMe.id/RoomMe.id Kost Detail/Image Primary Photo"))

2020-03-13 21:22:18 - [TEST_STEP][PASSED] - verifyElementVisible(findTestObject("Web RoomMe.id/RoomMe.id Kost Detail/Image Second Photo")): Object 'Object Repository/Web RoomMe.id/RoomMe.id Kost Detail/Image Second Photo' is visible

2020-03-13 21:22:19 - [MESSAGE][PASSED] - Object 'Object Repository/Web RoomMe.id/RoomMe.id Kost Detail/Image Second Photo' is visible

2020-03-13 21:22:19 - [TEST_STEP][PASSED] - verifyElementVisible(findTestObject("Web RoomMe.id/RoomMe.id Kost Detail/Text Nama Kost")): Object 'Object Repository/Web RoomMe.id/RoomMe.id Kost Detail/Text Nama Kost' is visible

2020-03-13 21:22:22 - [MESSAGE][PASSED] - Object 'Object Repository/Web RoomMe.id/RoomMe.id Kost Detail/Text Nama Kost' is visible

2020-03-13 21:22:22 - [TEST_STEP][PASSED] - kostname = getText(findTestObject("Web RoomMe.id/Search Result Menu/Text Nama Kost")): Text of object 'Object Repository/Web RoomMe.id/Search Result Menu/Text Nama Kost' is: ''

2020-03-13 21:22:23 - [MESSAGE][PASSED] - Text of object 'Object Repository/Web RoomMe.id/Search Result Menu/Text Nama Kost' is: ''

2020-03-13 21:22:23 - [TEST_STEP][NOT_RUN] - verifyElementText(findTestObject("Web RoomMe.id/RoomMe.id Kost Detail/Text Nama Kost"), kostname, STOP_ON_FAILURE): NOT_RUN: verifyElementText(findTestObject("Web RoomMe.id/RoomMe.id Kost Detail/Text Nama Kost"), kostname, STOP_ON_FAILURE)

2020-03-13 21:22:23 - [MESSAGE][NOT_RUN] - NOT_RUN: verifyElementText(findTestObject("Web RoomMe.id/RoomMe.id Kost Detail/Text Nama Kost"), kostname, STOP_ON_FAILURE)

2020-03-13 21:22:23 - [TEST_STEP][PASSED] - verifyElementVisible(findTestObject("Web RoomMe.id/RoomMe.id Kost Detail/Button Read More")): Object 'Object Repository/Web RoomMe.id/RoomMe.id Kost Detail/Button Read More' is visible

2020-03-13 21:22:23 - [MESSAGE][PASSED] - Object 'Object Repository/Web RoomMe.id/RoomMe.id Kost Detail/Button Read More' is visible

2020-03-13 21:22:23 - [TEST_STEP][PASSED] - verifyElementVisible(findTestObject("Web RoomMe.id/RoomMe.id Kost Detail/Button See Map")): Object 'Object Repository/Web RoomMe.id/RoomMe.id Kost Detail/Button See Map' is visible

2020-03-13 21:22:23 - [MESSAGE][PASSED] - Object 'Object Repository/Web RoomMe.id/RoomMe.id Kost Detail/Button See Map' is visible

2020-03-13 21:22:23 - [TEST_STEP][PASSED] - verifyElementVisible(findTestObject("Web RoomMe.id/RoomMe.id Kost Detail/Button Map")): Object 'Object Repository/Web RoomMe.id/RoomMe.id Kost Detail/Button Map' is visible

2020-03-13 21:22:24 - [MESSAGE][PASSED] - Object 'Object Repository/Web RoomMe.id/RoomMe.id Kost Detail/Button Map' is visible

2020-03-13 21:22:24 - [TEST_STEP][NOT_RUN] - verifyElementVisible(findTestObject("Web RoomMe.id/RoomMe.id Kost Detail/Field Building Facilities")): NOT_RUN: verifyElementVisible(findTestObject("Web RoomMe.id/RoomMe.id Kost Detail/Field Building Facilities"))

2020-03-13 21:22:24 - [MESSAGE][NOT_RUN] - NOT_RUN: verifyElementVisible(findTestObject("Web RoomMe.id/RoomMe.id Kost Detail/Field Building Facilities"))

2020-03-13 21:22:24 - [TEST_STEP][PASSED] - verifyElementVisible(findTestObject("Web RoomMe.id/RoomMe.id Kost Detail/Field Room Details")): Object 'Object Repository/Web RoomMe.id/RoomMe.id Kost Detail/Field Room Details' is visible

2020-03-13 21:22:24 - [MESSAGE][PASSED] - Object 'Object Repository/Web RoomMe.id/RoomMe.id Kost Detail/Field Room Details' is visible

2020-03-13 21:22:24 - [TEST_STEP][NOT_RUN] - verifyElementVisible(findTestObject("Web RoomMe.id/RoomMe.id Kost Detail/Field Booking Summary")): NOT_RUN: verifyElementVisible(findTestObject("Web RoomMe.id/RoomMe.id Kost Detail/Field Booking Summary"))

2020-03-13 21:22:24 - [MESSAGE][NOT_RUN] - NOT_RUN: verifyElementVisible(findTestObject("Web RoomMe.id/RoomMe.id Kost Detail/Field Booking Summary"))

2020-03-13 21:22:24 - [TEST_STEP][NOT_RUN] - verifyElementVisible(findTestObject("Web RoomMe.id/RoomMe.id Kost Detail/Field Reccomend Kost Nearby")): NOT_RUN: verifyElementVisible(findTestObject("Web RoomMe.id/RoomMe.id Kost Detail/Field Reccomend Kost Nearby"))

2020-03-13 21:22:24 - [MESSAGE][NOT_RUN] - NOT_RUN: verifyElementVisible(findTestObject("Web RoomMe.id/RoomMe.id Kost Detail/Field Reccomend Kost Nearby"))

2020-03-13 21:22:24 - [TEST_STEP][NOT_RUN] - verifyElementVisible(findTestObject("Web RoomMe.id/RoomMe.id Kost Detail/Button Select")): NOT_RUN: verifyElementVisible(findTestObject("Web RoomMe.id/RoomMe.id Kost Detail/Button Select"))

2020-03-13 21:22:24 - [MESSAGE][NOT_RUN] - NOT_RUN: verifyElementVisible(findTestObject("Web RoomMe.id/RoomMe.id Kost Detail/Button Select"))

2020-03-13 21:22:24 - [TEST_STEP][PASSED] - verifyElementVisible(findTestObject("Web RoomMe.id/RoomMe.id Kost Detail/Button Booking Summary")): Object 'Object Repository/Web RoomMe.id/RoomMe.id Kost Detail/Button Booking Summary' is visible

2020-03-13 21:22:24 - [MESSAGE][PASSED] - Object 'Object Repository/Web RoomMe.id/RoomMe.id Kost Detail/Button Booking Summary' is visible

2020-03-13 21:22:24 - [TEST_STEP][PASSED] - verifyElementVisible(findTestObject("Web RoomMe.id/RoomMe.id Kost Detail/Button Schedule Free Visit")): Object 'Object Repository/Web RoomMe.id/RoomMe.id Kost Detail/Button Schedule Free Visit' is visible

2020-03-13 21:22:24 - [MESSAGE][PASSED] - Object 'Object Repository/Web RoomMe.id/RoomMe.id Kost Detail/Button Schedule Free Visit' is visible

2020-03-13 21:22:24 - [MESSAGE][PASSED] - Call Test Case 'Test Cases/Web RoomMe.id/Customer Select Kost' successfully

2020-03-13 21:22:24 - [TEST_STEP][PASSED] - click(findTestObject("Web RoomMe.id/RoomMe.id Kost Detail/Button Continue to Book")): Object: 'Object Repository/Web RoomMe.id/RoomMe.id Kost Detail/Button Continue to Book' is clicked on

2020-03-13 21:22:25 - [MESSAGE][PASSED] - Object: 'Object Repository/Web RoomMe.id/RoomMe.id Kost Detail/Button Continue to Book' is clicked on

2020-03-13 21:22:25 - [TEST_STEP][NOT_RUN] - verifyElementVisible(findTestObject("Web RoomMe.id/RoomMe.id Kost Detail/Button Continue to Book")): NOT_RUN: verifyElementVisible(findTestObject("Web RoomMe.id/RoomMe.id Kost Detail/Button Continue to Book"))

2020-03-13 21:22:25 - [MESSAGE][NOT_RUN] - NOT_RUN: verifyElementVisible(findTestObject("Web RoomMe.id/RoomMe.id Kost Detail/Button Continue to Book"))

2020-03-13 21:22:25 - [TEST_STEP][NOT_RUN] - if (verifyElementVisible(findTestObject("Web RoomMe.id/RoomMe.id Kost Detail/Button Selected Room"), STOP_ON_FAILURE)): NOT_RUN: if (verifyElementVisible(findTestObject("Web RoomMe.id/RoomMe.id Kost Detail/Button Selected Room"), STOP_ON_FAILURE))

2020-03-13 21:22:25 - [MESSAGE][NOT_RUN] - NOT_RUN: if (verifyElementVisible(findTestObject("Web RoomMe.id/RoomMe.id Kost Detail/Button Selected Room"), STOP_ON_FAILURE))

2020-03-13 21:22:25 - [MESSAGE][PASSED] - Call Test Case 'Test Cases/Web RoomMe.id/Customer Select Kamar' successfully

2020-03-13 21:22:25 - [TEST_STEP][PASSED] - verifyElementVisible(findTestObject("Web RoomMe.id/RoomMe.id Kost Detail/Button Continue to Book")): Object 'Object Repository/Web RoomMe.id/RoomMe.id Kost Detail/Button Continue to Book' is visible

2020-03-13 21:22:26 - [MESSAGE][PASSED] - Object 'Object Repository/Web RoomMe.id/RoomMe.id Kost Detail/Button Continue to Book' is visible

2020-03-13 21:22:26 - [TEST_STEP][PASSED] - scrollToElement(findTestObject("Web RoomMe.id/RoomMe.id Kost Detail/Button Continue to Book"), 2): Scroll to object 'Object Repository/Web RoomMe.id/RoomMe.id Kost Detail/Button Continue to Book' successfully

2020-03-13 21:22:26 - [MESSAGE][PASSED] - Scroll to object 'Object Repository/Web RoomMe.id/RoomMe.id Kost Detail/Button Continue to Book' successfully

2020-03-13 21:22:26 - [TEST_STEP][PASSED] - click(findTestObject("Web RoomMe.id/RoomMe.id Kost Detail/Button Continue to Book")): Object: 'Object Repository/Web RoomMe.id/RoomMe.id Kost Detail/Button Continue to Book' is clicked on

2020-03-13 21:22:26 - [MESSAGE][PASSED] - Object: 'Object Repository/Web RoomMe.id/RoomMe.id Kost Detail/Button Continue to Book' is clicked on

2020-03-13 21:22:26 - [MESSAGE][PASSED] - Call Test Case 'Test Cases/Web RoomMe.id/Customer Continue To Book' successfully

2020-03-13 21:22:26 - [TEST_STEP][PASSED] - verifyElementVisible(findTestObject("Web RoomMe.id/Roomme.id Fill In Data/Text 1 Fill in data")): Object 'Object Repository/Web RoomMe.id/Roomme.id Fill In Data/Text 1 Fill in data' is visible

2020-03-13 21:22:27 - [MESSAGE][PASSED] - Object 'Object Repository/Web RoomMe.id/Roomme.id Fill In Data/Text 1 Fill in data' is visible

2020-03-13 21:22:27 - [TEST_STEP][PASSED] - verifyElementVisible(findTestObject("Web RoomMe.id/Roomme.id Fill In Data/Text 2 Payment")): Object 'Object Repository/Web RoomMe.id/Roomme.id Fill In Data/Text 2 Payment' is visible

2020-03-13 21:22:28 - [MESSAGE][PASSED] - Object 'Object Repository/Web RoomMe.id/Roomme.id Fill In Data/Text 2 Payment' is visible

2020-03-13 21:22:28 - [TEST_STEP][PASSED] - verifyElementVisible(findTestObject("Web RoomMe.id/Roomme.id Fill In Data/Text 3 Done Confirmation Booking")): Object 'Object Repository/Web RoomMe.id/Roomme.id Fill In Data/Text 3 Done Confirmation Booking' is visible

2020-03-13 21:22:28 - [MESSAGE][PASSED] - Object 'Object Repository/Web RoomMe.id/Roomme.id Fill In Data/Text 3 Done Confirmation Booking' is visible

2020-03-13 21:22:28 - [TEST_STEP][NOT_RUN] - verifyElementVisible(findTestObject("Web RoomMe.id/Roomme.id Fill In Data/Field Customer Information")): NOT_RUN: verifyElementVisible(findTestObject("Web RoomMe.id/Roomme.id Fill In Data/Field Customer Information"))

2020-03-13 21:22:28 - [MESSAGE][NOT_RUN] - NOT_RUN: verifyElementVisible(findTestObject("Web RoomMe.id/Roomme.id Fill In Data/Field Customer Information"))

2020-03-13 21:22:28 - [TEST_STEP][PASSED] - verifyElementVisible(findTestObject("Web RoomMe.id/Roomme.id Fill In Data/Text Customer Contact Name")): Object 'Object Repository/Web RoomMe.id/Roomme.id Fill In Data/Text Customer Contact Name' is visible

2020-03-13 21:22:28 - [MESSAGE][PASSED] - Object 'Object Repository/Web RoomMe.id/Roomme.id Fill In Data/Text Customer Contact Name' is visible

2020-03-13 21:22:28 - [TEST_STEP][PASSED] - verifyElementVisible(findTestObject("Web RoomMe.id/Roomme.id Fill In Data/Text Customer Email Address")): Object 'Object Repository/Web RoomMe.id/Roomme.id Fill In Data/Text Customer Email Address' is visible

2020-03-13 21:22:29 - [MESSAGE][PASSED] - Object 'Object Repository/Web RoomMe.id/Roomme.id Fill In Data/Text Customer Email Address' is visible

2020-03-13 21:22:29 - [TEST_STEP][PASSED] - verifyElementVisible(findTestObject("Web RoomMe.id/Roomme.id Fill In Data/Text Customer Phone Number")): Object 'Object Repository/Web RoomMe.id/Roomme.id Fill In Data/Text Customer Phone Number' is visible

2020-03-13 21:22:29 - [MESSAGE][PASSED] - Object 'Object Repository/Web RoomMe.id/Roomme.id Fill In Data/Text Customer Phone Number' is visible

2020-03-13 21:22:29 - [TEST_STEP][PASSED] - verifyElementVisible(findTestObject("Web RoomMe.id/Roomme.id Fill In Data/Text Noted If the data doesnt match please edit in profile")): Object 'Object Repository/Web RoomMe.id/Roomme.id Fill In Data/Text Noted If the data doesnt match please edit in profile' is visible

2020-03-13 21:22:29 - [MESSAGE][PASSED] - Object 'Object Repository/Web RoomMe.id/Roomme.id Fill In Data/Text Noted If the data doesnt match please edit in profile' is visible

2020-03-13 21:22:29 - [TEST_STEP][PASSED] - verifyElementVisible(findTestObject("Web RoomMe.id/Roomme.id Fill In Data/Button Edit Profile")): Object 'Object Repository/Web RoomMe.id/Roomme.id Fill In Data/Button Edit Profile' is visible

2020-03-13 21:22:29 - [MESSAGE][PASSED] - Object 'Object Repository/Web RoomMe.id/Roomme.id Fill In Data/Button Edit Profile' is visible

2020-03-13 21:22:29 - [TEST_STEP][PASSED] - verifyElementVisible(findTestObject("Web RoomMe.id/Roomme.id Fill In Data/Checkbox Please tick if youre making booking for someone else")): Object 'Object Repository/Web RoomMe.id/Roomme.id Fill In Data/Checkbox Please tick if youre making booking for someone else' is visible

2020-03-13 21:22:30 - [MESSAGE][PASSED] - Object 'Object Repository/Web RoomMe.id/Roomme.id Fill In Data/Checkbox Please tick if youre making booking for someone else' is visible

2020-03-13 21:22:30 - [TEST_STEP][NOT_RUN] - verifyElementVisible(findTestObject("Web RoomMe.id/Roomme.id Fill In Data/Field Cancellation Policy")): NOT_RUN: verifyElementVisible(findTestObject("Web RoomMe.id/Roomme.id Fill In Data/Field Cancellation Policy"))

2020-03-13 21:22:30 - [MESSAGE][NOT_RUN] - NOT_RUN: verifyElementVisible(findTestObject("Web RoomMe.id/Roomme.id Fill In Data/Field Cancellation Policy"))

2020-03-13 21:22:30 - [TEST_STEP][NOT_RUN] - verifyElementVisible(findTestObject("Web RoomMe.id/Roomme.id Fill In Data/Field Booking Details")): NOT_RUN: verifyElementVisible(findTestObject("Web RoomMe.id/Roomme.id Fill In Data/Field Booking Details"))

2020-03-13 21:22:30 - [MESSAGE][NOT_RUN] - NOT_RUN: verifyElementVisible(findTestObject("Web RoomMe.id/Roomme.id Fill In Data/Field Booking Details"))

2020-03-13 21:22:30 - [TEST_STEP][PASSED] - verifyElementVisible(findTestObject("Web RoomMe.id/Roomme.id Fill In Data/Button Continue to Payment")): Object 'Object Repository/Web RoomMe.id/Roomme.id Fill In Data/Button Continue to Payment' is visible

2020-03-13 21:22:30 - [MESSAGE][PASSED] - Object 'Object Repository/Web RoomMe.id/Roomme.id Fill In Data/Button Continue to Payment' is visible

2020-03-13 21:22:30 - [MESSAGE][PASSED] - Call Test Case 'Test Cases/Web RoomMe.id/Customer Fill Data to Payment' successfully

2020-03-13 21:22:30 - [TEST_STEP][PASSED] - click(findTestObject("Web RoomMe.id/Roomme.id Fill In Data/Button Continue to Payment")): Object: 'Object Repository/Web RoomMe.id/Roomme.id Fill In Data/Button Continue to Payment' is clicked on

2020-03-13 21:22:30 - [MESSAGE][PASSED] - Object: 'Object Repository/Web RoomMe.id/Roomme.id Fill In Data/Button Continue to Payment' is clicked on

2020-03-13 21:22:30 - [MESSAGE][PASSED] - Call Test Case 'Test Cases/Web RoomMe.id/Customer Continue to Payment' successfully

2020-03-13 21:22:30 - [TEST_STEP][PASSED] - verifyElementVisible(findTestObject("Web RoomMe.id/Payment Option Page/Radio Button Virtual Account")): Object 'Object Repository/Web RoomMe.id/Payment Option Page/Radio Button Virtual Account' is visible

2020-03-13 21:22:31 - [MESSAGE][PASSED] - Object 'Object Repository/Web RoomMe.id/Payment Option Page/Radio Button Virtual Account' is visible

2020-03-13 21:22:31 - [TEST_STEP][PASSED] - verifyElementVisible(findTestObject("Web RoomMe.id/Payment Option Page/Button Continue to Payment")): Object 'Object Repository/Web RoomMe.id/Payment Option Page/Button Continue to Payment' is visible

2020-03-13 21:22:31 - [MESSAGE][PASSED] - Object 'Object Repository/Web RoomMe.id/Payment Option Page/Button Continue to Payment' is visible

2020-03-13 21:22:31 - [MESSAGE][PASSED] - Call Test Case 'Test Cases/Web RoomMe.id/Customer Access Payment Option Page' successfully

2020-03-13 21:22:31 - [TEST_STEP][PASSED] - click(findTestObject("Web RoomMe.id/Payment Option Page/Radio Button Virtual Account")): Object: 'Object Repository/Web RoomMe.id/Payment Option Page/Radio Button Virtual Account' is clicked on

2020-03-13 21:22:31 - [MESSAGE][PASSED] - Object: 'Object Repository/Web RoomMe.id/Payment Option Page/Radio Button Virtual Account' is clicked on

2020-03-13 21:22:31 - [TEST_STEP][PASSED] - click(findTestObject("Web RoomMe.id/Payment Option Page/Button Continue to Payment")): Object: 'Object Repository/Web RoomMe.id/Payment Option Page/Button Continue to Payment' is clicked on

2020-03-13 21:22:32 - [MESSAGE][PASSED] - Object: 'Object Repository/Web RoomMe.id/Payment Option Page/Button Continue to Payment' is clicked on]]></system-out>
         <system-err><![CDATA[]]></system-err>
      </testcase>
      <system-out><![CDATA[2020-03-13 21:14:55 - [TEST_SUITE][PASSED] - Customer Booking Kost Using Virtual Account: Test Cases/Web RoomMe.id/Customer Pay Using Virtual Account]]></system-out>
      <system-err><![CDATA[]]></system-err>
   </testsuite>
</testsuites>
