<?xml version="1.0" encoding="UTF-8"?>
<testsuites name="Customer Access Landlord Page" time="61.912" tests="2" failures="0" errors="0">
   <testsuite name="Customer Access Landlord Page" tests="2" failures="0" errors="0" time="61.912" timestamp="2020-04-27 02:39:15" hostname="Faldi - Alienware-X51" id="Test Suites/Web RoomMe.id/Customer Access Landlord Page">
      <properties>
         <property name="deviceName" value=""/>
         <property name="devicePlatform" value=""/>
         <property name="logFolder" value="C:\\Users\\Faldi\\Katalon Studio\\katalonroomme\\Reports\\20200427_022109\\Web RoomMe.id\\Customer Access Landlord Page\\20200427_022115"/>
         <property name="logFiles" value="C:\\Users\\Faldi\\Katalon Studio\\katalonroomme\\Reports\\20200427_022109\\Web RoomMe.id\\Customer Access Landlord Page\\20200427_022115\\execution0.log"/>
         <property name="attachments" value=""/>
         <property name="hostName" value="Faldi - Alienware-X51"/>
         <property name="os" value="Windows 10 64bit"/>
         <property name="katalonVersion" value="7.4.0.1"/>
         <property name="browser" value="Firefox 75.0"/>
         <property name="hostAddress" value="192.168.1.5"/>
         <property name="sessionId" value="d035bfa3-004a-41d1-8dff-c63217ac97a7"/>
         <property name="seleniumVersion" value="3.141.59"/>
         <property name="proxyInformation" value="ProxyInformation{proxyOption=NO_PROXY, proxyServerType=HTTP, password=, proxyServerAddress=, proxyServerPort=0, executionList=}"/>
         <property name="platform" value="Windows 10"/>
      </properties>
      <testcase name="Test Cases/Web RoomMe.id/7. Landlord/1. Customer Access Landlord Page From Header" time="18.972" classname="Test Cases/Web RoomMe.id/7. Landlord/1. Customer Access Landlord Page From Header" status="PASSED">
         <system-out><![CDATA[2020-04-27 02:39:15 - [TEST_CASE][PASSED] - Test Cases/Web RoomMe.id/7. Landlord/1. Customer Access Landlord Page From Header: Test Cases/Web RoomMe.id/7. Landlord/1. Customer Access Landlord Page From Header

2020-04-27 02:39:16 - [TEST_STEP][PASSED] - callTestCase(findTestCase("Web RoomMe.id/1. Homepage/1. Customer Access RoomMe Page"), [:], STOP_ON_FAILURE): Call Test Case 'Test Cases/Web RoomMe.id/1. Homepage/1. Customer Access RoomMe Page' successfully

2020-04-27 02:39:16 - [TEST_CASE][PASSED] - Test Cases/Web RoomMe.id/1. Homepage/1. Customer Access RoomMe Page: Test Cases/Web RoomMe.id/1. Homepage/1. Customer Access RoomMe Page

2020-04-27 02:39:16 - [TEST_STEP][PASSED] - openBrowser("https://web.roomme.id/"): Browser is opened with url: 'https://web.roomme.id/'

2020-04-27 02:39:16 - [MESSAGE][INFO] - Starting 'Firefox' driver

2020-04-27 02:39:16 - [MESSAGE][INFO] - Action delay is set to 0 milliseconds

2020-04-27 02:39:27 - [MESSAGE][PASSED] - Browser is opened with url: 'https://web.roomme.id/'

2020-04-27 02:39:27 - [TEST_STEP][PASSED] - maximizeWindow(): Current window maximized

2020-04-27 02:39:27 - [MESSAGE][PASSED] - Current window maximized

2020-04-27 02:39:27 - [TEST_STEP][PASSED] - waitForPageLoad(0): Wait for page load successfully

2020-04-27 02:39:28 - [MESSAGE][WARNING] - Timeout '0' is invalid. Using default page load timeout: '30'

2020-04-27 02:39:28 - [MESSAGE][PASSED] - Wait for page load successfully

2020-04-27 02:39:28 - [MESSAGE][PASSED] - Call Test Case 'Test Cases/Web RoomMe.id/1. Homepage/1. Customer Access RoomMe Page' successfully

2020-04-27 02:39:28 - [TEST_STEP][PASSED] - waitForElementVisible(findTestObject("Web RoomMe.id/RoomMe.id Header/Button Are You Landlord"), 30): Object 'Object Repository/Web RoomMe.id/RoomMe.id Header/Button Are You Landlord' is visible

2020-04-27 02:39:31 - [MESSAGE][PASSED] - Object 'Object Repository/Web RoomMe.id/RoomMe.id Header/Button Are You Landlord' is visible

2020-04-27 02:39:31 - [TEST_STEP][PASSED] - click(findTestObject("Web RoomMe.id/RoomMe.id Header/Button Are You Landlord")): Object: 'Object Repository/Web RoomMe.id/RoomMe.id Header/Button Are You Landlord' is clicked on

2020-04-27 02:39:33 - [MESSAGE][PASSED] - Object: 'Object Repository/Web RoomMe.id/RoomMe.id Header/Button Are You Landlord' is clicked on

2020-04-27 02:39:33 - [TEST_STEP][PASSED] - waitForPageLoad(0): Wait for page load successfully

2020-04-27 02:39:33 - [MESSAGE][WARNING] - Timeout '0' is invalid. Using default page load timeout: '30'

2020-04-27 02:39:33 - [MESSAGE][PASSED] - Wait for page load successfully

2020-04-27 02:39:33 - [TEST_STEP][PASSED] - waitForElementVisible(findTestObject("Web RoomMe.id/RoomMe.id Landlord Page/Text 4 Easy Steps to Become Landlord"), 30): Object 'Object Repository/Web RoomMe.id/RoomMe.id Landlord Page/Text 4 Easy Steps to Become Landlord' is visible

2020-04-27 02:39:34 - [MESSAGE][PASSED] - Object 'Object Repository/Web RoomMe.id/RoomMe.id Landlord Page/Text 4 Easy Steps to Become Landlord' is visible]]></system-out>
         <system-err><![CDATA[]]></system-err>
      </testcase>
      <testcase name="Test Cases/Web RoomMe.id/7. Landlord/2. Customer Access Landlord Page From Homepage Section" time="26.65" classname="Test Cases/Web RoomMe.id/7. Landlord/2. Customer Access Landlord Page From Homepage Section" status="PASSED">
         <system-out><![CDATA[2020-04-27 02:39:34 - [TEST_CASE][PASSED] - Test Cases/Web RoomMe.id/7. Landlord/2. Customer Access Landlord Page From Homepage Section: Test Cases/Web RoomMe.id/7. Landlord/2. Customer Access Landlord Page From Homepage Section

2020-04-27 02:39:34 - [TEST_STEP][PASSED] - callTestCase(findTestCase("Web RoomMe.id/1. Homepage/1. Customer Access RoomMe Page"), [:], STOP_ON_FAILURE): Call Test Case 'Test Cases/Web RoomMe.id/1. Homepage/1. Customer Access RoomMe Page' successfully

2020-04-27 02:39:35 - [TEST_CASE][PASSED] - Test Cases/Web RoomMe.id/1. Homepage/1. Customer Access RoomMe Page: Test Cases/Web RoomMe.id/1. Homepage/1. Customer Access RoomMe Page

2020-04-27 02:39:35 - [TEST_STEP][PASSED] - openBrowser("https://web.roomme.id/"): Browser is opened with url: 'https://web.roomme.id/'

2020-04-27 02:39:35 - [MESSAGE][WARNING] - A browser is already opened. Closing browser and opening a new one

2020-04-27 02:39:45 - [MESSAGE][INFO] - Starting 'Firefox' driver

2020-04-27 02:39:45 - [MESSAGE][INFO] - Action delay is set to 0 milliseconds

2020-04-27 02:39:55 - [MESSAGE][PASSED] - Browser is opened with url: 'https://web.roomme.id/'

2020-04-27 02:39:55 - [TEST_STEP][PASSED] - maximizeWindow(): Current window maximized

2020-04-27 02:39:56 - [MESSAGE][PASSED] - Current window maximized

2020-04-27 02:39:56 - [TEST_STEP][PASSED] - waitForPageLoad(0): Wait for page load successfully

2020-04-27 02:39:56 - [MESSAGE][WARNING] - Timeout '0' is invalid. Using default page load timeout: '30'

2020-04-27 02:39:56 - [MESSAGE][PASSED] - Wait for page load successfully

2020-04-27 02:39:56 - [MESSAGE][PASSED] - Call Test Case 'Test Cases/Web RoomMe.id/1. Homepage/1. Customer Access RoomMe Page' successfully

2020-04-27 02:39:56 - [TEST_STEP][PASSED] - waitForElementVisible(findTestObject("Web RoomMe.id/RoomMe.id Homepage/Button Get Started"), 30): Object 'Object Repository/Web RoomMe.id/RoomMe.id Homepage/Button Get Started' is visible

2020-04-27 02:39:58 - [MESSAGE][PASSED] - Object 'Object Repository/Web RoomMe.id/RoomMe.id Homepage/Button Get Started' is visible

2020-04-27 02:39:58 - [TEST_STEP][PASSED] - click(findTestObject("Web RoomMe.id/RoomMe.id Homepage/Button Get Started")): Object: 'Object Repository/Web RoomMe.id/RoomMe.id Homepage/Button Get Started' is clicked on

2020-04-27 02:40:00 - [MESSAGE][PASSED] - Object: 'Object Repository/Web RoomMe.id/RoomMe.id Homepage/Button Get Started' is clicked on

2020-04-27 02:40:00 - [TEST_STEP][PASSED] - waitForPageLoad(0): Wait for page load successfully

2020-04-27 02:40:00 - [MESSAGE][WARNING] - Timeout '0' is invalid. Using default page load timeout: '30'

2020-04-27 02:40:00 - [MESSAGE][PASSED] - Wait for page load successfully

2020-04-27 02:40:00 - [TEST_STEP][PASSED] - waitForElementVisible(findTestObject("Web RoomMe.id/RoomMe.id Landlord Page/Text 4 Easy Steps to Become Landlord"), 30): Object 'Object Repository/Web RoomMe.id/RoomMe.id Landlord Page/Text 4 Easy Steps to Become Landlord' is visible

2020-04-27 02:40:01 - [MESSAGE][PASSED] - Object 'Object Repository/Web RoomMe.id/RoomMe.id Landlord Page/Text 4 Easy Steps to Become Landlord' is visible]]></system-out>
         <system-err><![CDATA[]]></system-err>
      </testcase>
      <system-out><![CDATA[2020-04-27 02:39:15 - [TEST_SUITE][PASSED] - Customer Access Landlord Page: Test Cases/Web RoomMe.id/7. Landlord/2. Customer Access Landlord Page From Homepage Section]]></system-out>
      <system-err><![CDATA[]]></system-err>
   </testsuite>
</testsuites>
