<?xml version="1.0" encoding="UTF-8"?>
<testsuites name="Customer Sign Up" time="230.301" tests="8" failures="0" skips="0" errors="0">
   <testsuite name="Customer Sign Up" tests="8" failures="0" errors="0" time="230.301" skips="0" timestamp="2021-01-12 17:43:55" hostname="Faldi - XPS" id="Test Suites/Web RoomMe.id/Customer Sign Up">
      <properties>
         <property name="deviceName" value=""/>
         <property name="devicePlatform" value=""/>
         <property name="logFolder" value="C:\\Users\\Faldi\\Katalon Studio\\katalonroomme\\Reports\\20210112_174347\\Web RoomMe.id\\Customer Sign Up\\20210112_174347"/>
         <property name="logFiles" value="C:\\Users\\Faldi\\Katalon Studio\\katalonroomme\\Reports\\20210112_174347\\Web RoomMe.id\\Customer Sign Up\\20210112_174347\\execution0.log"/>
         <property name="attachments" value=""/>
         <property name="hostName" value="Faldi - XPS"/>
         <property name="os" value="Windows 10 64bit"/>
         <property name="katalonVersion" value="7.8.2.208"/>
         <property name="browser" value="Chrome 87.0.4280.141"/>
         <property name="hostAddress" value="192.168.10.7"/>
         <property name="sessionId" value="fe6bce34bbd1b6683530f6a3dee77091"/>
         <property name="seleniumVersion" value="3.141.59"/>
         <property name="proxyInformation" value="ProxyInformation { proxyOption=NO_PROXY, proxyServerType=HTTP, username=, password=********, proxyServerAddress=, proxyServerPort=0, executionList=&quot;&quot;, isApplyToDesiredCapabilities=true }"/>
         <property name="platform" value="Windows 10"/>
      </properties>
      <testcase name="Test Cases/Web RoomMe.id/2. Sign Up/1. Sign Up with Valid Data" time="29.419" classname="Test Cases/Web RoomMe.id/2. Sign Up/1. Sign Up with Valid Data" status="PASSED">
         <system-out><![CDATA[2021-01-12 17:43:56 - [TEST_CASE][PASSED] - Test Cases/Web RoomMe.id/2. Sign Up/1. Sign Up with Valid Data: Test Cases/Web RoomMe.id/2. Sign Up/1. Sign Up with Valid Data

2021-01-12 17:43:57 - [TEST_STEP][PASSED] - callTestCase(findTestCase("Web RoomMe.id/1. Homepage/1. Customer Access RoomMe Page"), [:], STOP_ON_FAILURE): Call Test Case 'Test Cases/Web RoomMe.id/1. Homepage/1. Customer Access RoomMe Page' successfully

2021-01-12 17:43:57 - [TEST_CASE][PASSED] - Test Cases/Web RoomMe.id/1. Homepage/1. Customer Access RoomMe Page: Test Cases/Web RoomMe.id/1. Homepage/1. Customer Access RoomMe Page

2021-01-12 17:43:57 - [TEST_STEP][PASSED] - openBrowser(url): Browser is opened with url: 'https://dev-web:w3BdEv-r0omM3@web.roomme.id'

2021-01-12 17:43:58 - [MESSAGE][INFO] - Starting 'Chrome' driver

2021-01-12 17:43:58 - [MESSAGE][INFO] - Action delay is set to 50 milliseconds

2021-01-12 17:44:13 - [MESSAGE][PASSED] - Browser is opened with url: 'https://dev-web:w3BdEv-r0omM3@web.roomme.id'

2021-01-12 17:44:13 - [TEST_STEP][PASSED] - maximizeWindow(): Current window maximized

2021-01-12 17:44:16 - [MESSAGE][PASSED] - Current window maximized

2021-01-12 17:44:16 - [TEST_STEP][PASSED] - waitForPageLoad(0): Wait for page load successfully

2021-01-12 17:44:16 - [MESSAGE][WARNING] - Timeout '0' is invalid. Using default page load timeout: '1'

2021-01-12 17:44:16 - [MESSAGE][PASSED] - Wait for page load successfully

2021-01-12 17:44:16 - [TEST_STEP][PASSED] - click(findTestObject("Web RoomMe.id/RoomMe.id Homepage/Button Close banner StaytoWin")): Object: 'Object Repository/Web RoomMe.id/RoomMe.id Homepage/Button Close banner StaytoWin' is clicked on

2021-01-12 17:44:16 - [MESSAGE][PASSED] - Object: 'Object Repository/Web RoomMe.id/RoomMe.id Homepage/Button Close banner StaytoWin' is clicked on

2021-01-12 17:44:16 - [MESSAGE][PASSED] - Call Test Case 'Test Cases/Web RoomMe.id/1. Homepage/1. Customer Access RoomMe Page' successfully

2021-01-12 17:44:16 - [TEST_STEP][NOT_RUN] - callTestCase(findTestCase("Web RoomMe.id/1. Homepage/2. Verify Header RoomMe.id"), [:], STOP_ON_FAILURE): NOT_RUN: callTestCase(findTestCase("Web RoomMe.id/1. Homepage/2. Verify Header RoomMe.id"), [:], STOP_ON_FAILURE)

2021-01-12 17:44:16 - [MESSAGE][NOT_RUN] - NOT_RUN: callTestCase(findTestCase("Web RoomMe.id/1. Homepage/2. Verify Header RoomMe.id"), [:], STOP_ON_FAILURE)

2021-01-12 17:44:16 - [TEST_STEP][PASSED] - click(findTestObject("Web RoomMe.id/RoomMe.id Header/Button Sign In")): Object: 'Object Repository/Web RoomMe.id/RoomMe.id Header/Button Sign In' is clicked on

2021-01-12 17:44:17 - [MESSAGE][PASSED] - Object: 'Object Repository/Web RoomMe.id/RoomMe.id Header/Button Sign In' is clicked on

2021-01-12 17:44:17 - [TEST_STEP][PASSED] - waitForElementVisible(findTestObject("Web RoomMe.id/Sign In Menu/Button Sign Up"), 0): Object 'Object Repository/Web RoomMe.id/Sign In Menu/Button Sign Up' is visible

2021-01-12 17:44:17 - [MESSAGE][WARNING] - Timeout '0' is invalid. Using default page load timeout: '1'

2021-01-12 17:44:17 - [MESSAGE][PASSED] - Object 'Object Repository/Web RoomMe.id/Sign In Menu/Button Sign Up' is visible

2021-01-12 17:44:17 - [TEST_STEP][PASSED] - click(findTestObject("Web RoomMe.id/Sign In Menu/Button Sign Up")): Object: 'Object Repository/Web RoomMe.id/Sign In Menu/Button Sign Up' is clicked on

2021-01-12 17:44:17 - [MESSAGE][PASSED] - Object: 'Object Repository/Web RoomMe.id/Sign In Menu/Button Sign Up' is clicked on

2021-01-12 17:44:17 - [TEST_STEP][PASSED] - callTestCase(findTestCase("Web RoomMe.id/2. Sign Up/Verify Sign Up Menu"), [:], STOP_ON_FAILURE): Call Test Case 'Test Cases/Web RoomMe.id/2. Sign Up/Verify Sign Up Menu' successfully

2021-01-12 17:44:17 - [TEST_CASE][PASSED] - Test Cases/Web RoomMe.id/2. Sign Up/Verify Sign Up Menu: Test Cases/Web RoomMe.id/2. Sign Up/Verify Sign Up Menu

2021-01-12 17:44:18 - [TEST_STEP][PASSED] - objectSubFolder = "Web RoomMe.id\Sign Up Menu\": null

2021-01-12 17:44:18 - [TEST_STEP][PASSED] - pathToObjRep = getProjectDir() + "\Object Repository\" + objectSubFolder: null

2021-01-12 17:44:18 - [TEST_STEP][PASSED] - yourObjects = new java.io.File(pathToObjRep): null

2021-01-12 17:44:18 - [TEST_STEP][PASSED] - fileNames = yourObjects.list(): null

2021-01-12 17:44:18 - [TEST_STEP][PASSED] - testObjects = new java.util.ArrayList(): null

2021-01-12 17:44:18 - [TEST_STEP][PASSED] - for ([i = 0, i < length, (i++)]): null

2021-01-12 17:44:18 - [TEST_STEP][PASSED] - if (fileNames[i].contains(".rs")): null

2021-01-12 17:44:18 - [TEST_STEP][PASSED] - fileNames[i] = fileNames[i].replace(".rs", ""): null

2021-01-12 17:44:18 - [TEST_STEP][PASSED] - testObjects.add(objectSubFolder + fileNames[i]): null

2021-01-12 17:44:18 - [TEST_STEP][PASSED] - if (fileNames[i].contains(".rs")): null

2021-01-12 17:44:18 - [TEST_STEP][PASSED] - fileNames[i] = fileNames[i].replace(".rs", ""): null

2021-01-12 17:44:18 - [TEST_STEP][PASSED] - testObjects.add(objectSubFolder + fileNames[i]): null

2021-01-12 17:44:18 - [TEST_STEP][PASSED] - if (fileNames[i].contains(".rs")): null

2021-01-12 17:44:18 - [TEST_STEP][PASSED] - if (fileNames[i].contains(".rs")): null

2021-01-12 17:44:18 - [TEST_STEP][PASSED] - fileNames[i] = fileNames[i].replace(".rs", ""): null

2021-01-12 17:44:18 - [TEST_STEP][PASSED] - testObjects.add(objectSubFolder + fileNames[i]): null

2021-01-12 17:44:18 - [TEST_STEP][PASSED] - if (fileNames[i].contains(".rs")): null

2021-01-12 17:44:18 - [TEST_STEP][PASSED] - if (fileNames[i].contains(".rs")): null

2021-01-12 17:44:18 - [TEST_STEP][PASSED] - fileNames[i] = fileNames[i].replace(".rs", ""): null

2021-01-12 17:44:18 - [TEST_STEP][PASSED] - testObjects.add(objectSubFolder + fileNames[i]): null

2021-01-12 17:44:18 - [TEST_STEP][PASSED] - if (fileNames[i].contains(".rs")): null

2021-01-12 17:44:18 - [TEST_STEP][PASSED] - fileNames[i] = fileNames[i].replace(".rs", ""): null

2021-01-12 17:44:18 - [TEST_STEP][PASSED] - testObjects.add(objectSubFolder + fileNames[i]): null

2021-01-12 17:44:18 - [TEST_STEP][PASSED] - if (fileNames[i].contains(".rs")): null

2021-01-12 17:44:18 - [TEST_STEP][PASSED] - fileNames[i] = fileNames[i].replace(".rs", ""): null

2021-01-12 17:44:18 - [TEST_STEP][PASSED] - testObjects.add(objectSubFolder + fileNames[i]): null

2021-01-12 17:44:18 - [TEST_STEP][PASSED] - if (fileNames[i].contains(".rs")): null

2021-01-12 17:44:18 - [TEST_STEP][PASSED] - fileNames[i] = fileNames[i].replace(".rs", ""): null

2021-01-12 17:44:18 - [TEST_STEP][PASSED] - testObjects.add(objectSubFolder + fileNames[i]): null

2021-01-12 17:44:18 - [TEST_STEP][PASSED] - if (fileNames[i].contains(".rs")): null

2021-01-12 17:44:18 - [TEST_STEP][PASSED] - fileNames[i] = fileNames[i].replace(".rs", ""): null

2021-01-12 17:44:18 - [TEST_STEP][PASSED] - testObjects.add(objectSubFolder + fileNames[i]): null

2021-01-12 17:44:18 - [TEST_STEP][PASSED] - if (fileNames[i].contains(".rs")): null

2021-01-12 17:44:18 - [TEST_STEP][PASSED] - fileNames[i] = fileNames[i].replace(".rs", ""): null

2021-01-12 17:44:18 - [TEST_STEP][PASSED] - testObjects.add(objectSubFolder + fileNames[i]): null

2021-01-12 17:44:18 - [TEST_STEP][PASSED] - if (fileNames[i].contains(".rs")): null

2021-01-12 17:44:18 - [TEST_STEP][PASSED] - fileNames[i] = fileNames[i].replace(".rs", ""): null

2021-01-12 17:44:18 - [TEST_STEP][PASSED] - testObjects.add(objectSubFolder + fileNames[i]): null

2021-01-12 17:44:18 - [TEST_STEP][PASSED] - if (fileNames[i].contains(".rs")): null

2021-01-12 17:44:18 - [TEST_STEP][PASSED] - fileNames[i] = fileNames[i].replace(".rs", ""): null

2021-01-12 17:44:18 - [TEST_STEP][PASSED] - testObjects.add(objectSubFolder + fileNames[i]): null

2021-01-12 17:44:18 - [TEST_STEP][PASSED] - if (fileNames[i].contains(".rs")): null

2021-01-12 17:44:18 - [TEST_STEP][PASSED] - fileNames[i] = fileNames[i].replace(".rs", ""): null

2021-01-12 17:44:18 - [TEST_STEP][PASSED] - testObjects.add(objectSubFolder + fileNames[i]): null

2021-01-12 17:44:18 - [TEST_STEP][PASSED] - if (fileNames[i].contains(".rs")): null

2021-01-12 17:44:18 - [TEST_STEP][PASSED] - fileNames[i] = fileNames[i].replace(".rs", ""): null

2021-01-12 17:44:18 - [TEST_STEP][PASSED] - testObjects.add(objectSubFolder + fileNames[i]): null

2021-01-12 17:44:18 - [TEST_STEP][PASSED] - for (String obj : testObjects): Object 'Object Repository/Web RoomMe.id\Sign Up Menu\Textfield Phone Number' is visible

2021-01-12 17:44:18 - [TEST_STEP][PASSED] - verifyElementVisible(findTestObject(obj)): Object 'Object Repository/Web RoomMe.id\Sign Up Menu\Button Sign In' is visible

2021-01-12 17:44:18 - [MESSAGE][PASSED] - Object 'Object Repository/Web RoomMe.id\Sign Up Menu\Button Sign In' is visible

2021-01-12 17:44:18 - [TEST_STEP][PASSED] - verifyElementVisible(findTestObject(obj)): Object 'Object Repository/Web RoomMe.id\Sign Up Menu\Button Sign Up' is visible

2021-01-12 17:44:18 - [MESSAGE][PASSED] - Object 'Object Repository/Web RoomMe.id\Sign Up Menu\Button Sign Up' is visible

2021-01-12 17:44:18 - [TEST_STEP][PASSED] - verifyElementVisible(findTestObject(obj)): Object 'Object Repository/Web RoomMe.id\Sign Up Menu\Name Textfield' is visible

2021-01-12 17:44:18 - [MESSAGE][PASSED] - Object 'Object Repository/Web RoomMe.id\Sign Up Menu\Name Textfield' is visible

2021-01-12 17:44:18 - [TEST_STEP][PASSED] - verifyElementVisible(findTestObject(obj)): Object 'Object Repository/Web RoomMe.id\Sign Up Menu\Text Are you have an account' is visible

2021-01-12 17:44:19 - [MESSAGE][PASSED] - Object 'Object Repository/Web RoomMe.id\Sign Up Menu\Text Are you have an account' is visible

2021-01-12 17:44:19 - [TEST_STEP][PASSED] - verifyElementVisible(findTestObject(obj)): Object 'Object Repository/Web RoomMe.id\Sign Up Menu\Text Confirm Password' is visible

2021-01-12 17:44:19 - [MESSAGE][PASSED] - Object 'Object Repository/Web RoomMe.id\Sign Up Menu\Text Confirm Password' is visible

2021-01-12 17:44:19 - [TEST_STEP][PASSED] - verifyElementVisible(findTestObject(obj)): Object 'Object Repository/Web RoomMe.id\Sign Up Menu\Text Email Address' is visible

2021-01-12 17:44:19 - [MESSAGE][PASSED] - Object 'Object Repository/Web RoomMe.id\Sign Up Menu\Text Email Address' is visible

2021-01-12 17:44:19 - [TEST_STEP][PASSED] - verifyElementVisible(findTestObject(obj)): Object 'Object Repository/Web RoomMe.id\Sign Up Menu\Text Full Name' is visible

2021-01-12 17:44:19 - [MESSAGE][PASSED] - Object 'Object Repository/Web RoomMe.id\Sign Up Menu\Text Full Name' is visible

2021-01-12 17:44:19 - [TEST_STEP][PASSED] - verifyElementVisible(findTestObject(obj)): Object 'Object Repository/Web RoomMe.id\Sign Up Menu\Text Password' is visible

2021-01-12 17:44:19 - [MESSAGE][PASSED] - Object 'Object Repository/Web RoomMe.id\Sign Up Menu\Text Password' is visible

2021-01-12 17:44:19 - [TEST_STEP][PASSED] - verifyElementVisible(findTestObject(obj)): Object 'Object Repository/Web RoomMe.id\Sign Up Menu\Text Phone Number' is visible

2021-01-12 17:44:20 - [MESSAGE][PASSED] - Object 'Object Repository/Web RoomMe.id\Sign Up Menu\Text Phone Number' is visible

2021-01-12 17:44:20 - [TEST_STEP][PASSED] - verifyElementVisible(findTestObject(obj)): Object 'Object Repository/Web RoomMe.id\Sign Up Menu\Textfield Confirm Password' is visible

2021-01-12 17:44:20 - [MESSAGE][PASSED] - Object 'Object Repository/Web RoomMe.id\Sign Up Menu\Textfield Confirm Password' is visible

2021-01-12 17:44:20 - [TEST_STEP][PASSED] - verifyElementVisible(findTestObject(obj)): Object 'Object Repository/Web RoomMe.id\Sign Up Menu\Textfield Email' is visible

2021-01-12 17:44:20 - [MESSAGE][PASSED] - Object 'Object Repository/Web RoomMe.id\Sign Up Menu\Textfield Email' is visible

2021-01-12 17:44:20 - [TEST_STEP][PASSED] - verifyElementVisible(findTestObject(obj)): Object 'Object Repository/Web RoomMe.id\Sign Up Menu\Textfield Password' is visible

2021-01-12 17:44:20 - [MESSAGE][PASSED] - Object 'Object Repository/Web RoomMe.id\Sign Up Menu\Textfield Password' is visible

2021-01-12 17:44:20 - [TEST_STEP][PASSED] - verifyElementVisible(findTestObject(obj)): Object 'Object Repository/Web RoomMe.id\Sign Up Menu\Textfield Phone Number' is visible

2021-01-12 17:44:20 - [MESSAGE][PASSED] - Object 'Object Repository/Web RoomMe.id\Sign Up Menu\Textfield Phone Number' is visible

2021-01-12 17:44:20 - [MESSAGE][PASSED] - Call Test Case 'Test Cases/Web RoomMe.id/2. Sign Up/Verify Sign Up Menu' successfully

2021-01-12 17:44:20 - [TEST_STEP][PASSED] - waitForElementVisible(findTestObject("Web RoomMe.id/Sign Up Menu/Name Textfield"), 0): Object 'Object Repository/Web RoomMe.id/Sign Up Menu/Name Textfield' is visible

2021-01-12 17:44:20 - [MESSAGE][WARNING] - Timeout '0' is invalid. Using default page load timeout: '1'

2021-01-12 17:44:20 - [MESSAGE][PASSED] - Object 'Object Repository/Web RoomMe.id/Sign Up Menu/Name Textfield' is visible

2021-01-12 17:44:20 - [TEST_STEP][PASSED] - setText(findTestObject("Web RoomMe.id/Sign Up Menu/Name Textfield"), "Faldi Test AT"): Text 'Faldi Test AT' is set on object 'Object Repository/Web RoomMe.id/Sign Up Menu/Name Textfield'

2021-01-12 17:44:21 - [MESSAGE][PASSED] - Text 'Faldi Test AT' is set on object 'Object Repository/Web RoomMe.id/Sign Up Menu/Name Textfield'

2021-01-12 17:44:21 - [TEST_STEP][PASSED] - setText(findTestObject("Web RoomMe.id/Sign Up Menu/Textfield Email"), "faldiat" + RandomStringUtils.randomNumeric(5)): Text 'faldiat68363' is set on object 'Object Repository/Web RoomMe.id/Sign Up Menu/Textfield Email'

2021-01-12 17:44:22 - [MESSAGE][PASSED] - Text 'faldiat68363' is set on object 'Object Repository/Web RoomMe.id/Sign Up Menu/Textfield Email'

2021-01-12 17:44:22 - [TEST_STEP][PASSED] - sendKeys(findTestObject("Web RoomMe.id/Sign Up Menu/Textfield Email"), "@gmail.com"): Keys '@gmail.com' sent to object: 'Object Repository/Web RoomMe.id/Sign Up Menu/Textfield Email'

2021-01-12 17:44:22 - [MESSAGE][PASSED] - Keys '@gmail.com' sent to object: 'Object Repository/Web RoomMe.id/Sign Up Menu/Textfield Email'

2021-01-12 17:44:22 - [TEST_STEP][PASSED] - setText(findTestObject("Web RoomMe.id/Sign Up Menu/Textfield Phone Number"), "081234567890"): Text '081234567890' is set on object 'Object Repository/Web RoomMe.id/Sign Up Menu/Textfield Phone Number'

2021-01-12 17:44:22 - [MESSAGE][PASSED] - Text '081234567890' is set on object 'Object Repository/Web RoomMe.id/Sign Up Menu/Textfield Phone Number'

2021-01-12 17:44:22 - [TEST_STEP][PASSED] - setEncryptedText(findTestObject("Web RoomMe.id/Sign Up Menu/Textfield Password"), "da8fEzhczGg="): Text ****** has been set on object 'Object Repository/Web RoomMe.id/Sign Up Menu/Textfield Password'

2021-01-12 17:44:23 - [MESSAGE][PASSED] - Text ****** has been set on object 'Object Repository/Web RoomMe.id/Sign Up Menu/Textfield Password'

2021-01-12 17:44:23 - [TEST_STEP][PASSED] - setEncryptedText(findTestObject("Web RoomMe.id/Sign Up Menu/Textfield Confirm Password"), "da8fEzhczGg="): Text ****** has been set on object 'Object Repository/Web RoomMe.id/Sign Up Menu/Textfield Confirm Password'

2021-01-12 17:44:23 - [MESSAGE][PASSED] - Text ****** has been set on object 'Object Repository/Web RoomMe.id/Sign Up Menu/Textfield Confirm Password'

2021-01-12 17:44:23 - [TEST_STEP][PASSED] - click(findTestObject("Web RoomMe.id/Sign Up Menu/Button Sign Up")): Object: 'Object Repository/Web RoomMe.id/Sign Up Menu/Button Sign Up' is clicked on

2021-01-12 17:44:24 - [MESSAGE][PASSED] - Object: 'Object Repository/Web RoomMe.id/Sign Up Menu/Button Sign Up' is clicked on

2021-01-12 17:44:24 - [TEST_STEP][PASSED] - waitForElementVisible(findTestObject("Web RoomMe.id/Sign Up Menu/Success Sign Up/Button Close"), 0): Object 'Object Repository/Web RoomMe.id/Sign Up Menu/Success Sign Up/Button Close' is visible

2021-01-12 17:44:24 - [MESSAGE][WARNING] - Timeout '0' is invalid. Using default page load timeout: '1'

2021-01-12 17:44:25 - [MESSAGE][PASSED] - Object 'Object Repository/Web RoomMe.id/Sign Up Menu/Success Sign Up/Button Close' is visible

2021-01-12 17:44:25 - [TEST_STEP][PASSED] - waitForElementVisible(findTestObject("Web RoomMe.id/Sign Up Menu/Success Sign Up/Icon RoomMe"), 0): Object 'Object Repository/Web RoomMe.id/Sign Up Menu/Success Sign Up/Icon RoomMe' is visible

2021-01-12 17:44:25 - [MESSAGE][WARNING] - Timeout '0' is invalid. Using default page load timeout: '1'

2021-01-12 17:44:25 - [MESSAGE][PASSED] - Object 'Object Repository/Web RoomMe.id/Sign Up Menu/Success Sign Up/Icon RoomMe' is visible

2021-01-12 17:44:25 - [TEST_STEP][PASSED] - waitForElementVisible(findTestObject("Web RoomMe.id/Sign Up Menu/Success Sign Up/Text Welcome to RoomMe"), 0): Object 'Object Repository/Web RoomMe.id/Sign Up Menu/Success Sign Up/Text Welcome to RoomMe' is visible

2021-01-12 17:44:25 - [MESSAGE][WARNING] - Timeout '0' is invalid. Using default page load timeout: '1'

2021-01-12 17:44:25 - [MESSAGE][PASSED] - Object 'Object Repository/Web RoomMe.id/Sign Up Menu/Success Sign Up/Text Welcome to RoomMe' is visible

2021-01-12 17:44:25 - [TEST_STEP][PASSED] - waitForElementVisible(findTestObject("Web RoomMe.id/Sign Up Menu/Success Sign Up/Text Thank you Youve successfully signed up"), 0): Object 'Object Repository/Web RoomMe.id/Sign Up Menu/Success Sign Up/Text Thank you Youve successfully signed up' is visible

2021-01-12 17:44:25 - [MESSAGE][WARNING] - Timeout '0' is invalid. Using default page load timeout: '1'

2021-01-12 17:44:25 - [MESSAGE][PASSED] - Object 'Object Repository/Web RoomMe.id/Sign Up Menu/Success Sign Up/Text Thank you Youve successfully signed up' is visible

2021-01-12 17:44:25 - [TEST_STEP][PASSED] - waitForElementVisible(findTestObject("Web RoomMe.id/Sign Up Menu/Success Sign Up/Text Please check your email for activation"), 0): Object 'Object Repository/Web RoomMe.id/Sign Up Menu/Success Sign Up/Text Please check your email for activation' is visible

2021-01-12 17:44:25 - [MESSAGE][WARNING] - Timeout '0' is invalid. Using default page load timeout: '1'

2021-01-12 17:44:25 - [MESSAGE][PASSED] - Object 'Object Repository/Web RoomMe.id/Sign Up Menu/Success Sign Up/Text Please check your email for activation' is visible]]></system-out>
         <system-err><![CDATA[]]></system-err>
      </testcase>
      <testcase name="Test Cases/Web RoomMe.id/2. Sign Up/2. Sign Up With Blank Data" time="25.235" classname="Test Cases/Web RoomMe.id/2. Sign Up/2. Sign Up With Blank Data" status="PASSED">
         <system-out><![CDATA[2021-01-12 17:44:25 - [TEST_CASE][PASSED] - Test Cases/Web RoomMe.id/2. Sign Up/2. Sign Up With Blank Data: Test Cases/Web RoomMe.id/2. Sign Up/2. Sign Up With Blank Data

2021-01-12 17:44:26 - [TEST_STEP][PASSED] - callTestCase(findTestCase("Web RoomMe.id/1. Homepage/1. Customer Access RoomMe Page"), [:], STOP_ON_FAILURE): Call Test Case 'Test Cases/Web RoomMe.id/1. Homepage/1. Customer Access RoomMe Page' successfully

2021-01-12 17:44:26 - [TEST_CASE][PASSED] - Test Cases/Web RoomMe.id/1. Homepage/1. Customer Access RoomMe Page: Test Cases/Web RoomMe.id/1. Homepage/1. Customer Access RoomMe Page

2021-01-12 17:44:26 - [TEST_STEP][PASSED] - openBrowser(url): Browser is opened with url: 'https://dev-web:w3BdEv-r0omM3@web.roomme.id'

2021-01-12 17:44:26 - [MESSAGE][WARNING] - A browser is already opened. Closing browser and opening a new one

2021-01-12 17:44:27 - [MESSAGE][INFO] - Starting 'Chrome' driver

2021-01-12 17:44:27 - [MESSAGE][INFO] - Action delay is set to 50 milliseconds

2021-01-12 17:44:44 - [MESSAGE][PASSED] - Browser is opened with url: 'https://dev-web:w3BdEv-r0omM3@web.roomme.id'

2021-01-12 17:44:44 - [TEST_STEP][PASSED] - maximizeWindow(): Current window maximized

2021-01-12 17:44:46 - [MESSAGE][PASSED] - Current window maximized

2021-01-12 17:44:46 - [TEST_STEP][PASSED] - waitForPageLoad(0): Wait for page load successfully

2021-01-12 17:44:46 - [MESSAGE][WARNING] - Timeout '0' is invalid. Using default page load timeout: '1'

2021-01-12 17:44:47 - [MESSAGE][PASSED] - Wait for page load successfully

2021-01-12 17:44:47 - [TEST_STEP][PASSED] - click(findTestObject("Web RoomMe.id/RoomMe.id Homepage/Button Close banner StaytoWin")): Object: 'Object Repository/Web RoomMe.id/RoomMe.id Homepage/Button Close banner StaytoWin' is clicked on

2021-01-12 17:44:47 - [MESSAGE][PASSED] - Object: 'Object Repository/Web RoomMe.id/RoomMe.id Homepage/Button Close banner StaytoWin' is clicked on

2021-01-12 17:44:47 - [MESSAGE][PASSED] - Call Test Case 'Test Cases/Web RoomMe.id/1. Homepage/1. Customer Access RoomMe Page' successfully

2021-01-12 17:44:47 - [TEST_STEP][NOT_RUN] - callTestCase(findTestCase("Web RoomMe.id/1. Homepage/2. Verify Header RoomMe.id"), [:], STOP_ON_FAILURE): NOT_RUN: callTestCase(findTestCase("Web RoomMe.id/1. Homepage/2. Verify Header RoomMe.id"), [:], STOP_ON_FAILURE)

2021-01-12 17:44:47 - [MESSAGE][NOT_RUN] - NOT_RUN: callTestCase(findTestCase("Web RoomMe.id/1. Homepage/2. Verify Header RoomMe.id"), [:], STOP_ON_FAILURE)

2021-01-12 17:44:47 - [TEST_STEP][PASSED] - click(findTestObject("Web RoomMe.id/RoomMe.id Header/Button Sign In")): Object: 'Object Repository/Web RoomMe.id/RoomMe.id Header/Button Sign In' is clicked on

2021-01-12 17:44:47 - [MESSAGE][PASSED] - Object: 'Object Repository/Web RoomMe.id/RoomMe.id Header/Button Sign In' is clicked on

2021-01-12 17:44:47 - [TEST_STEP][PASSED] - waitForElementVisible(findTestObject("Web RoomMe.id/Sign In Menu/Button Sign Up"), 0): Object 'Object Repository/Web RoomMe.id/Sign In Menu/Button Sign Up' is visible

2021-01-12 17:44:47 - [MESSAGE][WARNING] - Timeout '0' is invalid. Using default page load timeout: '1'

2021-01-12 17:44:48 - [MESSAGE][PASSED] - Object 'Object Repository/Web RoomMe.id/Sign In Menu/Button Sign Up' is visible

2021-01-12 17:44:48 - [TEST_STEP][PASSED] - click(findTestObject("Web RoomMe.id/Sign In Menu/Button Sign Up")): Object: 'Object Repository/Web RoomMe.id/Sign In Menu/Button Sign Up' is clicked on

2021-01-12 17:44:48 - [MESSAGE][PASSED] - Object: 'Object Repository/Web RoomMe.id/Sign In Menu/Button Sign Up' is clicked on

2021-01-12 17:44:48 - [TEST_STEP][PASSED] - callTestCase(findTestCase("Web RoomMe.id/2. Sign Up/Verify Sign Up Menu"), [:], STOP_ON_FAILURE): Call Test Case 'Test Cases/Web RoomMe.id/2. Sign Up/Verify Sign Up Menu' successfully

2021-01-12 17:44:48 - [TEST_CASE][PASSED] - Test Cases/Web RoomMe.id/2. Sign Up/Verify Sign Up Menu: Test Cases/Web RoomMe.id/2. Sign Up/Verify Sign Up Menu

2021-01-12 17:44:48 - [TEST_STEP][PASSED] - objectSubFolder = "Web RoomMe.id\Sign Up Menu\": null

2021-01-12 17:44:48 - [TEST_STEP][PASSED] - pathToObjRep = getProjectDir() + "\Object Repository\" + objectSubFolder: null

2021-01-12 17:44:48 - [TEST_STEP][PASSED] - yourObjects = new java.io.File(pathToObjRep): null

2021-01-12 17:44:48 - [TEST_STEP][PASSED] - fileNames = yourObjects.list(): null

2021-01-12 17:44:48 - [TEST_STEP][PASSED] - testObjects = new java.util.ArrayList(): null

2021-01-12 17:44:48 - [TEST_STEP][PASSED] - for ([i = 0, i < length, (i++)]): null

2021-01-12 17:44:48 - [TEST_STEP][PASSED] - if (fileNames[i].contains(".rs")): null

2021-01-12 17:44:48 - [TEST_STEP][PASSED] - fileNames[i] = fileNames[i].replace(".rs", ""): null

2021-01-12 17:44:48 - [TEST_STEP][PASSED] - testObjects.add(objectSubFolder + fileNames[i]): null

2021-01-12 17:44:48 - [TEST_STEP][PASSED] - if (fileNames[i].contains(".rs")): null

2021-01-12 17:44:48 - [TEST_STEP][PASSED] - fileNames[i] = fileNames[i].replace(".rs", ""): null

2021-01-12 17:44:48 - [TEST_STEP][PASSED] - testObjects.add(objectSubFolder + fileNames[i]): null

2021-01-12 17:44:48 - [TEST_STEP][PASSED] - if (fileNames[i].contains(".rs")): null

2021-01-12 17:44:48 - [TEST_STEP][PASSED] - if (fileNames[i].contains(".rs")): null

2021-01-12 17:44:48 - [TEST_STEP][PASSED] - fileNames[i] = fileNames[i].replace(".rs", ""): null

2021-01-12 17:44:48 - [TEST_STEP][PASSED] - testObjects.add(objectSubFolder + fileNames[i]): null

2021-01-12 17:44:48 - [TEST_STEP][PASSED] - if (fileNames[i].contains(".rs")): null

2021-01-12 17:44:48 - [TEST_STEP][PASSED] - if (fileNames[i].contains(".rs")): null

2021-01-12 17:44:48 - [TEST_STEP][PASSED] - fileNames[i] = fileNames[i].replace(".rs", ""): null

2021-01-12 17:44:48 - [TEST_STEP][PASSED] - testObjects.add(objectSubFolder + fileNames[i]): null

2021-01-12 17:44:48 - [TEST_STEP][PASSED] - if (fileNames[i].contains(".rs")): null

2021-01-12 17:44:48 - [TEST_STEP][PASSED] - fileNames[i] = fileNames[i].replace(".rs", ""): null

2021-01-12 17:44:48 - [TEST_STEP][PASSED] - testObjects.add(objectSubFolder + fileNames[i]): null

2021-01-12 17:44:48 - [TEST_STEP][PASSED] - if (fileNames[i].contains(".rs")): null

2021-01-12 17:44:48 - [TEST_STEP][PASSED] - fileNames[i] = fileNames[i].replace(".rs", ""): null

2021-01-12 17:44:48 - [TEST_STEP][PASSED] - testObjects.add(objectSubFolder + fileNames[i]): null

2021-01-12 17:44:48 - [TEST_STEP][PASSED] - if (fileNames[i].contains(".rs")): null

2021-01-12 17:44:48 - [TEST_STEP][PASSED] - fileNames[i] = fileNames[i].replace(".rs", ""): null

2021-01-12 17:44:48 - [TEST_STEP][PASSED] - testObjects.add(objectSubFolder + fileNames[i]): null

2021-01-12 17:44:48 - [TEST_STEP][PASSED] - if (fileNames[i].contains(".rs")): null

2021-01-12 17:44:48 - [TEST_STEP][PASSED] - fileNames[i] = fileNames[i].replace(".rs", ""): null

2021-01-12 17:44:48 - [TEST_STEP][PASSED] - testObjects.add(objectSubFolder + fileNames[i]): null

2021-01-12 17:44:48 - [TEST_STEP][PASSED] - if (fileNames[i].contains(".rs")): null

2021-01-12 17:44:48 - [TEST_STEP][PASSED] - fileNames[i] = fileNames[i].replace(".rs", ""): null

2021-01-12 17:44:48 - [TEST_STEP][PASSED] - testObjects.add(objectSubFolder + fileNames[i]): null

2021-01-12 17:44:48 - [TEST_STEP][PASSED] - if (fileNames[i].contains(".rs")): null

2021-01-12 17:44:48 - [TEST_STEP][PASSED] - fileNames[i] = fileNames[i].replace(".rs", ""): null

2021-01-12 17:44:48 - [TEST_STEP][PASSED] - testObjects.add(objectSubFolder + fileNames[i]): null

2021-01-12 17:44:48 - [TEST_STEP][PASSED] - if (fileNames[i].contains(".rs")): null

2021-01-12 17:44:48 - [TEST_STEP][PASSED] - fileNames[i] = fileNames[i].replace(".rs", ""): null

2021-01-12 17:44:48 - [TEST_STEP][PASSED] - testObjects.add(objectSubFolder + fileNames[i]): null

2021-01-12 17:44:48 - [TEST_STEP][PASSED] - if (fileNames[i].contains(".rs")): null

2021-01-12 17:44:48 - [TEST_STEP][PASSED] - fileNames[i] = fileNames[i].replace(".rs", ""): null

2021-01-12 17:44:48 - [TEST_STEP][PASSED] - testObjects.add(objectSubFolder + fileNames[i]): null

2021-01-12 17:44:48 - [TEST_STEP][PASSED] - if (fileNames[i].contains(".rs")): null

2021-01-12 17:44:48 - [TEST_STEP][PASSED] - fileNames[i] = fileNames[i].replace(".rs", ""): null

2021-01-12 17:44:48 - [TEST_STEP][PASSED] - testObjects.add(objectSubFolder + fileNames[i]): null

2021-01-12 17:44:48 - [TEST_STEP][PASSED] - for (String obj : testObjects): Object 'Object Repository/Web RoomMe.id\Sign Up Menu\Textfield Phone Number' is visible

2021-01-12 17:44:48 - [TEST_STEP][PASSED] - verifyElementVisible(findTestObject(obj)): Object 'Object Repository/Web RoomMe.id\Sign Up Menu\Button Sign In' is visible

2021-01-12 17:44:48 - [MESSAGE][PASSED] - Object 'Object Repository/Web RoomMe.id\Sign Up Menu\Button Sign In' is visible

2021-01-12 17:44:48 - [TEST_STEP][PASSED] - verifyElementVisible(findTestObject(obj)): Object 'Object Repository/Web RoomMe.id\Sign Up Menu\Button Sign Up' is visible

2021-01-12 17:44:48 - [MESSAGE][PASSED] - Object 'Object Repository/Web RoomMe.id\Sign Up Menu\Button Sign Up' is visible

2021-01-12 17:44:48 - [TEST_STEP][PASSED] - verifyElementVisible(findTestObject(obj)): Object 'Object Repository/Web RoomMe.id\Sign Up Menu\Name Textfield' is visible

2021-01-12 17:44:48 - [MESSAGE][PASSED] - Object 'Object Repository/Web RoomMe.id\Sign Up Menu\Name Textfield' is visible

2021-01-12 17:44:48 - [TEST_STEP][PASSED] - verifyElementVisible(findTestObject(obj)): Object 'Object Repository/Web RoomMe.id\Sign Up Menu\Text Are you have an account' is visible

2021-01-12 17:44:48 - [MESSAGE][PASSED] - Object 'Object Repository/Web RoomMe.id\Sign Up Menu\Text Are you have an account' is visible

2021-01-12 17:44:48 - [TEST_STEP][PASSED] - verifyElementVisible(findTestObject(obj)): Object 'Object Repository/Web RoomMe.id\Sign Up Menu\Text Confirm Password' is visible

2021-01-12 17:44:49 - [MESSAGE][PASSED] - Object 'Object Repository/Web RoomMe.id\Sign Up Menu\Text Confirm Password' is visible

2021-01-12 17:44:49 - [TEST_STEP][PASSED] - verifyElementVisible(findTestObject(obj)): Object 'Object Repository/Web RoomMe.id\Sign Up Menu\Text Email Address' is visible

2021-01-12 17:44:49 - [MESSAGE][PASSED] - Object 'Object Repository/Web RoomMe.id\Sign Up Menu\Text Email Address' is visible

2021-01-12 17:44:49 - [TEST_STEP][PASSED] - verifyElementVisible(findTestObject(obj)): Object 'Object Repository/Web RoomMe.id\Sign Up Menu\Text Full Name' is visible

2021-01-12 17:44:49 - [MESSAGE][PASSED] - Object 'Object Repository/Web RoomMe.id\Sign Up Menu\Text Full Name' is visible

2021-01-12 17:44:49 - [TEST_STEP][PASSED] - verifyElementVisible(findTestObject(obj)): Object 'Object Repository/Web RoomMe.id\Sign Up Menu\Text Password' is visible

2021-01-12 17:44:49 - [MESSAGE][PASSED] - Object 'Object Repository/Web RoomMe.id\Sign Up Menu\Text Password' is visible

2021-01-12 17:44:49 - [TEST_STEP][PASSED] - verifyElementVisible(findTestObject(obj)): Object 'Object Repository/Web RoomMe.id\Sign Up Menu\Text Phone Number' is visible

2021-01-12 17:44:49 - [MESSAGE][PASSED] - Object 'Object Repository/Web RoomMe.id\Sign Up Menu\Text Phone Number' is visible

2021-01-12 17:44:49 - [TEST_STEP][PASSED] - verifyElementVisible(findTestObject(obj)): Object 'Object Repository/Web RoomMe.id\Sign Up Menu\Textfield Confirm Password' is visible

2021-01-12 17:44:49 - [MESSAGE][PASSED] - Object 'Object Repository/Web RoomMe.id\Sign Up Menu\Textfield Confirm Password' is visible

2021-01-12 17:44:49 - [TEST_STEP][PASSED] - verifyElementVisible(findTestObject(obj)): Object 'Object Repository/Web RoomMe.id\Sign Up Menu\Textfield Email' is visible

2021-01-12 17:44:50 - [MESSAGE][PASSED] - Object 'Object Repository/Web RoomMe.id\Sign Up Menu\Textfield Email' is visible

2021-01-12 17:44:50 - [TEST_STEP][PASSED] - verifyElementVisible(findTestObject(obj)): Object 'Object Repository/Web RoomMe.id\Sign Up Menu\Textfield Password' is visible

2021-01-12 17:44:50 - [MESSAGE][PASSED] - Object 'Object Repository/Web RoomMe.id\Sign Up Menu\Textfield Password' is visible

2021-01-12 17:44:50 - [TEST_STEP][PASSED] - verifyElementVisible(findTestObject(obj)): Object 'Object Repository/Web RoomMe.id\Sign Up Menu\Textfield Phone Number' is visible

2021-01-12 17:44:50 - [MESSAGE][PASSED] - Object 'Object Repository/Web RoomMe.id\Sign Up Menu\Textfield Phone Number' is visible

2021-01-12 17:44:50 - [MESSAGE][PASSED] - Call Test Case 'Test Cases/Web RoomMe.id/2. Sign Up/Verify Sign Up Menu' successfully

2021-01-12 17:44:50 - [TEST_STEP][PASSED] - click(findTestObject("Web RoomMe.id/Sign Up Menu/Button Sign Up")): Object: 'Object Repository/Web RoomMe.id/Sign Up Menu/Button Sign Up' is clicked on

2021-01-12 17:44:50 - [MESSAGE][PASSED] - Object: 'Object Repository/Web RoomMe.id/Sign Up Menu/Button Sign Up' is clicked on

2021-01-12 17:44:50 - [TEST_STEP][PASSED] - waitForElementVisible(findTestObject("Web RoomMe.id/Sign Up Menu/Error Message/Text Name is required"), 30, STOP_ON_FAILURE): Object 'Object Repository/Web RoomMe.id/Sign Up Menu/Error Message/Text Name is required' is visible

2021-01-12 17:44:50 - [MESSAGE][PASSED] - Object 'Object Repository/Web RoomMe.id/Sign Up Menu/Error Message/Text Name is required' is visible

2021-01-12 17:44:50 - [TEST_STEP][PASSED] - waitForElementVisible(findTestObject("Web RoomMe.id/Sign Up Menu/Error Message/Text Email is required"), 30, STOP_ON_FAILURE): Object 'Object Repository/Web RoomMe.id/Sign Up Menu/Error Message/Text Email is required' is visible

2021-01-12 17:44:50 - [MESSAGE][PASSED] - Object 'Object Repository/Web RoomMe.id/Sign Up Menu/Error Message/Text Email is required' is visible

2021-01-12 17:44:50 - [TEST_STEP][PASSED] - waitForElementVisible(findTestObject("Web RoomMe.id/Sign Up Menu/Error Message/Text Phone is required"), 30, STOP_ON_FAILURE): Object 'Object Repository/Web RoomMe.id/Sign Up Menu/Error Message/Text Phone is required' is visible

2021-01-12 17:44:51 - [MESSAGE][PASSED] - Object 'Object Repository/Web RoomMe.id/Sign Up Menu/Error Message/Text Phone is required' is visible

2021-01-12 17:44:51 - [TEST_STEP][PASSED] - waitForElementVisible(findTestObject("Web RoomMe.id/Sign Up Menu/Error Message/Text Password is required"), 30, STOP_ON_FAILURE): Object 'Object Repository/Web RoomMe.id/Sign Up Menu/Error Message/Text Password is required' is visible

2021-01-12 17:44:51 - [MESSAGE][PASSED] - Object 'Object Repository/Web RoomMe.id/Sign Up Menu/Error Message/Text Password is required' is visible]]></system-out>
         <system-err><![CDATA[]]></system-err>
      </testcase>
      <testcase name="Test Cases/Web RoomMe.id/2. Sign Up/3. Customer Input Name Field with Invalid Format" time="31.096" classname="Test Cases/Web RoomMe.id/2. Sign Up/3. Customer Input Name Field with Invalid Format" status="PASSED">
         <system-out><![CDATA[2021-01-12 17:44:51 - [TEST_CASE][PASSED] - Test Cases/Web RoomMe.id/2. Sign Up/3. Customer Input Name Field with Invalid Format: Test Cases/Web RoomMe.id/2. Sign Up/3. Customer Input Name Field with Invalid Format

2021-01-12 17:44:51 - [TEST_STEP][PASSED] - callTestCase(findTestCase("Web RoomMe.id/1. Homepage/1. Customer Access RoomMe Page"), [:], STOP_ON_FAILURE): Call Test Case 'Test Cases/Web RoomMe.id/1. Homepage/1. Customer Access RoomMe Page' successfully

2021-01-12 17:44:51 - [TEST_CASE][PASSED] - Test Cases/Web RoomMe.id/1. Homepage/1. Customer Access RoomMe Page: Test Cases/Web RoomMe.id/1. Homepage/1. Customer Access RoomMe Page

2021-01-12 17:44:51 - [TEST_STEP][PASSED] - openBrowser(url): Browser is opened with url: 'https://dev-web:w3BdEv-r0omM3@web.roomme.id'

2021-01-12 17:44:51 - [MESSAGE][WARNING] - A browser is already opened. Closing browser and opening a new one

2021-01-12 17:44:52 - [MESSAGE][INFO] - Starting 'Chrome' driver

2021-01-12 17:44:52 - [MESSAGE][INFO] - Action delay is set to 50 milliseconds

2021-01-12 17:45:11 - [MESSAGE][PASSED] - Browser is opened with url: 'https://dev-web:w3BdEv-r0omM3@web.roomme.id'

2021-01-12 17:45:11 - [TEST_STEP][PASSED] - maximizeWindow(): Current window maximized

2021-01-12 17:45:13 - [MESSAGE][PASSED] - Current window maximized

2021-01-12 17:45:13 - [TEST_STEP][PASSED] - waitForPageLoad(0): Wait for page load successfully

2021-01-12 17:45:13 - [MESSAGE][WARNING] - Timeout '0' is invalid. Using default page load timeout: '1'

2021-01-12 17:45:13 - [MESSAGE][PASSED] - Wait for page load successfully

2021-01-12 17:45:13 - [TEST_STEP][PASSED] - click(findTestObject("Web RoomMe.id/RoomMe.id Homepage/Button Close banner StaytoWin")): Object: 'Object Repository/Web RoomMe.id/RoomMe.id Homepage/Button Close banner StaytoWin' is clicked on

2021-01-12 17:45:13 - [MESSAGE][PASSED] - Object: 'Object Repository/Web RoomMe.id/RoomMe.id Homepage/Button Close banner StaytoWin' is clicked on

2021-01-12 17:45:13 - [MESSAGE][PASSED] - Call Test Case 'Test Cases/Web RoomMe.id/1. Homepage/1. Customer Access RoomMe Page' successfully

2021-01-12 17:45:13 - [TEST_STEP][NOT_RUN] - callTestCase(findTestCase("Web RoomMe.id/1. Homepage/2. Verify Header RoomMe.id"), [:], STOP_ON_FAILURE): NOT_RUN: callTestCase(findTestCase("Web RoomMe.id/1. Homepage/2. Verify Header RoomMe.id"), [:], STOP_ON_FAILURE)

2021-01-12 17:45:13 - [MESSAGE][NOT_RUN] - NOT_RUN: callTestCase(findTestCase("Web RoomMe.id/1. Homepage/2. Verify Header RoomMe.id"), [:], STOP_ON_FAILURE)

2021-01-12 17:45:13 - [TEST_STEP][PASSED] - click(findTestObject("Web RoomMe.id/RoomMe.id Header/Button Sign In")): Object: 'Object Repository/Web RoomMe.id/RoomMe.id Header/Button Sign In' is clicked on

2021-01-12 17:45:14 - [MESSAGE][PASSED] - Object: 'Object Repository/Web RoomMe.id/RoomMe.id Header/Button Sign In' is clicked on

2021-01-12 17:45:14 - [TEST_STEP][PASSED] - waitForElementVisible(findTestObject("Web RoomMe.id/Sign In Menu/Button Sign Up"), 0): Object 'Object Repository/Web RoomMe.id/Sign In Menu/Button Sign Up' is visible

2021-01-12 17:45:14 - [MESSAGE][WARNING] - Timeout '0' is invalid. Using default page load timeout: '1'

2021-01-12 17:45:14 - [MESSAGE][PASSED] - Object 'Object Repository/Web RoomMe.id/Sign In Menu/Button Sign Up' is visible

2021-01-12 17:45:14 - [TEST_STEP][PASSED] - click(findTestObject("Web RoomMe.id/Sign In Menu/Button Sign Up")): Object: 'Object Repository/Web RoomMe.id/Sign In Menu/Button Sign Up' is clicked on

2021-01-12 17:45:14 - [MESSAGE][PASSED] - Object: 'Object Repository/Web RoomMe.id/Sign In Menu/Button Sign Up' is clicked on

2021-01-12 17:45:14 - [TEST_STEP][PASSED] - callTestCase(findTestCase("Web RoomMe.id/2. Sign Up/Verify Sign Up Menu"), [:], STOP_ON_FAILURE): Call Test Case 'Test Cases/Web RoomMe.id/2. Sign Up/Verify Sign Up Menu' successfully

2021-01-12 17:45:14 - [TEST_CASE][PASSED] - Test Cases/Web RoomMe.id/2. Sign Up/Verify Sign Up Menu: Test Cases/Web RoomMe.id/2. Sign Up/Verify Sign Up Menu

2021-01-12 17:45:14 - [TEST_STEP][PASSED] - objectSubFolder = "Web RoomMe.id\Sign Up Menu\": null

2021-01-12 17:45:14 - [TEST_STEP][PASSED] - pathToObjRep = getProjectDir() + "\Object Repository\" + objectSubFolder: null

2021-01-12 17:45:14 - [TEST_STEP][PASSED] - yourObjects = new java.io.File(pathToObjRep): null

2021-01-12 17:45:14 - [TEST_STEP][PASSED] - fileNames = yourObjects.list(): null

2021-01-12 17:45:14 - [TEST_STEP][PASSED] - testObjects = new java.util.ArrayList(): null

2021-01-12 17:45:14 - [TEST_STEP][PASSED] - for ([i = 0, i < length, (i++)]): null

2021-01-12 17:45:14 - [TEST_STEP][PASSED] - if (fileNames[i].contains(".rs")): null

2021-01-12 17:45:14 - [TEST_STEP][PASSED] - fileNames[i] = fileNames[i].replace(".rs", ""): null

2021-01-12 17:45:14 - [TEST_STEP][PASSED] - testObjects.add(objectSubFolder + fileNames[i]): null

2021-01-12 17:45:14 - [TEST_STEP][PASSED] - if (fileNames[i].contains(".rs")): null

2021-01-12 17:45:14 - [TEST_STEP][PASSED] - fileNames[i] = fileNames[i].replace(".rs", ""): null

2021-01-12 17:45:14 - [TEST_STEP][PASSED] - testObjects.add(objectSubFolder + fileNames[i]): null

2021-01-12 17:45:14 - [TEST_STEP][PASSED] - if (fileNames[i].contains(".rs")): null

2021-01-12 17:45:14 - [TEST_STEP][PASSED] - if (fileNames[i].contains(".rs")): null

2021-01-12 17:45:14 - [TEST_STEP][PASSED] - fileNames[i] = fileNames[i].replace(".rs", ""): null

2021-01-12 17:45:14 - [TEST_STEP][PASSED] - testObjects.add(objectSubFolder + fileNames[i]): null

2021-01-12 17:45:14 - [TEST_STEP][PASSED] - if (fileNames[i].contains(".rs")): null

2021-01-12 17:45:14 - [TEST_STEP][PASSED] - if (fileNames[i].contains(".rs")): null

2021-01-12 17:45:14 - [TEST_STEP][PASSED] - fileNames[i] = fileNames[i].replace(".rs", ""): null

2021-01-12 17:45:14 - [TEST_STEP][PASSED] - testObjects.add(objectSubFolder + fileNames[i]): null

2021-01-12 17:45:14 - [TEST_STEP][PASSED] - if (fileNames[i].contains(".rs")): null

2021-01-12 17:45:14 - [TEST_STEP][PASSED] - fileNames[i] = fileNames[i].replace(".rs", ""): null

2021-01-12 17:45:14 - [TEST_STEP][PASSED] - testObjects.add(objectSubFolder + fileNames[i]): null

2021-01-12 17:45:14 - [TEST_STEP][PASSED] - if (fileNames[i].contains(".rs")): null

2021-01-12 17:45:14 - [TEST_STEP][PASSED] - fileNames[i] = fileNames[i].replace(".rs", ""): null

2021-01-12 17:45:14 - [TEST_STEP][PASSED] - testObjects.add(objectSubFolder + fileNames[i]): null

2021-01-12 17:45:14 - [TEST_STEP][PASSED] - if (fileNames[i].contains(".rs")): null

2021-01-12 17:45:14 - [TEST_STEP][PASSED] - fileNames[i] = fileNames[i].replace(".rs", ""): null

2021-01-12 17:45:14 - [TEST_STEP][PASSED] - testObjects.add(objectSubFolder + fileNames[i]): null

2021-01-12 17:45:14 - [TEST_STEP][PASSED] - if (fileNames[i].contains(".rs")): null

2021-01-12 17:45:14 - [TEST_STEP][PASSED] - fileNames[i] = fileNames[i].replace(".rs", ""): null

2021-01-12 17:45:14 - [TEST_STEP][PASSED] - testObjects.add(objectSubFolder + fileNames[i]): null

2021-01-12 17:45:14 - [TEST_STEP][PASSED] - if (fileNames[i].contains(".rs")): null

2021-01-12 17:45:14 - [TEST_STEP][PASSED] - fileNames[i] = fileNames[i].replace(".rs", ""): null

2021-01-12 17:45:14 - [TEST_STEP][PASSED] - testObjects.add(objectSubFolder + fileNames[i]): null

2021-01-12 17:45:14 - [TEST_STEP][PASSED] - if (fileNames[i].contains(".rs")): null

2021-01-12 17:45:14 - [TEST_STEP][PASSED] - fileNames[i] = fileNames[i].replace(".rs", ""): null

2021-01-12 17:45:14 - [TEST_STEP][PASSED] - testObjects.add(objectSubFolder + fileNames[i]): null

2021-01-12 17:45:14 - [TEST_STEP][PASSED] - if (fileNames[i].contains(".rs")): null

2021-01-12 17:45:14 - [TEST_STEP][PASSED] - fileNames[i] = fileNames[i].replace(".rs", ""): null

2021-01-12 17:45:14 - [TEST_STEP][PASSED] - testObjects.add(objectSubFolder + fileNames[i]): null

2021-01-12 17:45:14 - [TEST_STEP][PASSED] - if (fileNames[i].contains(".rs")): null

2021-01-12 17:45:14 - [TEST_STEP][PASSED] - fileNames[i] = fileNames[i].replace(".rs", ""): null

2021-01-12 17:45:14 - [TEST_STEP][PASSED] - testObjects.add(objectSubFolder + fileNames[i]): null

2021-01-12 17:45:14 - [TEST_STEP][PASSED] - if (fileNames[i].contains(".rs")): null

2021-01-12 17:45:14 - [TEST_STEP][PASSED] - fileNames[i] = fileNames[i].replace(".rs", ""): null

2021-01-12 17:45:14 - [TEST_STEP][PASSED] - testObjects.add(objectSubFolder + fileNames[i]): null

2021-01-12 17:45:14 - [TEST_STEP][PASSED] - for (String obj : testObjects): Object 'Object Repository/Web RoomMe.id\Sign Up Menu\Textfield Phone Number' is visible

2021-01-12 17:45:14 - [TEST_STEP][PASSED] - verifyElementVisible(findTestObject(obj)): Object 'Object Repository/Web RoomMe.id\Sign Up Menu\Button Sign In' is visible

2021-01-12 17:45:15 - [MESSAGE][PASSED] - Object 'Object Repository/Web RoomMe.id\Sign Up Menu\Button Sign In' is visible

2021-01-12 17:45:15 - [TEST_STEP][PASSED] - verifyElementVisible(findTestObject(obj)): Object 'Object Repository/Web RoomMe.id\Sign Up Menu\Button Sign Up' is visible

2021-01-12 17:45:15 - [MESSAGE][PASSED] - Object 'Object Repository/Web RoomMe.id\Sign Up Menu\Button Sign Up' is visible

2021-01-12 17:45:15 - [TEST_STEP][PASSED] - verifyElementVisible(findTestObject(obj)): Object 'Object Repository/Web RoomMe.id\Sign Up Menu\Name Textfield' is visible

2021-01-12 17:45:15 - [MESSAGE][PASSED] - Object 'Object Repository/Web RoomMe.id\Sign Up Menu\Name Textfield' is visible

2021-01-12 17:45:15 - [TEST_STEP][PASSED] - verifyElementVisible(findTestObject(obj)): Object 'Object Repository/Web RoomMe.id\Sign Up Menu\Text Are you have an account' is visible

2021-01-12 17:45:15 - [MESSAGE][PASSED] - Object 'Object Repository/Web RoomMe.id\Sign Up Menu\Text Are you have an account' is visible

2021-01-12 17:45:15 - [TEST_STEP][PASSED] - verifyElementVisible(findTestObject(obj)): Object 'Object Repository/Web RoomMe.id\Sign Up Menu\Text Confirm Password' is visible

2021-01-12 17:45:15 - [MESSAGE][PASSED] - Object 'Object Repository/Web RoomMe.id\Sign Up Menu\Text Confirm Password' is visible

2021-01-12 17:45:15 - [TEST_STEP][PASSED] - verifyElementVisible(findTestObject(obj)): Object 'Object Repository/Web RoomMe.id\Sign Up Menu\Text Email Address' is visible

2021-01-12 17:45:15 - [MESSAGE][PASSED] - Object 'Object Repository/Web RoomMe.id\Sign Up Menu\Text Email Address' is visible

2021-01-12 17:45:15 - [TEST_STEP][PASSED] - verifyElementVisible(findTestObject(obj)): Object 'Object Repository/Web RoomMe.id\Sign Up Menu\Text Full Name' is visible

2021-01-12 17:45:15 - [MESSAGE][PASSED] - Object 'Object Repository/Web RoomMe.id\Sign Up Menu\Text Full Name' is visible

2021-01-12 17:45:15 - [TEST_STEP][PASSED] - verifyElementVisible(findTestObject(obj)): Object 'Object Repository/Web RoomMe.id\Sign Up Menu\Text Password' is visible

2021-01-12 17:45:16 - [MESSAGE][PASSED] - Object 'Object Repository/Web RoomMe.id\Sign Up Menu\Text Password' is visible

2021-01-12 17:45:16 - [TEST_STEP][PASSED] - verifyElementVisible(findTestObject(obj)): Object 'Object Repository/Web RoomMe.id\Sign Up Menu\Text Phone Number' is visible

2021-01-12 17:45:16 - [MESSAGE][PASSED] - Object 'Object Repository/Web RoomMe.id\Sign Up Menu\Text Phone Number' is visible

2021-01-12 17:45:16 - [TEST_STEP][PASSED] - verifyElementVisible(findTestObject(obj)): Object 'Object Repository/Web RoomMe.id\Sign Up Menu\Textfield Confirm Password' is visible

2021-01-12 17:45:16 - [MESSAGE][PASSED] - Object 'Object Repository/Web RoomMe.id\Sign Up Menu\Textfield Confirm Password' is visible

2021-01-12 17:45:16 - [TEST_STEP][PASSED] - verifyElementVisible(findTestObject(obj)): Object 'Object Repository/Web RoomMe.id\Sign Up Menu\Textfield Email' is visible

2021-01-12 17:45:16 - [MESSAGE][PASSED] - Object 'Object Repository/Web RoomMe.id\Sign Up Menu\Textfield Email' is visible

2021-01-12 17:45:16 - [TEST_STEP][PASSED] - verifyElementVisible(findTestObject(obj)): Object 'Object Repository/Web RoomMe.id\Sign Up Menu\Textfield Password' is visible

2021-01-12 17:45:16 - [MESSAGE][PASSED] - Object 'Object Repository/Web RoomMe.id\Sign Up Menu\Textfield Password' is visible

2021-01-12 17:45:16 - [TEST_STEP][PASSED] - verifyElementVisible(findTestObject(obj)): Object 'Object Repository/Web RoomMe.id\Sign Up Menu\Textfield Phone Number' is visible

2021-01-12 17:45:16 - [MESSAGE][PASSED] - Object 'Object Repository/Web RoomMe.id\Sign Up Menu\Textfield Phone Number' is visible

2021-01-12 17:45:16 - [MESSAGE][PASSED] - Call Test Case 'Test Cases/Web RoomMe.id/2. Sign Up/Verify Sign Up Menu' successfully

2021-01-12 17:45:16 - [TEST_STEP][PASSED] - waitForElementVisible(findTestObject("Web RoomMe.id/Sign Up Menu/Name Textfield"), 30, STOP_ON_FAILURE): Object 'Object Repository/Web RoomMe.id/Sign Up Menu/Name Textfield' is visible

2021-01-12 17:45:16 - [MESSAGE][PASSED] - Object 'Object Repository/Web RoomMe.id/Sign Up Menu/Name Textfield' is visible

2021-01-12 17:45:16 - [TEST_STEP][PASSED] - setText(findTestObject("Web RoomMe.id/Sign Up Menu/Name Textfield"), "ab"): Text 'ab' is set on object 'Object Repository/Web RoomMe.id/Sign Up Menu/Name Textfield'

2021-01-12 17:45:17 - [MESSAGE][PASSED] - Text 'ab' is set on object 'Object Repository/Web RoomMe.id/Sign Up Menu/Name Textfield'

2021-01-12 17:45:17 - [TEST_STEP][PASSED] - waitForElementVisible(findTestObject("Web RoomMe.id/Sign Up Menu/Error Message/Text At least input 3 characters long"), 30, STOP_ON_FAILURE): Object 'Object Repository/Web RoomMe.id/Sign Up Menu/Error Message/Text At least input 3 characters long' is visible

2021-01-12 17:45:18 - [MESSAGE][PASSED] - Object 'Object Repository/Web RoomMe.id/Sign Up Menu/Error Message/Text At least input 3 characters long' is visible

2021-01-12 17:45:18 - [TEST_STEP][PASSED] - sendKeys(findTestObject("Web RoomMe.id/Sign Up Menu/Name Textfield"), Keys.chord(CONTROL, "a", BACK_SPACE)): Keys 'CONTROL + BACK_SPACE + a' sent to object: 'Object Repository/Web RoomMe.id/Sign Up Menu/Name Textfield'

2021-01-12 17:45:18 - [MESSAGE][PASSED] - Keys 'CONTROL + BACK_SPACE + a' sent to object: 'Object Repository/Web RoomMe.id/Sign Up Menu/Name Textfield'

2021-01-12 17:45:18 - [TEST_STEP][PASSED] - setText(findTestObject("Web RoomMe.id/Sign Up Menu/Name Textfield"), "Abcde Abcde Abcde Abcde Abcde Abcde Abcde Abcde 123"): Text 'Abcde Abcde Abcde Abcde Abcde Abcde Abcde Abcde 123' is set on object 'Object Repository/Web RoomMe.id/Sign Up Menu/Name Textfield'

2021-01-12 17:45:19 - [MESSAGE][PASSED] - Text 'Abcde Abcde Abcde Abcde Abcde Abcde Abcde Abcde 123' is set on object 'Object Repository/Web RoomMe.id/Sign Up Menu/Name Textfield'

2021-01-12 17:45:19 - [TEST_STEP][PASSED] - waitForElementVisible(findTestObject("Web RoomMe.id/Sign Up Menu/Error Message/Text Name Input Character is 50"), 30, STOP_ON_FAILURE): Object 'Object Repository/Web RoomMe.id/Sign Up Menu/Error Message/Text Name Input Character is 50' is visible

2021-01-12 17:45:19 - [MESSAGE][PASSED] - Object 'Object Repository/Web RoomMe.id/Sign Up Menu/Error Message/Text Name Input Character is 50' is visible

2021-01-12 17:45:19 - [TEST_STEP][PASSED] - sendKeys(findTestObject("Web RoomMe.id/Sign Up Menu/Name Textfield"), Keys.chord(CONTROL, "a", BACK_SPACE)): Keys 'CONTROL + BACK_SPACE + a' sent to object: 'Object Repository/Web RoomMe.id/Sign Up Menu/Name Textfield'

2021-01-12 17:45:19 - [MESSAGE][PASSED] - Keys 'CONTROL + BACK_SPACE + a' sent to object: 'Object Repository/Web RoomMe.id/Sign Up Menu/Name Textfield'

2021-01-12 17:45:19 - [TEST_STEP][PASSED] - setText(findTestObject("Web RoomMe.id/Sign Up Menu/Name Textfield"), "abc1"): Text 'abc1' is set on object 'Object Repository/Web RoomMe.id/Sign Up Menu/Name Textfield'

2021-01-12 17:45:20 - [MESSAGE][PASSED] - Text 'abc1' is set on object 'Object Repository/Web RoomMe.id/Sign Up Menu/Name Textfield'

2021-01-12 17:45:20 - [TEST_STEP][PASSED] - waitForElementVisible(findTestObject("Web RoomMe.id/Sign Up Menu/Error Message/Text Your name seems to contain incorrect characters"), 30, STOP_ON_FAILURE): Object 'Object Repository/Web RoomMe.id/Sign Up Menu/Error Message/Text Your name seems to contain incorrect characters' is visible

2021-01-12 17:45:21 - [MESSAGE][PASSED] - Object 'Object Repository/Web RoomMe.id/Sign Up Menu/Error Message/Text Your name seems to contain incorrect characters' is visible

2021-01-12 17:45:21 - [TEST_STEP][PASSED] - sendKeys(findTestObject("Web RoomMe.id/Sign Up Menu/Name Textfield"), Keys.chord(CONTROL, "a", BACK_SPACE)): Keys 'CONTROL + BACK_SPACE + a' sent to object: 'Object Repository/Web RoomMe.id/Sign Up Menu/Name Textfield'

2021-01-12 17:45:21 - [MESSAGE][PASSED] - Keys 'CONTROL + BACK_SPACE + a' sent to object: 'Object Repository/Web RoomMe.id/Sign Up Menu/Name Textfield'

2021-01-12 17:45:21 - [TEST_STEP][PASSED] - setText(findTestObject("Web RoomMe.id/Sign Up Menu/Name Textfield"), "abc!@#"): Text 'abc!@#' is set on object 'Object Repository/Web RoomMe.id/Sign Up Menu/Name Textfield'

2021-01-12 17:45:21 - [MESSAGE][PASSED] - Text 'abc!@#' is set on object 'Object Repository/Web RoomMe.id/Sign Up Menu/Name Textfield'

2021-01-12 17:45:21 - [TEST_STEP][PASSED] - waitForElementVisible(findTestObject("Web RoomMe.id/Sign Up Menu/Error Message/Text Your name seems to contain incorrect characters"), 30, STOP_ON_FAILURE): Object 'Object Repository/Web RoomMe.id/Sign Up Menu/Error Message/Text Your name seems to contain incorrect characters' is visible

2021-01-12 17:45:22 - [MESSAGE][PASSED] - Object 'Object Repository/Web RoomMe.id/Sign Up Menu/Error Message/Text Your name seems to contain incorrect characters' is visible]]></system-out>
         <system-err><![CDATA[]]></system-err>
      </testcase>
      <testcase name="Test Cases/Web RoomMe.id/2. Sign Up/4. Customer Input Email with Invalid Format" time="25.188" classname="Test Cases/Web RoomMe.id/2. Sign Up/4. Customer Input Email with Invalid Format" status="PASSED">
         <system-out><![CDATA[2021-01-12 17:45:22 - [TEST_CASE][PASSED] - Test Cases/Web RoomMe.id/2. Sign Up/4. Customer Input Email with Invalid Format: Test Cases/Web RoomMe.id/2. Sign Up/4. Customer Input Email with Invalid Format

2021-01-12 17:45:22 - [TEST_STEP][PASSED] - callTestCase(findTestCase("Web RoomMe.id/1. Homepage/1. Customer Access RoomMe Page"), [:], STOP_ON_FAILURE): Call Test Case 'Test Cases/Web RoomMe.id/1. Homepage/1. Customer Access RoomMe Page' successfully

2021-01-12 17:45:22 - [TEST_CASE][PASSED] - Test Cases/Web RoomMe.id/1. Homepage/1. Customer Access RoomMe Page: Test Cases/Web RoomMe.id/1. Homepage/1. Customer Access RoomMe Page

2021-01-12 17:45:22 - [TEST_STEP][PASSED] - openBrowser(url): Browser is opened with url: 'https://dev-web:w3BdEv-r0omM3@web.roomme.id'

2021-01-12 17:45:22 - [MESSAGE][WARNING] - A browser is already opened. Closing browser and opening a new one

2021-01-12 17:45:23 - [MESSAGE][INFO] - Starting 'Chrome' driver

2021-01-12 17:45:23 - [MESSAGE][INFO] - Action delay is set to 50 milliseconds

2021-01-12 17:45:34 - [MESSAGE][PASSED] - Browser is opened with url: 'https://dev-web:w3BdEv-r0omM3@web.roomme.id'

2021-01-12 17:45:34 - [TEST_STEP][PASSED] - maximizeWindow(): Current window maximized

2021-01-12 17:45:36 - [MESSAGE][PASSED] - Current window maximized

2021-01-12 17:45:36 - [TEST_STEP][PASSED] - waitForPageLoad(0): Wait for page load successfully

2021-01-12 17:45:36 - [MESSAGE][WARNING] - Timeout '0' is invalid. Using default page load timeout: '1'

2021-01-12 17:45:36 - [MESSAGE][PASSED] - Wait for page load successfully

2021-01-12 17:45:36 - [TEST_STEP][PASSED] - click(findTestObject("Web RoomMe.id/RoomMe.id Homepage/Button Close banner StaytoWin")): Object: 'Object Repository/Web RoomMe.id/RoomMe.id Homepage/Button Close banner StaytoWin' is clicked on

2021-01-12 17:45:37 - [MESSAGE][PASSED] - Object: 'Object Repository/Web RoomMe.id/RoomMe.id Homepage/Button Close banner StaytoWin' is clicked on

2021-01-12 17:45:37 - [MESSAGE][PASSED] - Call Test Case 'Test Cases/Web RoomMe.id/1. Homepage/1. Customer Access RoomMe Page' successfully

2021-01-12 17:45:37 - [TEST_STEP][NOT_RUN] - callTestCase(findTestCase("Web RoomMe.id/1. Homepage/2. Verify Header RoomMe.id"), [:], STOP_ON_FAILURE): NOT_RUN: callTestCase(findTestCase("Web RoomMe.id/1. Homepage/2. Verify Header RoomMe.id"), [:], STOP_ON_FAILURE)

2021-01-12 17:45:37 - [MESSAGE][NOT_RUN] - NOT_RUN: callTestCase(findTestCase("Web RoomMe.id/1. Homepage/2. Verify Header RoomMe.id"), [:], STOP_ON_FAILURE)

2021-01-12 17:45:37 - [TEST_STEP][PASSED] - click(findTestObject("Web RoomMe.id/RoomMe.id Header/Button Sign In")): Object: 'Object Repository/Web RoomMe.id/RoomMe.id Header/Button Sign In' is clicked on

2021-01-12 17:45:37 - [MESSAGE][PASSED] - Object: 'Object Repository/Web RoomMe.id/RoomMe.id Header/Button Sign In' is clicked on

2021-01-12 17:45:37 - [TEST_STEP][PASSED] - waitForElementVisible(findTestObject("Web RoomMe.id/Sign In Menu/Button Sign Up"), 0): Object 'Object Repository/Web RoomMe.id/Sign In Menu/Button Sign Up' is visible

2021-01-12 17:45:37 - [MESSAGE][WARNING] - Timeout '0' is invalid. Using default page load timeout: '1'

2021-01-12 17:45:37 - [MESSAGE][PASSED] - Object 'Object Repository/Web RoomMe.id/Sign In Menu/Button Sign Up' is visible

2021-01-12 17:45:37 - [TEST_STEP][PASSED] - click(findTestObject("Web RoomMe.id/Sign In Menu/Button Sign Up")): Object: 'Object Repository/Web RoomMe.id/Sign In Menu/Button Sign Up' is clicked on

2021-01-12 17:45:37 - [MESSAGE][PASSED] - Object: 'Object Repository/Web RoomMe.id/Sign In Menu/Button Sign Up' is clicked on

2021-01-12 17:45:37 - [TEST_STEP][PASSED] - callTestCase(findTestCase("Web RoomMe.id/2. Sign Up/Verify Sign Up Menu"), [:], STOP_ON_FAILURE): Call Test Case 'Test Cases/Web RoomMe.id/2. Sign Up/Verify Sign Up Menu' successfully

2021-01-12 17:45:37 - [TEST_CASE][PASSED] - Test Cases/Web RoomMe.id/2. Sign Up/Verify Sign Up Menu: Test Cases/Web RoomMe.id/2. Sign Up/Verify Sign Up Menu

2021-01-12 17:45:37 - [TEST_STEP][PASSED] - objectSubFolder = "Web RoomMe.id\Sign Up Menu\": null

2021-01-12 17:45:37 - [TEST_STEP][PASSED] - pathToObjRep = getProjectDir() + "\Object Repository\" + objectSubFolder: null

2021-01-12 17:45:37 - [TEST_STEP][PASSED] - yourObjects = new java.io.File(pathToObjRep): null

2021-01-12 17:45:37 - [TEST_STEP][PASSED] - fileNames = yourObjects.list(): null

2021-01-12 17:45:37 - [TEST_STEP][PASSED] - testObjects = new java.util.ArrayList(): null

2021-01-12 17:45:37 - [TEST_STEP][PASSED] - for ([i = 0, i < length, (i++)]): null

2021-01-12 17:45:37 - [TEST_STEP][PASSED] - if (fileNames[i].contains(".rs")): null

2021-01-12 17:45:37 - [TEST_STEP][PASSED] - fileNames[i] = fileNames[i].replace(".rs", ""): null

2021-01-12 17:45:37 - [TEST_STEP][PASSED] - testObjects.add(objectSubFolder + fileNames[i]): null

2021-01-12 17:45:37 - [TEST_STEP][PASSED] - if (fileNames[i].contains(".rs")): null

2021-01-12 17:45:37 - [TEST_STEP][PASSED] - fileNames[i] = fileNames[i].replace(".rs", ""): null

2021-01-12 17:45:37 - [TEST_STEP][PASSED] - testObjects.add(objectSubFolder + fileNames[i]): null

2021-01-12 17:45:37 - [TEST_STEP][PASSED] - if (fileNames[i].contains(".rs")): null

2021-01-12 17:45:37 - [TEST_STEP][PASSED] - if (fileNames[i].contains(".rs")): null

2021-01-12 17:45:37 - [TEST_STEP][PASSED] - fileNames[i] = fileNames[i].replace(".rs", ""): null

2021-01-12 17:45:37 - [TEST_STEP][PASSED] - testObjects.add(objectSubFolder + fileNames[i]): null

2021-01-12 17:45:37 - [TEST_STEP][PASSED] - if (fileNames[i].contains(".rs")): null

2021-01-12 17:45:37 - [TEST_STEP][PASSED] - if (fileNames[i].contains(".rs")): null

2021-01-12 17:45:37 - [TEST_STEP][PASSED] - fileNames[i] = fileNames[i].replace(".rs", ""): null

2021-01-12 17:45:37 - [TEST_STEP][PASSED] - testObjects.add(objectSubFolder + fileNames[i]): null

2021-01-12 17:45:37 - [TEST_STEP][PASSED] - if (fileNames[i].contains(".rs")): null

2021-01-12 17:45:37 - [TEST_STEP][PASSED] - fileNames[i] = fileNames[i].replace(".rs", ""): null

2021-01-12 17:45:37 - [TEST_STEP][PASSED] - testObjects.add(objectSubFolder + fileNames[i]): null

2021-01-12 17:45:37 - [TEST_STEP][PASSED] - if (fileNames[i].contains(".rs")): null

2021-01-12 17:45:37 - [TEST_STEP][PASSED] - fileNames[i] = fileNames[i].replace(".rs", ""): null

2021-01-12 17:45:37 - [TEST_STEP][PASSED] - testObjects.add(objectSubFolder + fileNames[i]): null

2021-01-12 17:45:37 - [TEST_STEP][PASSED] - if (fileNames[i].contains(".rs")): null

2021-01-12 17:45:37 - [TEST_STEP][PASSED] - fileNames[i] = fileNames[i].replace(".rs", ""): null

2021-01-12 17:45:37 - [TEST_STEP][PASSED] - testObjects.add(objectSubFolder + fileNames[i]): null

2021-01-12 17:45:37 - [TEST_STEP][PASSED] - if (fileNames[i].contains(".rs")): null

2021-01-12 17:45:37 - [TEST_STEP][PASSED] - fileNames[i] = fileNames[i].replace(".rs", ""): null

2021-01-12 17:45:37 - [TEST_STEP][PASSED] - testObjects.add(objectSubFolder + fileNames[i]): null

2021-01-12 17:45:37 - [TEST_STEP][PASSED] - if (fileNames[i].contains(".rs")): null

2021-01-12 17:45:37 - [TEST_STEP][PASSED] - fileNames[i] = fileNames[i].replace(".rs", ""): null

2021-01-12 17:45:37 - [TEST_STEP][PASSED] - testObjects.add(objectSubFolder + fileNames[i]): null

2021-01-12 17:45:37 - [TEST_STEP][PASSED] - if (fileNames[i].contains(".rs")): null

2021-01-12 17:45:37 - [TEST_STEP][PASSED] - fileNames[i] = fileNames[i].replace(".rs", ""): null

2021-01-12 17:45:37 - [TEST_STEP][PASSED] - testObjects.add(objectSubFolder + fileNames[i]): null

2021-01-12 17:45:37 - [TEST_STEP][PASSED] - if (fileNames[i].contains(".rs")): null

2021-01-12 17:45:37 - [TEST_STEP][PASSED] - fileNames[i] = fileNames[i].replace(".rs", ""): null

2021-01-12 17:45:37 - [TEST_STEP][PASSED] - testObjects.add(objectSubFolder + fileNames[i]): null

2021-01-12 17:45:37 - [TEST_STEP][PASSED] - if (fileNames[i].contains(".rs")): null

2021-01-12 17:45:37 - [TEST_STEP][PASSED] - fileNames[i] = fileNames[i].replace(".rs", ""): null

2021-01-12 17:45:37 - [TEST_STEP][PASSED] - testObjects.add(objectSubFolder + fileNames[i]): null

2021-01-12 17:45:37 - [TEST_STEP][PASSED] - if (fileNames[i].contains(".rs")): null

2021-01-12 17:45:37 - [TEST_STEP][PASSED] - fileNames[i] = fileNames[i].replace(".rs", ""): null

2021-01-12 17:45:37 - [TEST_STEP][PASSED] - testObjects.add(objectSubFolder + fileNames[i]): null

2021-01-12 17:45:37 - [TEST_STEP][PASSED] - for (String obj : testObjects): Object 'Object Repository/Web RoomMe.id\Sign Up Menu\Textfield Phone Number' is visible

2021-01-12 17:45:37 - [TEST_STEP][PASSED] - verifyElementVisible(findTestObject(obj)): Object 'Object Repository/Web RoomMe.id\Sign Up Menu\Button Sign In' is visible

2021-01-12 17:45:38 - [MESSAGE][PASSED] - Object 'Object Repository/Web RoomMe.id\Sign Up Menu\Button Sign In' is visible

2021-01-12 17:45:38 - [TEST_STEP][PASSED] - verifyElementVisible(findTestObject(obj)): Object 'Object Repository/Web RoomMe.id\Sign Up Menu\Button Sign Up' is visible

2021-01-12 17:45:38 - [MESSAGE][PASSED] - Object 'Object Repository/Web RoomMe.id\Sign Up Menu\Button Sign Up' is visible

2021-01-12 17:45:38 - [TEST_STEP][PASSED] - verifyElementVisible(findTestObject(obj)): Object 'Object Repository/Web RoomMe.id\Sign Up Menu\Name Textfield' is visible

2021-01-12 17:45:38 - [MESSAGE][PASSED] - Object 'Object Repository/Web RoomMe.id\Sign Up Menu\Name Textfield' is visible

2021-01-12 17:45:38 - [TEST_STEP][PASSED] - verifyElementVisible(findTestObject(obj)): Object 'Object Repository/Web RoomMe.id\Sign Up Menu\Text Are you have an account' is visible

2021-01-12 17:45:38 - [MESSAGE][PASSED] - Object 'Object Repository/Web RoomMe.id\Sign Up Menu\Text Are you have an account' is visible

2021-01-12 17:45:38 - [TEST_STEP][PASSED] - verifyElementVisible(findTestObject(obj)): Object 'Object Repository/Web RoomMe.id\Sign Up Menu\Text Confirm Password' is visible

2021-01-12 17:45:38 - [MESSAGE][PASSED] - Object 'Object Repository/Web RoomMe.id\Sign Up Menu\Text Confirm Password' is visible

2021-01-12 17:45:38 - [TEST_STEP][PASSED] - verifyElementVisible(findTestObject(obj)): Object 'Object Repository/Web RoomMe.id\Sign Up Menu\Text Email Address' is visible

2021-01-12 17:45:38 - [MESSAGE][PASSED] - Object 'Object Repository/Web RoomMe.id\Sign Up Menu\Text Email Address' is visible

2021-01-12 17:45:38 - [TEST_STEP][PASSED] - verifyElementVisible(findTestObject(obj)): Object 'Object Repository/Web RoomMe.id\Sign Up Menu\Text Full Name' is visible

2021-01-12 17:45:38 - [MESSAGE][PASSED] - Object 'Object Repository/Web RoomMe.id\Sign Up Menu\Text Full Name' is visible

2021-01-12 17:45:38 - [TEST_STEP][PASSED] - verifyElementVisible(findTestObject(obj)): Object 'Object Repository/Web RoomMe.id\Sign Up Menu\Text Password' is visible

2021-01-12 17:45:39 - [MESSAGE][PASSED] - Object 'Object Repository/Web RoomMe.id\Sign Up Menu\Text Password' is visible

2021-01-12 17:45:39 - [TEST_STEP][PASSED] - verifyElementVisible(findTestObject(obj)): Object 'Object Repository/Web RoomMe.id\Sign Up Menu\Text Phone Number' is visible

2021-01-12 17:45:39 - [MESSAGE][PASSED] - Object 'Object Repository/Web RoomMe.id\Sign Up Menu\Text Phone Number' is visible

2021-01-12 17:45:39 - [TEST_STEP][PASSED] - verifyElementVisible(findTestObject(obj)): Object 'Object Repository/Web RoomMe.id\Sign Up Menu\Textfield Confirm Password' is visible

2021-01-12 17:45:39 - [MESSAGE][PASSED] - Object 'Object Repository/Web RoomMe.id\Sign Up Menu\Textfield Confirm Password' is visible

2021-01-12 17:45:39 - [TEST_STEP][PASSED] - verifyElementVisible(findTestObject(obj)): Object 'Object Repository/Web RoomMe.id\Sign Up Menu\Textfield Email' is visible

2021-01-12 17:45:39 - [MESSAGE][PASSED] - Object 'Object Repository/Web RoomMe.id\Sign Up Menu\Textfield Email' is visible

2021-01-12 17:45:39 - [TEST_STEP][PASSED] - verifyElementVisible(findTestObject(obj)): Object 'Object Repository/Web RoomMe.id\Sign Up Menu\Textfield Password' is visible

2021-01-12 17:45:39 - [MESSAGE][PASSED] - Object 'Object Repository/Web RoomMe.id\Sign Up Menu\Textfield Password' is visible

2021-01-12 17:45:39 - [TEST_STEP][PASSED] - verifyElementVisible(findTestObject(obj)): Object 'Object Repository/Web RoomMe.id\Sign Up Menu\Textfield Phone Number' is visible

2021-01-12 17:45:39 - [MESSAGE][PASSED] - Object 'Object Repository/Web RoomMe.id\Sign Up Menu\Textfield Phone Number' is visible

2021-01-12 17:45:39 - [MESSAGE][PASSED] - Call Test Case 'Test Cases/Web RoomMe.id/2. Sign Up/Verify Sign Up Menu' successfully

2021-01-12 17:45:39 - [TEST_STEP][PASSED] - waitForElementVisible(findTestObject("Web RoomMe.id/Sign Up Menu/Textfield Email"), 30, STOP_ON_FAILURE): Object 'Object Repository/Web RoomMe.id/Sign Up Menu/Textfield Email' is visible

2021-01-12 17:45:39 - [MESSAGE][PASSED] - Object 'Object Repository/Web RoomMe.id/Sign Up Menu/Textfield Email' is visible

2021-01-12 17:45:39 - [TEST_STEP][PASSED] - setText(findTestObject("Web RoomMe.id/Sign Up Menu/Textfield Email"), "abc123"): Text 'abc123' is set on object 'Object Repository/Web RoomMe.id/Sign Up Menu/Textfield Email'

2021-01-12 17:45:40 - [MESSAGE][PASSED] - Text 'abc123' is set on object 'Object Repository/Web RoomMe.id/Sign Up Menu/Textfield Email'

2021-01-12 17:45:40 - [TEST_STEP][PASSED] - waitForElementVisible(findTestObject("Web RoomMe.id/Sign Up Menu/Error Message/Text Email is not valid"), 30, STOP_ON_FAILURE): Object 'Object Repository/Web RoomMe.id/Sign Up Menu/Error Message/Text Email is not valid' is visible

2021-01-12 17:45:40 - [MESSAGE][PASSED] - Object 'Object Repository/Web RoomMe.id/Sign Up Menu/Error Message/Text Email is not valid' is visible

2021-01-12 17:45:40 - [TEST_STEP][PASSED] - sendKeys(findTestObject("Web RoomMe.id/Sign Up Menu/Textfield Email"), Keys.chord(CONTROL, "a", BACK_SPACE)): Keys 'CONTROL + BACK_SPACE + a' sent to object: 'Object Repository/Web RoomMe.id/Sign Up Menu/Textfield Email'

2021-01-12 17:45:41 - [MESSAGE][PASSED] - Keys 'CONTROL + BACK_SPACE + a' sent to object: 'Object Repository/Web RoomMe.id/Sign Up Menu/Textfield Email'

2021-01-12 17:45:41 - [TEST_STEP][PASSED] - setText(findTestObject("Web RoomMe.id/Sign Up Menu/Textfield Email"), "abc 123"): Text 'abc 123' is set on object 'Object Repository/Web RoomMe.id/Sign Up Menu/Textfield Email'

2021-01-12 17:45:41 - [MESSAGE][PASSED] - Text 'abc 123' is set on object 'Object Repository/Web RoomMe.id/Sign Up Menu/Textfield Email'

2021-01-12 17:45:41 - [TEST_STEP][PASSED] - waitForElementVisible(findTestObject("Web RoomMe.id/Sign Up Menu/Error Message/Text Email is not valid"), 30, STOP_ON_FAILURE): Object 'Object Repository/Web RoomMe.id/Sign Up Menu/Error Message/Text Email is not valid' is visible

2021-01-12 17:45:42 - [MESSAGE][PASSED] - Object 'Object Repository/Web RoomMe.id/Sign Up Menu/Error Message/Text Email is not valid' is visible

2021-01-12 17:45:42 - [TEST_STEP][PASSED] - sendKeys(findTestObject("Web RoomMe.id/Sign Up Menu/Textfield Email"), Keys.chord(CONTROL, "a", BACK_SPACE)): Keys 'CONTROL + BACK_SPACE + a' sent to object: 'Object Repository/Web RoomMe.id/Sign Up Menu/Textfield Email'

2021-01-12 17:45:42 - [MESSAGE][PASSED] - Keys 'CONTROL + BACK_SPACE + a' sent to object: 'Object Repository/Web RoomMe.id/Sign Up Menu/Textfield Email'

2021-01-12 17:45:42 - [TEST_STEP][PASSED] - setText(findTestObject("Web RoomMe.id/Sign Up Menu/Textfield Email"), "!@#$$!@"): Text '!@#$$!@' is set on object 'Object Repository/Web RoomMe.id/Sign Up Menu/Textfield Email'

2021-01-12 17:45:42 - [MESSAGE][PASSED] - Text '!@#$$!@' is set on object 'Object Repository/Web RoomMe.id/Sign Up Menu/Textfield Email'

2021-01-12 17:45:42 - [TEST_STEP][PASSED] - waitForElementVisible(findTestObject("Web RoomMe.id/Sign Up Menu/Error Message/Text Email is not valid"), 30, STOP_ON_FAILURE): Object 'Object Repository/Web RoomMe.id/Sign Up Menu/Error Message/Text Email is not valid' is visible

2021-01-12 17:45:43 - [MESSAGE][PASSED] - Object 'Object Repository/Web RoomMe.id/Sign Up Menu/Error Message/Text Email is not valid' is visible

2021-01-12 17:45:43 - [TEST_STEP][PASSED] - sendKeys(findTestObject("Web RoomMe.id/Sign Up Menu/Textfield Email"), Keys.chord(CONTROL, "a", BACK_SPACE)): Keys 'CONTROL + BACK_SPACE + a' sent to object: 'Object Repository/Web RoomMe.id/Sign Up Menu/Textfield Email'

2021-01-12 17:45:43 - [MESSAGE][PASSED] - Keys 'CONTROL + BACK_SPACE + a' sent to object: 'Object Repository/Web RoomMe.id/Sign Up Menu/Textfield Email'

2021-01-12 17:45:43 - [TEST_STEP][PASSED] - setText(findTestObject("Web RoomMe.id/Sign Up Menu/Textfield Email"), "ab@gmail"): Text 'ab@gmail' is set on object 'Object Repository/Web RoomMe.id/Sign Up Menu/Textfield Email'

2021-01-12 17:45:44 - [MESSAGE][PASSED] - Text 'ab@gmail' is set on object 'Object Repository/Web RoomMe.id/Sign Up Menu/Textfield Email'

2021-01-12 17:45:44 - [TEST_STEP][PASSED] - waitForElementVisible(findTestObject("Web RoomMe.id/Sign Up Menu/Error Message/Text Email is not valid"), 30, STOP_ON_FAILURE): Object 'Object Repository/Web RoomMe.id/Sign Up Menu/Error Message/Text Email is not valid' is visible

2021-01-12 17:45:44 - [MESSAGE][PASSED] - Object 'Object Repository/Web RoomMe.id/Sign Up Menu/Error Message/Text Email is not valid' is visible

2021-01-12 17:45:44 - [TEST_STEP][PASSED] - sendKeys(findTestObject("Web RoomMe.id/Sign Up Menu/Textfield Email"), Keys.chord(CONTROL, "a", BACK_SPACE)): Keys 'CONTROL + BACK_SPACE + a' sent to object: 'Object Repository/Web RoomMe.id/Sign Up Menu/Textfield Email'

2021-01-12 17:45:44 - [MESSAGE][PASSED] - Keys 'CONTROL + BACK_SPACE + a' sent to object: 'Object Repository/Web RoomMe.id/Sign Up Menu/Textfield Email'

2021-01-12 17:45:44 - [TEST_STEP][PASSED] - setText(findTestObject("Web RoomMe.id/Sign Up Menu/Textfield Email"), "ab@.com"): Text 'ab@.com' is set on object 'Object Repository/Web RoomMe.id/Sign Up Menu/Textfield Email'

2021-01-12 17:45:45 - [MESSAGE][PASSED] - Text 'ab@.com' is set on object 'Object Repository/Web RoomMe.id/Sign Up Menu/Textfield Email'

2021-01-12 17:45:45 - [TEST_STEP][PASSED] - waitForElementVisible(findTestObject("Web RoomMe.id/Sign Up Menu/Error Message/Text Email is not valid"), 30, STOP_ON_FAILURE): Object 'Object Repository/Web RoomMe.id/Sign Up Menu/Error Message/Text Email is not valid' is visible

2021-01-12 17:45:45 - [MESSAGE][PASSED] - Object 'Object Repository/Web RoomMe.id/Sign Up Menu/Error Message/Text Email is not valid' is visible

2021-01-12 17:45:45 - [TEST_STEP][PASSED] - sendKeys(findTestObject("Web RoomMe.id/Sign Up Menu/Textfield Email"), Keys.chord(CONTROL, "a", BACK_SPACE)): Keys 'CONTROL + BACK_SPACE + a' sent to object: 'Object Repository/Web RoomMe.id/Sign Up Menu/Textfield Email'

2021-01-12 17:45:46 - [MESSAGE][PASSED] - Keys 'CONTROL + BACK_SPACE + a' sent to object: 'Object Repository/Web RoomMe.id/Sign Up Menu/Textfield Email'

2021-01-12 17:45:46 - [TEST_STEP][PASSED] - setText(findTestObject("Web RoomMe.id/Sign Up Menu/Textfield Email"), "abc 1 2 3@ac.com"): Text 'abc 1 2 3@ac.com' is set on object 'Object Repository/Web RoomMe.id/Sign Up Menu/Textfield Email'

2021-01-12 17:45:46 - [MESSAGE][PASSED] - Text 'abc 1 2 3@ac.com' is set on object 'Object Repository/Web RoomMe.id/Sign Up Menu/Textfield Email'

2021-01-12 17:45:46 - [TEST_STEP][PASSED] - waitForElementVisible(findTestObject("Web RoomMe.id/Sign Up Menu/Error Message/Text Email is not valid"), 30, STOP_ON_FAILURE): Object 'Object Repository/Web RoomMe.id/Sign Up Menu/Error Message/Text Email is not valid' is visible

2021-01-12 17:45:47 - [MESSAGE][PASSED] - Object 'Object Repository/Web RoomMe.id/Sign Up Menu/Error Message/Text Email is not valid' is visible

2021-01-12 17:45:47 - [TEST_STEP][PASSED] - sendKeys(findTestObject("Web RoomMe.id/Sign Up Menu/Textfield Email"), Keys.chord(CONTROL, "a", BACK_SPACE)): Keys 'CONTROL + BACK_SPACE + a' sent to object: 'Object Repository/Web RoomMe.id/Sign Up Menu/Textfield Email'

2021-01-12 17:45:47 - [MESSAGE][PASSED] - Keys 'CONTROL + BACK_SPACE + a' sent to object: 'Object Repository/Web RoomMe.id/Sign Up Menu/Textfield Email']]></system-out>
         <system-err><![CDATA[]]></system-err>
      </testcase>
      <testcase name="Test Cases/Web RoomMe.id/2. Sign Up/5. Customer Input Phone Number with Invalid Format" time="26.229" classname="Test Cases/Web RoomMe.id/2. Sign Up/5. Customer Input Phone Number with Invalid Format" status="PASSED">
         <system-out><![CDATA[2021-01-12 17:45:47 - [TEST_CASE][PASSED] - Test Cases/Web RoomMe.id/2. Sign Up/5. Customer Input Phone Number with Invalid Format: Test Cases/Web RoomMe.id/2. Sign Up/5. Customer Input Phone Number with Invalid Format

2021-01-12 17:45:47 - [TEST_STEP][PASSED] - callTestCase(findTestCase("Web RoomMe.id/1. Homepage/1. Customer Access RoomMe Page"), [:], STOP_ON_FAILURE): Call Test Case 'Test Cases/Web RoomMe.id/1. Homepage/1. Customer Access RoomMe Page' successfully

2021-01-12 17:45:47 - [TEST_CASE][PASSED] - Test Cases/Web RoomMe.id/1. Homepage/1. Customer Access RoomMe Page: Test Cases/Web RoomMe.id/1. Homepage/1. Customer Access RoomMe Page

2021-01-12 17:45:47 - [TEST_STEP][PASSED] - openBrowser(url): Browser is opened with url: 'https://dev-web:w3BdEv-r0omM3@web.roomme.id'

2021-01-12 17:45:47 - [MESSAGE][WARNING] - A browser is already opened. Closing browser and opening a new one

2021-01-12 17:45:48 - [MESSAGE][INFO] - Starting 'Chrome' driver

2021-01-12 17:45:48 - [MESSAGE][INFO] - Action delay is set to 50 milliseconds

2021-01-12 17:46:04 - [MESSAGE][PASSED] - Browser is opened with url: 'https://dev-web:w3BdEv-r0omM3@web.roomme.id'

2021-01-12 17:46:04 - [TEST_STEP][PASSED] - maximizeWindow(): Current window maximized

2021-01-12 17:46:07 - [MESSAGE][PASSED] - Current window maximized

2021-01-12 17:46:07 - [TEST_STEP][PASSED] - waitForPageLoad(0): Wait for page load successfully

2021-01-12 17:46:07 - [MESSAGE][WARNING] - Timeout '0' is invalid. Using default page load timeout: '1'

2021-01-12 17:46:07 - [MESSAGE][PASSED] - Wait for page load successfully

2021-01-12 17:46:07 - [TEST_STEP][PASSED] - click(findTestObject("Web RoomMe.id/RoomMe.id Homepage/Button Close banner StaytoWin")): Object: 'Object Repository/Web RoomMe.id/RoomMe.id Homepage/Button Close banner StaytoWin' is clicked on

2021-01-12 17:46:07 - [MESSAGE][PASSED] - Object: 'Object Repository/Web RoomMe.id/RoomMe.id Homepage/Button Close banner StaytoWin' is clicked on

2021-01-12 17:46:07 - [MESSAGE][PASSED] - Call Test Case 'Test Cases/Web RoomMe.id/1. Homepage/1. Customer Access RoomMe Page' successfully

2021-01-12 17:46:07 - [TEST_STEP][NOT_RUN] - callTestCase(findTestCase("Web RoomMe.id/1. Homepage/2. Verify Header RoomMe.id"), [:], STOP_ON_FAILURE): NOT_RUN: callTestCase(findTestCase("Web RoomMe.id/1. Homepage/2. Verify Header RoomMe.id"), [:], STOP_ON_FAILURE)

2021-01-12 17:46:07 - [MESSAGE][NOT_RUN] - NOT_RUN: callTestCase(findTestCase("Web RoomMe.id/1. Homepage/2. Verify Header RoomMe.id"), [:], STOP_ON_FAILURE)

2021-01-12 17:46:07 - [TEST_STEP][PASSED] - click(findTestObject("Web RoomMe.id/RoomMe.id Header/Button Sign In")): Object: 'Object Repository/Web RoomMe.id/RoomMe.id Header/Button Sign In' is clicked on

2021-01-12 17:46:07 - [MESSAGE][PASSED] - Object: 'Object Repository/Web RoomMe.id/RoomMe.id Header/Button Sign In' is clicked on

2021-01-12 17:46:07 - [TEST_STEP][PASSED] - waitForElementVisible(findTestObject("Web RoomMe.id/Sign In Menu/Button Sign Up"), 0): Object 'Object Repository/Web RoomMe.id/Sign In Menu/Button Sign Up' is visible

2021-01-12 17:46:07 - [MESSAGE][WARNING] - Timeout '0' is invalid. Using default page load timeout: '1'

2021-01-12 17:46:07 - [MESSAGE][PASSED] - Object 'Object Repository/Web RoomMe.id/Sign In Menu/Button Sign Up' is visible

2021-01-12 17:46:07 - [TEST_STEP][PASSED] - click(findTestObject("Web RoomMe.id/Sign In Menu/Button Sign Up")): Object: 'Object Repository/Web RoomMe.id/Sign In Menu/Button Sign Up' is clicked on

2021-01-12 17:46:08 - [MESSAGE][PASSED] - Object: 'Object Repository/Web RoomMe.id/Sign In Menu/Button Sign Up' is clicked on

2021-01-12 17:46:08 - [TEST_STEP][PASSED] - callTestCase(findTestCase("Web RoomMe.id/2. Sign Up/Verify Sign Up Menu"), [:], STOP_ON_FAILURE): Call Test Case 'Test Cases/Web RoomMe.id/2. Sign Up/Verify Sign Up Menu' successfully

2021-01-12 17:46:08 - [TEST_CASE][PASSED] - Test Cases/Web RoomMe.id/2. Sign Up/Verify Sign Up Menu: Test Cases/Web RoomMe.id/2. Sign Up/Verify Sign Up Menu

2021-01-12 17:46:08 - [TEST_STEP][PASSED] - objectSubFolder = "Web RoomMe.id\Sign Up Menu\": null

2021-01-12 17:46:08 - [TEST_STEP][PASSED] - pathToObjRep = getProjectDir() + "\Object Repository\" + objectSubFolder: null

2021-01-12 17:46:08 - [TEST_STEP][PASSED] - yourObjects = new java.io.File(pathToObjRep): null

2021-01-12 17:46:08 - [TEST_STEP][PASSED] - fileNames = yourObjects.list(): null

2021-01-12 17:46:08 - [TEST_STEP][PASSED] - testObjects = new java.util.ArrayList(): null

2021-01-12 17:46:08 - [TEST_STEP][PASSED] - for ([i = 0, i < length, (i++)]): null

2021-01-12 17:46:08 - [TEST_STEP][PASSED] - if (fileNames[i].contains(".rs")): null

2021-01-12 17:46:08 - [TEST_STEP][PASSED] - fileNames[i] = fileNames[i].replace(".rs", ""): null

2021-01-12 17:46:08 - [TEST_STEP][PASSED] - testObjects.add(objectSubFolder + fileNames[i]): null

2021-01-12 17:46:08 - [TEST_STEP][PASSED] - if (fileNames[i].contains(".rs")): null

2021-01-12 17:46:08 - [TEST_STEP][PASSED] - fileNames[i] = fileNames[i].replace(".rs", ""): null

2021-01-12 17:46:08 - [TEST_STEP][PASSED] - testObjects.add(objectSubFolder + fileNames[i]): null

2021-01-12 17:46:08 - [TEST_STEP][PASSED] - if (fileNames[i].contains(".rs")): null

2021-01-12 17:46:08 - [TEST_STEP][PASSED] - if (fileNames[i].contains(".rs")): null

2021-01-12 17:46:08 - [TEST_STEP][PASSED] - fileNames[i] = fileNames[i].replace(".rs", ""): null

2021-01-12 17:46:08 - [TEST_STEP][PASSED] - testObjects.add(objectSubFolder + fileNames[i]): null

2021-01-12 17:46:08 - [TEST_STEP][PASSED] - if (fileNames[i].contains(".rs")): null

2021-01-12 17:46:08 - [TEST_STEP][PASSED] - if (fileNames[i].contains(".rs")): null

2021-01-12 17:46:08 - [TEST_STEP][PASSED] - fileNames[i] = fileNames[i].replace(".rs", ""): null

2021-01-12 17:46:08 - [TEST_STEP][PASSED] - testObjects.add(objectSubFolder + fileNames[i]): null

2021-01-12 17:46:08 - [TEST_STEP][PASSED] - if (fileNames[i].contains(".rs")): null

2021-01-12 17:46:08 - [TEST_STEP][PASSED] - fileNames[i] = fileNames[i].replace(".rs", ""): null

2021-01-12 17:46:08 - [TEST_STEP][PASSED] - testObjects.add(objectSubFolder + fileNames[i]): null

2021-01-12 17:46:08 - [TEST_STEP][PASSED] - if (fileNames[i].contains(".rs")): null

2021-01-12 17:46:08 - [TEST_STEP][PASSED] - fileNames[i] = fileNames[i].replace(".rs", ""): null

2021-01-12 17:46:08 - [TEST_STEP][PASSED] - testObjects.add(objectSubFolder + fileNames[i]): null

2021-01-12 17:46:08 - [TEST_STEP][PASSED] - if (fileNames[i].contains(".rs")): null

2021-01-12 17:46:08 - [TEST_STEP][PASSED] - fileNames[i] = fileNames[i].replace(".rs", ""): null

2021-01-12 17:46:08 - [TEST_STEP][PASSED] - testObjects.add(objectSubFolder + fileNames[i]): null

2021-01-12 17:46:08 - [TEST_STEP][PASSED] - if (fileNames[i].contains(".rs")): null

2021-01-12 17:46:08 - [TEST_STEP][PASSED] - fileNames[i] = fileNames[i].replace(".rs", ""): null

2021-01-12 17:46:08 - [TEST_STEP][PASSED] - testObjects.add(objectSubFolder + fileNames[i]): null

2021-01-12 17:46:08 - [TEST_STEP][PASSED] - if (fileNames[i].contains(".rs")): null

2021-01-12 17:46:08 - [TEST_STEP][PASSED] - fileNames[i] = fileNames[i].replace(".rs", ""): null

2021-01-12 17:46:08 - [TEST_STEP][PASSED] - testObjects.add(objectSubFolder + fileNames[i]): null

2021-01-12 17:46:08 - [TEST_STEP][PASSED] - if (fileNames[i].contains(".rs")): null

2021-01-12 17:46:08 - [TEST_STEP][PASSED] - fileNames[i] = fileNames[i].replace(".rs", ""): null

2021-01-12 17:46:08 - [TEST_STEP][PASSED] - testObjects.add(objectSubFolder + fileNames[i]): null

2021-01-12 17:46:08 - [TEST_STEP][PASSED] - if (fileNames[i].contains(".rs")): null

2021-01-12 17:46:08 - [TEST_STEP][PASSED] - fileNames[i] = fileNames[i].replace(".rs", ""): null

2021-01-12 17:46:08 - [TEST_STEP][PASSED] - testObjects.add(objectSubFolder + fileNames[i]): null

2021-01-12 17:46:08 - [TEST_STEP][PASSED] - if (fileNames[i].contains(".rs")): null

2021-01-12 17:46:08 - [TEST_STEP][PASSED] - fileNames[i] = fileNames[i].replace(".rs", ""): null

2021-01-12 17:46:08 - [TEST_STEP][PASSED] - testObjects.add(objectSubFolder + fileNames[i]): null

2021-01-12 17:46:08 - [TEST_STEP][PASSED] - if (fileNames[i].contains(".rs")): null

2021-01-12 17:46:08 - [TEST_STEP][PASSED] - fileNames[i] = fileNames[i].replace(".rs", ""): null

2021-01-12 17:46:08 - [TEST_STEP][PASSED] - testObjects.add(objectSubFolder + fileNames[i]): null

2021-01-12 17:46:08 - [TEST_STEP][PASSED] - for (String obj : testObjects): Object 'Object Repository/Web RoomMe.id\Sign Up Menu\Textfield Phone Number' is visible

2021-01-12 17:46:08 - [TEST_STEP][PASSED] - verifyElementVisible(findTestObject(obj)): Object 'Object Repository/Web RoomMe.id\Sign Up Menu\Button Sign In' is visible

2021-01-12 17:46:08 - [MESSAGE][PASSED] - Object 'Object Repository/Web RoomMe.id\Sign Up Menu\Button Sign In' is visible

2021-01-12 17:46:08 - [TEST_STEP][PASSED] - verifyElementVisible(findTestObject(obj)): Object 'Object Repository/Web RoomMe.id\Sign Up Menu\Button Sign Up' is visible

2021-01-12 17:46:08 - [MESSAGE][PASSED] - Object 'Object Repository/Web RoomMe.id\Sign Up Menu\Button Sign Up' is visible

2021-01-12 17:46:08 - [TEST_STEP][PASSED] - verifyElementVisible(findTestObject(obj)): Object 'Object Repository/Web RoomMe.id\Sign Up Menu\Name Textfield' is visible

2021-01-12 17:46:08 - [MESSAGE][PASSED] - Object 'Object Repository/Web RoomMe.id\Sign Up Menu\Name Textfield' is visible

2021-01-12 17:46:08 - [TEST_STEP][PASSED] - verifyElementVisible(findTestObject(obj)): Object 'Object Repository/Web RoomMe.id\Sign Up Menu\Text Are you have an account' is visible

2021-01-12 17:46:08 - [MESSAGE][PASSED] - Object 'Object Repository/Web RoomMe.id\Sign Up Menu\Text Are you have an account' is visible

2021-01-12 17:46:08 - [TEST_STEP][PASSED] - verifyElementVisible(findTestObject(obj)): Object 'Object Repository/Web RoomMe.id\Sign Up Menu\Text Confirm Password' is visible

2021-01-12 17:46:08 - [MESSAGE][PASSED] - Object 'Object Repository/Web RoomMe.id\Sign Up Menu\Text Confirm Password' is visible

2021-01-12 17:46:08 - [TEST_STEP][PASSED] - verifyElementVisible(findTestObject(obj)): Object 'Object Repository/Web RoomMe.id\Sign Up Menu\Text Email Address' is visible

2021-01-12 17:46:09 - [MESSAGE][PASSED] - Object 'Object Repository/Web RoomMe.id\Sign Up Menu\Text Email Address' is visible

2021-01-12 17:46:09 - [TEST_STEP][PASSED] - verifyElementVisible(findTestObject(obj)): Object 'Object Repository/Web RoomMe.id\Sign Up Menu\Text Full Name' is visible

2021-01-12 17:46:09 - [MESSAGE][PASSED] - Object 'Object Repository/Web RoomMe.id\Sign Up Menu\Text Full Name' is visible

2021-01-12 17:46:09 - [TEST_STEP][PASSED] - verifyElementVisible(findTestObject(obj)): Object 'Object Repository/Web RoomMe.id\Sign Up Menu\Text Password' is visible

2021-01-12 17:46:09 - [MESSAGE][PASSED] - Object 'Object Repository/Web RoomMe.id\Sign Up Menu\Text Password' is visible

2021-01-12 17:46:09 - [TEST_STEP][PASSED] - verifyElementVisible(findTestObject(obj)): Object 'Object Repository/Web RoomMe.id\Sign Up Menu\Text Phone Number' is visible

2021-01-12 17:46:09 - [MESSAGE][PASSED] - Object 'Object Repository/Web RoomMe.id\Sign Up Menu\Text Phone Number' is visible

2021-01-12 17:46:09 - [TEST_STEP][PASSED] - verifyElementVisible(findTestObject(obj)): Object 'Object Repository/Web RoomMe.id\Sign Up Menu\Textfield Confirm Password' is visible

2021-01-12 17:46:09 - [MESSAGE][PASSED] - Object 'Object Repository/Web RoomMe.id\Sign Up Menu\Textfield Confirm Password' is visible

2021-01-12 17:46:09 - [TEST_STEP][PASSED] - verifyElementVisible(findTestObject(obj)): Object 'Object Repository/Web RoomMe.id\Sign Up Menu\Textfield Email' is visible

2021-01-12 17:46:09 - [MESSAGE][PASSED] - Object 'Object Repository/Web RoomMe.id\Sign Up Menu\Textfield Email' is visible

2021-01-12 17:46:09 - [TEST_STEP][PASSED] - verifyElementVisible(findTestObject(obj)): Object 'Object Repository/Web RoomMe.id\Sign Up Menu\Textfield Password' is visible

2021-01-12 17:46:09 - [MESSAGE][PASSED] - Object 'Object Repository/Web RoomMe.id\Sign Up Menu\Textfield Password' is visible

2021-01-12 17:46:09 - [TEST_STEP][PASSED] - verifyElementVisible(findTestObject(obj)): Object 'Object Repository/Web RoomMe.id\Sign Up Menu\Textfield Phone Number' is visible

2021-01-12 17:46:09 - [MESSAGE][PASSED] - Object 'Object Repository/Web RoomMe.id\Sign Up Menu\Textfield Phone Number' is visible

2021-01-12 17:46:09 - [MESSAGE][PASSED] - Call Test Case 'Test Cases/Web RoomMe.id/2. Sign Up/Verify Sign Up Menu' successfully

2021-01-12 17:46:09 - [TEST_STEP][PASSED] - waitForElementVisible(findTestObject("Web RoomMe.id/Sign Up Menu/Textfield Phone Number"), 30, STOP_ON_FAILURE): Object 'Object Repository/Web RoomMe.id/Sign Up Menu/Textfield Phone Number' is visible

2021-01-12 17:46:10 - [MESSAGE][PASSED] - Object 'Object Repository/Web RoomMe.id/Sign Up Menu/Textfield Phone Number' is visible

2021-01-12 17:46:10 - [TEST_STEP][PASSED] - setText(findTestObject("Web RoomMe.id/Sign Up Menu/Textfield Phone Number"), "abcdefghij"): Text 'abcdefghij' is set on object 'Object Repository/Web RoomMe.id/Sign Up Menu/Textfield Phone Number'

2021-01-12 17:46:10 - [MESSAGE][PASSED] - Text 'abcdefghij' is set on object 'Object Repository/Web RoomMe.id/Sign Up Menu/Textfield Phone Number'

2021-01-12 17:46:10 - [TEST_STEP][PASSED] - waitForElementVisible(findTestObject("Web RoomMe.id/Sign Up Menu/Error Message/Text Phone is required"), 30, STOP_ON_FAILURE): Object 'Object Repository/Web RoomMe.id/Sign Up Menu/Error Message/Text Phone is required' is visible

2021-01-12 17:46:10 - [MESSAGE][PASSED] - Object 'Object Repository/Web RoomMe.id/Sign Up Menu/Error Message/Text Phone is required' is visible

2021-01-12 17:46:10 - [TEST_STEP][PASSED] - sendKeys(findTestObject("Web RoomMe.id/Sign Up Menu/Textfield Phone Number"), Keys.chord(CONTROL, "a", BACK_SPACE)): Keys 'CONTROL + BACK_SPACE + a' sent to object: 'Object Repository/Web RoomMe.id/Sign Up Menu/Textfield Phone Number'

2021-01-12 17:46:11 - [MESSAGE][PASSED] - Keys 'CONTROL + BACK_SPACE + a' sent to object: 'Object Repository/Web RoomMe.id/Sign Up Menu/Textfield Phone Number'

2021-01-12 17:46:11 - [TEST_STEP][PASSED] - setText(findTestObject("Web RoomMe.id/Sign Up Menu/Textfield Phone Number"), "12345abcde"): Text '12345abcde' is set on object 'Object Repository/Web RoomMe.id/Sign Up Menu/Textfield Phone Number'

2021-01-12 17:46:11 - [MESSAGE][PASSED] - Text '12345abcde' is set on object 'Object Repository/Web RoomMe.id/Sign Up Menu/Textfield Phone Number'

2021-01-12 17:46:11 - [TEST_STEP][PASSED] - waitForElementVisible(findTestObject("Web RoomMe.id/Sign Up Menu/Error Message/Text Phone Number contains an invalid number"), 30, STOP_ON_FAILURE): Object 'Object Repository/Web RoomMe.id/Sign Up Menu/Error Message/Text Phone Number contains an invalid number' is visible

2021-01-12 17:46:12 - [MESSAGE][PASSED] - Object 'Object Repository/Web RoomMe.id/Sign Up Menu/Error Message/Text Phone Number contains an invalid number' is visible

2021-01-12 17:46:12 - [TEST_STEP][PASSED] - sendKeys(findTestObject("Web RoomMe.id/Sign Up Menu/Textfield Phone Number"), Keys.chord(CONTROL, "a", BACK_SPACE)): Keys 'CONTROL + BACK_SPACE + a' sent to object: 'Object Repository/Web RoomMe.id/Sign Up Menu/Textfield Phone Number'

2021-01-12 17:46:12 - [MESSAGE][PASSED] - Keys 'CONTROL + BACK_SPACE + a' sent to object: 'Object Repository/Web RoomMe.id/Sign Up Menu/Textfield Phone Number'

2021-01-12 17:46:12 - [TEST_STEP][PASSED] - setText(findTestObject("Web RoomMe.id/Sign Up Menu/Textfield Phone Number"), "08123456 7890"): Text '08123456 7890' is set on object 'Object Repository/Web RoomMe.id/Sign Up Menu/Textfield Phone Number'

2021-01-12 17:46:12 - [MESSAGE][PASSED] - Text '08123456 7890' is set on object 'Object Repository/Web RoomMe.id/Sign Up Menu/Textfield Phone Number'

2021-01-12 17:46:12 - [TEST_STEP][NOT_RUN] - waitForElementVisible(findTestObject("Web RoomMe.id/Sign Up Menu/Error Message/Text Invalid phone number"), 30, STOP_ON_FAILURE): NOT_RUN: waitForElementVisible(findTestObject("Web RoomMe.id/Sign Up Menu/Error Message/Text Invalid phone number"), 30, STOP_ON_FAILURE)

2021-01-12 17:46:12 - [MESSAGE][NOT_RUN] - NOT_RUN: waitForElementVisible(findTestObject("Web RoomMe.id/Sign Up Menu/Error Message/Text Invalid phone number"), 30, STOP_ON_FAILURE)

2021-01-12 17:46:12 - [TEST_STEP][PASSED] - sendKeys(findTestObject("Web RoomMe.id/Sign Up Menu/Textfield Phone Number"), Keys.chord(CONTROL, "a", BACK_SPACE)): Keys 'CONTROL + BACK_SPACE + a' sent to object: 'Object Repository/Web RoomMe.id/Sign Up Menu/Textfield Phone Number'

2021-01-12 17:46:13 - [MESSAGE][PASSED] - Keys 'CONTROL + BACK_SPACE + a' sent to object: 'Object Repository/Web RoomMe.id/Sign Up Menu/Textfield Phone Number'

2021-01-12 17:46:13 - [TEST_STEP][PASSED] - setText(findTestObject("Web RoomMe.id/Sign Up Menu/Textfield Phone Number"), "!@#$%^&*()"): Text '!@#$%^&*()' is set on object 'Object Repository/Web RoomMe.id/Sign Up Menu/Textfield Phone Number'

2021-01-12 17:46:13 - [MESSAGE][PASSED] - Text '!@#$%^&*()' is set on object 'Object Repository/Web RoomMe.id/Sign Up Menu/Textfield Phone Number'

2021-01-12 17:46:13 - [TEST_STEP][PASSED] - waitForElementVisible(findTestObject("Web RoomMe.id/Sign Up Menu/Error Message/Text Phone is required"), 30, STOP_ON_FAILURE): Object 'Object Repository/Web RoomMe.id/Sign Up Menu/Error Message/Text Phone is required' is visible

2021-01-12 17:46:13 - [MESSAGE][PASSED] - Object 'Object Repository/Web RoomMe.id/Sign Up Menu/Error Message/Text Phone is required' is visible

2021-01-12 17:46:13 - [TEST_STEP][PASSED] - sendKeys(findTestObject("Web RoomMe.id/Sign Up Menu/Textfield Phone Number"), Keys.chord(CONTROL, "a", BACK_SPACE)): Keys 'CONTROL + BACK_SPACE + a' sent to object: 'Object Repository/Web RoomMe.id/Sign Up Menu/Textfield Phone Number'

2021-01-12 17:46:13 - [MESSAGE][PASSED] - Keys 'CONTROL + BACK_SPACE + a' sent to object: 'Object Repository/Web RoomMe.id/Sign Up Menu/Textfield Phone Number']]></system-out>
         <system-err><![CDATA[]]></system-err>
      </testcase>
      <testcase name="Test Cases/Web RoomMe.id/2. Sign Up/6. Customer Input Password with Invalid Format" time="35.791" classname="Test Cases/Web RoomMe.id/2. Sign Up/6. Customer Input Password with Invalid Format" status="PASSED">
         <system-out><![CDATA[2021-01-12 17:46:13 - [TEST_CASE][PASSED] - Test Cases/Web RoomMe.id/2. Sign Up/6. Customer Input Password with Invalid Format: Test Cases/Web RoomMe.id/2. Sign Up/6. Customer Input Password with Invalid Format

2021-01-12 17:46:14 - [TEST_STEP][PASSED] - callTestCase(findTestCase("Web RoomMe.id/1. Homepage/1. Customer Access RoomMe Page"), [:], STOP_ON_FAILURE): Call Test Case 'Test Cases/Web RoomMe.id/1. Homepage/1. Customer Access RoomMe Page' successfully

2021-01-12 17:46:14 - [TEST_CASE][PASSED] - Test Cases/Web RoomMe.id/1. Homepage/1. Customer Access RoomMe Page: Test Cases/Web RoomMe.id/1. Homepage/1. Customer Access RoomMe Page

2021-01-12 17:46:14 - [TEST_STEP][PASSED] - openBrowser(url): Browser is opened with url: 'https://dev-web:w3BdEv-r0omM3@web.roomme.id'

2021-01-12 17:46:14 - [MESSAGE][WARNING] - A browser is already opened. Closing browser and opening a new one

2021-01-12 17:46:15 - [MESSAGE][INFO] - Starting 'Chrome' driver

2021-01-12 17:46:15 - [MESSAGE][INFO] - Action delay is set to 50 milliseconds

2021-01-12 17:46:38 - [MESSAGE][PASSED] - Browser is opened with url: 'https://dev-web:w3BdEv-r0omM3@web.roomme.id'

2021-01-12 17:46:38 - [TEST_STEP][PASSED] - maximizeWindow(): Current window maximized

2021-01-12 17:46:40 - [MESSAGE][PASSED] - Current window maximized

2021-01-12 17:46:40 - [TEST_STEP][PASSED] - waitForPageLoad(0): Wait for page load successfully

2021-01-12 17:46:40 - [MESSAGE][WARNING] - Timeout '0' is invalid. Using default page load timeout: '1'

2021-01-12 17:46:41 - [MESSAGE][PASSED] - Wait for page load successfully

2021-01-12 17:46:41 - [TEST_STEP][PASSED] - click(findTestObject("Web RoomMe.id/RoomMe.id Homepage/Button Close banner StaytoWin")): Object: 'Object Repository/Web RoomMe.id/RoomMe.id Homepage/Button Close banner StaytoWin' is clicked on

2021-01-12 17:46:41 - [MESSAGE][PASSED] - Object: 'Object Repository/Web RoomMe.id/RoomMe.id Homepage/Button Close banner StaytoWin' is clicked on

2021-01-12 17:46:41 - [MESSAGE][PASSED] - Call Test Case 'Test Cases/Web RoomMe.id/1. Homepage/1. Customer Access RoomMe Page' successfully

2021-01-12 17:46:41 - [TEST_STEP][NOT_RUN] - callTestCase(findTestCase("Web RoomMe.id/1. Homepage/2. Verify Header RoomMe.id"), [:], STOP_ON_FAILURE): NOT_RUN: callTestCase(findTestCase("Web RoomMe.id/1. Homepage/2. Verify Header RoomMe.id"), [:], STOP_ON_FAILURE)

2021-01-12 17:46:41 - [MESSAGE][NOT_RUN] - NOT_RUN: callTestCase(findTestCase("Web RoomMe.id/1. Homepage/2. Verify Header RoomMe.id"), [:], STOP_ON_FAILURE)

2021-01-12 17:46:41 - [TEST_STEP][PASSED] - click(findTestObject("Web RoomMe.id/RoomMe.id Header/Button Sign In")): Object: 'Object Repository/Web RoomMe.id/RoomMe.id Header/Button Sign In' is clicked on

2021-01-12 17:46:41 - [MESSAGE][PASSED] - Object: 'Object Repository/Web RoomMe.id/RoomMe.id Header/Button Sign In' is clicked on

2021-01-12 17:46:41 - [TEST_STEP][PASSED] - waitForElementVisible(findTestObject("Web RoomMe.id/Sign In Menu/Button Sign Up"), 0): Object 'Object Repository/Web RoomMe.id/Sign In Menu/Button Sign Up' is visible

2021-01-12 17:46:41 - [MESSAGE][WARNING] - Timeout '0' is invalid. Using default page load timeout: '1'

2021-01-12 17:46:41 - [MESSAGE][PASSED] - Object 'Object Repository/Web RoomMe.id/Sign In Menu/Button Sign Up' is visible

2021-01-12 17:46:41 - [TEST_STEP][PASSED] - click(findTestObject("Web RoomMe.id/Sign In Menu/Button Sign Up")): Object: 'Object Repository/Web RoomMe.id/Sign In Menu/Button Sign Up' is clicked on

2021-01-12 17:46:42 - [MESSAGE][PASSED] - Object: 'Object Repository/Web RoomMe.id/Sign In Menu/Button Sign Up' is clicked on

2021-01-12 17:46:42 - [TEST_STEP][PASSED] - callTestCase(findTestCase("Web RoomMe.id/2. Sign Up/Verify Sign Up Menu"), [:], STOP_ON_FAILURE): Call Test Case 'Test Cases/Web RoomMe.id/2. Sign Up/Verify Sign Up Menu' successfully

2021-01-12 17:46:42 - [TEST_CASE][PASSED] - Test Cases/Web RoomMe.id/2. Sign Up/Verify Sign Up Menu: Test Cases/Web RoomMe.id/2. Sign Up/Verify Sign Up Menu

2021-01-12 17:46:42 - [TEST_STEP][PASSED] - objectSubFolder = "Web RoomMe.id\Sign Up Menu\": null

2021-01-12 17:46:42 - [TEST_STEP][PASSED] - pathToObjRep = getProjectDir() + "\Object Repository\" + objectSubFolder: null

2021-01-12 17:46:42 - [TEST_STEP][PASSED] - yourObjects = new java.io.File(pathToObjRep): null

2021-01-12 17:46:42 - [TEST_STEP][PASSED] - fileNames = yourObjects.list(): null

2021-01-12 17:46:42 - [TEST_STEP][PASSED] - testObjects = new java.util.ArrayList(): null

2021-01-12 17:46:42 - [TEST_STEP][PASSED] - for ([i = 0, i < length, (i++)]): null

2021-01-12 17:46:42 - [TEST_STEP][PASSED] - if (fileNames[i].contains(".rs")): null

2021-01-12 17:46:42 - [TEST_STEP][PASSED] - fileNames[i] = fileNames[i].replace(".rs", ""): null

2021-01-12 17:46:42 - [TEST_STEP][PASSED] - testObjects.add(objectSubFolder + fileNames[i]): null

2021-01-12 17:46:42 - [TEST_STEP][PASSED] - if (fileNames[i].contains(".rs")): null

2021-01-12 17:46:42 - [TEST_STEP][PASSED] - fileNames[i] = fileNames[i].replace(".rs", ""): null

2021-01-12 17:46:42 - [TEST_STEP][PASSED] - testObjects.add(objectSubFolder + fileNames[i]): null

2021-01-12 17:46:42 - [TEST_STEP][PASSED] - if (fileNames[i].contains(".rs")): null

2021-01-12 17:46:42 - [TEST_STEP][PASSED] - if (fileNames[i].contains(".rs")): null

2021-01-12 17:46:42 - [TEST_STEP][PASSED] - fileNames[i] = fileNames[i].replace(".rs", ""): null

2021-01-12 17:46:42 - [TEST_STEP][PASSED] - testObjects.add(objectSubFolder + fileNames[i]): null

2021-01-12 17:46:42 - [TEST_STEP][PASSED] - if (fileNames[i].contains(".rs")): null

2021-01-12 17:46:42 - [TEST_STEP][PASSED] - if (fileNames[i].contains(".rs")): null

2021-01-12 17:46:42 - [TEST_STEP][PASSED] - fileNames[i] = fileNames[i].replace(".rs", ""): null

2021-01-12 17:46:42 - [TEST_STEP][PASSED] - testObjects.add(objectSubFolder + fileNames[i]): null

2021-01-12 17:46:42 - [TEST_STEP][PASSED] - if (fileNames[i].contains(".rs")): null

2021-01-12 17:46:42 - [TEST_STEP][PASSED] - fileNames[i] = fileNames[i].replace(".rs", ""): null

2021-01-12 17:46:42 - [TEST_STEP][PASSED] - testObjects.add(objectSubFolder + fileNames[i]): null

2021-01-12 17:46:42 - [TEST_STEP][PASSED] - if (fileNames[i].contains(".rs")): null

2021-01-12 17:46:42 - [TEST_STEP][PASSED] - fileNames[i] = fileNames[i].replace(".rs", ""): null

2021-01-12 17:46:42 - [TEST_STEP][PASSED] - testObjects.add(objectSubFolder + fileNames[i]): null

2021-01-12 17:46:42 - [TEST_STEP][PASSED] - if (fileNames[i].contains(".rs")): null

2021-01-12 17:46:42 - [TEST_STEP][PASSED] - fileNames[i] = fileNames[i].replace(".rs", ""): null

2021-01-12 17:46:42 - [TEST_STEP][PASSED] - testObjects.add(objectSubFolder + fileNames[i]): null

2021-01-12 17:46:42 - [TEST_STEP][PASSED] - if (fileNames[i].contains(".rs")): null

2021-01-12 17:46:42 - [TEST_STEP][PASSED] - fileNames[i] = fileNames[i].replace(".rs", ""): null

2021-01-12 17:46:42 - [TEST_STEP][PASSED] - testObjects.add(objectSubFolder + fileNames[i]): null

2021-01-12 17:46:42 - [TEST_STEP][PASSED] - if (fileNames[i].contains(".rs")): null

2021-01-12 17:46:42 - [TEST_STEP][PASSED] - fileNames[i] = fileNames[i].replace(".rs", ""): null

2021-01-12 17:46:42 - [TEST_STEP][PASSED] - testObjects.add(objectSubFolder + fileNames[i]): null

2021-01-12 17:46:42 - [TEST_STEP][PASSED] - if (fileNames[i].contains(".rs")): null

2021-01-12 17:46:42 - [TEST_STEP][PASSED] - fileNames[i] = fileNames[i].replace(".rs", ""): null

2021-01-12 17:46:42 - [TEST_STEP][PASSED] - testObjects.add(objectSubFolder + fileNames[i]): null

2021-01-12 17:46:42 - [TEST_STEP][PASSED] - if (fileNames[i].contains(".rs")): null

2021-01-12 17:46:42 - [TEST_STEP][PASSED] - fileNames[i] = fileNames[i].replace(".rs", ""): null

2021-01-12 17:46:42 - [TEST_STEP][PASSED] - testObjects.add(objectSubFolder + fileNames[i]): null

2021-01-12 17:46:42 - [TEST_STEP][PASSED] - if (fileNames[i].contains(".rs")): null

2021-01-12 17:46:42 - [TEST_STEP][PASSED] - fileNames[i] = fileNames[i].replace(".rs", ""): null

2021-01-12 17:46:42 - [TEST_STEP][PASSED] - testObjects.add(objectSubFolder + fileNames[i]): null

2021-01-12 17:46:42 - [TEST_STEP][PASSED] - if (fileNames[i].contains(".rs")): null

2021-01-12 17:46:42 - [TEST_STEP][PASSED] - fileNames[i] = fileNames[i].replace(".rs", ""): null

2021-01-12 17:46:42 - [TEST_STEP][PASSED] - testObjects.add(objectSubFolder + fileNames[i]): null

2021-01-12 17:46:42 - [TEST_STEP][PASSED] - for (String obj : testObjects): Object 'Object Repository/Web RoomMe.id\Sign Up Menu\Textfield Phone Number' is visible

2021-01-12 17:46:42 - [TEST_STEP][PASSED] - verifyElementVisible(findTestObject(obj)): Object 'Object Repository/Web RoomMe.id\Sign Up Menu\Button Sign In' is visible

2021-01-12 17:46:42 - [MESSAGE][PASSED] - Object 'Object Repository/Web RoomMe.id\Sign Up Menu\Button Sign In' is visible

2021-01-12 17:46:42 - [TEST_STEP][PASSED] - verifyElementVisible(findTestObject(obj)): Object 'Object Repository/Web RoomMe.id\Sign Up Menu\Button Sign Up' is visible

2021-01-12 17:46:42 - [MESSAGE][PASSED] - Object 'Object Repository/Web RoomMe.id\Sign Up Menu\Button Sign Up' is visible

2021-01-12 17:46:42 - [TEST_STEP][PASSED] - verifyElementVisible(findTestObject(obj)): Object 'Object Repository/Web RoomMe.id\Sign Up Menu\Name Textfield' is visible

2021-01-12 17:46:42 - [MESSAGE][PASSED] - Object 'Object Repository/Web RoomMe.id\Sign Up Menu\Name Textfield' is visible

2021-01-12 17:46:42 - [TEST_STEP][PASSED] - verifyElementVisible(findTestObject(obj)): Object 'Object Repository/Web RoomMe.id\Sign Up Menu\Text Are you have an account' is visible

2021-01-12 17:46:42 - [MESSAGE][PASSED] - Object 'Object Repository/Web RoomMe.id\Sign Up Menu\Text Are you have an account' is visible

2021-01-12 17:46:42 - [TEST_STEP][PASSED] - verifyElementVisible(findTestObject(obj)): Object 'Object Repository/Web RoomMe.id\Sign Up Menu\Text Confirm Password' is visible

2021-01-12 17:46:42 - [MESSAGE][PASSED] - Object 'Object Repository/Web RoomMe.id\Sign Up Menu\Text Confirm Password' is visible

2021-01-12 17:46:42 - [TEST_STEP][PASSED] - verifyElementVisible(findTestObject(obj)): Object 'Object Repository/Web RoomMe.id\Sign Up Menu\Text Email Address' is visible

2021-01-12 17:46:42 - [MESSAGE][PASSED] - Object 'Object Repository/Web RoomMe.id\Sign Up Menu\Text Email Address' is visible

2021-01-12 17:46:42 - [TEST_STEP][PASSED] - verifyElementVisible(findTestObject(obj)): Object 'Object Repository/Web RoomMe.id\Sign Up Menu\Text Full Name' is visible

2021-01-12 17:46:43 - [MESSAGE][PASSED] - Object 'Object Repository/Web RoomMe.id\Sign Up Menu\Text Full Name' is visible

2021-01-12 17:46:43 - [TEST_STEP][PASSED] - verifyElementVisible(findTestObject(obj)): Object 'Object Repository/Web RoomMe.id\Sign Up Menu\Text Password' is visible

2021-01-12 17:46:43 - [MESSAGE][PASSED] - Object 'Object Repository/Web RoomMe.id\Sign Up Menu\Text Password' is visible

2021-01-12 17:46:43 - [TEST_STEP][PASSED] - verifyElementVisible(findTestObject(obj)): Object 'Object Repository/Web RoomMe.id\Sign Up Menu\Text Phone Number' is visible

2021-01-12 17:46:43 - [MESSAGE][PASSED] - Object 'Object Repository/Web RoomMe.id\Sign Up Menu\Text Phone Number' is visible

2021-01-12 17:46:43 - [TEST_STEP][PASSED] - verifyElementVisible(findTestObject(obj)): Object 'Object Repository/Web RoomMe.id\Sign Up Menu\Textfield Confirm Password' is visible

2021-01-12 17:46:43 - [MESSAGE][PASSED] - Object 'Object Repository/Web RoomMe.id\Sign Up Menu\Textfield Confirm Password' is visible

2021-01-12 17:46:43 - [TEST_STEP][PASSED] - verifyElementVisible(findTestObject(obj)): Object 'Object Repository/Web RoomMe.id\Sign Up Menu\Textfield Email' is visible

2021-01-12 17:46:43 - [MESSAGE][PASSED] - Object 'Object Repository/Web RoomMe.id\Sign Up Menu\Textfield Email' is visible

2021-01-12 17:46:43 - [TEST_STEP][PASSED] - verifyElementVisible(findTestObject(obj)): Object 'Object Repository/Web RoomMe.id\Sign Up Menu\Textfield Password' is visible

2021-01-12 17:46:43 - [MESSAGE][PASSED] - Object 'Object Repository/Web RoomMe.id\Sign Up Menu\Textfield Password' is visible

2021-01-12 17:46:43 - [TEST_STEP][PASSED] - verifyElementVisible(findTestObject(obj)): Object 'Object Repository/Web RoomMe.id\Sign Up Menu\Textfield Phone Number' is visible

2021-01-12 17:46:43 - [MESSAGE][PASSED] - Object 'Object Repository/Web RoomMe.id\Sign Up Menu\Textfield Phone Number' is visible

2021-01-12 17:46:43 - [MESSAGE][PASSED] - Call Test Case 'Test Cases/Web RoomMe.id/2. Sign Up/Verify Sign Up Menu' successfully

2021-01-12 17:46:43 - [TEST_STEP][PASSED] - waitForElementVisible(findTestObject("Web RoomMe.id/Sign Up Menu/Textfield Password"), 30, STOP_ON_FAILURE): Object 'Object Repository/Web RoomMe.id/Sign Up Menu/Textfield Password' is visible

2021-01-12 17:46:43 - [MESSAGE][PASSED] - Object 'Object Repository/Web RoomMe.id/Sign Up Menu/Textfield Password' is visible

2021-01-12 17:46:43 - [TEST_STEP][PASSED] - setText(findTestObject("Web RoomMe.id/Sign Up Menu/Textfield Password"), "abc"): Text 'abc' is set on object 'Object Repository/Web RoomMe.id/Sign Up Menu/Textfield Password'

2021-01-12 17:46:44 - [MESSAGE][PASSED] - Text 'abc' is set on object 'Object Repository/Web RoomMe.id/Sign Up Menu/Textfield Password'

2021-01-12 17:46:44 - [TEST_STEP][PASSED] - waitForElementVisible(findTestObject("Web RoomMe.id/Sign Up Menu/Error Message/Text Minimum Password Required is 6 Characters"), 0): Object 'Object Repository/Web RoomMe.id/Sign Up Menu/Error Message/Text Minimum Password Required is 6 Characters' is visible

2021-01-12 17:46:44 - [MESSAGE][WARNING] - Timeout '0' is invalid. Using default page load timeout: '1'

2021-01-12 17:46:44 - [MESSAGE][PASSED] - Object 'Object Repository/Web RoomMe.id/Sign Up Menu/Error Message/Text Minimum Password Required is 6 Characters' is visible

2021-01-12 17:46:44 - [TEST_STEP][PASSED] - sendKeys(findTestObject("Web RoomMe.id/Sign Up Menu/Textfield Password"), Keys.chord(CONTROL, "a", BACK_SPACE)): Keys 'CONTROL + BACK_SPACE + a' sent to object: 'Object Repository/Web RoomMe.id/Sign Up Menu/Textfield Password'

2021-01-12 17:46:44 - [MESSAGE][PASSED] - Keys 'CONTROL + BACK_SPACE + a' sent to object: 'Object Repository/Web RoomMe.id/Sign Up Menu/Textfield Password'

2021-01-12 17:46:44 - [TEST_STEP][PASSED] - setText(findTestObject("Web RoomMe.id/Sign Up Menu/Textfield Password"), "123"): Text '123' is set on object 'Object Repository/Web RoomMe.id/Sign Up Menu/Textfield Password'

2021-01-12 17:46:45 - [MESSAGE][PASSED] - Text '123' is set on object 'Object Repository/Web RoomMe.id/Sign Up Menu/Textfield Password'

2021-01-12 17:46:45 - [TEST_STEP][PASSED] - waitForElementVisible(findTestObject("Web RoomMe.id/Sign Up Menu/Error Message/Text Minimum Password Required is 6 Characters"), 0): Object 'Object Repository/Web RoomMe.id/Sign Up Menu/Error Message/Text Minimum Password Required is 6 Characters' is visible

2021-01-12 17:46:45 - [MESSAGE][WARNING] - Timeout '0' is invalid. Using default page load timeout: '1'

2021-01-12 17:46:45 - [MESSAGE][PASSED] - Object 'Object Repository/Web RoomMe.id/Sign Up Menu/Error Message/Text Minimum Password Required is 6 Characters' is visible

2021-01-12 17:46:45 - [TEST_STEP][PASSED] - sendKeys(findTestObject("Web RoomMe.id/Sign Up Menu/Textfield Password"), Keys.chord(CONTROL, "a", BACK_SPACE)): Keys 'CONTROL + BACK_SPACE + a' sent to object: 'Object Repository/Web RoomMe.id/Sign Up Menu/Textfield Password'

2021-01-12 17:46:46 - [MESSAGE][PASSED] - Keys 'CONTROL + BACK_SPACE + a' sent to object: 'Object Repository/Web RoomMe.id/Sign Up Menu/Textfield Password'

2021-01-12 17:46:46 - [TEST_STEP][PASSED] - setText(findTestObject("Web RoomMe.id/Sign Up Menu/Textfield Password"), "!@#"): Text '!@#' is set on object 'Object Repository/Web RoomMe.id/Sign Up Menu/Textfield Password'

2021-01-12 17:46:46 - [MESSAGE][PASSED] - Text '!@#' is set on object 'Object Repository/Web RoomMe.id/Sign Up Menu/Textfield Password'

2021-01-12 17:46:46 - [TEST_STEP][PASSED] - waitForElementVisible(findTestObject("Web RoomMe.id/Sign Up Menu/Error Message/Text Minimum Password Required is 6 Characters"), 0): Object 'Object Repository/Web RoomMe.id/Sign Up Menu/Error Message/Text Minimum Password Required is 6 Characters' is visible

2021-01-12 17:46:46 - [MESSAGE][WARNING] - Timeout '0' is invalid. Using default page load timeout: '1'

2021-01-12 17:46:47 - [MESSAGE][PASSED] - Object 'Object Repository/Web RoomMe.id/Sign Up Menu/Error Message/Text Minimum Password Required is 6 Characters' is visible

2021-01-12 17:46:47 - [TEST_STEP][PASSED] - sendKeys(findTestObject("Web RoomMe.id/Sign Up Menu/Textfield Password"), Keys.chord(CONTROL, "a", BACK_SPACE)): Keys 'CONTROL + BACK_SPACE + a' sent to object: 'Object Repository/Web RoomMe.id/Sign Up Menu/Textfield Password'

2021-01-12 17:46:47 - [MESSAGE][PASSED] - Keys 'CONTROL + BACK_SPACE + a' sent to object: 'Object Repository/Web RoomMe.id/Sign Up Menu/Textfield Password'

2021-01-12 17:46:47 - [TEST_STEP][PASSED] - sendKeys(findTestObject("Web RoomMe.id/Sign Up Menu/Textfield Password"), "       "): Keys '       ' sent to object: 'Object Repository/Web RoomMe.id/Sign Up Menu/Textfield Password'

2021-01-12 17:46:47 - [MESSAGE][PASSED] - Keys '       ' sent to object: 'Object Repository/Web RoomMe.id/Sign Up Menu/Textfield Password'

2021-01-12 17:46:47 - [TEST_STEP][PASSED] - waitForElementVisible(findTestObject("Web RoomMe.id/Sign Up Menu/Error Message/Text Password is required"), 0): Object 'Object Repository/Web RoomMe.id/Sign Up Menu/Error Message/Text Password is required' is visible

2021-01-12 17:46:47 - [MESSAGE][WARNING] - Timeout '0' is invalid. Using default page load timeout: '1'

2021-01-12 17:46:48 - [MESSAGE][PASSED] - Object 'Object Repository/Web RoomMe.id/Sign Up Menu/Error Message/Text Password is required' is visible

2021-01-12 17:46:48 - [TEST_STEP][PASSED] - sendKeys(findTestObject("Web RoomMe.id/Sign Up Menu/Textfield Password"), Keys.chord(CONTROL, "a", BACK_SPACE)): Keys 'CONTROL + BACK_SPACE + a' sent to object: 'Object Repository/Web RoomMe.id/Sign Up Menu/Textfield Password'

2021-01-12 17:46:48 - [MESSAGE][PASSED] - Keys 'CONTROL + BACK_SPACE + a' sent to object: 'Object Repository/Web RoomMe.id/Sign Up Menu/Textfield Password'

2021-01-12 17:46:48 - [TEST_STEP][PASSED] - setText(findTestObject("Web RoomMe.id/Sign Up Menu/Textfield Password"), "abcde1234512345"): Text 'abcde1234512345' is set on object 'Object Repository/Web RoomMe.id/Sign Up Menu/Textfield Password'

2021-01-12 17:46:48 - [MESSAGE][PASSED] - Text 'abcde1234512345' is set on object 'Object Repository/Web RoomMe.id/Sign Up Menu/Textfield Password'

2021-01-12 17:46:48 - [TEST_STEP][PASSED] - waitForElementVisible(findTestObject("Web RoomMe.id/Sign Up Menu/Error Message/Text Limit Password Characters has Reached"), 0): Object 'Object Repository/Web RoomMe.id/Sign Up Menu/Error Message/Text Limit Password Characters has Reached' is visible

2021-01-12 17:46:48 - [MESSAGE][WARNING] - Timeout '0' is invalid. Using default page load timeout: '1'

2021-01-12 17:46:49 - [MESSAGE][PASSED] - Object 'Object Repository/Web RoomMe.id/Sign Up Menu/Error Message/Text Limit Password Characters has Reached' is visible

2021-01-12 17:46:49 - [TEST_STEP][PASSED] - sendKeys(findTestObject("Web RoomMe.id/Sign Up Menu/Textfield Password"), Keys.chord(CONTROL, "a", BACK_SPACE)): Keys 'CONTROL + BACK_SPACE + a' sent to object: 'Object Repository/Web RoomMe.id/Sign Up Menu/Textfield Password'

2021-01-12 17:46:49 - [MESSAGE][PASSED] - Keys 'CONTROL + BACK_SPACE + a' sent to object: 'Object Repository/Web RoomMe.id/Sign Up Menu/Textfield Password']]></system-out>
         <system-err><![CDATA[]]></system-err>
      </testcase>
      <testcase name="Test Cases/Web RoomMe.id/2. Sign Up/7. Customer Input Confirm Password with Invalid Format" time="31.915" classname="Test Cases/Web RoomMe.id/2. Sign Up/7. Customer Input Confirm Password with Invalid Format" status="PASSED">
         <system-out><![CDATA[2021-01-12 17:46:49 - [TEST_CASE][PASSED] - Test Cases/Web RoomMe.id/2. Sign Up/7. Customer Input Confirm Password with Invalid Format: Test Cases/Web RoomMe.id/2. Sign Up/7. Customer Input Confirm Password with Invalid Format

2021-01-12 17:46:49 - [TEST_STEP][PASSED] - callTestCase(findTestCase("Web RoomMe.id/1. Homepage/1. Customer Access RoomMe Page"), [:], STOP_ON_FAILURE): Call Test Case 'Test Cases/Web RoomMe.id/1. Homepage/1. Customer Access RoomMe Page' successfully

2021-01-12 17:46:49 - [TEST_CASE][PASSED] - Test Cases/Web RoomMe.id/1. Homepage/1. Customer Access RoomMe Page: Test Cases/Web RoomMe.id/1. Homepage/1. Customer Access RoomMe Page

2021-01-12 17:46:49 - [TEST_STEP][PASSED] - openBrowser(url): Browser is opened with url: 'https://dev-web:w3BdEv-r0omM3@web.roomme.id'

2021-01-12 17:46:49 - [MESSAGE][WARNING] - A browser is already opened. Closing browser and opening a new one

2021-01-12 17:46:50 - [MESSAGE][INFO] - Starting 'Chrome' driver

2021-01-12 17:46:50 - [MESSAGE][INFO] - Action delay is set to 50 milliseconds

2021-01-12 17:47:14 - [MESSAGE][PASSED] - Browser is opened with url: 'https://dev-web:w3BdEv-r0omM3@web.roomme.id'

2021-01-12 17:47:14 - [TEST_STEP][PASSED] - maximizeWindow(): Current window maximized

2021-01-12 17:47:16 - [MESSAGE][PASSED] - Current window maximized

2021-01-12 17:47:16 - [TEST_STEP][PASSED] - waitForPageLoad(0): Wait for page load successfully

2021-01-12 17:47:16 - [MESSAGE][WARNING] - Timeout '0' is invalid. Using default page load timeout: '1'

2021-01-12 17:47:17 - [MESSAGE][PASSED] - Wait for page load successfully

2021-01-12 17:47:17 - [TEST_STEP][PASSED] - click(findTestObject("Web RoomMe.id/RoomMe.id Homepage/Button Close banner StaytoWin")): Object: 'Object Repository/Web RoomMe.id/RoomMe.id Homepage/Button Close banner StaytoWin' is clicked on

2021-01-12 17:47:17 - [MESSAGE][PASSED] - Object: 'Object Repository/Web RoomMe.id/RoomMe.id Homepage/Button Close banner StaytoWin' is clicked on

2021-01-12 17:47:17 - [MESSAGE][PASSED] - Call Test Case 'Test Cases/Web RoomMe.id/1. Homepage/1. Customer Access RoomMe Page' successfully

2021-01-12 17:47:17 - [TEST_STEP][NOT_RUN] - callTestCase(findTestCase("Web RoomMe.id/1. Homepage/2. Verify Header RoomMe.id"), [:], STOP_ON_FAILURE): NOT_RUN: callTestCase(findTestCase("Web RoomMe.id/1. Homepage/2. Verify Header RoomMe.id"), [:], STOP_ON_FAILURE)

2021-01-12 17:47:17 - [MESSAGE][NOT_RUN] - NOT_RUN: callTestCase(findTestCase("Web RoomMe.id/1. Homepage/2. Verify Header RoomMe.id"), [:], STOP_ON_FAILURE)

2021-01-12 17:47:17 - [TEST_STEP][PASSED] - click(findTestObject("Web RoomMe.id/RoomMe.id Header/Button Sign In")): Object: 'Object Repository/Web RoomMe.id/RoomMe.id Header/Button Sign In' is clicked on

2021-01-12 17:47:17 - [MESSAGE][PASSED] - Object: 'Object Repository/Web RoomMe.id/RoomMe.id Header/Button Sign In' is clicked on

2021-01-12 17:47:17 - [TEST_STEP][PASSED] - waitForElementVisible(findTestObject("Web RoomMe.id/Sign In Menu/Button Sign Up"), 0): Object 'Object Repository/Web RoomMe.id/Sign In Menu/Button Sign Up' is visible

2021-01-12 17:47:17 - [MESSAGE][WARNING] - Timeout '0' is invalid. Using default page load timeout: '1'

2021-01-12 17:47:17 - [MESSAGE][PASSED] - Object 'Object Repository/Web RoomMe.id/Sign In Menu/Button Sign Up' is visible

2021-01-12 17:47:17 - [TEST_STEP][PASSED] - click(findTestObject("Web RoomMe.id/Sign In Menu/Button Sign Up")): Object: 'Object Repository/Web RoomMe.id/Sign In Menu/Button Sign Up' is clicked on

2021-01-12 17:47:18 - [MESSAGE][PASSED] - Object: 'Object Repository/Web RoomMe.id/Sign In Menu/Button Sign Up' is clicked on

2021-01-12 17:47:18 - [TEST_STEP][PASSED] - callTestCase(findTestCase("Web RoomMe.id/2. Sign Up/Verify Sign Up Menu"), [:], STOP_ON_FAILURE): Call Test Case 'Test Cases/Web RoomMe.id/2. Sign Up/Verify Sign Up Menu' successfully

2021-01-12 17:47:18 - [TEST_CASE][PASSED] - Test Cases/Web RoomMe.id/2. Sign Up/Verify Sign Up Menu: Test Cases/Web RoomMe.id/2. Sign Up/Verify Sign Up Menu

2021-01-12 17:47:18 - [TEST_STEP][PASSED] - objectSubFolder = "Web RoomMe.id\Sign Up Menu\": null

2021-01-12 17:47:18 - [TEST_STEP][PASSED] - pathToObjRep = getProjectDir() + "\Object Repository\" + objectSubFolder: null

2021-01-12 17:47:18 - [TEST_STEP][PASSED] - yourObjects = new java.io.File(pathToObjRep): null

2021-01-12 17:47:18 - [TEST_STEP][PASSED] - fileNames = yourObjects.list(): null

2021-01-12 17:47:18 - [TEST_STEP][PASSED] - testObjects = new java.util.ArrayList(): null

2021-01-12 17:47:18 - [TEST_STEP][PASSED] - for ([i = 0, i < length, (i++)]): null

2021-01-12 17:47:18 - [TEST_STEP][PASSED] - if (fileNames[i].contains(".rs")): null

2021-01-12 17:47:18 - [TEST_STEP][PASSED] - fileNames[i] = fileNames[i].replace(".rs", ""): null

2021-01-12 17:47:18 - [TEST_STEP][PASSED] - testObjects.add(objectSubFolder + fileNames[i]): null

2021-01-12 17:47:18 - [TEST_STEP][PASSED] - if (fileNames[i].contains(".rs")): null

2021-01-12 17:47:18 - [TEST_STEP][PASSED] - fileNames[i] = fileNames[i].replace(".rs", ""): null

2021-01-12 17:47:18 - [TEST_STEP][PASSED] - testObjects.add(objectSubFolder + fileNames[i]): null

2021-01-12 17:47:18 - [TEST_STEP][PASSED] - if (fileNames[i].contains(".rs")): null

2021-01-12 17:47:18 - [TEST_STEP][PASSED] - if (fileNames[i].contains(".rs")): null

2021-01-12 17:47:18 - [TEST_STEP][PASSED] - fileNames[i] = fileNames[i].replace(".rs", ""): null

2021-01-12 17:47:18 - [TEST_STEP][PASSED] - testObjects.add(objectSubFolder + fileNames[i]): null

2021-01-12 17:47:18 - [TEST_STEP][PASSED] - if (fileNames[i].contains(".rs")): null

2021-01-12 17:47:18 - [TEST_STEP][PASSED] - if (fileNames[i].contains(".rs")): null

2021-01-12 17:47:18 - [TEST_STEP][PASSED] - fileNames[i] = fileNames[i].replace(".rs", ""): null

2021-01-12 17:47:18 - [TEST_STEP][PASSED] - testObjects.add(objectSubFolder + fileNames[i]): null

2021-01-12 17:47:18 - [TEST_STEP][PASSED] - if (fileNames[i].contains(".rs")): null

2021-01-12 17:47:18 - [TEST_STEP][PASSED] - fileNames[i] = fileNames[i].replace(".rs", ""): null

2021-01-12 17:47:18 - [TEST_STEP][PASSED] - testObjects.add(objectSubFolder + fileNames[i]): null

2021-01-12 17:47:18 - [TEST_STEP][PASSED] - if (fileNames[i].contains(".rs")): null

2021-01-12 17:47:18 - [TEST_STEP][PASSED] - fileNames[i] = fileNames[i].replace(".rs", ""): null

2021-01-12 17:47:18 - [TEST_STEP][PASSED] - testObjects.add(objectSubFolder + fileNames[i]): null

2021-01-12 17:47:18 - [TEST_STEP][PASSED] - if (fileNames[i].contains(".rs")): null

2021-01-12 17:47:18 - [TEST_STEP][PASSED] - fileNames[i] = fileNames[i].replace(".rs", ""): null

2021-01-12 17:47:18 - [TEST_STEP][PASSED] - testObjects.add(objectSubFolder + fileNames[i]): null

2021-01-12 17:47:18 - [TEST_STEP][PASSED] - if (fileNames[i].contains(".rs")): null

2021-01-12 17:47:18 - [TEST_STEP][PASSED] - fileNames[i] = fileNames[i].replace(".rs", ""): null

2021-01-12 17:47:18 - [TEST_STEP][PASSED] - testObjects.add(objectSubFolder + fileNames[i]): null

2021-01-12 17:47:18 - [TEST_STEP][PASSED] - if (fileNames[i].contains(".rs")): null

2021-01-12 17:47:18 - [TEST_STEP][PASSED] - fileNames[i] = fileNames[i].replace(".rs", ""): null

2021-01-12 17:47:18 - [TEST_STEP][PASSED] - testObjects.add(objectSubFolder + fileNames[i]): null

2021-01-12 17:47:18 - [TEST_STEP][PASSED] - if (fileNames[i].contains(".rs")): null

2021-01-12 17:47:18 - [TEST_STEP][PASSED] - fileNames[i] = fileNames[i].replace(".rs", ""): null

2021-01-12 17:47:18 - [TEST_STEP][PASSED] - testObjects.add(objectSubFolder + fileNames[i]): null

2021-01-12 17:47:18 - [TEST_STEP][PASSED] - if (fileNames[i].contains(".rs")): null

2021-01-12 17:47:18 - [TEST_STEP][PASSED] - fileNames[i] = fileNames[i].replace(".rs", ""): null

2021-01-12 17:47:18 - [TEST_STEP][PASSED] - testObjects.add(objectSubFolder + fileNames[i]): null

2021-01-12 17:47:18 - [TEST_STEP][PASSED] - if (fileNames[i].contains(".rs")): null

2021-01-12 17:47:18 - [TEST_STEP][PASSED] - fileNames[i] = fileNames[i].replace(".rs", ""): null

2021-01-12 17:47:18 - [TEST_STEP][PASSED] - testObjects.add(objectSubFolder + fileNames[i]): null

2021-01-12 17:47:18 - [TEST_STEP][PASSED] - if (fileNames[i].contains(".rs")): null

2021-01-12 17:47:18 - [TEST_STEP][PASSED] - fileNames[i] = fileNames[i].replace(".rs", ""): null

2021-01-12 17:47:18 - [TEST_STEP][PASSED] - testObjects.add(objectSubFolder + fileNames[i]): null

2021-01-12 17:47:18 - [TEST_STEP][PASSED] - for (String obj : testObjects): Object 'Object Repository/Web RoomMe.id\Sign Up Menu\Textfield Phone Number' is visible

2021-01-12 17:47:18 - [TEST_STEP][PASSED] - verifyElementVisible(findTestObject(obj)): Object 'Object Repository/Web RoomMe.id\Sign Up Menu\Button Sign In' is visible

2021-01-12 17:47:18 - [MESSAGE][PASSED] - Object 'Object Repository/Web RoomMe.id\Sign Up Menu\Button Sign In' is visible

2021-01-12 17:47:18 - [TEST_STEP][PASSED] - verifyElementVisible(findTestObject(obj)): Object 'Object Repository/Web RoomMe.id\Sign Up Menu\Button Sign Up' is visible

2021-01-12 17:47:18 - [MESSAGE][PASSED] - Object 'Object Repository/Web RoomMe.id\Sign Up Menu\Button Sign Up' is visible

2021-01-12 17:47:18 - [TEST_STEP][PASSED] - verifyElementVisible(findTestObject(obj)): Object 'Object Repository/Web RoomMe.id\Sign Up Menu\Name Textfield' is visible

2021-01-12 17:47:18 - [MESSAGE][PASSED] - Object 'Object Repository/Web RoomMe.id\Sign Up Menu\Name Textfield' is visible

2021-01-12 17:47:18 - [TEST_STEP][PASSED] - verifyElementVisible(findTestObject(obj)): Object 'Object Repository/Web RoomMe.id\Sign Up Menu\Text Are you have an account' is visible

2021-01-12 17:47:18 - [MESSAGE][PASSED] - Object 'Object Repository/Web RoomMe.id\Sign Up Menu\Text Are you have an account' is visible

2021-01-12 17:47:18 - [TEST_STEP][PASSED] - verifyElementVisible(findTestObject(obj)): Object 'Object Repository/Web RoomMe.id\Sign Up Menu\Text Confirm Password' is visible

2021-01-12 17:47:18 - [MESSAGE][PASSED] - Object 'Object Repository/Web RoomMe.id\Sign Up Menu\Text Confirm Password' is visible

2021-01-12 17:47:18 - [TEST_STEP][PASSED] - verifyElementVisible(findTestObject(obj)): Object 'Object Repository/Web RoomMe.id\Sign Up Menu\Text Email Address' is visible

2021-01-12 17:47:19 - [MESSAGE][PASSED] - Object 'Object Repository/Web RoomMe.id\Sign Up Menu\Text Email Address' is visible

2021-01-12 17:47:19 - [TEST_STEP][PASSED] - verifyElementVisible(findTestObject(obj)): Object 'Object Repository/Web RoomMe.id\Sign Up Menu\Text Full Name' is visible

2021-01-12 17:47:19 - [MESSAGE][PASSED] - Object 'Object Repository/Web RoomMe.id\Sign Up Menu\Text Full Name' is visible

2021-01-12 17:47:19 - [TEST_STEP][PASSED] - verifyElementVisible(findTestObject(obj)): Object 'Object Repository/Web RoomMe.id\Sign Up Menu\Text Password' is visible

2021-01-12 17:47:19 - [MESSAGE][PASSED] - Object 'Object Repository/Web RoomMe.id\Sign Up Menu\Text Password' is visible

2021-01-12 17:47:19 - [TEST_STEP][PASSED] - verifyElementVisible(findTestObject(obj)): Object 'Object Repository/Web RoomMe.id\Sign Up Menu\Text Phone Number' is visible

2021-01-12 17:47:19 - [MESSAGE][PASSED] - Object 'Object Repository/Web RoomMe.id\Sign Up Menu\Text Phone Number' is visible

2021-01-12 17:47:19 - [TEST_STEP][PASSED] - verifyElementVisible(findTestObject(obj)): Object 'Object Repository/Web RoomMe.id\Sign Up Menu\Textfield Confirm Password' is visible

2021-01-12 17:47:19 - [MESSAGE][PASSED] - Object 'Object Repository/Web RoomMe.id\Sign Up Menu\Textfield Confirm Password' is visible

2021-01-12 17:47:19 - [TEST_STEP][PASSED] - verifyElementVisible(findTestObject(obj)): Object 'Object Repository/Web RoomMe.id\Sign Up Menu\Textfield Email' is visible

2021-01-12 17:47:19 - [MESSAGE][PASSED] - Object 'Object Repository/Web RoomMe.id\Sign Up Menu\Textfield Email' is visible

2021-01-12 17:47:19 - [TEST_STEP][PASSED] - verifyElementVisible(findTestObject(obj)): Object 'Object Repository/Web RoomMe.id\Sign Up Menu\Textfield Password' is visible

2021-01-12 17:47:19 - [MESSAGE][PASSED] - Object 'Object Repository/Web RoomMe.id\Sign Up Menu\Textfield Password' is visible

2021-01-12 17:47:19 - [TEST_STEP][PASSED] - verifyElementVisible(findTestObject(obj)): Object 'Object Repository/Web RoomMe.id\Sign Up Menu\Textfield Phone Number' is visible

2021-01-12 17:47:20 - [MESSAGE][PASSED] - Object 'Object Repository/Web RoomMe.id\Sign Up Menu\Textfield Phone Number' is visible

2021-01-12 17:47:20 - [MESSAGE][PASSED] - Call Test Case 'Test Cases/Web RoomMe.id/2. Sign Up/Verify Sign Up Menu' successfully

2021-01-12 17:47:20 - [TEST_STEP][PASSED] - waitForElementVisible(findTestObject("Web RoomMe.id/Sign Up Menu/Textfield Confirm Password"), 30, STOP_ON_FAILURE): Object 'Object Repository/Web RoomMe.id/Sign Up Menu/Textfield Confirm Password' is visible

2021-01-12 17:47:20 - [MESSAGE][PASSED] - Object 'Object Repository/Web RoomMe.id/Sign Up Menu/Textfield Confirm Password' is visible

2021-01-12 17:47:20 - [TEST_STEP][PASSED] - waitForElementVisible(findTestObject("Web RoomMe.id/Sign Up Menu/Textfield Password"), 30, STOP_ON_FAILURE): Object 'Object Repository/Web RoomMe.id/Sign Up Menu/Textfield Password' is visible

2021-01-12 17:47:20 - [MESSAGE][PASSED] - Object 'Object Repository/Web RoomMe.id/Sign Up Menu/Textfield Password' is visible

2021-01-12 17:47:20 - [TEST_STEP][PASSED] - setText(findTestObject("Web RoomMe.id/Sign Up Menu/Textfield Password"), "Abc123!"): Text 'Abc123!' is set on object 'Object Repository/Web RoomMe.id/Sign Up Menu/Textfield Password'

2021-01-12 17:47:20 - [MESSAGE][PASSED] - Text 'Abc123!' is set on object 'Object Repository/Web RoomMe.id/Sign Up Menu/Textfield Password'

2021-01-12 17:47:20 - [TEST_STEP][PASSED] - setText(findTestObject("Web RoomMe.id/Sign Up Menu/Textfield Confirm Password"), "abcdef"): Text 'abcdef' is set on object 'Object Repository/Web RoomMe.id/Sign Up Menu/Textfield Confirm Password'

2021-01-12 17:47:21 - [MESSAGE][PASSED] - Text 'abcdef' is set on object 'Object Repository/Web RoomMe.id/Sign Up Menu/Textfield Confirm Password'

2021-01-12 17:47:21 - [TEST_STEP][PASSED] - waitForElementVisible(findTestObject("Web RoomMe.id/Sign Up Menu/Error Message/Text Password and confirmation password dont match"), 0): Object 'Object Repository/Web RoomMe.id/Sign Up Menu/Error Message/Text Password and confirmation password dont match' is visible

2021-01-12 17:47:21 - [MESSAGE][WARNING] - Timeout '0' is invalid. Using default page load timeout: '1'

2021-01-12 17:47:21 - [MESSAGE][PASSED] - Object 'Object Repository/Web RoomMe.id/Sign Up Menu/Error Message/Text Password and confirmation password dont match' is visible]]></system-out>
         <system-err><![CDATA[]]></system-err>
      </testcase>
      <testcase name="Test Cases/Web RoomMe.id/2. Sign Up/8. Sign Up with Already Registered Email" time="22.133" classname="Test Cases/Web RoomMe.id/2. Sign Up/8. Sign Up with Already Registered Email" status="PASSED">
         <system-out><![CDATA[2021-01-12 17:47:21 - [TEST_CASE][PASSED] - Test Cases/Web RoomMe.id/2. Sign Up/8. Sign Up with Already Registered Email: Test Cases/Web RoomMe.id/2. Sign Up/8. Sign Up with Already Registered Email

2021-01-12 17:47:21 - [TEST_STEP][PASSED] - callTestCase(findTestCase("Web RoomMe.id/1. Homepage/1. Customer Access RoomMe Page"), [:], STOP_ON_FAILURE): Call Test Case 'Test Cases/Web RoomMe.id/1. Homepage/1. Customer Access RoomMe Page' successfully

2021-01-12 17:47:21 - [TEST_CASE][PASSED] - Test Cases/Web RoomMe.id/1. Homepage/1. Customer Access RoomMe Page: Test Cases/Web RoomMe.id/1. Homepage/1. Customer Access RoomMe Page

2021-01-12 17:47:21 - [TEST_STEP][PASSED] - openBrowser(url): Browser is opened with url: 'https://dev-web:w3BdEv-r0omM3@web.roomme.id'

2021-01-12 17:47:21 - [MESSAGE][WARNING] - A browser is already opened. Closing browser and opening a new one

2021-01-12 17:47:22 - [MESSAGE][INFO] - Starting 'Chrome' driver

2021-01-12 17:47:22 - [MESSAGE][INFO] - Action delay is set to 50 milliseconds

2021-01-12 17:47:34 - [MESSAGE][PASSED] - Browser is opened with url: 'https://dev-web:w3BdEv-r0omM3@web.roomme.id'

2021-01-12 17:47:34 - [TEST_STEP][PASSED] - maximizeWindow(): Current window maximized

2021-01-12 17:47:36 - [MESSAGE][PASSED] - Current window maximized

2021-01-12 17:47:36 - [TEST_STEP][PASSED] - waitForPageLoad(0): Wait for page load successfully

2021-01-12 17:47:36 - [MESSAGE][WARNING] - Timeout '0' is invalid. Using default page load timeout: '1'

2021-01-12 17:47:37 - [MESSAGE][PASSED] - Wait for page load successfully

2021-01-12 17:47:37 - [TEST_STEP][PASSED] - click(findTestObject("Web RoomMe.id/RoomMe.id Homepage/Button Close banner StaytoWin")): Object: 'Object Repository/Web RoomMe.id/RoomMe.id Homepage/Button Close banner StaytoWin' is clicked on

2021-01-12 17:47:37 - [MESSAGE][PASSED] - Object: 'Object Repository/Web RoomMe.id/RoomMe.id Homepage/Button Close banner StaytoWin' is clicked on

2021-01-12 17:47:37 - [MESSAGE][PASSED] - Call Test Case 'Test Cases/Web RoomMe.id/1. Homepage/1. Customer Access RoomMe Page' successfully

2021-01-12 17:47:37 - [TEST_STEP][NOT_RUN] - callTestCase(findTestCase("Web RoomMe.id/1. Homepage/2. Verify Header RoomMe.id"), [:], STOP_ON_FAILURE): NOT_RUN: callTestCase(findTestCase("Web RoomMe.id/1. Homepage/2. Verify Header RoomMe.id"), [:], STOP_ON_FAILURE)

2021-01-12 17:47:37 - [MESSAGE][NOT_RUN] - NOT_RUN: callTestCase(findTestCase("Web RoomMe.id/1. Homepage/2. Verify Header RoomMe.id"), [:], STOP_ON_FAILURE)

2021-01-12 17:47:37 - [TEST_STEP][PASSED] - click(findTestObject("Web RoomMe.id/RoomMe.id Header/Button Sign In")): Object: 'Object Repository/Web RoomMe.id/RoomMe.id Header/Button Sign In' is clicked on

2021-01-12 17:47:37 - [MESSAGE][PASSED] - Object: 'Object Repository/Web RoomMe.id/RoomMe.id Header/Button Sign In' is clicked on

2021-01-12 17:47:37 - [TEST_STEP][PASSED] - waitForElementVisible(findTestObject("Web RoomMe.id/Sign In Menu/Button Sign Up"), 0): Object 'Object Repository/Web RoomMe.id/Sign In Menu/Button Sign Up' is visible

2021-01-12 17:47:37 - [MESSAGE][WARNING] - Timeout '0' is invalid. Using default page load timeout: '1'

2021-01-12 17:47:37 - [MESSAGE][PASSED] - Object 'Object Repository/Web RoomMe.id/Sign In Menu/Button Sign Up' is visible

2021-01-12 17:47:37 - [TEST_STEP][PASSED] - click(findTestObject("Web RoomMe.id/Sign In Menu/Button Sign Up")): Object: 'Object Repository/Web RoomMe.id/Sign In Menu/Button Sign Up' is clicked on

2021-01-12 17:47:38 - [MESSAGE][PASSED] - Object: 'Object Repository/Web RoomMe.id/Sign In Menu/Button Sign Up' is clicked on

2021-01-12 17:47:38 - [TEST_STEP][PASSED] - callTestCase(findTestCase("Web RoomMe.id/2. Sign Up/Verify Sign Up Menu"), [:], STOP_ON_FAILURE): Call Test Case 'Test Cases/Web RoomMe.id/2. Sign Up/Verify Sign Up Menu' successfully

2021-01-12 17:47:38 - [TEST_CASE][PASSED] - Test Cases/Web RoomMe.id/2. Sign Up/Verify Sign Up Menu: Test Cases/Web RoomMe.id/2. Sign Up/Verify Sign Up Menu

2021-01-12 17:47:38 - [TEST_STEP][PASSED] - objectSubFolder = "Web RoomMe.id\Sign Up Menu\": null

2021-01-12 17:47:38 - [TEST_STEP][PASSED] - pathToObjRep = getProjectDir() + "\Object Repository\" + objectSubFolder: null

2021-01-12 17:47:38 - [TEST_STEP][PASSED] - yourObjects = new java.io.File(pathToObjRep): null

2021-01-12 17:47:38 - [TEST_STEP][PASSED] - fileNames = yourObjects.list(): null

2021-01-12 17:47:38 - [TEST_STEP][PASSED] - testObjects = new java.util.ArrayList(): null

2021-01-12 17:47:38 - [TEST_STEP][PASSED] - for ([i = 0, i < length, (i++)]): null

2021-01-12 17:47:38 - [TEST_STEP][PASSED] - if (fileNames[i].contains(".rs")): null

2021-01-12 17:47:38 - [TEST_STEP][PASSED] - fileNames[i] = fileNames[i].replace(".rs", ""): null

2021-01-12 17:47:38 - [TEST_STEP][PASSED] - testObjects.add(objectSubFolder + fileNames[i]): null

2021-01-12 17:47:38 - [TEST_STEP][PASSED] - if (fileNames[i].contains(".rs")): null

2021-01-12 17:47:38 - [TEST_STEP][PASSED] - fileNames[i] = fileNames[i].replace(".rs", ""): null

2021-01-12 17:47:38 - [TEST_STEP][PASSED] - testObjects.add(objectSubFolder + fileNames[i]): null

2021-01-12 17:47:38 - [TEST_STEP][PASSED] - if (fileNames[i].contains(".rs")): null

2021-01-12 17:47:38 - [TEST_STEP][PASSED] - if (fileNames[i].contains(".rs")): null

2021-01-12 17:47:38 - [TEST_STEP][PASSED] - fileNames[i] = fileNames[i].replace(".rs", ""): null

2021-01-12 17:47:38 - [TEST_STEP][PASSED] - testObjects.add(objectSubFolder + fileNames[i]): null

2021-01-12 17:47:38 - [TEST_STEP][PASSED] - if (fileNames[i].contains(".rs")): null

2021-01-12 17:47:38 - [TEST_STEP][PASSED] - if (fileNames[i].contains(".rs")): null

2021-01-12 17:47:38 - [TEST_STEP][PASSED] - fileNames[i] = fileNames[i].replace(".rs", ""): null

2021-01-12 17:47:38 - [TEST_STEP][PASSED] - testObjects.add(objectSubFolder + fileNames[i]): null

2021-01-12 17:47:38 - [TEST_STEP][PASSED] - if (fileNames[i].contains(".rs")): null

2021-01-12 17:47:38 - [TEST_STEP][PASSED] - fileNames[i] = fileNames[i].replace(".rs", ""): null

2021-01-12 17:47:38 - [TEST_STEP][PASSED] - testObjects.add(objectSubFolder + fileNames[i]): null

2021-01-12 17:47:38 - [TEST_STEP][PASSED] - if (fileNames[i].contains(".rs")): null

2021-01-12 17:47:38 - [TEST_STEP][PASSED] - fileNames[i] = fileNames[i].replace(".rs", ""): null

2021-01-12 17:47:38 - [TEST_STEP][PASSED] - testObjects.add(objectSubFolder + fileNames[i]): null

2021-01-12 17:47:38 - [TEST_STEP][PASSED] - if (fileNames[i].contains(".rs")): null

2021-01-12 17:47:38 - [TEST_STEP][PASSED] - fileNames[i] = fileNames[i].replace(".rs", ""): null

2021-01-12 17:47:38 - [TEST_STEP][PASSED] - testObjects.add(objectSubFolder + fileNames[i]): null

2021-01-12 17:47:38 - [TEST_STEP][PASSED] - if (fileNames[i].contains(".rs")): null

2021-01-12 17:47:38 - [TEST_STEP][PASSED] - fileNames[i] = fileNames[i].replace(".rs", ""): null

2021-01-12 17:47:38 - [TEST_STEP][PASSED] - testObjects.add(objectSubFolder + fileNames[i]): null

2021-01-12 17:47:38 - [TEST_STEP][PASSED] - if (fileNames[i].contains(".rs")): null

2021-01-12 17:47:38 - [TEST_STEP][PASSED] - fileNames[i] = fileNames[i].replace(".rs", ""): null

2021-01-12 17:47:38 - [TEST_STEP][PASSED] - testObjects.add(objectSubFolder + fileNames[i]): null

2021-01-12 17:47:38 - [TEST_STEP][PASSED] - if (fileNames[i].contains(".rs")): null

2021-01-12 17:47:38 - [TEST_STEP][PASSED] - fileNames[i] = fileNames[i].replace(".rs", ""): null

2021-01-12 17:47:38 - [TEST_STEP][PASSED] - testObjects.add(objectSubFolder + fileNames[i]): null

2021-01-12 17:47:38 - [TEST_STEP][PASSED] - if (fileNames[i].contains(".rs")): null

2021-01-12 17:47:38 - [TEST_STEP][PASSED] - fileNames[i] = fileNames[i].replace(".rs", ""): null

2021-01-12 17:47:38 - [TEST_STEP][PASSED] - testObjects.add(objectSubFolder + fileNames[i]): null

2021-01-12 17:47:38 - [TEST_STEP][PASSED] - if (fileNames[i].contains(".rs")): null

2021-01-12 17:47:38 - [TEST_STEP][PASSED] - fileNames[i] = fileNames[i].replace(".rs", ""): null

2021-01-12 17:47:38 - [TEST_STEP][PASSED] - testObjects.add(objectSubFolder + fileNames[i]): null

2021-01-12 17:47:38 - [TEST_STEP][PASSED] - if (fileNames[i].contains(".rs")): null

2021-01-12 17:47:38 - [TEST_STEP][PASSED] - fileNames[i] = fileNames[i].replace(".rs", ""): null

2021-01-12 17:47:38 - [TEST_STEP][PASSED] - testObjects.add(objectSubFolder + fileNames[i]): null

2021-01-12 17:47:38 - [TEST_STEP][PASSED] - for (String obj : testObjects): Object 'Object Repository/Web RoomMe.id\Sign Up Menu\Textfield Phone Number' is visible

2021-01-12 17:47:38 - [TEST_STEP][PASSED] - verifyElementVisible(findTestObject(obj)): Object 'Object Repository/Web RoomMe.id\Sign Up Menu\Button Sign In' is visible

2021-01-12 17:47:38 - [MESSAGE][PASSED] - Object 'Object Repository/Web RoomMe.id\Sign Up Menu\Button Sign In' is visible

2021-01-12 17:47:38 - [TEST_STEP][PASSED] - verifyElementVisible(findTestObject(obj)): Object 'Object Repository/Web RoomMe.id\Sign Up Menu\Button Sign Up' is visible

2021-01-12 17:47:38 - [MESSAGE][PASSED] - Object 'Object Repository/Web RoomMe.id\Sign Up Menu\Button Sign Up' is visible

2021-01-12 17:47:38 - [TEST_STEP][PASSED] - verifyElementVisible(findTestObject(obj)): Object 'Object Repository/Web RoomMe.id\Sign Up Menu\Name Textfield' is visible

2021-01-12 17:47:38 - [MESSAGE][PASSED] - Object 'Object Repository/Web RoomMe.id\Sign Up Menu\Name Textfield' is visible

2021-01-12 17:47:38 - [TEST_STEP][PASSED] - verifyElementVisible(findTestObject(obj)): Object 'Object Repository/Web RoomMe.id\Sign Up Menu\Text Are you have an account' is visible

2021-01-12 17:47:38 - [MESSAGE][PASSED] - Object 'Object Repository/Web RoomMe.id\Sign Up Menu\Text Are you have an account' is visible

2021-01-12 17:47:38 - [TEST_STEP][PASSED] - verifyElementVisible(findTestObject(obj)): Object 'Object Repository/Web RoomMe.id\Sign Up Menu\Text Confirm Password' is visible

2021-01-12 17:47:38 - [MESSAGE][PASSED] - Object 'Object Repository/Web RoomMe.id\Sign Up Menu\Text Confirm Password' is visible

2021-01-12 17:47:38 - [TEST_STEP][PASSED] - verifyElementVisible(findTestObject(obj)): Object 'Object Repository/Web RoomMe.id\Sign Up Menu\Text Email Address' is visible

2021-01-12 17:47:39 - [MESSAGE][PASSED] - Object 'Object Repository/Web RoomMe.id\Sign Up Menu\Text Email Address' is visible

2021-01-12 17:47:39 - [TEST_STEP][PASSED] - verifyElementVisible(findTestObject(obj)): Object 'Object Repository/Web RoomMe.id\Sign Up Menu\Text Full Name' is visible

2021-01-12 17:47:39 - [MESSAGE][PASSED] - Object 'Object Repository/Web RoomMe.id\Sign Up Menu\Text Full Name' is visible

2021-01-12 17:47:39 - [TEST_STEP][PASSED] - verifyElementVisible(findTestObject(obj)): Object 'Object Repository/Web RoomMe.id\Sign Up Menu\Text Password' is visible

2021-01-12 17:47:39 - [MESSAGE][PASSED] - Object 'Object Repository/Web RoomMe.id\Sign Up Menu\Text Password' is visible

2021-01-12 17:47:39 - [TEST_STEP][PASSED] - verifyElementVisible(findTestObject(obj)): Object 'Object Repository/Web RoomMe.id\Sign Up Menu\Text Phone Number' is visible

2021-01-12 17:47:39 - [MESSAGE][PASSED] - Object 'Object Repository/Web RoomMe.id\Sign Up Menu\Text Phone Number' is visible

2021-01-12 17:47:39 - [TEST_STEP][PASSED] - verifyElementVisible(findTestObject(obj)): Object 'Object Repository/Web RoomMe.id\Sign Up Menu\Textfield Confirm Password' is visible

2021-01-12 17:47:39 - [MESSAGE][PASSED] - Object 'Object Repository/Web RoomMe.id\Sign Up Menu\Textfield Confirm Password' is visible

2021-01-12 17:47:39 - [TEST_STEP][PASSED] - verifyElementVisible(findTestObject(obj)): Object 'Object Repository/Web RoomMe.id\Sign Up Menu\Textfield Email' is visible

2021-01-12 17:47:39 - [MESSAGE][PASSED] - Object 'Object Repository/Web RoomMe.id\Sign Up Menu\Textfield Email' is visible

2021-01-12 17:47:39 - [TEST_STEP][PASSED] - verifyElementVisible(findTestObject(obj)): Object 'Object Repository/Web RoomMe.id\Sign Up Menu\Textfield Password' is visible

2021-01-12 17:47:40 - [MESSAGE][PASSED] - Object 'Object Repository/Web RoomMe.id\Sign Up Menu\Textfield Password' is visible

2021-01-12 17:47:40 - [TEST_STEP][PASSED] - verifyElementVisible(findTestObject(obj)): Object 'Object Repository/Web RoomMe.id\Sign Up Menu\Textfield Phone Number' is visible

2021-01-12 17:47:40 - [MESSAGE][PASSED] - Object 'Object Repository/Web RoomMe.id\Sign Up Menu\Textfield Phone Number' is visible

2021-01-12 17:47:40 - [MESSAGE][PASSED] - Call Test Case 'Test Cases/Web RoomMe.id/2. Sign Up/Verify Sign Up Menu' successfully

2021-01-12 17:47:40 - [TEST_STEP][PASSED] - waitForElementVisible(findTestObject("Web RoomMe.id/Sign Up Menu/Name Textfield"), 0): Object 'Object Repository/Web RoomMe.id/Sign Up Menu/Name Textfield' is visible

2021-01-12 17:47:40 - [MESSAGE][WARNING] - Timeout '0' is invalid. Using default page load timeout: '1'

2021-01-12 17:47:40 - [MESSAGE][PASSED] - Object 'Object Repository/Web RoomMe.id/Sign Up Menu/Name Textfield' is visible

2021-01-12 17:47:40 - [TEST_STEP][PASSED] - setText(findTestObject("Web RoomMe.id/Sign Up Menu/Name Textfield"), "Faldi Test AT"): Text 'Faldi Test AT' is set on object 'Object Repository/Web RoomMe.id/Sign Up Menu/Name Textfield'

2021-01-12 17:47:40 - [MESSAGE][PASSED] - Text 'Faldi Test AT' is set on object 'Object Repository/Web RoomMe.id/Sign Up Menu/Name Textfield'

2021-01-12 17:47:40 - [TEST_STEP][NOT_RUN] - getAttribute(findTestObject("Web RoomMe.id/Sign Up Menu/Name Textfield"), "tag"): NOT_RUN: getAttribute(findTestObject("Web RoomMe.id/Sign Up Menu/Name Textfield"), "tag")

2021-01-12 17:47:40 - [MESSAGE][NOT_RUN] - NOT_RUN: getAttribute(findTestObject("Web RoomMe.id/Sign Up Menu/Name Textfield"), "tag")

2021-01-12 17:47:40 - [TEST_STEP][NOT_RUN] - namauser = concatenate(findTestObject("Web RoomMe.id/Sign Up Menu/Name Textfield")): NOT_RUN: namauser = concatenate(findTestObject("Web RoomMe.id/Sign Up Menu/Name Textfield"))

2021-01-12 17:47:40 - [MESSAGE][NOT_RUN] - NOT_RUN: namauser = concatenate(findTestObject("Web RoomMe.id/Sign Up Menu/Name Textfield"))

2021-01-12 17:47:40 - [TEST_STEP][PASSED] - setText(findTestObject("Web RoomMe.id/Sign Up Menu/Textfield Email"), "faldidev@getnada.com"): Text 'faldidev@getnada.com' is set on object 'Object Repository/Web RoomMe.id/Sign Up Menu/Textfield Email'

2021-01-12 17:47:41 - [MESSAGE][PASSED] - Text 'faldidev@getnada.com' is set on object 'Object Repository/Web RoomMe.id/Sign Up Menu/Textfield Email'

2021-01-12 17:47:41 - [TEST_STEP][PASSED] - setText(findTestObject("Web RoomMe.id/Sign Up Menu/Textfield Phone Number"), "081234567890"): Text '081234567890' is set on object 'Object Repository/Web RoomMe.id/Sign Up Menu/Textfield Phone Number'

2021-01-12 17:47:42 - [MESSAGE][PASSED] - Text '081234567890' is set on object 'Object Repository/Web RoomMe.id/Sign Up Menu/Textfield Phone Number'

2021-01-12 17:47:42 - [TEST_STEP][PASSED] - setEncryptedText(findTestObject("Web RoomMe.id/Sign Up Menu/Textfield Password"), "da8fEzhczGg="): Text ****** has been set on object 'Object Repository/Web RoomMe.id/Sign Up Menu/Textfield Password'

2021-01-12 17:47:42 - [MESSAGE][PASSED] - Text ****** has been set on object 'Object Repository/Web RoomMe.id/Sign Up Menu/Textfield Password'

2021-01-12 17:47:42 - [TEST_STEP][PASSED] - setEncryptedText(findTestObject("Web RoomMe.id/Sign Up Menu/Textfield Confirm Password"), "da8fEzhczGg="): Text ****** has been set on object 'Object Repository/Web RoomMe.id/Sign Up Menu/Textfield Confirm Password'

2021-01-12 17:47:43 - [MESSAGE][PASSED] - Text ****** has been set on object 'Object Repository/Web RoomMe.id/Sign Up Menu/Textfield Confirm Password'

2021-01-12 17:47:43 - [TEST_STEP][PASSED] - click(findTestObject("Web RoomMe.id/Sign Up Menu/Button Sign Up")): Object: 'Object Repository/Web RoomMe.id/Sign Up Menu/Button Sign Up' is clicked on

2021-01-12 17:47:43 - [MESSAGE][PASSED] - Object: 'Object Repository/Web RoomMe.id/Sign Up Menu/Button Sign Up' is clicked on

2021-01-12 17:47:43 - [TEST_STEP][PASSED] - waitForElementVisible(findTestObject("Web RoomMe.id/Sign Up Menu/Error Message/Text Email already registered"), 0): Object 'Object Repository/Web RoomMe.id/Sign Up Menu/Error Message/Text Email already registered' is visible

2021-01-12 17:47:43 - [MESSAGE][WARNING] - Timeout '0' is invalid. Using default page load timeout: '1'

2021-01-12 17:47:43 - [MESSAGE][PASSED] - Object 'Object Repository/Web RoomMe.id/Sign Up Menu/Error Message/Text Email already registered' is visible]]></system-out>
         <system-err><![CDATA[]]></system-err>
      </testcase>
      <system-out><![CDATA[2021-01-12 17:43:55 - [TEST_SUITE][PASSED] - Customer Sign Up: Test Cases/Web RoomMe.id/2. Sign Up/8. Sign Up with Already Registered Email]]></system-out>
      <system-err><![CDATA[]]></system-err>
   </testsuite>
</testsuites>
