<?xml version="1.0" encoding="UTF-8"?>
<testsuites name="Customer Register in Community Page" time="357.699" tests="11" failures="0" errors="0">
   <testsuite name="Customer Register in Community Page" tests="11" failures="0" errors="0" time="357.699" timestamp="2020-05-26 11:51:52" hostname="Faldi - Alienware-X51" id="Test Suites/Web RoomMe.id/Customer Register in Community Page">
      <properties>
         <property name="deviceName" value=""/>
         <property name="devicePlatform" value=""/>
         <property name="logFolder" value="C:\\Users\\Faldi\\Katalon Studio\\katalonroomme\\Reports\\20200526_115144\\Web RoomMe.id\\Customer Register in Community Page\\20200526_115144"/>
         <property name="logFiles" value="C:\\Users\\Faldi\\Katalon Studio\\katalonroomme\\Reports\\20200526_115144\\Web RoomMe.id\\Customer Register in Community Page\\20200526_115144\\execution0.log"/>
         <property name="attachments" value=""/>
         <property name="hostName" value="Faldi - Alienware-X51"/>
         <property name="os" value="Windows 10 64bit"/>
         <property name="katalonVersion" value="7.2.9.1"/>
         <property name="browser" value="Chrome 83.0.4103.61"/>
         <property name="hostAddress" value="192.168.1.5"/>
         <property name="sessionId" value="6815ec56880b40959a97d74b9b3a2bd1"/>
         <property name="seleniumVersion" value="3.141.59"/>
         <property name="proxyInformation" value="ProxyInformation{proxyOption=NO_PROXY, proxyServerType=HTTP, password=, proxyServerAddress=, proxyServerPort=0, executionList=}"/>
         <property name="platform" value="Windows 10"/>
      </properties>
      <testcase name="Test Cases/Web RoomMe.id/20. Community Registration/10. Customer Register with Registered Email" time="30.769" classname="Test Cases/Web RoomMe.id/20. Community Registration/10. Customer Register with Registered Email" status="PASSED">
         <system-out><![CDATA[2020-05-26 11:51:53 - [TEST_CASE][PASSED] - Test Cases/Web RoomMe.id/20. Community Registration/10. Customer Register with Registered Email: Test Cases/Web RoomMe.id/20. Community Registration/10. Customer Register with Registered Email

2020-05-26 11:51:53 - [TEST_STEP][PASSED] - callTestCase(findTestCase("Web RoomMe.id/1. Homepage/1. Customer Access RoomMe Page"), [:], STOP_ON_FAILURE): Call Test Case 'Test Cases/Web RoomMe.id/1. Homepage/1. Customer Access RoomMe Page' successfully

2020-05-26 11:51:53 - [TEST_CASE][PASSED] - Test Cases/Web RoomMe.id/1. Homepage/1. Customer Access RoomMe Page: Test Cases/Web RoomMe.id/1. Homepage/1. Customer Access RoomMe Page

2020-05-26 11:51:53 - [TEST_STEP][PASSED] - openBrowser(url): Browser is opened with url: 'web.roomme.id'

2020-05-26 11:51:54 - [MESSAGE][INFO] - Starting 'Chrome' driver

2020-05-26 11:51:54 - [MESSAGE][INFO] - Action delay is set to 0 seconds

2020-05-26 11:52:03 - [MESSAGE][PASSED] - Browser is opened with url: 'web.roomme.id'

2020-05-26 11:52:03 - [TEST_STEP][PASSED] - maximizeWindow(): Current window maximized

2020-05-26 11:52:05 - [MESSAGE][PASSED] - Current window maximized

2020-05-26 11:52:05 - [TEST_STEP][PASSED] - waitForPageLoad(0): Wait for page load successfully

2020-05-26 11:52:05 - [MESSAGE][WARNING] - Timeout '0' is invalid. Using default page load timeout: '60'

2020-05-26 11:52:05 - [MESSAGE][PASSED] - Wait for page load successfully

2020-05-26 11:52:05 - [MESSAGE][PASSED] - Call Test Case 'Test Cases/Web RoomMe.id/1. Homepage/1. Customer Access RoomMe Page' successfully

2020-05-26 11:52:05 - [TEST_STEP][PASSED] - waitForElementVisible(findTestObject("Web RoomMe.id/RoomMe.id Header/Button Community"), 30): Object 'Object Repository/Web RoomMe.id/RoomMe.id Header/Button Community' is visible

2020-05-26 11:52:06 - [MESSAGE][PASSED] - Object 'Object Repository/Web RoomMe.id/RoomMe.id Header/Button Community' is visible

2020-05-26 11:52:06 - [TEST_STEP][PASSED] - click(findTestObject("Web RoomMe.id/RoomMe.id Header/Button Community")): Object: 'Object Repository/Web RoomMe.id/RoomMe.id Header/Button Community' is clicked on

2020-05-26 11:52:08 - [MESSAGE][PASSED] - Object: 'Object Repository/Web RoomMe.id/RoomMe.id Header/Button Community' is clicked on

2020-05-26 11:52:08 - [TEST_STEP][PASSED] - waitForPageLoad(0): Wait for page load successfully

2020-05-26 11:52:08 - [MESSAGE][WARNING] - Timeout '0' is invalid. Using default page load timeout: '60'

2020-05-26 11:52:08 - [MESSAGE][PASSED] - Wait for page load successfully

2020-05-26 11:52:08 - [TEST_STEP][PASSED] - waitForElementVisible(findTestObject("Web RoomMe.id/Community Page/Welcome Video/Video Events RoomMe"), 0): Object 'Object Repository/Web RoomMe.id/Community Page/Welcome Video/Video Events RoomMe' is visible

2020-05-26 11:52:08 - [MESSAGE][WARNING] - Timeout '0' is invalid. Using default page load timeout: '60'

2020-05-26 11:52:09 - [MESSAGE][PASSED] - Object 'Object Repository/Web RoomMe.id/Community Page/Welcome Video/Video Events RoomMe' is visible

2020-05-26 11:52:09 - [TEST_STEP][PASSED] - waitForElementVisible(findTestObject("Web RoomMe.id/Community Page/Welcome Video/Text JOIN OUR COMMUNITY"), 0): Object 'Object Repository/Web RoomMe.id/Community Page/Welcome Video/Text JOIN OUR COMMUNITY' is visible

2020-05-26 11:52:09 - [MESSAGE][WARNING] - Timeout '0' is invalid. Using default page load timeout: '60'

2020-05-26 11:52:09 - [MESSAGE][PASSED] - Object 'Object Repository/Web RoomMe.id/Community Page/Welcome Video/Text JOIN OUR COMMUNITY' is visible

2020-05-26 11:52:09 - [TEST_STEP][PASSED] - waitForElementVisible(findTestObject("Web RoomMe.id/Community Page/Welcome Video/Text And enjoy the benefits and features"), 0): Object 'Object Repository/Web RoomMe.id/Community Page/Welcome Video/Text And enjoy the benefits and features' is visible

2020-05-26 11:52:10 - [MESSAGE][WARNING] - Timeout '0' is invalid. Using default page load timeout: '60'

2020-05-26 11:52:10 - [MESSAGE][PASSED] - Object 'Object Repository/Web RoomMe.id/Community Page/Welcome Video/Text And enjoy the benefits and features' is visible

2020-05-26 11:52:10 - [TEST_STEP][PASSED] - waitForElementVisible(findTestObject("Web RoomMe.id/Community Page/Welcome Video/Button Continue on the Form Registration"), 0): Object 'Object Repository/Web RoomMe.id/Community Page/Welcome Video/Button Continue on the Form Registration' is visible

2020-05-26 11:52:10 - [MESSAGE][WARNING] - Timeout '0' is invalid. Using default page load timeout: '60'

2020-05-26 11:52:10 - [MESSAGE][PASSED] - Object 'Object Repository/Web RoomMe.id/Community Page/Welcome Video/Button Continue on the Form Registration' is visible

2020-05-26 11:52:10 - [TEST_STEP][PASSED] - click(findTestObject("Web RoomMe.id/Community Page/Welcome Video/Button Continue on the Form Registration"), STOP_ON_FAILURE): Object: 'Object Repository/Web RoomMe.id/Community Page/Welcome Video/Button Continue on the Form Registration' is clicked on

2020-05-26 11:52:11 - [MESSAGE][PASSED] - Object: 'Object Repository/Web RoomMe.id/Community Page/Welcome Video/Button Continue on the Form Registration' is clicked on

2020-05-26 11:52:11 - [TEST_STEP][PASSED] - callTestCase(findTestCase("Web RoomMe.id/20. Community Registration/1. Verify Registration Form"), [:], STOP_ON_FAILURE): Call Test Case 'Test Cases/Web RoomMe.id/20. Community Registration/1. Verify Registration Form' successfully

2020-05-26 11:52:11 - [TEST_CASE][PASSED] - Test Cases/Web RoomMe.id/20. Community Registration/1. Verify Registration Form: Test Cases/Web RoomMe.id/20. Community Registration/1. Verify Registration Form

2020-05-26 11:52:11 - [TEST_STEP][PASSED] - objectSubFolder = "Web RoomMe.id\Community Page\Community Registration\": null

2020-05-26 11:52:11 - [TEST_STEP][PASSED] - pathToObjRep = getProjectDir() + "\Object Repository\" + objectSubFolder: null

2020-05-26 11:52:11 - [TEST_STEP][PASSED] - yourObjects = new java.io.File(pathToObjRep): null

2020-05-26 11:52:11 - [TEST_STEP][PASSED] - fileNames = yourObjects.list(): null

2020-05-26 11:52:11 - [TEST_STEP][PASSED] - testObjects = new java.util.ArrayList(): null

2020-05-26 11:52:11 - [TEST_STEP][PASSED] - for ([i = 0, i < length, (i++)]): null

2020-05-26 11:52:11 - [TEST_STEP][PASSED] - if (fileNames[i].contains(".rs")): null

2020-05-26 11:52:11 - [TEST_STEP][PASSED] - if (fileNames[i].contains(".rs")): null

2020-05-26 11:52:11 - [TEST_STEP][PASSED] - fileNames[i] = fileNames[i].replace(".rs", ""): null

2020-05-26 11:52:11 - [TEST_STEP][PASSED] - testObjects.add(objectSubFolder + fileNames[i]): null

2020-05-26 11:52:11 - [TEST_STEP][PASSED] - if (fileNames[i].contains(".rs")): null

2020-05-26 11:52:11 - [TEST_STEP][PASSED] - fileNames[i] = fileNames[i].replace(".rs", ""): null

2020-05-26 11:52:11 - [TEST_STEP][PASSED] - testObjects.add(objectSubFolder + fileNames[i]): null

2020-05-26 11:52:11 - [TEST_STEP][PASSED] - if (fileNames[i].contains(".rs")): null

2020-05-26 11:52:11 - [TEST_STEP][PASSED] - if (fileNames[i].contains(".rs")): null

2020-05-26 11:52:11 - [TEST_STEP][PASSED] - fileNames[i] = fileNames[i].replace(".rs", ""): null

2020-05-26 11:52:11 - [TEST_STEP][PASSED] - testObjects.add(objectSubFolder + fileNames[i]): null

2020-05-26 11:52:11 - [TEST_STEP][PASSED] - if (fileNames[i].contains(".rs")): null

2020-05-26 11:52:11 - [TEST_STEP][PASSED] - fileNames[i] = fileNames[i].replace(".rs", ""): null

2020-05-26 11:52:11 - [TEST_STEP][PASSED] - testObjects.add(objectSubFolder + fileNames[i]): null

2020-05-26 11:52:11 - [TEST_STEP][PASSED] - if (fileNames[i].contains(".rs")): null

2020-05-26 11:52:11 - [TEST_STEP][PASSED] - fileNames[i] = fileNames[i].replace(".rs", ""): null

2020-05-26 11:52:11 - [TEST_STEP][PASSED] - testObjects.add(objectSubFolder + fileNames[i]): null

2020-05-26 11:52:11 - [TEST_STEP][PASSED] - if (fileNames[i].contains(".rs")): null

2020-05-26 11:52:11 - [TEST_STEP][PASSED] - if (fileNames[i].contains(".rs")): null

2020-05-26 11:52:11 - [TEST_STEP][PASSED] - fileNames[i] = fileNames[i].replace(".rs", ""): null

2020-05-26 11:52:11 - [TEST_STEP][PASSED] - testObjects.add(objectSubFolder + fileNames[i]): null

2020-05-26 11:52:11 - [TEST_STEP][PASSED] - if (fileNames[i].contains(".rs")): null

2020-05-26 11:52:11 - [TEST_STEP][PASSED] - fileNames[i] = fileNames[i].replace(".rs", ""): null

2020-05-26 11:52:11 - [TEST_STEP][PASSED] - testObjects.add(objectSubFolder + fileNames[i]): null

2020-05-26 11:52:11 - [TEST_STEP][PASSED] - if (fileNames[i].contains(".rs")): null

2020-05-26 11:52:11 - [TEST_STEP][PASSED] - fileNames[i] = fileNames[i].replace(".rs", ""): null

2020-05-26 11:52:11 - [TEST_STEP][PASSED] - testObjects.add(objectSubFolder + fileNames[i]): null

2020-05-26 11:52:11 - [TEST_STEP][PASSED] - if (fileNames[i].contains(".rs")): null

2020-05-26 11:52:11 - [TEST_STEP][PASSED] - fileNames[i] = fileNames[i].replace(".rs", ""): null

2020-05-26 11:52:11 - [TEST_STEP][PASSED] - testObjects.add(objectSubFolder + fileNames[i]): null

2020-05-26 11:52:11 - [TEST_STEP][PASSED] - if (fileNames[i].contains(".rs")): null

2020-05-26 11:52:11 - [TEST_STEP][PASSED] - fileNames[i] = fileNames[i].replace(".rs", ""): null

2020-05-26 11:52:11 - [TEST_STEP][PASSED] - testObjects.add(objectSubFolder + fileNames[i]): null

2020-05-26 11:52:11 - [TEST_STEP][PASSED] - if (fileNames[i].contains(".rs")): null

2020-05-26 11:52:11 - [TEST_STEP][PASSED] - fileNames[i] = fileNames[i].replace(".rs", ""): null

2020-05-26 11:52:11 - [TEST_STEP][PASSED] - testObjects.add(objectSubFolder + fileNames[i]): null

2020-05-26 11:52:11 - [TEST_STEP][PASSED] - if (fileNames[i].contains(".rs")): null

2020-05-26 11:52:11 - [TEST_STEP][PASSED] - fileNames[i] = fileNames[i].replace(".rs", ""): null

2020-05-26 11:52:11 - [TEST_STEP][PASSED] - testObjects.add(objectSubFolder + fileNames[i]): null

2020-05-26 11:52:11 - [TEST_STEP][PASSED] - if (fileNames[i].contains(".rs")): null

2020-05-26 11:52:11 - [TEST_STEP][PASSED] - fileNames[i] = fileNames[i].replace(".rs", ""): null

2020-05-26 11:52:11 - [TEST_STEP][PASSED] - testObjects.add(objectSubFolder + fileNames[i]): null

2020-05-26 11:52:12 - [TEST_STEP][PASSED] - if (fileNames[i].contains(".rs")): null

2020-05-26 11:52:12 - [TEST_STEP][PASSED] - fileNames[i] = fileNames[i].replace(".rs", ""): null

2020-05-26 11:52:12 - [TEST_STEP][PASSED] - testObjects.add(objectSubFolder + fileNames[i]): null

2020-05-26 11:52:12 - [TEST_STEP][PASSED] - if (fileNames[i].contains(".rs")): null

2020-05-26 11:52:12 - [TEST_STEP][PASSED] - fileNames[i] = fileNames[i].replace(".rs", ""): null

2020-05-26 11:52:12 - [TEST_STEP][PASSED] - testObjects.add(objectSubFolder + fileNames[i]): null

2020-05-26 11:52:12 - [TEST_STEP][PASSED] - if (fileNames[i].contains(".rs")): null

2020-05-26 11:52:12 - [TEST_STEP][PASSED] - fileNames[i] = fileNames[i].replace(".rs", ""): null

2020-05-26 11:52:12 - [TEST_STEP][PASSED] - testObjects.add(objectSubFolder + fileNames[i]): null

2020-05-26 11:52:12 - [TEST_STEP][PASSED] - for (String obj : testObjects): Object 'Object Repository/Web RoomMe.id\Community Page\Community Registration\Textfield Mobile Number' is visible

2020-05-26 11:52:12 - [TEST_STEP][PASSED] - verifyElementVisible(findTestObject(obj)): Object 'Object Repository/Web RoomMe.id\Community Page\Community Registration\Button Submit' is visible

2020-05-26 11:52:12 - [MESSAGE][PASSED] - Object 'Object Repository/Web RoomMe.id\Community Page\Community Registration\Button Submit' is visible

2020-05-26 11:52:12 - [TEST_STEP][PASSED] - verifyElementVisible(findTestObject(obj)): Object 'Object Repository/Web RoomMe.id\Community Page\Community Registration\Dropdown Interest' is visible

2020-05-26 11:52:12 - [MESSAGE][PASSED] - Object 'Object Repository/Web RoomMe.id\Community Page\Community Registration\Dropdown Interest' is visible

2020-05-26 11:52:12 - [TEST_STEP][PASSED] - verifyElementVisible(findTestObject(obj)): Object 'Object Repository/Web RoomMe.id\Community Page\Community Registration\Image 2020 RoomMe All Right Reserved' is visible

2020-05-26 11:52:13 - [MESSAGE][PASSED] - Object 'Object Repository/Web RoomMe.id\Community Page\Community Registration\Image 2020 RoomMe All Right Reserved' is visible

2020-05-26 11:52:13 - [TEST_STEP][PASSED] - verifyElementVisible(findTestObject(obj)): Object 'Object Repository/Web RoomMe.id\Community Page\Community Registration\RadioButton Female' is visible

2020-05-26 11:52:13 - [MESSAGE][PASSED] - Object 'Object Repository/Web RoomMe.id\Community Page\Community Registration\RadioButton Female' is visible

2020-05-26 11:52:13 - [TEST_STEP][PASSED] - verifyElementVisible(findTestObject(obj)): Object 'Object Repository/Web RoomMe.id\Community Page\Community Registration\RadioButton Male' is visible

2020-05-26 11:52:13 - [MESSAGE][PASSED] - Object 'Object Repository/Web RoomMe.id\Community Page\Community Registration\RadioButton Male' is visible

2020-05-26 11:52:13 - [TEST_STEP][PASSED] - verifyElementVisible(findTestObject(obj)): Object 'Object Repository/Web RoomMe.id\Community Page\Community Registration\Text Birthdate' is visible

2020-05-26 11:52:14 - [MESSAGE][PASSED] - Object 'Object Repository/Web RoomMe.id\Community Page\Community Registration\Text Birthdate' is visible

2020-05-26 11:52:14 - [TEST_STEP][PASSED] - verifyElementVisible(findTestObject(obj)): Object 'Object Repository/Web RoomMe.id\Community Page\Community Registration\Text Community Registration' is visible

2020-05-26 11:52:14 - [MESSAGE][PASSED] - Object 'Object Repository/Web RoomMe.id\Community Page\Community Registration\Text Community Registration' is visible

2020-05-26 11:52:14 - [TEST_STEP][PASSED] - verifyElementVisible(findTestObject(obj)): Object 'Object Repository/Web RoomMe.id\Community Page\Community Registration\Text Email Address' is visible

2020-05-26 11:52:14 - [MESSAGE][PASSED] - Object 'Object Repository/Web RoomMe.id\Community Page\Community Registration\Text Email Address' is visible

2020-05-26 11:52:14 - [TEST_STEP][PASSED] - verifyElementVisible(findTestObject(obj)): Object 'Object Repository/Web RoomMe.id\Community Page\Community Registration\Text Full Name' is visible

2020-05-26 11:52:14 - [MESSAGE][PASSED] - Object 'Object Repository/Web RoomMe.id\Community Page\Community Registration\Text Full Name' is visible

2020-05-26 11:52:14 - [TEST_STEP][PASSED] - verifyElementVisible(findTestObject(obj)): Object 'Object Repository/Web RoomMe.id\Community Page\Community Registration\Text Gender' is visible

2020-05-26 11:52:15 - [MESSAGE][PASSED] - Object 'Object Repository/Web RoomMe.id\Community Page\Community Registration\Text Gender' is visible

2020-05-26 11:52:15 - [TEST_STEP][PASSED] - verifyElementVisible(findTestObject(obj)): Object 'Object Repository/Web RoomMe.id\Community Page\Community Registration\Text Interest' is visible

2020-05-26 11:52:15 - [MESSAGE][PASSED] - Object 'Object Repository/Web RoomMe.id\Community Page\Community Registration\Text Interest' is visible

2020-05-26 11:52:15 - [TEST_STEP][PASSED] - verifyElementVisible(findTestObject(obj)): Object 'Object Repository/Web RoomMe.id\Community Page\Community Registration\Text Mobile Number' is visible

2020-05-26 11:52:15 - [MESSAGE][PASSED] - Object 'Object Repository/Web RoomMe.id\Community Page\Community Registration\Text Mobile Number' is visible

2020-05-26 11:52:15 - [TEST_STEP][PASSED] - verifyElementVisible(findTestObject(obj)): Object 'Object Repository/Web RoomMe.id\Community Page\Community Registration\Text The minimum age allowed is 17 years' is visible

2020-05-26 11:52:16 - [MESSAGE][PASSED] - Object 'Object Repository/Web RoomMe.id\Community Page\Community Registration\Text The minimum age allowed is 17 years' is visible

2020-05-26 11:52:16 - [TEST_STEP][PASSED] - verifyElementVisible(findTestObject(obj)): Object 'Object Repository/Web RoomMe.id\Community Page\Community Registration\Textfield Email Address' is visible

2020-05-26 11:52:16 - [MESSAGE][PASSED] - Object 'Object Repository/Web RoomMe.id\Community Page\Community Registration\Textfield Email Address' is visible

2020-05-26 11:52:16 - [TEST_STEP][PASSED] - verifyElementVisible(findTestObject(obj)): Object 'Object Repository/Web RoomMe.id\Community Page\Community Registration\Textfield Full Name' is visible

2020-05-26 11:52:16 - [MESSAGE][PASSED] - Object 'Object Repository/Web RoomMe.id\Community Page\Community Registration\Textfield Full Name' is visible

2020-05-26 11:52:16 - [TEST_STEP][PASSED] - verifyElementVisible(findTestObject(obj)): Object 'Object Repository/Web RoomMe.id\Community Page\Community Registration\Textfield Mobile Number' is visible

2020-05-26 11:52:17 - [MESSAGE][PASSED] - Object 'Object Repository/Web RoomMe.id\Community Page\Community Registration\Textfield Mobile Number' is visible

2020-05-26 11:52:17 - [MESSAGE][PASSED] - Call Test Case 'Test Cases/Web RoomMe.id/20. Community Registration/1. Verify Registration Form' successfully

2020-05-26 11:52:17 - [TEST_STEP][PASSED] - waitForElementVisible(findTestObject("Web RoomMe.id/Community Page/Community Registration/Textfield Full Name"), 0): Object 'Object Repository/Web RoomMe.id/Community Page/Community Registration/Textfield Full Name' is visible

2020-05-26 11:52:17 - [MESSAGE][WARNING] - Timeout '0' is invalid. Using default page load timeout: '60'

2020-05-26 11:52:17 - [MESSAGE][PASSED] - Object 'Object Repository/Web RoomMe.id/Community Page/Community Registration/Textfield Full Name' is visible

2020-05-26 11:52:17 - [TEST_STEP][PASSED] - sendKeys(findTestObject("Web RoomMe.id/Community Page/Community Registration/Textfield Full Name"), "Faldi AT"): Keys 'Faldi AT' sent to object: 'Object Repository/Web RoomMe.id/Community Page/Community Registration/Textfield Full Name'

2020-05-26 11:52:17 - [MESSAGE][PASSED] - Keys 'Faldi AT' sent to object: 'Object Repository/Web RoomMe.id/Community Page/Community Registration/Textfield Full Name'

2020-05-26 11:52:17 - [TEST_STEP][PASSED] - click(findTestObject("Web RoomMe.id/Community Page/Community Registration/RadioButton Male")): Object: 'Object Repository/Web RoomMe.id/Community Page/Community Registration/RadioButton Male' is clicked on

2020-05-26 11:52:18 - [MESSAGE][PASSED] - Object: 'Object Repository/Web RoomMe.id/Community Page/Community Registration/RadioButton Male' is clicked on

2020-05-26 11:52:18 - [TEST_STEP][PASSED] - click(findTestObject("Web RoomMe.id/Community Page/Community Registration/Birthdate Datepicker/Datepicker Birthdate_date (1)")): Object: 'Object Repository/Web RoomMe.id/Community Page/Community Registration/Birthdate Datepicker/Datepicker Birthdate_date (1)' is clicked on

2020-05-26 11:52:19 - [MESSAGE][PASSED] - Object: 'Object Repository/Web RoomMe.id/Community Page/Community Registration/Birthdate Datepicker/Datepicker Birthdate_date (1)' is clicked on

2020-05-26 11:52:19 - [TEST_STEP][PASSED] - click(findTestObject("Web RoomMe.id/Community Page/Community Registration/Birthdate Datepicker/Button Day 1")): Object: 'Object Repository/Web RoomMe.id/Community Page/Community Registration/Birthdate Datepicker/Button Day 1' is clicked on

2020-05-26 11:52:19 - [MESSAGE][PASSED] - Object: 'Object Repository/Web RoomMe.id/Community Page/Community Registration/Birthdate Datepicker/Button Day 1' is clicked on

2020-05-26 11:52:19 - [TEST_STEP][PASSED] - sendKeys(findTestObject("Web RoomMe.id/Community Page/Community Registration/Textfield Mobile Number"), "081234567890"): Keys '081234567890' sent to object: 'Object Repository/Web RoomMe.id/Community Page/Community Registration/Textfield Mobile Number'

2020-05-26 11:52:20 - [MESSAGE][PASSED] - Keys '081234567890' sent to object: 'Object Repository/Web RoomMe.id/Community Page/Community Registration/Textfield Mobile Number'

2020-05-26 11:52:20 - [TEST_STEP][PASSED] - sendKeys(findTestObject("Web RoomMe.id/Community Page/Community Registration/Textfield Email Address"), "faldidev@getnada.com"): Keys 'faldidev@getnada.com' sent to object: 'Object Repository/Web RoomMe.id/Community Page/Community Registration/Textfield Email Address'

2020-05-26 11:52:21 - [MESSAGE][PASSED] - Keys 'faldidev@getnada.com' sent to object: 'Object Repository/Web RoomMe.id/Community Page/Community Registration/Textfield Email Address'

2020-05-26 11:52:21 - [TEST_STEP][PASSED] - selectOptionByIndex(findTestObject("Web RoomMe.id/Community Page/Community Registration/Dropdown Interest"), "4"): All options with index in [4] are selected on object 'Object Repository/Web RoomMe.id/Community Page/Community Registration/Dropdown Interest'

2020-05-26 11:52:22 - [MESSAGE][PASSED] - All options with index in [4] are selected on object 'Object Repository/Web RoomMe.id/Community Page/Community Registration/Dropdown Interest'

2020-05-26 11:52:22 - [TEST_STEP][PASSED] - click(findTestObject("Web RoomMe.id/Community Page/Community Registration/Button Submit")): Object: 'Object Repository/Web RoomMe.id/Community Page/Community Registration/Button Submit' is clicked on

2020-05-26 11:52:23 - [MESSAGE][PASSED] - Object: 'Object Repository/Web RoomMe.id/Community Page/Community Registration/Button Submit' is clicked on

2020-05-26 11:52:23 - [TEST_STEP][PASSED] - waitForElementVisible(findTestObject("Web RoomMe.id/Community Page/Community Registration/Error Message/Text Email already registered"), 0): Object 'Object Repository/Web RoomMe.id/Community Page/Community Registration/Error Message/Text Email already registered' is visible

2020-05-26 11:52:23 - [MESSAGE][WARNING] - Timeout '0' is invalid. Using default page load timeout: '60'

2020-05-26 11:52:23 - [MESSAGE][PASSED] - Object 'Object Repository/Web RoomMe.id/Community Page/Community Registration/Error Message/Text Email already registered' is visible]]></system-out>
         <system-err><![CDATA[]]></system-err>
      </testcase>
      <testcase name="Test Cases/Web RoomMe.id/20. Community Registration/11. Customer Register with Invalid Email Data" time="37.315" classname="Test Cases/Web RoomMe.id/20. Community Registration/11. Customer Register with Invalid Email Data" status="PASSED">
         <system-out><![CDATA[2020-05-26 11:52:23 - [TEST_CASE][PASSED] - Test Cases/Web RoomMe.id/20. Community Registration/11. Customer Register with Invalid Email Data: Test Cases/Web RoomMe.id/20. Community Registration/11. Customer Register with Invalid Email Data

2020-05-26 11:52:24 - [TEST_STEP][PASSED] - callTestCase(findTestCase("Web RoomMe.id/6. Community/Customer Access Community Page"), [:], STOP_ON_FAILURE): Call Test Case 'Test Cases/Web RoomMe.id/6. Community/Customer Access Community Page' successfully

2020-05-26 11:52:24 - [TEST_CASE][PASSED] - Test Cases/Web RoomMe.id/6. Community/Customer Access Community Page: Test Cases/Web RoomMe.id/6. Community/Customer Access Community Page

2020-05-26 11:52:24 - [TEST_STEP][PASSED] - callTestCase(findTestCase("Web RoomMe.id/1. Homepage/1. Customer Access RoomMe Page"), [:], STOP_ON_FAILURE): Call Test Case 'Test Cases/Web RoomMe.id/1. Homepage/1. Customer Access RoomMe Page' successfully

2020-05-26 11:52:24 - [TEST_CASE][PASSED] - Test Cases/Web RoomMe.id/1. Homepage/1. Customer Access RoomMe Page: Test Cases/Web RoomMe.id/1. Homepage/1. Customer Access RoomMe Page

2020-05-26 11:52:24 - [TEST_STEP][PASSED] - openBrowser(url): Browser is opened with url: 'web.roomme.id'

2020-05-26 11:52:24 - [MESSAGE][WARNING] - A browser is already opened. Closing browser and opening a new one

2020-05-26 11:52:25 - [MESSAGE][INFO] - Starting 'Chrome' driver

2020-05-26 11:52:31 - [MESSAGE][PASSED] - Browser is opened with url: 'web.roomme.id'

2020-05-26 11:52:31 - [TEST_STEP][PASSED] - maximizeWindow(): Current window maximized

2020-05-26 11:52:34 - [MESSAGE][PASSED] - Current window maximized

2020-05-26 11:52:34 - [TEST_STEP][PASSED] - waitForPageLoad(0): Wait for page load successfully

2020-05-26 11:52:34 - [MESSAGE][WARNING] - Timeout '0' is invalid. Using default page load timeout: '60'

2020-05-26 11:52:34 - [MESSAGE][PASSED] - Wait for page load successfully

2020-05-26 11:52:34 - [MESSAGE][PASSED] - Call Test Case 'Test Cases/Web RoomMe.id/1. Homepage/1. Customer Access RoomMe Page' successfully

2020-05-26 11:52:34 - [TEST_STEP][PASSED] - waitForElementVisible(findTestObject("Web RoomMe.id/RoomMe.id Header/Button Community"), 30): Object 'Object Repository/Web RoomMe.id/RoomMe.id Header/Button Community' is visible

2020-05-26 11:52:34 - [MESSAGE][PASSED] - Object 'Object Repository/Web RoomMe.id/RoomMe.id Header/Button Community' is visible

2020-05-26 11:52:34 - [TEST_STEP][PASSED] - click(findTestObject("Web RoomMe.id/RoomMe.id Header/Button Community")): Object: 'Object Repository/Web RoomMe.id/RoomMe.id Header/Button Community' is clicked on

2020-05-26 11:52:36 - [MESSAGE][PASSED] - Object: 'Object Repository/Web RoomMe.id/RoomMe.id Header/Button Community' is clicked on

2020-05-26 11:52:36 - [TEST_STEP][PASSED] - waitForPageLoad(0): Wait for page load successfully

2020-05-26 11:52:36 - [MESSAGE][WARNING] - Timeout '0' is invalid. Using default page load timeout: '60'

2020-05-26 11:52:37 - [MESSAGE][PASSED] - Wait for page load successfully

2020-05-26 11:52:37 - [MESSAGE][PASSED] - Call Test Case 'Test Cases/Web RoomMe.id/6. Community/Customer Access Community Page' successfully

2020-05-26 11:52:37 - [TEST_STEP][PASSED] - waitForElementVisible(findTestObject("Web RoomMe.id/Community Page/Welcome Video/Button Continue on the Form Registration"), 0): Object 'Object Repository/Web RoomMe.id/Community Page/Welcome Video/Button Continue on the Form Registration' is visible

2020-05-26 11:52:37 - [MESSAGE][WARNING] - Timeout '0' is invalid. Using default page load timeout: '60'

2020-05-26 11:52:37 - [MESSAGE][PASSED] - Object 'Object Repository/Web RoomMe.id/Community Page/Welcome Video/Button Continue on the Form Registration' is visible

2020-05-26 11:52:37 - [TEST_STEP][PASSED] - click(findTestObject("Web RoomMe.id/Community Page/Welcome Video/Button Continue on the Form Registration"), STOP_ON_FAILURE): Object: 'Object Repository/Web RoomMe.id/Community Page/Welcome Video/Button Continue on the Form Registration' is clicked on

2020-05-26 11:52:38 - [MESSAGE][PASSED] - Object: 'Object Repository/Web RoomMe.id/Community Page/Welcome Video/Button Continue on the Form Registration' is clicked on

2020-05-26 11:52:38 - [TEST_STEP][NOT_RUN] - callTestCase(findTestCase("Web RoomMe.id/20. Community Registration/1. Verify Registration Form"), [:], STOP_ON_FAILURE): NOT_RUN: callTestCase(findTestCase("Web RoomMe.id/20. Community Registration/1. Verify Registration Form"), [:], STOP_ON_FAILURE)

2020-05-26 11:52:38 - [MESSAGE][NOT_RUN] - NOT_RUN: callTestCase(findTestCase("Web RoomMe.id/20. Community Registration/1. Verify Registration Form"), [:], STOP_ON_FAILURE)

2020-05-26 11:52:38 - [TEST_STEP][PASSED] - waitForElementVisible(findTestObject("Web RoomMe.id/Community Page/Community Registration/Textfield Full Name"), 0): Object 'Object Repository/Web RoomMe.id/Community Page/Community Registration/Textfield Full Name' is visible

2020-05-26 11:52:38 - [MESSAGE][WARNING] - Timeout '0' is invalid. Using default page load timeout: '60'

2020-05-26 11:52:38 - [MESSAGE][PASSED] - Object 'Object Repository/Web RoomMe.id/Community Page/Community Registration/Textfield Full Name' is visible

2020-05-26 11:52:38 - [TEST_STEP][PASSED] - sendKeys(findTestObject("Web RoomMe.id/Community Page/Community Registration/Textfield Full Name"), "Faldi"): Keys 'Faldi' sent to object: 'Object Repository/Web RoomMe.id/Community Page/Community Registration/Textfield Full Name'

2020-05-26 11:52:39 - [MESSAGE][PASSED] - Keys 'Faldi' sent to object: 'Object Repository/Web RoomMe.id/Community Page/Community Registration/Textfield Full Name'

2020-05-26 11:52:39 - [TEST_STEP][PASSED] - click(findTestObject("Web RoomMe.id/Community Page/Community Registration/RadioButton Male")): Object: 'Object Repository/Web RoomMe.id/Community Page/Community Registration/RadioButton Male' is clicked on

2020-05-26 11:52:39 - [MESSAGE][PASSED] - Object: 'Object Repository/Web RoomMe.id/Community Page/Community Registration/RadioButton Male' is clicked on

2020-05-26 11:52:39 - [TEST_STEP][PASSED] - sendKeys(findTestObject("Web RoomMe.id/Community Page/Community Registration/Textfield Mobile Number"), "081234567890"): Keys '081234567890' sent to object: 'Object Repository/Web RoomMe.id/Community Page/Community Registration/Textfield Mobile Number'

2020-05-26 11:52:40 - [MESSAGE][PASSED] - Keys '081234567890' sent to object: 'Object Repository/Web RoomMe.id/Community Page/Community Registration/Textfield Mobile Number'

2020-05-26 11:52:40 - [TEST_STEP][PASSED] - click(findTestObject("Web RoomMe.id/Community Page/Community Registration/Birthdate Datepicker/Datepicker Birthdate_date (1)")): Object: 'Object Repository/Web RoomMe.id/Community Page/Community Registration/Birthdate Datepicker/Datepicker Birthdate_date (1)' is clicked on

2020-05-26 11:52:41 - [MESSAGE][PASSED] - Object: 'Object Repository/Web RoomMe.id/Community Page/Community Registration/Birthdate Datepicker/Datepicker Birthdate_date (1)' is clicked on

2020-05-26 11:52:41 - [TEST_STEP][PASSED] - click(findTestObject("Web RoomMe.id/Community Page/Community Registration/Birthdate Datepicker/Button Day 1")): Object: 'Object Repository/Web RoomMe.id/Community Page/Community Registration/Birthdate Datepicker/Button Day 1' is clicked on

2020-05-26 11:52:41 - [MESSAGE][PASSED] - Object: 'Object Repository/Web RoomMe.id/Community Page/Community Registration/Birthdate Datepicker/Button Day 1' is clicked on

2020-05-26 11:52:41 - [TEST_STEP][PASSED] - selectOptionByIndex(findTestObject("Web RoomMe.id/Community Page/Community Registration/Dropdown Interest"), "4"): All options with index in [4] are selected on object 'Object Repository/Web RoomMe.id/Community Page/Community Registration/Dropdown Interest'

2020-05-26 11:52:43 - [MESSAGE][PASSED] - All options with index in [4] are selected on object 'Object Repository/Web RoomMe.id/Community Page/Community Registration/Dropdown Interest'

2020-05-26 11:52:43 - [TEST_STEP][PASSED] - click(findTestObject("Web RoomMe.id/Community Page/Community Registration/Button Submit")): Object: 'Object Repository/Web RoomMe.id/Community Page/Community Registration/Button Submit' is clicked on

2020-05-26 11:52:43 - [MESSAGE][PASSED] - Object: 'Object Repository/Web RoomMe.id/Community Page/Community Registration/Button Submit' is clicked on

2020-05-26 11:52:43 - [TEST_STEP][PASSED] - waitForElementVisible(findTestObject("Web RoomMe.id/Community Page/Community Registration/Error Message/Text Email is required"), 0): Object 'Object Repository/Web RoomMe.id/Community Page/Community Registration/Error Message/Text Email is required' is visible

2020-05-26 11:52:44 - [MESSAGE][WARNING] - Timeout '0' is invalid. Using default page load timeout: '60'

2020-05-26 11:52:44 - [MESSAGE][PASSED] - Object 'Object Repository/Web RoomMe.id/Community Page/Community Registration/Error Message/Text Email is required' is visible

2020-05-26 11:52:44 - [TEST_STEP][PASSED] - sendKeys(findTestObject("Web RoomMe.id/Community Page/Community Registration/Textfield Email Address"), "ab"): Keys 'ab' sent to object: 'Object Repository/Web RoomMe.id/Community Page/Community Registration/Textfield Email Address'

2020-05-26 11:52:44 - [MESSAGE][PASSED] - Keys 'ab' sent to object: 'Object Repository/Web RoomMe.id/Community Page/Community Registration/Textfield Email Address'

2020-05-26 11:52:44 - [TEST_STEP][PASSED] - waitForElementVisible(findTestObject("Web RoomMe.id/Community Page/Community Registration/Error Message/Text Email is not valid"), 0): Object 'Object Repository/Web RoomMe.id/Community Page/Community Registration/Error Message/Text Email is not valid' is visible

2020-05-26 11:52:44 - [MESSAGE][WARNING] - Timeout '0' is invalid. Using default page load timeout: '60'

2020-05-26 11:52:45 - [MESSAGE][PASSED] - Object 'Object Repository/Web RoomMe.id/Community Page/Community Registration/Error Message/Text Email is not valid' is visible

2020-05-26 11:52:45 - [TEST_STEP][PASSED] - click(findTestObject("Web RoomMe.id/Community Page/Community Registration/Button Submit")): Object: 'Object Repository/Web RoomMe.id/Community Page/Community Registration/Button Submit' is clicked on

2020-05-26 11:52:45 - [MESSAGE][PASSED] - Object: 'Object Repository/Web RoomMe.id/Community Page/Community Registration/Button Submit' is clicked on

2020-05-26 11:52:45 - [TEST_STEP][PASSED] - sendKeys(findTestObject("Web RoomMe.id/Community Page/Community Registration/Textfield Email Address"), Keys.chord(CONTROL, "a", BACK_SPACE)): Keys 'CONTROL + BACK_SPACE + a' sent to object: 'Object Repository/Web RoomMe.id/Community Page/Community Registration/Textfield Email Address'

2020-05-26 11:52:45 - [MESSAGE][PASSED] - Keys 'CONTROL + BACK_SPACE + a' sent to object: 'Object Repository/Web RoomMe.id/Community Page/Community Registration/Textfield Email Address'

2020-05-26 11:52:45 - [TEST_STEP][PASSED] - sendKeys(findTestObject("Web RoomMe.id/Community Page/Community Registration/Textfield Email Address"), "123"): Keys '123' sent to object: 'Object Repository/Web RoomMe.id/Community Page/Community Registration/Textfield Email Address'

2020-05-26 11:52:46 - [MESSAGE][PASSED] - Keys '123' sent to object: 'Object Repository/Web RoomMe.id/Community Page/Community Registration/Textfield Email Address'

2020-05-26 11:52:46 - [TEST_STEP][PASSED] - waitForElementVisible(findTestObject("Web RoomMe.id/Community Page/Community Registration/Error Message/Text Email is not valid"), 0): Object 'Object Repository/Web RoomMe.id/Community Page/Community Registration/Error Message/Text Email is not valid' is visible

2020-05-26 11:52:46 - [MESSAGE][WARNING] - Timeout '0' is invalid. Using default page load timeout: '60'

2020-05-26 11:52:46 - [MESSAGE][PASSED] - Object 'Object Repository/Web RoomMe.id/Community Page/Community Registration/Error Message/Text Email is not valid' is visible

2020-05-26 11:52:46 - [TEST_STEP][PASSED] - click(findTestObject("Web RoomMe.id/Community Page/Community Registration/Button Submit")): Object: 'Object Repository/Web RoomMe.id/Community Page/Community Registration/Button Submit' is clicked on

2020-05-26 11:52:47 - [MESSAGE][PASSED] - Object: 'Object Repository/Web RoomMe.id/Community Page/Community Registration/Button Submit' is clicked on

2020-05-26 11:52:47 - [TEST_STEP][PASSED] - sendKeys(findTestObject("Web RoomMe.id/Community Page/Community Registration/Textfield Email Address"), Keys.chord(CONTROL, "a", BACK_SPACE)): Keys 'CONTROL + BACK_SPACE + a' sent to object: 'Object Repository/Web RoomMe.id/Community Page/Community Registration/Textfield Email Address'

2020-05-26 11:52:47 - [MESSAGE][PASSED] - Keys 'CONTROL + BACK_SPACE + a' sent to object: 'Object Repository/Web RoomMe.id/Community Page/Community Registration/Textfield Email Address'

2020-05-26 11:52:47 - [TEST_STEP][PASSED] - sendKeys(findTestObject("Web RoomMe.id/Community Page/Community Registration/Textfield Email Address"), "!@#$"): Keys '!@#$' sent to object: 'Object Repository/Web RoomMe.id/Community Page/Community Registration/Textfield Email Address'

2020-05-26 11:52:48 - [MESSAGE][PASSED] - Keys '!@#$' sent to object: 'Object Repository/Web RoomMe.id/Community Page/Community Registration/Textfield Email Address'

2020-05-26 11:52:48 - [TEST_STEP][PASSED] - waitForElementVisible(findTestObject("Web RoomMe.id/Community Page/Community Registration/Error Message/Text Email is not valid"), 0): Object 'Object Repository/Web RoomMe.id/Community Page/Community Registration/Error Message/Text Email is not valid' is visible

2020-05-26 11:52:48 - [MESSAGE][WARNING] - Timeout '0' is invalid. Using default page load timeout: '60'

2020-05-26 11:52:49 - [MESSAGE][PASSED] - Object 'Object Repository/Web RoomMe.id/Community Page/Community Registration/Error Message/Text Email is not valid' is visible

2020-05-26 11:52:49 - [TEST_STEP][PASSED] - click(findTestObject("Web RoomMe.id/Community Page/Community Registration/Button Submit")): Object: 'Object Repository/Web RoomMe.id/Community Page/Community Registration/Button Submit' is clicked on

2020-05-26 11:52:49 - [MESSAGE][PASSED] - Object: 'Object Repository/Web RoomMe.id/Community Page/Community Registration/Button Submit' is clicked on

2020-05-26 11:52:49 - [TEST_STEP][PASSED] - sendKeys(findTestObject("Web RoomMe.id/Community Page/Community Registration/Textfield Email Address"), Keys.chord(CONTROL, "a", BACK_SPACE)): Keys 'CONTROL + BACK_SPACE + a' sent to object: 'Object Repository/Web RoomMe.id/Community Page/Community Registration/Textfield Email Address'

2020-05-26 11:52:49 - [MESSAGE][PASSED] - Keys 'CONTROL + BACK_SPACE + a' sent to object: 'Object Repository/Web RoomMe.id/Community Page/Community Registration/Textfield Email Address'

2020-05-26 11:52:49 - [TEST_STEP][PASSED] - sendKeys(findTestObject("Web RoomMe.id/Community Page/Community Registration/Textfield Email Address"), "abcde12345abcde12345abcde12345abcde12345abcde12345as"): Keys 'abcde12345abcde12345abcde12345abcde12345abcde12345as' sent to object: 'Object Repository/Web RoomMe.id/Community Page/Community Registration/Textfield Email Address'

2020-05-26 11:52:50 - [MESSAGE][PASSED] - Keys 'abcde12345abcde12345abcde12345abcde12345abcde12345as' sent to object: 'Object Repository/Web RoomMe.id/Community Page/Community Registration/Textfield Email Address'

2020-05-26 11:52:50 - [TEST_STEP][PASSED] - waitForElementVisible(findTestObject("Web RoomMe.id/Community Page/Community Registration/Error Message/Text Email is not valid"), 0): Object 'Object Repository/Web RoomMe.id/Community Page/Community Registration/Error Message/Text Email is not valid' is visible

2020-05-26 11:52:50 - [MESSAGE][WARNING] - Timeout '0' is invalid. Using default page load timeout: '60'

2020-05-26 11:52:51 - [MESSAGE][PASSED] - Object 'Object Repository/Web RoomMe.id/Community Page/Community Registration/Error Message/Text Email is not valid' is visible

2020-05-26 11:52:51 - [TEST_STEP][PASSED] - click(findTestObject("Web RoomMe.id/Community Page/Community Registration/Button Submit")): Object: 'Object Repository/Web RoomMe.id/Community Page/Community Registration/Button Submit' is clicked on

2020-05-26 11:52:51 - [MESSAGE][PASSED] - Object: 'Object Repository/Web RoomMe.id/Community Page/Community Registration/Button Submit' is clicked on

2020-05-26 11:52:51 - [TEST_STEP][PASSED] - sendKeys(findTestObject("Web RoomMe.id/Community Page/Community Registration/Textfield Email Address"), Keys.chord(CONTROL, "a", BACK_SPACE)): Keys 'CONTROL + BACK_SPACE + a' sent to object: 'Object Repository/Web RoomMe.id/Community Page/Community Registration/Textfield Email Address'

2020-05-26 11:52:52 - [MESSAGE][PASSED] - Keys 'CONTROL + BACK_SPACE + a' sent to object: 'Object Repository/Web RoomMe.id/Community Page/Community Registration/Textfield Email Address'

2020-05-26 11:52:52 - [TEST_STEP][PASSED] - sendKeys(findTestObject("Web RoomMe.id/Community Page/Community Registration/Textfield Email Address"), "asdas@"): Keys 'asdas@' sent to object: 'Object Repository/Web RoomMe.id/Community Page/Community Registration/Textfield Email Address'

2020-05-26 11:52:52 - [MESSAGE][PASSED] - Keys 'asdas@' sent to object: 'Object Repository/Web RoomMe.id/Community Page/Community Registration/Textfield Email Address'

2020-05-26 11:52:52 - [TEST_STEP][PASSED] - waitForElementVisible(findTestObject("Web RoomMe.id/Community Page/Community Registration/Error Message/Text Email is not valid"), 0): Object 'Object Repository/Web RoomMe.id/Community Page/Community Registration/Error Message/Text Email is not valid' is visible

2020-05-26 11:52:52 - [MESSAGE][WARNING] - Timeout '0' is invalid. Using default page load timeout: '60'

2020-05-26 11:52:53 - [MESSAGE][PASSED] - Object 'Object Repository/Web RoomMe.id/Community Page/Community Registration/Error Message/Text Email is not valid' is visible

2020-05-26 11:52:53 - [TEST_STEP][PASSED] - click(findTestObject("Web RoomMe.id/Community Page/Community Registration/Button Submit")): Object: 'Object Repository/Web RoomMe.id/Community Page/Community Registration/Button Submit' is clicked on

2020-05-26 11:52:54 - [MESSAGE][PASSED] - Object: 'Object Repository/Web RoomMe.id/Community Page/Community Registration/Button Submit' is clicked on

2020-05-26 11:52:54 - [TEST_STEP][PASSED] - sendKeys(findTestObject("Web RoomMe.id/Community Page/Community Registration/Textfield Email Address"), Keys.chord(CONTROL, "a", BACK_SPACE)): Keys 'CONTROL + BACK_SPACE + a' sent to object: 'Object Repository/Web RoomMe.id/Community Page/Community Registration/Textfield Email Address'

2020-05-26 11:52:54 - [MESSAGE][PASSED] - Keys 'CONTROL + BACK_SPACE + a' sent to object: 'Object Repository/Web RoomMe.id/Community Page/Community Registration/Textfield Email Address'

2020-05-26 11:52:54 - [TEST_STEP][PASSED] - sendKeys(findTestObject("Web RoomMe.id/Community Page/Community Registration/Textfield Email Address"), "asdas@get"): Keys 'asdas@get' sent to object: 'Object Repository/Web RoomMe.id/Community Page/Community Registration/Textfield Email Address'

2020-05-26 11:52:55 - [MESSAGE][PASSED] - Keys 'asdas@get' sent to object: 'Object Repository/Web RoomMe.id/Community Page/Community Registration/Textfield Email Address'

2020-05-26 11:52:55 - [TEST_STEP][PASSED] - waitForElementVisible(findTestObject("Web RoomMe.id/Community Page/Community Registration/Error Message/Text Email is not valid"), 0): Object 'Object Repository/Web RoomMe.id/Community Page/Community Registration/Error Message/Text Email is not valid' is visible

2020-05-26 11:52:55 - [MESSAGE][WARNING] - Timeout '0' is invalid. Using default page load timeout: '60'

2020-05-26 11:52:56 - [MESSAGE][PASSED] - Object 'Object Repository/Web RoomMe.id/Community Page/Community Registration/Error Message/Text Email is not valid' is visible

2020-05-26 11:52:56 - [TEST_STEP][PASSED] - click(findTestObject("Web RoomMe.id/Community Page/Community Registration/Button Submit")): Object: 'Object Repository/Web RoomMe.id/Community Page/Community Registration/Button Submit' is clicked on

2020-05-26 11:52:56 - [MESSAGE][PASSED] - Object: 'Object Repository/Web RoomMe.id/Community Page/Community Registration/Button Submit' is clicked on

2020-05-26 11:52:56 - [TEST_STEP][PASSED] - sendKeys(findTestObject("Web RoomMe.id/Community Page/Community Registration/Textfield Email Address"), Keys.chord(CONTROL, "a", BACK_SPACE)): Keys 'CONTROL + BACK_SPACE + a' sent to object: 'Object Repository/Web RoomMe.id/Community Page/Community Registration/Textfield Email Address'

2020-05-26 11:52:56 - [MESSAGE][PASSED] - Keys 'CONTROL + BACK_SPACE + a' sent to object: 'Object Repository/Web RoomMe.id/Community Page/Community Registration/Textfield Email Address'

2020-05-26 11:52:56 - [TEST_STEP][PASSED] - sendKeys(findTestObject("Web RoomMe.id/Community Page/Community Registration/Textfield Email Address"), "asdas@get."): Keys 'asdas@get.' sent to object: 'Object Repository/Web RoomMe.id/Community Page/Community Registration/Textfield Email Address'

2020-05-26 11:52:57 - [MESSAGE][PASSED] - Keys 'asdas@get.' sent to object: 'Object Repository/Web RoomMe.id/Community Page/Community Registration/Textfield Email Address'

2020-05-26 11:52:57 - [TEST_STEP][PASSED] - waitForElementVisible(findTestObject("Web RoomMe.id/Community Page/Community Registration/Error Message/Text Email is not valid"), 0): Object 'Object Repository/Web RoomMe.id/Community Page/Community Registration/Error Message/Text Email is not valid' is visible

2020-05-26 11:52:57 - [MESSAGE][WARNING] - Timeout '0' is invalid. Using default page load timeout: '60'

2020-05-26 11:52:58 - [MESSAGE][PASSED] - Object 'Object Repository/Web RoomMe.id/Community Page/Community Registration/Error Message/Text Email is not valid' is visible

2020-05-26 11:52:58 - [TEST_STEP][PASSED] - click(findTestObject("Web RoomMe.id/Community Page/Community Registration/Button Submit")): Object: 'Object Repository/Web RoomMe.id/Community Page/Community Registration/Button Submit' is clicked on

2020-05-26 11:52:58 - [MESSAGE][PASSED] - Object: 'Object Repository/Web RoomMe.id/Community Page/Community Registration/Button Submit' is clicked on

2020-05-26 11:52:58 - [TEST_STEP][PASSED] - sendKeys(findTestObject("Web RoomMe.id/Community Page/Community Registration/Textfield Email Address"), Keys.chord(CONTROL, "a", BACK_SPACE)): Keys 'CONTROL + BACK_SPACE + a' sent to object: 'Object Repository/Web RoomMe.id/Community Page/Community Registration/Textfield Email Address'

2020-05-26 11:52:58 - [MESSAGE][PASSED] - Keys 'CONTROL + BACK_SPACE + a' sent to object: 'Object Repository/Web RoomMe.id/Community Page/Community Registration/Textfield Email Address'

2020-05-26 11:52:58 - [TEST_STEP][PASSED] - sendKeys(findTestObject("Web RoomMe.id/Community Page/Community Registration/Textfield Email Address"), "asdas@get.c"): Keys 'asdas@get.c' sent to object: 'Object Repository/Web RoomMe.id/Community Page/Community Registration/Textfield Email Address'

2020-05-26 11:52:59 - [MESSAGE][PASSED] - Keys 'asdas@get.c' sent to object: 'Object Repository/Web RoomMe.id/Community Page/Community Registration/Textfield Email Address'

2020-05-26 11:52:59 - [TEST_STEP][PASSED] - waitForElementVisible(findTestObject("Web RoomMe.id/Community Page/Community Registration/Error Message/Text Email is not valid"), 0): Object 'Object Repository/Web RoomMe.id/Community Page/Community Registration/Error Message/Text Email is not valid' is visible

2020-05-26 11:52:59 - [MESSAGE][WARNING] - Timeout '0' is invalid. Using default page load timeout: '60'

2020-05-26 11:53:00 - [MESSAGE][PASSED] - Object 'Object Repository/Web RoomMe.id/Community Page/Community Registration/Error Message/Text Email is not valid' is visible

2020-05-26 11:53:00 - [TEST_STEP][PASSED] - click(findTestObject("Web RoomMe.id/Community Page/Community Registration/Button Submit")): Object: 'Object Repository/Web RoomMe.id/Community Page/Community Registration/Button Submit' is clicked on

2020-05-26 11:53:00 - [MESSAGE][PASSED] - Object: 'Object Repository/Web RoomMe.id/Community Page/Community Registration/Button Submit' is clicked on

2020-05-26 11:53:00 - [TEST_STEP][PASSED] - waitForElementVisible(findTestObject("Web RoomMe.id/Community Page/Community Registration/Error Message/Text Email is not valid"), 0): Object 'Object Repository/Web RoomMe.id/Community Page/Community Registration/Error Message/Text Email is not valid' is visible

2020-05-26 11:53:00 - [MESSAGE][WARNING] - Timeout '0' is invalid. Using default page load timeout: '60'

2020-05-26 11:53:01 - [MESSAGE][PASSED] - Object 'Object Repository/Web RoomMe.id/Community Page/Community Registration/Error Message/Text Email is not valid' is visible]]></system-out>
         <system-err><![CDATA[]]></system-err>
      </testcase>
      <testcase name="Test Cases/Web RoomMe.id/20. Community Registration/12. Customer Register without Select Interest" time="33.483" classname="Test Cases/Web RoomMe.id/20. Community Registration/12. Customer Register without Select Interest" status="PASSED">
         <system-out><![CDATA[2020-05-26 11:53:01 - [TEST_CASE][PASSED] - Test Cases/Web RoomMe.id/20. Community Registration/12. Customer Register without Select Interest: Test Cases/Web RoomMe.id/20. Community Registration/12. Customer Register without Select Interest

2020-05-26 11:53:01 - [TEST_STEP][PASSED] - callTestCase(findTestCase("Web RoomMe.id/1. Homepage/1. Customer Access RoomMe Page"), [:], STOP_ON_FAILURE): Call Test Case 'Test Cases/Web RoomMe.id/1. Homepage/1. Customer Access RoomMe Page' successfully

2020-05-26 11:53:01 - [TEST_CASE][PASSED] - Test Cases/Web RoomMe.id/1. Homepage/1. Customer Access RoomMe Page: Test Cases/Web RoomMe.id/1. Homepage/1. Customer Access RoomMe Page

2020-05-26 11:53:01 - [TEST_STEP][PASSED] - openBrowser(url): Browser is opened with url: 'web.roomme.id'

2020-05-26 11:53:01 - [MESSAGE][WARNING] - A browser is already opened. Closing browser and opening a new one

2020-05-26 11:53:02 - [MESSAGE][INFO] - Starting 'Chrome' driver

2020-05-26 11:53:18 - [MESSAGE][PASSED] - Browser is opened with url: 'web.roomme.id'

2020-05-26 11:53:18 - [TEST_STEP][PASSED] - maximizeWindow(): Current window maximized

2020-05-26 11:53:21 - [MESSAGE][PASSED] - Current window maximized

2020-05-26 11:53:21 - [TEST_STEP][PASSED] - waitForPageLoad(0): Wait for page load successfully

2020-05-26 11:53:21 - [MESSAGE][WARNING] - Timeout '0' is invalid. Using default page load timeout: '60'

2020-05-26 11:53:21 - [MESSAGE][PASSED] - Wait for page load successfully

2020-05-26 11:53:21 - [MESSAGE][PASSED] - Call Test Case 'Test Cases/Web RoomMe.id/1. Homepage/1. Customer Access RoomMe Page' successfully

2020-05-26 11:53:21 - [TEST_STEP][PASSED] - waitForElementVisible(findTestObject("Web RoomMe.id/RoomMe.id Header/Button Community"), 30): Object 'Object Repository/Web RoomMe.id/RoomMe.id Header/Button Community' is visible

2020-05-26 11:53:21 - [MESSAGE][PASSED] - Object 'Object Repository/Web RoomMe.id/RoomMe.id Header/Button Community' is visible

2020-05-26 11:53:21 - [TEST_STEP][PASSED] - click(findTestObject("Web RoomMe.id/RoomMe.id Header/Button Community")): Object: 'Object Repository/Web RoomMe.id/RoomMe.id Header/Button Community' is clicked on

2020-05-26 11:53:23 - [MESSAGE][PASSED] - Object: 'Object Repository/Web RoomMe.id/RoomMe.id Header/Button Community' is clicked on

2020-05-26 11:53:23 - [TEST_STEP][PASSED] - waitForPageLoad(0): Wait for page load successfully

2020-05-26 11:53:23 - [MESSAGE][WARNING] - Timeout '0' is invalid. Using default page load timeout: '60'

2020-05-26 11:53:26 - [MESSAGE][PASSED] - Wait for page load successfully

2020-05-26 11:53:26 - [TEST_STEP][PASSED] - waitForElementVisible(findTestObject("Web RoomMe.id/Community Page/Welcome Video/Video Events RoomMe"), 0): Object 'Object Repository/Web RoomMe.id/Community Page/Welcome Video/Video Events RoomMe' is visible

2020-05-26 11:53:26 - [MESSAGE][WARNING] - Timeout '0' is invalid. Using default page load timeout: '60'

2020-05-26 11:53:27 - [MESSAGE][PASSED] - Object 'Object Repository/Web RoomMe.id/Community Page/Welcome Video/Video Events RoomMe' is visible

2020-05-26 11:53:27 - [TEST_STEP][PASSED] - waitForElementVisible(findTestObject("Web RoomMe.id/Community Page/Welcome Video/Text JOIN OUR COMMUNITY"), 0): Object 'Object Repository/Web RoomMe.id/Community Page/Welcome Video/Text JOIN OUR COMMUNITY' is visible

2020-05-26 11:53:27 - [MESSAGE][WARNING] - Timeout '0' is invalid. Using default page load timeout: '60'

2020-05-26 11:53:27 - [MESSAGE][PASSED] - Object 'Object Repository/Web RoomMe.id/Community Page/Welcome Video/Text JOIN OUR COMMUNITY' is visible

2020-05-26 11:53:27 - [TEST_STEP][PASSED] - waitForElementVisible(findTestObject("Web RoomMe.id/Community Page/Welcome Video/Text And enjoy the benefits and features"), 0): Object 'Object Repository/Web RoomMe.id/Community Page/Welcome Video/Text And enjoy the benefits and features' is visible

2020-05-26 11:53:27 - [MESSAGE][WARNING] - Timeout '0' is invalid. Using default page load timeout: '60'

2020-05-26 11:53:27 - [MESSAGE][PASSED] - Object 'Object Repository/Web RoomMe.id/Community Page/Welcome Video/Text And enjoy the benefits and features' is visible

2020-05-26 11:53:27 - [TEST_STEP][PASSED] - waitForElementVisible(findTestObject("Web RoomMe.id/Community Page/Welcome Video/Button Continue on the Form Registration"), 0): Object 'Object Repository/Web RoomMe.id/Community Page/Welcome Video/Button Continue on the Form Registration' is visible

2020-05-26 11:53:27 - [MESSAGE][WARNING] - Timeout '0' is invalid. Using default page load timeout: '60'

2020-05-26 11:53:27 - [MESSAGE][PASSED] - Object 'Object Repository/Web RoomMe.id/Community Page/Welcome Video/Button Continue on the Form Registration' is visible

2020-05-26 11:53:27 - [TEST_STEP][PASSED] - click(findTestObject("Web RoomMe.id/Community Page/Welcome Video/Button Continue on the Form Registration"), STOP_ON_FAILURE): Object: 'Object Repository/Web RoomMe.id/Community Page/Welcome Video/Button Continue on the Form Registration' is clicked on

2020-05-26 11:53:28 - [MESSAGE][PASSED] - Object: 'Object Repository/Web RoomMe.id/Community Page/Welcome Video/Button Continue on the Form Registration' is clicked on

2020-05-26 11:53:28 - [TEST_STEP][NOT_RUN] - callTestCase(findTestCase("Web RoomMe.id/20. Community Registration/1. Verify Registration Form"), [:], STOP_ON_FAILURE): NOT_RUN: callTestCase(findTestCase("Web RoomMe.id/20. Community Registration/1. Verify Registration Form"), [:], STOP_ON_FAILURE)

2020-05-26 11:53:28 - [MESSAGE][NOT_RUN] - NOT_RUN: callTestCase(findTestCase("Web RoomMe.id/20. Community Registration/1. Verify Registration Form"), [:], STOP_ON_FAILURE)

2020-05-26 11:53:28 - [TEST_STEP][PASSED] - waitForElementVisible(findTestObject("Web RoomMe.id/Community Page/Community Registration/Textfield Full Name"), 0): Object 'Object Repository/Web RoomMe.id/Community Page/Community Registration/Textfield Full Name' is visible

2020-05-26 11:53:28 - [MESSAGE][WARNING] - Timeout '0' is invalid. Using default page load timeout: '60'

2020-05-26 11:53:29 - [MESSAGE][PASSED] - Object 'Object Repository/Web RoomMe.id/Community Page/Community Registration/Textfield Full Name' is visible

2020-05-26 11:53:29 - [TEST_STEP][PASSED] - sendKeys(findTestObject("Web RoomMe.id/Community Page/Community Registration/Textfield Full Name"), "Faldi AT"): Keys 'Faldi AT' sent to object: 'Object Repository/Web RoomMe.id/Community Page/Community Registration/Textfield Full Name'

2020-05-26 11:53:29 - [MESSAGE][PASSED] - Keys 'Faldi AT' sent to object: 'Object Repository/Web RoomMe.id/Community Page/Community Registration/Textfield Full Name'

2020-05-26 11:53:29 - [TEST_STEP][PASSED] - click(findTestObject("Web RoomMe.id/Community Page/Community Registration/RadioButton Male")): Object: 'Object Repository/Web RoomMe.id/Community Page/Community Registration/RadioButton Male' is clicked on

2020-05-26 11:53:30 - [MESSAGE][PASSED] - Object: 'Object Repository/Web RoomMe.id/Community Page/Community Registration/RadioButton Male' is clicked on

2020-05-26 11:53:30 - [TEST_STEP][PASSED] - click(findTestObject("Web RoomMe.id/Community Page/Community Registration/Birthdate Datepicker/Datepicker Birthdate_date (1)")): Object: 'Object Repository/Web RoomMe.id/Community Page/Community Registration/Birthdate Datepicker/Datepicker Birthdate_date (1)' is clicked on

2020-05-26 11:53:30 - [MESSAGE][PASSED] - Object: 'Object Repository/Web RoomMe.id/Community Page/Community Registration/Birthdate Datepicker/Datepicker Birthdate_date (1)' is clicked on

2020-05-26 11:53:30 - [TEST_STEP][PASSED] - click(findTestObject("Web RoomMe.id/Community Page/Community Registration/Birthdate Datepicker/Button Day 1")): Object: 'Object Repository/Web RoomMe.id/Community Page/Community Registration/Birthdate Datepicker/Button Day 1' is clicked on

2020-05-26 11:53:31 - [MESSAGE][PASSED] - Object: 'Object Repository/Web RoomMe.id/Community Page/Community Registration/Birthdate Datepicker/Button Day 1' is clicked on

2020-05-26 11:53:31 - [TEST_STEP][PASSED] - sendKeys(findTestObject("Web RoomMe.id/Community Page/Community Registration/Textfield Mobile Number"), "081234567890"): Keys '081234567890' sent to object: 'Object Repository/Web RoomMe.id/Community Page/Community Registration/Textfield Mobile Number'

2020-05-26 11:53:32 - [MESSAGE][PASSED] - Keys '081234567890' sent to object: 'Object Repository/Web RoomMe.id/Community Page/Community Registration/Textfield Mobile Number'

2020-05-26 11:53:32 - [TEST_STEP][PASSED] - sendKeys(findTestObject("Web RoomMe.id/Community Page/Community Registration/Textfield Email Address"), "faldiat" + RandomStringUtils.randomNumeric(5)): Keys 'faldiat94005' sent to object: 'Object Repository/Web RoomMe.id/Community Page/Community Registration/Textfield Email Address'

2020-05-26 11:53:33 - [MESSAGE][PASSED] - Keys 'faldiat94005' sent to object: 'Object Repository/Web RoomMe.id/Community Page/Community Registration/Textfield Email Address'

2020-05-26 11:53:33 - [TEST_STEP][PASSED] - sendKeys(findTestObject("Web RoomMe.id/Community Page/Community Registration/Textfield Email Address"), "@gmail.com"): Keys '@gmail.com' sent to object: 'Object Repository/Web RoomMe.id/Community Page/Community Registration/Textfield Email Address'

2020-05-26 11:53:33 - [MESSAGE][PASSED] - Keys '@gmail.com' sent to object: 'Object Repository/Web RoomMe.id/Community Page/Community Registration/Textfield Email Address'

2020-05-26 11:53:33 - [TEST_STEP][PASSED] - click(findTestObject("Web RoomMe.id/Community Page/Community Registration/Button Submit")): Object: 'Object Repository/Web RoomMe.id/Community Page/Community Registration/Button Submit' is clicked on

2020-05-26 11:53:33 - [MESSAGE][PASSED] - Object: 'Object Repository/Web RoomMe.id/Community Page/Community Registration/Button Submit' is clicked on

2020-05-26 11:53:33 - [TEST_STEP][PASSED] - waitForElementVisible(findTestObject("Web RoomMe.id/Community Page/Community Registration/Error Message/Text Interest is required"), 0): Object 'Object Repository/Web RoomMe.id/Community Page/Community Registration/Error Message/Text Interest is required' is visible

2020-05-26 11:53:33 - [MESSAGE][WARNING] - Timeout '0' is invalid. Using default page load timeout: '60'

2020-05-26 11:53:34 - [MESSAGE][PASSED] - Object 'Object Repository/Web RoomMe.id/Community Page/Community Registration/Error Message/Text Interest is required' is visible]]></system-out>
         <system-err><![CDATA[]]></system-err>
      </testcase>
      <testcase name="Test Cases/Web RoomMe.id/20. Community Registration/2. Customer Register with valid data" time="30.39" classname="Test Cases/Web RoomMe.id/20. Community Registration/2. Customer Register with valid data" status="PASSED">
         <system-out><![CDATA[2020-05-26 11:53:34 - [TEST_CASE][PASSED] - Test Cases/Web RoomMe.id/20. Community Registration/2. Customer Register with valid data: Test Cases/Web RoomMe.id/20. Community Registration/2. Customer Register with valid data

2020-05-26 11:53:34 - [TEST_STEP][PASSED] - callTestCase(findTestCase("Web RoomMe.id/1. Homepage/1. Customer Access RoomMe Page"), [:], STOP_ON_FAILURE): Call Test Case 'Test Cases/Web RoomMe.id/1. Homepage/1. Customer Access RoomMe Page' successfully

2020-05-26 11:53:34 - [TEST_CASE][PASSED] - Test Cases/Web RoomMe.id/1. Homepage/1. Customer Access RoomMe Page: Test Cases/Web RoomMe.id/1. Homepage/1. Customer Access RoomMe Page

2020-05-26 11:53:34 - [TEST_STEP][PASSED] - openBrowser(url): Browser is opened with url: 'web.roomme.id'

2020-05-26 11:53:34 - [MESSAGE][WARNING] - A browser is already opened. Closing browser and opening a new one

2020-05-26 11:53:35 - [MESSAGE][INFO] - Starting 'Chrome' driver

2020-05-26 11:53:41 - [MESSAGE][PASSED] - Browser is opened with url: 'web.roomme.id'

2020-05-26 11:53:41 - [TEST_STEP][PASSED] - maximizeWindow(): Current window maximized

2020-05-26 11:53:44 - [MESSAGE][PASSED] - Current window maximized

2020-05-26 11:53:44 - [TEST_STEP][PASSED] - waitForPageLoad(0): Wait for page load successfully

2020-05-26 11:53:44 - [MESSAGE][WARNING] - Timeout '0' is invalid. Using default page load timeout: '60'

2020-05-26 11:53:44 - [MESSAGE][PASSED] - Wait for page load successfully

2020-05-26 11:53:44 - [MESSAGE][PASSED] - Call Test Case 'Test Cases/Web RoomMe.id/1. Homepage/1. Customer Access RoomMe Page' successfully

2020-05-26 11:53:44 - [TEST_STEP][PASSED] - waitForElementVisible(findTestObject("Web RoomMe.id/RoomMe.id Header/Button Community"), 30): Object 'Object Repository/Web RoomMe.id/RoomMe.id Header/Button Community' is visible

2020-05-26 11:53:44 - [MESSAGE][PASSED] - Object 'Object Repository/Web RoomMe.id/RoomMe.id Header/Button Community' is visible

2020-05-26 11:53:44 - [TEST_STEP][PASSED] - click(findTestObject("Web RoomMe.id/RoomMe.id Header/Button Community")): Object: 'Object Repository/Web RoomMe.id/RoomMe.id Header/Button Community' is clicked on

2020-05-26 11:53:46 - [MESSAGE][PASSED] - Object: 'Object Repository/Web RoomMe.id/RoomMe.id Header/Button Community' is clicked on

2020-05-26 11:53:46 - [TEST_STEP][PASSED] - waitForPageLoad(0): Wait for page load successfully

2020-05-26 11:53:46 - [MESSAGE][WARNING] - Timeout '0' is invalid. Using default page load timeout: '60'

2020-05-26 11:53:49 - [MESSAGE][PASSED] - Wait for page load successfully

2020-05-26 11:53:49 - [TEST_STEP][PASSED] - waitForElementVisible(findTestObject("Web RoomMe.id/Community Page/Welcome Video/Video Events RoomMe"), 0): Object 'Object Repository/Web RoomMe.id/Community Page/Welcome Video/Video Events RoomMe' is visible

2020-05-26 11:53:49 - [MESSAGE][WARNING] - Timeout '0' is invalid. Using default page load timeout: '60'

2020-05-26 11:53:49 - [MESSAGE][PASSED] - Object 'Object Repository/Web RoomMe.id/Community Page/Welcome Video/Video Events RoomMe' is visible

2020-05-26 11:53:49 - [TEST_STEP][PASSED] - waitForElementVisible(findTestObject("Web RoomMe.id/Community Page/Welcome Video/Text JOIN OUR COMMUNITY"), 0): Object 'Object Repository/Web RoomMe.id/Community Page/Welcome Video/Text JOIN OUR COMMUNITY' is visible

2020-05-26 11:53:49 - [MESSAGE][WARNING] - Timeout '0' is invalid. Using default page load timeout: '60'

2020-05-26 11:53:50 - [MESSAGE][PASSED] - Object 'Object Repository/Web RoomMe.id/Community Page/Welcome Video/Text JOIN OUR COMMUNITY' is visible

2020-05-26 11:53:50 - [TEST_STEP][PASSED] - waitForElementVisible(findTestObject("Web RoomMe.id/Community Page/Welcome Video/Text And enjoy the benefits and features"), 0): Object 'Object Repository/Web RoomMe.id/Community Page/Welcome Video/Text And enjoy the benefits and features' is visible

2020-05-26 11:53:50 - [MESSAGE][WARNING] - Timeout '0' is invalid. Using default page load timeout: '60'

2020-05-26 11:53:50 - [MESSAGE][PASSED] - Object 'Object Repository/Web RoomMe.id/Community Page/Welcome Video/Text And enjoy the benefits and features' is visible

2020-05-26 11:53:50 - [TEST_STEP][PASSED] - waitForElementVisible(findTestObject("Web RoomMe.id/Community Page/Welcome Video/Button Continue on the Form Registration"), 0): Object 'Object Repository/Web RoomMe.id/Community Page/Welcome Video/Button Continue on the Form Registration' is visible

2020-05-26 11:53:50 - [MESSAGE][WARNING] - Timeout '0' is invalid. Using default page load timeout: '60'

2020-05-26 11:53:50 - [MESSAGE][PASSED] - Object 'Object Repository/Web RoomMe.id/Community Page/Welcome Video/Button Continue on the Form Registration' is visible

2020-05-26 11:53:50 - [TEST_STEP][PASSED] - click(findTestObject("Web RoomMe.id/Community Page/Welcome Video/Button Continue on the Form Registration"), STOP_ON_FAILURE): Object: 'Object Repository/Web RoomMe.id/Community Page/Welcome Video/Button Continue on the Form Registration' is clicked on

2020-05-26 11:53:51 - [MESSAGE][PASSED] - Object: 'Object Repository/Web RoomMe.id/Community Page/Welcome Video/Button Continue on the Form Registration' is clicked on

2020-05-26 11:53:51 - [TEST_STEP][PASSED] - callTestCase(findTestCase("Web RoomMe.id/20. Community Registration/1. Verify Registration Form"), [:], STOP_ON_FAILURE): Call Test Case 'Test Cases/Web RoomMe.id/20. Community Registration/1. Verify Registration Form' successfully

2020-05-26 11:53:51 - [TEST_CASE][PASSED] - Test Cases/Web RoomMe.id/20. Community Registration/1. Verify Registration Form: Test Cases/Web RoomMe.id/20. Community Registration/1. Verify Registration Form

2020-05-26 11:53:51 - [TEST_STEP][PASSED] - objectSubFolder = "Web RoomMe.id\Community Page\Community Registration\": null

2020-05-26 11:53:51 - [TEST_STEP][PASSED] - pathToObjRep = getProjectDir() + "\Object Repository\" + objectSubFolder: null

2020-05-26 11:53:51 - [TEST_STEP][PASSED] - yourObjects = new java.io.File(pathToObjRep): null

2020-05-26 11:53:51 - [TEST_STEP][PASSED] - fileNames = yourObjects.list(): null

2020-05-26 11:53:51 - [TEST_STEP][PASSED] - testObjects = new java.util.ArrayList(): null

2020-05-26 11:53:51 - [TEST_STEP][PASSED] - for ([i = 0, i < length, (i++)]): null

2020-05-26 11:53:51 - [TEST_STEP][PASSED] - if (fileNames[i].contains(".rs")): null

2020-05-26 11:53:51 - [TEST_STEP][PASSED] - if (fileNames[i].contains(".rs")): null

2020-05-26 11:53:51 - [TEST_STEP][PASSED] - fileNames[i] = fileNames[i].replace(".rs", ""): null

2020-05-26 11:53:51 - [TEST_STEP][PASSED] - testObjects.add(objectSubFolder + fileNames[i]): null

2020-05-26 11:53:51 - [TEST_STEP][PASSED] - if (fileNames[i].contains(".rs")): null

2020-05-26 11:53:51 - [TEST_STEP][PASSED] - fileNames[i] = fileNames[i].replace(".rs", ""): null

2020-05-26 11:53:51 - [TEST_STEP][PASSED] - testObjects.add(objectSubFolder + fileNames[i]): null

2020-05-26 11:53:51 - [TEST_STEP][PASSED] - if (fileNames[i].contains(".rs")): null

2020-05-26 11:53:51 - [TEST_STEP][PASSED] - if (fileNames[i].contains(".rs")): null

2020-05-26 11:53:51 - [TEST_STEP][PASSED] - fileNames[i] = fileNames[i].replace(".rs", ""): null

2020-05-26 11:53:51 - [TEST_STEP][PASSED] - testObjects.add(objectSubFolder + fileNames[i]): null

2020-05-26 11:53:51 - [TEST_STEP][PASSED] - if (fileNames[i].contains(".rs")): null

2020-05-26 11:53:51 - [TEST_STEP][PASSED] - fileNames[i] = fileNames[i].replace(".rs", ""): null

2020-05-26 11:53:51 - [TEST_STEP][PASSED] - testObjects.add(objectSubFolder + fileNames[i]): null

2020-05-26 11:53:51 - [TEST_STEP][PASSED] - if (fileNames[i].contains(".rs")): null

2020-05-26 11:53:51 - [TEST_STEP][PASSED] - fileNames[i] = fileNames[i].replace(".rs", ""): null

2020-05-26 11:53:51 - [TEST_STEP][PASSED] - testObjects.add(objectSubFolder + fileNames[i]): null

2020-05-26 11:53:51 - [TEST_STEP][PASSED] - if (fileNames[i].contains(".rs")): null

2020-05-26 11:53:51 - [TEST_STEP][PASSED] - if (fileNames[i].contains(".rs")): null

2020-05-26 11:53:51 - [TEST_STEP][PASSED] - fileNames[i] = fileNames[i].replace(".rs", ""): null

2020-05-26 11:53:51 - [TEST_STEP][PASSED] - testObjects.add(objectSubFolder + fileNames[i]): null

2020-05-26 11:53:51 - [TEST_STEP][PASSED] - if (fileNames[i].contains(".rs")): null

2020-05-26 11:53:51 - [TEST_STEP][PASSED] - fileNames[i] = fileNames[i].replace(".rs", ""): null

2020-05-26 11:53:51 - [TEST_STEP][PASSED] - testObjects.add(objectSubFolder + fileNames[i]): null

2020-05-26 11:53:51 - [TEST_STEP][PASSED] - if (fileNames[i].contains(".rs")): null

2020-05-26 11:53:51 - [TEST_STEP][PASSED] - fileNames[i] = fileNames[i].replace(".rs", ""): null

2020-05-26 11:53:51 - [TEST_STEP][PASSED] - testObjects.add(objectSubFolder + fileNames[i]): null

2020-05-26 11:53:51 - [TEST_STEP][PASSED] - if (fileNames[i].contains(".rs")): null

2020-05-26 11:53:51 - [TEST_STEP][PASSED] - fileNames[i] = fileNames[i].replace(".rs", ""): null

2020-05-26 11:53:51 - [TEST_STEP][PASSED] - testObjects.add(objectSubFolder + fileNames[i]): null

2020-05-26 11:53:51 - [TEST_STEP][PASSED] - if (fileNames[i].contains(".rs")): null

2020-05-26 11:53:51 - [TEST_STEP][PASSED] - fileNames[i] = fileNames[i].replace(".rs", ""): null

2020-05-26 11:53:51 - [TEST_STEP][PASSED] - testObjects.add(objectSubFolder + fileNames[i]): null

2020-05-26 11:53:51 - [TEST_STEP][PASSED] - if (fileNames[i].contains(".rs")): null

2020-05-26 11:53:51 - [TEST_STEP][PASSED] - fileNames[i] = fileNames[i].replace(".rs", ""): null

2020-05-26 11:53:51 - [TEST_STEP][PASSED] - testObjects.add(objectSubFolder + fileNames[i]): null

2020-05-26 11:53:51 - [TEST_STEP][PASSED] - if (fileNames[i].contains(".rs")): null

2020-05-26 11:53:51 - [TEST_STEP][PASSED] - fileNames[i] = fileNames[i].replace(".rs", ""): null

2020-05-26 11:53:51 - [TEST_STEP][PASSED] - testObjects.add(objectSubFolder + fileNames[i]): null

2020-05-26 11:53:51 - [TEST_STEP][PASSED] - if (fileNames[i].contains(".rs")): null

2020-05-26 11:53:51 - [TEST_STEP][PASSED] - fileNames[i] = fileNames[i].replace(".rs", ""): null

2020-05-26 11:53:51 - [TEST_STEP][PASSED] - testObjects.add(objectSubFolder + fileNames[i]): null

2020-05-26 11:53:51 - [TEST_STEP][PASSED] - if (fileNames[i].contains(".rs")): null

2020-05-26 11:53:51 - [TEST_STEP][PASSED] - fileNames[i] = fileNames[i].replace(".rs", ""): null

2020-05-26 11:53:51 - [TEST_STEP][PASSED] - testObjects.add(objectSubFolder + fileNames[i]): null

2020-05-26 11:53:51 - [TEST_STEP][PASSED] - if (fileNames[i].contains(".rs")): null

2020-05-26 11:53:51 - [TEST_STEP][PASSED] - fileNames[i] = fileNames[i].replace(".rs", ""): null

2020-05-26 11:53:51 - [TEST_STEP][PASSED] - testObjects.add(objectSubFolder + fileNames[i]): null

2020-05-26 11:53:51 - [TEST_STEP][PASSED] - if (fileNames[i].contains(".rs")): null

2020-05-26 11:53:51 - [TEST_STEP][PASSED] - fileNames[i] = fileNames[i].replace(".rs", ""): null

2020-05-26 11:53:51 - [TEST_STEP][PASSED] - testObjects.add(objectSubFolder + fileNames[i]): null

2020-05-26 11:53:51 - [TEST_STEP][PASSED] - for (String obj : testObjects): Object 'Object Repository/Web RoomMe.id\Community Page\Community Registration\Textfield Mobile Number' is visible

2020-05-26 11:53:51 - [TEST_STEP][PASSED] - verifyElementVisible(findTestObject(obj)): Object 'Object Repository/Web RoomMe.id\Community Page\Community Registration\Button Submit' is visible

2020-05-26 11:53:51 - [MESSAGE][PASSED] - Object 'Object Repository/Web RoomMe.id\Community Page\Community Registration\Button Submit' is visible

2020-05-26 11:53:51 - [TEST_STEP][PASSED] - verifyElementVisible(findTestObject(obj)): Object 'Object Repository/Web RoomMe.id\Community Page\Community Registration\Dropdown Interest' is visible

2020-05-26 11:53:51 - [MESSAGE][PASSED] - Object 'Object Repository/Web RoomMe.id\Community Page\Community Registration\Dropdown Interest' is visible

2020-05-26 11:53:51 - [TEST_STEP][PASSED] - verifyElementVisible(findTestObject(obj)): Object 'Object Repository/Web RoomMe.id\Community Page\Community Registration\Image 2020 RoomMe All Right Reserved' is visible

2020-05-26 11:53:52 - [MESSAGE][PASSED] - Object 'Object Repository/Web RoomMe.id\Community Page\Community Registration\Image 2020 RoomMe All Right Reserved' is visible

2020-05-26 11:53:52 - [TEST_STEP][PASSED] - verifyElementVisible(findTestObject(obj)): Object 'Object Repository/Web RoomMe.id\Community Page\Community Registration\RadioButton Female' is visible

2020-05-26 11:53:53 - [MESSAGE][PASSED] - Object 'Object Repository/Web RoomMe.id\Community Page\Community Registration\RadioButton Female' is visible

2020-05-26 11:53:53 - [TEST_STEP][PASSED] - verifyElementVisible(findTestObject(obj)): Object 'Object Repository/Web RoomMe.id\Community Page\Community Registration\RadioButton Male' is visible

2020-05-26 11:53:53 - [MESSAGE][PASSED] - Object 'Object Repository/Web RoomMe.id\Community Page\Community Registration\RadioButton Male' is visible

2020-05-26 11:53:53 - [TEST_STEP][PASSED] - verifyElementVisible(findTestObject(obj)): Object 'Object Repository/Web RoomMe.id\Community Page\Community Registration\Text Birthdate' is visible

2020-05-26 11:53:53 - [MESSAGE][PASSED] - Object 'Object Repository/Web RoomMe.id\Community Page\Community Registration\Text Birthdate' is visible

2020-05-26 11:53:53 - [TEST_STEP][PASSED] - verifyElementVisible(findTestObject(obj)): Object 'Object Repository/Web RoomMe.id\Community Page\Community Registration\Text Community Registration' is visible

2020-05-26 11:53:54 - [MESSAGE][PASSED] - Object 'Object Repository/Web RoomMe.id\Community Page\Community Registration\Text Community Registration' is visible

2020-05-26 11:53:54 - [TEST_STEP][PASSED] - verifyElementVisible(findTestObject(obj)): Object 'Object Repository/Web RoomMe.id\Community Page\Community Registration\Text Email Address' is visible

2020-05-26 11:53:54 - [MESSAGE][PASSED] - Object 'Object Repository/Web RoomMe.id\Community Page\Community Registration\Text Email Address' is visible

2020-05-26 11:53:54 - [TEST_STEP][PASSED] - verifyElementVisible(findTestObject(obj)): Object 'Object Repository/Web RoomMe.id\Community Page\Community Registration\Text Full Name' is visible

2020-05-26 11:53:54 - [MESSAGE][PASSED] - Object 'Object Repository/Web RoomMe.id\Community Page\Community Registration\Text Full Name' is visible

2020-05-26 11:53:54 - [TEST_STEP][PASSED] - verifyElementVisible(findTestObject(obj)): Object 'Object Repository/Web RoomMe.id\Community Page\Community Registration\Text Gender' is visible

2020-05-26 11:53:55 - [MESSAGE][PASSED] - Object 'Object Repository/Web RoomMe.id\Community Page\Community Registration\Text Gender' is visible

2020-05-26 11:53:55 - [TEST_STEP][PASSED] - verifyElementVisible(findTestObject(obj)): Object 'Object Repository/Web RoomMe.id\Community Page\Community Registration\Text Interest' is visible

2020-05-26 11:53:55 - [MESSAGE][PASSED] - Object 'Object Repository/Web RoomMe.id\Community Page\Community Registration\Text Interest' is visible

2020-05-26 11:53:55 - [TEST_STEP][PASSED] - verifyElementVisible(findTestObject(obj)): Object 'Object Repository/Web RoomMe.id\Community Page\Community Registration\Text Mobile Number' is visible

2020-05-26 11:53:55 - [MESSAGE][PASSED] - Object 'Object Repository/Web RoomMe.id\Community Page\Community Registration\Text Mobile Number' is visible

2020-05-26 11:53:55 - [TEST_STEP][PASSED] - verifyElementVisible(findTestObject(obj)): Object 'Object Repository/Web RoomMe.id\Community Page\Community Registration\Text The minimum age allowed is 17 years' is visible

2020-05-26 11:53:55 - [MESSAGE][PASSED] - Object 'Object Repository/Web RoomMe.id\Community Page\Community Registration\Text The minimum age allowed is 17 years' is visible

2020-05-26 11:53:55 - [TEST_STEP][PASSED] - verifyElementVisible(findTestObject(obj)): Object 'Object Repository/Web RoomMe.id\Community Page\Community Registration\Textfield Email Address' is visible

2020-05-26 11:53:56 - [MESSAGE][PASSED] - Object 'Object Repository/Web RoomMe.id\Community Page\Community Registration\Textfield Email Address' is visible

2020-05-26 11:53:56 - [TEST_STEP][PASSED] - verifyElementVisible(findTestObject(obj)): Object 'Object Repository/Web RoomMe.id\Community Page\Community Registration\Textfield Full Name' is visible

2020-05-26 11:53:56 - [MESSAGE][PASSED] - Object 'Object Repository/Web RoomMe.id\Community Page\Community Registration\Textfield Full Name' is visible

2020-05-26 11:53:56 - [TEST_STEP][PASSED] - verifyElementVisible(findTestObject(obj)): Object 'Object Repository/Web RoomMe.id\Community Page\Community Registration\Textfield Mobile Number' is visible

2020-05-26 11:53:56 - [MESSAGE][PASSED] - Object 'Object Repository/Web RoomMe.id\Community Page\Community Registration\Textfield Mobile Number' is visible

2020-05-26 11:53:56 - [MESSAGE][PASSED] - Call Test Case 'Test Cases/Web RoomMe.id/20. Community Registration/1. Verify Registration Form' successfully

2020-05-26 11:53:56 - [TEST_STEP][PASSED] - waitForElementVisible(findTestObject("Web RoomMe.id/Community Page/Community Registration/Textfield Full Name"), 0): Object 'Object Repository/Web RoomMe.id/Community Page/Community Registration/Textfield Full Name' is visible

2020-05-26 11:53:56 - [MESSAGE][WARNING] - Timeout '0' is invalid. Using default page load timeout: '60'

2020-05-26 11:53:57 - [MESSAGE][PASSED] - Object 'Object Repository/Web RoomMe.id/Community Page/Community Registration/Textfield Full Name' is visible

2020-05-26 11:53:57 - [TEST_STEP][PASSED] - sendKeys(findTestObject("Web RoomMe.id/Community Page/Community Registration/Textfield Full Name"), "Faldi AT"): Keys 'Faldi AT' sent to object: 'Object Repository/Web RoomMe.id/Community Page/Community Registration/Textfield Full Name'

2020-05-26 11:53:57 - [MESSAGE][PASSED] - Keys 'Faldi AT' sent to object: 'Object Repository/Web RoomMe.id/Community Page/Community Registration/Textfield Full Name'

2020-05-26 11:53:57 - [TEST_STEP][PASSED] - click(findTestObject("Web RoomMe.id/Community Page/Community Registration/RadioButton Male")): Object: 'Object Repository/Web RoomMe.id/Community Page/Community Registration/RadioButton Male' is clicked on

2020-05-26 11:53:58 - [MESSAGE][PASSED] - Object: 'Object Repository/Web RoomMe.id/Community Page/Community Registration/RadioButton Male' is clicked on

2020-05-26 11:53:58 - [TEST_STEP][PASSED] - click(findTestObject("Web RoomMe.id/Community Page/Community Registration/Birthdate Datepicker/Datepicker Birthdate_date (1)")): Object: 'Object Repository/Web RoomMe.id/Community Page/Community Registration/Birthdate Datepicker/Datepicker Birthdate_date (1)' is clicked on

2020-05-26 11:53:58 - [MESSAGE][PASSED] - Object: 'Object Repository/Web RoomMe.id/Community Page/Community Registration/Birthdate Datepicker/Datepicker Birthdate_date (1)' is clicked on

2020-05-26 11:53:58 - [TEST_STEP][PASSED] - click(findTestObject("Web RoomMe.id/Community Page/Community Registration/Birthdate Datepicker/Button Day 1")): Object: 'Object Repository/Web RoomMe.id/Community Page/Community Registration/Birthdate Datepicker/Button Day 1' is clicked on

2020-05-26 11:53:59 - [MESSAGE][PASSED] - Object: 'Object Repository/Web RoomMe.id/Community Page/Community Registration/Birthdate Datepicker/Button Day 1' is clicked on

2020-05-26 11:53:59 - [TEST_STEP][PASSED] - sendKeys(findTestObject("Web RoomMe.id/Community Page/Community Registration/Textfield Mobile Number"), "081234567890"): Keys '081234567890' sent to object: 'Object Repository/Web RoomMe.id/Community Page/Community Registration/Textfield Mobile Number'

2020-05-26 11:54:00 - [MESSAGE][PASSED] - Keys '081234567890' sent to object: 'Object Repository/Web RoomMe.id/Community Page/Community Registration/Textfield Mobile Number'

2020-05-26 11:54:00 - [TEST_STEP][PASSED] - sendKeys(findTestObject("Web RoomMe.id/Community Page/Community Registration/Textfield Email Address"), "faldiat" + RandomStringUtils.randomNumeric(5)): Keys 'faldiat36256' sent to object: 'Object Repository/Web RoomMe.id/Community Page/Community Registration/Textfield Email Address'

2020-05-26 11:54:00 - [MESSAGE][PASSED] - Keys 'faldiat36256' sent to object: 'Object Repository/Web RoomMe.id/Community Page/Community Registration/Textfield Email Address'

2020-05-26 11:54:00 - [TEST_STEP][PASSED] - sendKeys(findTestObject("Web RoomMe.id/Community Page/Community Registration/Textfield Email Address"), "@gmail.com"): Keys '@gmail.com' sent to object: 'Object Repository/Web RoomMe.id/Community Page/Community Registration/Textfield Email Address'

2020-05-26 11:54:01 - [MESSAGE][PASSED] - Keys '@gmail.com' sent to object: 'Object Repository/Web RoomMe.id/Community Page/Community Registration/Textfield Email Address'

2020-05-26 11:54:01 - [TEST_STEP][PASSED] - selectOptionByIndex(findTestObject("Web RoomMe.id/Community Page/Community Registration/Dropdown Interest"), "4"): All options with index in [4] are selected on object 'Object Repository/Web RoomMe.id/Community Page/Community Registration/Dropdown Interest'

2020-05-26 11:54:02 - [MESSAGE][PASSED] - All options with index in [4] are selected on object 'Object Repository/Web RoomMe.id/Community Page/Community Registration/Dropdown Interest'

2020-05-26 11:54:02 - [TEST_STEP][PASSED] - click(findTestObject("Web RoomMe.id/Community Page/Community Registration/Button Submit")): Object: 'Object Repository/Web RoomMe.id/Community Page/Community Registration/Button Submit' is clicked on

2020-05-26 11:54:03 - [MESSAGE][PASSED] - Object: 'Object Repository/Web RoomMe.id/Community Page/Community Registration/Button Submit' is clicked on

2020-05-26 11:54:03 - [TEST_STEP][PASSED] - waitForElementVisible(findTestObject("Web RoomMe.id/Community Page/Community Registration/Success Message/Button Close"), 0): Object 'Object Repository/Web RoomMe.id/Community Page/Community Registration/Success Message/Button Close' is visible

2020-05-26 11:54:03 - [MESSAGE][WARNING] - Timeout '0' is invalid. Using default page load timeout: '60'

2020-05-26 11:54:04 - [MESSAGE][PASSED] - Object 'Object Repository/Web RoomMe.id/Community Page/Community Registration/Success Message/Button Close' is visible

2020-05-26 11:54:04 - [TEST_STEP][PASSED] - waitForElementVisible(findTestObject("Web RoomMe.id/Community Page/Community Registration/Success Message/Image Success"), 0): Object 'Object Repository/Web RoomMe.id/Community Page/Community Registration/Success Message/Image Success' is visible

2020-05-26 11:54:04 - [MESSAGE][WARNING] - Timeout '0' is invalid. Using default page load timeout: '60'

2020-05-26 11:54:04 - [MESSAGE][PASSED] - Object 'Object Repository/Web RoomMe.id/Community Page/Community Registration/Success Message/Image Success' is visible

2020-05-26 11:54:04 - [TEST_STEP][PASSED] - waitForElementVisible(findTestObject("Web RoomMe.id/Community Page/Community Registration/Success Message/Text Well done Welcome to our community and we will contact you through email"), 0): Object 'Object Repository/Web RoomMe.id/Community Page/Community Registration/Success Message/Text Well done Welcome to our community and we will contact you through email' is visible

2020-05-26 11:54:04 - [MESSAGE][WARNING] - Timeout '0' is invalid. Using default page load timeout: '60'

2020-05-26 11:54:04 - [MESSAGE][PASSED] - Object 'Object Repository/Web RoomMe.id/Community Page/Community Registration/Success Message/Text Well done Welcome to our community and we will contact you through email' is visible

2020-05-26 11:54:04 - [TEST_STEP][PASSED] - waitForElementVisible(findTestObject("Web RoomMe.id/Community Page/Community Registration/Success Message/Text Community Registration Successfull"), 0): Object 'Object Repository/Web RoomMe.id/Community Page/Community Registration/Success Message/Text Community Registration Successfull' is visible

2020-05-26 11:54:04 - [MESSAGE][WARNING] - Timeout '0' is invalid. Using default page load timeout: '60'

2020-05-26 11:54:05 - [MESSAGE][PASSED] - Object 'Object Repository/Web RoomMe.id/Community Page/Community Registration/Success Message/Text Community Registration Successfull' is visible]]></system-out>
         <system-err><![CDATA[]]></system-err>
      </testcase>
      <testcase name="Test Cases/Web RoomMe.id/20. Community Registration/3. Customer Register with Blank Data" time="21.329" classname="Test Cases/Web RoomMe.id/20. Community Registration/3. Customer Register with Blank Data" status="PASSED">
         <system-out><![CDATA[2020-05-26 11:54:05 - [TEST_CASE][PASSED] - Test Cases/Web RoomMe.id/20. Community Registration/3. Customer Register with Blank Data: Test Cases/Web RoomMe.id/20. Community Registration/3. Customer Register with Blank Data

2020-05-26 11:54:05 - [TEST_STEP][PASSED] - callTestCase(findTestCase("Web RoomMe.id/6. Community/Customer Access Community Page"), [:], STOP_ON_FAILURE): Call Test Case 'Test Cases/Web RoomMe.id/6. Community/Customer Access Community Page' successfully

2020-05-26 11:54:05 - [TEST_CASE][PASSED] - Test Cases/Web RoomMe.id/6. Community/Customer Access Community Page: Test Cases/Web RoomMe.id/6. Community/Customer Access Community Page

2020-05-26 11:54:05 - [TEST_STEP][PASSED] - callTestCase(findTestCase("Web RoomMe.id/1. Homepage/1. Customer Access RoomMe Page"), [:], STOP_ON_FAILURE): Call Test Case 'Test Cases/Web RoomMe.id/1. Homepage/1. Customer Access RoomMe Page' successfully

2020-05-26 11:54:05 - [TEST_CASE][PASSED] - Test Cases/Web RoomMe.id/1. Homepage/1. Customer Access RoomMe Page: Test Cases/Web RoomMe.id/1. Homepage/1. Customer Access RoomMe Page

2020-05-26 11:54:05 - [TEST_STEP][PASSED] - openBrowser(url): Browser is opened with url: 'web.roomme.id'

2020-05-26 11:54:05 - [MESSAGE][WARNING] - A browser is already opened. Closing browser and opening a new one

2020-05-26 11:54:06 - [MESSAGE][INFO] - Starting 'Chrome' driver

2020-05-26 11:54:13 - [MESSAGE][PASSED] - Browser is opened with url: 'web.roomme.id'

2020-05-26 11:54:13 - [TEST_STEP][PASSED] - maximizeWindow(): Current window maximized

2020-05-26 11:54:15 - [MESSAGE][PASSED] - Current window maximized

2020-05-26 11:54:15 - [TEST_STEP][PASSED] - waitForPageLoad(0): Wait for page load successfully

2020-05-26 11:54:15 - [MESSAGE][WARNING] - Timeout '0' is invalid. Using default page load timeout: '60'

2020-05-26 11:54:15 - [MESSAGE][PASSED] - Wait for page load successfully

2020-05-26 11:54:15 - [MESSAGE][PASSED] - Call Test Case 'Test Cases/Web RoomMe.id/1. Homepage/1. Customer Access RoomMe Page' successfully

2020-05-26 11:54:15 - [TEST_STEP][PASSED] - waitForElementVisible(findTestObject("Web RoomMe.id/RoomMe.id Header/Button Community"), 30): Object 'Object Repository/Web RoomMe.id/RoomMe.id Header/Button Community' is visible

2020-05-26 11:54:16 - [MESSAGE][PASSED] - Object 'Object Repository/Web RoomMe.id/RoomMe.id Header/Button Community' is visible

2020-05-26 11:54:16 - [TEST_STEP][PASSED] - click(findTestObject("Web RoomMe.id/RoomMe.id Header/Button Community")): Object: 'Object Repository/Web RoomMe.id/RoomMe.id Header/Button Community' is clicked on

2020-05-26 11:54:18 - [MESSAGE][PASSED] - Object: 'Object Repository/Web RoomMe.id/RoomMe.id Header/Button Community' is clicked on

2020-05-26 11:54:18 - [TEST_STEP][PASSED] - waitForPageLoad(0): Wait for page load successfully

2020-05-26 11:54:18 - [MESSAGE][WARNING] - Timeout '0' is invalid. Using default page load timeout: '60'

2020-05-26 11:54:22 - [MESSAGE][PASSED] - Wait for page load successfully

2020-05-26 11:54:22 - [MESSAGE][PASSED] - Call Test Case 'Test Cases/Web RoomMe.id/6. Community/Customer Access Community Page' successfully

2020-05-26 11:54:22 - [TEST_STEP][PASSED] - waitForElementVisible(findTestObject("Web RoomMe.id/Community Page/Welcome Video/Button Continue on the Form Registration"), 0): Object 'Object Repository/Web RoomMe.id/Community Page/Welcome Video/Button Continue on the Form Registration' is visible

2020-05-26 11:54:22 - [MESSAGE][WARNING] - Timeout '0' is invalid. Using default page load timeout: '60'

2020-05-26 11:54:22 - [MESSAGE][PASSED] - Object 'Object Repository/Web RoomMe.id/Community Page/Welcome Video/Button Continue on the Form Registration' is visible

2020-05-26 11:54:22 - [TEST_STEP][PASSED] - click(findTestObject("Web RoomMe.id/Community Page/Welcome Video/Button Continue on the Form Registration")): Object: 'Object Repository/Web RoomMe.id/Community Page/Welcome Video/Button Continue on the Form Registration' is clicked on

2020-05-26 11:54:23 - [MESSAGE][PASSED] - Object: 'Object Repository/Web RoomMe.id/Community Page/Welcome Video/Button Continue on the Form Registration' is clicked on

2020-05-26 11:54:23 - [TEST_STEP][PASSED] - waitForElementVisible(findTestObject("Web RoomMe.id/Community Page/Community Registration/Button Submit"), 0): Object 'Object Repository/Web RoomMe.id/Community Page/Community Registration/Button Submit' is visible

2020-05-26 11:54:23 - [MESSAGE][WARNING] - Timeout '0' is invalid. Using default page load timeout: '60'

2020-05-26 11:54:23 - [MESSAGE][PASSED] - Object 'Object Repository/Web RoomMe.id/Community Page/Community Registration/Button Submit' is visible

2020-05-26 11:54:23 - [TEST_STEP][PASSED] - click(findTestObject("Web RoomMe.id/Community Page/Community Registration/Button Submit")): Object: 'Object Repository/Web RoomMe.id/Community Page/Community Registration/Button Submit' is clicked on

2020-05-26 11:54:24 - [MESSAGE][PASSED] - Object: 'Object Repository/Web RoomMe.id/Community Page/Community Registration/Button Submit' is clicked on

2020-05-26 11:54:24 - [TEST_STEP][PASSED] - waitForElementVisible(findTestObject("Web RoomMe.id/Community Page/Community Registration/Error Message/Text Email is required"), 0): Object 'Object Repository/Web RoomMe.id/Community Page/Community Registration/Error Message/Text Email is required' is visible

2020-05-26 11:54:24 - [MESSAGE][WARNING] - Timeout '0' is invalid. Using default page load timeout: '60'

2020-05-26 11:54:24 - [MESSAGE][PASSED] - Object 'Object Repository/Web RoomMe.id/Community Page/Community Registration/Error Message/Text Email is required' is visible

2020-05-26 11:54:24 - [TEST_STEP][PASSED] - waitForElementVisible(findTestObject("Web RoomMe.id/Community Page/Community Registration/Error Message/Text Gender is required"), 0): Object 'Object Repository/Web RoomMe.id/Community Page/Community Registration/Error Message/Text Gender is required' is visible

2020-05-26 11:54:24 - [MESSAGE][WARNING] - Timeout '0' is invalid. Using default page load timeout: '60'

2020-05-26 11:54:25 - [MESSAGE][PASSED] - Object 'Object Repository/Web RoomMe.id/Community Page/Community Registration/Error Message/Text Gender is required' is visible

2020-05-26 11:54:25 - [TEST_STEP][PASSED] - waitForElementVisible(findTestObject("Web RoomMe.id/Community Page/Community Registration/Error Message/Text Interest is required"), 0): Object 'Object Repository/Web RoomMe.id/Community Page/Community Registration/Error Message/Text Interest is required' is visible

2020-05-26 11:54:25 - [MESSAGE][WARNING] - Timeout '0' is invalid. Using default page load timeout: '60'

2020-05-26 11:54:25 - [MESSAGE][PASSED] - Object 'Object Repository/Web RoomMe.id/Community Page/Community Registration/Error Message/Text Interest is required' is visible

2020-05-26 11:54:25 - [TEST_STEP][PASSED] - waitForElementVisible(findTestObject("Web RoomMe.id/Community Page/Community Registration/Error Message/Text Name is required"), 0): Object 'Object Repository/Web RoomMe.id/Community Page/Community Registration/Error Message/Text Name is required' is visible

2020-05-26 11:54:25 - [MESSAGE][WARNING] - Timeout '0' is invalid. Using default page load timeout: '60'

2020-05-26 11:54:26 - [MESSAGE][PASSED] - Object 'Object Repository/Web RoomMe.id/Community Page/Community Registration/Error Message/Text Name is required' is visible

2020-05-26 11:54:26 - [TEST_STEP][PASSED] - waitForElementVisible(findTestObject("Web RoomMe.id/Community Page/Community Registration/Error Message/Text Phone is required"), 0): Object 'Object Repository/Web RoomMe.id/Community Page/Community Registration/Error Message/Text Phone is required' is visible

2020-05-26 11:54:26 - [MESSAGE][WARNING] - Timeout '0' is invalid. Using default page load timeout: '60'

2020-05-26 11:54:26 - [MESSAGE][PASSED] - Object 'Object Repository/Web RoomMe.id/Community Page/Community Registration/Error Message/Text Phone is required' is visible]]></system-out>
         <system-err><![CDATA[]]></system-err>
      </testcase>
      <testcase name="Test Cases/Web RoomMe.id/20. Community Registration/4. Customer Input Full Name with Invalid Data" time="23.884" classname="Test Cases/Web RoomMe.id/20. Community Registration/4. Customer Input Full Name with Invalid Data" status="PASSED">
         <system-out><![CDATA[2020-05-26 11:54:26 - [TEST_CASE][PASSED] - Test Cases/Web RoomMe.id/20. Community Registration/4. Customer Input Full Name with Invalid Data: Test Cases/Web RoomMe.id/20. Community Registration/4. Customer Input Full Name with Invalid Data

2020-05-26 11:54:26 - [TEST_STEP][PASSED] - callTestCase(findTestCase("Web RoomMe.id/6. Community/Customer Access Community Page"), [:], STOP_ON_FAILURE): Call Test Case 'Test Cases/Web RoomMe.id/6. Community/Customer Access Community Page' successfully

2020-05-26 11:54:26 - [TEST_CASE][PASSED] - Test Cases/Web RoomMe.id/6. Community/Customer Access Community Page: Test Cases/Web RoomMe.id/6. Community/Customer Access Community Page

2020-05-26 11:54:26 - [TEST_STEP][PASSED] - callTestCase(findTestCase("Web RoomMe.id/1. Homepage/1. Customer Access RoomMe Page"), [:], STOP_ON_FAILURE): Call Test Case 'Test Cases/Web RoomMe.id/1. Homepage/1. Customer Access RoomMe Page' successfully

2020-05-26 11:54:26 - [TEST_CASE][PASSED] - Test Cases/Web RoomMe.id/1. Homepage/1. Customer Access RoomMe Page: Test Cases/Web RoomMe.id/1. Homepage/1. Customer Access RoomMe Page

2020-05-26 11:54:26 - [TEST_STEP][PASSED] - openBrowser(url): Browser is opened with url: 'web.roomme.id'

2020-05-26 11:54:26 - [MESSAGE][WARNING] - A browser is already opened. Closing browser and opening a new one

2020-05-26 11:54:27 - [MESSAGE][INFO] - Starting 'Chrome' driver

2020-05-26 11:54:34 - [MESSAGE][PASSED] - Browser is opened with url: 'web.roomme.id'

2020-05-26 11:54:34 - [TEST_STEP][PASSED] - maximizeWindow(): Current window maximized

2020-05-26 11:54:36 - [MESSAGE][PASSED] - Current window maximized

2020-05-26 11:54:36 - [TEST_STEP][PASSED] - waitForPageLoad(0): Wait for page load successfully

2020-05-26 11:54:36 - [MESSAGE][WARNING] - Timeout '0' is invalid. Using default page load timeout: '60'

2020-05-26 11:54:36 - [MESSAGE][PASSED] - Wait for page load successfully

2020-05-26 11:54:36 - [MESSAGE][PASSED] - Call Test Case 'Test Cases/Web RoomMe.id/1. Homepage/1. Customer Access RoomMe Page' successfully

2020-05-26 11:54:36 - [TEST_STEP][PASSED] - waitForElementVisible(findTestObject("Web RoomMe.id/RoomMe.id Header/Button Community"), 30): Object 'Object Repository/Web RoomMe.id/RoomMe.id Header/Button Community' is visible

2020-05-26 11:54:36 - [MESSAGE][PASSED] - Object 'Object Repository/Web RoomMe.id/RoomMe.id Header/Button Community' is visible

2020-05-26 11:54:36 - [TEST_STEP][PASSED] - click(findTestObject("Web RoomMe.id/RoomMe.id Header/Button Community")): Object: 'Object Repository/Web RoomMe.id/RoomMe.id Header/Button Community' is clicked on

2020-05-26 11:54:38 - [MESSAGE][PASSED] - Object: 'Object Repository/Web RoomMe.id/RoomMe.id Header/Button Community' is clicked on

2020-05-26 11:54:38 - [TEST_STEP][PASSED] - waitForPageLoad(0): Wait for page load successfully

2020-05-26 11:54:38 - [MESSAGE][WARNING] - Timeout '0' is invalid. Using default page load timeout: '60'

2020-05-26 11:54:41 - [MESSAGE][PASSED] - Wait for page load successfully

2020-05-26 11:54:41 - [MESSAGE][PASSED] - Call Test Case 'Test Cases/Web RoomMe.id/6. Community/Customer Access Community Page' successfully

2020-05-26 11:54:41 - [TEST_STEP][PASSED] - waitForElementVisible(findTestObject("Web RoomMe.id/Community Page/Welcome Video/Button Continue on the Form Registration"), 0): Object 'Object Repository/Web RoomMe.id/Community Page/Welcome Video/Button Continue on the Form Registration' is visible

2020-05-26 11:54:41 - [MESSAGE][WARNING] - Timeout '0' is invalid. Using default page load timeout: '60'

2020-05-26 11:54:42 - [MESSAGE][PASSED] - Object 'Object Repository/Web RoomMe.id/Community Page/Welcome Video/Button Continue on the Form Registration' is visible

2020-05-26 11:54:42 - [TEST_STEP][PASSED] - click(findTestObject("Web RoomMe.id/Community Page/Welcome Video/Button Continue on the Form Registration")): Object: 'Object Repository/Web RoomMe.id/Community Page/Welcome Video/Button Continue on the Form Registration' is clicked on

2020-05-26 11:54:42 - [MESSAGE][PASSED] - Object: 'Object Repository/Web RoomMe.id/Community Page/Welcome Video/Button Continue on the Form Registration' is clicked on

2020-05-26 11:54:42 - [TEST_STEP][PASSED] - waitForElementVisible(findTestObject("Web RoomMe.id/Community Page/Community Registration/Textfield Full Name"), 0): Object 'Object Repository/Web RoomMe.id/Community Page/Community Registration/Textfield Full Name' is visible

2020-05-26 11:54:42 - [MESSAGE][WARNING] - Timeout '0' is invalid. Using default page load timeout: '60'

2020-05-26 11:54:43 - [MESSAGE][PASSED] - Object 'Object Repository/Web RoomMe.id/Community Page/Community Registration/Textfield Full Name' is visible

2020-05-26 11:54:43 - [TEST_STEP][PASSED] - sendKeys(findTestObject("Web RoomMe.id/Community Page/Community Registration/Textfield Full Name"), "ab"): Keys 'ab' sent to object: 'Object Repository/Web RoomMe.id/Community Page/Community Registration/Textfield Full Name'

2020-05-26 11:54:43 - [MESSAGE][PASSED] - Keys 'ab' sent to object: 'Object Repository/Web RoomMe.id/Community Page/Community Registration/Textfield Full Name'

2020-05-26 11:54:43 - [TEST_STEP][PASSED] - waitForElementVisible(findTestObject("Web RoomMe.id/Community Page/Community Registration/Error Message/Text At least input 3 characters long"), 0): Object 'Object Repository/Web RoomMe.id/Community Page/Community Registration/Error Message/Text At least input 3 characters long' is visible

2020-05-26 11:54:43 - [MESSAGE][WARNING] - Timeout '0' is invalid. Using default page load timeout: '60'

2020-05-26 11:54:44 - [MESSAGE][PASSED] - Object 'Object Repository/Web RoomMe.id/Community Page/Community Registration/Error Message/Text At least input 3 characters long' is visible

2020-05-26 11:54:44 - [TEST_STEP][PASSED] - sendKeys(findTestObject("Web RoomMe.id/Community Page/Community Registration/Textfield Full Name"), Keys.chord(CONTROL, "a", BACK_SPACE)): Keys 'CONTROL + BACK_SPACE + a' sent to object: 'Object Repository/Web RoomMe.id/Community Page/Community Registration/Textfield Full Name'

2020-05-26 11:54:44 - [MESSAGE][PASSED] - Keys 'CONTROL + BACK_SPACE + a' sent to object: 'Object Repository/Web RoomMe.id/Community Page/Community Registration/Textfield Full Name'

2020-05-26 11:54:44 - [TEST_STEP][PASSED] - sendKeys(findTestObject("Web RoomMe.id/Community Page/Community Registration/Textfield Full Name"), "123"): Keys '123' sent to object: 'Object Repository/Web RoomMe.id/Community Page/Community Registration/Textfield Full Name'

2020-05-26 11:54:45 - [MESSAGE][PASSED] - Keys '123' sent to object: 'Object Repository/Web RoomMe.id/Community Page/Community Registration/Textfield Full Name'

2020-05-26 11:54:45 - [TEST_STEP][PASSED] - waitForElementVisible(findTestObject("Web RoomMe.id/Community Page/Community Registration/Error Message/Text Your name seems to contain incorrect characters"), 0): Object 'Object Repository/Web RoomMe.id/Community Page/Community Registration/Error Message/Text Your name seems to contain incorrect characters' is visible

2020-05-26 11:54:45 - [MESSAGE][WARNING] - Timeout '0' is invalid. Using default page load timeout: '60'

2020-05-26 11:54:46 - [MESSAGE][PASSED] - Object 'Object Repository/Web RoomMe.id/Community Page/Community Registration/Error Message/Text Your name seems to contain incorrect characters' is visible

2020-05-26 11:54:46 - [TEST_STEP][PASSED] - sendKeys(findTestObject("Web RoomMe.id/Community Page/Community Registration/Textfield Full Name"), Keys.chord(CONTROL, "a", BACK_SPACE)): Keys 'CONTROL + BACK_SPACE + a' sent to object: 'Object Repository/Web RoomMe.id/Community Page/Community Registration/Textfield Full Name'

2020-05-26 11:54:46 - [MESSAGE][PASSED] - Keys 'CONTROL + BACK_SPACE + a' sent to object: 'Object Repository/Web RoomMe.id/Community Page/Community Registration/Textfield Full Name'

2020-05-26 11:54:46 - [TEST_STEP][PASSED] - sendKeys(findTestObject("Web RoomMe.id/Community Page/Community Registration/Textfield Full Name"), "!@#$"): Keys '!@#$' sent to object: 'Object Repository/Web RoomMe.id/Community Page/Community Registration/Textfield Full Name'

2020-05-26 11:54:47 - [MESSAGE][PASSED] - Keys '!@#$' sent to object: 'Object Repository/Web RoomMe.id/Community Page/Community Registration/Textfield Full Name'

2020-05-26 11:54:47 - [TEST_STEP][PASSED] - waitForElementVisible(findTestObject("Web RoomMe.id/Community Page/Community Registration/Error Message/Text Your name seems to contain incorrect characters"), 0): Object 'Object Repository/Web RoomMe.id/Community Page/Community Registration/Error Message/Text Your name seems to contain incorrect characters' is visible

2020-05-26 11:54:47 - [MESSAGE][WARNING] - Timeout '0' is invalid. Using default page load timeout: '60'

2020-05-26 11:54:48 - [MESSAGE][PASSED] - Object 'Object Repository/Web RoomMe.id/Community Page/Community Registration/Error Message/Text Your name seems to contain incorrect characters' is visible

2020-05-26 11:54:48 - [TEST_STEP][PASSED] - sendKeys(findTestObject("Web RoomMe.id/Community Page/Community Registration/Textfield Full Name"), Keys.chord(CONTROL, "a", BACK_SPACE)): Keys 'CONTROL + BACK_SPACE + a' sent to object: 'Object Repository/Web RoomMe.id/Community Page/Community Registration/Textfield Full Name'

2020-05-26 11:54:48 - [MESSAGE][PASSED] - Keys 'CONTROL + BACK_SPACE + a' sent to object: 'Object Repository/Web RoomMe.id/Community Page/Community Registration/Textfield Full Name'

2020-05-26 11:54:48 - [TEST_STEP][PASSED] - sendKeys(findTestObject("Web RoomMe.id/Community Page/Community Registration/Textfield Full Name"), "abcde12345abcde12345abcde12345abcde12345abcde12345as"): Keys 'abcde12345abcde12345abcde12345abcde12345abcde12345as' sent to object: 'Object Repository/Web RoomMe.id/Community Page/Community Registration/Textfield Full Name'

2020-05-26 11:54:49 - [MESSAGE][PASSED] - Keys 'abcde12345abcde12345abcde12345abcde12345abcde12345as' sent to object: 'Object Repository/Web RoomMe.id/Community Page/Community Registration/Textfield Full Name'

2020-05-26 11:54:49 - [TEST_STEP][PASSED] - waitForElementVisible(findTestObject("Web RoomMe.id/Community Page/Community Registration/Error Message/Text Name input characters is 50"), 0): Object 'Object Repository/Web RoomMe.id/Community Page/Community Registration/Error Message/Text Name input characters is 50' is visible

2020-05-26 11:54:49 - [MESSAGE][WARNING] - Timeout '0' is invalid. Using default page load timeout: '60'

2020-05-26 11:54:50 - [MESSAGE][PASSED] - Object 'Object Repository/Web RoomMe.id/Community Page/Community Registration/Error Message/Text Name input characters is 50' is visible

2020-05-26 11:54:50 - [TEST_STEP][PASSED] - sendKeys(findTestObject("Web RoomMe.id/Community Page/Community Registration/Textfield Full Name"), Keys.chord(CONTROL, "a", BACK_SPACE)): Keys 'CONTROL + BACK_SPACE + a' sent to object: 'Object Repository/Web RoomMe.id/Community Page/Community Registration/Textfield Full Name'

2020-05-26 11:54:50 - [MESSAGE][PASSED] - Keys 'CONTROL + BACK_SPACE + a' sent to object: 'Object Repository/Web RoomMe.id/Community Page/Community Registration/Textfield Full Name']]></system-out>
         <system-err><![CDATA[]]></system-err>
      </testcase>
      <testcase name="Test Cases/Web RoomMe.id/20. Community Registration/5. Customer Register with Invalid Full Name" time="36.752" classname="Test Cases/Web RoomMe.id/20. Community Registration/5. Customer Register with Invalid Full Name" status="PASSED">
         <system-out><![CDATA[2020-05-26 11:54:50 - [TEST_CASE][PASSED] - Test Cases/Web RoomMe.id/20. Community Registration/5. Customer Register with Invalid Full Name: Test Cases/Web RoomMe.id/20. Community Registration/5. Customer Register with Invalid Full Name

2020-05-26 11:54:50 - [TEST_STEP][PASSED] - callTestCase(findTestCase("Web RoomMe.id/6. Community/Customer Access Community Page"), [:], STOP_ON_FAILURE): Call Test Case 'Test Cases/Web RoomMe.id/6. Community/Customer Access Community Page' successfully

2020-05-26 11:54:50 - [TEST_CASE][PASSED] - Test Cases/Web RoomMe.id/6. Community/Customer Access Community Page: Test Cases/Web RoomMe.id/6. Community/Customer Access Community Page

2020-05-26 11:54:50 - [TEST_STEP][PASSED] - callTestCase(findTestCase("Web RoomMe.id/1. Homepage/1. Customer Access RoomMe Page"), [:], STOP_ON_FAILURE): Call Test Case 'Test Cases/Web RoomMe.id/1. Homepage/1. Customer Access RoomMe Page' successfully

2020-05-26 11:54:50 - [TEST_CASE][PASSED] - Test Cases/Web RoomMe.id/1. Homepage/1. Customer Access RoomMe Page: Test Cases/Web RoomMe.id/1. Homepage/1. Customer Access RoomMe Page

2020-05-26 11:54:50 - [TEST_STEP][PASSED] - openBrowser(url): Browser is opened with url: 'web.roomme.id'

2020-05-26 11:54:50 - [MESSAGE][WARNING] - A browser is already opened. Closing browser and opening a new one

2020-05-26 11:54:51 - [MESSAGE][INFO] - Starting 'Chrome' driver

2020-05-26 11:54:57 - [MESSAGE][PASSED] - Browser is opened with url: 'web.roomme.id'

2020-05-26 11:54:57 - [TEST_STEP][PASSED] - maximizeWindow(): Current window maximized

2020-05-26 11:54:59 - [MESSAGE][PASSED] - Current window maximized

2020-05-26 11:54:59 - [TEST_STEP][PASSED] - waitForPageLoad(0): Wait for page load successfully

2020-05-26 11:54:59 - [MESSAGE][WARNING] - Timeout '0' is invalid. Using default page load timeout: '60'

2020-05-26 11:54:59 - [MESSAGE][PASSED] - Wait for page load successfully

2020-05-26 11:54:59 - [MESSAGE][PASSED] - Call Test Case 'Test Cases/Web RoomMe.id/1. Homepage/1. Customer Access RoomMe Page' successfully

2020-05-26 11:54:59 - [TEST_STEP][PASSED] - waitForElementVisible(findTestObject("Web RoomMe.id/RoomMe.id Header/Button Community"), 30): Object 'Object Repository/Web RoomMe.id/RoomMe.id Header/Button Community' is visible

2020-05-26 11:55:00 - [MESSAGE][PASSED] - Object 'Object Repository/Web RoomMe.id/RoomMe.id Header/Button Community' is visible

2020-05-26 11:55:00 - [TEST_STEP][PASSED] - click(findTestObject("Web RoomMe.id/RoomMe.id Header/Button Community")): Object: 'Object Repository/Web RoomMe.id/RoomMe.id Header/Button Community' is clicked on

2020-05-26 11:55:02 - [MESSAGE][PASSED] - Object: 'Object Repository/Web RoomMe.id/RoomMe.id Header/Button Community' is clicked on

2020-05-26 11:55:02 - [TEST_STEP][PASSED] - waitForPageLoad(0): Wait for page load successfully

2020-05-26 11:55:02 - [MESSAGE][WARNING] - Timeout '0' is invalid. Using default page load timeout: '60'

2020-05-26 11:55:05 - [MESSAGE][PASSED] - Wait for page load successfully

2020-05-26 11:55:05 - [MESSAGE][PASSED] - Call Test Case 'Test Cases/Web RoomMe.id/6. Community/Customer Access Community Page' successfully

2020-05-26 11:55:05 - [TEST_STEP][PASSED] - waitForElementVisible(findTestObject("Web RoomMe.id/Community Page/Welcome Video/Button Continue on the Form Registration"), 0): Object 'Object Repository/Web RoomMe.id/Community Page/Welcome Video/Button Continue on the Form Registration' is visible

2020-05-26 11:55:05 - [MESSAGE][WARNING] - Timeout '0' is invalid. Using default page load timeout: '60'

2020-05-26 11:55:05 - [MESSAGE][PASSED] - Object 'Object Repository/Web RoomMe.id/Community Page/Welcome Video/Button Continue on the Form Registration' is visible

2020-05-26 11:55:05 - [TEST_STEP][PASSED] - click(findTestObject("Web RoomMe.id/Community Page/Welcome Video/Button Continue on the Form Registration"), STOP_ON_FAILURE): Object: 'Object Repository/Web RoomMe.id/Community Page/Welcome Video/Button Continue on the Form Registration' is clicked on

2020-05-26 11:55:06 - [MESSAGE][PASSED] - Object: 'Object Repository/Web RoomMe.id/Community Page/Welcome Video/Button Continue on the Form Registration' is clicked on

2020-05-26 11:55:06 - [TEST_STEP][PASSED] - callTestCase(findTestCase("Web RoomMe.id/20. Community Registration/1. Verify Registration Form"), [:], STOP_ON_FAILURE): Call Test Case 'Test Cases/Web RoomMe.id/20. Community Registration/1. Verify Registration Form' successfully

2020-05-26 11:55:06 - [TEST_CASE][PASSED] - Test Cases/Web RoomMe.id/20. Community Registration/1. Verify Registration Form: Test Cases/Web RoomMe.id/20. Community Registration/1. Verify Registration Form

2020-05-26 11:55:06 - [TEST_STEP][PASSED] - objectSubFolder = "Web RoomMe.id\Community Page\Community Registration\": null

2020-05-26 11:55:06 - [TEST_STEP][PASSED] - pathToObjRep = getProjectDir() + "\Object Repository\" + objectSubFolder: null

2020-05-26 11:55:06 - [TEST_STEP][PASSED] - yourObjects = new java.io.File(pathToObjRep): null

2020-05-26 11:55:06 - [TEST_STEP][PASSED] - fileNames = yourObjects.list(): null

2020-05-26 11:55:06 - [TEST_STEP][PASSED] - testObjects = new java.util.ArrayList(): null

2020-05-26 11:55:06 - [TEST_STEP][PASSED] - for ([i = 0, i < length, (i++)]): null

2020-05-26 11:55:06 - [TEST_STEP][PASSED] - if (fileNames[i].contains(".rs")): null

2020-05-26 11:55:06 - [TEST_STEP][PASSED] - if (fileNames[i].contains(".rs")): null

2020-05-26 11:55:06 - [TEST_STEP][PASSED] - fileNames[i] = fileNames[i].replace(".rs", ""): null

2020-05-26 11:55:06 - [TEST_STEP][PASSED] - testObjects.add(objectSubFolder + fileNames[i]): null

2020-05-26 11:55:06 - [TEST_STEP][PASSED] - if (fileNames[i].contains(".rs")): null

2020-05-26 11:55:06 - [TEST_STEP][PASSED] - fileNames[i] = fileNames[i].replace(".rs", ""): null

2020-05-26 11:55:06 - [TEST_STEP][PASSED] - testObjects.add(objectSubFolder + fileNames[i]): null

2020-05-26 11:55:06 - [TEST_STEP][PASSED] - if (fileNames[i].contains(".rs")): null

2020-05-26 11:55:06 - [TEST_STEP][PASSED] - if (fileNames[i].contains(".rs")): null

2020-05-26 11:55:06 - [TEST_STEP][PASSED] - fileNames[i] = fileNames[i].replace(".rs", ""): null

2020-05-26 11:55:06 - [TEST_STEP][PASSED] - testObjects.add(objectSubFolder + fileNames[i]): null

2020-05-26 11:55:06 - [TEST_STEP][PASSED] - if (fileNames[i].contains(".rs")): null

2020-05-26 11:55:06 - [TEST_STEP][PASSED] - fileNames[i] = fileNames[i].replace(".rs", ""): null

2020-05-26 11:55:06 - [TEST_STEP][PASSED] - testObjects.add(objectSubFolder + fileNames[i]): null

2020-05-26 11:55:06 - [TEST_STEP][PASSED] - if (fileNames[i].contains(".rs")): null

2020-05-26 11:55:06 - [TEST_STEP][PASSED] - fileNames[i] = fileNames[i].replace(".rs", ""): null

2020-05-26 11:55:06 - [TEST_STEP][PASSED] - testObjects.add(objectSubFolder + fileNames[i]): null

2020-05-26 11:55:06 - [TEST_STEP][PASSED] - if (fileNames[i].contains(".rs")): null

2020-05-26 11:55:06 - [TEST_STEP][PASSED] - if (fileNames[i].contains(".rs")): null

2020-05-26 11:55:06 - [TEST_STEP][PASSED] - fileNames[i] = fileNames[i].replace(".rs", ""): null

2020-05-26 11:55:06 - [TEST_STEP][PASSED] - testObjects.add(objectSubFolder + fileNames[i]): null

2020-05-26 11:55:06 - [TEST_STEP][PASSED] - if (fileNames[i].contains(".rs")): null

2020-05-26 11:55:06 - [TEST_STEP][PASSED] - fileNames[i] = fileNames[i].replace(".rs", ""): null

2020-05-26 11:55:06 - [TEST_STEP][PASSED] - testObjects.add(objectSubFolder + fileNames[i]): null

2020-05-26 11:55:06 - [TEST_STEP][PASSED] - if (fileNames[i].contains(".rs")): null

2020-05-26 11:55:06 - [TEST_STEP][PASSED] - fileNames[i] = fileNames[i].replace(".rs", ""): null

2020-05-26 11:55:06 - [TEST_STEP][PASSED] - testObjects.add(objectSubFolder + fileNames[i]): null

2020-05-26 11:55:06 - [TEST_STEP][PASSED] - if (fileNames[i].contains(".rs")): null

2020-05-26 11:55:06 - [TEST_STEP][PASSED] - fileNames[i] = fileNames[i].replace(".rs", ""): null

2020-05-26 11:55:06 - [TEST_STEP][PASSED] - testObjects.add(objectSubFolder + fileNames[i]): null

2020-05-26 11:55:06 - [TEST_STEP][PASSED] - if (fileNames[i].contains(".rs")): null

2020-05-26 11:55:06 - [TEST_STEP][PASSED] - fileNames[i] = fileNames[i].replace(".rs", ""): null

2020-05-26 11:55:06 - [TEST_STEP][PASSED] - testObjects.add(objectSubFolder + fileNames[i]): null

2020-05-26 11:55:06 - [TEST_STEP][PASSED] - if (fileNames[i].contains(".rs")): null

2020-05-26 11:55:06 - [TEST_STEP][PASSED] - fileNames[i] = fileNames[i].replace(".rs", ""): null

2020-05-26 11:55:06 - [TEST_STEP][PASSED] - testObjects.add(objectSubFolder + fileNames[i]): null

2020-05-26 11:55:06 - [TEST_STEP][PASSED] - if (fileNames[i].contains(".rs")): null

2020-05-26 11:55:06 - [TEST_STEP][PASSED] - fileNames[i] = fileNames[i].replace(".rs", ""): null

2020-05-26 11:55:06 - [TEST_STEP][PASSED] - testObjects.add(objectSubFolder + fileNames[i]): null

2020-05-26 11:55:06 - [TEST_STEP][PASSED] - if (fileNames[i].contains(".rs")): null

2020-05-26 11:55:06 - [TEST_STEP][PASSED] - fileNames[i] = fileNames[i].replace(".rs", ""): null

2020-05-26 11:55:06 - [TEST_STEP][PASSED] - testObjects.add(objectSubFolder + fileNames[i]): null

2020-05-26 11:55:06 - [TEST_STEP][PASSED] - if (fileNames[i].contains(".rs")): null

2020-05-26 11:55:06 - [TEST_STEP][PASSED] - fileNames[i] = fileNames[i].replace(".rs", ""): null

2020-05-26 11:55:06 - [TEST_STEP][PASSED] - testObjects.add(objectSubFolder + fileNames[i]): null

2020-05-26 11:55:06 - [TEST_STEP][PASSED] - if (fileNames[i].contains(".rs")): null

2020-05-26 11:55:06 - [TEST_STEP][PASSED] - fileNames[i] = fileNames[i].replace(".rs", ""): null

2020-05-26 11:55:06 - [TEST_STEP][PASSED] - testObjects.add(objectSubFolder + fileNames[i]): null

2020-05-26 11:55:06 - [TEST_STEP][PASSED] - if (fileNames[i].contains(".rs")): null

2020-05-26 11:55:06 - [TEST_STEP][PASSED] - fileNames[i] = fileNames[i].replace(".rs", ""): null

2020-05-26 11:55:06 - [TEST_STEP][PASSED] - testObjects.add(objectSubFolder + fileNames[i]): null

2020-05-26 11:55:06 - [TEST_STEP][PASSED] - for (String obj : testObjects): Object 'Object Repository/Web RoomMe.id\Community Page\Community Registration\Textfield Mobile Number' is visible

2020-05-26 11:55:06 - [TEST_STEP][PASSED] - verifyElementVisible(findTestObject(obj)): Object 'Object Repository/Web RoomMe.id\Community Page\Community Registration\Button Submit' is visible

2020-05-26 11:55:06 - [MESSAGE][PASSED] - Object 'Object Repository/Web RoomMe.id\Community Page\Community Registration\Button Submit' is visible

2020-05-26 11:55:06 - [TEST_STEP][PASSED] - verifyElementVisible(findTestObject(obj)): Object 'Object Repository/Web RoomMe.id\Community Page\Community Registration\Dropdown Interest' is visible

2020-05-26 11:55:07 - [MESSAGE][PASSED] - Object 'Object Repository/Web RoomMe.id\Community Page\Community Registration\Dropdown Interest' is visible

2020-05-26 11:55:07 - [TEST_STEP][PASSED] - verifyElementVisible(findTestObject(obj)): Object 'Object Repository/Web RoomMe.id\Community Page\Community Registration\Image 2020 RoomMe All Right Reserved' is visible

2020-05-26 11:55:07 - [MESSAGE][PASSED] - Object 'Object Repository/Web RoomMe.id\Community Page\Community Registration\Image 2020 RoomMe All Right Reserved' is visible

2020-05-26 11:55:07 - [TEST_STEP][PASSED] - verifyElementVisible(findTestObject(obj)): Object 'Object Repository/Web RoomMe.id\Community Page\Community Registration\RadioButton Female' is visible

2020-05-26 11:55:08 - [MESSAGE][PASSED] - Object 'Object Repository/Web RoomMe.id\Community Page\Community Registration\RadioButton Female' is visible

2020-05-26 11:55:08 - [TEST_STEP][PASSED] - verifyElementVisible(findTestObject(obj)): Object 'Object Repository/Web RoomMe.id\Community Page\Community Registration\RadioButton Male' is visible

2020-05-26 11:55:08 - [MESSAGE][PASSED] - Object 'Object Repository/Web RoomMe.id\Community Page\Community Registration\RadioButton Male' is visible

2020-05-26 11:55:08 - [TEST_STEP][PASSED] - verifyElementVisible(findTestObject(obj)): Object 'Object Repository/Web RoomMe.id\Community Page\Community Registration\Text Birthdate' is visible

2020-05-26 11:55:08 - [MESSAGE][PASSED] - Object 'Object Repository/Web RoomMe.id\Community Page\Community Registration\Text Birthdate' is visible

2020-05-26 11:55:08 - [TEST_STEP][PASSED] - verifyElementVisible(findTestObject(obj)): Object 'Object Repository/Web RoomMe.id\Community Page\Community Registration\Text Community Registration' is visible

2020-05-26 11:55:09 - [MESSAGE][PASSED] - Object 'Object Repository/Web RoomMe.id\Community Page\Community Registration\Text Community Registration' is visible

2020-05-26 11:55:09 - [TEST_STEP][PASSED] - verifyElementVisible(findTestObject(obj)): Object 'Object Repository/Web RoomMe.id\Community Page\Community Registration\Text Email Address' is visible

2020-05-26 11:55:09 - [MESSAGE][PASSED] - Object 'Object Repository/Web RoomMe.id\Community Page\Community Registration\Text Email Address' is visible

2020-05-26 11:55:09 - [TEST_STEP][PASSED] - verifyElementVisible(findTestObject(obj)): Object 'Object Repository/Web RoomMe.id\Community Page\Community Registration\Text Full Name' is visible

2020-05-26 11:55:10 - [MESSAGE][PASSED] - Object 'Object Repository/Web RoomMe.id\Community Page\Community Registration\Text Full Name' is visible

2020-05-26 11:55:10 - [TEST_STEP][PASSED] - verifyElementVisible(findTestObject(obj)): Object 'Object Repository/Web RoomMe.id\Community Page\Community Registration\Text Gender' is visible

2020-05-26 11:55:10 - [MESSAGE][PASSED] - Object 'Object Repository/Web RoomMe.id\Community Page\Community Registration\Text Gender' is visible

2020-05-26 11:55:10 - [TEST_STEP][PASSED] - verifyElementVisible(findTestObject(obj)): Object 'Object Repository/Web RoomMe.id\Community Page\Community Registration\Text Interest' is visible

2020-05-26 11:55:10 - [MESSAGE][PASSED] - Object 'Object Repository/Web RoomMe.id\Community Page\Community Registration\Text Interest' is visible

2020-05-26 11:55:10 - [TEST_STEP][PASSED] - verifyElementVisible(findTestObject(obj)): Object 'Object Repository/Web RoomMe.id\Community Page\Community Registration\Text Mobile Number' is visible

2020-05-26 11:55:11 - [MESSAGE][PASSED] - Object 'Object Repository/Web RoomMe.id\Community Page\Community Registration\Text Mobile Number' is visible

2020-05-26 11:55:11 - [TEST_STEP][PASSED] - verifyElementVisible(findTestObject(obj)): Object 'Object Repository/Web RoomMe.id\Community Page\Community Registration\Text The minimum age allowed is 17 years' is visible

2020-05-26 11:55:11 - [MESSAGE][PASSED] - Object 'Object Repository/Web RoomMe.id\Community Page\Community Registration\Text The minimum age allowed is 17 years' is visible

2020-05-26 11:55:11 - [TEST_STEP][PASSED] - verifyElementVisible(findTestObject(obj)): Object 'Object Repository/Web RoomMe.id\Community Page\Community Registration\Textfield Email Address' is visible

2020-05-26 11:55:11 - [MESSAGE][PASSED] - Object 'Object Repository/Web RoomMe.id\Community Page\Community Registration\Textfield Email Address' is visible

2020-05-26 11:55:11 - [TEST_STEP][PASSED] - verifyElementVisible(findTestObject(obj)): Object 'Object Repository/Web RoomMe.id\Community Page\Community Registration\Textfield Full Name' is visible

2020-05-26 11:55:12 - [MESSAGE][PASSED] - Object 'Object Repository/Web RoomMe.id\Community Page\Community Registration\Textfield Full Name' is visible

2020-05-26 11:55:12 - [TEST_STEP][PASSED] - verifyElementVisible(findTestObject(obj)): Object 'Object Repository/Web RoomMe.id\Community Page\Community Registration\Textfield Mobile Number' is visible

2020-05-26 11:55:12 - [MESSAGE][PASSED] - Object 'Object Repository/Web RoomMe.id\Community Page\Community Registration\Textfield Mobile Number' is visible

2020-05-26 11:55:12 - [MESSAGE][PASSED] - Call Test Case 'Test Cases/Web RoomMe.id/20. Community Registration/1. Verify Registration Form' successfully

2020-05-26 11:55:12 - [TEST_STEP][PASSED] - waitForElementVisible(findTestObject("Web RoomMe.id/Community Page/Community Registration/Textfield Full Name"), 0): Object 'Object Repository/Web RoomMe.id/Community Page/Community Registration/Textfield Full Name' is visible

2020-05-26 11:55:12 - [MESSAGE][WARNING] - Timeout '0' is invalid. Using default page load timeout: '60'

2020-05-26 11:55:12 - [MESSAGE][PASSED] - Object 'Object Repository/Web RoomMe.id/Community Page/Community Registration/Textfield Full Name' is visible

2020-05-26 11:55:12 - [TEST_STEP][PASSED] - click(findTestObject("Web RoomMe.id/Community Page/Community Registration/RadioButton Male")): Object: 'Object Repository/Web RoomMe.id/Community Page/Community Registration/RadioButton Male' is clicked on

2020-05-26 11:55:13 - [MESSAGE][PASSED] - Object: 'Object Repository/Web RoomMe.id/Community Page/Community Registration/RadioButton Male' is clicked on

2020-05-26 11:55:13 - [TEST_STEP][PASSED] - click(findTestObject("Web RoomMe.id/Community Page/Community Registration/Birthdate Datepicker/Datepicker Birthdate_date (1)")): Object: 'Object Repository/Web RoomMe.id/Community Page/Community Registration/Birthdate Datepicker/Datepicker Birthdate_date (1)' is clicked on

2020-05-26 11:55:13 - [MESSAGE][PASSED] - Object: 'Object Repository/Web RoomMe.id/Community Page/Community Registration/Birthdate Datepicker/Datepicker Birthdate_date (1)' is clicked on

2020-05-26 11:55:13 - [TEST_STEP][PASSED] - click(findTestObject("Web RoomMe.id/Community Page/Community Registration/Birthdate Datepicker/Button Day 1")): Object: 'Object Repository/Web RoomMe.id/Community Page/Community Registration/Birthdate Datepicker/Button Day 1' is clicked on

2020-05-26 11:55:14 - [MESSAGE][PASSED] - Object: 'Object Repository/Web RoomMe.id/Community Page/Community Registration/Birthdate Datepicker/Button Day 1' is clicked on

2020-05-26 11:55:14 - [TEST_STEP][PASSED] - sendKeys(findTestObject("Web RoomMe.id/Community Page/Community Registration/Textfield Mobile Number"), "081234567890"): Keys '081234567890' sent to object: 'Object Repository/Web RoomMe.id/Community Page/Community Registration/Textfield Mobile Number'

2020-05-26 11:55:15 - [MESSAGE][PASSED] - Keys '081234567890' sent to object: 'Object Repository/Web RoomMe.id/Community Page/Community Registration/Textfield Mobile Number'

2020-05-26 11:55:15 - [TEST_STEP][PASSED] - sendKeys(findTestObject("Web RoomMe.id/Community Page/Community Registration/Textfield Email Address"), "faldiat" + RandomStringUtils.randomNumeric(5)): Keys 'faldiat22374' sent to object: 'Object Repository/Web RoomMe.id/Community Page/Community Registration/Textfield Email Address'

2020-05-26 11:55:15 - [MESSAGE][PASSED] - Keys 'faldiat22374' sent to object: 'Object Repository/Web RoomMe.id/Community Page/Community Registration/Textfield Email Address'

2020-05-26 11:55:15 - [TEST_STEP][PASSED] - sendKeys(findTestObject("Web RoomMe.id/Community Page/Community Registration/Textfield Email Address"), "@gmail.com"): Keys '@gmail.com' sent to object: 'Object Repository/Web RoomMe.id/Community Page/Community Registration/Textfield Email Address'

2020-05-26 11:55:16 - [MESSAGE][PASSED] - Keys '@gmail.com' sent to object: 'Object Repository/Web RoomMe.id/Community Page/Community Registration/Textfield Email Address'

2020-05-26 11:55:16 - [TEST_STEP][PASSED] - selectOptionByIndex(findTestObject("Web RoomMe.id/Community Page/Community Registration/Dropdown Interest"), "4"): All options with index in [4] are selected on object 'Object Repository/Web RoomMe.id/Community Page/Community Registration/Dropdown Interest'

2020-05-26 11:55:17 - [MESSAGE][PASSED] - All options with index in [4] are selected on object 'Object Repository/Web RoomMe.id/Community Page/Community Registration/Dropdown Interest'

2020-05-26 11:55:17 - [TEST_STEP][PASSED] - click(findTestObject("Web RoomMe.id/Community Page/Community Registration/Button Submit")): Object: 'Object Repository/Web RoomMe.id/Community Page/Community Registration/Button Submit' is clicked on

2020-05-26 11:55:18 - [MESSAGE][PASSED] - Object: 'Object Repository/Web RoomMe.id/Community Page/Community Registration/Button Submit' is clicked on

2020-05-26 11:55:18 - [TEST_STEP][PASSED] - waitForElementVisible(findTestObject("Web RoomMe.id/Community Page/Community Registration/Error Message/Text Name is required"), 0): Object 'Object Repository/Web RoomMe.id/Community Page/Community Registration/Error Message/Text Name is required' is visible

2020-05-26 11:55:18 - [MESSAGE][WARNING] - Timeout '0' is invalid. Using default page load timeout: '60'

2020-05-26 11:55:18 - [MESSAGE][PASSED] - Object 'Object Repository/Web RoomMe.id/Community Page/Community Registration/Error Message/Text Name is required' is visible

2020-05-26 11:55:18 - [TEST_STEP][PASSED] - sendKeys(findTestObject("Web RoomMe.id/Community Page/Community Registration/Textfield Full Name"), "ab"): Keys 'ab' sent to object: 'Object Repository/Web RoomMe.id/Community Page/Community Registration/Textfield Full Name'

2020-05-26 11:55:18 - [MESSAGE][PASSED] - Keys 'ab' sent to object: 'Object Repository/Web RoomMe.id/Community Page/Community Registration/Textfield Full Name'

2020-05-26 11:55:18 - [TEST_STEP][PASSED] - waitForElementVisible(findTestObject("Web RoomMe.id/Community Page/Community Registration/Error Message/Text At least input 3 characters long"), 0): Object 'Object Repository/Web RoomMe.id/Community Page/Community Registration/Error Message/Text At least input 3 characters long' is visible

2020-05-26 11:55:19 - [MESSAGE][WARNING] - Timeout '0' is invalid. Using default page load timeout: '60'

2020-05-26 11:55:19 - [MESSAGE][PASSED] - Object 'Object Repository/Web RoomMe.id/Community Page/Community Registration/Error Message/Text At least input 3 characters long' is visible

2020-05-26 11:55:19 - [TEST_STEP][PASSED] - click(findTestObject("Web RoomMe.id/Community Page/Community Registration/Button Submit")): Object: 'Object Repository/Web RoomMe.id/Community Page/Community Registration/Button Submit' is clicked on

2020-05-26 11:55:19 - [MESSAGE][PASSED] - Object: 'Object Repository/Web RoomMe.id/Community Page/Community Registration/Button Submit' is clicked on

2020-05-26 11:55:19 - [TEST_STEP][PASSED] - sendKeys(findTestObject("Web RoomMe.id/Community Page/Community Registration/Textfield Full Name"), Keys.chord(CONTROL, "a", BACK_SPACE)): Keys 'CONTROL + BACK_SPACE + a' sent to object: 'Object Repository/Web RoomMe.id/Community Page/Community Registration/Textfield Full Name'

2020-05-26 11:55:20 - [MESSAGE][PASSED] - Keys 'CONTROL + BACK_SPACE + a' sent to object: 'Object Repository/Web RoomMe.id/Community Page/Community Registration/Textfield Full Name'

2020-05-26 11:55:20 - [TEST_STEP][PASSED] - sendKeys(findTestObject("Web RoomMe.id/Community Page/Community Registration/Textfield Full Name"), "123"): Keys '123' sent to object: 'Object Repository/Web RoomMe.id/Community Page/Community Registration/Textfield Full Name'

2020-05-26 11:55:20 - [MESSAGE][PASSED] - Keys '123' sent to object: 'Object Repository/Web RoomMe.id/Community Page/Community Registration/Textfield Full Name'

2020-05-26 11:55:20 - [TEST_STEP][PASSED] - waitForElementVisible(findTestObject("Web RoomMe.id/Community Page/Community Registration/Error Message/Text Your name seems to contain incorrect characters"), 0): Object 'Object Repository/Web RoomMe.id/Community Page/Community Registration/Error Message/Text Your name seems to contain incorrect characters' is visible

2020-05-26 11:55:20 - [MESSAGE][WARNING] - Timeout '0' is invalid. Using default page load timeout: '60'

2020-05-26 11:55:21 - [MESSAGE][PASSED] - Object 'Object Repository/Web RoomMe.id/Community Page/Community Registration/Error Message/Text Your name seems to contain incorrect characters' is visible

2020-05-26 11:55:21 - [TEST_STEP][PASSED] - click(findTestObject("Web RoomMe.id/Community Page/Community Registration/Button Submit")): Object: 'Object Repository/Web RoomMe.id/Community Page/Community Registration/Button Submit' is clicked on

2020-05-26 11:55:21 - [MESSAGE][PASSED] - Object: 'Object Repository/Web RoomMe.id/Community Page/Community Registration/Button Submit' is clicked on

2020-05-26 11:55:21 - [TEST_STEP][PASSED] - sendKeys(findTestObject("Web RoomMe.id/Community Page/Community Registration/Textfield Full Name"), Keys.chord(CONTROL, "a", BACK_SPACE)): Keys 'CONTROL + BACK_SPACE + a' sent to object: 'Object Repository/Web RoomMe.id/Community Page/Community Registration/Textfield Full Name'

2020-05-26 11:55:21 - [MESSAGE][PASSED] - Keys 'CONTROL + BACK_SPACE + a' sent to object: 'Object Repository/Web RoomMe.id/Community Page/Community Registration/Textfield Full Name'

2020-05-26 11:55:21 - [TEST_STEP][PASSED] - sendKeys(findTestObject("Web RoomMe.id/Community Page/Community Registration/Textfield Full Name"), "!@#$"): Keys '!@#$' sent to object: 'Object Repository/Web RoomMe.id/Community Page/Community Registration/Textfield Full Name'

2020-05-26 11:55:22 - [MESSAGE][PASSED] - Keys '!@#$' sent to object: 'Object Repository/Web RoomMe.id/Community Page/Community Registration/Textfield Full Name'

2020-05-26 11:55:22 - [TEST_STEP][PASSED] - waitForElementVisible(findTestObject("Web RoomMe.id/Community Page/Community Registration/Error Message/Text Your name seems to contain incorrect characters"), 0): Object 'Object Repository/Web RoomMe.id/Community Page/Community Registration/Error Message/Text Your name seems to contain incorrect characters' is visible

2020-05-26 11:55:22 - [MESSAGE][WARNING] - Timeout '0' is invalid. Using default page load timeout: '60'

2020-05-26 11:55:23 - [MESSAGE][PASSED] - Object 'Object Repository/Web RoomMe.id/Community Page/Community Registration/Error Message/Text Your name seems to contain incorrect characters' is visible

2020-05-26 11:55:23 - [TEST_STEP][PASSED] - click(findTestObject("Web RoomMe.id/Community Page/Community Registration/Button Submit")): Object: 'Object Repository/Web RoomMe.id/Community Page/Community Registration/Button Submit' is clicked on

2020-05-26 11:55:23 - [MESSAGE][PASSED] - Object: 'Object Repository/Web RoomMe.id/Community Page/Community Registration/Button Submit' is clicked on

2020-05-26 11:55:23 - [TEST_STEP][PASSED] - sendKeys(findTestObject("Web RoomMe.id/Community Page/Community Registration/Textfield Full Name"), Keys.chord(CONTROL, "a", BACK_SPACE)): Keys 'CONTROL + BACK_SPACE + a' sent to object: 'Object Repository/Web RoomMe.id/Community Page/Community Registration/Textfield Full Name'

2020-05-26 11:55:24 - [MESSAGE][PASSED] - Keys 'CONTROL + BACK_SPACE + a' sent to object: 'Object Repository/Web RoomMe.id/Community Page/Community Registration/Textfield Full Name'

2020-05-26 11:55:24 - [TEST_STEP][PASSED] - sendKeys(findTestObject("Web RoomMe.id/Community Page/Community Registration/Textfield Full Name"), "abcde12345abcde12345abcde12345abcde12345abcde12345as"): Keys 'abcde12345abcde12345abcde12345abcde12345abcde12345as' sent to object: 'Object Repository/Web RoomMe.id/Community Page/Community Registration/Textfield Full Name'

2020-05-26 11:55:25 - [MESSAGE][PASSED] - Keys 'abcde12345abcde12345abcde12345abcde12345abcde12345as' sent to object: 'Object Repository/Web RoomMe.id/Community Page/Community Registration/Textfield Full Name'

2020-05-26 11:55:25 - [TEST_STEP][PASSED] - waitForElementVisible(findTestObject("Web RoomMe.id/Community Page/Community Registration/Error Message/Text Name input characters is 50"), 0): Object 'Object Repository/Web RoomMe.id/Community Page/Community Registration/Error Message/Text Name input characters is 50' is visible

2020-05-26 11:55:25 - [MESSAGE][WARNING] - Timeout '0' is invalid. Using default page load timeout: '60'

2020-05-26 11:55:26 - [MESSAGE][PASSED] - Object 'Object Repository/Web RoomMe.id/Community Page/Community Registration/Error Message/Text Name input characters is 50' is visible

2020-05-26 11:55:26 - [TEST_STEP][PASSED] - click(findTestObject("Web RoomMe.id/Community Page/Community Registration/Button Submit")): Object: 'Object Repository/Web RoomMe.id/Community Page/Community Registration/Button Submit' is clicked on

2020-05-26 11:55:26 - [MESSAGE][PASSED] - Object: 'Object Repository/Web RoomMe.id/Community Page/Community Registration/Button Submit' is clicked on

2020-05-26 11:55:26 - [TEST_STEP][PASSED] - sendKeys(findTestObject("Web RoomMe.id/Community Page/Community Registration/Textfield Full Name"), Keys.chord(CONTROL, "a", BACK_SPACE)): Keys 'CONTROL + BACK_SPACE + a' sent to object: 'Object Repository/Web RoomMe.id/Community Page/Community Registration/Textfield Full Name'

2020-05-26 11:55:27 - [MESSAGE][PASSED] - Keys 'CONTROL + BACK_SPACE + a' sent to object: 'Object Repository/Web RoomMe.id/Community Page/Community Registration/Textfield Full Name']]></system-out>
         <system-err><![CDATA[]]></system-err>
      </testcase>
      <testcase name="Test Cases/Web RoomMe.id/20. Community Registration/6. Customer Register without Select Gender" time="28.738" classname="Test Cases/Web RoomMe.id/20. Community Registration/6. Customer Register without Select Gender" status="PASSED">
         <system-out><![CDATA[2020-05-26 11:55:27 - [TEST_CASE][PASSED] - Test Cases/Web RoomMe.id/20. Community Registration/6. Customer Register without Select Gender: Test Cases/Web RoomMe.id/20. Community Registration/6. Customer Register without Select Gender

2020-05-26 11:55:27 - [TEST_STEP][PASSED] - callTestCase(findTestCase("Web RoomMe.id/6. Community/Customer Access Community Page"), [:], STOP_ON_FAILURE): Call Test Case 'Test Cases/Web RoomMe.id/6. Community/Customer Access Community Page' successfully

2020-05-26 11:55:27 - [TEST_CASE][PASSED] - Test Cases/Web RoomMe.id/6. Community/Customer Access Community Page: Test Cases/Web RoomMe.id/6. Community/Customer Access Community Page

2020-05-26 11:55:27 - [TEST_STEP][PASSED] - callTestCase(findTestCase("Web RoomMe.id/1. Homepage/1. Customer Access RoomMe Page"), [:], STOP_ON_FAILURE): Call Test Case 'Test Cases/Web RoomMe.id/1. Homepage/1. Customer Access RoomMe Page' successfully

2020-05-26 11:55:27 - [TEST_CASE][PASSED] - Test Cases/Web RoomMe.id/1. Homepage/1. Customer Access RoomMe Page: Test Cases/Web RoomMe.id/1. Homepage/1. Customer Access RoomMe Page

2020-05-26 11:55:27 - [TEST_STEP][PASSED] - openBrowser(url): Browser is opened with url: 'web.roomme.id'

2020-05-26 11:55:27 - [MESSAGE][WARNING] - A browser is already opened. Closing browser and opening a new one

2020-05-26 11:55:28 - [MESSAGE][INFO] - Starting 'Chrome' driver

2020-05-26 11:55:34 - [MESSAGE][PASSED] - Browser is opened with url: 'web.roomme.id'

2020-05-26 11:55:34 - [TEST_STEP][PASSED] - maximizeWindow(): Current window maximized

2020-05-26 11:55:36 - [MESSAGE][PASSED] - Current window maximized

2020-05-26 11:55:36 - [TEST_STEP][PASSED] - waitForPageLoad(0): Wait for page load successfully

2020-05-26 11:55:36 - [MESSAGE][WARNING] - Timeout '0' is invalid. Using default page load timeout: '60'

2020-05-26 11:55:36 - [MESSAGE][PASSED] - Wait for page load successfully

2020-05-26 11:55:36 - [MESSAGE][PASSED] - Call Test Case 'Test Cases/Web RoomMe.id/1. Homepage/1. Customer Access RoomMe Page' successfully

2020-05-26 11:55:36 - [TEST_STEP][PASSED] - waitForElementVisible(findTestObject("Web RoomMe.id/RoomMe.id Header/Button Community"), 30): Object 'Object Repository/Web RoomMe.id/RoomMe.id Header/Button Community' is visible

2020-05-26 11:55:37 - [MESSAGE][PASSED] - Object 'Object Repository/Web RoomMe.id/RoomMe.id Header/Button Community' is visible

2020-05-26 11:55:37 - [TEST_STEP][PASSED] - click(findTestObject("Web RoomMe.id/RoomMe.id Header/Button Community")): Object: 'Object Repository/Web RoomMe.id/RoomMe.id Header/Button Community' is clicked on

2020-05-26 11:55:39 - [MESSAGE][PASSED] - Object: 'Object Repository/Web RoomMe.id/RoomMe.id Header/Button Community' is clicked on

2020-05-26 11:55:39 - [TEST_STEP][PASSED] - waitForPageLoad(0): Wait for page load successfully

2020-05-26 11:55:39 - [MESSAGE][WARNING] - Timeout '0' is invalid. Using default page load timeout: '60'

2020-05-26 11:55:42 - [MESSAGE][PASSED] - Wait for page load successfully

2020-05-26 11:55:42 - [MESSAGE][PASSED] - Call Test Case 'Test Cases/Web RoomMe.id/6. Community/Customer Access Community Page' successfully

2020-05-26 11:55:42 - [TEST_STEP][PASSED] - waitForElementVisible(findTestObject("Web RoomMe.id/Community Page/Welcome Video/Button Continue on the Form Registration"), 0): Object 'Object Repository/Web RoomMe.id/Community Page/Welcome Video/Button Continue on the Form Registration' is visible

2020-05-26 11:55:42 - [MESSAGE][WARNING] - Timeout '0' is invalid. Using default page load timeout: '60'

2020-05-26 11:55:43 - [MESSAGE][PASSED] - Object 'Object Repository/Web RoomMe.id/Community Page/Welcome Video/Button Continue on the Form Registration' is visible

2020-05-26 11:55:43 - [TEST_STEP][PASSED] - click(findTestObject("Web RoomMe.id/Community Page/Welcome Video/Button Continue on the Form Registration"), STOP_ON_FAILURE): Object: 'Object Repository/Web RoomMe.id/Community Page/Welcome Video/Button Continue on the Form Registration' is clicked on

2020-05-26 11:55:43 - [MESSAGE][PASSED] - Object: 'Object Repository/Web RoomMe.id/Community Page/Welcome Video/Button Continue on the Form Registration' is clicked on

2020-05-26 11:55:43 - [TEST_STEP][PASSED] - callTestCase(findTestCase("Web RoomMe.id/20. Community Registration/1. Verify Registration Form"), [:], STOP_ON_FAILURE): Call Test Case 'Test Cases/Web RoomMe.id/20. Community Registration/1. Verify Registration Form' successfully

2020-05-26 11:55:43 - [TEST_CASE][PASSED] - Test Cases/Web RoomMe.id/20. Community Registration/1. Verify Registration Form: Test Cases/Web RoomMe.id/20. Community Registration/1. Verify Registration Form

2020-05-26 11:55:43 - [TEST_STEP][PASSED] - objectSubFolder = "Web RoomMe.id\Community Page\Community Registration\": null

2020-05-26 11:55:43 - [TEST_STEP][PASSED] - pathToObjRep = getProjectDir() + "\Object Repository\" + objectSubFolder: null

2020-05-26 11:55:43 - [TEST_STEP][PASSED] - yourObjects = new java.io.File(pathToObjRep): null

2020-05-26 11:55:43 - [TEST_STEP][PASSED] - fileNames = yourObjects.list(): null

2020-05-26 11:55:43 - [TEST_STEP][PASSED] - testObjects = new java.util.ArrayList(): null

2020-05-26 11:55:43 - [TEST_STEP][PASSED] - for ([i = 0, i < length, (i++)]): null

2020-05-26 11:55:43 - [TEST_STEP][PASSED] - if (fileNames[i].contains(".rs")): null

2020-05-26 11:55:43 - [TEST_STEP][PASSED] - if (fileNames[i].contains(".rs")): null

2020-05-26 11:55:43 - [TEST_STEP][PASSED] - fileNames[i] = fileNames[i].replace(".rs", ""): null

2020-05-26 11:55:43 - [TEST_STEP][PASSED] - testObjects.add(objectSubFolder + fileNames[i]): null

2020-05-26 11:55:43 - [TEST_STEP][PASSED] - if (fileNames[i].contains(".rs")): null

2020-05-26 11:55:43 - [TEST_STEP][PASSED] - fileNames[i] = fileNames[i].replace(".rs", ""): null

2020-05-26 11:55:43 - [TEST_STEP][PASSED] - testObjects.add(objectSubFolder + fileNames[i]): null

2020-05-26 11:55:43 - [TEST_STEP][PASSED] - if (fileNames[i].contains(".rs")): null

2020-05-26 11:55:43 - [TEST_STEP][PASSED] - if (fileNames[i].contains(".rs")): null

2020-05-26 11:55:43 - [TEST_STEP][PASSED] - fileNames[i] = fileNames[i].replace(".rs", ""): null

2020-05-26 11:55:43 - [TEST_STEP][PASSED] - testObjects.add(objectSubFolder + fileNames[i]): null

2020-05-26 11:55:43 - [TEST_STEP][PASSED] - if (fileNames[i].contains(".rs")): null

2020-05-26 11:55:43 - [TEST_STEP][PASSED] - fileNames[i] = fileNames[i].replace(".rs", ""): null

2020-05-26 11:55:43 - [TEST_STEP][PASSED] - testObjects.add(objectSubFolder + fileNames[i]): null

2020-05-26 11:55:43 - [TEST_STEP][PASSED] - if (fileNames[i].contains(".rs")): null

2020-05-26 11:55:43 - [TEST_STEP][PASSED] - fileNames[i] = fileNames[i].replace(".rs", ""): null

2020-05-26 11:55:43 - [TEST_STEP][PASSED] - testObjects.add(objectSubFolder + fileNames[i]): null

2020-05-26 11:55:43 - [TEST_STEP][PASSED] - if (fileNames[i].contains(".rs")): null

2020-05-26 11:55:43 - [TEST_STEP][PASSED] - if (fileNames[i].contains(".rs")): null

2020-05-26 11:55:43 - [TEST_STEP][PASSED] - fileNames[i] = fileNames[i].replace(".rs", ""): null

2020-05-26 11:55:43 - [TEST_STEP][PASSED] - testObjects.add(objectSubFolder + fileNames[i]): null

2020-05-26 11:55:43 - [TEST_STEP][PASSED] - if (fileNames[i].contains(".rs")): null

2020-05-26 11:55:43 - [TEST_STEP][PASSED] - fileNames[i] = fileNames[i].replace(".rs", ""): null

2020-05-26 11:55:43 - [TEST_STEP][PASSED] - testObjects.add(objectSubFolder + fileNames[i]): null

2020-05-26 11:55:43 - [TEST_STEP][PASSED] - if (fileNames[i].contains(".rs")): null

2020-05-26 11:55:43 - [TEST_STEP][PASSED] - fileNames[i] = fileNames[i].replace(".rs", ""): null

2020-05-26 11:55:43 - [TEST_STEP][PASSED] - testObjects.add(objectSubFolder + fileNames[i]): null

2020-05-26 11:55:43 - [TEST_STEP][PASSED] - if (fileNames[i].contains(".rs")): null

2020-05-26 11:55:43 - [TEST_STEP][PASSED] - fileNames[i] = fileNames[i].replace(".rs", ""): null

2020-05-26 11:55:43 - [TEST_STEP][PASSED] - testObjects.add(objectSubFolder + fileNames[i]): null

2020-05-26 11:55:43 - [TEST_STEP][PASSED] - if (fileNames[i].contains(".rs")): null

2020-05-26 11:55:43 - [TEST_STEP][PASSED] - fileNames[i] = fileNames[i].replace(".rs", ""): null

2020-05-26 11:55:43 - [TEST_STEP][PASSED] - testObjects.add(objectSubFolder + fileNames[i]): null

2020-05-26 11:55:43 - [TEST_STEP][PASSED] - if (fileNames[i].contains(".rs")): null

2020-05-26 11:55:43 - [TEST_STEP][PASSED] - fileNames[i] = fileNames[i].replace(".rs", ""): null

2020-05-26 11:55:43 - [TEST_STEP][PASSED] - testObjects.add(objectSubFolder + fileNames[i]): null

2020-05-26 11:55:43 - [TEST_STEP][PASSED] - if (fileNames[i].contains(".rs")): null

2020-05-26 11:55:43 - [TEST_STEP][PASSED] - fileNames[i] = fileNames[i].replace(".rs", ""): null

2020-05-26 11:55:43 - [TEST_STEP][PASSED] - testObjects.add(objectSubFolder + fileNames[i]): null

2020-05-26 11:55:43 - [TEST_STEP][PASSED] - if (fileNames[i].contains(".rs")): null

2020-05-26 11:55:43 - [TEST_STEP][PASSED] - fileNames[i] = fileNames[i].replace(".rs", ""): null

2020-05-26 11:55:43 - [TEST_STEP][PASSED] - testObjects.add(objectSubFolder + fileNames[i]): null

2020-05-26 11:55:43 - [TEST_STEP][PASSED] - if (fileNames[i].contains(".rs")): null

2020-05-26 11:55:43 - [TEST_STEP][PASSED] - fileNames[i] = fileNames[i].replace(".rs", ""): null

2020-05-26 11:55:43 - [TEST_STEP][PASSED] - testObjects.add(objectSubFolder + fileNames[i]): null

2020-05-26 11:55:43 - [TEST_STEP][PASSED] - if (fileNames[i].contains(".rs")): null

2020-05-26 11:55:43 - [TEST_STEP][PASSED] - fileNames[i] = fileNames[i].replace(".rs", ""): null

2020-05-26 11:55:43 - [TEST_STEP][PASSED] - testObjects.add(objectSubFolder + fileNames[i]): null

2020-05-26 11:55:43 - [TEST_STEP][PASSED] - if (fileNames[i].contains(".rs")): null

2020-05-26 11:55:43 - [TEST_STEP][PASSED] - fileNames[i] = fileNames[i].replace(".rs", ""): null

2020-05-26 11:55:43 - [TEST_STEP][PASSED] - testObjects.add(objectSubFolder + fileNames[i]): null

2020-05-26 11:55:43 - [TEST_STEP][PASSED] - for (String obj : testObjects): Object 'Object Repository/Web RoomMe.id\Community Page\Community Registration\Textfield Mobile Number' is visible

2020-05-26 11:55:43 - [TEST_STEP][PASSED] - verifyElementVisible(findTestObject(obj)): Object 'Object Repository/Web RoomMe.id\Community Page\Community Registration\Button Submit' is visible

2020-05-26 11:55:44 - [MESSAGE][PASSED] - Object 'Object Repository/Web RoomMe.id\Community Page\Community Registration\Button Submit' is visible

2020-05-26 11:55:44 - [TEST_STEP][PASSED] - verifyElementVisible(findTestObject(obj)): Object 'Object Repository/Web RoomMe.id\Community Page\Community Registration\Dropdown Interest' is visible

2020-05-26 11:55:44 - [MESSAGE][PASSED] - Object 'Object Repository/Web RoomMe.id\Community Page\Community Registration\Dropdown Interest' is visible

2020-05-26 11:55:44 - [TEST_STEP][PASSED] - verifyElementVisible(findTestObject(obj)): Object 'Object Repository/Web RoomMe.id\Community Page\Community Registration\Image 2020 RoomMe All Right Reserved' is visible

2020-05-26 11:55:44 - [MESSAGE][PASSED] - Object 'Object Repository/Web RoomMe.id\Community Page\Community Registration\Image 2020 RoomMe All Right Reserved' is visible

2020-05-26 11:55:44 - [TEST_STEP][PASSED] - verifyElementVisible(findTestObject(obj)): Object 'Object Repository/Web RoomMe.id\Community Page\Community Registration\RadioButton Female' is visible

2020-05-26 11:55:45 - [MESSAGE][PASSED] - Object 'Object Repository/Web RoomMe.id\Community Page\Community Registration\RadioButton Female' is visible

2020-05-26 11:55:45 - [TEST_STEP][PASSED] - verifyElementVisible(findTestObject(obj)): Object 'Object Repository/Web RoomMe.id\Community Page\Community Registration\RadioButton Male' is visible

2020-05-26 11:55:46 - [MESSAGE][PASSED] - Object 'Object Repository/Web RoomMe.id\Community Page\Community Registration\RadioButton Male' is visible

2020-05-26 11:55:46 - [TEST_STEP][PASSED] - verifyElementVisible(findTestObject(obj)): Object 'Object Repository/Web RoomMe.id\Community Page\Community Registration\Text Birthdate' is visible

2020-05-26 11:55:46 - [MESSAGE][PASSED] - Object 'Object Repository/Web RoomMe.id\Community Page\Community Registration\Text Birthdate' is visible

2020-05-26 11:55:46 - [TEST_STEP][PASSED] - verifyElementVisible(findTestObject(obj)): Object 'Object Repository/Web RoomMe.id\Community Page\Community Registration\Text Community Registration' is visible

2020-05-26 11:55:46 - [MESSAGE][PASSED] - Object 'Object Repository/Web RoomMe.id\Community Page\Community Registration\Text Community Registration' is visible

2020-05-26 11:55:46 - [TEST_STEP][PASSED] - verifyElementVisible(findTestObject(obj)): Object 'Object Repository/Web RoomMe.id\Community Page\Community Registration\Text Email Address' is visible

2020-05-26 11:55:47 - [MESSAGE][PASSED] - Object 'Object Repository/Web RoomMe.id\Community Page\Community Registration\Text Email Address' is visible

2020-05-26 11:55:47 - [TEST_STEP][PASSED] - verifyElementVisible(findTestObject(obj)): Object 'Object Repository/Web RoomMe.id\Community Page\Community Registration\Text Full Name' is visible

2020-05-26 11:55:47 - [MESSAGE][PASSED] - Object 'Object Repository/Web RoomMe.id\Community Page\Community Registration\Text Full Name' is visible

2020-05-26 11:55:47 - [TEST_STEP][PASSED] - verifyElementVisible(findTestObject(obj)): Object 'Object Repository/Web RoomMe.id\Community Page\Community Registration\Text Gender' is visible

2020-05-26 11:55:47 - [MESSAGE][PASSED] - Object 'Object Repository/Web RoomMe.id\Community Page\Community Registration\Text Gender' is visible

2020-05-26 11:55:47 - [TEST_STEP][PASSED] - verifyElementVisible(findTestObject(obj)): Object 'Object Repository/Web RoomMe.id\Community Page\Community Registration\Text Interest' is visible

2020-05-26 11:55:47 - [MESSAGE][PASSED] - Object 'Object Repository/Web RoomMe.id\Community Page\Community Registration\Text Interest' is visible

2020-05-26 11:55:47 - [TEST_STEP][PASSED] - verifyElementVisible(findTestObject(obj)): Object 'Object Repository/Web RoomMe.id\Community Page\Community Registration\Text Mobile Number' is visible

2020-05-26 11:55:48 - [MESSAGE][PASSED] - Object 'Object Repository/Web RoomMe.id\Community Page\Community Registration\Text Mobile Number' is visible

2020-05-26 11:55:48 - [TEST_STEP][PASSED] - verifyElementVisible(findTestObject(obj)): Object 'Object Repository/Web RoomMe.id\Community Page\Community Registration\Text The minimum age allowed is 17 years' is visible

2020-05-26 11:55:48 - [MESSAGE][PASSED] - Object 'Object Repository/Web RoomMe.id\Community Page\Community Registration\Text The minimum age allowed is 17 years' is visible

2020-05-26 11:55:48 - [TEST_STEP][PASSED] - verifyElementVisible(findTestObject(obj)): Object 'Object Repository/Web RoomMe.id\Community Page\Community Registration\Textfield Email Address' is visible

2020-05-26 11:55:48 - [MESSAGE][PASSED] - Object 'Object Repository/Web RoomMe.id\Community Page\Community Registration\Textfield Email Address' is visible

2020-05-26 11:55:48 - [TEST_STEP][PASSED] - verifyElementVisible(findTestObject(obj)): Object 'Object Repository/Web RoomMe.id\Community Page\Community Registration\Textfield Full Name' is visible

2020-05-26 11:55:49 - [MESSAGE][PASSED] - Object 'Object Repository/Web RoomMe.id\Community Page\Community Registration\Textfield Full Name' is visible

2020-05-26 11:55:49 - [TEST_STEP][PASSED] - verifyElementVisible(findTestObject(obj)): Object 'Object Repository/Web RoomMe.id\Community Page\Community Registration\Textfield Mobile Number' is visible

2020-05-26 11:55:49 - [MESSAGE][PASSED] - Object 'Object Repository/Web RoomMe.id\Community Page\Community Registration\Textfield Mobile Number' is visible

2020-05-26 11:55:49 - [MESSAGE][PASSED] - Call Test Case 'Test Cases/Web RoomMe.id/20. Community Registration/1. Verify Registration Form' successfully

2020-05-26 11:55:49 - [TEST_STEP][PASSED] - waitForElementVisible(findTestObject("Web RoomMe.id/Community Page/Community Registration/Textfield Full Name"), 0): Object 'Object Repository/Web RoomMe.id/Community Page/Community Registration/Textfield Full Name' is visible

2020-05-26 11:55:49 - [MESSAGE][WARNING] - Timeout '0' is invalid. Using default page load timeout: '60'

2020-05-26 11:55:49 - [MESSAGE][PASSED] - Object 'Object Repository/Web RoomMe.id/Community Page/Community Registration/Textfield Full Name' is visible

2020-05-26 11:55:49 - [TEST_STEP][PASSED] - click(findTestObject("Web RoomMe.id/Community Page/Community Registration/Birthdate Datepicker/Datepicker Birthdate_date (1)")): Object: 'Object Repository/Web RoomMe.id/Community Page/Community Registration/Birthdate Datepicker/Datepicker Birthdate_date (1)' is clicked on

2020-05-26 11:55:50 - [MESSAGE][PASSED] - Object: 'Object Repository/Web RoomMe.id/Community Page/Community Registration/Birthdate Datepicker/Datepicker Birthdate_date (1)' is clicked on

2020-05-26 11:55:50 - [TEST_STEP][PASSED] - click(findTestObject("Web RoomMe.id/Community Page/Community Registration/Birthdate Datepicker/Button Day 1")): Object: 'Object Repository/Web RoomMe.id/Community Page/Community Registration/Birthdate Datepicker/Button Day 1' is clicked on

2020-05-26 11:55:50 - [MESSAGE][PASSED] - Object: 'Object Repository/Web RoomMe.id/Community Page/Community Registration/Birthdate Datepicker/Button Day 1' is clicked on

2020-05-26 11:55:50 - [TEST_STEP][PASSED] - sendKeys(findTestObject("Web RoomMe.id/Community Page/Community Registration/Textfield Mobile Number"), "081234567890"): Keys '081234567890' sent to object: 'Object Repository/Web RoomMe.id/Community Page/Community Registration/Textfield Mobile Number'

2020-05-26 11:55:51 - [MESSAGE][PASSED] - Keys '081234567890' sent to object: 'Object Repository/Web RoomMe.id/Community Page/Community Registration/Textfield Mobile Number'

2020-05-26 11:55:51 - [TEST_STEP][PASSED] - sendKeys(findTestObject("Web RoomMe.id/Community Page/Community Registration/Textfield Email Address"), "faldiat" + RandomStringUtils.randomNumeric(5)): Keys 'faldiat13906' sent to object: 'Object Repository/Web RoomMe.id/Community Page/Community Registration/Textfield Email Address'

2020-05-26 11:55:52 - [MESSAGE][PASSED] - Keys 'faldiat13906' sent to object: 'Object Repository/Web RoomMe.id/Community Page/Community Registration/Textfield Email Address'

2020-05-26 11:55:52 - [TEST_STEP][PASSED] - sendKeys(findTestObject("Web RoomMe.id/Community Page/Community Registration/Textfield Email Address"), "@gmail.com"): Keys '@gmail.com' sent to object: 'Object Repository/Web RoomMe.id/Community Page/Community Registration/Textfield Email Address'

2020-05-26 11:55:52 - [MESSAGE][PASSED] - Keys '@gmail.com' sent to object: 'Object Repository/Web RoomMe.id/Community Page/Community Registration/Textfield Email Address'

2020-05-26 11:55:52 - [TEST_STEP][PASSED] - selectOptionByIndex(findTestObject("Web RoomMe.id/Community Page/Community Registration/Dropdown Interest"), "4"): All options with index in [4] are selected on object 'Object Repository/Web RoomMe.id/Community Page/Community Registration/Dropdown Interest'

2020-05-26 11:55:53 - [MESSAGE][PASSED] - All options with index in [4] are selected on object 'Object Repository/Web RoomMe.id/Community Page/Community Registration/Dropdown Interest'

2020-05-26 11:55:53 - [TEST_STEP][PASSED] - sendKeys(findTestObject("Web RoomMe.id/Community Page/Community Registration/Textfield Full Name"), "Faldi"): Keys 'Faldi' sent to object: 'Object Repository/Web RoomMe.id/Community Page/Community Registration/Textfield Full Name'

2020-05-26 11:55:54 - [MESSAGE][PASSED] - Keys 'Faldi' sent to object: 'Object Repository/Web RoomMe.id/Community Page/Community Registration/Textfield Full Name'

2020-05-26 11:55:54 - [TEST_STEP][PASSED] - click(findTestObject("Web RoomMe.id/Community Page/Community Registration/Button Submit")): Object: 'Object Repository/Web RoomMe.id/Community Page/Community Registration/Button Submit' is clicked on

2020-05-26 11:55:55 - [MESSAGE][PASSED] - Object: 'Object Repository/Web RoomMe.id/Community Page/Community Registration/Button Submit' is clicked on

2020-05-26 11:55:55 - [TEST_STEP][PASSED] - waitForElementVisible(findTestObject("Web RoomMe.id/Community Page/Community Registration/Error Message/Text Gender is required"), 0): Object 'Object Repository/Web RoomMe.id/Community Page/Community Registration/Error Message/Text Gender is required' is visible

2020-05-26 11:55:55 - [MESSAGE][WARNING] - Timeout '0' is invalid. Using default page load timeout: '60'

2020-05-26 11:55:55 - [MESSAGE][PASSED] - Object 'Object Repository/Web RoomMe.id/Community Page/Community Registration/Error Message/Text Gender is required' is visible]]></system-out>
         <system-err><![CDATA[]]></system-err>
      </testcase>
      <testcase name="Test Cases/Web RoomMe.id/20. Community Registration/7. Customer Input Phone Number with Invalid Data" time="23.969" classname="Test Cases/Web RoomMe.id/20. Community Registration/7. Customer Input Phone Number with Invalid Data" status="PASSED">
         <system-out><![CDATA[2020-05-26 11:55:55 - [TEST_CASE][PASSED] - Test Cases/Web RoomMe.id/20. Community Registration/7. Customer Input Phone Number with Invalid Data: Test Cases/Web RoomMe.id/20. Community Registration/7. Customer Input Phone Number with Invalid Data

2020-05-26 11:55:56 - [TEST_STEP][PASSED] - callTestCase(findTestCase("Web RoomMe.id/6. Community/Customer Access Community Page"), [:], STOP_ON_FAILURE): Call Test Case 'Test Cases/Web RoomMe.id/6. Community/Customer Access Community Page' successfully

2020-05-26 11:55:56 - [TEST_CASE][PASSED] - Test Cases/Web RoomMe.id/6. Community/Customer Access Community Page: Test Cases/Web RoomMe.id/6. Community/Customer Access Community Page

2020-05-26 11:55:56 - [TEST_STEP][PASSED] - callTestCase(findTestCase("Web RoomMe.id/1. Homepage/1. Customer Access RoomMe Page"), [:], STOP_ON_FAILURE): Call Test Case 'Test Cases/Web RoomMe.id/1. Homepage/1. Customer Access RoomMe Page' successfully

2020-05-26 11:55:56 - [TEST_CASE][PASSED] - Test Cases/Web RoomMe.id/1. Homepage/1. Customer Access RoomMe Page: Test Cases/Web RoomMe.id/1. Homepage/1. Customer Access RoomMe Page

2020-05-26 11:55:56 - [TEST_STEP][PASSED] - openBrowser(url): Browser is opened with url: 'web.roomme.id'

2020-05-26 11:55:56 - [MESSAGE][WARNING] - A browser is already opened. Closing browser and opening a new one

2020-05-26 11:55:56 - [MESSAGE][INFO] - Starting 'Chrome' driver

2020-05-26 11:56:04 - [MESSAGE][PASSED] - Browser is opened with url: 'web.roomme.id'

2020-05-26 11:56:04 - [TEST_STEP][PASSED] - maximizeWindow(): Current window maximized

2020-05-26 11:56:06 - [MESSAGE][PASSED] - Current window maximized

2020-05-26 11:56:06 - [TEST_STEP][PASSED] - waitForPageLoad(0): Wait for page load successfully

2020-05-26 11:56:06 - [MESSAGE][WARNING] - Timeout '0' is invalid. Using default page load timeout: '60'

2020-05-26 11:56:06 - [MESSAGE][PASSED] - Wait for page load successfully

2020-05-26 11:56:06 - [MESSAGE][PASSED] - Call Test Case 'Test Cases/Web RoomMe.id/1. Homepage/1. Customer Access RoomMe Page' successfully

2020-05-26 11:56:06 - [TEST_STEP][PASSED] - waitForElementVisible(findTestObject("Web RoomMe.id/RoomMe.id Header/Button Community"), 30): Object 'Object Repository/Web RoomMe.id/RoomMe.id Header/Button Community' is visible

2020-05-26 11:56:07 - [MESSAGE][PASSED] - Object 'Object Repository/Web RoomMe.id/RoomMe.id Header/Button Community' is visible

2020-05-26 11:56:07 - [TEST_STEP][PASSED] - click(findTestObject("Web RoomMe.id/RoomMe.id Header/Button Community")): Object: 'Object Repository/Web RoomMe.id/RoomMe.id Header/Button Community' is clicked on

2020-05-26 11:56:08 - [MESSAGE][PASSED] - Object: 'Object Repository/Web RoomMe.id/RoomMe.id Header/Button Community' is clicked on

2020-05-26 11:56:08 - [TEST_STEP][PASSED] - waitForPageLoad(0): Wait for page load successfully

2020-05-26 11:56:08 - [MESSAGE][WARNING] - Timeout '0' is invalid. Using default page load timeout: '60'

2020-05-26 11:56:10 - [MESSAGE][PASSED] - Wait for page load successfully

2020-05-26 11:56:10 - [MESSAGE][PASSED] - Call Test Case 'Test Cases/Web RoomMe.id/6. Community/Customer Access Community Page' successfully

2020-05-26 11:56:10 - [TEST_STEP][PASSED] - waitForElementVisible(findTestObject("Web RoomMe.id/Community Page/Welcome Video/Button Continue on the Form Registration"), 0): Object 'Object Repository/Web RoomMe.id/Community Page/Welcome Video/Button Continue on the Form Registration' is visible

2020-05-26 11:56:10 - [MESSAGE][WARNING] - Timeout '0' is invalid. Using default page load timeout: '60'

2020-05-26 11:56:11 - [MESSAGE][PASSED] - Object 'Object Repository/Web RoomMe.id/Community Page/Welcome Video/Button Continue on the Form Registration' is visible

2020-05-26 11:56:11 - [TEST_STEP][PASSED] - click(findTestObject("Web RoomMe.id/Community Page/Welcome Video/Button Continue on the Form Registration")): Object: 'Object Repository/Web RoomMe.id/Community Page/Welcome Video/Button Continue on the Form Registration' is clicked on

2020-05-26 11:56:12 - [MESSAGE][PASSED] - Object: 'Object Repository/Web RoomMe.id/Community Page/Welcome Video/Button Continue on the Form Registration' is clicked on

2020-05-26 11:56:12 - [TEST_STEP][PASSED] - waitForElementVisible(findTestObject("Web RoomMe.id/Community Page/Community Registration/Textfield Mobile Number"), 0): Object 'Object Repository/Web RoomMe.id/Community Page/Community Registration/Textfield Mobile Number' is visible

2020-05-26 11:56:12 - [MESSAGE][WARNING] - Timeout '0' is invalid. Using default page load timeout: '60'

2020-05-26 11:56:12 - [MESSAGE][PASSED] - Object 'Object Repository/Web RoomMe.id/Community Page/Community Registration/Textfield Mobile Number' is visible

2020-05-26 11:56:12 - [TEST_STEP][PASSED] - sendKeys(findTestObject("Web RoomMe.id/Community Page/Community Registration/Textfield Mobile Number"), "ab"): Keys 'ab' sent to object: 'Object Repository/Web RoomMe.id/Community Page/Community Registration/Textfield Mobile Number'

2020-05-26 11:56:12 - [MESSAGE][PASSED] - Keys 'ab' sent to object: 'Object Repository/Web RoomMe.id/Community Page/Community Registration/Textfield Mobile Number'

2020-05-26 11:56:12 - [TEST_STEP][PASSED] - waitForElementVisible(findTestObject("Web RoomMe.id/Community Page/Community Registration/Error Message/Text Phone Number contains an invalid number"), 0): Object 'Object Repository/Web RoomMe.id/Community Page/Community Registration/Error Message/Text Phone Number contains an invalid number' is visible

2020-05-26 11:56:12 - [MESSAGE][WARNING] - Timeout '0' is invalid. Using default page load timeout: '60'

2020-05-26 11:56:13 - [MESSAGE][PASSED] - Object 'Object Repository/Web RoomMe.id/Community Page/Community Registration/Error Message/Text Phone Number contains an invalid number' is visible

2020-05-26 11:56:13 - [TEST_STEP][PASSED] - sendKeys(findTestObject("Web RoomMe.id/Community Page/Community Registration/Textfield Mobile Number"), Keys.chord(CONTROL, "a", BACK_SPACE)): Keys 'CONTROL + BACK_SPACE + a' sent to object: 'Object Repository/Web RoomMe.id/Community Page/Community Registration/Textfield Mobile Number'

2020-05-26 11:56:13 - [MESSAGE][PASSED] - Keys 'CONTROL + BACK_SPACE + a' sent to object: 'Object Repository/Web RoomMe.id/Community Page/Community Registration/Textfield Mobile Number'

2020-05-26 11:56:13 - [TEST_STEP][PASSED] - sendKeys(findTestObject("Web RoomMe.id/Community Page/Community Registration/Textfield Mobile Number"), "123"): Keys '123' sent to object: 'Object Repository/Web RoomMe.id/Community Page/Community Registration/Textfield Mobile Number'

2020-05-26 11:56:14 - [MESSAGE][PASSED] - Keys '123' sent to object: 'Object Repository/Web RoomMe.id/Community Page/Community Registration/Textfield Mobile Number'

2020-05-26 11:56:14 - [TEST_STEP][PASSED] - waitForElementVisible(findTestObject("Web RoomMe.id/Community Page/Community Registration/Error Message/Text Phone Number contains an invalid number"), 0): Object 'Object Repository/Web RoomMe.id/Community Page/Community Registration/Error Message/Text Phone Number contains an invalid number' is visible

2020-05-26 11:56:14 - [MESSAGE][WARNING] - Timeout '0' is invalid. Using default page load timeout: '60'

2020-05-26 11:56:15 - [MESSAGE][PASSED] - Object 'Object Repository/Web RoomMe.id/Community Page/Community Registration/Error Message/Text Phone Number contains an invalid number' is visible

2020-05-26 11:56:15 - [TEST_STEP][PASSED] - sendKeys(findTestObject("Web RoomMe.id/Community Page/Community Registration/Textfield Mobile Number"), Keys.chord(CONTROL, "a", BACK_SPACE)): Keys 'CONTROL + BACK_SPACE + a' sent to object: 'Object Repository/Web RoomMe.id/Community Page/Community Registration/Textfield Mobile Number'

2020-05-26 11:56:15 - [MESSAGE][PASSED] - Keys 'CONTROL + BACK_SPACE + a' sent to object: 'Object Repository/Web RoomMe.id/Community Page/Community Registration/Textfield Mobile Number'

2020-05-26 11:56:15 - [TEST_STEP][PASSED] - sendKeys(findTestObject("Web RoomMe.id/Community Page/Community Registration/Textfield Mobile Number"), "!@#$"): Keys '!@#$' sent to object: 'Object Repository/Web RoomMe.id/Community Page/Community Registration/Textfield Mobile Number'

2020-05-26 11:56:16 - [MESSAGE][PASSED] - Keys '!@#$' sent to object: 'Object Repository/Web RoomMe.id/Community Page/Community Registration/Textfield Mobile Number'

2020-05-26 11:56:16 - [TEST_STEP][PASSED] - waitForElementVisible(findTestObject("Web RoomMe.id/Community Page/Community Registration/Error Message/Text Phone Number contains an invalid number"), 0): Object 'Object Repository/Web RoomMe.id/Community Page/Community Registration/Error Message/Text Phone Number contains an invalid number' is visible

2020-05-26 11:56:16 - [MESSAGE][WARNING] - Timeout '0' is invalid. Using default page load timeout: '60'

2020-05-26 11:56:17 - [MESSAGE][PASSED] - Object 'Object Repository/Web RoomMe.id/Community Page/Community Registration/Error Message/Text Phone Number contains an invalid number' is visible

2020-05-26 11:56:17 - [TEST_STEP][PASSED] - sendKeys(findTestObject("Web RoomMe.id/Community Page/Community Registration/Textfield Mobile Number"), Keys.chord(CONTROL, "a", BACK_SPACE)): Keys 'CONTROL + BACK_SPACE + a' sent to object: 'Object Repository/Web RoomMe.id/Community Page/Community Registration/Textfield Mobile Number'

2020-05-26 11:56:17 - [MESSAGE][PASSED] - Keys 'CONTROL + BACK_SPACE + a' sent to object: 'Object Repository/Web RoomMe.id/Community Page/Community Registration/Textfield Mobile Number'

2020-05-26 11:56:17 - [TEST_STEP][PASSED] - sendKeys(findTestObject("Web RoomMe.id/Community Page/Community Registration/Textfield Mobile Number"), "abcde12345abcde12345abcde12345abcde12345abcde12345as"): Keys 'abcde12345abcde12345abcde12345abcde12345abcde12345as' sent to object: 'Object Repository/Web RoomMe.id/Community Page/Community Registration/Textfield Mobile Number'

2020-05-26 11:56:18 - [MESSAGE][PASSED] - Keys 'abcde12345abcde12345abcde12345abcde12345abcde12345as' sent to object: 'Object Repository/Web RoomMe.id/Community Page/Community Registration/Textfield Mobile Number'

2020-05-26 11:56:18 - [TEST_STEP][PASSED] - waitForElementVisible(findTestObject("Web RoomMe.id/Community Page/Community Registration/Error Message/Text Phone Number contains an invalid number"), 0): Object 'Object Repository/Web RoomMe.id/Community Page/Community Registration/Error Message/Text Phone Number contains an invalid number' is visible

2020-05-26 11:56:18 - [MESSAGE][WARNING] - Timeout '0' is invalid. Using default page load timeout: '60'

2020-05-26 11:56:19 - [MESSAGE][PASSED] - Object 'Object Repository/Web RoomMe.id/Community Page/Community Registration/Error Message/Text Phone Number contains an invalid number' is visible

2020-05-26 11:56:19 - [TEST_STEP][PASSED] - sendKeys(findTestObject("Web RoomMe.id/Community Page/Community Registration/Textfield Mobile Number"), Keys.chord(CONTROL, "a", BACK_SPACE)): Keys 'CONTROL + BACK_SPACE + a' sent to object: 'Object Repository/Web RoomMe.id/Community Page/Community Registration/Textfield Mobile Number'

2020-05-26 11:56:19 - [MESSAGE][PASSED] - Keys 'CONTROL + BACK_SPACE + a' sent to object: 'Object Repository/Web RoomMe.id/Community Page/Community Registration/Textfield Mobile Number']]></system-out>
         <system-err><![CDATA[]]></system-err>
      </testcase>
      <testcase name="Test Cases/Web RoomMe.id/20. Community Registration/8. Customer Register with Invalid Mobile Number" time="54.459" classname="Test Cases/Web RoomMe.id/20. Community Registration/8. Customer Register with Invalid Mobile Number" status="PASSED">
         <system-out><![CDATA[2020-05-26 11:56:19 - [TEST_CASE][PASSED] - Test Cases/Web RoomMe.id/20. Community Registration/8. Customer Register with Invalid Mobile Number: Test Cases/Web RoomMe.id/20. Community Registration/8. Customer Register with Invalid Mobile Number

2020-05-26 11:56:20 - [TEST_STEP][PASSED] - callTestCase(findTestCase("Web RoomMe.id/6. Community/Customer Access Community Page"), [:], STOP_ON_FAILURE): Call Test Case 'Test Cases/Web RoomMe.id/6. Community/Customer Access Community Page' successfully

2020-05-26 11:56:20 - [TEST_CASE][PASSED] - Test Cases/Web RoomMe.id/6. Community/Customer Access Community Page: Test Cases/Web RoomMe.id/6. Community/Customer Access Community Page

2020-05-26 11:56:20 - [TEST_STEP][PASSED] - callTestCase(findTestCase("Web RoomMe.id/1. Homepage/1. Customer Access RoomMe Page"), [:], STOP_ON_FAILURE): Call Test Case 'Test Cases/Web RoomMe.id/1. Homepage/1. Customer Access RoomMe Page' successfully

2020-05-26 11:56:20 - [TEST_CASE][PASSED] - Test Cases/Web RoomMe.id/1. Homepage/1. Customer Access RoomMe Page: Test Cases/Web RoomMe.id/1. Homepage/1. Customer Access RoomMe Page

2020-05-26 11:56:20 - [TEST_STEP][PASSED] - openBrowser(url): Browser is opened with url: 'web.roomme.id'

2020-05-26 11:56:20 - [MESSAGE][WARNING] - A browser is already opened. Closing browser and opening a new one

2020-05-26 11:56:20 - [MESSAGE][INFO] - Starting 'Chrome' driver

2020-05-26 11:56:46 - [MESSAGE][PASSED] - Browser is opened with url: 'web.roomme.id'

2020-05-26 11:56:46 - [TEST_STEP][PASSED] - maximizeWindow(): Current window maximized

2020-05-26 11:56:49 - [MESSAGE][PASSED] - Current window maximized

2020-05-26 11:56:49 - [TEST_STEP][PASSED] - waitForPageLoad(0): Wait for page load successfully

2020-05-26 11:56:49 - [MESSAGE][WARNING] - Timeout '0' is invalid. Using default page load timeout: '60'

2020-05-26 11:56:49 - [MESSAGE][PASSED] - Wait for page load successfully

2020-05-26 11:56:49 - [MESSAGE][PASSED] - Call Test Case 'Test Cases/Web RoomMe.id/1. Homepage/1. Customer Access RoomMe Page' successfully

2020-05-26 11:56:49 - [TEST_STEP][PASSED] - waitForElementVisible(findTestObject("Web RoomMe.id/RoomMe.id Header/Button Community"), 30): Object 'Object Repository/Web RoomMe.id/RoomMe.id Header/Button Community' is visible

2020-05-26 11:56:49 - [MESSAGE][PASSED] - Object 'Object Repository/Web RoomMe.id/RoomMe.id Header/Button Community' is visible

2020-05-26 11:56:49 - [TEST_STEP][PASSED] - click(findTestObject("Web RoomMe.id/RoomMe.id Header/Button Community")): Object: 'Object Repository/Web RoomMe.id/RoomMe.id Header/Button Community' is clicked on

2020-05-26 11:56:52 - [MESSAGE][PASSED] - Object: 'Object Repository/Web RoomMe.id/RoomMe.id Header/Button Community' is clicked on

2020-05-26 11:56:52 - [TEST_STEP][PASSED] - waitForPageLoad(0): Wait for page load successfully

2020-05-26 11:56:52 - [MESSAGE][WARNING] - Timeout '0' is invalid. Using default page load timeout: '60'

2020-05-26 11:56:52 - [MESSAGE][PASSED] - Wait for page load successfully

2020-05-26 11:56:52 - [MESSAGE][PASSED] - Call Test Case 'Test Cases/Web RoomMe.id/6. Community/Customer Access Community Page' successfully

2020-05-26 11:56:52 - [TEST_STEP][PASSED] - waitForElementVisible(findTestObject("Web RoomMe.id/Community Page/Welcome Video/Button Continue on the Form Registration"), 0): Object 'Object Repository/Web RoomMe.id/Community Page/Welcome Video/Button Continue on the Form Registration' is visible

2020-05-26 11:56:52 - [MESSAGE][WARNING] - Timeout '0' is invalid. Using default page load timeout: '60'

2020-05-26 11:56:54 - [MESSAGE][PASSED] - Object 'Object Repository/Web RoomMe.id/Community Page/Welcome Video/Button Continue on the Form Registration' is visible

2020-05-26 11:56:54 - [TEST_STEP][PASSED] - click(findTestObject("Web RoomMe.id/Community Page/Welcome Video/Button Continue on the Form Registration"), STOP_ON_FAILURE): Object: 'Object Repository/Web RoomMe.id/Community Page/Welcome Video/Button Continue on the Form Registration' is clicked on

2020-05-26 11:56:54 - [MESSAGE][PASSED] - Object: 'Object Repository/Web RoomMe.id/Community Page/Welcome Video/Button Continue on the Form Registration' is clicked on

2020-05-26 11:56:54 - [TEST_STEP][PASSED] - callTestCase(findTestCase("Web RoomMe.id/20. Community Registration/1. Verify Registration Form"), [:], STOP_ON_FAILURE): Call Test Case 'Test Cases/Web RoomMe.id/20. Community Registration/1. Verify Registration Form' successfully

2020-05-26 11:56:55 - [TEST_CASE][PASSED] - Test Cases/Web RoomMe.id/20. Community Registration/1. Verify Registration Form: Test Cases/Web RoomMe.id/20. Community Registration/1. Verify Registration Form

2020-05-26 11:56:55 - [TEST_STEP][PASSED] - objectSubFolder = "Web RoomMe.id\Community Page\Community Registration\": null

2020-05-26 11:56:55 - [TEST_STEP][PASSED] - pathToObjRep = getProjectDir() + "\Object Repository\" + objectSubFolder: null

2020-05-26 11:56:55 - [TEST_STEP][PASSED] - yourObjects = new java.io.File(pathToObjRep): null

2020-05-26 11:56:55 - [TEST_STEP][PASSED] - fileNames = yourObjects.list(): null

2020-05-26 11:56:55 - [TEST_STEP][PASSED] - testObjects = new java.util.ArrayList(): null

2020-05-26 11:56:55 - [TEST_STEP][PASSED] - for ([i = 0, i < length, (i++)]): null

2020-05-26 11:56:55 - [TEST_STEP][PASSED] - if (fileNames[i].contains(".rs")): null

2020-05-26 11:56:55 - [TEST_STEP][PASSED] - if (fileNames[i].contains(".rs")): null

2020-05-26 11:56:55 - [TEST_STEP][PASSED] - fileNames[i] = fileNames[i].replace(".rs", ""): null

2020-05-26 11:56:55 - [TEST_STEP][PASSED] - testObjects.add(objectSubFolder + fileNames[i]): null

2020-05-26 11:56:55 - [TEST_STEP][PASSED] - if (fileNames[i].contains(".rs")): null

2020-05-26 11:56:55 - [TEST_STEP][PASSED] - fileNames[i] = fileNames[i].replace(".rs", ""): null

2020-05-26 11:56:55 - [TEST_STEP][PASSED] - testObjects.add(objectSubFolder + fileNames[i]): null

2020-05-26 11:56:55 - [TEST_STEP][PASSED] - if (fileNames[i].contains(".rs")): null

2020-05-26 11:56:55 - [TEST_STEP][PASSED] - if (fileNames[i].contains(".rs")): null

2020-05-26 11:56:55 - [TEST_STEP][PASSED] - fileNames[i] = fileNames[i].replace(".rs", ""): null

2020-05-26 11:56:55 - [TEST_STEP][PASSED] - testObjects.add(objectSubFolder + fileNames[i]): null

2020-05-26 11:56:55 - [TEST_STEP][PASSED] - if (fileNames[i].contains(".rs")): null

2020-05-26 11:56:55 - [TEST_STEP][PASSED] - fileNames[i] = fileNames[i].replace(".rs", ""): null

2020-05-26 11:56:55 - [TEST_STEP][PASSED] - testObjects.add(objectSubFolder + fileNames[i]): null

2020-05-26 11:56:55 - [TEST_STEP][PASSED] - if (fileNames[i].contains(".rs")): null

2020-05-26 11:56:55 - [TEST_STEP][PASSED] - fileNames[i] = fileNames[i].replace(".rs", ""): null

2020-05-26 11:56:55 - [TEST_STEP][PASSED] - testObjects.add(objectSubFolder + fileNames[i]): null

2020-05-26 11:56:55 - [TEST_STEP][PASSED] - if (fileNames[i].contains(".rs")): null

2020-05-26 11:56:55 - [TEST_STEP][PASSED] - if (fileNames[i].contains(".rs")): null

2020-05-26 11:56:55 - [TEST_STEP][PASSED] - fileNames[i] = fileNames[i].replace(".rs", ""): null

2020-05-26 11:56:55 - [TEST_STEP][PASSED] - testObjects.add(objectSubFolder + fileNames[i]): null

2020-05-26 11:56:55 - [TEST_STEP][PASSED] - if (fileNames[i].contains(".rs")): null

2020-05-26 11:56:55 - [TEST_STEP][PASSED] - fileNames[i] = fileNames[i].replace(".rs", ""): null

2020-05-26 11:56:55 - [TEST_STEP][PASSED] - testObjects.add(objectSubFolder + fileNames[i]): null

2020-05-26 11:56:55 - [TEST_STEP][PASSED] - if (fileNames[i].contains(".rs")): null

2020-05-26 11:56:55 - [TEST_STEP][PASSED] - fileNames[i] = fileNames[i].replace(".rs", ""): null

2020-05-26 11:56:55 - [TEST_STEP][PASSED] - testObjects.add(objectSubFolder + fileNames[i]): null

2020-05-26 11:56:55 - [TEST_STEP][PASSED] - if (fileNames[i].contains(".rs")): null

2020-05-26 11:56:55 - [TEST_STEP][PASSED] - fileNames[i] = fileNames[i].replace(".rs", ""): null

2020-05-26 11:56:55 - [TEST_STEP][PASSED] - testObjects.add(objectSubFolder + fileNames[i]): null

2020-05-26 11:56:55 - [TEST_STEP][PASSED] - if (fileNames[i].contains(".rs")): null

2020-05-26 11:56:55 - [TEST_STEP][PASSED] - fileNames[i] = fileNames[i].replace(".rs", ""): null

2020-05-26 11:56:55 - [TEST_STEP][PASSED] - testObjects.add(objectSubFolder + fileNames[i]): null

2020-05-26 11:56:55 - [TEST_STEP][PASSED] - if (fileNames[i].contains(".rs")): null

2020-05-26 11:56:55 - [TEST_STEP][PASSED] - fileNames[i] = fileNames[i].replace(".rs", ""): null

2020-05-26 11:56:55 - [TEST_STEP][PASSED] - testObjects.add(objectSubFolder + fileNames[i]): null

2020-05-26 11:56:55 - [TEST_STEP][PASSED] - if (fileNames[i].contains(".rs")): null

2020-05-26 11:56:55 - [TEST_STEP][PASSED] - fileNames[i] = fileNames[i].replace(".rs", ""): null

2020-05-26 11:56:55 - [TEST_STEP][PASSED] - testObjects.add(objectSubFolder + fileNames[i]): null

2020-05-26 11:56:55 - [TEST_STEP][PASSED] - if (fileNames[i].contains(".rs")): null

2020-05-26 11:56:55 - [TEST_STEP][PASSED] - fileNames[i] = fileNames[i].replace(".rs", ""): null

2020-05-26 11:56:55 - [TEST_STEP][PASSED] - testObjects.add(objectSubFolder + fileNames[i]): null

2020-05-26 11:56:55 - [TEST_STEP][PASSED] - if (fileNames[i].contains(".rs")): null

2020-05-26 11:56:55 - [TEST_STEP][PASSED] - fileNames[i] = fileNames[i].replace(".rs", ""): null

2020-05-26 11:56:55 - [TEST_STEP][PASSED] - testObjects.add(objectSubFolder + fileNames[i]): null

2020-05-26 11:56:55 - [TEST_STEP][PASSED] - if (fileNames[i].contains(".rs")): null

2020-05-26 11:56:55 - [TEST_STEP][PASSED] - fileNames[i] = fileNames[i].replace(".rs", ""): null

2020-05-26 11:56:55 - [TEST_STEP][PASSED] - testObjects.add(objectSubFolder + fileNames[i]): null

2020-05-26 11:56:55 - [TEST_STEP][PASSED] - if (fileNames[i].contains(".rs")): null

2020-05-26 11:56:55 - [TEST_STEP][PASSED] - fileNames[i] = fileNames[i].replace(".rs", ""): null

2020-05-26 11:56:55 - [TEST_STEP][PASSED] - testObjects.add(objectSubFolder + fileNames[i]): null

2020-05-26 11:56:55 - [TEST_STEP][PASSED] - for (String obj : testObjects): Object 'Object Repository/Web RoomMe.id\Community Page\Community Registration\Textfield Mobile Number' is visible

2020-05-26 11:56:55 - [TEST_STEP][PASSED] - verifyElementVisible(findTestObject(obj)): Object 'Object Repository/Web RoomMe.id\Community Page\Community Registration\Button Submit' is visible

2020-05-26 11:56:55 - [MESSAGE][PASSED] - Object 'Object Repository/Web RoomMe.id\Community Page\Community Registration\Button Submit' is visible

2020-05-26 11:56:55 - [TEST_STEP][PASSED] - verifyElementVisible(findTestObject(obj)): Object 'Object Repository/Web RoomMe.id\Community Page\Community Registration\Dropdown Interest' is visible

2020-05-26 11:56:55 - [MESSAGE][PASSED] - Object 'Object Repository/Web RoomMe.id\Community Page\Community Registration\Dropdown Interest' is visible

2020-05-26 11:56:55 - [TEST_STEP][PASSED] - verifyElementVisible(findTestObject(obj)): Object 'Object Repository/Web RoomMe.id\Community Page\Community Registration\Image 2020 RoomMe All Right Reserved' is visible

2020-05-26 11:56:56 - [MESSAGE][PASSED] - Object 'Object Repository/Web RoomMe.id\Community Page\Community Registration\Image 2020 RoomMe All Right Reserved' is visible

2020-05-26 11:56:56 - [TEST_STEP][PASSED] - verifyElementVisible(findTestObject(obj)): Object 'Object Repository/Web RoomMe.id\Community Page\Community Registration\RadioButton Female' is visible

2020-05-26 11:56:56 - [MESSAGE][PASSED] - Object 'Object Repository/Web RoomMe.id\Community Page\Community Registration\RadioButton Female' is visible

2020-05-26 11:56:56 - [TEST_STEP][PASSED] - verifyElementVisible(findTestObject(obj)): Object 'Object Repository/Web RoomMe.id\Community Page\Community Registration\RadioButton Male' is visible

2020-05-26 11:56:56 - [MESSAGE][PASSED] - Object 'Object Repository/Web RoomMe.id\Community Page\Community Registration\RadioButton Male' is visible

2020-05-26 11:56:56 - [TEST_STEP][PASSED] - verifyElementVisible(findTestObject(obj)): Object 'Object Repository/Web RoomMe.id\Community Page\Community Registration\Text Birthdate' is visible

2020-05-26 11:56:57 - [MESSAGE][PASSED] - Object 'Object Repository/Web RoomMe.id\Community Page\Community Registration\Text Birthdate' is visible

2020-05-26 11:56:57 - [TEST_STEP][PASSED] - verifyElementVisible(findTestObject(obj)): Object 'Object Repository/Web RoomMe.id\Community Page\Community Registration\Text Community Registration' is visible

2020-05-26 11:56:57 - [MESSAGE][PASSED] - Object 'Object Repository/Web RoomMe.id\Community Page\Community Registration\Text Community Registration' is visible

2020-05-26 11:56:57 - [TEST_STEP][PASSED] - verifyElementVisible(findTestObject(obj)): Object 'Object Repository/Web RoomMe.id\Community Page\Community Registration\Text Email Address' is visible

2020-05-26 11:56:57 - [MESSAGE][PASSED] - Object 'Object Repository/Web RoomMe.id\Community Page\Community Registration\Text Email Address' is visible

2020-05-26 11:56:57 - [TEST_STEP][PASSED] - verifyElementVisible(findTestObject(obj)): Object 'Object Repository/Web RoomMe.id\Community Page\Community Registration\Text Full Name' is visible

2020-05-26 11:56:58 - [MESSAGE][PASSED] - Object 'Object Repository/Web RoomMe.id\Community Page\Community Registration\Text Full Name' is visible

2020-05-26 11:56:58 - [TEST_STEP][PASSED] - verifyElementVisible(findTestObject(obj)): Object 'Object Repository/Web RoomMe.id\Community Page\Community Registration\Text Gender' is visible

2020-05-26 11:56:58 - [MESSAGE][PASSED] - Object 'Object Repository/Web RoomMe.id\Community Page\Community Registration\Text Gender' is visible

2020-05-26 11:56:58 - [TEST_STEP][PASSED] - verifyElementVisible(findTestObject(obj)): Object 'Object Repository/Web RoomMe.id\Community Page\Community Registration\Text Interest' is visible

2020-05-26 11:56:58 - [MESSAGE][PASSED] - Object 'Object Repository/Web RoomMe.id\Community Page\Community Registration\Text Interest' is visible

2020-05-26 11:56:58 - [TEST_STEP][PASSED] - verifyElementVisible(findTestObject(obj)): Object 'Object Repository/Web RoomMe.id\Community Page\Community Registration\Text Mobile Number' is visible

2020-05-26 11:56:59 - [MESSAGE][PASSED] - Object 'Object Repository/Web RoomMe.id\Community Page\Community Registration\Text Mobile Number' is visible

2020-05-26 11:56:59 - [TEST_STEP][PASSED] - verifyElementVisible(findTestObject(obj)): Object 'Object Repository/Web RoomMe.id\Community Page\Community Registration\Text The minimum age allowed is 17 years' is visible

2020-05-26 11:56:59 - [MESSAGE][PASSED] - Object 'Object Repository/Web RoomMe.id\Community Page\Community Registration\Text The minimum age allowed is 17 years' is visible

2020-05-26 11:56:59 - [TEST_STEP][PASSED] - verifyElementVisible(findTestObject(obj)): Object 'Object Repository/Web RoomMe.id\Community Page\Community Registration\Textfield Email Address' is visible

2020-05-26 11:56:59 - [MESSAGE][PASSED] - Object 'Object Repository/Web RoomMe.id\Community Page\Community Registration\Textfield Email Address' is visible

2020-05-26 11:56:59 - [TEST_STEP][PASSED] - verifyElementVisible(findTestObject(obj)): Object 'Object Repository/Web RoomMe.id\Community Page\Community Registration\Textfield Full Name' is visible

2020-05-26 11:56:59 - [MESSAGE][PASSED] - Object 'Object Repository/Web RoomMe.id\Community Page\Community Registration\Textfield Full Name' is visible

2020-05-26 11:56:59 - [TEST_STEP][PASSED] - verifyElementVisible(findTestObject(obj)): Object 'Object Repository/Web RoomMe.id\Community Page\Community Registration\Textfield Mobile Number' is visible

2020-05-26 11:57:00 - [MESSAGE][PASSED] - Object 'Object Repository/Web RoomMe.id\Community Page\Community Registration\Textfield Mobile Number' is visible

2020-05-26 11:57:00 - [MESSAGE][PASSED] - Call Test Case 'Test Cases/Web RoomMe.id/20. Community Registration/1. Verify Registration Form' successfully

2020-05-26 11:57:00 - [TEST_STEP][PASSED] - waitForElementVisible(findTestObject("Web RoomMe.id/Community Page/Community Registration/Textfield Full Name"), 0): Object 'Object Repository/Web RoomMe.id/Community Page/Community Registration/Textfield Full Name' is visible

2020-05-26 11:57:00 - [MESSAGE][WARNING] - Timeout '0' is invalid. Using default page load timeout: '60'

2020-05-26 11:57:00 - [MESSAGE][PASSED] - Object 'Object Repository/Web RoomMe.id/Community Page/Community Registration/Textfield Full Name' is visible

2020-05-26 11:57:00 - [TEST_STEP][PASSED] - sendKeys(findTestObject("Web RoomMe.id/Community Page/Community Registration/Textfield Full Name"), "Faldi"): Keys 'Faldi' sent to object: 'Object Repository/Web RoomMe.id/Community Page/Community Registration/Textfield Full Name'

2020-05-26 11:57:00 - [MESSAGE][PASSED] - Keys 'Faldi' sent to object: 'Object Repository/Web RoomMe.id/Community Page/Community Registration/Textfield Full Name'

2020-05-26 11:57:00 - [TEST_STEP][PASSED] - click(findTestObject("Web RoomMe.id/Community Page/Community Registration/RadioButton Male")): Object: 'Object Repository/Web RoomMe.id/Community Page/Community Registration/RadioButton Male' is clicked on

2020-05-26 11:57:01 - [MESSAGE][PASSED] - Object: 'Object Repository/Web RoomMe.id/Community Page/Community Registration/RadioButton Male' is clicked on

2020-05-26 11:57:01 - [TEST_STEP][PASSED] - click(findTestObject("Web RoomMe.id/Community Page/Community Registration/Birthdate Datepicker/Datepicker Birthdate_date (1)")): Object: 'Object Repository/Web RoomMe.id/Community Page/Community Registration/Birthdate Datepicker/Datepicker Birthdate_date (1)' is clicked on

2020-05-26 11:57:02 - [MESSAGE][PASSED] - Object: 'Object Repository/Web RoomMe.id/Community Page/Community Registration/Birthdate Datepicker/Datepicker Birthdate_date (1)' is clicked on

2020-05-26 11:57:02 - [TEST_STEP][PASSED] - click(findTestObject("Web RoomMe.id/Community Page/Community Registration/Birthdate Datepicker/Button Day 1")): Object: 'Object Repository/Web RoomMe.id/Community Page/Community Registration/Birthdate Datepicker/Button Day 1' is clicked on

2020-05-26 11:57:03 - [MESSAGE][PASSED] - Object: 'Object Repository/Web RoomMe.id/Community Page/Community Registration/Birthdate Datepicker/Button Day 1' is clicked on

2020-05-26 11:57:03 - [TEST_STEP][PASSED] - sendKeys(findTestObject("Web RoomMe.id/Community Page/Community Registration/Textfield Email Address"), "faldiat" + RandomStringUtils.randomNumeric(5)): Keys 'faldiat81882' sent to object: 'Object Repository/Web RoomMe.id/Community Page/Community Registration/Textfield Email Address'

2020-05-26 11:57:04 - [MESSAGE][PASSED] - Keys 'faldiat81882' sent to object: 'Object Repository/Web RoomMe.id/Community Page/Community Registration/Textfield Email Address'

2020-05-26 11:57:04 - [TEST_STEP][PASSED] - sendKeys(findTestObject("Web RoomMe.id/Community Page/Community Registration/Textfield Email Address"), "@gmail.com"): Keys '@gmail.com' sent to object: 'Object Repository/Web RoomMe.id/Community Page/Community Registration/Textfield Email Address'

2020-05-26 11:57:04 - [MESSAGE][PASSED] - Keys '@gmail.com' sent to object: 'Object Repository/Web RoomMe.id/Community Page/Community Registration/Textfield Email Address'

2020-05-26 11:57:04 - [TEST_STEP][PASSED] - selectOptionByIndex(findTestObject("Web RoomMe.id/Community Page/Community Registration/Dropdown Interest"), "4"): All options with index in [4] are selected on object 'Object Repository/Web RoomMe.id/Community Page/Community Registration/Dropdown Interest'

2020-05-26 11:57:05 - [MESSAGE][PASSED] - All options with index in [4] are selected on object 'Object Repository/Web RoomMe.id/Community Page/Community Registration/Dropdown Interest'

2020-05-26 11:57:05 - [TEST_STEP][PASSED] - click(findTestObject("Web RoomMe.id/Community Page/Community Registration/Button Submit")): Object: 'Object Repository/Web RoomMe.id/Community Page/Community Registration/Button Submit' is clicked on

2020-05-26 11:57:06 - [MESSAGE][PASSED] - Object: 'Object Repository/Web RoomMe.id/Community Page/Community Registration/Button Submit' is clicked on

2020-05-26 11:57:06 - [TEST_STEP][PASSED] - waitForElementVisible(findTestObject("Web RoomMe.id/Community Page/Community Registration/Error Message/Text Phone is required"), 0): Object 'Object Repository/Web RoomMe.id/Community Page/Community Registration/Error Message/Text Phone is required' is visible

2020-05-26 11:57:06 - [MESSAGE][WARNING] - Timeout '0' is invalid. Using default page load timeout: '60'

2020-05-26 11:57:06 - [MESSAGE][PASSED] - Object 'Object Repository/Web RoomMe.id/Community Page/Community Registration/Error Message/Text Phone is required' is visible

2020-05-26 11:57:06 - [TEST_STEP][PASSED] - sendKeys(findTestObject("Web RoomMe.id/Community Page/Community Registration/Textfield Mobile Number"), "ab"): Keys 'ab' sent to object: 'Object Repository/Web RoomMe.id/Community Page/Community Registration/Textfield Mobile Number'

2020-05-26 11:57:06 - [MESSAGE][PASSED] - Keys 'ab' sent to object: 'Object Repository/Web RoomMe.id/Community Page/Community Registration/Textfield Mobile Number'

2020-05-26 11:57:06 - [TEST_STEP][PASSED] - waitForElementVisible(findTestObject("Web RoomMe.id/Community Page/Community Registration/Error Message/Text Phone Number contains an invalid number"), 0): Object 'Object Repository/Web RoomMe.id/Community Page/Community Registration/Error Message/Text Phone Number contains an invalid number' is visible

2020-05-26 11:57:06 - [MESSAGE][WARNING] - Timeout '0' is invalid. Using default page load timeout: '60'

2020-05-26 11:57:07 - [MESSAGE][PASSED] - Object 'Object Repository/Web RoomMe.id/Community Page/Community Registration/Error Message/Text Phone Number contains an invalid number' is visible

2020-05-26 11:57:07 - [TEST_STEP][PASSED] - click(findTestObject("Web RoomMe.id/Community Page/Community Registration/Button Submit")): Object: 'Object Repository/Web RoomMe.id/Community Page/Community Registration/Button Submit' is clicked on

2020-05-26 11:57:07 - [MESSAGE][PASSED] - Object: 'Object Repository/Web RoomMe.id/Community Page/Community Registration/Button Submit' is clicked on

2020-05-26 11:57:07 - [TEST_STEP][PASSED] - sendKeys(findTestObject("Web RoomMe.id/Community Page/Community Registration/Textfield Mobile Number"), Keys.chord(CONTROL, "a", BACK_SPACE)): Keys 'CONTROL + BACK_SPACE + a' sent to object: 'Object Repository/Web RoomMe.id/Community Page/Community Registration/Textfield Mobile Number'

2020-05-26 11:57:08 - [MESSAGE][PASSED] - Keys 'CONTROL + BACK_SPACE + a' sent to object: 'Object Repository/Web RoomMe.id/Community Page/Community Registration/Textfield Mobile Number'

2020-05-26 11:57:08 - [TEST_STEP][PASSED] - sendKeys(findTestObject("Web RoomMe.id/Community Page/Community Registration/Textfield Mobile Number"), "123"): Keys '123' sent to object: 'Object Repository/Web RoomMe.id/Community Page/Community Registration/Textfield Mobile Number'

2020-05-26 11:57:08 - [MESSAGE][PASSED] - Keys '123' sent to object: 'Object Repository/Web RoomMe.id/Community Page/Community Registration/Textfield Mobile Number'

2020-05-26 11:57:08 - [TEST_STEP][PASSED] - waitForElementVisible(findTestObject("Web RoomMe.id/Community Page/Community Registration/Error Message/Text Phone Number contains an invalid number"), 0): Object 'Object Repository/Web RoomMe.id/Community Page/Community Registration/Error Message/Text Phone Number contains an invalid number' is visible

2020-05-26 11:57:08 - [MESSAGE][WARNING] - Timeout '0' is invalid. Using default page load timeout: '60'

2020-05-26 11:57:09 - [MESSAGE][PASSED] - Object 'Object Repository/Web RoomMe.id/Community Page/Community Registration/Error Message/Text Phone Number contains an invalid number' is visible

2020-05-26 11:57:09 - [TEST_STEP][PASSED] - click(findTestObject("Web RoomMe.id/Community Page/Community Registration/Button Submit")): Object: 'Object Repository/Web RoomMe.id/Community Page/Community Registration/Button Submit' is clicked on

2020-05-26 11:57:10 - [MESSAGE][PASSED] - Object: 'Object Repository/Web RoomMe.id/Community Page/Community Registration/Button Submit' is clicked on

2020-05-26 11:57:10 - [TEST_STEP][PASSED] - sendKeys(findTestObject("Web RoomMe.id/Community Page/Community Registration/Textfield Mobile Number"), Keys.chord(CONTROL, "a", BACK_SPACE)): Keys 'CONTROL + BACK_SPACE + a' sent to object: 'Object Repository/Web RoomMe.id/Community Page/Community Registration/Textfield Mobile Number'

2020-05-26 11:57:10 - [MESSAGE][PASSED] - Keys 'CONTROL + BACK_SPACE + a' sent to object: 'Object Repository/Web RoomMe.id/Community Page/Community Registration/Textfield Mobile Number'

2020-05-26 11:57:10 - [TEST_STEP][PASSED] - sendKeys(findTestObject("Web RoomMe.id/Community Page/Community Registration/Textfield Mobile Number"), "!@#$"): Keys '!@#$' sent to object: 'Object Repository/Web RoomMe.id/Community Page/Community Registration/Textfield Mobile Number'

2020-05-26 11:57:10 - [MESSAGE][PASSED] - Keys '!@#$' sent to object: 'Object Repository/Web RoomMe.id/Community Page/Community Registration/Textfield Mobile Number'

2020-05-26 11:57:10 - [TEST_STEP][PASSED] - waitForElementVisible(findTestObject("Web RoomMe.id/Community Page/Community Registration/Error Message/Text Phone Number contains an invalid number"), 0): Object 'Object Repository/Web RoomMe.id/Community Page/Community Registration/Error Message/Text Phone Number contains an invalid number' is visible

2020-05-26 11:57:11 - [MESSAGE][WARNING] - Timeout '0' is invalid. Using default page load timeout: '60'

2020-05-26 11:57:11 - [MESSAGE][PASSED] - Object 'Object Repository/Web RoomMe.id/Community Page/Community Registration/Error Message/Text Phone Number contains an invalid number' is visible

2020-05-26 11:57:11 - [TEST_STEP][PASSED] - click(findTestObject("Web RoomMe.id/Community Page/Community Registration/Button Submit")): Object: 'Object Repository/Web RoomMe.id/Community Page/Community Registration/Button Submit' is clicked on

2020-05-26 11:57:11 - [MESSAGE][PASSED] - Object: 'Object Repository/Web RoomMe.id/Community Page/Community Registration/Button Submit' is clicked on

2020-05-26 11:57:11 - [TEST_STEP][PASSED] - sendKeys(findTestObject("Web RoomMe.id/Community Page/Community Registration/Textfield Mobile Number"), Keys.chord(CONTROL, "a", BACK_SPACE)): Keys 'CONTROL + BACK_SPACE + a' sent to object: 'Object Repository/Web RoomMe.id/Community Page/Community Registration/Textfield Mobile Number'

2020-05-26 11:57:12 - [MESSAGE][PASSED] - Keys 'CONTROL + BACK_SPACE + a' sent to object: 'Object Repository/Web RoomMe.id/Community Page/Community Registration/Textfield Mobile Number'

2020-05-26 11:57:12 - [TEST_STEP][PASSED] - sendKeys(findTestObject("Web RoomMe.id/Community Page/Community Registration/Textfield Mobile Number"), "abcde12345abcde12345abcde12345abcde12345abcde12345as"): Keys 'abcde12345abcde12345abcde12345abcde12345abcde12345as' sent to object: 'Object Repository/Web RoomMe.id/Community Page/Community Registration/Textfield Mobile Number'

2020-05-26 11:57:13 - [MESSAGE][PASSED] - Keys 'abcde12345abcde12345abcde12345abcde12345abcde12345as' sent to object: 'Object Repository/Web RoomMe.id/Community Page/Community Registration/Textfield Mobile Number'

2020-05-26 11:57:13 - [TEST_STEP][PASSED] - waitForElementVisible(findTestObject("Web RoomMe.id/Community Page/Community Registration/Error Message/Text Phone Number contains an invalid number"), 0): Object 'Object Repository/Web RoomMe.id/Community Page/Community Registration/Error Message/Text Phone Number contains an invalid number' is visible

2020-05-26 11:57:13 - [MESSAGE][WARNING] - Timeout '0' is invalid. Using default page load timeout: '60'

2020-05-26 11:57:13 - [MESSAGE][PASSED] - Object 'Object Repository/Web RoomMe.id/Community Page/Community Registration/Error Message/Text Phone Number contains an invalid number' is visible

2020-05-26 11:57:13 - [TEST_STEP][PASSED] - click(findTestObject("Web RoomMe.id/Community Page/Community Registration/Button Submit")): Object: 'Object Repository/Web RoomMe.id/Community Page/Community Registration/Button Submit' is clicked on

2020-05-26 11:57:14 - [MESSAGE][PASSED] - Object: 'Object Repository/Web RoomMe.id/Community Page/Community Registration/Button Submit' is clicked on]]></system-out>
         <system-err><![CDATA[]]></system-err>
      </testcase>
      <testcase name="Test Cases/Web RoomMe.id/20. Community Registration/9. Customer Input Email Address with Invalid Data" time="35.046" classname="Test Cases/Web RoomMe.id/20. Community Registration/9. Customer Input Email Address with Invalid Data" status="PASSED">
         <system-out><![CDATA[2020-05-26 11:57:14 - [TEST_CASE][PASSED] - Test Cases/Web RoomMe.id/20. Community Registration/9. Customer Input Email Address with Invalid Data: Test Cases/Web RoomMe.id/20. Community Registration/9. Customer Input Email Address with Invalid Data

2020-05-26 11:57:14 - [TEST_STEP][PASSED] - callTestCase(findTestCase("Web RoomMe.id/6. Community/Customer Access Community Page"), [:], STOP_ON_FAILURE): Call Test Case 'Test Cases/Web RoomMe.id/6. Community/Customer Access Community Page' successfully

2020-05-26 11:57:14 - [TEST_CASE][PASSED] - Test Cases/Web RoomMe.id/6. Community/Customer Access Community Page: Test Cases/Web RoomMe.id/6. Community/Customer Access Community Page

2020-05-26 11:57:14 - [TEST_STEP][PASSED] - callTestCase(findTestCase("Web RoomMe.id/1. Homepage/1. Customer Access RoomMe Page"), [:], STOP_ON_FAILURE): Call Test Case 'Test Cases/Web RoomMe.id/1. Homepage/1. Customer Access RoomMe Page' successfully

2020-05-26 11:57:14 - [TEST_CASE][PASSED] - Test Cases/Web RoomMe.id/1. Homepage/1. Customer Access RoomMe Page: Test Cases/Web RoomMe.id/1. Homepage/1. Customer Access RoomMe Page

2020-05-26 11:57:14 - [TEST_STEP][PASSED] - openBrowser(url): Browser is opened with url: 'web.roomme.id'

2020-05-26 11:57:14 - [MESSAGE][WARNING] - A browser is already opened. Closing browser and opening a new one

2020-05-26 11:57:15 - [MESSAGE][INFO] - Starting 'Chrome' driver

2020-05-26 11:57:28 - [MESSAGE][PASSED] - Browser is opened with url: 'web.roomme.id'

2020-05-26 11:57:28 - [TEST_STEP][PASSED] - maximizeWindow(): Current window maximized

2020-05-26 11:57:30 - [MESSAGE][PASSED] - Current window maximized

2020-05-26 11:57:30 - [TEST_STEP][PASSED] - waitForPageLoad(0): Wait for page load successfully

2020-05-26 11:57:30 - [MESSAGE][WARNING] - Timeout '0' is invalid. Using default page load timeout: '60'

2020-05-26 11:57:30 - [MESSAGE][PASSED] - Wait for page load successfully

2020-05-26 11:57:30 - [MESSAGE][PASSED] - Call Test Case 'Test Cases/Web RoomMe.id/1. Homepage/1. Customer Access RoomMe Page' successfully

2020-05-26 11:57:30 - [TEST_STEP][PASSED] - waitForElementVisible(findTestObject("Web RoomMe.id/RoomMe.id Header/Button Community"), 30): Object 'Object Repository/Web RoomMe.id/RoomMe.id Header/Button Community' is visible

2020-05-26 11:57:30 - [MESSAGE][PASSED] - Object 'Object Repository/Web RoomMe.id/RoomMe.id Header/Button Community' is visible

2020-05-26 11:57:30 - [TEST_STEP][PASSED] - click(findTestObject("Web RoomMe.id/RoomMe.id Header/Button Community")): Object: 'Object Repository/Web RoomMe.id/RoomMe.id Header/Button Community' is clicked on

2020-05-26 11:57:32 - [MESSAGE][PASSED] - Object: 'Object Repository/Web RoomMe.id/RoomMe.id Header/Button Community' is clicked on

2020-05-26 11:57:32 - [TEST_STEP][PASSED] - waitForPageLoad(0): Wait for page load successfully

2020-05-26 11:57:32 - [MESSAGE][WARNING] - Timeout '0' is invalid. Using default page load timeout: '60'

2020-05-26 11:57:32 - [MESSAGE][PASSED] - Wait for page load successfully

2020-05-26 11:57:32 - [MESSAGE][PASSED] - Call Test Case 'Test Cases/Web RoomMe.id/6. Community/Customer Access Community Page' successfully

2020-05-26 11:57:32 - [TEST_STEP][PASSED] - waitForElementVisible(findTestObject("Web RoomMe.id/Community Page/Welcome Video/Button Continue on the Form Registration"), 0): Object 'Object Repository/Web RoomMe.id/Community Page/Welcome Video/Button Continue on the Form Registration' is visible

2020-05-26 11:57:32 - [MESSAGE][WARNING] - Timeout '0' is invalid. Using default page load timeout: '60'

2020-05-26 11:57:33 - [MESSAGE][PASSED] - Object 'Object Repository/Web RoomMe.id/Community Page/Welcome Video/Button Continue on the Form Registration' is visible

2020-05-26 11:57:33 - [TEST_STEP][PASSED] - click(findTestObject("Web RoomMe.id/Community Page/Welcome Video/Button Continue on the Form Registration")): Object: 'Object Repository/Web RoomMe.id/Community Page/Welcome Video/Button Continue on the Form Registration' is clicked on

2020-05-26 11:57:34 - [MESSAGE][PASSED] - Object: 'Object Repository/Web RoomMe.id/Community Page/Welcome Video/Button Continue on the Form Registration' is clicked on

2020-05-26 11:57:34 - [TEST_STEP][PASSED] - waitForElementVisible(findTestObject("Web RoomMe.id/Community Page/Community Registration/Textfield Email Address"), 0): Object 'Object Repository/Web RoomMe.id/Community Page/Community Registration/Textfield Email Address' is visible

2020-05-26 11:57:34 - [MESSAGE][WARNING] - Timeout '0' is invalid. Using default page load timeout: '60'

2020-05-26 11:57:34 - [MESSAGE][PASSED] - Object 'Object Repository/Web RoomMe.id/Community Page/Community Registration/Textfield Email Address' is visible

2020-05-26 11:57:34 - [TEST_STEP][PASSED] - sendKeys(findTestObject("Web RoomMe.id/Community Page/Community Registration/Textfield Email Address"), "ab"): Keys 'ab' sent to object: 'Object Repository/Web RoomMe.id/Community Page/Community Registration/Textfield Email Address'

2020-05-26 11:57:35 - [MESSAGE][PASSED] - Keys 'ab' sent to object: 'Object Repository/Web RoomMe.id/Community Page/Community Registration/Textfield Email Address'

2020-05-26 11:57:35 - [TEST_STEP][PASSED] - waitForElementVisible(findTestObject("Web RoomMe.id/Community Page/Community Registration/Error Message/Text Email is not valid"), 0): Object 'Object Repository/Web RoomMe.id/Community Page/Community Registration/Error Message/Text Email is not valid' is visible

2020-05-26 11:57:36 - [MESSAGE][WARNING] - Timeout '0' is invalid. Using default page load timeout: '60'

2020-05-26 11:57:36 - [MESSAGE][PASSED] - Object 'Object Repository/Web RoomMe.id/Community Page/Community Registration/Error Message/Text Email is not valid' is visible

2020-05-26 11:57:36 - [TEST_STEP][PASSED] - sendKeys(findTestObject("Web RoomMe.id/Community Page/Community Registration/Textfield Email Address"), Keys.chord(CONTROL, "a", BACK_SPACE)): Keys 'CONTROL + BACK_SPACE + a' sent to object: 'Object Repository/Web RoomMe.id/Community Page/Community Registration/Textfield Email Address'

2020-05-26 11:57:37 - [MESSAGE][PASSED] - Keys 'CONTROL + BACK_SPACE + a' sent to object: 'Object Repository/Web RoomMe.id/Community Page/Community Registration/Textfield Email Address'

2020-05-26 11:57:37 - [TEST_STEP][PASSED] - sendKeys(findTestObject("Web RoomMe.id/Community Page/Community Registration/Textfield Email Address"), "123"): Keys '123' sent to object: 'Object Repository/Web RoomMe.id/Community Page/Community Registration/Textfield Email Address'

2020-05-26 11:57:37 - [MESSAGE][PASSED] - Keys '123' sent to object: 'Object Repository/Web RoomMe.id/Community Page/Community Registration/Textfield Email Address'

2020-05-26 11:57:37 - [TEST_STEP][PASSED] - waitForElementVisible(findTestObject("Web RoomMe.id/Community Page/Community Registration/Error Message/Text Email is not valid"), 0): Object 'Object Repository/Web RoomMe.id/Community Page/Community Registration/Error Message/Text Email is not valid' is visible

2020-05-26 11:57:37 - [MESSAGE][WARNING] - Timeout '0' is invalid. Using default page load timeout: '60'

2020-05-26 11:57:38 - [MESSAGE][PASSED] - Object 'Object Repository/Web RoomMe.id/Community Page/Community Registration/Error Message/Text Email is not valid' is visible

2020-05-26 11:57:38 - [TEST_STEP][PASSED] - sendKeys(findTestObject("Web RoomMe.id/Community Page/Community Registration/Textfield Email Address"), Keys.chord(CONTROL, "a", BACK_SPACE)): Keys 'CONTROL + BACK_SPACE + a' sent to object: 'Object Repository/Web RoomMe.id/Community Page/Community Registration/Textfield Email Address'

2020-05-26 11:57:39 - [MESSAGE][PASSED] - Keys 'CONTROL + BACK_SPACE + a' sent to object: 'Object Repository/Web RoomMe.id/Community Page/Community Registration/Textfield Email Address'

2020-05-26 11:57:39 - [TEST_STEP][PASSED] - sendKeys(findTestObject("Web RoomMe.id/Community Page/Community Registration/Textfield Email Address"), "!@#$"): Keys '!@#$' sent to object: 'Object Repository/Web RoomMe.id/Community Page/Community Registration/Textfield Email Address'

2020-05-26 11:57:39 - [MESSAGE][PASSED] - Keys '!@#$' sent to object: 'Object Repository/Web RoomMe.id/Community Page/Community Registration/Textfield Email Address'

2020-05-26 11:57:39 - [TEST_STEP][PASSED] - waitForElementVisible(findTestObject("Web RoomMe.id/Community Page/Community Registration/Error Message/Text Email is not valid"), 0): Object 'Object Repository/Web RoomMe.id/Community Page/Community Registration/Error Message/Text Email is not valid' is visible

2020-05-26 11:57:39 - [MESSAGE][WARNING] - Timeout '0' is invalid. Using default page load timeout: '60'

2020-05-26 11:57:40 - [MESSAGE][PASSED] - Object 'Object Repository/Web RoomMe.id/Community Page/Community Registration/Error Message/Text Email is not valid' is visible

2020-05-26 11:57:40 - [TEST_STEP][PASSED] - sendKeys(findTestObject("Web RoomMe.id/Community Page/Community Registration/Textfield Email Address"), Keys.chord(CONTROL, "a", BACK_SPACE)): Keys 'CONTROL + BACK_SPACE + a' sent to object: 'Object Repository/Web RoomMe.id/Community Page/Community Registration/Textfield Email Address'

2020-05-26 11:57:40 - [MESSAGE][PASSED] - Keys 'CONTROL + BACK_SPACE + a' sent to object: 'Object Repository/Web RoomMe.id/Community Page/Community Registration/Textfield Email Address'

2020-05-26 11:57:40 - [TEST_STEP][PASSED] - sendKeys(findTestObject("Web RoomMe.id/Community Page/Community Registration/Textfield Email Address"), "abcde12345abcde12345abcde12345abcde12345abcde12345as"): Keys 'abcde12345abcde12345abcde12345abcde12345abcde12345as' sent to object: 'Object Repository/Web RoomMe.id/Community Page/Community Registration/Textfield Email Address'

2020-05-26 11:57:41 - [MESSAGE][PASSED] - Keys 'abcde12345abcde12345abcde12345abcde12345abcde12345as' sent to object: 'Object Repository/Web RoomMe.id/Community Page/Community Registration/Textfield Email Address'

2020-05-26 11:57:41 - [TEST_STEP][PASSED] - waitForElementVisible(findTestObject("Web RoomMe.id/Community Page/Community Registration/Error Message/Text Email is not valid"), 0): Object 'Object Repository/Web RoomMe.id/Community Page/Community Registration/Error Message/Text Email is not valid' is visible

2020-05-26 11:57:41 - [MESSAGE][WARNING] - Timeout '0' is invalid. Using default page load timeout: '60'

2020-05-26 11:57:42 - [MESSAGE][PASSED] - Object 'Object Repository/Web RoomMe.id/Community Page/Community Registration/Error Message/Text Email is not valid' is visible

2020-05-26 11:57:42 - [TEST_STEP][PASSED] - sendKeys(findTestObject("Web RoomMe.id/Community Page/Community Registration/Textfield Email Address"), Keys.chord(CONTROL, "a", BACK_SPACE)): Keys 'CONTROL + BACK_SPACE + a' sent to object: 'Object Repository/Web RoomMe.id/Community Page/Community Registration/Textfield Email Address'

2020-05-26 11:57:43 - [MESSAGE][PASSED] - Keys 'CONTROL + BACK_SPACE + a' sent to object: 'Object Repository/Web RoomMe.id/Community Page/Community Registration/Textfield Email Address'

2020-05-26 11:57:43 - [TEST_STEP][PASSED] - sendKeys(findTestObject("Web RoomMe.id/Community Page/Community Registration/Textfield Email Address"), "asd@"): Keys 'asd@' sent to object: 'Object Repository/Web RoomMe.id/Community Page/Community Registration/Textfield Email Address'

2020-05-26 11:57:43 - [MESSAGE][PASSED] - Keys 'asd@' sent to object: 'Object Repository/Web RoomMe.id/Community Page/Community Registration/Textfield Email Address'

2020-05-26 11:57:43 - [TEST_STEP][PASSED] - waitForElementVisible(findTestObject("Web RoomMe.id/Community Page/Community Registration/Error Message/Text Email is not valid"), 0): Object 'Object Repository/Web RoomMe.id/Community Page/Community Registration/Error Message/Text Email is not valid' is visible

2020-05-26 11:57:43 - [MESSAGE][WARNING] - Timeout '0' is invalid. Using default page load timeout: '60'

2020-05-26 11:57:44 - [MESSAGE][PASSED] - Object 'Object Repository/Web RoomMe.id/Community Page/Community Registration/Error Message/Text Email is not valid' is visible

2020-05-26 11:57:44 - [TEST_STEP][PASSED] - sendKeys(findTestObject("Web RoomMe.id/Community Page/Community Registration/Textfield Email Address"), Keys.chord(CONTROL, "a", BACK_SPACE)): Keys 'CONTROL + BACK_SPACE + a' sent to object: 'Object Repository/Web RoomMe.id/Community Page/Community Registration/Textfield Email Address'

2020-05-26 11:57:44 - [MESSAGE][PASSED] - Keys 'CONTROL + BACK_SPACE + a' sent to object: 'Object Repository/Web RoomMe.id/Community Page/Community Registration/Textfield Email Address'

2020-05-26 11:57:44 - [TEST_STEP][PASSED] - sendKeys(findTestObject("Web RoomMe.id/Community Page/Community Registration/Textfield Email Address"), "asd@get"): Keys 'asd@get' sent to object: 'Object Repository/Web RoomMe.id/Community Page/Community Registration/Textfield Email Address'

2020-05-26 11:57:45 - [MESSAGE][PASSED] - Keys 'asd@get' sent to object: 'Object Repository/Web RoomMe.id/Community Page/Community Registration/Textfield Email Address'

2020-05-26 11:57:45 - [TEST_STEP][PASSED] - waitForElementVisible(findTestObject("Web RoomMe.id/Community Page/Community Registration/Error Message/Text Email is not valid"), 0): Object 'Object Repository/Web RoomMe.id/Community Page/Community Registration/Error Message/Text Email is not valid' is visible

2020-05-26 11:57:45 - [MESSAGE][WARNING] - Timeout '0' is invalid. Using default page load timeout: '60'

2020-05-26 11:57:45 - [MESSAGE][PASSED] - Object 'Object Repository/Web RoomMe.id/Community Page/Community Registration/Error Message/Text Email is not valid' is visible

2020-05-26 11:57:45 - [TEST_STEP][PASSED] - sendKeys(findTestObject("Web RoomMe.id/Community Page/Community Registration/Textfield Email Address"), Keys.chord(CONTROL, "a", BACK_SPACE)): Keys 'CONTROL + BACK_SPACE + a' sent to object: 'Object Repository/Web RoomMe.id/Community Page/Community Registration/Textfield Email Address'

2020-05-26 11:57:45 - [MESSAGE][PASSED] - Keys 'CONTROL + BACK_SPACE + a' sent to object: 'Object Repository/Web RoomMe.id/Community Page/Community Registration/Textfield Email Address'

2020-05-26 11:57:45 - [TEST_STEP][PASSED] - sendKeys(findTestObject("Web RoomMe.id/Community Page/Community Registration/Textfield Email Address"), "asd@get."): Keys 'asd@get.' sent to object: 'Object Repository/Web RoomMe.id/Community Page/Community Registration/Textfield Email Address'

2020-05-26 11:57:46 - [MESSAGE][PASSED] - Keys 'asd@get.' sent to object: 'Object Repository/Web RoomMe.id/Community Page/Community Registration/Textfield Email Address'

2020-05-26 11:57:46 - [TEST_STEP][PASSED] - waitForElementVisible(findTestObject("Web RoomMe.id/Community Page/Community Registration/Error Message/Text Email is not valid"), 0): Object 'Object Repository/Web RoomMe.id/Community Page/Community Registration/Error Message/Text Email is not valid' is visible

2020-05-26 11:57:46 - [MESSAGE][WARNING] - Timeout '0' is invalid. Using default page load timeout: '60'

2020-05-26 11:57:47 - [MESSAGE][PASSED] - Object 'Object Repository/Web RoomMe.id/Community Page/Community Registration/Error Message/Text Email is not valid' is visible

2020-05-26 11:57:47 - [TEST_STEP][PASSED] - sendKeys(findTestObject("Web RoomMe.id/Community Page/Community Registration/Textfield Email Address"), Keys.chord(CONTROL, "a", BACK_SPACE)): Keys 'CONTROL + BACK_SPACE + a' sent to object: 'Object Repository/Web RoomMe.id/Community Page/Community Registration/Textfield Email Address'

2020-05-26 11:57:47 - [MESSAGE][PASSED] - Keys 'CONTROL + BACK_SPACE + a' sent to object: 'Object Repository/Web RoomMe.id/Community Page/Community Registration/Textfield Email Address'

2020-05-26 11:57:47 - [TEST_STEP][PASSED] - sendKeys(findTestObject("Web RoomMe.id/Community Page/Community Registration/Textfield Email Address"), "asd@get.c"): Keys 'asd@get.c' sent to object: 'Object Repository/Web RoomMe.id/Community Page/Community Registration/Textfield Email Address'

2020-05-26 11:57:48 - [MESSAGE][PASSED] - Keys 'asd@get.c' sent to object: 'Object Repository/Web RoomMe.id/Community Page/Community Registration/Textfield Email Address'

2020-05-26 11:57:48 - [TEST_STEP][PASSED] - waitForElementVisible(findTestObject("Web RoomMe.id/Community Page/Community Registration/Error Message/Text Email is not valid"), 0): Object 'Object Repository/Web RoomMe.id/Community Page/Community Registration/Error Message/Text Email is not valid' is visible

2020-05-26 11:57:48 - [MESSAGE][WARNING] - Timeout '0' is invalid. Using default page load timeout: '60'

2020-05-26 11:57:49 - [MESSAGE][PASSED] - Object 'Object Repository/Web RoomMe.id/Community Page/Community Registration/Error Message/Text Email is not valid' is visible]]></system-out>
         <system-err><![CDATA[]]></system-err>
      </testcase>
      <system-out><![CDATA[2020-05-26 11:51:52 - [TEST_SUITE][PASSED] - Customer Register in Community Page: Test Cases/Web RoomMe.id/20. Community Registration/9. Customer Input Email Address with Invalid Data]]></system-out>
      <system-err><![CDATA[]]></system-err>
   </testsuite>
</testsuites>
