<?xml version="1.0" encoding="UTF-8"?>
<testsuites name="Customer Access Community Page" time="45.246" tests="2" failures="0" errors="0">
   <testsuite name="Customer Access Community Page" tests="2" failures="0" errors="0" time="45.246" timestamp="2020-04-09 12:14:09" hostname="Win 10 - LENNONOVO" id="Test Suites/Web RoomMe.id/Customer Access Community Page">
      <properties>
         <property name="deviceName" value=""/>
         <property name="devicePlatform" value=""/>
         <property name="logFolder" value="C:\\Users\\Faldi\\Katalon Studio\\katalonroomme-master\\Reports\\20200409_120402\\Web RoomMe.id\\Customer Access Community Page\\20200409_120404"/>
         <property name="logFiles" value="C:\\Users\\Faldi\\Katalon Studio\\katalonroomme-master\\Reports\\20200409_120402\\Web RoomMe.id\\Customer Access Community Page\\20200409_120404\\execution0.log"/>
         <property name="attachments" value=""/>
         <property name="hostName" value="Win 10 - LENNONOVO"/>
         <property name="os" value="Windows 10 64bit"/>
         <property name="katalonVersion" value="7.2.6.1"/>
         <property name="browser" value="Firefox 74.0"/>
         <property name="hostAddress" value="192.168.1.15"/>
         <property name="sessionId" value="911f4f1c-1a9a-4d41-9945-341cae1783fe"/>
         <property name="seleniumVersion" value="3.141.59"/>
         <property name="proxyInformation" value="ProxyInformation{proxyOption=NO_PROXY, proxyServerType=HTTP, password=, proxyServerAddress=, proxyServerPort=0, executionList=}"/>
         <property name="platform" value="Windows 10"/>
      </properties>
      <testcase name="Test Cases/Web RoomMe.id/6. Community/1. Customer Access Community Page From Header" time="20.773" classname="Test Cases/Web RoomMe.id/6. Community/1. Customer Access Community Page From Header" status="PASSED">
         <system-out><![CDATA[2020-04-09 12:14:09 - [TEST_CASE][PASSED] - Test Cases/Web RoomMe.id/6. Community/1. Customer Access Community Page From Header: Test Cases/Web RoomMe.id/6. Community/1. Customer Access Community Page From Header

2020-04-09 12:14:10 - [TEST_STEP][PASSED] - callTestCase(findTestCase("Web RoomMe.id/1. Homepage/1. Customer Access RoomMe Page"), [:], STOP_ON_FAILURE): Call Test Case 'Test Cases/Web RoomMe.id/1. Homepage/1. Customer Access RoomMe Page' successfully

2020-04-09 12:14:10 - [TEST_CASE][PASSED] - Test Cases/Web RoomMe.id/1. Homepage/1. Customer Access RoomMe Page: Test Cases/Web RoomMe.id/1. Homepage/1. Customer Access RoomMe Page

2020-04-09 12:14:10 - [TEST_STEP][PASSED] - openBrowser("https://web.roomme.id/"): Browser is opened with url: 'https://web.roomme.id/'

2020-04-09 12:14:10 - [MESSAGE][INFO] - Starting 'Firefox' driver

2020-04-09 12:14:10 - [MESSAGE][INFO] - Action delay is set to 0 seconds

2020-04-09 12:14:22 - [MESSAGE][PASSED] - Browser is opened with url: 'https://web.roomme.id/'

2020-04-09 12:14:22 - [TEST_STEP][PASSED] - maximizeWindow(): Current window maximized

2020-04-09 12:14:22 - [MESSAGE][PASSED] - Current window maximized

2020-04-09 12:14:22 - [TEST_STEP][PASSED] - waitForPageLoad(0): Wait for page load successfully

2020-04-09 12:14:22 - [MESSAGE][WARNING] - Timeout '0' is invalid. Using default page load timeout: '60'

2020-04-09 12:14:22 - [MESSAGE][PASSED] - Wait for page load successfully

2020-04-09 12:14:22 - [MESSAGE][PASSED] - Call Test Case 'Test Cases/Web RoomMe.id/1. Homepage/1. Customer Access RoomMe Page' successfully

2020-04-09 12:14:22 - [TEST_STEP][PASSED] - waitForElementVisible(findTestObject("Web RoomMe.id/RoomMe.id Header/Button Community"), 30): Object 'Object Repository/Web RoomMe.id/RoomMe.id Header/Button Community' is visible

2020-04-09 12:14:25 - [MESSAGE][PASSED] - Object 'Object Repository/Web RoomMe.id/RoomMe.id Header/Button Community' is visible

2020-04-09 12:14:25 - [TEST_STEP][PASSED] - click(findTestObject("Web RoomMe.id/RoomMe.id Header/Button Community")): Object: 'Object Repository/Web RoomMe.id/RoomMe.id Header/Button Community' is clicked on

2020-04-09 12:14:28 - [MESSAGE][PASSED] - Object: 'Object Repository/Web RoomMe.id/RoomMe.id Header/Button Community' is clicked on

2020-04-09 12:14:28 - [TEST_STEP][PASSED] - waitForPageLoad(0): Wait for page load successfully

2020-04-09 12:14:28 - [MESSAGE][WARNING] - Timeout '0' is invalid. Using default page load timeout: '60'

2020-04-09 12:14:28 - [MESSAGE][PASSED] - Wait for page load successfully

2020-04-09 12:14:28 - [TEST_STEP][PASSED] - waitForElementVisible(findTestObject("Web RoomMe.id/Community Page/Text Community Registration"), 30): Object 'Object Repository/Web RoomMe.id/Community Page/Text Community Registration' is visible

2020-04-09 12:14:30 - [MESSAGE][PASSED] - Object 'Object Repository/Web RoomMe.id/Community Page/Text Community Registration' is visible]]></system-out>
         <system-err><![CDATA[]]></system-err>
      </testcase>
      <testcase name="Test Cases/Web RoomMe.id/6. Community/2. Customer Access Community Page From Homepage Section" time="19.179" classname="Test Cases/Web RoomMe.id/6. Community/2. Customer Access Community Page From Homepage Section" status="PASSED">
         <system-out><![CDATA[2020-04-09 12:14:30 - [TEST_CASE][PASSED] - Test Cases/Web RoomMe.id/6. Community/2. Customer Access Community Page From Homepage Section: Test Cases/Web RoomMe.id/6. Community/2. Customer Access Community Page From Homepage Section

2020-04-09 12:14:30 - [TEST_STEP][PASSED] - callTestCase(findTestCase("Web RoomMe.id/1. Homepage/1. Customer Access RoomMe Page"), [:], STOP_ON_FAILURE): Call Test Case 'Test Cases/Web RoomMe.id/1. Homepage/1. Customer Access RoomMe Page' successfully

2020-04-09 12:14:30 - [TEST_CASE][PASSED] - Test Cases/Web RoomMe.id/1. Homepage/1. Customer Access RoomMe Page: Test Cases/Web RoomMe.id/1. Homepage/1. Customer Access RoomMe Page

2020-04-09 12:14:30 - [TEST_STEP][PASSED] - openBrowser("https://web.roomme.id/"): Browser is opened with url: 'https://web.roomme.id/'

2020-04-09 12:14:30 - [MESSAGE][WARNING] - A browser is already opened. Closing browser and opening a new one

2020-04-09 12:14:32 - [MESSAGE][INFO] - Starting 'Firefox' driver

2020-04-09 12:14:42 - [MESSAGE][PASSED] - Browser is opened with url: 'https://web.roomme.id/'

2020-04-09 12:14:42 - [TEST_STEP][PASSED] - maximizeWindow(): Current window maximized

2020-04-09 12:14:42 - [MESSAGE][PASSED] - Current window maximized

2020-04-09 12:14:42 - [TEST_STEP][PASSED] - waitForPageLoad(0): Wait for page load successfully

2020-04-09 12:14:42 - [MESSAGE][WARNING] - Timeout '0' is invalid. Using default page load timeout: '60'

2020-04-09 12:14:42 - [MESSAGE][PASSED] - Wait for page load successfully

2020-04-09 12:14:42 - [MESSAGE][PASSED] - Call Test Case 'Test Cases/Web RoomMe.id/1. Homepage/1. Customer Access RoomMe Page' successfully

2020-04-09 12:14:42 - [TEST_STEP][PASSED] - waitForElementVisible(findTestObject("Web RoomMe.id/RoomMe.id Homepage/Button Explore Community"), 30): Object 'Object Repository/Web RoomMe.id/RoomMe.id Homepage/Button Explore Community' is visible

2020-04-09 12:14:44 - [MESSAGE][PASSED] - Object 'Object Repository/Web RoomMe.id/RoomMe.id Homepage/Button Explore Community' is visible

2020-04-09 12:14:44 - [TEST_STEP][PASSED] - click(findTestObject("Web RoomMe.id/RoomMe.id Homepage/Button Explore Community")): Object: 'Object Repository/Web RoomMe.id/RoomMe.id Homepage/Button Explore Community' is clicked on

2020-04-09 12:14:47 - [MESSAGE][PASSED] - Object: 'Object Repository/Web RoomMe.id/RoomMe.id Homepage/Button Explore Community' is clicked on

2020-04-09 12:14:47 - [TEST_STEP][PASSED] - waitForPageLoad(0): Wait for page load successfully

2020-04-09 12:14:47 - [MESSAGE][WARNING] - Timeout '0' is invalid. Using default page load timeout: '60'

2020-04-09 12:14:47 - [MESSAGE][PASSED] - Wait for page load successfully

2020-04-09 12:14:47 - [TEST_STEP][PASSED] - waitForElementVisible(findTestObject("Web RoomMe.id/Community Page/Text Community Registration"), 30): Object 'Object Repository/Web RoomMe.id/Community Page/Text Community Registration' is visible

2020-04-09 12:14:49 - [MESSAGE][PASSED] - Object 'Object Repository/Web RoomMe.id/Community Page/Text Community Registration' is visible]]></system-out>
         <system-err><![CDATA[]]></system-err>
      </testcase>
      <system-out><![CDATA[2020-04-09 12:14:09 - [TEST_SUITE][PASSED] - Customer Access Community Page: Test Cases/Web RoomMe.id/6. Community/2. Customer Access Community Page From Homepage Section]]></system-out>
      <system-err><![CDATA[]]></system-err>
   </testsuite>
</testsuites>
