<?xml version="1.0" encoding="UTF-8"?>
<testsuites name="Customer Access Community Page" time="36.599" tests="2" failures="0" errors="0">
   <testsuite name="Customer Access Community Page" tests="2" failures="0" errors="0" time="36.599" timestamp="2020-04-28 10:53:41" hostname="Win 10 - LENNONOVO" id="Test Suites/Web RoomMe.id/Customer Access Community Page">
      <properties>
         <property name="deviceName" value=""/>
         <property name="devicePlatform" value=""/>
         <property name="logFolder" value="C:\\Users\\Faldi\\Katalon Studio\\katalonroomme-master\\Reports\\20200428_104740\\Web RoomMe.id\\Customer Access Community Page\\20200428_104747"/>
         <property name="logFiles" value="C:\\Users\\Faldi\\Katalon Studio\\katalonroomme-master\\Reports\\20200428_104740\\Web RoomMe.id\\Customer Access Community Page\\20200428_104747\\execution0.log"/>
         <property name="attachments" value=""/>
         <property name="hostName" value="Win 10 - LENNONOVO"/>
         <property name="os" value="Windows 10 64bit"/>
         <property name="katalonVersion" value="7.0.0.1"/>
         <property name="browser" value="Chrome 81.0.4044.122"/>
         <property name="hostAddress" value="192.168.1.2"/>
         <property name="sessionId" value="996405a8981e354a48aa32c425ee8346"/>
         <property name="seleniumVersion" value="3.141.59"/>
         <property name="proxyInformation" value="ProxyInformation{proxyOption=NO_PROXY, proxyServerType=HTTP, password=, proxyServerAddress=, proxyServerPort=0}"/>
         <property name="platform" value="Windows 10"/>
      </properties>
      <testcase name="Test Cases/Web RoomMe.id/6. Community/1. Customer Access Community Page From Header" time="17.616" classname="Test Cases/Web RoomMe.id/6. Community/1. Customer Access Community Page From Header" status="PASSED">
         <system-out><![CDATA[2020-04-28 10:53:41 - [TEST_CASE][PASSED] - Test Cases/Web RoomMe.id/6. Community/1. Customer Access Community Page From Header: Test Cases/Web RoomMe.id/6. Community/1. Customer Access Community Page From Header

2020-04-28 10:53:42 - [TEST_STEP][PASSED] - callTestCase(findTestCase("Web RoomMe.id/1. Homepage/1. Customer Access RoomMe Page"), [:], STOP_ON_FAILURE): Call Test Case 'Test Cases/Web RoomMe.id/1. Homepage/1. Customer Access RoomMe Page' successfully

2020-04-28 10:53:42 - [TEST_CASE][PASSED] - Test Cases/Web RoomMe.id/1. Homepage/1. Customer Access RoomMe Page: Test Cases/Web RoomMe.id/1. Homepage/1. Customer Access RoomMe Page

2020-04-28 10:53:43 - [TEST_STEP][PASSED] - openBrowser("https://web.roomme.id/"): Browser is opened with url: 'https://web.roomme.id/'

2020-04-28 10:53:43 - [MESSAGE][INFO] - Starting 'Chrome' driver

2020-04-28 10:53:43 - [MESSAGE][INFO] - Action delay is set to 0 seconds

2020-04-28 10:53:52 - [MESSAGE][PASSED] - Browser is opened with url: 'https://web.roomme.id/'

2020-04-28 10:53:52 - [TEST_STEP][PASSED] - maximizeWindow(): Current window maximized

2020-04-28 10:53:54 - [MESSAGE][PASSED] - Current window maximized

2020-04-28 10:53:54 - [TEST_STEP][PASSED] - waitForPageLoad(0): Wait for page load successfully

2020-04-28 10:53:54 - [MESSAGE][WARNING] - Timeout '0' is invalid. Using default page load timeout: '30'

2020-04-28 10:53:54 - [MESSAGE][PASSED] - Wait for page load successfully

2020-04-28 10:53:54 - [MESSAGE][PASSED] - Call Test Case 'Test Cases/Web RoomMe.id/1. Homepage/1. Customer Access RoomMe Page' successfully

2020-04-28 10:53:54 - [TEST_STEP][PASSED] - waitForElementVisible(findTestObject("Web RoomMe.id/RoomMe.id Header/Button Community"), 30): Object 'Object Repository/Web RoomMe.id/RoomMe.id Header/Button Community' is visible

2020-04-28 10:53:55 - [MESSAGE][PASSED] - Object 'Object Repository/Web RoomMe.id/RoomMe.id Header/Button Community' is visible

2020-04-28 10:53:55 - [TEST_STEP][PASSED] - click(findTestObject("Web RoomMe.id/RoomMe.id Header/Button Community")): Object: 'Object Repository/Web RoomMe.id/RoomMe.id Header/Button Community' is clicked on

2020-04-28 10:53:58 - [MESSAGE][PASSED] - Object: 'Object Repository/Web RoomMe.id/RoomMe.id Header/Button Community' is clicked on

2020-04-28 10:53:58 - [TEST_STEP][PASSED] - waitForPageLoad(0): Wait for page load successfully

2020-04-28 10:53:58 - [MESSAGE][WARNING] - Timeout '0' is invalid. Using default page load timeout: '30'

2020-04-28 10:53:58 - [MESSAGE][PASSED] - Wait for page load successfully

2020-04-28 10:53:58 - [TEST_STEP][PASSED] - waitForElementVisible(findTestObject("Web RoomMe.id/Community Page/Text Community Registration"), 30): Object 'Object Repository/Web RoomMe.id/Community Page/Text Community Registration' is visible

2020-04-28 10:53:59 - [MESSAGE][PASSED] - Object 'Object Repository/Web RoomMe.id/Community Page/Text Community Registration' is visible]]></system-out>
         <system-err><![CDATA[]]></system-err>
      </testcase>
      <testcase name="Test Cases/Web RoomMe.id/6. Community/2. Customer Access Community Page From Homepage Section" time="17.501" classname="Test Cases/Web RoomMe.id/6. Community/2. Customer Access Community Page From Homepage Section" status="PASSED">
         <system-out><![CDATA[2020-04-28 10:53:59 - [TEST_CASE][PASSED] - Test Cases/Web RoomMe.id/6. Community/2. Customer Access Community Page From Homepage Section: Test Cases/Web RoomMe.id/6. Community/2. Customer Access Community Page From Homepage Section

2020-04-28 10:53:59 - [TEST_STEP][PASSED] - callTestCase(findTestCase("Web RoomMe.id/1. Homepage/1. Customer Access RoomMe Page"), [:], STOP_ON_FAILURE): Call Test Case 'Test Cases/Web RoomMe.id/1. Homepage/1. Customer Access RoomMe Page' successfully

2020-04-28 10:53:59 - [TEST_CASE][PASSED] - Test Cases/Web RoomMe.id/1. Homepage/1. Customer Access RoomMe Page: Test Cases/Web RoomMe.id/1. Homepage/1. Customer Access RoomMe Page

2020-04-28 10:53:59 - [TEST_STEP][PASSED] - openBrowser("https://web.roomme.id/"): Browser is opened with url: 'https://web.roomme.id/'

2020-04-28 10:53:59 - [MESSAGE][WARNING] - A browser is already opened. Closing browser and opening a new one

2020-04-28 10:54:00 - [MESSAGE][INFO] - Starting 'Chrome' driver

2020-04-28 10:54:09 - [MESSAGE][PASSED] - Browser is opened with url: 'https://web.roomme.id/'

2020-04-28 10:54:09 - [TEST_STEP][PASSED] - maximizeWindow(): Current window maximized

2020-04-28 10:54:12 - [MESSAGE][PASSED] - Current window maximized

2020-04-28 10:54:12 - [TEST_STEP][PASSED] - waitForPageLoad(0): Wait for page load successfully

2020-04-28 10:54:12 - [MESSAGE][WARNING] - Timeout '0' is invalid. Using default page load timeout: '30'

2020-04-28 10:54:12 - [MESSAGE][PASSED] - Wait for page load successfully

2020-04-28 10:54:12 - [MESSAGE][PASSED] - Call Test Case 'Test Cases/Web RoomMe.id/1. Homepage/1. Customer Access RoomMe Page' successfully

2020-04-28 10:54:12 - [TEST_STEP][PASSED] - waitForElementVisible(findTestObject("Web RoomMe.id/RoomMe.id Homepage/Button Explore Community"), 30): Object 'Object Repository/Web RoomMe.id/RoomMe.id Homepage/Button Explore Community' is visible

2020-04-28 10:54:12 - [MESSAGE][PASSED] - Object 'Object Repository/Web RoomMe.id/RoomMe.id Homepage/Button Explore Community' is visible

2020-04-28 10:54:12 - [TEST_STEP][PASSED] - click(findTestObject("Web RoomMe.id/RoomMe.id Homepage/Button Explore Community")): Object: 'Object Repository/Web RoomMe.id/RoomMe.id Homepage/Button Explore Community' is clicked on

2020-04-28 10:54:15 - [MESSAGE][PASSED] - Object: 'Object Repository/Web RoomMe.id/RoomMe.id Homepage/Button Explore Community' is clicked on

2020-04-28 10:54:15 - [TEST_STEP][PASSED] - waitForPageLoad(0): Wait for page load successfully

2020-04-28 10:54:15 - [MESSAGE][WARNING] - Timeout '0' is invalid. Using default page load timeout: '30'

2020-04-28 10:54:15 - [MESSAGE][PASSED] - Wait for page load successfully

2020-04-28 10:54:15 - [TEST_STEP][PASSED] - waitForElementVisible(findTestObject("Web RoomMe.id/Community Page/Text Community Registration"), 30): Object 'Object Repository/Web RoomMe.id/Community Page/Text Community Registration' is visible

2020-04-28 10:54:16 - [MESSAGE][PASSED] - Object 'Object Repository/Web RoomMe.id/Community Page/Text Community Registration' is visible]]></system-out>
         <system-err><![CDATA[]]></system-err>
      </testcase>
      <system-out><![CDATA[2020-04-28 10:53:41 - [TEST_SUITE][PASSED] - Customer Access Community Page: Test Cases/Web RoomMe.id/6. Community/2. Customer Access Community Page From Homepage Section]]></system-out>
      <system-err><![CDATA[]]></system-err>
   </testsuite>
</testsuites>
