<?xml version="1.0" encoding="UTF-8"?>
<testsuites name="Customer Access About RooMe Page" time="56.71" tests="4" failures="0" errors="0">
   <testsuite name="Customer Access About RooMe Page" tests="4" failures="0" errors="0" time="56.71" timestamp="2020-04-28 11:29:34" hostname="Win 10 - LENNONOVO" id="Test Suites/Web RoomMe.id/Customer Access About RooMe Page">
      <properties>
         <property name="deviceName" value=""/>
         <property name="devicePlatform" value=""/>
         <property name="logFolder" value="C:\\Users\\Faldi\\Katalon Studio\\katalonroomme-master\\Reports\\20200428_112929\\Web RoomMe.id\\Customer Access About RooMe Page\\20200428_112929"/>
         <property name="logFiles" value="C:\\Users\\Faldi\\Katalon Studio\\katalonroomme-master\\Reports\\20200428_112929\\Web RoomMe.id\\Customer Access About RooMe Page\\20200428_112929\\execution0.log"/>
         <property name="attachments" value=""/>
         <property name="hostName" value="Win 10 - LENNONOVO"/>
         <property name="os" value="Windows 10 64bit"/>
         <property name="katalonVersion" value="7.0.0.1"/>
         <property name="browser" value="Chrome 81.0.4044.122"/>
         <property name="hostAddress" value="192.168.1.2"/>
         <property name="sessionId" value="5ce6b6091635177d25931977248a5b35"/>
         <property name="seleniumVersion" value="3.141.59"/>
         <property name="proxyInformation" value="ProxyInformation{proxyOption=NO_PROXY, proxyServerType=HTTP, password=, proxyServerAddress=, proxyServerPort=0}"/>
         <property name="platform" value="Windows 10"/>
      </properties>
      <testcase name="Test Cases/Web RoomMe.id/5. About RoomMe/Customer Access About Us Page" time="24.247" classname="Test Cases/Web RoomMe.id/5. About RoomMe/Customer Access About Us Page" status="PASSED">
         <system-out><![CDATA[2020-04-28 11:29:35 - [TEST_CASE][PASSED] - Test Cases/Web RoomMe.id/5. About RoomMe/Customer Access About Us Page: Test Cases/Web RoomMe.id/5. About RoomMe/Customer Access About Us Page

2020-04-28 11:29:35 - [TEST_STEP][PASSED] - callTestCase(findTestCase("Web RoomMe.id/1. Homepage/1. Customer Access RoomMe Page"), [:], STOP_ON_FAILURE): Call Test Case 'Test Cases/Web RoomMe.id/1. Homepage/1. Customer Access RoomMe Page' successfully

2020-04-28 11:29:36 - [TEST_CASE][PASSED] - Test Cases/Web RoomMe.id/1. Homepage/1. Customer Access RoomMe Page: Test Cases/Web RoomMe.id/1. Homepage/1. Customer Access RoomMe Page

2020-04-28 11:29:36 - [TEST_STEP][PASSED] - openBrowser("https://web.roomme.id/"): Browser is opened with url: 'https://web.roomme.id/'

2020-04-28 11:29:36 - [MESSAGE][INFO] - Starting 'Chrome' driver

2020-04-28 11:29:36 - [MESSAGE][INFO] - Action delay is set to 0 seconds

2020-04-28 11:29:46 - [MESSAGE][PASSED] - Browser is opened with url: 'https://web.roomme.id/'

2020-04-28 11:29:46 - [TEST_STEP][PASSED] - maximizeWindow(): Current window maximized

2020-04-28 11:29:48 - [MESSAGE][PASSED] - Current window maximized

2020-04-28 11:29:48 - [TEST_STEP][PASSED] - waitForPageLoad(0): Wait for page load successfully

2020-04-28 11:29:48 - [MESSAGE][WARNING] - Timeout '0' is invalid. Using default page load timeout: '30'

2020-04-28 11:29:48 - [MESSAGE][PASSED] - Wait for page load successfully

2020-04-28 11:29:48 - [MESSAGE][PASSED] - Call Test Case 'Test Cases/Web RoomMe.id/1. Homepage/1. Customer Access RoomMe Page' successfully

2020-04-28 11:29:48 - [TEST_STEP][PASSED] - verifyElementVisible(findTestObject("Web RoomMe.id/RoomMe.id Footer/Button About Us")): Object 'Object Repository/Web RoomMe.id/RoomMe.id Footer/Button About Us' is visible

2020-04-28 11:29:49 - [MESSAGE][PASSED] - Object 'Object Repository/Web RoomMe.id/RoomMe.id Footer/Button About Us' is visible

2020-04-28 11:29:49 - [TEST_STEP][PASSED] - click(findTestObject("Web RoomMe.id/RoomMe.id Footer/Button About Us")): Object: 'Object Repository/Web RoomMe.id/RoomMe.id Footer/Button About Us' is clicked on

2020-04-28 11:29:52 - [MESSAGE][PASSED] - Object: 'Object Repository/Web RoomMe.id/RoomMe.id Footer/Button About Us' is clicked on

2020-04-28 11:29:52 - [TEST_STEP][NOT_RUN] - callTestCase(findTestCase("Web RoomMe.id/1. Homepage/2. Verify Header RoomMe.id"), [:], STOP_ON_FAILURE): NOT_RUN: callTestCase(findTestCase("Web RoomMe.id/1. Homepage/2. Verify Header RoomMe.id"), [:], STOP_ON_FAILURE)

2020-04-28 11:29:52 - [MESSAGE][NOT_RUN] - NOT_RUN: callTestCase(findTestCase("Web RoomMe.id/1. Homepage/2. Verify Header RoomMe.id"), [:], STOP_ON_FAILURE)

2020-04-28 11:29:52 - [TEST_STEP][PASSED] - callTestCase(findTestCase("Web RoomMe.id/5. About RoomMe/Verify About Us Page"), [:], STOP_ON_FAILURE): Call Test Case 'Test Cases/Web RoomMe.id/5. About RoomMe/Verify About Us Page' successfully

2020-04-28 11:29:52 - [TEST_CASE][PASSED] - Test Cases/Web RoomMe.id/5. About RoomMe/Verify About Us Page: Test Cases/Web RoomMe.id/5. About RoomMe/Verify About Us Page

2020-04-28 11:29:52 - [TEST_STEP][PASSED] - objectSubFolder = "Web RoomMe.id\RoomMe.id About Us Page\": null

2020-04-28 11:29:52 - [TEST_STEP][PASSED] - pathToObjRep = getProjectDir() + "\Object Repository\" + objectSubFolder: null

2020-04-28 11:29:52 - [TEST_STEP][PASSED] - yourObjects = new java.io.File(pathToObjRep): null

2020-04-28 11:29:52 - [TEST_STEP][PASSED] - fileNames = yourObjects.list(): null

2020-04-28 11:29:52 - [TEST_STEP][PASSED] - testObjects = new java.util.ArrayList(): null

2020-04-28 11:29:52 - [TEST_STEP][PASSED] - for ([i = 0, i < length, (i++)]): null

2020-04-28 11:29:52 - [TEST_STEP][PASSED] - if (fileNames[i].contains(".rs")): null

2020-04-28 11:29:52 - [TEST_STEP][PASSED] - if (fileNames[i].contains(".rs")): null

2020-04-28 11:29:52 - [TEST_STEP][PASSED] - fileNames[i] = fileNames[i].replace(".rs", ""): null

2020-04-28 11:29:52 - [TEST_STEP][PASSED] - testObjects.add(objectSubFolder + fileNames[i]): null

2020-04-28 11:29:52 - [TEST_STEP][PASSED] - if (fileNames[i].contains(".rs")): null

2020-04-28 11:29:52 - [TEST_STEP][PASSED] - fileNames[i] = fileNames[i].replace(".rs", ""): null

2020-04-28 11:29:52 - [TEST_STEP][PASSED] - testObjects.add(objectSubFolder + fileNames[i]): null

2020-04-28 11:29:52 - [TEST_STEP][PASSED] - if (fileNames[i].contains(".rs")): null

2020-04-28 11:29:52 - [TEST_STEP][PASSED] - fileNames[i] = fileNames[i].replace(".rs", ""): null

2020-04-28 11:29:52 - [TEST_STEP][PASSED] - testObjects.add(objectSubFolder + fileNames[i]): null

2020-04-28 11:29:52 - [TEST_STEP][PASSED] - if (fileNames[i].contains(".rs")): null

2020-04-28 11:29:52 - [TEST_STEP][PASSED] - fileNames[i] = fileNames[i].replace(".rs", ""): null

2020-04-28 11:29:52 - [TEST_STEP][PASSED] - testObjects.add(objectSubFolder + fileNames[i]): null

2020-04-28 11:29:52 - [TEST_STEP][PASSED] - if (fileNames[i].contains(".rs")): null

2020-04-28 11:29:52 - [TEST_STEP][PASSED] - fileNames[i] = fileNames[i].replace(".rs", ""): null

2020-04-28 11:29:52 - [TEST_STEP][PASSED] - testObjects.add(objectSubFolder + fileNames[i]): null

2020-04-28 11:29:52 - [TEST_STEP][PASSED] - if (fileNames[i].contains(".rs")): null

2020-04-28 11:29:52 - [TEST_STEP][PASSED] - fileNames[i] = fileNames[i].replace(".rs", ""): null

2020-04-28 11:29:52 - [TEST_STEP][PASSED] - testObjects.add(objectSubFolder + fileNames[i]): null

2020-04-28 11:29:52 - [TEST_STEP][PASSED] - if (fileNames[i].contains(".rs")): null

2020-04-28 11:29:52 - [TEST_STEP][PASSED] - fileNames[i] = fileNames[i].replace(".rs", ""): null

2020-04-28 11:29:52 - [TEST_STEP][PASSED] - testObjects.add(objectSubFolder + fileNames[i]): null

2020-04-28 11:29:52 - [TEST_STEP][PASSED] - if (fileNames[i].contains(".rs")): null

2020-04-28 11:29:52 - [TEST_STEP][PASSED] - fileNames[i] = fileNames[i].replace(".rs", ""): null

2020-04-28 11:29:52 - [TEST_STEP][PASSED] - testObjects.add(objectSubFolder + fileNames[i]): null

2020-04-28 11:29:52 - [TEST_STEP][PASSED] - if (fileNames[i].contains(".rs")): null

2020-04-28 11:29:52 - [TEST_STEP][PASSED] - fileNames[i] = fileNames[i].replace(".rs", ""): null

2020-04-28 11:29:52 - [TEST_STEP][PASSED] - testObjects.add(objectSubFolder + fileNames[i]): null

2020-04-28 11:29:52 - [TEST_STEP][PASSED] - if (fileNames[i].contains(".rs")): null

2020-04-28 11:29:52 - [TEST_STEP][PASSED] - fileNames[i] = fileNames[i].replace(".rs", ""): null

2020-04-28 11:29:52 - [TEST_STEP][PASSED] - testObjects.add(objectSubFolder + fileNames[i]): null

2020-04-28 11:29:52 - [TEST_STEP][PASSED] - if (fileNames[i].contains(".rs")): null

2020-04-28 11:29:52 - [TEST_STEP][PASSED] - fileNames[i] = fileNames[i].replace(".rs", ""): null

2020-04-28 11:29:52 - [TEST_STEP][PASSED] - testObjects.add(objectSubFolder + fileNames[i]): null

2020-04-28 11:29:52 - [TEST_STEP][PASSED] - if (fileNames[i].contains(".rs")): null

2020-04-28 11:29:52 - [TEST_STEP][PASSED] - fileNames[i] = fileNames[i].replace(".rs", ""): null

2020-04-28 11:29:52 - [TEST_STEP][PASSED] - testObjects.add(objectSubFolder + fileNames[i]): null

2020-04-28 11:29:52 - [TEST_STEP][PASSED] - if (fileNames[i].contains(".rs")): null

2020-04-28 11:29:52 - [TEST_STEP][PASSED] - fileNames[i] = fileNames[i].replace(".rs", ""): null

2020-04-28 11:29:52 - [TEST_STEP][PASSED] - testObjects.add(objectSubFolder + fileNames[i]): null

2020-04-28 11:29:52 - [TEST_STEP][PASSED] - if (fileNames[i].contains(".rs")): null

2020-04-28 11:29:52 - [TEST_STEP][PASSED] - fileNames[i] = fileNames[i].replace(".rs", ""): null

2020-04-28 11:29:52 - [TEST_STEP][PASSED] - testObjects.add(objectSubFolder + fileNames[i]): null

2020-04-28 11:29:52 - [TEST_STEP][PASSED] - if (fileNames[i].contains(".rs")): null

2020-04-28 11:29:52 - [TEST_STEP][PASSED] - fileNames[i] = fileNames[i].replace(".rs", ""): null

2020-04-28 11:29:52 - [TEST_STEP][PASSED] - testObjects.add(objectSubFolder + fileNames[i]): null

2020-04-28 11:29:52 - [TEST_STEP][PASSED] - for (String obj : testObjects): Object 'Object Repository/Web RoomMe.id\RoomMe.id About Us Page\Text Title About Us' is visible

2020-04-28 11:29:52 - [TEST_STEP][PASSED] - verifyElementVisible(findTestObject(obj)): Object 'Object Repository/Web RoomMe.id\RoomMe.id About Us Page\Image About Us New' is visible

2020-04-28 11:29:53 - [MESSAGE][PASSED] - Object 'Object Repository/Web RoomMe.id\RoomMe.id About Us Page\Image About Us New' is visible

2020-04-28 11:29:53 - [TEST_STEP][PASSED] - verifyElementVisible(findTestObject(obj)): Object 'Object Repository/Web RoomMe.id\RoomMe.id About Us Page\Image About Us_icon-quotes atas' is visible

2020-04-28 11:29:54 - [MESSAGE][PASSED] - Object 'Object Repository/Web RoomMe.id\RoomMe.id About Us Page\Image About Us_icon-quotes atas' is visible

2020-04-28 11:29:54 - [TEST_STEP][PASSED] - verifyElementVisible(findTestObject(obj)): Object 'Object Repository/Web RoomMe.id\RoomMe.id About Us Page\Image Facilities' is visible

2020-04-28 11:29:54 - [MESSAGE][PASSED] - Object 'Object Repository/Web RoomMe.id\RoomMe.id About Us Page\Image Facilities' is visible

2020-04-28 11:29:54 - [TEST_STEP][PASSED] - verifyElementVisible(findTestObject(obj)): Object 'Object Repository/Web RoomMe.id\RoomMe.id About Us Page\Image Foto CEO' is visible

2020-04-28 11:29:54 - [MESSAGE][PASSED] - Object 'Object Repository/Web RoomMe.id\RoomMe.id About Us Page\Image Foto CEO' is visible

2020-04-28 11:29:54 - [TEST_STEP][PASSED] - verifyElementVisible(findTestObject(obj)): Object 'Object Repository/Web RoomMe.id\RoomMe.id About Us Page\Image Life at RoomMe is more than just a room rental it is a new living experience_icon-quotes bawah' is visible

2020-04-28 11:29:55 - [MESSAGE][PASSED] - Object 'Object Repository/Web RoomMe.id\RoomMe.id About Us Page\Image Life at RoomMe is more than just a room rental it is a new living experience_icon-quotes bawah' is visible

2020-04-28 11:29:55 - [TEST_STEP][PASSED] - verifyElementVisible(findTestObject(obj)): Object 'Object Repository/Web RoomMe.id\RoomMe.id About Us Page\Text Chief Executive Officer (CEO)' is visible

2020-04-28 11:29:56 - [MESSAGE][PASSED] - Object 'Object Repository/Web RoomMe.id\RoomMe.id About Us Page\Text Chief Executive Officer (CEO)' is visible

2020-04-28 11:29:56 - [TEST_STEP][PASSED] - verifyElementVisible(findTestObject(obj)): Object 'Object Repository/Web RoomMe.id\RoomMe.id About Us Page\Text Content 1' is visible

2020-04-28 11:29:56 - [MESSAGE][PASSED] - Object 'Object Repository/Web RoomMe.id\RoomMe.id About Us Page\Text Content 1' is visible

2020-04-28 11:29:56 - [TEST_STEP][PASSED] - verifyElementVisible(findTestObject(obj)): Object 'Object Repository/Web RoomMe.id\RoomMe.id About Us Page\Text Content 2' is visible

2020-04-28 11:29:57 - [MESSAGE][PASSED] - Object 'Object Repository/Web RoomMe.id\RoomMe.id About Us Page\Text Content 2' is visible

2020-04-28 11:29:57 - [TEST_STEP][PASSED] - verifyElementVisible(findTestObject(obj)): Object 'Object Repository/Web RoomMe.id\RoomMe.id About Us Page\Text Content 3' is visible

2020-04-28 11:29:57 - [MESSAGE][PASSED] - Object 'Object Repository/Web RoomMe.id\RoomMe.id About Us Page\Text Content 3' is visible

2020-04-28 11:29:57 - [TEST_STEP][PASSED] - verifyElementVisible(findTestObject(obj)): Object 'Object Repository/Web RoomMe.id\RoomMe.id About Us Page\Text Content 4 (1)' is visible

2020-04-28 11:29:57 - [MESSAGE][PASSED] - Object 'Object Repository/Web RoomMe.id\RoomMe.id About Us Page\Text Content 4 (1)' is visible

2020-04-28 11:29:57 - [TEST_STEP][PASSED] - verifyElementVisible(findTestObject(obj)): Object 'Object Repository/Web RoomMe.id\RoomMe.id About Us Page\Text Content 4' is visible

2020-04-28 11:29:58 - [MESSAGE][PASSED] - Object 'Object Repository/Web RoomMe.id\RoomMe.id About Us Page\Text Content 4' is visible

2020-04-28 11:29:58 - [TEST_STEP][PASSED] - verifyElementVisible(findTestObject(obj)): Object 'Object Repository/Web RoomMe.id\RoomMe.id About Us Page\Text Content 5' is visible

2020-04-28 11:29:58 - [MESSAGE][PASSED] - Object 'Object Repository/Web RoomMe.id\RoomMe.id About Us Page\Text Content 5' is visible

2020-04-28 11:29:58 - [TEST_STEP][PASSED] - verifyElementVisible(findTestObject(obj)): Object 'Object Repository/Web RoomMe.id\RoomMe.id About Us Page\Text Content 6' is visible

2020-04-28 11:29:58 - [MESSAGE][PASSED] - Object 'Object Repository/Web RoomMe.id\RoomMe.id About Us Page\Text Content 6' is visible

2020-04-28 11:29:58 - [TEST_STEP][PASSED] - verifyElementVisible(findTestObject(obj)): Object 'Object Repository/Web RoomMe.id\RoomMe.id About Us Page\Text Life at RoomMe is more than just a room rental it is a new living experience' is visible

2020-04-28 11:29:59 - [MESSAGE][PASSED] - Object 'Object Repository/Web RoomMe.id\RoomMe.id About Us Page\Text Life at RoomMe is more than just a room rental it is a new living experience' is visible

2020-04-28 11:29:59 - [TEST_STEP][PASSED] - verifyElementVisible(findTestObject(obj)): Object 'Object Repository/Web RoomMe.id\RoomMe.id About Us Page\Text Title About Us' is visible

2020-04-28 11:29:59 - [MESSAGE][PASSED] - Object 'Object Repository/Web RoomMe.id\RoomMe.id About Us Page\Text Title About Us' is visible

2020-04-28 11:29:59 - [MESSAGE][PASSED] - Call Test Case 'Test Cases/Web RoomMe.id/5. About RoomMe/Verify About Us Page' successfully

2020-04-28 11:29:59 - [TEST_STEP][NOT_RUN] - callTestCase(findTestCase("Web RoomMe.id/1. Homepage/7. Verify Footer RoomMe.id"), [:], STOP_ON_FAILURE): NOT_RUN: callTestCase(findTestCase("Web RoomMe.id/1. Homepage/7. Verify Footer RoomMe.id"), [:], STOP_ON_FAILURE)

2020-04-28 11:29:59 - [MESSAGE][NOT_RUN] - NOT_RUN: callTestCase(findTestCase("Web RoomMe.id/1. Homepage/7. Verify Footer RoomMe.id"), [:], STOP_ON_FAILURE)]]></system-out>
         <system-err><![CDATA[]]></system-err>
      </testcase>
      <testcase name="Test Cases/Web RoomMe.id/5. About RoomMe/Verify About Us Page" time="5.381" classname="Test Cases/Web RoomMe.id/5. About RoomMe/Verify About Us Page" status="PASSED">
         <system-out><![CDATA[2020-04-28 11:29:59 - [TEST_CASE][PASSED] - Test Cases/Web RoomMe.id/5. About RoomMe/Verify About Us Page: Test Cases/Web RoomMe.id/5. About RoomMe/Verify About Us Page

2020-04-28 11:29:59 - [TEST_STEP][PASSED] - objectSubFolder = "Web RoomMe.id\RoomMe.id About Us Page\": null

2020-04-28 11:29:59 - [TEST_STEP][PASSED] - pathToObjRep = getProjectDir() + "\Object Repository\" + objectSubFolder: null

2020-04-28 11:29:59 - [TEST_STEP][PASSED] - yourObjects = new java.io.File(pathToObjRep): null

2020-04-28 11:29:59 - [TEST_STEP][PASSED] - fileNames = yourObjects.list(): null

2020-04-28 11:29:59 - [TEST_STEP][PASSED] - testObjects = new java.util.ArrayList(): null

2020-04-28 11:29:59 - [TEST_STEP][PASSED] - for ([i = 0, i < length, (i++)]): null

2020-04-28 11:29:59 - [TEST_STEP][PASSED] - if (fileNames[i].contains(".rs")): null

2020-04-28 11:29:59 - [TEST_STEP][PASSED] - if (fileNames[i].contains(".rs")): null

2020-04-28 11:29:59 - [TEST_STEP][PASSED] - fileNames[i] = fileNames[i].replace(".rs", ""): null

2020-04-28 11:29:59 - [TEST_STEP][PASSED] - testObjects.add(objectSubFolder + fileNames[i]): null

2020-04-28 11:29:59 - [TEST_STEP][PASSED] - if (fileNames[i].contains(".rs")): null

2020-04-28 11:29:59 - [TEST_STEP][PASSED] - fileNames[i] = fileNames[i].replace(".rs", ""): null

2020-04-28 11:29:59 - [TEST_STEP][PASSED] - testObjects.add(objectSubFolder + fileNames[i]): null

2020-04-28 11:29:59 - [TEST_STEP][PASSED] - if (fileNames[i].contains(".rs")): null

2020-04-28 11:29:59 - [TEST_STEP][PASSED] - fileNames[i] = fileNames[i].replace(".rs", ""): null

2020-04-28 11:29:59 - [TEST_STEP][PASSED] - testObjects.add(objectSubFolder + fileNames[i]): null

2020-04-28 11:29:59 - [TEST_STEP][PASSED] - if (fileNames[i].contains(".rs")): null

2020-04-28 11:29:59 - [TEST_STEP][PASSED] - fileNames[i] = fileNames[i].replace(".rs", ""): null

2020-04-28 11:29:59 - [TEST_STEP][PASSED] - testObjects.add(objectSubFolder + fileNames[i]): null

2020-04-28 11:29:59 - [TEST_STEP][PASSED] - if (fileNames[i].contains(".rs")): null

2020-04-28 11:29:59 - [TEST_STEP][PASSED] - fileNames[i] = fileNames[i].replace(".rs", ""): null

2020-04-28 11:29:59 - [TEST_STEP][PASSED] - testObjects.add(objectSubFolder + fileNames[i]): null

2020-04-28 11:29:59 - [TEST_STEP][PASSED] - if (fileNames[i].contains(".rs")): null

2020-04-28 11:29:59 - [TEST_STEP][PASSED] - fileNames[i] = fileNames[i].replace(".rs", ""): null

2020-04-28 11:29:59 - [TEST_STEP][PASSED] - testObjects.add(objectSubFolder + fileNames[i]): null

2020-04-28 11:29:59 - [TEST_STEP][PASSED] - if (fileNames[i].contains(".rs")): null

2020-04-28 11:29:59 - [TEST_STEP][PASSED] - fileNames[i] = fileNames[i].replace(".rs", ""): null

2020-04-28 11:29:59 - [TEST_STEP][PASSED] - testObjects.add(objectSubFolder + fileNames[i]): null

2020-04-28 11:29:59 - [TEST_STEP][PASSED] - if (fileNames[i].contains(".rs")): null

2020-04-28 11:29:59 - [TEST_STEP][PASSED] - fileNames[i] = fileNames[i].replace(".rs", ""): null

2020-04-28 11:29:59 - [TEST_STEP][PASSED] - testObjects.add(objectSubFolder + fileNames[i]): null

2020-04-28 11:29:59 - [TEST_STEP][PASSED] - if (fileNames[i].contains(".rs")): null

2020-04-28 11:29:59 - [TEST_STEP][PASSED] - fileNames[i] = fileNames[i].replace(".rs", ""): null

2020-04-28 11:29:59 - [TEST_STEP][PASSED] - testObjects.add(objectSubFolder + fileNames[i]): null

2020-04-28 11:29:59 - [TEST_STEP][PASSED] - if (fileNames[i].contains(".rs")): null

2020-04-28 11:29:59 - [TEST_STEP][PASSED] - fileNames[i] = fileNames[i].replace(".rs", ""): null

2020-04-28 11:29:59 - [TEST_STEP][PASSED] - testObjects.add(objectSubFolder + fileNames[i]): null

2020-04-28 11:29:59 - [TEST_STEP][PASSED] - if (fileNames[i].contains(".rs")): null

2020-04-28 11:29:59 - [TEST_STEP][PASSED] - fileNames[i] = fileNames[i].replace(".rs", ""): null

2020-04-28 11:29:59 - [TEST_STEP][PASSED] - testObjects.add(objectSubFolder + fileNames[i]): null

2020-04-28 11:29:59 - [TEST_STEP][PASSED] - if (fileNames[i].contains(".rs")): null

2020-04-28 11:29:59 - [TEST_STEP][PASSED] - fileNames[i] = fileNames[i].replace(".rs", ""): null

2020-04-28 11:29:59 - [TEST_STEP][PASSED] - testObjects.add(objectSubFolder + fileNames[i]): null

2020-04-28 11:29:59 - [TEST_STEP][PASSED] - if (fileNames[i].contains(".rs")): null

2020-04-28 11:29:59 - [TEST_STEP][PASSED] - fileNames[i] = fileNames[i].replace(".rs", ""): null

2020-04-28 11:29:59 - [TEST_STEP][PASSED] - testObjects.add(objectSubFolder + fileNames[i]): null

2020-04-28 11:29:59 - [TEST_STEP][PASSED] - if (fileNames[i].contains(".rs")): null

2020-04-28 11:29:59 - [TEST_STEP][PASSED] - fileNames[i] = fileNames[i].replace(".rs", ""): null

2020-04-28 11:29:59 - [TEST_STEP][PASSED] - testObjects.add(objectSubFolder + fileNames[i]): null

2020-04-28 11:29:59 - [TEST_STEP][PASSED] - if (fileNames[i].contains(".rs")): null

2020-04-28 11:29:59 - [TEST_STEP][PASSED] - fileNames[i] = fileNames[i].replace(".rs", ""): null

2020-04-28 11:29:59 - [TEST_STEP][PASSED] - testObjects.add(objectSubFolder + fileNames[i]): null

2020-04-28 11:29:59 - [TEST_STEP][PASSED] - for (String obj : testObjects): Object 'Object Repository/Web RoomMe.id\RoomMe.id About Us Page\Text Title About Us' is visible

2020-04-28 11:29:59 - [TEST_STEP][PASSED] - verifyElementVisible(findTestObject(obj)): Object 'Object Repository/Web RoomMe.id\RoomMe.id About Us Page\Image About Us New' is visible

2020-04-28 11:29:59 - [MESSAGE][PASSED] - Object 'Object Repository/Web RoomMe.id\RoomMe.id About Us Page\Image About Us New' is visible

2020-04-28 11:29:59 - [TEST_STEP][PASSED] - verifyElementVisible(findTestObject(obj)): Object 'Object Repository/Web RoomMe.id\RoomMe.id About Us Page\Image About Us_icon-quotes atas' is visible

2020-04-28 11:30:00 - [MESSAGE][PASSED] - Object 'Object Repository/Web RoomMe.id\RoomMe.id About Us Page\Image About Us_icon-quotes atas' is visible

2020-04-28 11:30:00 - [TEST_STEP][PASSED] - verifyElementVisible(findTestObject(obj)): Object 'Object Repository/Web RoomMe.id\RoomMe.id About Us Page\Image Facilities' is visible

2020-04-28 11:30:00 - [MESSAGE][PASSED] - Object 'Object Repository/Web RoomMe.id\RoomMe.id About Us Page\Image Facilities' is visible

2020-04-28 11:30:00 - [TEST_STEP][PASSED] - verifyElementVisible(findTestObject(obj)): Object 'Object Repository/Web RoomMe.id\RoomMe.id About Us Page\Image Foto CEO' is visible

2020-04-28 11:30:01 - [MESSAGE][PASSED] - Object 'Object Repository/Web RoomMe.id\RoomMe.id About Us Page\Image Foto CEO' is visible

2020-04-28 11:30:01 - [TEST_STEP][PASSED] - verifyElementVisible(findTestObject(obj)): Object 'Object Repository/Web RoomMe.id\RoomMe.id About Us Page\Image Life at RoomMe is more than just a room rental it is a new living experience_icon-quotes bawah' is visible

2020-04-28 11:30:01 - [MESSAGE][PASSED] - Object 'Object Repository/Web RoomMe.id\RoomMe.id About Us Page\Image Life at RoomMe is more than just a room rental it is a new living experience_icon-quotes bawah' is visible

2020-04-28 11:30:01 - [TEST_STEP][PASSED] - verifyElementVisible(findTestObject(obj)): Object 'Object Repository/Web RoomMe.id\RoomMe.id About Us Page\Text Chief Executive Officer (CEO)' is visible

2020-04-28 11:30:01 - [MESSAGE][PASSED] - Object 'Object Repository/Web RoomMe.id\RoomMe.id About Us Page\Text Chief Executive Officer (CEO)' is visible

2020-04-28 11:30:01 - [TEST_STEP][PASSED] - verifyElementVisible(findTestObject(obj)): Object 'Object Repository/Web RoomMe.id\RoomMe.id About Us Page\Text Content 1' is visible

2020-04-28 11:30:02 - [MESSAGE][PASSED] - Object 'Object Repository/Web RoomMe.id\RoomMe.id About Us Page\Text Content 1' is visible

2020-04-28 11:30:02 - [TEST_STEP][PASSED] - verifyElementVisible(findTestObject(obj)): Object 'Object Repository/Web RoomMe.id\RoomMe.id About Us Page\Text Content 2' is visible

2020-04-28 11:30:02 - [MESSAGE][PASSED] - Object 'Object Repository/Web RoomMe.id\RoomMe.id About Us Page\Text Content 2' is visible

2020-04-28 11:30:02 - [TEST_STEP][PASSED] - verifyElementVisible(findTestObject(obj)): Object 'Object Repository/Web RoomMe.id\RoomMe.id About Us Page\Text Content 3' is visible

2020-04-28 11:30:02 - [MESSAGE][PASSED] - Object 'Object Repository/Web RoomMe.id\RoomMe.id About Us Page\Text Content 3' is visible

2020-04-28 11:30:02 - [TEST_STEP][PASSED] - verifyElementVisible(findTestObject(obj)): Object 'Object Repository/Web RoomMe.id\RoomMe.id About Us Page\Text Content 4 (1)' is visible

2020-04-28 11:30:03 - [MESSAGE][PASSED] - Object 'Object Repository/Web RoomMe.id\RoomMe.id About Us Page\Text Content 4 (1)' is visible

2020-04-28 11:30:03 - [TEST_STEP][PASSED] - verifyElementVisible(findTestObject(obj)): Object 'Object Repository/Web RoomMe.id\RoomMe.id About Us Page\Text Content 4' is visible

2020-04-28 11:30:03 - [MESSAGE][PASSED] - Object 'Object Repository/Web RoomMe.id\RoomMe.id About Us Page\Text Content 4' is visible

2020-04-28 11:30:03 - [TEST_STEP][PASSED] - verifyElementVisible(findTestObject(obj)): Object 'Object Repository/Web RoomMe.id\RoomMe.id About Us Page\Text Content 5' is visible

2020-04-28 11:30:03 - [MESSAGE][PASSED] - Object 'Object Repository/Web RoomMe.id\RoomMe.id About Us Page\Text Content 5' is visible

2020-04-28 11:30:03 - [TEST_STEP][PASSED] - verifyElementVisible(findTestObject(obj)): Object 'Object Repository/Web RoomMe.id\RoomMe.id About Us Page\Text Content 6' is visible

2020-04-28 11:30:04 - [MESSAGE][PASSED] - Object 'Object Repository/Web RoomMe.id\RoomMe.id About Us Page\Text Content 6' is visible

2020-04-28 11:30:04 - [TEST_STEP][PASSED] - verifyElementVisible(findTestObject(obj)): Object 'Object Repository/Web RoomMe.id\RoomMe.id About Us Page\Text Life at RoomMe is more than just a room rental it is a new living experience' is visible

2020-04-28 11:30:04 - [MESSAGE][PASSED] - Object 'Object Repository/Web RoomMe.id\RoomMe.id About Us Page\Text Life at RoomMe is more than just a room rental it is a new living experience' is visible

2020-04-28 11:30:04 - [TEST_STEP][PASSED] - verifyElementVisible(findTestObject(obj)): Object 'Object Repository/Web RoomMe.id\RoomMe.id About Us Page\Text Title About Us' is visible

2020-04-28 11:30:04 - [MESSAGE][PASSED] - Object 'Object Repository/Web RoomMe.id\RoomMe.id About Us Page\Text Title About Us' is visible]]></system-out>
         <system-err><![CDATA[]]></system-err>
      </testcase>
      <testcase name="Test Cases/Web RoomMe.id/5. About RoomMe/Customer Access Contact Us Page" time="21.645" classname="Test Cases/Web RoomMe.id/5. About RoomMe/Customer Access Contact Us Page" status="PASSED">
         <system-out><![CDATA[2020-04-28 11:30:04 - [TEST_CASE][PASSED] - Test Cases/Web RoomMe.id/5. About RoomMe/Customer Access Contact Us Page: Test Cases/Web RoomMe.id/5. About RoomMe/Customer Access Contact Us Page

2020-04-28 11:30:05 - [TEST_STEP][PASSED] - callTestCase(findTestCase("Web RoomMe.id/1. Homepage/1. Customer Access RoomMe Page"), [:], STOP_ON_FAILURE): Call Test Case 'Test Cases/Web RoomMe.id/1. Homepage/1. Customer Access RoomMe Page' successfully

2020-04-28 11:30:05 - [TEST_CASE][PASSED] - Test Cases/Web RoomMe.id/1. Homepage/1. Customer Access RoomMe Page: Test Cases/Web RoomMe.id/1. Homepage/1. Customer Access RoomMe Page

2020-04-28 11:30:05 - [TEST_STEP][PASSED] - openBrowser("https://web.roomme.id/"): Browser is opened with url: 'https://web.roomme.id/'

2020-04-28 11:30:05 - [MESSAGE][WARNING] - A browser is already opened. Closing browser and opening a new one

2020-04-28 11:30:06 - [MESSAGE][INFO] - Starting 'Chrome' driver

2020-04-28 11:30:13 - [MESSAGE][PASSED] - Browser is opened with url: 'https://web.roomme.id/'

2020-04-28 11:30:13 - [TEST_STEP][PASSED] - maximizeWindow(): Current window maximized

2020-04-28 11:30:16 - [MESSAGE][PASSED] - Current window maximized

2020-04-28 11:30:16 - [TEST_STEP][PASSED] - waitForPageLoad(0): Wait for page load successfully

2020-04-28 11:30:16 - [MESSAGE][WARNING] - Timeout '0' is invalid. Using default page load timeout: '30'

2020-04-28 11:30:16 - [MESSAGE][PASSED] - Wait for page load successfully

2020-04-28 11:30:16 - [MESSAGE][PASSED] - Call Test Case 'Test Cases/Web RoomMe.id/1. Homepage/1. Customer Access RoomMe Page' successfully

2020-04-28 11:30:16 - [TEST_STEP][PASSED] - verifyElementVisible(findTestObject("Web RoomMe.id/RoomMe.id Footer/Button Contact Us")): Object 'Object Repository/Web RoomMe.id/RoomMe.id Footer/Button Contact Us' is visible

2020-04-28 11:30:16 - [MESSAGE][PASSED] - Object 'Object Repository/Web RoomMe.id/RoomMe.id Footer/Button Contact Us' is visible

2020-04-28 11:30:16 - [TEST_STEP][PASSED] - click(findTestObject("Web RoomMe.id/RoomMe.id Footer/Button Contact Us")): Object: 'Object Repository/Web RoomMe.id/RoomMe.id Footer/Button Contact Us' is clicked on

2020-04-28 11:30:18 - [MESSAGE][PASSED] - Object: 'Object Repository/Web RoomMe.id/RoomMe.id Footer/Button Contact Us' is clicked on

2020-04-28 11:30:18 - [TEST_STEP][NOT_RUN] - callTestCase(findTestCase("Web RoomMe.id/1. Homepage/2. Verify Header RoomMe.id"), [:], STOP_ON_FAILURE): NOT_RUN: callTestCase(findTestCase("Web RoomMe.id/1. Homepage/2. Verify Header RoomMe.id"), [:], STOP_ON_FAILURE)

2020-04-28 11:30:18 - [MESSAGE][NOT_RUN] - NOT_RUN: callTestCase(findTestCase("Web RoomMe.id/1. Homepage/2. Verify Header RoomMe.id"), [:], STOP_ON_FAILURE)

2020-04-28 11:30:18 - [TEST_STEP][PASSED] - callTestCase(findTestCase("Web RoomMe.id/5. About RoomMe/Verify Contact Us Page"), [:], STOP_ON_FAILURE): Call Test Case 'Test Cases/Web RoomMe.id/5. About RoomMe/Verify Contact Us Page' successfully

2020-04-28 11:30:18 - [TEST_CASE][PASSED] - Test Cases/Web RoomMe.id/5. About RoomMe/Verify Contact Us Page: Test Cases/Web RoomMe.id/5. About RoomMe/Verify Contact Us Page

2020-04-28 11:30:19 - [TEST_STEP][PASSED] - objectSubFolder = "Web RoomMe.id\RoomMe.id Contact Us Page\": null

2020-04-28 11:30:19 - [TEST_STEP][PASSED] - pathToObjRep = getProjectDir() + "\Object Repository\" + objectSubFolder: null

2020-04-28 11:30:19 - [TEST_STEP][PASSED] - yourObjects = new java.io.File(pathToObjRep): null

2020-04-28 11:30:19 - [TEST_STEP][PASSED] - fileNames = yourObjects.list(): null

2020-04-28 11:30:19 - [TEST_STEP][PASSED] - testObjects = new java.util.ArrayList(): null

2020-04-28 11:30:19 - [TEST_STEP][PASSED] - for ([i = 0, i < length, (i++)]): null

2020-04-28 11:30:19 - [TEST_STEP][PASSED] - if (fileNames[i].contains(".rs")): null

2020-04-28 11:30:19 - [TEST_STEP][PASSED] - if (fileNames[i].contains(".rs")): null

2020-04-28 11:30:19 - [TEST_STEP][PASSED] - fileNames[i] = fileNames[i].replace(".rs", ""): null

2020-04-28 11:30:19 - [TEST_STEP][PASSED] - testObjects.add(objectSubFolder + fileNames[i]): null

2020-04-28 11:30:19 - [TEST_STEP][PASSED] - if (fileNames[i].contains(".rs")): null

2020-04-28 11:30:19 - [TEST_STEP][PASSED] - fileNames[i] = fileNames[i].replace(".rs", ""): null

2020-04-28 11:30:19 - [TEST_STEP][PASSED] - testObjects.add(objectSubFolder + fileNames[i]): null

2020-04-28 11:30:19 - [TEST_STEP][PASSED] - if (fileNames[i].contains(".rs")): null

2020-04-28 11:30:19 - [TEST_STEP][PASSED] - fileNames[i] = fileNames[i].replace(".rs", ""): null

2020-04-28 11:30:19 - [TEST_STEP][PASSED] - testObjects.add(objectSubFolder + fileNames[i]): null

2020-04-28 11:30:19 - [TEST_STEP][PASSED] - if (fileNames[i].contains(".rs")): null

2020-04-28 11:30:19 - [TEST_STEP][PASSED] - fileNames[i] = fileNames[i].replace(".rs", ""): null

2020-04-28 11:30:19 - [TEST_STEP][PASSED] - testObjects.add(objectSubFolder + fileNames[i]): null

2020-04-28 11:30:19 - [TEST_STEP][PASSED] - if (fileNames[i].contains(".rs")): null

2020-04-28 11:30:19 - [TEST_STEP][PASSED] - fileNames[i] = fileNames[i].replace(".rs", ""): null

2020-04-28 11:30:19 - [TEST_STEP][PASSED] - testObjects.add(objectSubFolder + fileNames[i]): null

2020-04-28 11:30:19 - [TEST_STEP][PASSED] - if (fileNames[i].contains(".rs")): null

2020-04-28 11:30:19 - [TEST_STEP][PASSED] - fileNames[i] = fileNames[i].replace(".rs", ""): null

2020-04-28 11:30:19 - [TEST_STEP][PASSED] - testObjects.add(objectSubFolder + fileNames[i]): null

2020-04-28 11:30:19 - [TEST_STEP][PASSED] - if (fileNames[i].contains(".rs")): null

2020-04-28 11:30:19 - [TEST_STEP][PASSED] - fileNames[i] = fileNames[i].replace(".rs", ""): null

2020-04-28 11:30:19 - [TEST_STEP][PASSED] - testObjects.add(objectSubFolder + fileNames[i]): null

2020-04-28 11:30:19 - [TEST_STEP][PASSED] - if (fileNames[i].contains(".rs")): null

2020-04-28 11:30:19 - [TEST_STEP][PASSED] - fileNames[i] = fileNames[i].replace(".rs", ""): null

2020-04-28 11:30:19 - [TEST_STEP][PASSED] - testObjects.add(objectSubFolder + fileNames[i]): null

2020-04-28 11:30:19 - [TEST_STEP][PASSED] - if (fileNames[i].contains(".rs")): null

2020-04-28 11:30:19 - [TEST_STEP][PASSED] - fileNames[i] = fileNames[i].replace(".rs", ""): null

2020-04-28 11:30:19 - [TEST_STEP][PASSED] - testObjects.add(objectSubFolder + fileNames[i]): null

2020-04-28 11:30:19 - [TEST_STEP][PASSED] - if (fileNames[i].contains(".rs")): null

2020-04-28 11:30:19 - [TEST_STEP][PASSED] - fileNames[i] = fileNames[i].replace(".rs", ""): null

2020-04-28 11:30:19 - [TEST_STEP][PASSED] - testObjects.add(objectSubFolder + fileNames[i]): null

2020-04-28 11:30:19 - [TEST_STEP][PASSED] - if (fileNames[i].contains(".rs")): null

2020-04-28 11:30:19 - [TEST_STEP][PASSED] - fileNames[i] = fileNames[i].replace(".rs", ""): null

2020-04-28 11:30:19 - [TEST_STEP][PASSED] - testObjects.add(objectSubFolder + fileNames[i]): null

2020-04-28 11:30:19 - [TEST_STEP][PASSED] - for (String obj : testObjects): Object 'Object Repository/Web RoomMe.id\RoomMe.id Contact Us Page\Text RoomMe Location Content' is visible

2020-04-28 11:30:19 - [TEST_STEP][PASSED] - verifyElementVisible(findTestObject(obj)): Object 'Object Repository/Web RoomMe.id\RoomMe.id Contact Us Page\Button Attach File' is visible

2020-04-28 11:30:20 - [MESSAGE][PASSED] - Object 'Object Repository/Web RoomMe.id\RoomMe.id Contact Us Page\Button Attach File' is visible

2020-04-28 11:30:20 - [TEST_STEP][PASSED] - verifyElementVisible(findTestObject(obj)): Object 'Object Repository/Web RoomMe.id\RoomMe.id Contact Us Page\Button Submit' is visible

2020-04-28 11:30:21 - [MESSAGE][PASSED] - Object 'Object Repository/Web RoomMe.id\RoomMe.id Contact Us Page\Button Submit' is visible

2020-04-28 11:30:21 - [TEST_STEP][PASSED] - verifyElementVisible(findTestObject(obj)): Object 'Object Repository/Web RoomMe.id\RoomMe.id Contact Us Page\Checkbox I Have my RoomMe Booking ID' is visible

2020-04-28 11:30:21 - [MESSAGE][PASSED] - Object 'Object Repository/Web RoomMe.id\RoomMe.id Contact Us Page\Checkbox I Have my RoomMe Booking ID' is visible

2020-04-28 11:30:21 - [TEST_STEP][PASSED] - verifyElementVisible(findTestObject(obj)): Object 'Object Repository/Web RoomMe.id\RoomMe.id Contact Us Page\Image Contact Us' is visible

2020-04-28 11:30:22 - [MESSAGE][PASSED] - Object 'Object Repository/Web RoomMe.id\RoomMe.id Contact Us Page\Image Contact Us' is visible

2020-04-28 11:30:22 - [TEST_STEP][PASSED] - verifyElementVisible(findTestObject(obj)): Object 'Object Repository/Web RoomMe.id\RoomMe.id Contact Us Page\Input Customer Name' is visible

2020-04-28 11:30:22 - [MESSAGE][PASSED] - Object 'Object Repository/Web RoomMe.id\RoomMe.id Contact Us Page\Input Customer Name' is visible

2020-04-28 11:30:22 - [TEST_STEP][PASSED] - verifyElementVisible(findTestObject(obj)): Object 'Object Repository/Web RoomMe.id\RoomMe.id Contact Us Page\Input Email' is visible

2020-04-28 11:30:23 - [MESSAGE][PASSED] - Object 'Object Repository/Web RoomMe.id\RoomMe.id Contact Us Page\Input Email' is visible

2020-04-28 11:30:23 - [TEST_STEP][PASSED] - verifyElementVisible(findTestObject(obj)): Object 'Object Repository/Web RoomMe.id\RoomMe.id Contact Us Page\Input Message' is visible

2020-04-28 11:30:23 - [MESSAGE][PASSED] - Object 'Object Repository/Web RoomMe.id\RoomMe.id Contact Us Page\Input Message' is visible

2020-04-28 11:30:23 - [TEST_STEP][PASSED] - verifyElementVisible(findTestObject(obj)): Object 'Object Repository/Web RoomMe.id\RoomMe.id Contact Us Page\Text Get In Touch Content' is visible

2020-04-28 11:30:24 - [MESSAGE][PASSED] - Object 'Object Repository/Web RoomMe.id\RoomMe.id Contact Us Page\Text Get In Touch Content' is visible

2020-04-28 11:30:24 - [TEST_STEP][PASSED] - verifyElementVisible(findTestObject(obj)): Object 'Object Repository/Web RoomMe.id\RoomMe.id Contact Us Page\Text Get In Touch with Us' is visible

2020-04-28 11:30:24 - [MESSAGE][PASSED] - Object 'Object Repository/Web RoomMe.id\RoomMe.id Contact Us Page\Text Get In Touch with Us' is visible

2020-04-28 11:30:24 - [TEST_STEP][PASSED] - verifyElementVisible(findTestObject(obj)): Object 'Object Repository/Web RoomMe.id\RoomMe.id Contact Us Page\Text Head Office' is visible

2020-04-28 11:30:24 - [MESSAGE][PASSED] - Object 'Object Repository/Web RoomMe.id\RoomMe.id Contact Us Page\Text Head Office' is visible

2020-04-28 11:30:24 - [TEST_STEP][PASSED] - verifyElementVisible(findTestObject(obj)): Object 'Object Repository/Web RoomMe.id\RoomMe.id Contact Us Page\Text RoomMe Location Content' is visible

2020-04-28 11:30:25 - [MESSAGE][PASSED] - Object 'Object Repository/Web RoomMe.id\RoomMe.id Contact Us Page\Text RoomMe Location Content' is visible

2020-04-28 11:30:25 - [MESSAGE][PASSED] - Call Test Case 'Test Cases/Web RoomMe.id/5. About RoomMe/Verify Contact Us Page' successfully

2020-04-28 11:30:25 - [TEST_STEP][NOT_RUN] - callTestCase(findTestCase("Web RoomMe.id/1. Homepage/7. Verify Footer RoomMe.id"), [:], STOP_ON_FAILURE): NOT_RUN: callTestCase(findTestCase("Web RoomMe.id/1. Homepage/7. Verify Footer RoomMe.id"), [:], STOP_ON_FAILURE)

2020-04-28 11:30:25 - [MESSAGE][NOT_RUN] - NOT_RUN: callTestCase(findTestCase("Web RoomMe.id/1. Homepage/7. Verify Footer RoomMe.id"), [:], STOP_ON_FAILURE)

2020-04-28 11:30:25 - [TEST_STEP][PASSED] - verifyElementText(findTestObject("Web RoomMe.id/RoomMe.id Contact Us Page/Text Get In Touch with Us"), "Get In Touch with Us"): Actual text and expected text of test object 'Object Repository/Web RoomMe.id/RoomMe.id Contact Us Page/Text Get In Touch with Us' are matched.

2020-04-28 11:30:25 - [MESSAGE][PASSED] - Actual text and expected text of test object 'Object Repository/Web RoomMe.id/RoomMe.id Contact Us Page/Text Get In Touch with Us' are matched.

2020-04-28 11:30:25 - [TEST_STEP][PASSED] - verifyElementText(findTestObject("Web RoomMe.id/RoomMe.id Contact Us Page/Text Head Office"), "Head Office"): Actual text and expected text of test object 'Object Repository/Web RoomMe.id/RoomMe.id Contact Us Page/Text Head Office' are matched.

2020-04-28 11:30:25 - [MESSAGE][PASSED] - Actual text and expected text of test object 'Object Repository/Web RoomMe.id/RoomMe.id Contact Us Page/Text Head Office' are matched.

2020-04-28 11:30:25 - [TEST_STEP][PASSED] - verifyElementText(findTestObject("Web RoomMe.id/RoomMe.id Contact Us Page/Text Get In Touch Content"), "If you have any questions, please get in touch with our friendly and knowledgable customer support team by filling out the form below."): Actual text and expected text of test object 'Object Repository/Web RoomMe.id/RoomMe.id Contact Us Page/Text Get In Touch Content' are matched.

2020-04-28 11:30:26 - [MESSAGE][PASSED] - Actual text and expected text of test object 'Object Repository/Web RoomMe.id/RoomMe.id Contact Us Page/Text Get In Touch Content' are matched.

2020-04-28 11:30:26 - [TEST_STEP][PASSED] - verifyElementText(findTestObject("Web RoomMe.id/RoomMe.id Contact Us Page/Text RoomMe Location Content"), "Jl. Tiang Bendera IV no 34 I-J, RT.7/RW.3, Roa Malaka, Kec. Tambora, Indonesia, DKI Jakarta 11230"): Actual text and expected text of test object 'Object Repository/Web RoomMe.id/RoomMe.id Contact Us Page/Text RoomMe Location Content' are matched.

2020-04-28 11:30:26 - [MESSAGE][PASSED] - Actual text and expected text of test object 'Object Repository/Web RoomMe.id/RoomMe.id Contact Us Page/Text RoomMe Location Content' are matched.]]></system-out>
         <system-err><![CDATA[]]></system-err>
      </testcase>
      <testcase name="Test Cases/Web RoomMe.id/5. About RoomMe/Verify Contact Us Page" time="3.86" classname="Test Cases/Web RoomMe.id/5. About RoomMe/Verify Contact Us Page" status="PASSED">
         <system-out><![CDATA[2020-04-28 11:30:26 - [TEST_CASE][PASSED] - Test Cases/Web RoomMe.id/5. About RoomMe/Verify Contact Us Page: Test Cases/Web RoomMe.id/5. About RoomMe/Verify Contact Us Page

2020-04-28 11:30:26 - [TEST_STEP][PASSED] - objectSubFolder = "Web RoomMe.id\RoomMe.id Contact Us Page\": null

2020-04-28 11:30:26 - [TEST_STEP][PASSED] - pathToObjRep = getProjectDir() + "\Object Repository\" + objectSubFolder: null

2020-04-28 11:30:26 - [TEST_STEP][PASSED] - yourObjects = new java.io.File(pathToObjRep): null

2020-04-28 11:30:26 - [TEST_STEP][PASSED] - fileNames = yourObjects.list(): null

2020-04-28 11:30:26 - [TEST_STEP][PASSED] - testObjects = new java.util.ArrayList(): null

2020-04-28 11:30:26 - [TEST_STEP][PASSED] - for ([i = 0, i < length, (i++)]): null

2020-04-28 11:30:26 - [TEST_STEP][PASSED] - if (fileNames[i].contains(".rs")): null

2020-04-28 11:30:26 - [TEST_STEP][PASSED] - if (fileNames[i].contains(".rs")): null

2020-04-28 11:30:26 - [TEST_STEP][PASSED] - fileNames[i] = fileNames[i].replace(".rs", ""): null

2020-04-28 11:30:26 - [TEST_STEP][PASSED] - testObjects.add(objectSubFolder + fileNames[i]): null

2020-04-28 11:30:26 - [TEST_STEP][PASSED] - if (fileNames[i].contains(".rs")): null

2020-04-28 11:30:26 - [TEST_STEP][PASSED] - fileNames[i] = fileNames[i].replace(".rs", ""): null

2020-04-28 11:30:26 - [TEST_STEP][PASSED] - testObjects.add(objectSubFolder + fileNames[i]): null

2020-04-28 11:30:26 - [TEST_STEP][PASSED] - if (fileNames[i].contains(".rs")): null

2020-04-28 11:30:26 - [TEST_STEP][PASSED] - fileNames[i] = fileNames[i].replace(".rs", ""): null

2020-04-28 11:30:26 - [TEST_STEP][PASSED] - testObjects.add(objectSubFolder + fileNames[i]): null

2020-04-28 11:30:26 - [TEST_STEP][PASSED] - if (fileNames[i].contains(".rs")): null

2020-04-28 11:30:26 - [TEST_STEP][PASSED] - fileNames[i] = fileNames[i].replace(".rs", ""): null

2020-04-28 11:30:26 - [TEST_STEP][PASSED] - testObjects.add(objectSubFolder + fileNames[i]): null

2020-04-28 11:30:26 - [TEST_STEP][PASSED] - if (fileNames[i].contains(".rs")): null

2020-04-28 11:30:26 - [TEST_STEP][PASSED] - fileNames[i] = fileNames[i].replace(".rs", ""): null

2020-04-28 11:30:26 - [TEST_STEP][PASSED] - testObjects.add(objectSubFolder + fileNames[i]): null

2020-04-28 11:30:26 - [TEST_STEP][PASSED] - if (fileNames[i].contains(".rs")): null

2020-04-28 11:30:26 - [TEST_STEP][PASSED] - fileNames[i] = fileNames[i].replace(".rs", ""): null

2020-04-28 11:30:26 - [TEST_STEP][PASSED] - testObjects.add(objectSubFolder + fileNames[i]): null

2020-04-28 11:30:26 - [TEST_STEP][PASSED] - if (fileNames[i].contains(".rs")): null

2020-04-28 11:30:26 - [TEST_STEP][PASSED] - fileNames[i] = fileNames[i].replace(".rs", ""): null

2020-04-28 11:30:26 - [TEST_STEP][PASSED] - testObjects.add(objectSubFolder + fileNames[i]): null

2020-04-28 11:30:26 - [TEST_STEP][PASSED] - if (fileNames[i].contains(".rs")): null

2020-04-28 11:30:26 - [TEST_STEP][PASSED] - fileNames[i] = fileNames[i].replace(".rs", ""): null

2020-04-28 11:30:26 - [TEST_STEP][PASSED] - testObjects.add(objectSubFolder + fileNames[i]): null

2020-04-28 11:30:26 - [TEST_STEP][PASSED] - if (fileNames[i].contains(".rs")): null

2020-04-28 11:30:26 - [TEST_STEP][PASSED] - fileNames[i] = fileNames[i].replace(".rs", ""): null

2020-04-28 11:30:26 - [TEST_STEP][PASSED] - testObjects.add(objectSubFolder + fileNames[i]): null

2020-04-28 11:30:26 - [TEST_STEP][PASSED] - if (fileNames[i].contains(".rs")): null

2020-04-28 11:30:26 - [TEST_STEP][PASSED] - fileNames[i] = fileNames[i].replace(".rs", ""): null

2020-04-28 11:30:26 - [TEST_STEP][PASSED] - testObjects.add(objectSubFolder + fileNames[i]): null

2020-04-28 11:30:26 - [TEST_STEP][PASSED] - if (fileNames[i].contains(".rs")): null

2020-04-28 11:30:26 - [TEST_STEP][PASSED] - fileNames[i] = fileNames[i].replace(".rs", ""): null

2020-04-28 11:30:26 - [TEST_STEP][PASSED] - testObjects.add(objectSubFolder + fileNames[i]): null

2020-04-28 11:30:26 - [TEST_STEP][PASSED] - for (String obj : testObjects): Object 'Object Repository/Web RoomMe.id\RoomMe.id Contact Us Page\Text RoomMe Location Content' is visible

2020-04-28 11:30:26 - [TEST_STEP][PASSED] - verifyElementVisible(findTestObject(obj)): Object 'Object Repository/Web RoomMe.id\RoomMe.id Contact Us Page\Button Attach File' is visible

2020-04-28 11:30:26 - [MESSAGE][PASSED] - Object 'Object Repository/Web RoomMe.id\RoomMe.id Contact Us Page\Button Attach File' is visible

2020-04-28 11:30:26 - [TEST_STEP][PASSED] - verifyElementVisible(findTestObject(obj)): Object 'Object Repository/Web RoomMe.id\RoomMe.id Contact Us Page\Button Submit' is visible

2020-04-28 11:30:27 - [MESSAGE][PASSED] - Object 'Object Repository/Web RoomMe.id\RoomMe.id Contact Us Page\Button Submit' is visible

2020-04-28 11:30:27 - [TEST_STEP][PASSED] - verifyElementVisible(findTestObject(obj)): Object 'Object Repository/Web RoomMe.id\RoomMe.id Contact Us Page\Checkbox I Have my RoomMe Booking ID' is visible

2020-04-28 11:30:27 - [MESSAGE][PASSED] - Object 'Object Repository/Web RoomMe.id\RoomMe.id Contact Us Page\Checkbox I Have my RoomMe Booking ID' is visible

2020-04-28 11:30:27 - [TEST_STEP][PASSED] - verifyElementVisible(findTestObject(obj)): Object 'Object Repository/Web RoomMe.id\RoomMe.id Contact Us Page\Image Contact Us' is visible

2020-04-28 11:30:28 - [MESSAGE][PASSED] - Object 'Object Repository/Web RoomMe.id\RoomMe.id Contact Us Page\Image Contact Us' is visible

2020-04-28 11:30:28 - [TEST_STEP][PASSED] - verifyElementVisible(findTestObject(obj)): Object 'Object Repository/Web RoomMe.id\RoomMe.id Contact Us Page\Input Customer Name' is visible

2020-04-28 11:30:28 - [MESSAGE][PASSED] - Object 'Object Repository/Web RoomMe.id\RoomMe.id Contact Us Page\Input Customer Name' is visible

2020-04-28 11:30:28 - [TEST_STEP][PASSED] - verifyElementVisible(findTestObject(obj)): Object 'Object Repository/Web RoomMe.id\RoomMe.id Contact Us Page\Input Email' is visible

2020-04-28 11:30:28 - [MESSAGE][PASSED] - Object 'Object Repository/Web RoomMe.id\RoomMe.id Contact Us Page\Input Email' is visible

2020-04-28 11:30:28 - [TEST_STEP][PASSED] - verifyElementVisible(findTestObject(obj)): Object 'Object Repository/Web RoomMe.id\RoomMe.id Contact Us Page\Input Message' is visible

2020-04-28 11:30:29 - [MESSAGE][PASSED] - Object 'Object Repository/Web RoomMe.id\RoomMe.id Contact Us Page\Input Message' is visible

2020-04-28 11:30:29 - [TEST_STEP][PASSED] - verifyElementVisible(findTestObject(obj)): Object 'Object Repository/Web RoomMe.id\RoomMe.id Contact Us Page\Text Get In Touch Content' is visible

2020-04-28 11:30:29 - [MESSAGE][PASSED] - Object 'Object Repository/Web RoomMe.id\RoomMe.id Contact Us Page\Text Get In Touch Content' is visible

2020-04-28 11:30:29 - [TEST_STEP][PASSED] - verifyElementVisible(findTestObject(obj)): Object 'Object Repository/Web RoomMe.id\RoomMe.id Contact Us Page\Text Get In Touch with Us' is visible

2020-04-28 11:30:29 - [MESSAGE][PASSED] - Object 'Object Repository/Web RoomMe.id\RoomMe.id Contact Us Page\Text Get In Touch with Us' is visible

2020-04-28 11:30:29 - [TEST_STEP][PASSED] - verifyElementVisible(findTestObject(obj)): Object 'Object Repository/Web RoomMe.id\RoomMe.id Contact Us Page\Text Head Office' is visible

2020-04-28 11:30:30 - [MESSAGE][PASSED] - Object 'Object Repository/Web RoomMe.id\RoomMe.id Contact Us Page\Text Head Office' is visible

2020-04-28 11:30:30 - [TEST_STEP][PASSED] - verifyElementVisible(findTestObject(obj)): Object 'Object Repository/Web RoomMe.id\RoomMe.id Contact Us Page\Text RoomMe Location Content' is visible

2020-04-28 11:30:30 - [MESSAGE][PASSED] - Object 'Object Repository/Web RoomMe.id\RoomMe.id Contact Us Page\Text RoomMe Location Content' is visible]]></system-out>
         <system-err><![CDATA[]]></system-err>
      </testcase>
      <system-out><![CDATA[2020-04-28 11:29:34 - [TEST_SUITE][PASSED] - Customer Access About RooMe Page: Test Cases/Web RoomMe.id/5. About RoomMe/Verify Contact Us Page]]></system-out>
      <system-err><![CDATA[]]></system-err>
   </testsuite>
</testsuites>
