<?xml version="1.0" encoding="UTF-8"?>
<testsuites name="Customer Login with Google" time="107.052" tests="2" failures="0" errors="0">
   <testsuite name="Customer Login with Google" tests="2" failures="0" errors="0" time="107.052" timestamp="2020-04-26 21:31:18" hostname="Faldi - Alienware-X51" id="Test Suites/Web RoomMe.id/Customer Login with Google">
      <properties>
         <property name="deviceName" value=""/>
         <property name="devicePlatform" value=""/>
         <property name="logFolder" value="C:\\Users\\Faldi\\Katalon Studio\\katalonroomme\\Reports\\20200426_213110\\Web RoomMe.id\\Customer Login with Google\\20200426_213110"/>
         <property name="logFiles" value="C:\\Users\\Faldi\\Katalon Studio\\katalonroomme\\Reports\\20200426_213110\\Web RoomMe.id\\Customer Login with Google\\20200426_213110\\execution0.log"/>
         <property name="attachments" value=""/>
         <property name="hostName" value="Faldi - Alienware-X51"/>
         <property name="os" value="Windows 10 64bit"/>
         <property name="katalonVersion" value="7.2.6.1"/>
         <property name="browser" value="Firefox 75.0"/>
         <property name="hostAddress" value="192.168.1.5"/>
         <property name="sessionId" value="f8b4e58c-8be9-4d5e-add8-77fe6081ce65"/>
         <property name="seleniumVersion" value="3.141.59"/>
         <property name="proxyInformation" value="ProxyInformation{proxyOption=NO_PROXY, proxyServerType=HTTP, password=, proxyServerAddress=, proxyServerPort=0, executionList=}"/>
         <property name="platform" value="Windows 10"/>
      </properties>
      <testcase name="Test Cases/Web RoomMe.id/19. Sign In with Google/1. Customer Login with Registered Gmail" time="37.677" classname="Test Cases/Web RoomMe.id/19. Sign In with Google/1. Customer Login with Registered Gmail" status="PASSED">
         <system-out><![CDATA[2020-04-26 21:31:18 - [TEST_CASE][PASSED] - Test Cases/Web RoomMe.id/19. Sign In with Google/1. Customer Login with Registered Gmail: Test Cases/Web RoomMe.id/19. Sign In with Google/1. Customer Login with Registered Gmail

2020-04-26 21:31:18 - [TEST_STEP][PASSED] - callTestCase(findTestCase("Web RoomMe.id/1. Homepage/1. Customer Access RoomMe Page"), [:], STOP_ON_FAILURE): Call Test Case 'Test Cases/Web RoomMe.id/1. Homepage/1. Customer Access RoomMe Page' successfully

2020-04-26 21:31:19 - [TEST_CASE][PASSED] - Test Cases/Web RoomMe.id/1. Homepage/1. Customer Access RoomMe Page: Test Cases/Web RoomMe.id/1. Homepage/1. Customer Access RoomMe Page

2020-04-26 21:31:19 - [TEST_STEP][PASSED] - openBrowser("https://web.roomme.id/"): Browser is opened with url: 'https://web.roomme.id/'

2020-04-26 21:31:19 - [MESSAGE][INFO] - Starting 'Firefox' driver

2020-04-26 21:31:19 - [MESSAGE][INFO] - Action delay is set to 0 seconds

2020-04-26 21:31:34 - [MESSAGE][PASSED] - Browser is opened with url: 'https://web.roomme.id/'

2020-04-26 21:31:34 - [TEST_STEP][PASSED] - maximizeWindow(): Current window maximized

2020-04-26 21:31:35 - [MESSAGE][PASSED] - Current window maximized

2020-04-26 21:31:35 - [TEST_STEP][PASSED] - waitForPageLoad(0): Wait for page load successfully

2020-04-26 21:31:35 - [MESSAGE][WARNING] - Timeout '0' is invalid. Using default page load timeout: '60'

2020-04-26 21:31:35 - [MESSAGE][PASSED] - Wait for page load successfully

2020-04-26 21:31:35 - [MESSAGE][PASSED] - Call Test Case 'Test Cases/Web RoomMe.id/1. Homepage/1. Customer Access RoomMe Page' successfully

2020-04-26 21:31:35 - [TEST_STEP][PASSED] - waitForElementVisible(findTestObject("Web RoomMe.id/RoomMe.id Header/Button Sign In"), 0): Object 'Object Repository/Web RoomMe.id/RoomMe.id Header/Button Sign In' is visible

2020-04-26 21:31:35 - [MESSAGE][WARNING] - Timeout '0' is invalid. Using default page load timeout: '60'

2020-04-26 21:31:39 - [MESSAGE][PASSED] - Object 'Object Repository/Web RoomMe.id/RoomMe.id Header/Button Sign In' is visible

2020-04-26 21:31:39 - [TEST_STEP][PASSED] - click(findTestObject("Web RoomMe.id/RoomMe.id Header/Button Sign In")): Object: 'Object Repository/Web RoomMe.id/RoomMe.id Header/Button Sign In' is clicked on

2020-04-26 21:31:39 - [MESSAGE][PASSED] - Object: 'Object Repository/Web RoomMe.id/RoomMe.id Header/Button Sign In' is clicked on

2020-04-26 21:31:39 - [TEST_STEP][PASSED] - waitForElementVisible(findTestObject("Web RoomMe.id/Sign In Menu/Button Sign In with Google"), 0): Object 'Object Repository/Web RoomMe.id/Sign In Menu/Button Sign In with Google' is visible

2020-04-26 21:31:39 - [MESSAGE][WARNING] - Timeout '0' is invalid. Using default page load timeout: '60'

2020-04-26 21:31:39 - [MESSAGE][PASSED] - Object 'Object Repository/Web RoomMe.id/Sign In Menu/Button Sign In with Google' is visible

2020-04-26 21:31:39 - [TEST_STEP][PASSED] - click(findTestObject("Web RoomMe.id/Sign In Menu/Button Sign In with Google")): Object: 'Object Repository/Web RoomMe.id/Sign In Menu/Button Sign In with Google' is clicked on

2020-04-26 21:31:40 - [MESSAGE][PASSED] - Object: 'Object Repository/Web RoomMe.id/Sign In Menu/Button Sign In with Google' is clicked on

2020-04-26 21:31:40 - [TEST_STEP][PASSED] - switchToWindowIndex(1): Switched to window with index: '1'

2020-04-26 21:31:40 - [MESSAGE][PASSED] - Switched to window with index: '1'

2020-04-26 21:31:40 - [TEST_STEP][PASSED] - waitForPageLoad(0): Wait for page load successfully

2020-04-26 21:31:40 - [MESSAGE][WARNING] - Timeout '0' is invalid. Using default page load timeout: '60'

2020-04-26 21:31:41 - [MESSAGE][PASSED] - Wait for page load successfully

2020-04-26 21:31:41 - [TEST_STEP][PASSED] - waitForElementVisible(findTestObject("Google Sign In/Textfield Email Google"), 0): Object 'Object Repository/Google Sign In/Textfield Email Google' is visible

2020-04-26 21:31:42 - [MESSAGE][WARNING] - Timeout '0' is invalid. Using default page load timeout: '60'

2020-04-26 21:31:42 - [MESSAGE][PASSED] - Object 'Object Repository/Google Sign In/Textfield Email Google' is visible

2020-04-26 21:31:42 - [TEST_STEP][PASSED] - setText(findTestObject("Google Sign In/Textfield Email Google"), "faldi@roomme.space"): Text 'faldi@roomme.space' is set on object 'Object Repository/Google Sign In/Textfield Email Google'

2020-04-26 21:31:42 - [MESSAGE][PASSED] - Text 'faldi@roomme.space' is set on object 'Object Repository/Google Sign In/Textfield Email Google'

2020-04-26 21:31:42 - [TEST_STEP][PASSED] - click(findTestObject("Google Sign In/Button Berikutnya")): Object: 'Object Repository/Google Sign In/Button Berikutnya' is clicked on

2020-04-26 21:31:43 - [MESSAGE][PASSED] - Object: 'Object Repository/Google Sign In/Button Berikutnya' is clicked on

2020-04-26 21:31:43 - [TEST_STEP][PASSED] - waitForElementVisible(findTestObject("Google Sign In/Textfield Password"), 0): Object 'Object Repository/Google Sign In/Textfield Password' is visible

2020-04-26 21:31:43 - [MESSAGE][WARNING] - Timeout '0' is invalid. Using default page load timeout: '60'

2020-04-26 21:31:45 - [MESSAGE][PASSED] - Object 'Object Repository/Google Sign In/Textfield Password' is visible

2020-04-26 21:31:45 - [TEST_STEP][PASSED] - setEncryptedText(findTestObject("Google Sign In/Textfield Password"), "aWQtAdXqif4Z+35qHGW6CQ=="): Text ****** has been set on object 'Object Repository/Google Sign In/Textfield Password'

2020-04-26 21:31:45 - [MESSAGE][PASSED] - Text ****** has been set on object 'Object Repository/Google Sign In/Textfield Password'

2020-04-26 21:31:45 - [TEST_STEP][PASSED] - click(findTestObject("Google Sign In/Button Berikutnya (Password)")): Object: 'Object Repository/Google Sign In/Button Berikutnya (Password)' is clicked on

2020-04-26 21:31:47 - [MESSAGE][PASSED] - Object: 'Object Repository/Google Sign In/Button Berikutnya (Password)' is clicked on

2020-04-26 21:31:47 - [TEST_STEP][PASSED] - switchToWindowIndex(0): Switched to window with index: '0'

2020-04-26 21:31:47 - [MESSAGE][PASSED] - Switched to window with index: '0'

2020-04-26 21:31:47 - [TEST_STEP][PASSED] - waitForPageLoad(0): Wait for page load successfully

2020-04-26 21:31:47 - [MESSAGE][WARNING] - Timeout '0' is invalid. Using default page load timeout: '60'

2020-04-26 21:31:47 - [MESSAGE][PASSED] - Wait for page load successfully

2020-04-26 21:31:47 - [TEST_STEP][PASSED] - waitForElementVisible(findTestObject("Web RoomMe.id/RoomMe.id Header/User Menu/User Profile Image"), 0): Object 'Object Repository/Web RoomMe.id/RoomMe.id Header/User Menu/User Profile Image' is visible

2020-04-26 21:31:48 - [MESSAGE][WARNING] - Timeout '0' is invalid. Using default page load timeout: '60'

2020-04-26 21:31:55 - [MESSAGE][PASSED] - Object 'Object Repository/Web RoomMe.id/RoomMe.id Header/User Menu/User Profile Image' is visible

2020-04-26 21:31:55 - [TEST_STEP][PASSED] - waitForElementVisible(findTestObject("Web RoomMe.id/RoomMe.id Header/User Menu/User Menu"), 0): Object 'Object Repository/Web RoomMe.id/RoomMe.id Header/User Menu/User Menu' is visible

2020-04-26 21:31:55 - [MESSAGE][WARNING] - Timeout '0' is invalid. Using default page load timeout: '60'

2020-04-26 21:31:56 - [MESSAGE][PASSED] - Object 'Object Repository/Web RoomMe.id/RoomMe.id Header/User Menu/User Menu' is visible]]></system-out>
         <system-err><![CDATA[]]></system-err>
      </testcase>
      <testcase name="Test Cases/Web RoomMe.id/19. Sign In with Google/2. Customer Login with Already Login Google Account" time="58.722" classname="Test Cases/Web RoomMe.id/19. Sign In with Google/2. Customer Login with Already Login Google Account" status="PASSED">
         <system-out><![CDATA[2020-04-26 21:31:56 - [TEST_CASE][PASSED] - Test Cases/Web RoomMe.id/19. Sign In with Google/2. Customer Login with Already Login Google Account: Test Cases/Web RoomMe.id/19. Sign In with Google/2. Customer Login with Already Login Google Account

2020-04-26 21:31:56 - [TEST_STEP][PASSED] - callTestCase(findTestCase("Web RoomMe.id/19. Sign In with Google/1. Customer Login with Registered Gmail"), [:], STOP_ON_FAILURE): Call Test Case 'Test Cases/Web RoomMe.id/19. Sign In with Google/1. Customer Login with Registered Gmail' successfully

2020-04-26 21:31:56 - [TEST_CASE][PASSED] - Test Cases/Web RoomMe.id/19. Sign In with Google/1. Customer Login with Registered Gmail: Test Cases/Web RoomMe.id/19. Sign In with Google/1. Customer Login with Registered Gmail

2020-04-26 21:31:56 - [TEST_STEP][PASSED] - callTestCase(findTestCase("Web RoomMe.id/1. Homepage/1. Customer Access RoomMe Page"), [:], STOP_ON_FAILURE): Call Test Case 'Test Cases/Web RoomMe.id/1. Homepage/1. Customer Access RoomMe Page' successfully

2020-04-26 21:31:56 - [TEST_CASE][PASSED] - Test Cases/Web RoomMe.id/1. Homepage/1. Customer Access RoomMe Page: Test Cases/Web RoomMe.id/1. Homepage/1. Customer Access RoomMe Page

2020-04-26 21:31:56 - [TEST_STEP][PASSED] - openBrowser("https://web.roomme.id/"): Browser is opened with url: 'https://web.roomme.id/'

2020-04-26 21:31:56 - [MESSAGE][WARNING] - A browser is already opened. Closing browser and opening a new one

2020-04-26 21:32:07 - [MESSAGE][INFO] - Starting 'Firefox' driver

2020-04-26 21:32:19 - [MESSAGE][PASSED] - Browser is opened with url: 'https://web.roomme.id/'

2020-04-26 21:32:19 - [TEST_STEP][PASSED] - maximizeWindow(): Current window maximized

2020-04-26 21:32:19 - [MESSAGE][PASSED] - Current window maximized

2020-04-26 21:32:19 - [TEST_STEP][PASSED] - waitForPageLoad(0): Wait for page load successfully

2020-04-26 21:32:19 - [MESSAGE][WARNING] - Timeout '0' is invalid. Using default page load timeout: '60'

2020-04-26 21:32:19 - [MESSAGE][PASSED] - Wait for page load successfully

2020-04-26 21:32:19 - [MESSAGE][PASSED] - Call Test Case 'Test Cases/Web RoomMe.id/1. Homepage/1. Customer Access RoomMe Page' successfully

2020-04-26 21:32:19 - [TEST_STEP][PASSED] - waitForElementVisible(findTestObject("Web RoomMe.id/RoomMe.id Header/Button Sign In"), 0): Object 'Object Repository/Web RoomMe.id/RoomMe.id Header/Button Sign In' is visible

2020-04-26 21:32:19 - [MESSAGE][WARNING] - Timeout '0' is invalid. Using default page load timeout: '60'

2020-04-26 21:32:23 - [MESSAGE][PASSED] - Object 'Object Repository/Web RoomMe.id/RoomMe.id Header/Button Sign In' is visible

2020-04-26 21:32:23 - [TEST_STEP][PASSED] - click(findTestObject("Web RoomMe.id/RoomMe.id Header/Button Sign In")): Object: 'Object Repository/Web RoomMe.id/RoomMe.id Header/Button Sign In' is clicked on

2020-04-26 21:32:24 - [MESSAGE][PASSED] - Object: 'Object Repository/Web RoomMe.id/RoomMe.id Header/Button Sign In' is clicked on

2020-04-26 21:32:24 - [TEST_STEP][PASSED] - waitForElementVisible(findTestObject("Web RoomMe.id/Sign In Menu/Button Sign In with Google"), 0): Object 'Object Repository/Web RoomMe.id/Sign In Menu/Button Sign In with Google' is visible

2020-04-26 21:32:24 - [MESSAGE][WARNING] - Timeout '0' is invalid. Using default page load timeout: '60'

2020-04-26 21:32:24 - [MESSAGE][PASSED] - Object 'Object Repository/Web RoomMe.id/Sign In Menu/Button Sign In with Google' is visible

2020-04-26 21:32:24 - [TEST_STEP][PASSED] - click(findTestObject("Web RoomMe.id/Sign In Menu/Button Sign In with Google")): Object: 'Object Repository/Web RoomMe.id/Sign In Menu/Button Sign In with Google' is clicked on

2020-04-26 21:32:25 - [MESSAGE][PASSED] - Object: 'Object Repository/Web RoomMe.id/Sign In Menu/Button Sign In with Google' is clicked on

2020-04-26 21:32:25 - [TEST_STEP][PASSED] - switchToWindowIndex(1): Switched to window with index: '1'

2020-04-26 21:32:25 - [MESSAGE][PASSED] - Switched to window with index: '1'

2020-04-26 21:32:25 - [TEST_STEP][PASSED] - waitForPageLoad(0): Wait for page load successfully

2020-04-26 21:32:25 - [MESSAGE][WARNING] - Timeout '0' is invalid. Using default page load timeout: '60'

2020-04-26 21:32:26 - [MESSAGE][PASSED] - Wait for page load successfully

2020-04-26 21:32:26 - [TEST_STEP][PASSED] - waitForElementVisible(findTestObject("Google Sign In/Textfield Email Google"), 0): Object 'Object Repository/Google Sign In/Textfield Email Google' is visible

2020-04-26 21:32:26 - [MESSAGE][WARNING] - Timeout '0' is invalid. Using default page load timeout: '60'

2020-04-26 21:32:26 - [MESSAGE][PASSED] - Object 'Object Repository/Google Sign In/Textfield Email Google' is visible

2020-04-26 21:32:26 - [TEST_STEP][PASSED] - setText(findTestObject("Google Sign In/Textfield Email Google"), "faldi@roomme.space"): Text 'faldi@roomme.space' is set on object 'Object Repository/Google Sign In/Textfield Email Google'

2020-04-26 21:32:27 - [MESSAGE][PASSED] - Text 'faldi@roomme.space' is set on object 'Object Repository/Google Sign In/Textfield Email Google'

2020-04-26 21:32:27 - [TEST_STEP][PASSED] - click(findTestObject("Google Sign In/Button Berikutnya")): Object: 'Object Repository/Google Sign In/Button Berikutnya' is clicked on

2020-04-26 21:32:27 - [MESSAGE][PASSED] - Object: 'Object Repository/Google Sign In/Button Berikutnya' is clicked on

2020-04-26 21:32:27 - [TEST_STEP][PASSED] - waitForElementVisible(findTestObject("Google Sign In/Textfield Password"), 0): Object 'Object Repository/Google Sign In/Textfield Password' is visible

2020-04-26 21:32:27 - [MESSAGE][WARNING] - Timeout '0' is invalid. Using default page load timeout: '60'

2020-04-26 21:32:29 - [MESSAGE][PASSED] - Object 'Object Repository/Google Sign In/Textfield Password' is visible

2020-04-26 21:32:29 - [TEST_STEP][PASSED] - setEncryptedText(findTestObject("Google Sign In/Textfield Password"), "aWQtAdXqif4Z+35qHGW6CQ=="): Text ****** has been set on object 'Object Repository/Google Sign In/Textfield Password'

2020-04-26 21:32:29 - [MESSAGE][PASSED] - Text ****** has been set on object 'Object Repository/Google Sign In/Textfield Password'

2020-04-26 21:32:29 - [TEST_STEP][PASSED] - click(findTestObject("Google Sign In/Button Berikutnya (Password)")): Object: 'Object Repository/Google Sign In/Button Berikutnya (Password)' is clicked on

2020-04-26 21:32:31 - [MESSAGE][PASSED] - Object: 'Object Repository/Google Sign In/Button Berikutnya (Password)' is clicked on

2020-04-26 21:32:31 - [TEST_STEP][PASSED] - switchToWindowIndex(0): Switched to window with index: '0'

2020-04-26 21:32:31 - [MESSAGE][PASSED] - Switched to window with index: '0'

2020-04-26 21:32:31 - [TEST_STEP][PASSED] - waitForPageLoad(0): Wait for page load successfully

2020-04-26 21:32:31 - [MESSAGE][WARNING] - Timeout '0' is invalid. Using default page load timeout: '60'

2020-04-26 21:32:31 - [MESSAGE][PASSED] - Wait for page load successfully

2020-04-26 21:32:31 - [TEST_STEP][PASSED] - waitForElementVisible(findTestObject("Web RoomMe.id/RoomMe.id Header/User Menu/User Profile Image"), 0): Object 'Object Repository/Web RoomMe.id/RoomMe.id Header/User Menu/User Profile Image' is visible

2020-04-26 21:32:31 - [MESSAGE][WARNING] - Timeout '0' is invalid. Using default page load timeout: '60'

2020-04-26 21:32:37 - [MESSAGE][PASSED] - Object 'Object Repository/Web RoomMe.id/RoomMe.id Header/User Menu/User Profile Image' is visible

2020-04-26 21:32:37 - [TEST_STEP][PASSED] - waitForElementVisible(findTestObject("Web RoomMe.id/RoomMe.id Header/User Menu/User Menu"), 0): Object 'Object Repository/Web RoomMe.id/RoomMe.id Header/User Menu/User Menu' is visible

2020-04-26 21:32:37 - [MESSAGE][WARNING] - Timeout '0' is invalid. Using default page load timeout: '60'

2020-04-26 21:32:39 - [MESSAGE][PASSED] - Object 'Object Repository/Web RoomMe.id/RoomMe.id Header/User Menu/User Menu' is visible

2020-04-26 21:32:39 - [MESSAGE][PASSED] - Call Test Case 'Test Cases/Web RoomMe.id/19. Sign In with Google/1. Customer Login with Registered Gmail' successfully

2020-04-26 21:32:39 - [TEST_STEP][PASSED] - waitForPageLoad(0): Wait for page load successfully

2020-04-26 21:32:39 - [MESSAGE][WARNING] - Timeout '0' is invalid. Using default page load timeout: '60'

2020-04-26 21:32:39 - [MESSAGE][PASSED] - Wait for page load successfully

2020-04-26 21:32:39 - [TEST_STEP][PASSED] - waitForElementVisible(findTestObject("Web RoomMe.id/RoomMe.id Header/User Menu/User Menu"), 0): Object 'Object Repository/Web RoomMe.id/RoomMe.id Header/User Menu/User Menu' is visible

2020-04-26 21:32:39 - [MESSAGE][WARNING] - Timeout '0' is invalid. Using default page load timeout: '60'

2020-04-26 21:32:39 - [MESSAGE][PASSED] - Object 'Object Repository/Web RoomMe.id/RoomMe.id Header/User Menu/User Menu' is visible

2020-04-26 21:32:39 - [TEST_STEP][PASSED] - click(findTestObject("Web RoomMe.id/RoomMe.id Header/User Menu/User Menu")): Object: 'Object Repository/Web RoomMe.id/RoomMe.id Header/User Menu/User Menu' is clicked on

2020-04-26 21:32:40 - [MESSAGE][PASSED] - Object: 'Object Repository/Web RoomMe.id/RoomMe.id Header/User Menu/User Menu' is clicked on

2020-04-26 21:32:40 - [TEST_STEP][PASSED] - click(findTestObject("Web RoomMe.id/User Menu/Button Log out")): Object: 'Object Repository/Web RoomMe.id/User Menu/Button Log out' is clicked on

2020-04-26 21:32:42 - [MESSAGE][PASSED] - Object: 'Object Repository/Web RoomMe.id/User Menu/Button Log out' is clicked on

2020-04-26 21:32:42 - [TEST_STEP][PASSED] - waitForPageLoad(0): Wait for page load successfully

2020-04-26 21:32:42 - [MESSAGE][WARNING] - Timeout '0' is invalid. Using default page load timeout: '60'

2020-04-26 21:32:43 - [MESSAGE][PASSED] - Wait for page load successfully

2020-04-26 21:32:43 - [TEST_STEP][PASSED] - waitForElementVisible(findTestObject("Web RoomMe.id/RoomMe.id Header/Button Sign In"), 0): Object 'Object Repository/Web RoomMe.id/RoomMe.id Header/Button Sign In' is visible

2020-04-26 21:32:43 - [MESSAGE][WARNING] - Timeout '0' is invalid. Using default page load timeout: '60'

2020-04-26 21:32:45 - [MESSAGE][PASSED] - Object 'Object Repository/Web RoomMe.id/RoomMe.id Header/Button Sign In' is visible

2020-04-26 21:32:45 - [TEST_STEP][PASSED] - click(findTestObject("Web RoomMe.id/RoomMe.id Header/Button Sign In")): Object: 'Object Repository/Web RoomMe.id/RoomMe.id Header/Button Sign In' is clicked on

2020-04-26 21:32:46 - [MESSAGE][PASSED] - Object: 'Object Repository/Web RoomMe.id/RoomMe.id Header/Button Sign In' is clicked on

2020-04-26 21:32:46 - [TEST_STEP][PASSED] - click(findTestObject("Web RoomMe.id/Sign In Menu/Button Sign In with Google")): Object: 'Object Repository/Web RoomMe.id/Sign In Menu/Button Sign In with Google' is clicked on

2020-04-26 21:32:47 - [MESSAGE][PASSED] - Object: 'Object Repository/Web RoomMe.id/Sign In Menu/Button Sign In with Google' is clicked on

2020-04-26 21:32:47 - [TEST_STEP][PASSED] - waitForPageLoad(0): Wait for page load successfully

2020-04-26 21:32:47 - [MESSAGE][WARNING] - Timeout '0' is invalid. Using default page load timeout: '60'

2020-04-26 21:32:47 - [MESSAGE][PASSED] - Wait for page load successfully

2020-04-26 21:32:47 - [TEST_STEP][PASSED] - waitForElementVisible(findTestObject("Web RoomMe.id/RoomMe.id Header/User Menu/User Profile Image"), 0): Object 'Object Repository/Web RoomMe.id/RoomMe.id Header/User Menu/User Profile Image' is visible

2020-04-26 21:32:47 - [MESSAGE][WARNING] - Timeout '0' is invalid. Using default page load timeout: '60'

2020-04-26 21:32:54 - [MESSAGE][PASSED] - Object 'Object Repository/Web RoomMe.id/RoomMe.id Header/User Menu/User Profile Image' is visible

2020-04-26 21:32:54 - [TEST_STEP][PASSED] - waitForElementVisible(findTestObject("Web RoomMe.id/RoomMe.id Header/User Menu/User Menu"), 0): Object 'Object Repository/Web RoomMe.id/RoomMe.id Header/User Menu/User Menu' is visible

2020-04-26 21:32:54 - [MESSAGE][WARNING] - Timeout '0' is invalid. Using default page load timeout: '60'

2020-04-26 21:32:54 - [MESSAGE][PASSED] - Object 'Object Repository/Web RoomMe.id/RoomMe.id Header/User Menu/User Menu' is visible]]></system-out>
         <system-err><![CDATA[]]></system-err>
      </testcase>
      <system-out><![CDATA[2020-04-26 21:31:18 - [TEST_SUITE][PASSED] - Customer Login with Google: Test Cases/Web RoomMe.id/19. Sign In with Google/2. Customer Login with Already Login Google Account]]></system-out>
      <system-err><![CDATA[]]></system-err>
   </testsuite>
</testsuites>
