<?xml version="1.0" encoding="UTF-8"?>
<testsuites name="Customer Access About RooMe Page" time="67.603" tests="2" failures="0" errors="0">
   <testsuite name="Customer Access About RooMe Page" tests="2" failures="0" errors="0" time="67.603" timestamp="2020-06-01 02:05:44" hostname="Faldi - Alienware-X51" id="Test Suites/Web RoomMe.id/Customer Access About RooMe Page">
      <properties>
         <property name="deviceName" value=""/>
         <property name="devicePlatform" value=""/>
         <property name="logFolder" value="C:\\Users\\Faldi\\Katalon Studio\\katalonroomme\\Reports\\20200601_015955\\Web RoomMe.id\\Customer Access About RooMe Page\\20200601_020001"/>
         <property name="logFiles" value="C:\\Users\\Faldi\\Katalon Studio\\katalonroomme\\Reports\\20200601_015955\\Web RoomMe.id\\Customer Access About RooMe Page\\20200601_020001\\execution0.log"/>
         <property name="attachments" value=""/>
         <property name="hostName" value="Faldi - Alienware-X51"/>
         <property name="os" value="Windows 10 64bit"/>
         <property name="katalonVersion" value="7.2.9.1"/>
         <property name="browser" value="Chrome 83.0.4103.61"/>
         <property name="hostAddress" value="192.168.1.5"/>
         <property name="sessionId" value="3c844a6c1b7ee8c558436bd71106c798"/>
         <property name="seleniumVersion" value="3.141.59"/>
         <property name="proxyInformation" value="ProxyInformation{proxyOption=NO_PROXY, proxyServerType=HTTP, password=, proxyServerAddress=, proxyServerPort=0, executionList=}"/>
         <property name="platform" value="Windows 10"/>
      </properties>
      <testcase name="Test Cases/Web RoomMe.id/5. About RoomMe/1. Customer Access About Us Page" time="38.865" classname="Test Cases/Web RoomMe.id/5. About RoomMe/1. Customer Access About Us Page" status="PASSED">
         <system-out><![CDATA[2020-06-01 02:05:44 - [TEST_CASE][PASSED] - Test Cases/Web RoomMe.id/5. About RoomMe/1. Customer Access About Us Page: Test Cases/Web RoomMe.id/5. About RoomMe/1. Customer Access About Us Page

2020-06-01 02:05:45 - [TEST_STEP][PASSED] - callTestCase(findTestCase("Web RoomMe.id/1. Homepage/1. Customer Access RoomMe Page"), [:], STOP_ON_FAILURE): Call Test Case 'Test Cases/Web RoomMe.id/1. Homepage/1. Customer Access RoomMe Page' successfully

2020-06-01 02:05:45 - [TEST_CASE][PASSED] - Test Cases/Web RoomMe.id/1. Homepage/1. Customer Access RoomMe Page: Test Cases/Web RoomMe.id/1. Homepage/1. Customer Access RoomMe Page

2020-06-01 02:05:45 - [TEST_STEP][PASSED] - openBrowser(url): Browser is opened with url: 'roomme.id'

2020-06-01 02:05:46 - [MESSAGE][INFO] - Starting 'Chrome' driver

2020-06-01 02:05:46 - [MESSAGE][INFO] - Action delay is set to 0 seconds

2020-06-01 02:06:09 - [MESSAGE][PASSED] - Browser is opened with url: 'roomme.id'

2020-06-01 02:06:09 - [TEST_STEP][PASSED] - maximizeWindow(): Current window maximized

2020-06-01 02:06:12 - [MESSAGE][PASSED] - Current window maximized

2020-06-01 02:06:12 - [TEST_STEP][PASSED] - waitForPageLoad(0): Wait for page load successfully

2020-06-01 02:06:12 - [MESSAGE][WARNING] - Timeout '0' is invalid. Using default page load timeout: '60'

2020-06-01 02:06:12 - [MESSAGE][PASSED] - Wait for page load successfully

2020-06-01 02:06:12 - [MESSAGE][PASSED] - Call Test Case 'Test Cases/Web RoomMe.id/1. Homepage/1. Customer Access RoomMe Page' successfully

2020-06-01 02:06:12 - [TEST_STEP][PASSED] - verifyElementVisible(findTestObject("Web RoomMe.id/RoomMe.id Footer/Button About Us")): Object 'Object Repository/Web RoomMe.id/RoomMe.id Footer/Button About Us' is visible

2020-06-01 02:06:12 - [MESSAGE][PASSED] - Object 'Object Repository/Web RoomMe.id/RoomMe.id Footer/Button About Us' is visible

2020-06-01 02:06:12 - [TEST_STEP][PASSED] - click(findTestObject("Web RoomMe.id/RoomMe.id Footer/Button About Us")): Object: 'Object Repository/Web RoomMe.id/RoomMe.id Footer/Button About Us' is clicked on

2020-06-01 02:06:16 - [MESSAGE][PASSED] - Object: 'Object Repository/Web RoomMe.id/RoomMe.id Footer/Button About Us' is clicked on

2020-06-01 02:06:16 - [TEST_STEP][NOT_RUN] - callTestCase(findTestCase("Web RoomMe.id/1. Homepage/2. Verify Header RoomMe.id"), [:], STOP_ON_FAILURE): NOT_RUN: callTestCase(findTestCase("Web RoomMe.id/1. Homepage/2. Verify Header RoomMe.id"), [:], STOP_ON_FAILURE)

2020-06-01 02:06:16 - [MESSAGE][NOT_RUN] - NOT_RUN: callTestCase(findTestCase("Web RoomMe.id/1. Homepage/2. Verify Header RoomMe.id"), [:], STOP_ON_FAILURE)

2020-06-01 02:06:16 - [TEST_STEP][PASSED] - callTestCase(findTestCase("Web RoomMe.id/5. About RoomMe/Verify About Us Page"), [:], STOP_ON_FAILURE): Call Test Case 'Test Cases/Web RoomMe.id/5. About RoomMe/Verify About Us Page' successfully

2020-06-01 02:06:16 - [TEST_CASE][PASSED] - Test Cases/Web RoomMe.id/5. About RoomMe/Verify About Us Page: Test Cases/Web RoomMe.id/5. About RoomMe/Verify About Us Page

2020-06-01 02:06:16 - [TEST_STEP][PASSED] - objectSubFolder = "Web RoomMe.id\RoomMe.id About Us Page\": null

2020-06-01 02:06:16 - [TEST_STEP][PASSED] - pathToObjRep = getProjectDir() + "\Object Repository\" + objectSubFolder: null

2020-06-01 02:06:16 - [TEST_STEP][PASSED] - yourObjects = new java.io.File(pathToObjRep): null

2020-06-01 02:06:16 - [TEST_STEP][PASSED] - fileNames = yourObjects.list(): null

2020-06-01 02:06:16 - [TEST_STEP][PASSED] - testObjects = new java.util.ArrayList(): null

2020-06-01 02:06:16 - [TEST_STEP][PASSED] - for ([i = 0, i < length, (i++)]): null

2020-06-01 02:06:16 - [TEST_STEP][PASSED] - if (fileNames[i].contains(".rs")): null

2020-06-01 02:06:16 - [TEST_STEP][PASSED] - if (fileNames[i].contains(".rs")): null

2020-06-01 02:06:16 - [TEST_STEP][PASSED] - fileNames[i] = fileNames[i].replace(".rs", ""): null

2020-06-01 02:06:16 - [TEST_STEP][PASSED] - testObjects.add(objectSubFolder + fileNames[i]): null

2020-06-01 02:06:16 - [TEST_STEP][PASSED] - if (fileNames[i].contains(".rs")): null

2020-06-01 02:06:16 - [TEST_STEP][PASSED] - fileNames[i] = fileNames[i].replace(".rs", ""): null

2020-06-01 02:06:16 - [TEST_STEP][PASSED] - testObjects.add(objectSubFolder + fileNames[i]): null

2020-06-01 02:06:16 - [TEST_STEP][PASSED] - if (fileNames[i].contains(".rs")): null

2020-06-01 02:06:16 - [TEST_STEP][PASSED] - fileNames[i] = fileNames[i].replace(".rs", ""): null

2020-06-01 02:06:16 - [TEST_STEP][PASSED] - testObjects.add(objectSubFolder + fileNames[i]): null

2020-06-01 02:06:16 - [TEST_STEP][PASSED] - if (fileNames[i].contains(".rs")): null

2020-06-01 02:06:16 - [TEST_STEP][PASSED] - fileNames[i] = fileNames[i].replace(".rs", ""): null

2020-06-01 02:06:16 - [TEST_STEP][PASSED] - testObjects.add(objectSubFolder + fileNames[i]): null

2020-06-01 02:06:16 - [TEST_STEP][PASSED] - if (fileNames[i].contains(".rs")): null

2020-06-01 02:06:16 - [TEST_STEP][PASSED] - fileNames[i] = fileNames[i].replace(".rs", ""): null

2020-06-01 02:06:16 - [TEST_STEP][PASSED] - testObjects.add(objectSubFolder + fileNames[i]): null

2020-06-01 02:06:16 - [TEST_STEP][PASSED] - if (fileNames[i].contains(".rs")): null

2020-06-01 02:06:16 - [TEST_STEP][PASSED] - fileNames[i] = fileNames[i].replace(".rs", ""): null

2020-06-01 02:06:16 - [TEST_STEP][PASSED] - testObjects.add(objectSubFolder + fileNames[i]): null

2020-06-01 02:06:16 - [TEST_STEP][PASSED] - if (fileNames[i].contains(".rs")): null

2020-06-01 02:06:16 - [TEST_STEP][PASSED] - fileNames[i] = fileNames[i].replace(".rs", ""): null

2020-06-01 02:06:16 - [TEST_STEP][PASSED] - testObjects.add(objectSubFolder + fileNames[i]): null

2020-06-01 02:06:16 - [TEST_STEP][PASSED] - if (fileNames[i].contains(".rs")): null

2020-06-01 02:06:16 - [TEST_STEP][PASSED] - fileNames[i] = fileNames[i].replace(".rs", ""): null

2020-06-01 02:06:16 - [TEST_STEP][PASSED] - testObjects.add(objectSubFolder + fileNames[i]): null

2020-06-01 02:06:16 - [TEST_STEP][PASSED] - if (fileNames[i].contains(".rs")): null

2020-06-01 02:06:16 - [TEST_STEP][PASSED] - fileNames[i] = fileNames[i].replace(".rs", ""): null

2020-06-01 02:06:16 - [TEST_STEP][PASSED] - testObjects.add(objectSubFolder + fileNames[i]): null

2020-06-01 02:06:16 - [TEST_STEP][PASSED] - if (fileNames[i].contains(".rs")): null

2020-06-01 02:06:16 - [TEST_STEP][PASSED] - fileNames[i] = fileNames[i].replace(".rs", ""): null

2020-06-01 02:06:16 - [TEST_STEP][PASSED] - testObjects.add(objectSubFolder + fileNames[i]): null

2020-06-01 02:06:16 - [TEST_STEP][PASSED] - if (fileNames[i].contains(".rs")): null

2020-06-01 02:06:16 - [TEST_STEP][PASSED] - fileNames[i] = fileNames[i].replace(".rs", ""): null

2020-06-01 02:06:16 - [TEST_STEP][PASSED] - testObjects.add(objectSubFolder + fileNames[i]): null

2020-06-01 02:06:16 - [TEST_STEP][PASSED] - if (fileNames[i].contains(".rs")): null

2020-06-01 02:06:16 - [TEST_STEP][PASSED] - fileNames[i] = fileNames[i].replace(".rs", ""): null

2020-06-01 02:06:16 - [TEST_STEP][PASSED] - testObjects.add(objectSubFolder + fileNames[i]): null

2020-06-01 02:06:16 - [TEST_STEP][PASSED] - if (fileNames[i].contains(".rs")): null

2020-06-01 02:06:16 - [TEST_STEP][PASSED] - fileNames[i] = fileNames[i].replace(".rs", ""): null

2020-06-01 02:06:16 - [TEST_STEP][PASSED] - testObjects.add(objectSubFolder + fileNames[i]): null

2020-06-01 02:06:16 - [TEST_STEP][PASSED] - if (fileNames[i].contains(".rs")): null

2020-06-01 02:06:16 - [TEST_STEP][PASSED] - fileNames[i] = fileNames[i].replace(".rs", ""): null

2020-06-01 02:06:16 - [TEST_STEP][PASSED] - testObjects.add(objectSubFolder + fileNames[i]): null

2020-06-01 02:06:16 - [TEST_STEP][PASSED] - if (fileNames[i].contains(".rs")): null

2020-06-01 02:06:16 - [TEST_STEP][PASSED] - fileNames[i] = fileNames[i].replace(".rs", ""): null

2020-06-01 02:06:16 - [TEST_STEP][PASSED] - testObjects.add(objectSubFolder + fileNames[i]): null

2020-06-01 02:06:16 - [TEST_STEP][PASSED] - for (String obj : testObjects): Object 'Object Repository/Web RoomMe.id\RoomMe.id About Us Page\Text Title About Us' is visible

2020-06-01 02:06:16 - [TEST_STEP][PASSED] - verifyElementVisible(findTestObject(obj)): Object 'Object Repository/Web RoomMe.id\RoomMe.id About Us Page\Image About Us New' is visible

2020-06-01 02:06:18 - [MESSAGE][PASSED] - Object 'Object Repository/Web RoomMe.id\RoomMe.id About Us Page\Image About Us New' is visible

2020-06-01 02:06:18 - [TEST_STEP][PASSED] - verifyElementVisible(findTestObject(obj)): Object 'Object Repository/Web RoomMe.id\RoomMe.id About Us Page\Image About Us_icon-quotes atas' is visible

2020-06-01 02:06:18 - [MESSAGE][PASSED] - Object 'Object Repository/Web RoomMe.id\RoomMe.id About Us Page\Image About Us_icon-quotes atas' is visible

2020-06-01 02:06:18 - [TEST_STEP][PASSED] - verifyElementVisible(findTestObject(obj)): Object 'Object Repository/Web RoomMe.id\RoomMe.id About Us Page\Image Facilities' is visible

2020-06-01 02:06:18 - [MESSAGE][PASSED] - Object 'Object Repository/Web RoomMe.id\RoomMe.id About Us Page\Image Facilities' is visible

2020-06-01 02:06:18 - [TEST_STEP][PASSED] - verifyElementVisible(findTestObject(obj)): Object 'Object Repository/Web RoomMe.id\RoomMe.id About Us Page\Image Foto CEO' is visible

2020-06-01 02:06:19 - [MESSAGE][PASSED] - Object 'Object Repository/Web RoomMe.id\RoomMe.id About Us Page\Image Foto CEO' is visible

2020-06-01 02:06:19 - [TEST_STEP][PASSED] - verifyElementVisible(findTestObject(obj)): Object 'Object Repository/Web RoomMe.id\RoomMe.id About Us Page\Image Life at RoomMe is more than just a room rental it is a new living experience_icon-quotes bawah' is visible

2020-06-01 02:06:19 - [MESSAGE][PASSED] - Object 'Object Repository/Web RoomMe.id\RoomMe.id About Us Page\Image Life at RoomMe is more than just a room rental it is a new living experience_icon-quotes bawah' is visible

2020-06-01 02:06:19 - [TEST_STEP][PASSED] - verifyElementVisible(findTestObject(obj)): Object 'Object Repository/Web RoomMe.id\RoomMe.id About Us Page\Text Chief Executive Officer (CEO)' is visible

2020-06-01 02:06:19 - [MESSAGE][PASSED] - Object 'Object Repository/Web RoomMe.id\RoomMe.id About Us Page\Text Chief Executive Officer (CEO)' is visible

2020-06-01 02:06:19 - [TEST_STEP][PASSED] - verifyElementVisible(findTestObject(obj)): Object 'Object Repository/Web RoomMe.id\RoomMe.id About Us Page\Text Content 1' is visible

2020-06-01 02:06:20 - [MESSAGE][PASSED] - Object 'Object Repository/Web RoomMe.id\RoomMe.id About Us Page\Text Content 1' is visible

2020-06-01 02:06:20 - [TEST_STEP][PASSED] - verifyElementVisible(findTestObject(obj)): Object 'Object Repository/Web RoomMe.id\RoomMe.id About Us Page\Text Content 2' is visible

2020-06-01 02:06:20 - [MESSAGE][PASSED] - Object 'Object Repository/Web RoomMe.id\RoomMe.id About Us Page\Text Content 2' is visible

2020-06-01 02:06:20 - [TEST_STEP][PASSED] - verifyElementVisible(findTestObject(obj)): Object 'Object Repository/Web RoomMe.id\RoomMe.id About Us Page\Text Content 3' is visible

2020-06-01 02:06:21 - [MESSAGE][PASSED] - Object 'Object Repository/Web RoomMe.id\RoomMe.id About Us Page\Text Content 3' is visible

2020-06-01 02:06:21 - [TEST_STEP][PASSED] - verifyElementVisible(findTestObject(obj)): Object 'Object Repository/Web RoomMe.id\RoomMe.id About Us Page\Text Content 4 (1)' is visible

2020-06-01 02:06:21 - [MESSAGE][PASSED] - Object 'Object Repository/Web RoomMe.id\RoomMe.id About Us Page\Text Content 4 (1)' is visible

2020-06-01 02:06:21 - [TEST_STEP][PASSED] - verifyElementVisible(findTestObject(obj)): Object 'Object Repository/Web RoomMe.id\RoomMe.id About Us Page\Text Content 4' is visible

2020-06-01 02:06:21 - [MESSAGE][PASSED] - Object 'Object Repository/Web RoomMe.id\RoomMe.id About Us Page\Text Content 4' is visible

2020-06-01 02:06:21 - [TEST_STEP][PASSED] - verifyElementVisible(findTestObject(obj)): Object 'Object Repository/Web RoomMe.id\RoomMe.id About Us Page\Text Content 5' is visible

2020-06-01 02:06:22 - [MESSAGE][PASSED] - Object 'Object Repository/Web RoomMe.id\RoomMe.id About Us Page\Text Content 5' is visible

2020-06-01 02:06:22 - [TEST_STEP][PASSED] - verifyElementVisible(findTestObject(obj)): Object 'Object Repository/Web RoomMe.id\RoomMe.id About Us Page\Text Content 6' is visible

2020-06-01 02:06:22 - [MESSAGE][PASSED] - Object 'Object Repository/Web RoomMe.id\RoomMe.id About Us Page\Text Content 6' is visible

2020-06-01 02:06:22 - [TEST_STEP][PASSED] - verifyElementVisible(findTestObject(obj)): Object 'Object Repository/Web RoomMe.id\RoomMe.id About Us Page\Text Life at RoomMe is more than just a room rental it is a new living experience' is visible

2020-06-01 02:06:23 - [MESSAGE][PASSED] - Object 'Object Repository/Web RoomMe.id\RoomMe.id About Us Page\Text Life at RoomMe is more than just a room rental it is a new living experience' is visible

2020-06-01 02:06:23 - [TEST_STEP][PASSED] - verifyElementVisible(findTestObject(obj)): Object 'Object Repository/Web RoomMe.id\RoomMe.id About Us Page\Text Title About Us' is visible

2020-06-01 02:06:23 - [MESSAGE][PASSED] - Object 'Object Repository/Web RoomMe.id\RoomMe.id About Us Page\Text Title About Us' is visible

2020-06-01 02:06:23 - [MESSAGE][PASSED] - Call Test Case 'Test Cases/Web RoomMe.id/5. About RoomMe/Verify About Us Page' successfully

2020-06-01 02:06:23 - [TEST_STEP][NOT_RUN] - callTestCase(findTestCase("Web RoomMe.id/1. Homepage/7. Verify Footer RoomMe.id"), [:], STOP_ON_FAILURE): NOT_RUN: callTestCase(findTestCase("Web RoomMe.id/1. Homepage/7. Verify Footer RoomMe.id"), [:], STOP_ON_FAILURE)

2020-06-01 02:06:23 - [MESSAGE][NOT_RUN] - NOT_RUN: callTestCase(findTestCase("Web RoomMe.id/1. Homepage/7. Verify Footer RoomMe.id"), [:], STOP_ON_FAILURE)]]></system-out>
         <system-err><![CDATA[]]></system-err>
      </testcase>
      <testcase name="Test Cases/Web RoomMe.id/5. About RoomMe/2. Customer Access Contact Us Page" time="26.389" classname="Test Cases/Web RoomMe.id/5. About RoomMe/2. Customer Access Contact Us Page" status="PASSED">
         <system-out><![CDATA[2020-06-01 02:06:23 - [TEST_CASE][PASSED] - Test Cases/Web RoomMe.id/5. About RoomMe/2. Customer Access Contact Us Page: Test Cases/Web RoomMe.id/5. About RoomMe/2. Customer Access Contact Us Page

2020-06-01 02:06:23 - [TEST_STEP][PASSED] - callTestCase(findTestCase("Web RoomMe.id/1. Homepage/1. Customer Access RoomMe Page"), [:], STOP_ON_FAILURE): Call Test Case 'Test Cases/Web RoomMe.id/1. Homepage/1. Customer Access RoomMe Page' successfully

2020-06-01 02:06:23 - [TEST_CASE][PASSED] - Test Cases/Web RoomMe.id/1. Homepage/1. Customer Access RoomMe Page: Test Cases/Web RoomMe.id/1. Homepage/1. Customer Access RoomMe Page

2020-06-01 02:06:23 - [TEST_STEP][PASSED] - openBrowser(url): Browser is opened with url: 'roomme.id'

2020-06-01 02:06:23 - [MESSAGE][WARNING] - A browser is already opened. Closing browser and opening a new one

2020-06-01 02:06:24 - [MESSAGE][INFO] - Starting 'Chrome' driver

2020-06-01 02:06:34 - [MESSAGE][PASSED] - Browser is opened with url: 'roomme.id'

2020-06-01 02:06:34 - [TEST_STEP][PASSED] - maximizeWindow(): Current window maximized

2020-06-01 02:06:37 - [MESSAGE][PASSED] - Current window maximized

2020-06-01 02:06:37 - [TEST_STEP][PASSED] - waitForPageLoad(0): Wait for page load successfully

2020-06-01 02:06:37 - [MESSAGE][WARNING] - Timeout '0' is invalid. Using default page load timeout: '60'

2020-06-01 02:06:38 - [MESSAGE][PASSED] - Wait for page load successfully

2020-06-01 02:06:38 - [MESSAGE][PASSED] - Call Test Case 'Test Cases/Web RoomMe.id/1. Homepage/1. Customer Access RoomMe Page' successfully

2020-06-01 02:06:38 - [TEST_STEP][PASSED] - verifyElementVisible(findTestObject("Web RoomMe.id/RoomMe.id Footer/Button Contact Us")): Object 'Object Repository/Web RoomMe.id/RoomMe.id Footer/Button Contact Us' is visible

2020-06-01 02:06:39 - [MESSAGE][PASSED] - Object 'Object Repository/Web RoomMe.id/RoomMe.id Footer/Button Contact Us' is visible

2020-06-01 02:06:39 - [TEST_STEP][PASSED] - click(findTestObject("Web RoomMe.id/RoomMe.id Footer/Button Contact Us")): Object: 'Object Repository/Web RoomMe.id/RoomMe.id Footer/Button Contact Us' is clicked on

2020-06-01 02:06:42 - [MESSAGE][PASSED] - Object: 'Object Repository/Web RoomMe.id/RoomMe.id Footer/Button Contact Us' is clicked on

2020-06-01 02:06:42 - [TEST_STEP][NOT_RUN] - callTestCase(findTestCase("Web RoomMe.id/1. Homepage/2. Verify Header RoomMe.id"), [:], STOP_ON_FAILURE): NOT_RUN: callTestCase(findTestCase("Web RoomMe.id/1. Homepage/2. Verify Header RoomMe.id"), [:], STOP_ON_FAILURE)

2020-06-01 02:06:42 - [MESSAGE][NOT_RUN] - NOT_RUN: callTestCase(findTestCase("Web RoomMe.id/1. Homepage/2. Verify Header RoomMe.id"), [:], STOP_ON_FAILURE)

2020-06-01 02:06:42 - [TEST_STEP][PASSED] - callTestCase(findTestCase("Web RoomMe.id/5. About RoomMe/Verify Contact Us Page"), [:], STOP_ON_FAILURE): Call Test Case 'Test Cases/Web RoomMe.id/5. About RoomMe/Verify Contact Us Page' successfully

2020-06-01 02:06:42 - [TEST_CASE][PASSED] - Test Cases/Web RoomMe.id/5. About RoomMe/Verify Contact Us Page: Test Cases/Web RoomMe.id/5. About RoomMe/Verify Contact Us Page

2020-06-01 02:06:43 - [TEST_STEP][PASSED] - objectSubFolder = "Web RoomMe.id\RoomMe.id Contact Us Page\": null

2020-06-01 02:06:43 - [TEST_STEP][PASSED] - pathToObjRep = getProjectDir() + "\Object Repository\" + objectSubFolder: null

2020-06-01 02:06:43 - [TEST_STEP][PASSED] - yourObjects = new java.io.File(pathToObjRep): null

2020-06-01 02:06:43 - [TEST_STEP][PASSED] - fileNames = yourObjects.list(): null

2020-06-01 02:06:43 - [TEST_STEP][PASSED] - testObjects = new java.util.ArrayList(): null

2020-06-01 02:06:43 - [TEST_STEP][PASSED] - for ([i = 0, i < length, (i++)]): null

2020-06-01 02:06:43 - [TEST_STEP][PASSED] - if (fileNames[i].contains(".rs")): null

2020-06-01 02:06:43 - [TEST_STEP][PASSED] - if (fileNames[i].contains(".rs")): null

2020-06-01 02:06:43 - [TEST_STEP][PASSED] - fileNames[i] = fileNames[i].replace(".rs", ""): null

2020-06-01 02:06:43 - [TEST_STEP][PASSED] - testObjects.add(objectSubFolder + fileNames[i]): null

2020-06-01 02:06:43 - [TEST_STEP][PASSED] - if (fileNames[i].contains(".rs")): null

2020-06-01 02:06:43 - [TEST_STEP][PASSED] - fileNames[i] = fileNames[i].replace(".rs", ""): null

2020-06-01 02:06:43 - [TEST_STEP][PASSED] - testObjects.add(objectSubFolder + fileNames[i]): null

2020-06-01 02:06:43 - [TEST_STEP][PASSED] - if (fileNames[i].contains(".rs")): null

2020-06-01 02:06:43 - [TEST_STEP][PASSED] - fileNames[i] = fileNames[i].replace(".rs", ""): null

2020-06-01 02:06:43 - [TEST_STEP][PASSED] - testObjects.add(objectSubFolder + fileNames[i]): null

2020-06-01 02:06:43 - [TEST_STEP][PASSED] - if (fileNames[i].contains(".rs")): null

2020-06-01 02:06:43 - [TEST_STEP][PASSED] - fileNames[i] = fileNames[i].replace(".rs", ""): null

2020-06-01 02:06:43 - [TEST_STEP][PASSED] - testObjects.add(objectSubFolder + fileNames[i]): null

2020-06-01 02:06:43 - [TEST_STEP][PASSED] - if (fileNames[i].contains(".rs")): null

2020-06-01 02:06:43 - [TEST_STEP][PASSED] - fileNames[i] = fileNames[i].replace(".rs", ""): null

2020-06-01 02:06:43 - [TEST_STEP][PASSED] - testObjects.add(objectSubFolder + fileNames[i]): null

2020-06-01 02:06:43 - [TEST_STEP][PASSED] - if (fileNames[i].contains(".rs")): null

2020-06-01 02:06:43 - [TEST_STEP][PASSED] - fileNames[i] = fileNames[i].replace(".rs", ""): null

2020-06-01 02:06:43 - [TEST_STEP][PASSED] - testObjects.add(objectSubFolder + fileNames[i]): null

2020-06-01 02:06:43 - [TEST_STEP][PASSED] - if (fileNames[i].contains(".rs")): null

2020-06-01 02:06:43 - [TEST_STEP][PASSED] - fileNames[i] = fileNames[i].replace(".rs", ""): null

2020-06-01 02:06:43 - [TEST_STEP][PASSED] - testObjects.add(objectSubFolder + fileNames[i]): null

2020-06-01 02:06:43 - [TEST_STEP][PASSED] - if (fileNames[i].contains(".rs")): null

2020-06-01 02:06:43 - [TEST_STEP][PASSED] - fileNames[i] = fileNames[i].replace(".rs", ""): null

2020-06-01 02:06:43 - [TEST_STEP][PASSED] - testObjects.add(objectSubFolder + fileNames[i]): null

2020-06-01 02:06:43 - [TEST_STEP][PASSED] - if (fileNames[i].contains(".rs")): null

2020-06-01 02:06:43 - [TEST_STEP][PASSED] - fileNames[i] = fileNames[i].replace(".rs", ""): null

2020-06-01 02:06:43 - [TEST_STEP][PASSED] - testObjects.add(objectSubFolder + fileNames[i]): null

2020-06-01 02:06:43 - [TEST_STEP][PASSED] - if (fileNames[i].contains(".rs")): null

2020-06-01 02:06:43 - [TEST_STEP][PASSED] - fileNames[i] = fileNames[i].replace(".rs", ""): null

2020-06-01 02:06:43 - [TEST_STEP][PASSED] - testObjects.add(objectSubFolder + fileNames[i]): null

2020-06-01 02:06:43 - [TEST_STEP][PASSED] - if (fileNames[i].contains(".rs")): null

2020-06-01 02:06:43 - [TEST_STEP][PASSED] - fileNames[i] = fileNames[i].replace(".rs", ""): null

2020-06-01 02:06:43 - [TEST_STEP][PASSED] - testObjects.add(objectSubFolder + fileNames[i]): null

2020-06-01 02:06:43 - [TEST_STEP][PASSED] - for (String obj : testObjects): Object 'Object Repository/Web RoomMe.id\RoomMe.id Contact Us Page\Text RoomMe Location Content' is visible

2020-06-01 02:06:43 - [TEST_STEP][PASSED] - verifyElementVisible(findTestObject(obj)): Object 'Object Repository/Web RoomMe.id\RoomMe.id Contact Us Page\Button Attach File' is visible

2020-06-01 02:06:43 - [MESSAGE][PASSED] - Object 'Object Repository/Web RoomMe.id\RoomMe.id Contact Us Page\Button Attach File' is visible

2020-06-01 02:06:43 - [TEST_STEP][PASSED] - verifyElementVisible(findTestObject(obj)): Object 'Object Repository/Web RoomMe.id\RoomMe.id Contact Us Page\Button Submit' is visible

2020-06-01 02:06:43 - [MESSAGE][PASSED] - Object 'Object Repository/Web RoomMe.id\RoomMe.id Contact Us Page\Button Submit' is visible

2020-06-01 02:06:43 - [TEST_STEP][PASSED] - verifyElementVisible(findTestObject(obj)): Object 'Object Repository/Web RoomMe.id\RoomMe.id Contact Us Page\Checkbox I Have my RoomMe Booking ID' is visible

2020-06-01 02:06:44 - [MESSAGE][PASSED] - Object 'Object Repository/Web RoomMe.id\RoomMe.id Contact Us Page\Checkbox I Have my RoomMe Booking ID' is visible

2020-06-01 02:06:44 - [TEST_STEP][PASSED] - verifyElementVisible(findTestObject(obj)): Object 'Object Repository/Web RoomMe.id\RoomMe.id Contact Us Page\Image Contact Us' is visible

2020-06-01 02:06:45 - [MESSAGE][PASSED] - Object 'Object Repository/Web RoomMe.id\RoomMe.id Contact Us Page\Image Contact Us' is visible

2020-06-01 02:06:45 - [TEST_STEP][PASSED] - verifyElementVisible(findTestObject(obj)): Object 'Object Repository/Web RoomMe.id\RoomMe.id Contact Us Page\Input Customer Name' is visible

2020-06-01 02:06:45 - [MESSAGE][PASSED] - Object 'Object Repository/Web RoomMe.id\RoomMe.id Contact Us Page\Input Customer Name' is visible

2020-06-01 02:06:45 - [TEST_STEP][PASSED] - verifyElementVisible(findTestObject(obj)): Object 'Object Repository/Web RoomMe.id\RoomMe.id Contact Us Page\Input Email' is visible

2020-06-01 02:06:45 - [MESSAGE][PASSED] - Object 'Object Repository/Web RoomMe.id\RoomMe.id Contact Us Page\Input Email' is visible

2020-06-01 02:06:45 - [TEST_STEP][PASSED] - verifyElementVisible(findTestObject(obj)): Object 'Object Repository/Web RoomMe.id\RoomMe.id Contact Us Page\Input Message' is visible

2020-06-01 02:06:45 - [MESSAGE][PASSED] - Object 'Object Repository/Web RoomMe.id\RoomMe.id Contact Us Page\Input Message' is visible

2020-06-01 02:06:45 - [TEST_STEP][PASSED] - verifyElementVisible(findTestObject(obj)): Object 'Object Repository/Web RoomMe.id\RoomMe.id Contact Us Page\Text Get In Touch Content' is visible

2020-06-01 02:06:47 - [MESSAGE][PASSED] - Object 'Object Repository/Web RoomMe.id\RoomMe.id Contact Us Page\Text Get In Touch Content' is visible

2020-06-01 02:06:47 - [TEST_STEP][PASSED] - verifyElementVisible(findTestObject(obj)): Object 'Object Repository/Web RoomMe.id\RoomMe.id Contact Us Page\Text Get In Touch with Us' is visible

2020-06-01 02:06:47 - [MESSAGE][PASSED] - Object 'Object Repository/Web RoomMe.id\RoomMe.id Contact Us Page\Text Get In Touch with Us' is visible

2020-06-01 02:06:47 - [TEST_STEP][PASSED] - verifyElementVisible(findTestObject(obj)): Object 'Object Repository/Web RoomMe.id\RoomMe.id Contact Us Page\Text Head Office' is visible

2020-06-01 02:06:48 - [MESSAGE][PASSED] - Object 'Object Repository/Web RoomMe.id\RoomMe.id Contact Us Page\Text Head Office' is visible

2020-06-01 02:06:48 - [TEST_STEP][PASSED] - verifyElementVisible(findTestObject(obj)): Object 'Object Repository/Web RoomMe.id\RoomMe.id Contact Us Page\Text RoomMe Location Content' is visible

2020-06-01 02:06:48 - [MESSAGE][PASSED] - Object 'Object Repository/Web RoomMe.id\RoomMe.id Contact Us Page\Text RoomMe Location Content' is visible

2020-06-01 02:06:48 - [MESSAGE][PASSED] - Call Test Case 'Test Cases/Web RoomMe.id/5. About RoomMe/Verify Contact Us Page' successfully

2020-06-01 02:06:48 - [TEST_STEP][NOT_RUN] - callTestCase(findTestCase("Web RoomMe.id/1. Homepage/7. Verify Footer RoomMe.id"), [:], STOP_ON_FAILURE): NOT_RUN: callTestCase(findTestCase("Web RoomMe.id/1. Homepage/7. Verify Footer RoomMe.id"), [:], STOP_ON_FAILURE)

2020-06-01 02:06:48 - [MESSAGE][NOT_RUN] - NOT_RUN: callTestCase(findTestCase("Web RoomMe.id/1. Homepage/7. Verify Footer RoomMe.id"), [:], STOP_ON_FAILURE)

2020-06-01 02:06:48 - [TEST_STEP][PASSED] - verifyElementText(findTestObject("Web RoomMe.id/RoomMe.id Contact Us Page/Text Get In Touch with Us"), "Get In Touch with Us"): Actual text and expected text of test object 'Object Repository/Web RoomMe.id/RoomMe.id Contact Us Page/Text Get In Touch with Us' are matched.

2020-06-01 02:06:48 - [MESSAGE][PASSED] - Actual text and expected text of test object 'Object Repository/Web RoomMe.id/RoomMe.id Contact Us Page/Text Get In Touch with Us' are matched.

2020-06-01 02:06:48 - [TEST_STEP][PASSED] - verifyElementText(findTestObject("Web RoomMe.id/RoomMe.id Contact Us Page/Text Head Office"), "Head Office"): Actual text and expected text of test object 'Object Repository/Web RoomMe.id/RoomMe.id Contact Us Page/Text Head Office' are matched.

2020-06-01 02:06:49 - [MESSAGE][PASSED] - Actual text and expected text of test object 'Object Repository/Web RoomMe.id/RoomMe.id Contact Us Page/Text Head Office' are matched.

2020-06-01 02:06:49 - [TEST_STEP][PASSED] - verifyElementText(findTestObject("Web RoomMe.id/RoomMe.id Contact Us Page/Text Get In Touch Content"), "If you have any questions, please get in touch with our friendly and knowledgable customer support team by filling out the form below."): Actual text and expected text of test object 'Object Repository/Web RoomMe.id/RoomMe.id Contact Us Page/Text Get In Touch Content' are matched.

2020-06-01 02:06:49 - [MESSAGE][PASSED] - Actual text and expected text of test object 'Object Repository/Web RoomMe.id/RoomMe.id Contact Us Page/Text Get In Touch Content' are matched.

2020-06-01 02:06:49 - [TEST_STEP][PASSED] - verifyElementText(findTestObject("Web RoomMe.id/RoomMe.id Contact Us Page/Text RoomMe Location Content"), "Jl. Tiang Bendera IV no 34 I-J, RT.7/RW.3, Roa Malaka, Kec. Tambora, Indonesia, DKI Jakarta 11230"): Actual text and expected text of test object 'Object Repository/Web RoomMe.id/RoomMe.id Contact Us Page/Text RoomMe Location Content' are matched.

2020-06-01 02:06:49 - [MESSAGE][PASSED] - Actual text and expected text of test object 'Object Repository/Web RoomMe.id/RoomMe.id Contact Us Page/Text RoomMe Location Content' are matched.]]></system-out>
         <system-err><![CDATA[]]></system-err>
      </testcase>
      <system-out><![CDATA[2020-06-01 02:05:44 - [TEST_SUITE][PASSED] - Customer Access About RooMe Page: Test Cases/Web RoomMe.id/5. About RoomMe/2. Customer Access Contact Us Page]]></system-out>
      <system-err><![CDATA[]]></system-err>
   </testsuite>
</testsuites>
