<?xml version="1.0" encoding="UTF-8"?>
<testsuites name="Customer Booking" time="652.175" tests="8" failures="3" errors="0">
   <testsuite name="Customer Booking" tests="8" failures="3" errors="0" time="652.175" timestamp="2020-03-13 20:26:09" hostname="Win 10 - LENNONOVO" id="Test Suites/Web RoomMe.id/Customer Booking">
      <properties>
         <property name="deviceName" value=""/>
         <property name="devicePlatform" value=""/>
         <property name="logFolder" value="C:\\Users\\Faldi\\Katalon Studio\\RoomMe\\Reports\\20200313_202606\\Web RoomMe.id\\Customer Booking\\20200313_202606"/>
         <property name="logFiles" value="C:\\Users\\Faldi\\Katalon Studio\\RoomMe\\Reports\\20200313_202606\\Web RoomMe.id\\Customer Booking\\20200313_202606\\execution0.log"/>
         <property name="attachments" value="C:\\Users\\Faldi\\Katalon Studio\\RoomMe\\Reports\\20200313_202606\\Web RoomMe.id\\Customer Booking\\20200313_202606\\Evidence/Login.png, C:\\Users\\Faldi\\Katalon Studio\\RoomMe\\Reports\\20200313_202606\\Web RoomMe.id\\Customer Booking\\20200313_202606\\Evidence/Login.png, C:\\Users\\Faldi\\Katalon Studio\\RoomMe\\Reports\\20200313_202606\\Web RoomMe.id\\Customer Booking\\20200313_202606\\Evidence/Login.png, C:\\Users\\Faldi\\Katalon Studio\\RoomMe\\Reports\\20200313_202606\\Web RoomMe.id\\Customer Booking\\20200313_202606\\Evidence/Login.png, C:\\Users\\Faldi\\Katalon Studio\\RoomMe\\Reports\\20200313_202606\\Web RoomMe.id\\Customer Booking\\20200313_202606\\Evidence/Login.png, C:\\Users\\Faldi\\Katalon Studio\\RoomMe\\Reports\\20200313_202606\\Web RoomMe.id\\Customer Booking\\20200313_202606\\Evidence/Login.png, C:\\Users\\Faldi\\Katalon Studio\\RoomMe\\Reports\\20200313_202606\\Web RoomMe.id\\Customer Booking\\20200313_202606\\1584106388424.png, C:\\Users\\Faldi\\Katalon Studio\\RoomMe\\Reports\\20200313_202606\\Web RoomMe.id\\Customer Booking\\20200313_202606\\1584106389029.png, C:\\Users\\Faldi\\Katalon Studio\\RoomMe\\Reports\\20200313_202606\\Web RoomMe.id\\Customer Booking\\20200313_202606\\Evidence/Login.png, C:\\Users\\Faldi\\Katalon Studio\\RoomMe\\Reports\\20200313_202606\\Web RoomMe.id\\Customer Booking\\20200313_202606\\1584106505512.png, C:\\Users\\Faldi\\Katalon Studio\\RoomMe\\Reports\\20200313_202606\\Web RoomMe.id\\Customer Booking\\20200313_202606\\1584106505986.png, C:\\Users\\Faldi\\Katalon Studio\\RoomMe\\Reports\\20200313_202606\\Web RoomMe.id\\Customer Booking\\20200313_202606\\Evidence/Login.png, C:\\Users\\Faldi\\Katalon Studio\\RoomMe\\Reports\\20200313_202606\\Web RoomMe.id\\Customer Booking\\20200313_202606\\1584106618688.png, C:\\Users\\Faldi\\Katalon Studio\\RoomMe\\Reports\\20200313_202606\\Web RoomMe.id\\Customer Booking\\20200313_202606\\1584106619286.png"/>
         <property name="hostName" value="Win 10 - LENNONOVO"/>
         <property name="os" value="Windows 10 64bit"/>
         <property name="katalonVersion" value="null.null"/>
         <property name="browser" value="Chrome 80.0.3987.132"/>
         <property name="hostAddress" value="192.168.1.15"/>
         <property name="sessionId" value="c95ac59a55d05c441e4e343cfa3cd750"/>
         <property name="seleniumVersion" value="3.141.59"/>
         <property name="proxyInformation" value="ProxyInformation{proxyOption=NO_PROXY, proxyServerType=HTTP, password=, proxyServerAddress=, proxyServerPort=0, executionList=}"/>
         <property name="platform" value="Windows 10"/>
      </properties>
      <testcase name="Test Cases/Web RoomMe.id/Customer Login" time="44.094" classname="Test Cases/Web RoomMe.id/Customer Login" status="PASSED">
         <system-out><![CDATA[2020-03-13 20:26:09 - [TEST_CASE][PASSED] - Test Cases/Web RoomMe.id/Customer Login: Test Cases/Web RoomMe.id/Customer Login

2020-03-13 20:26:10 - [TEST_STEP][PASSED] - callTestCase(findTestCase("Web RoomMe.id/Customer Access RoomMe Page"), [:], STOP_ON_FAILURE): Call Test Case 'Test Cases/Web RoomMe.id/Customer Access RoomMe Page' successfully

2020-03-13 20:26:10 - [TEST_CASE][PASSED] - Test Cases/Web RoomMe.id/Customer Access RoomMe Page: Test Cases/Web RoomMe.id/Customer Access RoomMe Page

2020-03-13 20:26:11 - [TEST_STEP][PASSED] - openBrowser(""): Browser is opened with url: ''

2020-03-13 20:26:11 - [MESSAGE][INFO] - Starting 'Chrome' driver

2020-03-13 20:26:11 - [MESSAGE][INFO] - Action delay is set to 0 seconds

2020-03-13 20:26:19 - [MESSAGE][PASSED] - Browser is opened with url: ''

2020-03-13 20:26:19 - [TEST_STEP][PASSED] - navigateToUrl("https://web.roomme.id/"): Navigate to 'https://web.roomme.id/' successfully

2020-03-13 20:26:39 - [MESSAGE][PASSED] - Navigate to 'https://web.roomme.id/' successfully

2020-03-13 20:26:39 - [TEST_STEP][PASSED] - maximizeWindow(): Current window maximized

2020-03-13 20:26:44 - [MESSAGE][PASSED] - Current window maximized

2020-03-13 20:26:44 - [MESSAGE][PASSED] - Call Test Case 'Test Cases/Web RoomMe.id/Customer Access RoomMe Page' successfully

2020-03-13 20:26:44 - [TEST_STEP][PASSED] - click(findTestObject("Web RoomMe.id/RoomMe.id Homepage/Button Sign In")): Object: 'Object Repository/Web RoomMe.id/RoomMe.id Homepage/Button Sign In' is clicked on

2020-03-13 20:26:44 - [MESSAGE][PASSED] - Object: 'Object Repository/Web RoomMe.id/RoomMe.id Homepage/Button Sign In' is clicked on

2020-03-13 20:26:44 - [TEST_STEP][PASSED] - verifyElementVisible(findTestObject("Web RoomMe.id/Sign In Menu/Textfield Email")): Object 'Object Repository/Web RoomMe.id/Sign In Menu/Textfield Email' is visible

2020-03-13 20:26:45 - [MESSAGE][PASSED] - Object 'Object Repository/Web RoomMe.id/Sign In Menu/Textfield Email' is visible

2020-03-13 20:26:45 - [TEST_STEP][PASSED] - verifyElementVisible(findTestObject("Web RoomMe.id/Sign In Menu/Textfield Password")): Object 'Object Repository/Web RoomMe.id/Sign In Menu/Textfield Password' is visible

2020-03-13 20:26:45 - [MESSAGE][PASSED] - Object 'Object Repository/Web RoomMe.id/Sign In Menu/Textfield Password' is visible

2020-03-13 20:26:45 - [TEST_STEP][PASSED] - verifyElementVisible(findTestObject("Web RoomMe.id/RoomMe.id Homepage/Button Sign In")): Object 'Object Repository/Web RoomMe.id/RoomMe.id Homepage/Button Sign In' is visible

2020-03-13 20:26:46 - [MESSAGE][PASSED] - Object 'Object Repository/Web RoomMe.id/RoomMe.id Homepage/Button Sign In' is visible

2020-03-13 20:26:46 - [TEST_STEP][PASSED] - verifyElementVisible(findTestObject("Web RoomMe.id/Sign In Menu/Button Forgot Password")): Object 'Object Repository/Web RoomMe.id/Sign In Menu/Button Forgot Password' is visible

2020-03-13 20:26:46 - [MESSAGE][PASSED] - Object 'Object Repository/Web RoomMe.id/Sign In Menu/Button Forgot Password' is visible

2020-03-13 20:26:46 - [TEST_STEP][PASSED] - setText(findTestObject("Web RoomMe.id/Sign In Menu/Textfield Email"), "faldinv68@gmail.com"): Text 'faldinv68@gmail.com' is set on object 'Object Repository/Web RoomMe.id/Sign In Menu/Textfield Email'

2020-03-13 20:26:47 - [MESSAGE][PASSED] - Text 'faldinv68@gmail.com' is set on object 'Object Repository/Web RoomMe.id/Sign In Menu/Textfield Email'

2020-03-13 20:26:47 - [TEST_STEP][PASSED] - setEncryptedText(findTestObject("Web RoomMe.id/Sign In Menu/Textfield Password"), "aeHFOx8jV/A="): Text ****** has been set on object 'Object Repository/Web RoomMe.id/Sign In Menu/Textfield Password'

2020-03-13 20:26:48 - [MESSAGE][PASSED] - Text ****** has been set on object 'Object Repository/Web RoomMe.id/Sign In Menu/Textfield Password'

2020-03-13 20:26:48 - [TEST_STEP][PASSED] - click(findTestObject("Web RoomMe.id/Sign In Menu/Button Sign In")): Object: 'Object Repository/Web RoomMe.id/Sign In Menu/Button Sign In' is clicked on

2020-03-13 20:26:49 - [MESSAGE][PASSED] - Object: 'Object Repository/Web RoomMe.id/Sign In Menu/Button Sign In' is clicked on

2020-03-13 20:26:49 - [TEST_STEP][PASSED] - verifyElementVisible(findTestObject("Web RoomMe.id/Sign In Menu/Button User Menu")): Object 'Object Repository/Web RoomMe.id/Sign In Menu/Button User Menu' is visible

2020-03-13 20:26:52 - [MESSAGE][PASSED] - Object 'Object Repository/Web RoomMe.id/Sign In Menu/Button User Menu' is visible

2020-03-13 20:26:52 - [TEST_STEP][PASSED] - takeScreenshot("Evidence/Login.png"): Taking screenshot successfully

2020-03-13 20:26:53 - [MESSAGE][PASSED] - Taking screenshot successfully
[[ATTACHMENT|C:\\Users\\Faldi\\Katalon Studio\\RoomMe\\Reports\\20200313_202606\\Web RoomMe.id\\Customer Booking\\20200313_202606\\Evidence/Login.png]]]]></system-out>
         <system-err><![CDATA[]]></system-err>
      </testcase>
      <testcase name="Test Cases/Web RoomMe.id/Customer Search For Kost" time="57.032" classname="Test Cases/Web RoomMe.id/Customer Search For Kost" status="PASSED">
         <system-out><![CDATA[2020-03-13 20:26:53 - [TEST_CASE][PASSED] - Test Cases/Web RoomMe.id/Customer Search For Kost: Test Cases/Web RoomMe.id/Customer Search For Kost

2020-03-13 20:26:54 - [TEST_STEP][PASSED] - callTestCase(findTestCase("Web RoomMe.id/Customer Login"), [:], STOP_ON_FAILURE): Call Test Case 'Test Cases/Web RoomMe.id/Customer Login' successfully

2020-03-13 20:26:54 - [TEST_CASE][PASSED] - Test Cases/Web RoomMe.id/Customer Login: Test Cases/Web RoomMe.id/Customer Login

2020-03-13 20:26:54 - [TEST_STEP][PASSED] - callTestCase(findTestCase("Web RoomMe.id/Customer Access RoomMe Page"), [:], STOP_ON_FAILURE): Call Test Case 'Test Cases/Web RoomMe.id/Customer Access RoomMe Page' successfully

2020-03-13 20:26:54 - [TEST_CASE][PASSED] - Test Cases/Web RoomMe.id/Customer Access RoomMe Page: Test Cases/Web RoomMe.id/Customer Access RoomMe Page

2020-03-13 20:26:54 - [TEST_STEP][PASSED] - openBrowser(""): Browser is opened with url: ''

2020-03-13 20:26:54 - [MESSAGE][WARNING] - A browser is already opened. Closing browser and opening a new one

2020-03-13 20:26:55 - [MESSAGE][INFO] - Starting 'Chrome' driver

2020-03-13 20:27:01 - [MESSAGE][PASSED] - Browser is opened with url: ''

2020-03-13 20:27:01 - [TEST_STEP][PASSED] - navigateToUrl("https://web.roomme.id/"): Navigate to 'https://web.roomme.id/' successfully

2020-03-13 20:27:23 - [MESSAGE][PASSED] - Navigate to 'https://web.roomme.id/' successfully

2020-03-13 20:27:23 - [TEST_STEP][PASSED] - maximizeWindow(): Current window maximized

2020-03-13 20:27:28 - [MESSAGE][PASSED] - Current window maximized

2020-03-13 20:27:28 - [MESSAGE][PASSED] - Call Test Case 'Test Cases/Web RoomMe.id/Customer Access RoomMe Page' successfully

2020-03-13 20:27:28 - [TEST_STEP][PASSED] - click(findTestObject("Web RoomMe.id/RoomMe.id Homepage/Button Sign In")): Object: 'Object Repository/Web RoomMe.id/RoomMe.id Homepage/Button Sign In' is clicked on

2020-03-13 20:27:28 - [MESSAGE][PASSED] - Object: 'Object Repository/Web RoomMe.id/RoomMe.id Homepage/Button Sign In' is clicked on

2020-03-13 20:27:28 - [TEST_STEP][PASSED] - verifyElementVisible(findTestObject("Web RoomMe.id/Sign In Menu/Textfield Email")): Object 'Object Repository/Web RoomMe.id/Sign In Menu/Textfield Email' is visible

2020-03-13 20:27:29 - [MESSAGE][PASSED] - Object 'Object Repository/Web RoomMe.id/Sign In Menu/Textfield Email' is visible

2020-03-13 20:27:29 - [TEST_STEP][PASSED] - verifyElementVisible(findTestObject("Web RoomMe.id/Sign In Menu/Textfield Password")): Object 'Object Repository/Web RoomMe.id/Sign In Menu/Textfield Password' is visible

2020-03-13 20:27:29 - [MESSAGE][PASSED] - Object 'Object Repository/Web RoomMe.id/Sign In Menu/Textfield Password' is visible

2020-03-13 20:27:29 - [TEST_STEP][PASSED] - verifyElementVisible(findTestObject("Web RoomMe.id/RoomMe.id Homepage/Button Sign In")): Object 'Object Repository/Web RoomMe.id/RoomMe.id Homepage/Button Sign In' is visible

2020-03-13 20:27:29 - [MESSAGE][PASSED] - Object 'Object Repository/Web RoomMe.id/RoomMe.id Homepage/Button Sign In' is visible

2020-03-13 20:27:29 - [TEST_STEP][PASSED] - verifyElementVisible(findTestObject("Web RoomMe.id/Sign In Menu/Button Forgot Password")): Object 'Object Repository/Web RoomMe.id/Sign In Menu/Button Forgot Password' is visible

2020-03-13 20:27:30 - [MESSAGE][PASSED] - Object 'Object Repository/Web RoomMe.id/Sign In Menu/Button Forgot Password' is visible

2020-03-13 20:27:30 - [TEST_STEP][PASSED] - setText(findTestObject("Web RoomMe.id/Sign In Menu/Textfield Email"), "faldinv68@gmail.com"): Text 'faldinv68@gmail.com' is set on object 'Object Repository/Web RoomMe.id/Sign In Menu/Textfield Email'

2020-03-13 20:27:31 - [MESSAGE][PASSED] - Text 'faldinv68@gmail.com' is set on object 'Object Repository/Web RoomMe.id/Sign In Menu/Textfield Email'

2020-03-13 20:27:31 - [TEST_STEP][PASSED] - setEncryptedText(findTestObject("Web RoomMe.id/Sign In Menu/Textfield Password"), "aeHFOx8jV/A="): Text ****** has been set on object 'Object Repository/Web RoomMe.id/Sign In Menu/Textfield Password'

2020-03-13 20:27:32 - [MESSAGE][PASSED] - Text ****** has been set on object 'Object Repository/Web RoomMe.id/Sign In Menu/Textfield Password'

2020-03-13 20:27:32 - [TEST_STEP][PASSED] - click(findTestObject("Web RoomMe.id/Sign In Menu/Button Sign In")): Object: 'Object Repository/Web RoomMe.id/Sign In Menu/Button Sign In' is clicked on

2020-03-13 20:27:33 - [MESSAGE][PASSED] - Object: 'Object Repository/Web RoomMe.id/Sign In Menu/Button Sign In' is clicked on

2020-03-13 20:27:33 - [TEST_STEP][PASSED] - verifyElementVisible(findTestObject("Web RoomMe.id/Sign In Menu/Button User Menu")): Object 'Object Repository/Web RoomMe.id/Sign In Menu/Button User Menu' is visible

2020-03-13 20:27:36 - [MESSAGE][PASSED] - Object 'Object Repository/Web RoomMe.id/Sign In Menu/Button User Menu' is visible

2020-03-13 20:27:36 - [TEST_STEP][PASSED] - takeScreenshot("Evidence/Login.png"): Taking screenshot successfully

2020-03-13 20:27:37 - [MESSAGE][PASSED] - Taking screenshot successfully
[[ATTACHMENT|C:\\Users\\Faldi\\Katalon Studio\\RoomMe\\Reports\\20200313_202606\\Web RoomMe.id\\Customer Booking\\20200313_202606\\Evidence/Login.png]]

2020-03-13 20:27:37 - [MESSAGE][PASSED] - Call Test Case 'Test Cases/Web RoomMe.id/Customer Login' successfully

2020-03-13 20:27:37 - [TEST_STEP][PASSED] - setText(findTestObject("Object Repository/Web RoomMe.id/Search Kost Menu/input"), "tebet"): Text 'tebet' is set on object 'Object Repository/Web RoomMe.id/Search Kost Menu/input'

2020-03-13 20:27:38 - [MESSAGE][PASSED] - Text 'tebet' is set on object 'Object Repository/Web RoomMe.id/Search Kost Menu/input'

2020-03-13 20:27:38 - [TEST_STEP][PASSED] - click(findTestObject("Web RoomMe.id/RoomMe.id Homepage/Text Suggestion Location (Tebet)")): Object: 'Object Repository/Web RoomMe.id/RoomMe.id Homepage/Text Suggestion Location (Tebet)' is clicked on

2020-03-13 20:27:39 - [MESSAGE][PASSED] - Object: 'Object Repository/Web RoomMe.id/RoomMe.id Homepage/Text Suggestion Location (Tebet)' is clicked on

2020-03-13 20:27:39 - [TEST_STEP][PASSED] - click(findTestObject("Object Repository/Web RoomMe.id/Search Kost Menu/Datepicker")): Object: 'Object Repository/Web RoomMe.id/Search Kost Menu/Datepicker' is clicked on

2020-03-13 20:27:40 - [MESSAGE][PASSED] - Object: 'Object Repository/Web RoomMe.id/Search Kost Menu/Datepicker' is clicked on

2020-03-13 20:27:40 - [TEST_STEP][PASSED] - click(findTestObject("Object Repository/Web RoomMe.id/Search Kost Menu/Day Pick")): Object: 'Object Repository/Web RoomMe.id/Search Kost Menu/Day Pick' is clicked on

2020-03-13 20:27:41 - [MESSAGE][PASSED] - Object: 'Object Repository/Web RoomMe.id/Search Kost Menu/Day Pick' is clicked on

2020-03-13 20:27:41 - [TEST_STEP][PASSED] - click(findTestObject("Object Repository/Web RoomMe.id/Search Kost Menu/Button Duration")): Object: 'Object Repository/Web RoomMe.id/Search Kost Menu/Button Duration' is clicked on

2020-03-13 20:27:44 - [MESSAGE][PASSED] - Object: 'Object Repository/Web RoomMe.id/Search Kost Menu/Button Duration' is clicked on

2020-03-13 20:27:44 - [TEST_STEP][PASSED] - click(findTestObject("Object Repository/Web RoomMe.id/Search Kost Menu/Button 1 Month")): Object: 'Object Repository/Web RoomMe.id/Search Kost Menu/Button 1 Month' is clicked on

2020-03-13 20:27:44 - [MESSAGE][PASSED] - Object: 'Object Repository/Web RoomMe.id/Search Kost Menu/Button 1 Month' is clicked on

2020-03-13 20:27:44 - [TEST_STEP][PASSED] - click(findTestObject("Object Repository/Web RoomMe.id/Search Kost Menu/Button Additional")): Object: 'Object Repository/Web RoomMe.id/Search Kost Menu/Button Additional' is clicked on

2020-03-13 20:27:45 - [MESSAGE][PASSED] - Object: 'Object Repository/Web RoomMe.id/Search Kost Menu/Button Additional' is clicked on

2020-03-13 20:27:45 - [TEST_STEP][PASSED] - click(findTestObject("Object Repository/Web RoomMe.id/Search Kost Menu/Button 1 Day")): Object: 'Object Repository/Web RoomMe.id/Search Kost Menu/Button 1 Day' is clicked on

2020-03-13 20:27:46 - [MESSAGE][PASSED] - Object: 'Object Repository/Web RoomMe.id/Search Kost Menu/Button 1 Day' is clicked on

2020-03-13 20:27:46 - [TEST_STEP][PASSED] - click(findTestObject("Object Repository/Web RoomMe.id/Search Kost Menu/Button Search")): Object: 'Object Repository/Web RoomMe.id/Search Kost Menu/Button Search' is clicked on

2020-03-13 20:27:49 - [MESSAGE][PASSED] - Object: 'Object Repository/Web RoomMe.id/Search Kost Menu/Button Search' is clicked on

2020-03-13 20:27:49 - [TEST_STEP][NOT_RUN] - verifyElementVisible(findTestObject("Web RoomMe.id/Search Result Menu/Field Facilities")): NOT_RUN: verifyElementVisible(findTestObject("Web RoomMe.id/Search Result Menu/Field Facilities"))

2020-03-13 20:27:49 - [MESSAGE][NOT_RUN] - NOT_RUN: verifyElementVisible(findTestObject("Web RoomMe.id/Search Result Menu/Field Facilities"))

2020-03-13 20:27:49 - [TEST_STEP][PASSED] - verifyElementVisible(findTestObject("Web RoomMe.id/Search Result Menu/Text Nama Kost")): Object 'Object Repository/Web RoomMe.id/Search Result Menu/Text Nama Kost' is visible

2020-03-13 20:27:50 - [MESSAGE][PASSED] - Object 'Object Repository/Web RoomMe.id/Search Result Menu/Text Nama Kost' is visible

2020-03-13 20:27:50 - [TEST_STEP][NOT_RUN] - verifyElementVisible(findTestObject("Web RoomMe.id/Search Result Menu/div_Submit_col-md-4 img-s")): NOT_RUN: verifyElementVisible(findTestObject("Web RoomMe.id/Search Result Menu/div_Submit_col-md-4 img-s"))

2020-03-13 20:27:50 - [MESSAGE][NOT_RUN] - NOT_RUN: verifyElementVisible(findTestObject("Web RoomMe.id/Search Result Menu/div_Submit_col-md-4 img-s"))

2020-03-13 20:27:50 - [TEST_STEP][NOT_RUN] - verifyElementVisible(findTestObject("Web RoomMe.id/Search Result Menu/div_Rp1400000")): NOT_RUN: verifyElementVisible(findTestObject("Web RoomMe.id/Search Result Menu/div_Rp1400000"))

2020-03-13 20:27:50 - [MESSAGE][NOT_RUN] - NOT_RUN: verifyElementVisible(findTestObject("Web RoomMe.id/Search Result Menu/div_Rp1400000"))

2020-03-13 20:27:50 - [TEST_STEP][PASSED] - verifyElementVisible(findTestObject("Web RoomMe.id/Search Result Menu/Image Kost")): Object 'Object Repository/Web RoomMe.id/Search Result Menu/Image Kost' is visible

2020-03-13 20:27:50 - [MESSAGE][PASSED] - Object 'Object Repository/Web RoomMe.id/Search Result Menu/Image Kost' is visible]]></system-out>
         <system-err><![CDATA[]]></system-err>
      </testcase>
      <testcase name="Test Cases/Web RoomMe.id/Customer Select Kost" time="69.272" classname="Test Cases/Web RoomMe.id/Customer Select Kost" status="PASSED">
         <system-out><![CDATA[2020-03-13 20:27:50 - [TEST_CASE][PASSED] - Test Cases/Web RoomMe.id/Customer Select Kost: Test Cases/Web RoomMe.id/Customer Select Kost

2020-03-13 20:27:51 - [TEST_STEP][PASSED] - callTestCase(findTestCase("Web RoomMe.id/Customer Search For Kost"), [:], STOP_ON_FAILURE): Call Test Case 'Test Cases/Web RoomMe.id/Customer Search For Kost' successfully

2020-03-13 20:27:51 - [TEST_CASE][PASSED] - Test Cases/Web RoomMe.id/Customer Search For Kost: Test Cases/Web RoomMe.id/Customer Search For Kost

2020-03-13 20:27:51 - [TEST_STEP][PASSED] - callTestCase(findTestCase("Web RoomMe.id/Customer Login"), [:], STOP_ON_FAILURE): Call Test Case 'Test Cases/Web RoomMe.id/Customer Login' successfully

2020-03-13 20:27:51 - [TEST_CASE][PASSED] - Test Cases/Web RoomMe.id/Customer Login: Test Cases/Web RoomMe.id/Customer Login

2020-03-13 20:27:51 - [TEST_STEP][PASSED] - callTestCase(findTestCase("Web RoomMe.id/Customer Access RoomMe Page"), [:], STOP_ON_FAILURE): Call Test Case 'Test Cases/Web RoomMe.id/Customer Access RoomMe Page' successfully

2020-03-13 20:27:51 - [TEST_CASE][PASSED] - Test Cases/Web RoomMe.id/Customer Access RoomMe Page: Test Cases/Web RoomMe.id/Customer Access RoomMe Page

2020-03-13 20:27:51 - [TEST_STEP][PASSED] - openBrowser(""): Browser is opened with url: ''

2020-03-13 20:27:51 - [MESSAGE][WARNING] - A browser is already opened. Closing browser and opening a new one

2020-03-13 20:27:52 - [MESSAGE][INFO] - Starting 'Chrome' driver

2020-03-13 20:27:58 - [MESSAGE][PASSED] - Browser is opened with url: ''

2020-03-13 20:27:58 - [TEST_STEP][PASSED] - navigateToUrl("https://web.roomme.id/"): Navigate to 'https://web.roomme.id/' successfully

2020-03-13 20:28:24 - [MESSAGE][PASSED] - Navigate to 'https://web.roomme.id/' successfully

2020-03-13 20:28:24 - [TEST_STEP][PASSED] - maximizeWindow(): Current window maximized

2020-03-13 20:28:28 - [MESSAGE][PASSED] - Current window maximized

2020-03-13 20:28:28 - [MESSAGE][PASSED] - Call Test Case 'Test Cases/Web RoomMe.id/Customer Access RoomMe Page' successfully

2020-03-13 20:28:28 - [TEST_STEP][PASSED] - click(findTestObject("Web RoomMe.id/RoomMe.id Homepage/Button Sign In")): Object: 'Object Repository/Web RoomMe.id/RoomMe.id Homepage/Button Sign In' is clicked on

2020-03-13 20:28:29 - [MESSAGE][PASSED] - Object: 'Object Repository/Web RoomMe.id/RoomMe.id Homepage/Button Sign In' is clicked on

2020-03-13 20:28:29 - [TEST_STEP][PASSED] - verifyElementVisible(findTestObject("Web RoomMe.id/Sign In Menu/Textfield Email")): Object 'Object Repository/Web RoomMe.id/Sign In Menu/Textfield Email' is visible

2020-03-13 20:28:29 - [MESSAGE][PASSED] - Object 'Object Repository/Web RoomMe.id/Sign In Menu/Textfield Email' is visible

2020-03-13 20:28:29 - [TEST_STEP][PASSED] - verifyElementVisible(findTestObject("Web RoomMe.id/Sign In Menu/Textfield Password")): Object 'Object Repository/Web RoomMe.id/Sign In Menu/Textfield Password' is visible

2020-03-13 20:28:30 - [MESSAGE][PASSED] - Object 'Object Repository/Web RoomMe.id/Sign In Menu/Textfield Password' is visible

2020-03-13 20:28:30 - [TEST_STEP][PASSED] - verifyElementVisible(findTestObject("Web RoomMe.id/RoomMe.id Homepage/Button Sign In")): Object 'Object Repository/Web RoomMe.id/RoomMe.id Homepage/Button Sign In' is visible

2020-03-13 20:28:30 - [MESSAGE][PASSED] - Object 'Object Repository/Web RoomMe.id/RoomMe.id Homepage/Button Sign In' is visible

2020-03-13 20:28:30 - [TEST_STEP][PASSED] - verifyElementVisible(findTestObject("Web RoomMe.id/Sign In Menu/Button Forgot Password")): Object 'Object Repository/Web RoomMe.id/Sign In Menu/Button Forgot Password' is visible

2020-03-13 20:28:32 - [MESSAGE][PASSED] - Object 'Object Repository/Web RoomMe.id/Sign In Menu/Button Forgot Password' is visible

2020-03-13 20:28:32 - [TEST_STEP][PASSED] - setText(findTestObject("Web RoomMe.id/Sign In Menu/Textfield Email"), "faldinv68@gmail.com"): Text 'faldinv68@gmail.com' is set on object 'Object Repository/Web RoomMe.id/Sign In Menu/Textfield Email'

2020-03-13 20:28:33 - [MESSAGE][PASSED] - Text 'faldinv68@gmail.com' is set on object 'Object Repository/Web RoomMe.id/Sign In Menu/Textfield Email'

2020-03-13 20:28:33 - [TEST_STEP][PASSED] - setEncryptedText(findTestObject("Web RoomMe.id/Sign In Menu/Textfield Password"), "aeHFOx8jV/A="): Text ****** has been set on object 'Object Repository/Web RoomMe.id/Sign In Menu/Textfield Password'

2020-03-13 20:28:34 - [MESSAGE][PASSED] - Text ****** has been set on object 'Object Repository/Web RoomMe.id/Sign In Menu/Textfield Password'

2020-03-13 20:28:34 - [TEST_STEP][PASSED] - click(findTestObject("Web RoomMe.id/Sign In Menu/Button Sign In")): Object: 'Object Repository/Web RoomMe.id/Sign In Menu/Button Sign In' is clicked on

2020-03-13 20:28:34 - [MESSAGE][PASSED] - Object: 'Object Repository/Web RoomMe.id/Sign In Menu/Button Sign In' is clicked on

2020-03-13 20:28:34 - [TEST_STEP][PASSED] - verifyElementVisible(findTestObject("Web RoomMe.id/Sign In Menu/Button User Menu")): Object 'Object Repository/Web RoomMe.id/Sign In Menu/Button User Menu' is visible

2020-03-13 20:28:38 - [MESSAGE][PASSED] - Object 'Object Repository/Web RoomMe.id/Sign In Menu/Button User Menu' is visible

2020-03-13 20:28:38 - [TEST_STEP][PASSED] - takeScreenshot("Evidence/Login.png"): Taking screenshot successfully

2020-03-13 20:28:39 - [MESSAGE][PASSED] - Taking screenshot successfully
[[ATTACHMENT|C:\\Users\\Faldi\\Katalon Studio\\RoomMe\\Reports\\20200313_202606\\Web RoomMe.id\\Customer Booking\\20200313_202606\\Evidence/Login.png]]

2020-03-13 20:28:39 - [MESSAGE][PASSED] - Call Test Case 'Test Cases/Web RoomMe.id/Customer Login' successfully

2020-03-13 20:28:39 - [TEST_STEP][PASSED] - setText(findTestObject("Object Repository/Web RoomMe.id/Search Kost Menu/input"), "tebet"): Text 'tebet' is set on object 'Object Repository/Web RoomMe.id/Search Kost Menu/input'

2020-03-13 20:28:40 - [MESSAGE][PASSED] - Text 'tebet' is set on object 'Object Repository/Web RoomMe.id/Search Kost Menu/input'

2020-03-13 20:28:40 - [TEST_STEP][PASSED] - click(findTestObject("Web RoomMe.id/RoomMe.id Homepage/Text Suggestion Location (Tebet)")): Object: 'Object Repository/Web RoomMe.id/RoomMe.id Homepage/Text Suggestion Location (Tebet)' is clicked on

2020-03-13 20:28:41 - [MESSAGE][PASSED] - Object: 'Object Repository/Web RoomMe.id/RoomMe.id Homepage/Text Suggestion Location (Tebet)' is clicked on

2020-03-13 20:28:41 - [TEST_STEP][PASSED] - click(findTestObject("Object Repository/Web RoomMe.id/Search Kost Menu/Datepicker")): Object: 'Object Repository/Web RoomMe.id/Search Kost Menu/Datepicker' is clicked on

2020-03-13 20:28:41 - [MESSAGE][PASSED] - Object: 'Object Repository/Web RoomMe.id/Search Kost Menu/Datepicker' is clicked on

2020-03-13 20:28:41 - [TEST_STEP][PASSED] - click(findTestObject("Object Repository/Web RoomMe.id/Search Kost Menu/Day Pick")): Object: 'Object Repository/Web RoomMe.id/Search Kost Menu/Day Pick' is clicked on

2020-03-13 20:28:42 - [MESSAGE][PASSED] - Object: 'Object Repository/Web RoomMe.id/Search Kost Menu/Day Pick' is clicked on

2020-03-13 20:28:42 - [TEST_STEP][PASSED] - click(findTestObject("Object Repository/Web RoomMe.id/Search Kost Menu/Button Duration")): Object: 'Object Repository/Web RoomMe.id/Search Kost Menu/Button Duration' is clicked on

2020-03-13 20:28:43 - [MESSAGE][PASSED] - Object: 'Object Repository/Web RoomMe.id/Search Kost Menu/Button Duration' is clicked on

2020-03-13 20:28:43 - [TEST_STEP][PASSED] - click(findTestObject("Object Repository/Web RoomMe.id/Search Kost Menu/Button 1 Month")): Object: 'Object Repository/Web RoomMe.id/Search Kost Menu/Button 1 Month' is clicked on

2020-03-13 20:28:44 - [MESSAGE][PASSED] - Object: 'Object Repository/Web RoomMe.id/Search Kost Menu/Button 1 Month' is clicked on

2020-03-13 20:28:44 - [TEST_STEP][PASSED] - click(findTestObject("Object Repository/Web RoomMe.id/Search Kost Menu/Button Additional")): Object: 'Object Repository/Web RoomMe.id/Search Kost Menu/Button Additional' is clicked on

2020-03-13 20:28:45 - [MESSAGE][PASSED] - Object: 'Object Repository/Web RoomMe.id/Search Kost Menu/Button Additional' is clicked on

2020-03-13 20:28:45 - [TEST_STEP][PASSED] - click(findTestObject("Object Repository/Web RoomMe.id/Search Kost Menu/Button 1 Day")): Object: 'Object Repository/Web RoomMe.id/Search Kost Menu/Button 1 Day' is clicked on

2020-03-13 20:28:46 - [MESSAGE][PASSED] - Object: 'Object Repository/Web RoomMe.id/Search Kost Menu/Button 1 Day' is clicked on

2020-03-13 20:28:46 - [TEST_STEP][PASSED] - click(findTestObject("Object Repository/Web RoomMe.id/Search Kost Menu/Button Search")): Object: 'Object Repository/Web RoomMe.id/Search Kost Menu/Button Search' is clicked on

2020-03-13 20:28:49 - [MESSAGE][PASSED] - Object: 'Object Repository/Web RoomMe.id/Search Kost Menu/Button Search' is clicked on

2020-03-13 20:28:49 - [TEST_STEP][NOT_RUN] - verifyElementVisible(findTestObject("Web RoomMe.id/Search Result Menu/Field Facilities")): NOT_RUN: verifyElementVisible(findTestObject("Web RoomMe.id/Search Result Menu/Field Facilities"))

2020-03-13 20:28:49 - [MESSAGE][NOT_RUN] - NOT_RUN: verifyElementVisible(findTestObject("Web RoomMe.id/Search Result Menu/Field Facilities"))

2020-03-13 20:28:49 - [TEST_STEP][PASSED] - verifyElementVisible(findTestObject("Web RoomMe.id/Search Result Menu/Text Nama Kost")): Object 'Object Repository/Web RoomMe.id/Search Result Menu/Text Nama Kost' is visible

2020-03-13 20:28:50 - [MESSAGE][PASSED] - Object 'Object Repository/Web RoomMe.id/Search Result Menu/Text Nama Kost' is visible

2020-03-13 20:28:50 - [TEST_STEP][NOT_RUN] - verifyElementVisible(findTestObject("Web RoomMe.id/Search Result Menu/div_Submit_col-md-4 img-s")): NOT_RUN: verifyElementVisible(findTestObject("Web RoomMe.id/Search Result Menu/div_Submit_col-md-4 img-s"))

2020-03-13 20:28:50 - [MESSAGE][NOT_RUN] - NOT_RUN: verifyElementVisible(findTestObject("Web RoomMe.id/Search Result Menu/div_Submit_col-md-4 img-s"))

2020-03-13 20:28:50 - [TEST_STEP][NOT_RUN] - verifyElementVisible(findTestObject("Web RoomMe.id/Search Result Menu/div_Rp1400000")): NOT_RUN: verifyElementVisible(findTestObject("Web RoomMe.id/Search Result Menu/div_Rp1400000"))

2020-03-13 20:28:50 - [MESSAGE][NOT_RUN] - NOT_RUN: verifyElementVisible(findTestObject("Web RoomMe.id/Search Result Menu/div_Rp1400000"))

2020-03-13 20:28:50 - [TEST_STEP][PASSED] - verifyElementVisible(findTestObject("Web RoomMe.id/Search Result Menu/Image Kost")): Object 'Object Repository/Web RoomMe.id/Search Result Menu/Image Kost' is visible

2020-03-13 20:28:51 - [MESSAGE][PASSED] - Object 'Object Repository/Web RoomMe.id/Search Result Menu/Image Kost' is visible

2020-03-13 20:28:51 - [MESSAGE][PASSED] - Call Test Case 'Test Cases/Web RoomMe.id/Customer Search For Kost' successfully

2020-03-13 20:28:51 - [TEST_STEP][PASSED] - click(findTestObject("Web RoomMe.id/Search Result Menu/Image Kost")): Object: 'Object Repository/Web RoomMe.id/Search Result Menu/Image Kost' is clicked on

2020-03-13 20:28:52 - [MESSAGE][PASSED] - Object: 'Object Repository/Web RoomMe.id/Search Result Menu/Image Kost' is clicked on

2020-03-13 20:28:52 - [TEST_STEP][NOT_RUN] - verifyElementVisible(findTestObject("Web RoomMe.id/RoomMe.id Kost Detail/Image Primary Photo")): NOT_RUN: verifyElementVisible(findTestObject("Web RoomMe.id/RoomMe.id Kost Detail/Image Primary Photo"))

2020-03-13 20:28:52 - [MESSAGE][NOT_RUN] - NOT_RUN: verifyElementVisible(findTestObject("Web RoomMe.id/RoomMe.id Kost Detail/Image Primary Photo"))

2020-03-13 20:28:52 - [TEST_STEP][PASSED] - verifyElementVisible(findTestObject("Web RoomMe.id/RoomMe.id Kost Detail/Image Second Photo")): Object 'Object Repository/Web RoomMe.id/RoomMe.id Kost Detail/Image Second Photo' is visible

2020-03-13 20:28:53 - [MESSAGE][PASSED] - Object 'Object Repository/Web RoomMe.id/RoomMe.id Kost Detail/Image Second Photo' is visible

2020-03-13 20:28:53 - [TEST_STEP][PASSED] - verifyElementVisible(findTestObject("Web RoomMe.id/RoomMe.id Kost Detail/Text Nama Kost")): Object 'Object Repository/Web RoomMe.id/RoomMe.id Kost Detail/Text Nama Kost' is visible

2020-03-13 20:28:57 - [MESSAGE][PASSED] - Object 'Object Repository/Web RoomMe.id/RoomMe.id Kost Detail/Text Nama Kost' is visible

2020-03-13 20:28:57 - [TEST_STEP][PASSED] - kostname = getText(findTestObject("Web RoomMe.id/Search Result Menu/Text Nama Kost")): Text of object 'Object Repository/Web RoomMe.id/Search Result Menu/Text Nama Kost' is: ''

2020-03-13 20:28:57 - [MESSAGE][PASSED] - Text of object 'Object Repository/Web RoomMe.id/Search Result Menu/Text Nama Kost' is: ''

2020-03-13 20:28:57 - [TEST_STEP][NOT_RUN] - verifyElementText(findTestObject("Web RoomMe.id/RoomMe.id Kost Detail/Text Nama Kost"), kostname, STOP_ON_FAILURE): NOT_RUN: verifyElementText(findTestObject("Web RoomMe.id/RoomMe.id Kost Detail/Text Nama Kost"), kostname, STOP_ON_FAILURE)

2020-03-13 20:28:57 - [MESSAGE][NOT_RUN] - NOT_RUN: verifyElementText(findTestObject("Web RoomMe.id/RoomMe.id Kost Detail/Text Nama Kost"), kostname, STOP_ON_FAILURE)

2020-03-13 20:28:57 - [TEST_STEP][PASSED] - verifyElementVisible(findTestObject("Web RoomMe.id/RoomMe.id Kost Detail/Button Read More")): Object 'Object Repository/Web RoomMe.id/RoomMe.id Kost Detail/Button Read More' is visible

2020-03-13 20:28:58 - [MESSAGE][PASSED] - Object 'Object Repository/Web RoomMe.id/RoomMe.id Kost Detail/Button Read More' is visible

2020-03-13 20:28:58 - [TEST_STEP][PASSED] - verifyElementVisible(findTestObject("Web RoomMe.id/RoomMe.id Kost Detail/Button See Map")): Object 'Object Repository/Web RoomMe.id/RoomMe.id Kost Detail/Button See Map' is visible

2020-03-13 20:28:58 - [MESSAGE][PASSED] - Object 'Object Repository/Web RoomMe.id/RoomMe.id Kost Detail/Button See Map' is visible

2020-03-13 20:28:58 - [TEST_STEP][PASSED] - verifyElementVisible(findTestObject("Web RoomMe.id/RoomMe.id Kost Detail/Button Map")): Object 'Object Repository/Web RoomMe.id/RoomMe.id Kost Detail/Button Map' is visible

2020-03-13 20:28:58 - [MESSAGE][PASSED] - Object 'Object Repository/Web RoomMe.id/RoomMe.id Kost Detail/Button Map' is visible

2020-03-13 20:28:58 - [TEST_STEP][NOT_RUN] - verifyElementVisible(findTestObject("Web RoomMe.id/RoomMe.id Kost Detail/Field Building Facilities")): NOT_RUN: verifyElementVisible(findTestObject("Web RoomMe.id/RoomMe.id Kost Detail/Field Building Facilities"))

2020-03-13 20:28:58 - [MESSAGE][NOT_RUN] - NOT_RUN: verifyElementVisible(findTestObject("Web RoomMe.id/RoomMe.id Kost Detail/Field Building Facilities"))

2020-03-13 20:28:58 - [TEST_STEP][PASSED] - verifyElementVisible(findTestObject("Web RoomMe.id/RoomMe.id Kost Detail/Field Room Details")): Object 'Object Repository/Web RoomMe.id/RoomMe.id Kost Detail/Field Room Details' is visible

2020-03-13 20:28:59 - [MESSAGE][PASSED] - Object 'Object Repository/Web RoomMe.id/RoomMe.id Kost Detail/Field Room Details' is visible

2020-03-13 20:28:59 - [TEST_STEP][NOT_RUN] - verifyElementVisible(findTestObject("Web RoomMe.id/RoomMe.id Kost Detail/Field Booking Summary")): NOT_RUN: verifyElementVisible(findTestObject("Web RoomMe.id/RoomMe.id Kost Detail/Field Booking Summary"))

2020-03-13 20:28:59 - [MESSAGE][NOT_RUN] - NOT_RUN: verifyElementVisible(findTestObject("Web RoomMe.id/RoomMe.id Kost Detail/Field Booking Summary"))

2020-03-13 20:28:59 - [TEST_STEP][NOT_RUN] - verifyElementVisible(findTestObject("Web RoomMe.id/RoomMe.id Kost Detail/Field Reccomend Kost Nearby")): NOT_RUN: verifyElementVisible(findTestObject("Web RoomMe.id/RoomMe.id Kost Detail/Field Reccomend Kost Nearby"))

2020-03-13 20:28:59 - [MESSAGE][NOT_RUN] - NOT_RUN: verifyElementVisible(findTestObject("Web RoomMe.id/RoomMe.id Kost Detail/Field Reccomend Kost Nearby"))

2020-03-13 20:28:59 - [TEST_STEP][NOT_RUN] - verifyElementVisible(findTestObject("Web RoomMe.id/RoomMe.id Kost Detail/Button Select")): NOT_RUN: verifyElementVisible(findTestObject("Web RoomMe.id/RoomMe.id Kost Detail/Button Select"))

2020-03-13 20:28:59 - [MESSAGE][NOT_RUN] - NOT_RUN: verifyElementVisible(findTestObject("Web RoomMe.id/RoomMe.id Kost Detail/Button Select"))

2020-03-13 20:28:59 - [TEST_STEP][PASSED] - verifyElementVisible(findTestObject("Web RoomMe.id/RoomMe.id Kost Detail/Button Booking Summary")): Object 'Object Repository/Web RoomMe.id/RoomMe.id Kost Detail/Button Booking Summary' is visible

2020-03-13 20:28:59 - [MESSAGE][PASSED] - Object 'Object Repository/Web RoomMe.id/RoomMe.id Kost Detail/Button Booking Summary' is visible

2020-03-13 20:28:59 - [TEST_STEP][PASSED] - verifyElementVisible(findTestObject("Web RoomMe.id/RoomMe.id Kost Detail/Button Schedule Free Visit")): Object 'Object Repository/Web RoomMe.id/RoomMe.id Kost Detail/Button Schedule Free Visit' is visible

2020-03-13 20:29:00 - [MESSAGE][PASSED] - Object 'Object Repository/Web RoomMe.id/RoomMe.id Kost Detail/Button Schedule Free Visit' is visible]]></system-out>
         <system-err><![CDATA[]]></system-err>
      </testcase>
      <testcase name="Test Cases/Web RoomMe.id/Customer Select Kamar" time="57.436" classname="Test Cases/Web RoomMe.id/Customer Select Kamar" status="PASSED">
         <system-out><![CDATA[2020-03-13 20:29:00 - [TEST_CASE][PASSED] - Test Cases/Web RoomMe.id/Customer Select Kamar: Test Cases/Web RoomMe.id/Customer Select Kamar

2020-03-13 20:29:00 - [TEST_STEP][PASSED] - callTestCase(findTestCase("Web RoomMe.id/Customer Select Kost"), [:], STOP_ON_FAILURE): Call Test Case 'Test Cases/Web RoomMe.id/Customer Select Kost' successfully

2020-03-13 20:29:00 - [TEST_CASE][PASSED] - Test Cases/Web RoomMe.id/Customer Select Kost: Test Cases/Web RoomMe.id/Customer Select Kost

2020-03-13 20:29:00 - [TEST_STEP][PASSED] - callTestCase(findTestCase("Web RoomMe.id/Customer Search For Kost"), [:], STOP_ON_FAILURE): Call Test Case 'Test Cases/Web RoomMe.id/Customer Search For Kost' successfully

2020-03-13 20:29:00 - [TEST_CASE][PASSED] - Test Cases/Web RoomMe.id/Customer Search For Kost: Test Cases/Web RoomMe.id/Customer Search For Kost

2020-03-13 20:29:00 - [TEST_STEP][PASSED] - callTestCase(findTestCase("Web RoomMe.id/Customer Login"), [:], STOP_ON_FAILURE): Call Test Case 'Test Cases/Web RoomMe.id/Customer Login' successfully

2020-03-13 20:29:00 - [TEST_CASE][PASSED] - Test Cases/Web RoomMe.id/Customer Login: Test Cases/Web RoomMe.id/Customer Login

2020-03-13 20:29:00 - [TEST_STEP][PASSED] - callTestCase(findTestCase("Web RoomMe.id/Customer Access RoomMe Page"), [:], STOP_ON_FAILURE): Call Test Case 'Test Cases/Web RoomMe.id/Customer Access RoomMe Page' successfully

2020-03-13 20:29:01 - [TEST_CASE][PASSED] - Test Cases/Web RoomMe.id/Customer Access RoomMe Page: Test Cases/Web RoomMe.id/Customer Access RoomMe Page

2020-03-13 20:29:01 - [TEST_STEP][PASSED] - openBrowser(""): Browser is opened with url: ''

2020-03-13 20:29:01 - [MESSAGE][WARNING] - A browser is already opened. Closing browser and opening a new one

2020-03-13 20:29:01 - [MESSAGE][INFO] - Starting 'Chrome' driver

2020-03-13 20:29:08 - [MESSAGE][PASSED] - Browser is opened with url: ''

2020-03-13 20:29:08 - [TEST_STEP][PASSED] - navigateToUrl("https://web.roomme.id/"): Navigate to 'https://web.roomme.id/' successfully

2020-03-13 20:29:25 - [MESSAGE][PASSED] - Navigate to 'https://web.roomme.id/' successfully

2020-03-13 20:29:25 - [TEST_STEP][PASSED] - maximizeWindow(): Current window maximized

2020-03-13 20:29:29 - [MESSAGE][PASSED] - Current window maximized

2020-03-13 20:29:29 - [MESSAGE][PASSED] - Call Test Case 'Test Cases/Web RoomMe.id/Customer Access RoomMe Page' successfully

2020-03-13 20:29:29 - [TEST_STEP][PASSED] - click(findTestObject("Web RoomMe.id/RoomMe.id Homepage/Button Sign In")): Object: 'Object Repository/Web RoomMe.id/RoomMe.id Homepage/Button Sign In' is clicked on

2020-03-13 20:29:30 - [MESSAGE][PASSED] - Object: 'Object Repository/Web RoomMe.id/RoomMe.id Homepage/Button Sign In' is clicked on

2020-03-13 20:29:30 - [TEST_STEP][PASSED] - verifyElementVisible(findTestObject("Web RoomMe.id/Sign In Menu/Textfield Email")): Object 'Object Repository/Web RoomMe.id/Sign In Menu/Textfield Email' is visible

2020-03-13 20:29:30 - [MESSAGE][PASSED] - Object 'Object Repository/Web RoomMe.id/Sign In Menu/Textfield Email' is visible

2020-03-13 20:29:30 - [TEST_STEP][PASSED] - verifyElementVisible(findTestObject("Web RoomMe.id/Sign In Menu/Textfield Password")): Object 'Object Repository/Web RoomMe.id/Sign In Menu/Textfield Password' is visible

2020-03-13 20:29:31 - [MESSAGE][PASSED] - Object 'Object Repository/Web RoomMe.id/Sign In Menu/Textfield Password' is visible

2020-03-13 20:29:31 - [TEST_STEP][PASSED] - verifyElementVisible(findTestObject("Web RoomMe.id/RoomMe.id Homepage/Button Sign In")): Object 'Object Repository/Web RoomMe.id/RoomMe.id Homepage/Button Sign In' is visible

2020-03-13 20:29:31 - [MESSAGE][PASSED] - Object 'Object Repository/Web RoomMe.id/RoomMe.id Homepage/Button Sign In' is visible

2020-03-13 20:29:31 - [TEST_STEP][PASSED] - verifyElementVisible(findTestObject("Web RoomMe.id/Sign In Menu/Button Forgot Password")): Object 'Object Repository/Web RoomMe.id/Sign In Menu/Button Forgot Password' is visible

2020-03-13 20:29:32 - [MESSAGE][PASSED] - Object 'Object Repository/Web RoomMe.id/Sign In Menu/Button Forgot Password' is visible

2020-03-13 20:29:32 - [TEST_STEP][PASSED] - setText(findTestObject("Web RoomMe.id/Sign In Menu/Textfield Email"), "faldinv68@gmail.com"): Text 'faldinv68@gmail.com' is set on object 'Object Repository/Web RoomMe.id/Sign In Menu/Textfield Email'

2020-03-13 20:29:32 - [MESSAGE][PASSED] - Text 'faldinv68@gmail.com' is set on object 'Object Repository/Web RoomMe.id/Sign In Menu/Textfield Email'

2020-03-13 20:29:32 - [TEST_STEP][PASSED] - setEncryptedText(findTestObject("Web RoomMe.id/Sign In Menu/Textfield Password"), "aeHFOx8jV/A="): Text ****** has been set on object 'Object Repository/Web RoomMe.id/Sign In Menu/Textfield Password'

2020-03-13 20:29:33 - [MESSAGE][PASSED] - Text ****** has been set on object 'Object Repository/Web RoomMe.id/Sign In Menu/Textfield Password'

2020-03-13 20:29:33 - [TEST_STEP][PASSED] - click(findTestObject("Web RoomMe.id/Sign In Menu/Button Sign In")): Object: 'Object Repository/Web RoomMe.id/Sign In Menu/Button Sign In' is clicked on

2020-03-13 20:29:34 - [MESSAGE][PASSED] - Object: 'Object Repository/Web RoomMe.id/Sign In Menu/Button Sign In' is clicked on

2020-03-13 20:29:34 - [TEST_STEP][PASSED] - verifyElementVisible(findTestObject("Web RoomMe.id/Sign In Menu/Button User Menu")): Object 'Object Repository/Web RoomMe.id/Sign In Menu/Button User Menu' is visible

2020-03-13 20:29:38 - [MESSAGE][PASSED] - Object 'Object Repository/Web RoomMe.id/Sign In Menu/Button User Menu' is visible

2020-03-13 20:29:38 - [TEST_STEP][PASSED] - takeScreenshot("Evidence/Login.png"): Taking screenshot successfully

2020-03-13 20:29:39 - [MESSAGE][PASSED] - Taking screenshot successfully
[[ATTACHMENT|C:\\Users\\Faldi\\Katalon Studio\\RoomMe\\Reports\\20200313_202606\\Web RoomMe.id\\Customer Booking\\20200313_202606\\Evidence/Login.png]]

2020-03-13 20:29:39 - [MESSAGE][PASSED] - Call Test Case 'Test Cases/Web RoomMe.id/Customer Login' successfully

2020-03-13 20:29:39 - [TEST_STEP][PASSED] - setText(findTestObject("Object Repository/Web RoomMe.id/Search Kost Menu/input"), "tebet"): Text 'tebet' is set on object 'Object Repository/Web RoomMe.id/Search Kost Menu/input'

2020-03-13 20:29:40 - [MESSAGE][PASSED] - Text 'tebet' is set on object 'Object Repository/Web RoomMe.id/Search Kost Menu/input'

2020-03-13 20:29:40 - [TEST_STEP][PASSED] - click(findTestObject("Web RoomMe.id/RoomMe.id Homepage/Text Suggestion Location (Tebet)")): Object: 'Object Repository/Web RoomMe.id/RoomMe.id Homepage/Text Suggestion Location (Tebet)' is clicked on

2020-03-13 20:29:41 - [MESSAGE][PASSED] - Object: 'Object Repository/Web RoomMe.id/RoomMe.id Homepage/Text Suggestion Location (Tebet)' is clicked on

2020-03-13 20:29:41 - [TEST_STEP][PASSED] - click(findTestObject("Object Repository/Web RoomMe.id/Search Kost Menu/Datepicker")): Object: 'Object Repository/Web RoomMe.id/Search Kost Menu/Datepicker' is clicked on

2020-03-13 20:29:41 - [MESSAGE][PASSED] - Object: 'Object Repository/Web RoomMe.id/Search Kost Menu/Datepicker' is clicked on

2020-03-13 20:29:41 - [TEST_STEP][PASSED] - click(findTestObject("Object Repository/Web RoomMe.id/Search Kost Menu/Day Pick")): Object: 'Object Repository/Web RoomMe.id/Search Kost Menu/Day Pick' is clicked on

2020-03-13 20:29:42 - [MESSAGE][PASSED] - Object: 'Object Repository/Web RoomMe.id/Search Kost Menu/Day Pick' is clicked on

2020-03-13 20:29:42 - [TEST_STEP][PASSED] - click(findTestObject("Object Repository/Web RoomMe.id/Search Kost Menu/Button Duration")): Object: 'Object Repository/Web RoomMe.id/Search Kost Menu/Button Duration' is clicked on

2020-03-13 20:29:43 - [MESSAGE][PASSED] - Object: 'Object Repository/Web RoomMe.id/Search Kost Menu/Button Duration' is clicked on

2020-03-13 20:29:43 - [TEST_STEP][PASSED] - click(findTestObject("Object Repository/Web RoomMe.id/Search Kost Menu/Button 1 Month")): Object: 'Object Repository/Web RoomMe.id/Search Kost Menu/Button 1 Month' is clicked on

2020-03-13 20:29:44 - [MESSAGE][PASSED] - Object: 'Object Repository/Web RoomMe.id/Search Kost Menu/Button 1 Month' is clicked on

2020-03-13 20:29:44 - [TEST_STEP][PASSED] - click(findTestObject("Object Repository/Web RoomMe.id/Search Kost Menu/Button Additional")): Object: 'Object Repository/Web RoomMe.id/Search Kost Menu/Button Additional' is clicked on

2020-03-13 20:29:44 - [MESSAGE][PASSED] - Object: 'Object Repository/Web RoomMe.id/Search Kost Menu/Button Additional' is clicked on

2020-03-13 20:29:44 - [TEST_STEP][PASSED] - click(findTestObject("Object Repository/Web RoomMe.id/Search Kost Menu/Button 1 Day")): Object: 'Object Repository/Web RoomMe.id/Search Kost Menu/Button 1 Day' is clicked on

2020-03-13 20:29:45 - [MESSAGE][PASSED] - Object: 'Object Repository/Web RoomMe.id/Search Kost Menu/Button 1 Day' is clicked on

2020-03-13 20:29:45 - [TEST_STEP][PASSED] - click(findTestObject("Object Repository/Web RoomMe.id/Search Kost Menu/Button Search")): Object: 'Object Repository/Web RoomMe.id/Search Kost Menu/Button Search' is clicked on

2020-03-13 20:29:47 - [MESSAGE][PASSED] - Object: 'Object Repository/Web RoomMe.id/Search Kost Menu/Button Search' is clicked on

2020-03-13 20:29:47 - [TEST_STEP][NOT_RUN] - verifyElementVisible(findTestObject("Web RoomMe.id/Search Result Menu/Field Facilities")): NOT_RUN: verifyElementVisible(findTestObject("Web RoomMe.id/Search Result Menu/Field Facilities"))

2020-03-13 20:29:47 - [MESSAGE][NOT_RUN] - NOT_RUN: verifyElementVisible(findTestObject("Web RoomMe.id/Search Result Menu/Field Facilities"))

2020-03-13 20:29:47 - [TEST_STEP][PASSED] - verifyElementVisible(findTestObject("Web RoomMe.id/Search Result Menu/Text Nama Kost")): Object 'Object Repository/Web RoomMe.id/Search Result Menu/Text Nama Kost' is visible

2020-03-13 20:29:47 - [MESSAGE][PASSED] - Object 'Object Repository/Web RoomMe.id/Search Result Menu/Text Nama Kost' is visible

2020-03-13 20:29:47 - [TEST_STEP][NOT_RUN] - verifyElementVisible(findTestObject("Web RoomMe.id/Search Result Menu/div_Submit_col-md-4 img-s")): NOT_RUN: verifyElementVisible(findTestObject("Web RoomMe.id/Search Result Menu/div_Submit_col-md-4 img-s"))

2020-03-13 20:29:47 - [MESSAGE][NOT_RUN] - NOT_RUN: verifyElementVisible(findTestObject("Web RoomMe.id/Search Result Menu/div_Submit_col-md-4 img-s"))

2020-03-13 20:29:47 - [TEST_STEP][NOT_RUN] - verifyElementVisible(findTestObject("Web RoomMe.id/Search Result Menu/div_Rp1400000")): NOT_RUN: verifyElementVisible(findTestObject("Web RoomMe.id/Search Result Menu/div_Rp1400000"))

2020-03-13 20:29:47 - [MESSAGE][NOT_RUN] - NOT_RUN: verifyElementVisible(findTestObject("Web RoomMe.id/Search Result Menu/div_Rp1400000"))

2020-03-13 20:29:47 - [TEST_STEP][PASSED] - verifyElementVisible(findTestObject("Web RoomMe.id/Search Result Menu/Image Kost")): Object 'Object Repository/Web RoomMe.id/Search Result Menu/Image Kost' is visible

2020-03-13 20:29:48 - [MESSAGE][PASSED] - Object 'Object Repository/Web RoomMe.id/Search Result Menu/Image Kost' is visible

2020-03-13 20:29:48 - [MESSAGE][PASSED] - Call Test Case 'Test Cases/Web RoomMe.id/Customer Search For Kost' successfully

2020-03-13 20:29:48 - [TEST_STEP][PASSED] - click(findTestObject("Web RoomMe.id/Search Result Menu/Image Kost")): Object: 'Object Repository/Web RoomMe.id/Search Result Menu/Image Kost' is clicked on

2020-03-13 20:29:48 - [MESSAGE][PASSED] - Object: 'Object Repository/Web RoomMe.id/Search Result Menu/Image Kost' is clicked on

2020-03-13 20:29:48 - [TEST_STEP][NOT_RUN] - verifyElementVisible(findTestObject("Web RoomMe.id/RoomMe.id Kost Detail/Image Primary Photo")): NOT_RUN: verifyElementVisible(findTestObject("Web RoomMe.id/RoomMe.id Kost Detail/Image Primary Photo"))

2020-03-13 20:29:48 - [MESSAGE][NOT_RUN] - NOT_RUN: verifyElementVisible(findTestObject("Web RoomMe.id/RoomMe.id Kost Detail/Image Primary Photo"))

2020-03-13 20:29:48 - [TEST_STEP][PASSED] - verifyElementVisible(findTestObject("Web RoomMe.id/RoomMe.id Kost Detail/Image Second Photo")): Object 'Object Repository/Web RoomMe.id/RoomMe.id Kost Detail/Image Second Photo' is visible

2020-03-13 20:29:49 - [MESSAGE][PASSED] - Object 'Object Repository/Web RoomMe.id/RoomMe.id Kost Detail/Image Second Photo' is visible

2020-03-13 20:29:49 - [TEST_STEP][PASSED] - verifyElementVisible(findTestObject("Web RoomMe.id/RoomMe.id Kost Detail/Text Nama Kost")): Object 'Object Repository/Web RoomMe.id/RoomMe.id Kost Detail/Text Nama Kost' is visible

2020-03-13 20:29:53 - [MESSAGE][PASSED] - Object 'Object Repository/Web RoomMe.id/RoomMe.id Kost Detail/Text Nama Kost' is visible

2020-03-13 20:29:53 - [TEST_STEP][PASSED] - kostname = getText(findTestObject("Web RoomMe.id/Search Result Menu/Text Nama Kost")): Text of object 'Object Repository/Web RoomMe.id/Search Result Menu/Text Nama Kost' is: ''

2020-03-13 20:29:53 - [MESSAGE][PASSED] - Text of object 'Object Repository/Web RoomMe.id/Search Result Menu/Text Nama Kost' is: ''

2020-03-13 20:29:53 - [TEST_STEP][NOT_RUN] - verifyElementText(findTestObject("Web RoomMe.id/RoomMe.id Kost Detail/Text Nama Kost"), kostname, STOP_ON_FAILURE): NOT_RUN: verifyElementText(findTestObject("Web RoomMe.id/RoomMe.id Kost Detail/Text Nama Kost"), kostname, STOP_ON_FAILURE)

2020-03-13 20:29:53 - [MESSAGE][NOT_RUN] - NOT_RUN: verifyElementText(findTestObject("Web RoomMe.id/RoomMe.id Kost Detail/Text Nama Kost"), kostname, STOP_ON_FAILURE)

2020-03-13 20:29:53 - [TEST_STEP][PASSED] - verifyElementVisible(findTestObject("Web RoomMe.id/RoomMe.id Kost Detail/Button Read More")): Object 'Object Repository/Web RoomMe.id/RoomMe.id Kost Detail/Button Read More' is visible

2020-03-13 20:29:54 - [MESSAGE][PASSED] - Object 'Object Repository/Web RoomMe.id/RoomMe.id Kost Detail/Button Read More' is visible

2020-03-13 20:29:54 - [TEST_STEP][PASSED] - verifyElementVisible(findTestObject("Web RoomMe.id/RoomMe.id Kost Detail/Button See Map")): Object 'Object Repository/Web RoomMe.id/RoomMe.id Kost Detail/Button See Map' is visible

2020-03-13 20:29:54 - [MESSAGE][PASSED] - Object 'Object Repository/Web RoomMe.id/RoomMe.id Kost Detail/Button See Map' is visible

2020-03-13 20:29:54 - [TEST_STEP][PASSED] - verifyElementVisible(findTestObject("Web RoomMe.id/RoomMe.id Kost Detail/Button Map")): Object 'Object Repository/Web RoomMe.id/RoomMe.id Kost Detail/Button Map' is visible

2020-03-13 20:29:55 - [MESSAGE][PASSED] - Object 'Object Repository/Web RoomMe.id/RoomMe.id Kost Detail/Button Map' is visible

2020-03-13 20:29:55 - [TEST_STEP][NOT_RUN] - verifyElementVisible(findTestObject("Web RoomMe.id/RoomMe.id Kost Detail/Field Building Facilities")): NOT_RUN: verifyElementVisible(findTestObject("Web RoomMe.id/RoomMe.id Kost Detail/Field Building Facilities"))

2020-03-13 20:29:55 - [MESSAGE][NOT_RUN] - NOT_RUN: verifyElementVisible(findTestObject("Web RoomMe.id/RoomMe.id Kost Detail/Field Building Facilities"))

2020-03-13 20:29:55 - [TEST_STEP][PASSED] - verifyElementVisible(findTestObject("Web RoomMe.id/RoomMe.id Kost Detail/Field Room Details")): Object 'Object Repository/Web RoomMe.id/RoomMe.id Kost Detail/Field Room Details' is visible

2020-03-13 20:29:55 - [MESSAGE][PASSED] - Object 'Object Repository/Web RoomMe.id/RoomMe.id Kost Detail/Field Room Details' is visible

2020-03-13 20:29:55 - [TEST_STEP][NOT_RUN] - verifyElementVisible(findTestObject("Web RoomMe.id/RoomMe.id Kost Detail/Field Booking Summary")): NOT_RUN: verifyElementVisible(findTestObject("Web RoomMe.id/RoomMe.id Kost Detail/Field Booking Summary"))

2020-03-13 20:29:55 - [MESSAGE][NOT_RUN] - NOT_RUN: verifyElementVisible(findTestObject("Web RoomMe.id/RoomMe.id Kost Detail/Field Booking Summary"))

2020-03-13 20:29:55 - [TEST_STEP][NOT_RUN] - verifyElementVisible(findTestObject("Web RoomMe.id/RoomMe.id Kost Detail/Field Reccomend Kost Nearby")): NOT_RUN: verifyElementVisible(findTestObject("Web RoomMe.id/RoomMe.id Kost Detail/Field Reccomend Kost Nearby"))

2020-03-13 20:29:55 - [MESSAGE][NOT_RUN] - NOT_RUN: verifyElementVisible(findTestObject("Web RoomMe.id/RoomMe.id Kost Detail/Field Reccomend Kost Nearby"))

2020-03-13 20:29:55 - [TEST_STEP][NOT_RUN] - verifyElementVisible(findTestObject("Web RoomMe.id/RoomMe.id Kost Detail/Button Select")): NOT_RUN: verifyElementVisible(findTestObject("Web RoomMe.id/RoomMe.id Kost Detail/Button Select"))

2020-03-13 20:29:55 - [MESSAGE][NOT_RUN] - NOT_RUN: verifyElementVisible(findTestObject("Web RoomMe.id/RoomMe.id Kost Detail/Button Select"))

2020-03-13 20:29:55 - [TEST_STEP][PASSED] - verifyElementVisible(findTestObject("Web RoomMe.id/RoomMe.id Kost Detail/Button Booking Summary")): Object 'Object Repository/Web RoomMe.id/RoomMe.id Kost Detail/Button Booking Summary' is visible

2020-03-13 20:29:56 - [MESSAGE][PASSED] - Object 'Object Repository/Web RoomMe.id/RoomMe.id Kost Detail/Button Booking Summary' is visible

2020-03-13 20:29:56 - [TEST_STEP][PASSED] - verifyElementVisible(findTestObject("Web RoomMe.id/RoomMe.id Kost Detail/Button Schedule Free Visit")): Object 'Object Repository/Web RoomMe.id/RoomMe.id Kost Detail/Button Schedule Free Visit' is visible

2020-03-13 20:29:56 - [MESSAGE][PASSED] - Object 'Object Repository/Web RoomMe.id/RoomMe.id Kost Detail/Button Schedule Free Visit' is visible

2020-03-13 20:29:56 - [MESSAGE][PASSED] - Call Test Case 'Test Cases/Web RoomMe.id/Customer Select Kost' successfully

2020-03-13 20:29:56 - [TEST_STEP][PASSED] - click(findTestObject("Web RoomMe.id/RoomMe.id Kost Detail/Button Continue to Book")): Object: 'Object Repository/Web RoomMe.id/RoomMe.id Kost Detail/Button Continue to Book' is clicked on

2020-03-13 20:29:57 - [MESSAGE][PASSED] - Object: 'Object Repository/Web RoomMe.id/RoomMe.id Kost Detail/Button Continue to Book' is clicked on

2020-03-13 20:29:57 - [TEST_STEP][NOT_RUN] - verifyElementVisible(findTestObject("Web RoomMe.id/RoomMe.id Kost Detail/Button Continue to Book")): NOT_RUN: verifyElementVisible(findTestObject("Web RoomMe.id/RoomMe.id Kost Detail/Button Continue to Book"))

2020-03-13 20:29:57 - [MESSAGE][NOT_RUN] - NOT_RUN: verifyElementVisible(findTestObject("Web RoomMe.id/RoomMe.id Kost Detail/Button Continue to Book"))

2020-03-13 20:29:57 - [TEST_STEP][NOT_RUN] - if (verifyElementVisible(findTestObject("Web RoomMe.id/RoomMe.id Kost Detail/Button Selected Room"), STOP_ON_FAILURE)): NOT_RUN: if (verifyElementVisible(findTestObject("Web RoomMe.id/RoomMe.id Kost Detail/Button Selected Room"), STOP_ON_FAILURE))

2020-03-13 20:29:57 - [MESSAGE][NOT_RUN] - NOT_RUN: if (verifyElementVisible(findTestObject("Web RoomMe.id/RoomMe.id Kost Detail/Button Selected Room"), STOP_ON_FAILURE))]]></system-out>
         <system-err><![CDATA[]]></system-err>
      </testcase>
      <testcase name="Test Cases/Web RoomMe.id/Customer Continue To Book" time="77.943" classname="Test Cases/Web RoomMe.id/Customer Continue To Book" status="PASSED">
         <system-out><![CDATA[2020-03-13 20:29:57 - [TEST_CASE][PASSED] - Test Cases/Web RoomMe.id/Customer Continue To Book: Test Cases/Web RoomMe.id/Customer Continue To Book

2020-03-13 20:29:58 - [TEST_STEP][PASSED] - callTestCase(findTestCase("Web RoomMe.id/Customer Select Kamar"), [:], STOP_ON_FAILURE): Call Test Case 'Test Cases/Web RoomMe.id/Customer Select Kamar' successfully

2020-03-13 20:29:58 - [TEST_CASE][PASSED] - Test Cases/Web RoomMe.id/Customer Select Kamar: Test Cases/Web RoomMe.id/Customer Select Kamar

2020-03-13 20:29:58 - [TEST_STEP][PASSED] - callTestCase(findTestCase("Web RoomMe.id/Customer Select Kost"), [:], STOP_ON_FAILURE): Call Test Case 'Test Cases/Web RoomMe.id/Customer Select Kost' successfully

2020-03-13 20:29:58 - [TEST_CASE][PASSED] - Test Cases/Web RoomMe.id/Customer Select Kost: Test Cases/Web RoomMe.id/Customer Select Kost

2020-03-13 20:29:58 - [TEST_STEP][PASSED] - callTestCase(findTestCase("Web RoomMe.id/Customer Search For Kost"), [:], STOP_ON_FAILURE): Call Test Case 'Test Cases/Web RoomMe.id/Customer Search For Kost' successfully

2020-03-13 20:29:58 - [TEST_CASE][PASSED] - Test Cases/Web RoomMe.id/Customer Search For Kost: Test Cases/Web RoomMe.id/Customer Search For Kost

2020-03-13 20:29:58 - [TEST_STEP][PASSED] - callTestCase(findTestCase("Web RoomMe.id/Customer Login"), [:], STOP_ON_FAILURE): Call Test Case 'Test Cases/Web RoomMe.id/Customer Login' successfully

2020-03-13 20:29:58 - [TEST_CASE][PASSED] - Test Cases/Web RoomMe.id/Customer Login: Test Cases/Web RoomMe.id/Customer Login

2020-03-13 20:29:58 - [TEST_STEP][PASSED] - callTestCase(findTestCase("Web RoomMe.id/Customer Access RoomMe Page"), [:], STOP_ON_FAILURE): Call Test Case 'Test Cases/Web RoomMe.id/Customer Access RoomMe Page' successfully

2020-03-13 20:29:58 - [TEST_CASE][PASSED] - Test Cases/Web RoomMe.id/Customer Access RoomMe Page: Test Cases/Web RoomMe.id/Customer Access RoomMe Page

2020-03-13 20:29:58 - [TEST_STEP][PASSED] - openBrowser(""): Browser is opened with url: ''

2020-03-13 20:29:58 - [MESSAGE][WARNING] - A browser is already opened. Closing browser and opening a new one

2020-03-13 20:29:59 - [MESSAGE][INFO] - Starting 'Chrome' driver

2020-03-13 20:30:05 - [MESSAGE][PASSED] - Browser is opened with url: ''

2020-03-13 20:30:05 - [TEST_STEP][PASSED] - navigateToUrl("https://web.roomme.id/"): Navigate to 'https://web.roomme.id/' successfully

2020-03-13 20:30:29 - [MESSAGE][PASSED] - Navigate to 'https://web.roomme.id/' successfully

2020-03-13 20:30:29 - [TEST_STEP][PASSED] - maximizeWindow(): Current window maximized

2020-03-13 20:30:33 - [MESSAGE][PASSED] - Current window maximized

2020-03-13 20:30:33 - [MESSAGE][PASSED] - Call Test Case 'Test Cases/Web RoomMe.id/Customer Access RoomMe Page' successfully

2020-03-13 20:30:33 - [TEST_STEP][PASSED] - click(findTestObject("Web RoomMe.id/RoomMe.id Homepage/Button Sign In")): Object: 'Object Repository/Web RoomMe.id/RoomMe.id Homepage/Button Sign In' is clicked on

2020-03-13 20:30:34 - [MESSAGE][PASSED] - Object: 'Object Repository/Web RoomMe.id/RoomMe.id Homepage/Button Sign In' is clicked on

2020-03-13 20:30:34 - [TEST_STEP][PASSED] - verifyElementVisible(findTestObject("Web RoomMe.id/Sign In Menu/Textfield Email")): Object 'Object Repository/Web RoomMe.id/Sign In Menu/Textfield Email' is visible

2020-03-13 20:30:34 - [MESSAGE][PASSED] - Object 'Object Repository/Web RoomMe.id/Sign In Menu/Textfield Email' is visible

2020-03-13 20:30:34 - [TEST_STEP][PASSED] - verifyElementVisible(findTestObject("Web RoomMe.id/Sign In Menu/Textfield Password")): Object 'Object Repository/Web RoomMe.id/Sign In Menu/Textfield Password' is visible

2020-03-13 20:30:35 - [MESSAGE][PASSED] - Object 'Object Repository/Web RoomMe.id/Sign In Menu/Textfield Password' is visible

2020-03-13 20:30:35 - [TEST_STEP][PASSED] - verifyElementVisible(findTestObject("Web RoomMe.id/RoomMe.id Homepage/Button Sign In")): Object 'Object Repository/Web RoomMe.id/RoomMe.id Homepage/Button Sign In' is visible

2020-03-13 20:30:35 - [MESSAGE][PASSED] - Object 'Object Repository/Web RoomMe.id/RoomMe.id Homepage/Button Sign In' is visible

2020-03-13 20:30:35 - [TEST_STEP][PASSED] - verifyElementVisible(findTestObject("Web RoomMe.id/Sign In Menu/Button Forgot Password")): Object 'Object Repository/Web RoomMe.id/Sign In Menu/Button Forgot Password' is visible

2020-03-13 20:30:36 - [MESSAGE][PASSED] - Object 'Object Repository/Web RoomMe.id/Sign In Menu/Button Forgot Password' is visible

2020-03-13 20:30:36 - [TEST_STEP][PASSED] - setText(findTestObject("Web RoomMe.id/Sign In Menu/Textfield Email"), "faldinv68@gmail.com"): Text 'faldinv68@gmail.com' is set on object 'Object Repository/Web RoomMe.id/Sign In Menu/Textfield Email'

2020-03-13 20:30:37 - [MESSAGE][PASSED] - Text 'faldinv68@gmail.com' is set on object 'Object Repository/Web RoomMe.id/Sign In Menu/Textfield Email'

2020-03-13 20:30:37 - [TEST_STEP][PASSED] - setEncryptedText(findTestObject("Web RoomMe.id/Sign In Menu/Textfield Password"), "aeHFOx8jV/A="): Text ****** has been set on object 'Object Repository/Web RoomMe.id/Sign In Menu/Textfield Password'

2020-03-13 20:30:38 - [MESSAGE][PASSED] - Text ****** has been set on object 'Object Repository/Web RoomMe.id/Sign In Menu/Textfield Password'

2020-03-13 20:30:38 - [TEST_STEP][PASSED] - click(findTestObject("Web RoomMe.id/Sign In Menu/Button Sign In")): Object: 'Object Repository/Web RoomMe.id/Sign In Menu/Button Sign In' is clicked on

2020-03-13 20:30:39 - [MESSAGE][PASSED] - Object: 'Object Repository/Web RoomMe.id/Sign In Menu/Button Sign In' is clicked on

2020-03-13 20:30:39 - [TEST_STEP][PASSED] - verifyElementVisible(findTestObject("Web RoomMe.id/Sign In Menu/Button User Menu")): Object 'Object Repository/Web RoomMe.id/Sign In Menu/Button User Menu' is visible

2020-03-13 20:30:43 - [MESSAGE][PASSED] - Object 'Object Repository/Web RoomMe.id/Sign In Menu/Button User Menu' is visible

2020-03-13 20:30:43 - [TEST_STEP][PASSED] - takeScreenshot("Evidence/Login.png"): Taking screenshot successfully

2020-03-13 20:30:44 - [MESSAGE][PASSED] - Taking screenshot successfully
[[ATTACHMENT|C:\\Users\\Faldi\\Katalon Studio\\RoomMe\\Reports\\20200313_202606\\Web RoomMe.id\\Customer Booking\\20200313_202606\\Evidence/Login.png]]

2020-03-13 20:30:44 - [MESSAGE][PASSED] - Call Test Case 'Test Cases/Web RoomMe.id/Customer Login' successfully

2020-03-13 20:30:44 - [TEST_STEP][PASSED] - setText(findTestObject("Object Repository/Web RoomMe.id/Search Kost Menu/input"), "tebet"): Text 'tebet' is set on object 'Object Repository/Web RoomMe.id/Search Kost Menu/input'

2020-03-13 20:30:45 - [MESSAGE][PASSED] - Text 'tebet' is set on object 'Object Repository/Web RoomMe.id/Search Kost Menu/input'

2020-03-13 20:30:45 - [TEST_STEP][PASSED] - click(findTestObject("Web RoomMe.id/RoomMe.id Homepage/Text Suggestion Location (Tebet)")): Object: 'Object Repository/Web RoomMe.id/RoomMe.id Homepage/Text Suggestion Location (Tebet)' is clicked on

2020-03-13 20:30:52 - [MESSAGE][PASSED] - Object: 'Object Repository/Web RoomMe.id/RoomMe.id Homepage/Text Suggestion Location (Tebet)' is clicked on

2020-03-13 20:30:52 - [TEST_STEP][PASSED] - click(findTestObject("Object Repository/Web RoomMe.id/Search Kost Menu/Datepicker")): Object: 'Object Repository/Web RoomMe.id/Search Kost Menu/Datepicker' is clicked on

2020-03-13 20:30:53 - [MESSAGE][PASSED] - Object: 'Object Repository/Web RoomMe.id/Search Kost Menu/Datepicker' is clicked on

2020-03-13 20:30:53 - [TEST_STEP][PASSED] - click(findTestObject("Object Repository/Web RoomMe.id/Search Kost Menu/Day Pick")): Object: 'Object Repository/Web RoomMe.id/Search Kost Menu/Day Pick' is clicked on

2020-03-13 20:30:53 - [MESSAGE][PASSED] - Object: 'Object Repository/Web RoomMe.id/Search Kost Menu/Day Pick' is clicked on

2020-03-13 20:30:53 - [TEST_STEP][PASSED] - click(findTestObject("Object Repository/Web RoomMe.id/Search Kost Menu/Button Duration")): Object: 'Object Repository/Web RoomMe.id/Search Kost Menu/Button Duration' is clicked on

2020-03-13 20:30:54 - [MESSAGE][PASSED] - Object: 'Object Repository/Web RoomMe.id/Search Kost Menu/Button Duration' is clicked on

2020-03-13 20:30:54 - [TEST_STEP][PASSED] - click(findTestObject("Object Repository/Web RoomMe.id/Search Kost Menu/Button 1 Month")): Object: 'Object Repository/Web RoomMe.id/Search Kost Menu/Button 1 Month' is clicked on

2020-03-13 20:30:55 - [MESSAGE][PASSED] - Object: 'Object Repository/Web RoomMe.id/Search Kost Menu/Button 1 Month' is clicked on

2020-03-13 20:30:55 - [TEST_STEP][PASSED] - click(findTestObject("Object Repository/Web RoomMe.id/Search Kost Menu/Button Additional")): Object: 'Object Repository/Web RoomMe.id/Search Kost Menu/Button Additional' is clicked on

2020-03-13 20:30:56 - [MESSAGE][PASSED] - Object: 'Object Repository/Web RoomMe.id/Search Kost Menu/Button Additional' is clicked on

2020-03-13 20:30:56 - [TEST_STEP][PASSED] - click(findTestObject("Object Repository/Web RoomMe.id/Search Kost Menu/Button 1 Day")): Object: 'Object Repository/Web RoomMe.id/Search Kost Menu/Button 1 Day' is clicked on

2020-03-13 20:30:56 - [MESSAGE][PASSED] - Object: 'Object Repository/Web RoomMe.id/Search Kost Menu/Button 1 Day' is clicked on

2020-03-13 20:30:56 - [TEST_STEP][PASSED] - click(findTestObject("Object Repository/Web RoomMe.id/Search Kost Menu/Button Search")): Object: 'Object Repository/Web RoomMe.id/Search Kost Menu/Button Search' is clicked on

2020-03-13 20:31:02 - [MESSAGE][PASSED] - Object: 'Object Repository/Web RoomMe.id/Search Kost Menu/Button Search' is clicked on

2020-03-13 20:31:02 - [TEST_STEP][NOT_RUN] - verifyElementVisible(findTestObject("Web RoomMe.id/Search Result Menu/Field Facilities")): NOT_RUN: verifyElementVisible(findTestObject("Web RoomMe.id/Search Result Menu/Field Facilities"))

2020-03-13 20:31:02 - [MESSAGE][NOT_RUN] - NOT_RUN: verifyElementVisible(findTestObject("Web RoomMe.id/Search Result Menu/Field Facilities"))

2020-03-13 20:31:02 - [TEST_STEP][PASSED] - verifyElementVisible(findTestObject("Web RoomMe.id/Search Result Menu/Text Nama Kost")): Object 'Object Repository/Web RoomMe.id/Search Result Menu/Text Nama Kost' is visible

2020-03-13 20:31:03 - [MESSAGE][PASSED] - Object 'Object Repository/Web RoomMe.id/Search Result Menu/Text Nama Kost' is visible

2020-03-13 20:31:03 - [TEST_STEP][NOT_RUN] - verifyElementVisible(findTestObject("Web RoomMe.id/Search Result Menu/div_Submit_col-md-4 img-s")): NOT_RUN: verifyElementVisible(findTestObject("Web RoomMe.id/Search Result Menu/div_Submit_col-md-4 img-s"))

2020-03-13 20:31:03 - [MESSAGE][NOT_RUN] - NOT_RUN: verifyElementVisible(findTestObject("Web RoomMe.id/Search Result Menu/div_Submit_col-md-4 img-s"))

2020-03-13 20:31:03 - [TEST_STEP][NOT_RUN] - verifyElementVisible(findTestObject("Web RoomMe.id/Search Result Menu/div_Rp1400000")): NOT_RUN: verifyElementVisible(findTestObject("Web RoomMe.id/Search Result Menu/div_Rp1400000"))

2020-03-13 20:31:03 - [MESSAGE][NOT_RUN] - NOT_RUN: verifyElementVisible(findTestObject("Web RoomMe.id/Search Result Menu/div_Rp1400000"))

2020-03-13 20:31:03 - [TEST_STEP][PASSED] - verifyElementVisible(findTestObject("Web RoomMe.id/Search Result Menu/Image Kost")): Object 'Object Repository/Web RoomMe.id/Search Result Menu/Image Kost' is visible

2020-03-13 20:31:04 - [MESSAGE][PASSED] - Object 'Object Repository/Web RoomMe.id/Search Result Menu/Image Kost' is visible

2020-03-13 20:31:04 - [MESSAGE][PASSED] - Call Test Case 'Test Cases/Web RoomMe.id/Customer Search For Kost' successfully

2020-03-13 20:31:04 - [TEST_STEP][PASSED] - click(findTestObject("Web RoomMe.id/Search Result Menu/Image Kost")): Object: 'Object Repository/Web RoomMe.id/Search Result Menu/Image Kost' is clicked on

2020-03-13 20:31:04 - [MESSAGE][PASSED] - Object: 'Object Repository/Web RoomMe.id/Search Result Menu/Image Kost' is clicked on

2020-03-13 20:31:04 - [TEST_STEP][NOT_RUN] - verifyElementVisible(findTestObject("Web RoomMe.id/RoomMe.id Kost Detail/Image Primary Photo")): NOT_RUN: verifyElementVisible(findTestObject("Web RoomMe.id/RoomMe.id Kost Detail/Image Primary Photo"))

2020-03-13 20:31:04 - [MESSAGE][NOT_RUN] - NOT_RUN: verifyElementVisible(findTestObject("Web RoomMe.id/RoomMe.id Kost Detail/Image Primary Photo"))

2020-03-13 20:31:04 - [TEST_STEP][PASSED] - verifyElementVisible(findTestObject("Web RoomMe.id/RoomMe.id Kost Detail/Image Second Photo")): Object 'Object Repository/Web RoomMe.id/RoomMe.id Kost Detail/Image Second Photo' is visible

2020-03-13 20:31:05 - [MESSAGE][PASSED] - Object 'Object Repository/Web RoomMe.id/RoomMe.id Kost Detail/Image Second Photo' is visible

2020-03-13 20:31:05 - [TEST_STEP][PASSED] - verifyElementVisible(findTestObject("Web RoomMe.id/RoomMe.id Kost Detail/Text Nama Kost")): Object 'Object Repository/Web RoomMe.id/RoomMe.id Kost Detail/Text Nama Kost' is visible

2020-03-13 20:31:08 - [MESSAGE][PASSED] - Object 'Object Repository/Web RoomMe.id/RoomMe.id Kost Detail/Text Nama Kost' is visible

2020-03-13 20:31:08 - [TEST_STEP][PASSED] - kostname = getText(findTestObject("Web RoomMe.id/Search Result Menu/Text Nama Kost")): Text of object 'Object Repository/Web RoomMe.id/Search Result Menu/Text Nama Kost' is: ''

2020-03-13 20:31:09 - [MESSAGE][PASSED] - Text of object 'Object Repository/Web RoomMe.id/Search Result Menu/Text Nama Kost' is: ''

2020-03-13 20:31:09 - [TEST_STEP][NOT_RUN] - verifyElementText(findTestObject("Web RoomMe.id/RoomMe.id Kost Detail/Text Nama Kost"), kostname, STOP_ON_FAILURE): NOT_RUN: verifyElementText(findTestObject("Web RoomMe.id/RoomMe.id Kost Detail/Text Nama Kost"), kostname, STOP_ON_FAILURE)

2020-03-13 20:31:09 - [MESSAGE][NOT_RUN] - NOT_RUN: verifyElementText(findTestObject("Web RoomMe.id/RoomMe.id Kost Detail/Text Nama Kost"), kostname, STOP_ON_FAILURE)

2020-03-13 20:31:09 - [TEST_STEP][PASSED] - verifyElementVisible(findTestObject("Web RoomMe.id/RoomMe.id Kost Detail/Button Read More")): Object 'Object Repository/Web RoomMe.id/RoomMe.id Kost Detail/Button Read More' is visible

2020-03-13 20:31:09 - [MESSAGE][PASSED] - Object 'Object Repository/Web RoomMe.id/RoomMe.id Kost Detail/Button Read More' is visible

2020-03-13 20:31:09 - [TEST_STEP][PASSED] - verifyElementVisible(findTestObject("Web RoomMe.id/RoomMe.id Kost Detail/Button See Map")): Object 'Object Repository/Web RoomMe.id/RoomMe.id Kost Detail/Button See Map' is visible

2020-03-13 20:31:09 - [MESSAGE][PASSED] - Object 'Object Repository/Web RoomMe.id/RoomMe.id Kost Detail/Button See Map' is visible

2020-03-13 20:31:09 - [TEST_STEP][PASSED] - verifyElementVisible(findTestObject("Web RoomMe.id/RoomMe.id Kost Detail/Button Map")): Object 'Object Repository/Web RoomMe.id/RoomMe.id Kost Detail/Button Map' is visible

2020-03-13 20:31:10 - [MESSAGE][PASSED] - Object 'Object Repository/Web RoomMe.id/RoomMe.id Kost Detail/Button Map' is visible

2020-03-13 20:31:10 - [TEST_STEP][NOT_RUN] - verifyElementVisible(findTestObject("Web RoomMe.id/RoomMe.id Kost Detail/Field Building Facilities")): NOT_RUN: verifyElementVisible(findTestObject("Web RoomMe.id/RoomMe.id Kost Detail/Field Building Facilities"))

2020-03-13 20:31:10 - [MESSAGE][NOT_RUN] - NOT_RUN: verifyElementVisible(findTestObject("Web RoomMe.id/RoomMe.id Kost Detail/Field Building Facilities"))

2020-03-13 20:31:10 - [TEST_STEP][PASSED] - verifyElementVisible(findTestObject("Web RoomMe.id/RoomMe.id Kost Detail/Field Room Details")): Object 'Object Repository/Web RoomMe.id/RoomMe.id Kost Detail/Field Room Details' is visible

2020-03-13 20:31:10 - [MESSAGE][PASSED] - Object 'Object Repository/Web RoomMe.id/RoomMe.id Kost Detail/Field Room Details' is visible

2020-03-13 20:31:10 - [TEST_STEP][NOT_RUN] - verifyElementVisible(findTestObject("Web RoomMe.id/RoomMe.id Kost Detail/Field Booking Summary")): NOT_RUN: verifyElementVisible(findTestObject("Web RoomMe.id/RoomMe.id Kost Detail/Field Booking Summary"))

2020-03-13 20:31:10 - [MESSAGE][NOT_RUN] - NOT_RUN: verifyElementVisible(findTestObject("Web RoomMe.id/RoomMe.id Kost Detail/Field Booking Summary"))

2020-03-13 20:31:10 - [TEST_STEP][NOT_RUN] - verifyElementVisible(findTestObject("Web RoomMe.id/RoomMe.id Kost Detail/Field Reccomend Kost Nearby")): NOT_RUN: verifyElementVisible(findTestObject("Web RoomMe.id/RoomMe.id Kost Detail/Field Reccomend Kost Nearby"))

2020-03-13 20:31:10 - [MESSAGE][NOT_RUN] - NOT_RUN: verifyElementVisible(findTestObject("Web RoomMe.id/RoomMe.id Kost Detail/Field Reccomend Kost Nearby"))

2020-03-13 20:31:10 - [TEST_STEP][NOT_RUN] - verifyElementVisible(findTestObject("Web RoomMe.id/RoomMe.id Kost Detail/Button Select")): NOT_RUN: verifyElementVisible(findTestObject("Web RoomMe.id/RoomMe.id Kost Detail/Button Select"))

2020-03-13 20:31:10 - [MESSAGE][NOT_RUN] - NOT_RUN: verifyElementVisible(findTestObject("Web RoomMe.id/RoomMe.id Kost Detail/Button Select"))

2020-03-13 20:31:10 - [TEST_STEP][PASSED] - verifyElementVisible(findTestObject("Web RoomMe.id/RoomMe.id Kost Detail/Button Booking Summary")): Object 'Object Repository/Web RoomMe.id/RoomMe.id Kost Detail/Button Booking Summary' is visible

2020-03-13 20:31:11 - [MESSAGE][PASSED] - Object 'Object Repository/Web RoomMe.id/RoomMe.id Kost Detail/Button Booking Summary' is visible

2020-03-13 20:31:11 - [TEST_STEP][PASSED] - verifyElementVisible(findTestObject("Web RoomMe.id/RoomMe.id Kost Detail/Button Schedule Free Visit")): Object 'Object Repository/Web RoomMe.id/RoomMe.id Kost Detail/Button Schedule Free Visit' is visible

2020-03-13 20:31:11 - [MESSAGE][PASSED] - Object 'Object Repository/Web RoomMe.id/RoomMe.id Kost Detail/Button Schedule Free Visit' is visible

2020-03-13 20:31:11 - [MESSAGE][PASSED] - Call Test Case 'Test Cases/Web RoomMe.id/Customer Select Kost' successfully

2020-03-13 20:31:11 - [TEST_STEP][PASSED] - click(findTestObject("Web RoomMe.id/RoomMe.id Kost Detail/Button Continue to Book")): Object: 'Object Repository/Web RoomMe.id/RoomMe.id Kost Detail/Button Continue to Book' is clicked on

2020-03-13 20:31:12 - [MESSAGE][PASSED] - Object: 'Object Repository/Web RoomMe.id/RoomMe.id Kost Detail/Button Continue to Book' is clicked on

2020-03-13 20:31:12 - [TEST_STEP][NOT_RUN] - verifyElementVisible(findTestObject("Web RoomMe.id/RoomMe.id Kost Detail/Button Continue to Book")): NOT_RUN: verifyElementVisible(findTestObject("Web RoomMe.id/RoomMe.id Kost Detail/Button Continue to Book"))

2020-03-13 20:31:12 - [MESSAGE][NOT_RUN] - NOT_RUN: verifyElementVisible(findTestObject("Web RoomMe.id/RoomMe.id Kost Detail/Button Continue to Book"))

2020-03-13 20:31:12 - [TEST_STEP][NOT_RUN] - if (verifyElementVisible(findTestObject("Web RoomMe.id/RoomMe.id Kost Detail/Button Selected Room"), STOP_ON_FAILURE)): NOT_RUN: if (verifyElementVisible(findTestObject("Web RoomMe.id/RoomMe.id Kost Detail/Button Selected Room"), STOP_ON_FAILURE))

2020-03-13 20:31:12 - [MESSAGE][NOT_RUN] - NOT_RUN: if (verifyElementVisible(findTestObject("Web RoomMe.id/RoomMe.id Kost Detail/Button Selected Room"), STOP_ON_FAILURE))

2020-03-13 20:31:12 - [MESSAGE][PASSED] - Call Test Case 'Test Cases/Web RoomMe.id/Customer Select Kamar' successfully

2020-03-13 20:31:12 - [TEST_STEP][PASSED] - verifyElementVisible(findTestObject("Web RoomMe.id/RoomMe.id Kost Detail/Button Continue to Book")): Object 'Object Repository/Web RoomMe.id/RoomMe.id Kost Detail/Button Continue to Book' is visible

2020-03-13 20:31:14 - [MESSAGE][PASSED] - Object 'Object Repository/Web RoomMe.id/RoomMe.id Kost Detail/Button Continue to Book' is visible

2020-03-13 20:31:14 - [TEST_STEP][PASSED] - scrollToElement(findTestObject("Web RoomMe.id/RoomMe.id Kost Detail/Button Continue to Book"), 2): Scroll to object 'Object Repository/Web RoomMe.id/RoomMe.id Kost Detail/Button Continue to Book' successfully

2020-03-13 20:31:15 - [MESSAGE][PASSED] - Scroll to object 'Object Repository/Web RoomMe.id/RoomMe.id Kost Detail/Button Continue to Book' successfully

2020-03-13 20:31:15 - [TEST_STEP][PASSED] - click(findTestObject("Web RoomMe.id/RoomMe.id Kost Detail/Button Continue to Book")): Object: 'Object Repository/Web RoomMe.id/RoomMe.id Kost Detail/Button Continue to Book' is clicked on

2020-03-13 20:31:15 - [MESSAGE][PASSED] - Object: 'Object Repository/Web RoomMe.id/RoomMe.id Kost Detail/Button Continue to Book' is clicked on]]></system-out>
         <system-err><![CDATA[]]></system-err>
      </testcase>
      <testcase name="Test Cases/Web RoomMe.id/Customer Fill Data to Payment" time="113.957" classname="Test Cases/Web RoomMe.id/Customer Fill Data to Payment" status="FAILED">
         <failure type="FAILED" message="Test Cases/Web RoomMe.id/Customer Fill Data to Payment FAILED.
Reason:
com.kms.katalon.core.exception.StepFailedException: Unable to verify object 'Object Repository/Web RoomMe.id/Roomme.id Fill In Data/Text 1 Fill in data' is visible
	at com.kms.katalon.core.webui.keyword.internal.WebUIKeywordMain.stepFailed(WebUIKeywordMain.groovy:64)
	at com.kms.katalon.core.webui.keyword.internal.WebUIKeywordMain.runKeyword(WebUIKeywordMain.groovy:26)
	at com.kms.katalon.core.webui.keyword.builtin.VerifyElementVisibleKeyword.verifyElementVisible(VerifyElementVisibleKeyword.groovy:97)
	at com.kms.katalon.core.webui.keyword.builtin.VerifyElementVisibleKeyword.execute(VerifyElementVisibleKeyword.groovy:67)
	at com.kms.katalon.core.keyword.internal.KeywordExecutor.executeKeywordForPlatform(KeywordExecutor.groovy:72)
	at com.kms.katalon.core.webui.keyword.WebUiBuiltInKeywords.verifyElementVisible(WebUiBuiltInKeywords.groovy:372)
	at com.kms.katalon.core.webui.keyword.WebUiBuiltInKeywords$verifyElementVisible$3.call(Unknown Source)
	at Customer Fill Data to Payment.run(Customer Fill Data to Payment:20)
	at com.kms.katalon.core.main.ScriptEngine.run(ScriptEngine.java:194)
	at com.kms.katalon.core.main.ScriptEngine.runScriptAsRawText(ScriptEngine.java:119)
	at com.kms.katalon.core.main.TestCaseExecutor.runScript(TestCaseExecutor.java:337)
	at com.kms.katalon.core.main.TestCaseExecutor.doExecute(TestCaseExecutor.java:328)
	at com.kms.katalon.core.main.TestCaseExecutor.processExecutionPhase(TestCaseExecutor.java:307)
	at com.kms.katalon.core.main.TestCaseExecutor.accessMainPhase(TestCaseExecutor.java:299)
	at com.kms.katalon.core.main.TestCaseExecutor.execute(TestCaseExecutor.java:233)
	at com.kms.katalon.core.main.TestSuiteExecutor.accessTestCaseMainPhase(TestSuiteExecutor.java:169)
	at com.kms.katalon.core.main.TestSuiteExecutor.accessTestSuiteMainPhase(TestSuiteExecutor.java:142)
	at com.kms.katalon.core.main.TestSuiteExecutor.execute(TestSuiteExecutor.java:91)
	at com.kms.katalon.core.main.TestCaseMain.startTestSuite(TestCaseMain.java:157)
	at com.kms.katalon.core.main.TestCaseMain$startTestSuite$0.call(Unknown Source)
	at TempTestSuite1584105966627.run(TempTestSuite1584105966627.groovy:36)
Caused by: com.kms.katalon.core.exception.StepFailedException: Web element with id: 'Object Repository/Web RoomMe.id/Roomme.id Fill In Data/Text 1 Fill in data' located by 'By.xpath: //div[@id='__layout']/div/div/div[2]/div/p' not found
	at com.kms.katalon.core.webui.keyword.internal.WebUIKeywordMain.stepFailed(WebUIKeywordMain.groovy:64)
	at com.kms.katalon.core.webui.keyword.builtin.VerifyElementVisibleKeyword$_verifyElementVisible_closure1.doCall(VerifyElementVisibleKeyword.groovy:89)
	at com.kms.katalon.core.webui.keyword.builtin.VerifyElementVisibleKeyword$_verifyElementVisible_closure1.call(VerifyElementVisibleKeyword.groovy)
	at com.kms.katalon.core.webui.keyword.internal.WebUIKeywordMain.runKeyword(WebUIKeywordMain.groovy:20)
	... 19 more
"/>
         <system-out><![CDATA[2020-03-13 20:31:15 - [TEST_CASE][FAILED] - Test Cases/Web RoomMe.id/Customer Fill Data to Payment: Test Cases/Web RoomMe.id/Customer Fill Data to Payment FAILED.
Reason:
com.kms.katalon.core.exception.StepFailedException: Unable to verify object 'Object Repository/Web RoomMe.id/Roomme.id Fill In Data/Text 1 Fill in data' is visible
	at com.kms.katalon.core.webui.keyword.internal.WebUIKeywordMain.stepFailed(WebUIKeywordMain.groovy:64)
	at com.kms.katalon.core.webui.keyword.internal.WebUIKeywordMain.runKeyword(WebUIKeywordMain.groovy:26)
	at com.kms.katalon.core.webui.keyword.builtin.VerifyElementVisibleKeyword.verifyElementVisible(VerifyElementVisibleKeyword.groovy:97)
	at com.kms.katalon.core.webui.keyword.builtin.VerifyElementVisibleKeyword.execute(VerifyElementVisibleKeyword.groovy:67)
	at com.kms.katalon.core.keyword.internal.KeywordExecutor.executeKeywordForPlatform(KeywordExecutor.groovy:72)
	at com.kms.katalon.core.webui.keyword.WebUiBuiltInKeywords.verifyElementVisible(WebUiBuiltInKeywords.groovy:372)
	at com.kms.katalon.core.webui.keyword.WebUiBuiltInKeywords$verifyElementVisible$3.call(Unknown Source)
	at Customer Fill Data to Payment.run(Customer Fill Data to Payment:20)
	at com.kms.katalon.core.main.ScriptEngine.run(ScriptEngine.java:194)
	at com.kms.katalon.core.main.ScriptEngine.runScriptAsRawText(ScriptEngine.java:119)
	at com.kms.katalon.core.main.TestCaseExecutor.runScript(TestCaseExecutor.java:337)
	at com.kms.katalon.core.main.TestCaseExecutor.doExecute(TestCaseExecutor.java:328)
	at com.kms.katalon.core.main.TestCaseExecutor.processExecutionPhase(TestCaseExecutor.java:307)
	at com.kms.katalon.core.main.TestCaseExecutor.accessMainPhase(TestCaseExecutor.java:299)
	at com.kms.katalon.core.main.TestCaseExecutor.execute(TestCaseExecutor.java:233)
	at com.kms.katalon.core.main.TestSuiteExecutor.accessTestCaseMainPhase(TestSuiteExecutor.java:169)
	at com.kms.katalon.core.main.TestSuiteExecutor.accessTestSuiteMainPhase(TestSuiteExecutor.java:142)
	at com.kms.katalon.core.main.TestSuiteExecutor.execute(TestSuiteExecutor.java:91)
	at com.kms.katalon.core.main.TestCaseMain.startTestSuite(TestCaseMain.java:157)
	at com.kms.katalon.core.main.TestCaseMain$startTestSuite$0.call(Unknown Source)
	at TempTestSuite1584105966627.run(TempTestSuite1584105966627.groovy:36)
Caused by: com.kms.katalon.core.exception.StepFailedException: Web element with id: 'Object Repository/Web RoomMe.id/Roomme.id Fill In Data/Text 1 Fill in data' located by 'By.xpath: //div[@id='__layout']/div/div/div[2]/div/p' not found
	at com.kms.katalon.core.webui.keyword.internal.WebUIKeywordMain.stepFailed(WebUIKeywordMain.groovy:64)
	at com.kms.katalon.core.webui.keyword.builtin.VerifyElementVisibleKeyword$_verifyElementVisible_closure1.doCall(VerifyElementVisibleKeyword.groovy:89)
	at com.kms.katalon.core.webui.keyword.builtin.VerifyElementVisibleKeyword$_verifyElementVisible_closure1.call(VerifyElementVisibleKeyword.groovy)
	at com.kms.katalon.core.webui.keyword.internal.WebUIKeywordMain.runKeyword(WebUIKeywordMain.groovy:20)
	... 19 more


2020-03-13 20:31:15 - [TEST_STEP][PASSED] - callTestCase(findTestCase("Web RoomMe.id/Customer Continue To Book"), [:], STOP_ON_FAILURE): Call Test Case 'Test Cases/Web RoomMe.id/Customer Continue To Book' successfully

2020-03-13 20:31:16 - [TEST_CASE][PASSED] - Test Cases/Web RoomMe.id/Customer Continue To Book: Test Cases/Web RoomMe.id/Customer Continue To Book

2020-03-13 20:31:16 - [TEST_STEP][PASSED] - callTestCase(findTestCase("Web RoomMe.id/Customer Select Kamar"), [:], STOP_ON_FAILURE): Call Test Case 'Test Cases/Web RoomMe.id/Customer Select Kamar' successfully

2020-03-13 20:31:16 - [TEST_CASE][PASSED] - Test Cases/Web RoomMe.id/Customer Select Kamar: Test Cases/Web RoomMe.id/Customer Select Kamar

2020-03-13 20:31:16 - [TEST_STEP][PASSED] - callTestCase(findTestCase("Web RoomMe.id/Customer Select Kost"), [:], STOP_ON_FAILURE): Call Test Case 'Test Cases/Web RoomMe.id/Customer Select Kost' successfully

2020-03-13 20:31:16 - [TEST_CASE][PASSED] - Test Cases/Web RoomMe.id/Customer Select Kost: Test Cases/Web RoomMe.id/Customer Select Kost

2020-03-13 20:31:16 - [TEST_STEP][PASSED] - callTestCase(findTestCase("Web RoomMe.id/Customer Search For Kost"), [:], STOP_ON_FAILURE): Call Test Case 'Test Cases/Web RoomMe.id/Customer Search For Kost' successfully

2020-03-13 20:31:16 - [TEST_CASE][PASSED] - Test Cases/Web RoomMe.id/Customer Search For Kost: Test Cases/Web RoomMe.id/Customer Search For Kost

2020-03-13 20:31:16 - [TEST_STEP][PASSED] - callTestCase(findTestCase("Web RoomMe.id/Customer Login"), [:], STOP_ON_FAILURE): Call Test Case 'Test Cases/Web RoomMe.id/Customer Login' successfully

2020-03-13 20:31:16 - [TEST_CASE][PASSED] - Test Cases/Web RoomMe.id/Customer Login: Test Cases/Web RoomMe.id/Customer Login

2020-03-13 20:31:16 - [TEST_STEP][PASSED] - callTestCase(findTestCase("Web RoomMe.id/Customer Access RoomMe Page"), [:], STOP_ON_FAILURE): Call Test Case 'Test Cases/Web RoomMe.id/Customer Access RoomMe Page' successfully

2020-03-13 20:31:16 - [TEST_CASE][PASSED] - Test Cases/Web RoomMe.id/Customer Access RoomMe Page: Test Cases/Web RoomMe.id/Customer Access RoomMe Page

2020-03-13 20:31:16 - [TEST_STEP][PASSED] - openBrowser(""): Browser is opened with url: ''

2020-03-13 20:31:16 - [MESSAGE][WARNING] - A browser is already opened. Closing browser and opening a new one

2020-03-13 20:31:17 - [MESSAGE][INFO] - Starting 'Chrome' driver

2020-03-13 20:31:23 - [MESSAGE][PASSED] - Browser is opened with url: ''

2020-03-13 20:31:23 - [TEST_STEP][PASSED] - navigateToUrl("https://web.roomme.id/"): Navigate to 'https://web.roomme.id/' successfully

2020-03-13 20:31:40 - [MESSAGE][PASSED] - Navigate to 'https://web.roomme.id/' successfully

2020-03-13 20:31:40 - [TEST_STEP][PASSED] - maximizeWindow(): Current window maximized

2020-03-13 20:31:44 - [MESSAGE][PASSED] - Current window maximized

2020-03-13 20:31:44 - [MESSAGE][PASSED] - Call Test Case 'Test Cases/Web RoomMe.id/Customer Access RoomMe Page' successfully

2020-03-13 20:31:44 - [TEST_STEP][PASSED] - click(findTestObject("Web RoomMe.id/RoomMe.id Homepage/Button Sign In")): Object: 'Object Repository/Web RoomMe.id/RoomMe.id Homepage/Button Sign In' is clicked on

2020-03-13 20:31:46 - [MESSAGE][PASSED] - Object: 'Object Repository/Web RoomMe.id/RoomMe.id Homepage/Button Sign In' is clicked on

2020-03-13 20:31:46 - [TEST_STEP][PASSED] - verifyElementVisible(findTestObject("Web RoomMe.id/Sign In Menu/Textfield Email")): Object 'Object Repository/Web RoomMe.id/Sign In Menu/Textfield Email' is visible

2020-03-13 20:31:46 - [MESSAGE][PASSED] - Object 'Object Repository/Web RoomMe.id/Sign In Menu/Textfield Email' is visible

2020-03-13 20:31:46 - [TEST_STEP][PASSED] - verifyElementVisible(findTestObject("Web RoomMe.id/Sign In Menu/Textfield Password")): Object 'Object Repository/Web RoomMe.id/Sign In Menu/Textfield Password' is visible

2020-03-13 20:31:47 - [MESSAGE][PASSED] - Object 'Object Repository/Web RoomMe.id/Sign In Menu/Textfield Password' is visible

2020-03-13 20:31:47 - [TEST_STEP][PASSED] - verifyElementVisible(findTestObject("Web RoomMe.id/RoomMe.id Homepage/Button Sign In")): Object 'Object Repository/Web RoomMe.id/RoomMe.id Homepage/Button Sign In' is visible

2020-03-13 20:31:47 - [MESSAGE][PASSED] - Object 'Object Repository/Web RoomMe.id/RoomMe.id Homepage/Button Sign In' is visible

2020-03-13 20:31:47 - [TEST_STEP][PASSED] - verifyElementVisible(findTestObject("Web RoomMe.id/Sign In Menu/Button Forgot Password")): Object 'Object Repository/Web RoomMe.id/Sign In Menu/Button Forgot Password' is visible

2020-03-13 20:31:48 - [MESSAGE][PASSED] - Object 'Object Repository/Web RoomMe.id/Sign In Menu/Button Forgot Password' is visible

2020-03-13 20:31:48 - [TEST_STEP][PASSED] - setText(findTestObject("Web RoomMe.id/Sign In Menu/Textfield Email"), "faldinv68@gmail.com"): Text 'faldinv68@gmail.com' is set on object 'Object Repository/Web RoomMe.id/Sign In Menu/Textfield Email'

2020-03-13 20:31:49 - [MESSAGE][PASSED] - Text 'faldinv68@gmail.com' is set on object 'Object Repository/Web RoomMe.id/Sign In Menu/Textfield Email'

2020-03-13 20:31:49 - [TEST_STEP][PASSED] - setEncryptedText(findTestObject("Web RoomMe.id/Sign In Menu/Textfield Password"), "aeHFOx8jV/A="): Text ****** has been set on object 'Object Repository/Web RoomMe.id/Sign In Menu/Textfield Password'

2020-03-13 20:31:49 - [MESSAGE][PASSED] - Text ****** has been set on object 'Object Repository/Web RoomMe.id/Sign In Menu/Textfield Password'

2020-03-13 20:31:49 - [TEST_STEP][PASSED] - click(findTestObject("Web RoomMe.id/Sign In Menu/Button Sign In")): Object: 'Object Repository/Web RoomMe.id/Sign In Menu/Button Sign In' is clicked on

2020-03-13 20:31:50 - [MESSAGE][PASSED] - Object: 'Object Repository/Web RoomMe.id/Sign In Menu/Button Sign In' is clicked on

2020-03-13 20:31:50 - [TEST_STEP][PASSED] - verifyElementVisible(findTestObject("Web RoomMe.id/Sign In Menu/Button User Menu")): Object 'Object Repository/Web RoomMe.id/Sign In Menu/Button User Menu' is visible

2020-03-13 20:31:55 - [MESSAGE][PASSED] - Object 'Object Repository/Web RoomMe.id/Sign In Menu/Button User Menu' is visible

2020-03-13 20:31:55 - [TEST_STEP][PASSED] - takeScreenshot("Evidence/Login.png"): Taking screenshot successfully

2020-03-13 20:31:56 - [MESSAGE][PASSED] - Taking screenshot successfully
[[ATTACHMENT|C:\\Users\\Faldi\\Katalon Studio\\RoomMe\\Reports\\20200313_202606\\Web RoomMe.id\\Customer Booking\\20200313_202606\\Evidence/Login.png]]

2020-03-13 20:31:56 - [MESSAGE][PASSED] - Call Test Case 'Test Cases/Web RoomMe.id/Customer Login' successfully

2020-03-13 20:31:56 - [TEST_STEP][PASSED] - setText(findTestObject("Object Repository/Web RoomMe.id/Search Kost Menu/input"), "tebet"): Text 'tebet' is set on object 'Object Repository/Web RoomMe.id/Search Kost Menu/input'

2020-03-13 20:31:57 - [MESSAGE][PASSED] - Text 'tebet' is set on object 'Object Repository/Web RoomMe.id/Search Kost Menu/input'

2020-03-13 20:31:57 - [TEST_STEP][PASSED] - click(findTestObject("Web RoomMe.id/RoomMe.id Homepage/Text Suggestion Location (Tebet)")): Object: 'Object Repository/Web RoomMe.id/RoomMe.id Homepage/Text Suggestion Location (Tebet)' is clicked on

2020-03-13 20:31:58 - [MESSAGE][PASSED] - Object: 'Object Repository/Web RoomMe.id/RoomMe.id Homepage/Text Suggestion Location (Tebet)' is clicked on

2020-03-13 20:31:58 - [TEST_STEP][PASSED] - click(findTestObject("Object Repository/Web RoomMe.id/Search Kost Menu/Datepicker")): Object: 'Object Repository/Web RoomMe.id/Search Kost Menu/Datepicker' is clicked on

2020-03-13 20:31:59 - [MESSAGE][PASSED] - Object: 'Object Repository/Web RoomMe.id/Search Kost Menu/Datepicker' is clicked on

2020-03-13 20:31:59 - [TEST_STEP][PASSED] - click(findTestObject("Object Repository/Web RoomMe.id/Search Kost Menu/Day Pick")): Object: 'Object Repository/Web RoomMe.id/Search Kost Menu/Day Pick' is clicked on

2020-03-13 20:31:59 - [MESSAGE][PASSED] - Object: 'Object Repository/Web RoomMe.id/Search Kost Menu/Day Pick' is clicked on

2020-03-13 20:31:59 - [TEST_STEP][PASSED] - click(findTestObject("Object Repository/Web RoomMe.id/Search Kost Menu/Button Duration")): Object: 'Object Repository/Web RoomMe.id/Search Kost Menu/Button Duration' is clicked on

2020-03-13 20:32:01 - [MESSAGE][PASSED] - Object: 'Object Repository/Web RoomMe.id/Search Kost Menu/Button Duration' is clicked on

2020-03-13 20:32:01 - [TEST_STEP][PASSED] - click(findTestObject("Object Repository/Web RoomMe.id/Search Kost Menu/Button 1 Month")): Object: 'Object Repository/Web RoomMe.id/Search Kost Menu/Button 1 Month' is clicked on

2020-03-13 20:32:01 - [MESSAGE][PASSED] - Object: 'Object Repository/Web RoomMe.id/Search Kost Menu/Button 1 Month' is clicked on

2020-03-13 20:32:01 - [TEST_STEP][PASSED] - click(findTestObject("Object Repository/Web RoomMe.id/Search Kost Menu/Button Additional")): Object: 'Object Repository/Web RoomMe.id/Search Kost Menu/Button Additional' is clicked on

2020-03-13 20:32:02 - [MESSAGE][PASSED] - Object: 'Object Repository/Web RoomMe.id/Search Kost Menu/Button Additional' is clicked on

2020-03-13 20:32:02 - [TEST_STEP][PASSED] - click(findTestObject("Object Repository/Web RoomMe.id/Search Kost Menu/Button 1 Day")): Object: 'Object Repository/Web RoomMe.id/Search Kost Menu/Button 1 Day' is clicked on

2020-03-13 20:32:03 - [MESSAGE][PASSED] - Object: 'Object Repository/Web RoomMe.id/Search Kost Menu/Button 1 Day' is clicked on

2020-03-13 20:32:03 - [TEST_STEP][PASSED] - click(findTestObject("Object Repository/Web RoomMe.id/Search Kost Menu/Button Search")): Object: 'Object Repository/Web RoomMe.id/Search Kost Menu/Button Search' is clicked on

2020-03-13 20:32:05 - [MESSAGE][PASSED] - Object: 'Object Repository/Web RoomMe.id/Search Kost Menu/Button Search' is clicked on

2020-03-13 20:32:05 - [TEST_STEP][NOT_RUN] - verifyElementVisible(findTestObject("Web RoomMe.id/Search Result Menu/Field Facilities")): NOT_RUN: verifyElementVisible(findTestObject("Web RoomMe.id/Search Result Menu/Field Facilities"))

2020-03-13 20:32:05 - [MESSAGE][NOT_RUN] - NOT_RUN: verifyElementVisible(findTestObject("Web RoomMe.id/Search Result Menu/Field Facilities"))

2020-03-13 20:32:05 - [TEST_STEP][PASSED] - verifyElementVisible(findTestObject("Web RoomMe.id/Search Result Menu/Text Nama Kost")): Object 'Object Repository/Web RoomMe.id/Search Result Menu/Text Nama Kost' is visible

2020-03-13 20:32:06 - [MESSAGE][PASSED] - Object 'Object Repository/Web RoomMe.id/Search Result Menu/Text Nama Kost' is visible

2020-03-13 20:32:06 - [TEST_STEP][NOT_RUN] - verifyElementVisible(findTestObject("Web RoomMe.id/Search Result Menu/div_Submit_col-md-4 img-s")): NOT_RUN: verifyElementVisible(findTestObject("Web RoomMe.id/Search Result Menu/div_Submit_col-md-4 img-s"))

2020-03-13 20:32:06 - [MESSAGE][NOT_RUN] - NOT_RUN: verifyElementVisible(findTestObject("Web RoomMe.id/Search Result Menu/div_Submit_col-md-4 img-s"))

2020-03-13 20:32:06 - [TEST_STEP][NOT_RUN] - verifyElementVisible(findTestObject("Web RoomMe.id/Search Result Menu/div_Rp1400000")): NOT_RUN: verifyElementVisible(findTestObject("Web RoomMe.id/Search Result Menu/div_Rp1400000"))

2020-03-13 20:32:06 - [MESSAGE][NOT_RUN] - NOT_RUN: verifyElementVisible(findTestObject("Web RoomMe.id/Search Result Menu/div_Rp1400000"))

2020-03-13 20:32:06 - [TEST_STEP][PASSED] - verifyElementVisible(findTestObject("Web RoomMe.id/Search Result Menu/Image Kost")): Object 'Object Repository/Web RoomMe.id/Search Result Menu/Image Kost' is visible

2020-03-13 20:32:07 - [MESSAGE][PASSED] - Object 'Object Repository/Web RoomMe.id/Search Result Menu/Image Kost' is visible

2020-03-13 20:32:07 - [MESSAGE][PASSED] - Call Test Case 'Test Cases/Web RoomMe.id/Customer Search For Kost' successfully

2020-03-13 20:32:07 - [TEST_STEP][PASSED] - click(findTestObject("Web RoomMe.id/Search Result Menu/Image Kost")): Object: 'Object Repository/Web RoomMe.id/Search Result Menu/Image Kost' is clicked on

2020-03-13 20:32:08 - [MESSAGE][PASSED] - Object: 'Object Repository/Web RoomMe.id/Search Result Menu/Image Kost' is clicked on

2020-03-13 20:32:08 - [TEST_STEP][NOT_RUN] - verifyElementVisible(findTestObject("Web RoomMe.id/RoomMe.id Kost Detail/Image Primary Photo")): NOT_RUN: verifyElementVisible(findTestObject("Web RoomMe.id/RoomMe.id Kost Detail/Image Primary Photo"))

2020-03-13 20:32:08 - [MESSAGE][NOT_RUN] - NOT_RUN: verifyElementVisible(findTestObject("Web RoomMe.id/RoomMe.id Kost Detail/Image Primary Photo"))

2020-03-13 20:32:08 - [TEST_STEP][PASSED] - verifyElementVisible(findTestObject("Web RoomMe.id/RoomMe.id Kost Detail/Image Second Photo")): Object 'Object Repository/Web RoomMe.id/RoomMe.id Kost Detail/Image Second Photo' is visible

2020-03-13 20:32:08 - [MESSAGE][PASSED] - Object 'Object Repository/Web RoomMe.id/RoomMe.id Kost Detail/Image Second Photo' is visible

2020-03-13 20:32:08 - [TEST_STEP][PASSED] - verifyElementVisible(findTestObject("Web RoomMe.id/RoomMe.id Kost Detail/Text Nama Kost")): Object 'Object Repository/Web RoomMe.id/RoomMe.id Kost Detail/Text Nama Kost' is visible

2020-03-13 20:32:13 - [MESSAGE][PASSED] - Object 'Object Repository/Web RoomMe.id/RoomMe.id Kost Detail/Text Nama Kost' is visible

2020-03-13 20:32:13 - [TEST_STEP][PASSED] - kostname = getText(findTestObject("Web RoomMe.id/Search Result Menu/Text Nama Kost")): Text of object 'Object Repository/Web RoomMe.id/Search Result Menu/Text Nama Kost' is: ''

2020-03-13 20:32:14 - [MESSAGE][PASSED] - Text of object 'Object Repository/Web RoomMe.id/Search Result Menu/Text Nama Kost' is: ''

2020-03-13 20:32:14 - [TEST_STEP][NOT_RUN] - verifyElementText(findTestObject("Web RoomMe.id/RoomMe.id Kost Detail/Text Nama Kost"), kostname, STOP_ON_FAILURE): NOT_RUN: verifyElementText(findTestObject("Web RoomMe.id/RoomMe.id Kost Detail/Text Nama Kost"), kostname, STOP_ON_FAILURE)

2020-03-13 20:32:14 - [MESSAGE][NOT_RUN] - NOT_RUN: verifyElementText(findTestObject("Web RoomMe.id/RoomMe.id Kost Detail/Text Nama Kost"), kostname, STOP_ON_FAILURE)

2020-03-13 20:32:14 - [TEST_STEP][PASSED] - verifyElementVisible(findTestObject("Web RoomMe.id/RoomMe.id Kost Detail/Button Read More")): Object 'Object Repository/Web RoomMe.id/RoomMe.id Kost Detail/Button Read More' is visible

2020-03-13 20:32:14 - [MESSAGE][PASSED] - Object 'Object Repository/Web RoomMe.id/RoomMe.id Kost Detail/Button Read More' is visible

2020-03-13 20:32:14 - [TEST_STEP][PASSED] - verifyElementVisible(findTestObject("Web RoomMe.id/RoomMe.id Kost Detail/Button See Map")): Object 'Object Repository/Web RoomMe.id/RoomMe.id Kost Detail/Button See Map' is visible

2020-03-13 20:32:15 - [MESSAGE][PASSED] - Object 'Object Repository/Web RoomMe.id/RoomMe.id Kost Detail/Button See Map' is visible

2020-03-13 20:32:15 - [TEST_STEP][PASSED] - verifyElementVisible(findTestObject("Web RoomMe.id/RoomMe.id Kost Detail/Button Map")): Object 'Object Repository/Web RoomMe.id/RoomMe.id Kost Detail/Button Map' is visible

2020-03-13 20:32:15 - [MESSAGE][PASSED] - Object 'Object Repository/Web RoomMe.id/RoomMe.id Kost Detail/Button Map' is visible

2020-03-13 20:32:15 - [TEST_STEP][NOT_RUN] - verifyElementVisible(findTestObject("Web RoomMe.id/RoomMe.id Kost Detail/Field Building Facilities")): NOT_RUN: verifyElementVisible(findTestObject("Web RoomMe.id/RoomMe.id Kost Detail/Field Building Facilities"))

2020-03-13 20:32:15 - [MESSAGE][NOT_RUN] - NOT_RUN: verifyElementVisible(findTestObject("Web RoomMe.id/RoomMe.id Kost Detail/Field Building Facilities"))

2020-03-13 20:32:15 - [TEST_STEP][PASSED] - verifyElementVisible(findTestObject("Web RoomMe.id/RoomMe.id Kost Detail/Field Room Details")): Object 'Object Repository/Web RoomMe.id/RoomMe.id Kost Detail/Field Room Details' is visible

2020-03-13 20:32:16 - [MESSAGE][PASSED] - Object 'Object Repository/Web RoomMe.id/RoomMe.id Kost Detail/Field Room Details' is visible

2020-03-13 20:32:16 - [TEST_STEP][NOT_RUN] - verifyElementVisible(findTestObject("Web RoomMe.id/RoomMe.id Kost Detail/Field Booking Summary")): NOT_RUN: verifyElementVisible(findTestObject("Web RoomMe.id/RoomMe.id Kost Detail/Field Booking Summary"))

2020-03-13 20:32:16 - [MESSAGE][NOT_RUN] - NOT_RUN: verifyElementVisible(findTestObject("Web RoomMe.id/RoomMe.id Kost Detail/Field Booking Summary"))

2020-03-13 20:32:16 - [TEST_STEP][NOT_RUN] - verifyElementVisible(findTestObject("Web RoomMe.id/RoomMe.id Kost Detail/Field Reccomend Kost Nearby")): NOT_RUN: verifyElementVisible(findTestObject("Web RoomMe.id/RoomMe.id Kost Detail/Field Reccomend Kost Nearby"))

2020-03-13 20:32:16 - [MESSAGE][NOT_RUN] - NOT_RUN: verifyElementVisible(findTestObject("Web RoomMe.id/RoomMe.id Kost Detail/Field Reccomend Kost Nearby"))

2020-03-13 20:32:16 - [TEST_STEP][NOT_RUN] - verifyElementVisible(findTestObject("Web RoomMe.id/RoomMe.id Kost Detail/Button Select")): NOT_RUN: verifyElementVisible(findTestObject("Web RoomMe.id/RoomMe.id Kost Detail/Button Select"))

2020-03-13 20:32:16 - [MESSAGE][NOT_RUN] - NOT_RUN: verifyElementVisible(findTestObject("Web RoomMe.id/RoomMe.id Kost Detail/Button Select"))

2020-03-13 20:32:16 - [TEST_STEP][PASSED] - verifyElementVisible(findTestObject("Web RoomMe.id/RoomMe.id Kost Detail/Button Booking Summary")): Object 'Object Repository/Web RoomMe.id/RoomMe.id Kost Detail/Button Booking Summary' is visible

2020-03-13 20:32:16 - [MESSAGE][PASSED] - Object 'Object Repository/Web RoomMe.id/RoomMe.id Kost Detail/Button Booking Summary' is visible

2020-03-13 20:32:16 - [TEST_STEP][PASSED] - verifyElementVisible(findTestObject("Web RoomMe.id/RoomMe.id Kost Detail/Button Schedule Free Visit")): Object 'Object Repository/Web RoomMe.id/RoomMe.id Kost Detail/Button Schedule Free Visit' is visible

2020-03-13 20:32:16 - [MESSAGE][PASSED] - Object 'Object Repository/Web RoomMe.id/RoomMe.id Kost Detail/Button Schedule Free Visit' is visible

2020-03-13 20:32:16 - [MESSAGE][PASSED] - Call Test Case 'Test Cases/Web RoomMe.id/Customer Select Kost' successfully

2020-03-13 20:32:16 - [TEST_STEP][PASSED] - click(findTestObject("Web RoomMe.id/RoomMe.id Kost Detail/Button Continue to Book")): Object: 'Object Repository/Web RoomMe.id/RoomMe.id Kost Detail/Button Continue to Book' is clicked on

2020-03-13 20:32:17 - [MESSAGE][PASSED] - Object: 'Object Repository/Web RoomMe.id/RoomMe.id Kost Detail/Button Continue to Book' is clicked on

2020-03-13 20:32:17 - [TEST_STEP][NOT_RUN] - verifyElementVisible(findTestObject("Web RoomMe.id/RoomMe.id Kost Detail/Button Continue to Book")): NOT_RUN: verifyElementVisible(findTestObject("Web RoomMe.id/RoomMe.id Kost Detail/Button Continue to Book"))

2020-03-13 20:32:17 - [MESSAGE][NOT_RUN] - NOT_RUN: verifyElementVisible(findTestObject("Web RoomMe.id/RoomMe.id Kost Detail/Button Continue to Book"))

2020-03-13 20:32:17 - [TEST_STEP][NOT_RUN] - if (verifyElementVisible(findTestObject("Web RoomMe.id/RoomMe.id Kost Detail/Button Selected Room"), STOP_ON_FAILURE)): NOT_RUN: if (verifyElementVisible(findTestObject("Web RoomMe.id/RoomMe.id Kost Detail/Button Selected Room"), STOP_ON_FAILURE))

2020-03-13 20:32:17 - [MESSAGE][NOT_RUN] - NOT_RUN: if (verifyElementVisible(findTestObject("Web RoomMe.id/RoomMe.id Kost Detail/Button Selected Room"), STOP_ON_FAILURE))

2020-03-13 20:32:17 - [MESSAGE][PASSED] - Call Test Case 'Test Cases/Web RoomMe.id/Customer Select Kamar' successfully

2020-03-13 20:32:17 - [TEST_STEP][PASSED] - verifyElementVisible(findTestObject("Web RoomMe.id/RoomMe.id Kost Detail/Button Continue to Book")): Object 'Object Repository/Web RoomMe.id/RoomMe.id Kost Detail/Button Continue to Book' is visible

2020-03-13 20:32:18 - [MESSAGE][PASSED] - Object 'Object Repository/Web RoomMe.id/RoomMe.id Kost Detail/Button Continue to Book' is visible

2020-03-13 20:32:18 - [TEST_STEP][PASSED] - scrollToElement(findTestObject("Web RoomMe.id/RoomMe.id Kost Detail/Button Continue to Book"), 2): Scroll to object 'Object Repository/Web RoomMe.id/RoomMe.id Kost Detail/Button Continue to Book' successfully

2020-03-13 20:32:19 - [MESSAGE][PASSED] - Scroll to object 'Object Repository/Web RoomMe.id/RoomMe.id Kost Detail/Button Continue to Book' successfully

2020-03-13 20:32:19 - [TEST_STEP][PASSED] - click(findTestObject("Web RoomMe.id/RoomMe.id Kost Detail/Button Continue to Book")): Object: 'Object Repository/Web RoomMe.id/RoomMe.id Kost Detail/Button Continue to Book' is clicked on

2020-03-13 20:32:20 - [MESSAGE][PASSED] - Object: 'Object Repository/Web RoomMe.id/RoomMe.id Kost Detail/Button Continue to Book' is clicked on

2020-03-13 20:32:20 - [MESSAGE][PASSED] - Call Test Case 'Test Cases/Web RoomMe.id/Customer Continue To Book' successfully

2020-03-13 20:32:20 - [TEST_STEP][FAILED] - verifyElementVisible(findTestObject("Web RoomMe.id/Roomme.id Fill In Data/Text 1 Fill in data")): Unable to verify object 'Object Repository/Web RoomMe.id/Roomme.id Fill In Data/Text 1 Fill in data' is visible (Root cause: com.kms.katalon.core.exception.StepFailedException: Unable to verify object 'Object Repository/Web RoomMe.id/Roomme.id Fill In Data/Text 1 Fill in data' is visible
	at com.kms.katalon.core.webui.keyword.internal.WebUIKeywordMain.stepFailed(WebUIKeywordMain.groovy:64)
	at com.kms.katalon.core.webui.keyword.internal.WebUIKeywordMain.runKeyword(WebUIKeywordMain.groovy:26)
	at com.kms.katalon.core.webui.keyword.builtin.VerifyElementVisibleKeyword.verifyElementVisible(VerifyElementVisibleKeyword.groovy:97)
	at com.kms.katalon.core.webui.keyword.builtin.VerifyElementVisibleKeyword.execute(VerifyElementVisibleKeyword.groovy:67)
	at com.kms.katalon.core.keyword.internal.KeywordExecutor.executeKeywordForPlatform(KeywordExecutor.groovy:72)
	at com.kms.katalon.core.webui.keyword.WebUiBuiltInKeywords.verifyElementVisible(WebUiBuiltInKeywords.groovy:372)
	at com.kms.katalon.core.webui.keyword.WebUiBuiltInKeywords$verifyElementVisible$3.call(Unknown Source)
	at Customer Fill Data to Payment.run(Customer Fill Data to Payment:20)
	at com.kms.katalon.core.main.ScriptEngine.run(ScriptEngine.java:194)
	at com.kms.katalon.core.main.ScriptEngine.runScriptAsRawText(ScriptEngine.java:119)
	at com.kms.katalon.core.main.TestCaseExecutor.runScript(TestCaseExecutor.java:337)
	at com.kms.katalon.core.main.TestCaseExecutor.doExecute(TestCaseExecutor.java:328)
	at com.kms.katalon.core.main.TestCaseExecutor.processExecutionPhase(TestCaseExecutor.java:307)
	at com.kms.katalon.core.main.TestCaseExecutor.accessMainPhase(TestCaseExecutor.java:299)
	at com.kms.katalon.core.main.TestCaseExecutor.execute(TestCaseExecutor.java:233)
	at com.kms.katalon.core.main.TestSuiteExecutor.accessTestCaseMainPhase(TestSuiteExecutor.java:169)
	at com.kms.katalon.core.main.TestSuiteExecutor.accessTestSuiteMainPhase(TestSuiteExecutor.java:142)
	at com.kms.katalon.core.main.TestSuiteExecutor.execute(TestSuiteExecutor.java:91)
	at com.kms.katalon.core.main.TestCaseMain.startTestSuite(TestCaseMain.java:157)
	at com.kms.katalon.core.main.TestCaseMain$startTestSuite$0.call(Unknown Source)
	at TempTestSuite1584105966627.run(TempTestSuite1584105966627.groovy:36)
Caused by: com.kms.katalon.core.exception.StepFailedException: Web element with id: 'Object Repository/Web RoomMe.id/Roomme.id Fill In Data/Text 1 Fill in data' located by 'By.xpath: //div[@id='__layout']/div/div/div[2]/div/p' not found
	at com.kms.katalon.core.webui.keyword.internal.WebUIKeywordMain.stepFailed(WebUIKeywordMain.groovy:64)
	at com.kms.katalon.core.webui.keyword.builtin.VerifyElementVisibleKeyword$_verifyElementVisible_closure1.doCall(VerifyElementVisibleKeyword.groovy:89)
	at com.kms.katalon.core.webui.keyword.builtin.VerifyElementVisibleKeyword$_verifyElementVisible_closure1.call(VerifyElementVisibleKeyword.groovy)
	at com.kms.katalon.core.webui.keyword.internal.WebUIKeywordMain.runKeyword(WebUIKeywordMain.groovy:20)
	... 19 more
)

2020-03-13 20:33:08 - [MESSAGE][INFO] - Unable to find the element located by 'By.xpath: //div[@id='__layout']/div/div/div[2]/div/p'. Please recheck the objects properties to make sure the desired element is located. 

2020-03-13 20:33:09 - [MESSAGE][FAILED] - Web element with id: 'Object Repository/Web RoomMe.id/Roomme.id Fill In Data/Text 1 Fill in data' located by 'By.xpath: //div[@id='__layout']/div/div/div[2]/div/p' not found (Root cause: com.kms.katalon.core.exception.StepFailedException: Web element with id: 'Object Repository/Web RoomMe.id/Roomme.id Fill In Data/Text 1 Fill in data' located by 'By.xpath: //div[@id='__layout']/div/div/div[2]/div/p' not found
	at com.kms.katalon.core.webui.keyword.internal.WebUIKeywordMain.stepFailed(WebUIKeywordMain.groovy:64)
	at com.kms.katalon.core.webui.keyword.builtin.VerifyElementVisibleKeyword$_verifyElementVisible_closure1.doCall(VerifyElementVisibleKeyword.groovy:89)
	at com.kms.katalon.core.webui.keyword.builtin.VerifyElementVisibleKeyword$_verifyElementVisible_closure1.call(VerifyElementVisibleKeyword.groovy)
	at com.kms.katalon.core.webui.keyword.internal.WebUIKeywordMain.runKeyword(WebUIKeywordMain.groovy:20)
	at com.kms.katalon.core.webui.keyword.builtin.VerifyElementVisibleKeyword.verifyElementVisible(VerifyElementVisibleKeyword.groovy:97)
	at com.kms.katalon.core.webui.keyword.builtin.VerifyElementVisibleKeyword.execute(VerifyElementVisibleKeyword.groovy:67)
	at com.kms.katalon.core.keyword.internal.KeywordExecutor.executeKeywordForPlatform(KeywordExecutor.groovy:72)
	at com.kms.katalon.core.webui.keyword.WebUiBuiltInKeywords.verifyElementVisible(WebUiBuiltInKeywords.groovy:372)
	at com.kms.katalon.core.webui.keyword.WebUiBuiltInKeywords$verifyElementVisible$3.call(Unknown Source)
	at Customer Fill Data to Payment.run(Customer Fill Data to Payment:20)
	at com.kms.katalon.core.main.ScriptEngine.run(ScriptEngine.java:194)
	at com.kms.katalon.core.main.ScriptEngine.runScriptAsRawText(ScriptEngine.java:119)
	at com.kms.katalon.core.main.TestCaseExecutor.runScript(TestCaseExecutor.java:337)
	at com.kms.katalon.core.main.TestCaseExecutor.doExecute(TestCaseExecutor.java:328)
	at com.kms.katalon.core.main.TestCaseExecutor.processExecutionPhase(TestCaseExecutor.java:307)
	at com.kms.katalon.core.main.TestCaseExecutor.accessMainPhase(TestCaseExecutor.java:299)
	at com.kms.katalon.core.main.TestCaseExecutor.execute(TestCaseExecutor.java:233)
	at com.kms.katalon.core.main.TestSuiteExecutor.accessTestCaseMainPhase(TestSuiteExecutor.java:169)
	at com.kms.katalon.core.main.TestSuiteExecutor.accessTestSuiteMainPhase(TestSuiteExecutor.java:142)
	at com.kms.katalon.core.main.TestSuiteExecutor.execute(TestSuiteExecutor.java:91)
	at com.kms.katalon.core.main.TestCaseMain.startTestSuite(TestCaseMain.java:157)
	at com.kms.katalon.core.main.TestCaseMain$startTestSuite$0.call(Unknown Source)
	at TempTestSuite1584105966627.run(TempTestSuite1584105966627.groovy:36)
)
[[ATTACHMENT|C:\\Users\\Faldi\\Katalon Studio\\RoomMe\\Reports\\20200313_202606\\Web RoomMe.id\\Customer Booking\\20200313_202606\\1584106388424.png]]

2020-03-13 20:33:09 - [MESSAGE][FAILED] - Unable to verify object 'Object Repository/Web RoomMe.id/Roomme.id Fill In Data/Text 1 Fill in data' is visible (Root cause: com.kms.katalon.core.exception.StepFailedException: Unable to verify object 'Object Repository/Web RoomMe.id/Roomme.id Fill In Data/Text 1 Fill in data' is visible
	at com.kms.katalon.core.webui.keyword.internal.WebUIKeywordMain.stepFailed(WebUIKeywordMain.groovy:64)
	at com.kms.katalon.core.webui.keyword.internal.WebUIKeywordMain.runKeyword(WebUIKeywordMain.groovy:26)
	at com.kms.katalon.core.webui.keyword.builtin.VerifyElementVisibleKeyword.verifyElementVisible(VerifyElementVisibleKeyword.groovy:97)
	at com.kms.katalon.core.webui.keyword.builtin.VerifyElementVisibleKeyword.execute(VerifyElementVisibleKeyword.groovy:67)
	at com.kms.katalon.core.keyword.internal.KeywordExecutor.executeKeywordForPlatform(KeywordExecutor.groovy:72)
	at com.kms.katalon.core.webui.keyword.WebUiBuiltInKeywords.verifyElementVisible(WebUiBuiltInKeywords.groovy:372)
	at com.kms.katalon.core.webui.keyword.WebUiBuiltInKeywords$verifyElementVisible$3.call(Unknown Source)
	at Customer Fill Data to Payment.run(Customer Fill Data to Payment:20)
	at com.kms.katalon.core.main.ScriptEngine.run(ScriptEngine.java:194)
	at com.kms.katalon.core.main.ScriptEngine.runScriptAsRawText(ScriptEngine.java:119)
	at com.kms.katalon.core.main.TestCaseExecutor.runScript(TestCaseExecutor.java:337)
	at com.kms.katalon.core.main.TestCaseExecutor.doExecute(TestCaseExecutor.java:328)
	at com.kms.katalon.core.main.TestCaseExecutor.processExecutionPhase(TestCaseExecutor.java:307)
	at com.kms.katalon.core.main.TestCaseExecutor.accessMainPhase(TestCaseExecutor.java:299)
	at com.kms.katalon.core.main.TestCaseExecutor.execute(TestCaseExecutor.java:233)
	at com.kms.katalon.core.main.TestSuiteExecutor.accessTestCaseMainPhase(TestSuiteExecutor.java:169)
	at com.kms.katalon.core.main.TestSuiteExecutor.accessTestSuiteMainPhase(TestSuiteExecutor.java:142)
	at com.kms.katalon.core.main.TestSuiteExecutor.execute(TestSuiteExecutor.java:91)
	at com.kms.katalon.core.main.TestCaseMain.startTestSuite(TestCaseMain.java:157)
	at com.kms.katalon.core.main.TestCaseMain$startTestSuite$0.call(Unknown Source)
	at TempTestSuite1584105966627.run(TempTestSuite1584105966627.groovy:36)
Caused by: com.kms.katalon.core.exception.StepFailedException: Web element with id: 'Object Repository/Web RoomMe.id/Roomme.id Fill In Data/Text 1 Fill in data' located by 'By.xpath: //div[@id='__layout']/div/div/div[2]/div/p' not found
	at com.kms.katalon.core.webui.keyword.internal.WebUIKeywordMain.stepFailed(WebUIKeywordMain.groovy:64)
	at com.kms.katalon.core.webui.keyword.builtin.VerifyElementVisibleKeyword$_verifyElementVisible_closure1.doCall(VerifyElementVisibleKeyword.groovy:89)
	at com.kms.katalon.core.webui.keyword.builtin.VerifyElementVisibleKeyword$_verifyElementVisible_closure1.call(VerifyElementVisibleKeyword.groovy)
	at com.kms.katalon.core.webui.keyword.internal.WebUIKeywordMain.runKeyword(WebUIKeywordMain.groovy:20)
	... 19 more
)
[[ATTACHMENT|C:\\Users\\Faldi\\Katalon Studio\\RoomMe\\Reports\\20200313_202606\\Web RoomMe.id\\Customer Booking\\20200313_202606\\1584106389029.png]]]]></system-out>
         <system-err><![CDATA[2020-03-13 20:31:15 - [TEST_CASE][FAILED] - Test Cases/Web RoomMe.id/Customer Fill Data to Payment: Test Cases/Web RoomMe.id/Customer Fill Data to Payment FAILED.
Reason:
com.kms.katalon.core.exception.StepFailedException: Unable to verify object 'Object Repository/Web RoomMe.id/Roomme.id Fill In Data/Text 1 Fill in data' is visible
	at com.kms.katalon.core.webui.keyword.internal.WebUIKeywordMain.stepFailed(WebUIKeywordMain.groovy:64)
	at com.kms.katalon.core.webui.keyword.internal.WebUIKeywordMain.runKeyword(WebUIKeywordMain.groovy:26)
	at com.kms.katalon.core.webui.keyword.builtin.VerifyElementVisibleKeyword.verifyElementVisible(VerifyElementVisibleKeyword.groovy:97)
	at com.kms.katalon.core.webui.keyword.builtin.VerifyElementVisibleKeyword.execute(VerifyElementVisibleKeyword.groovy:67)
	at com.kms.katalon.core.keyword.internal.KeywordExecutor.executeKeywordForPlatform(KeywordExecutor.groovy:72)
	at com.kms.katalon.core.webui.keyword.WebUiBuiltInKeywords.verifyElementVisible(WebUiBuiltInKeywords.groovy:372)
	at com.kms.katalon.core.webui.keyword.WebUiBuiltInKeywords$verifyElementVisible$3.call(Unknown Source)
	at Customer Fill Data to Payment.run(Customer Fill Data to Payment:20)
	at com.kms.katalon.core.main.ScriptEngine.run(ScriptEngine.java:194)
	at com.kms.katalon.core.main.ScriptEngine.runScriptAsRawText(ScriptEngine.java:119)
	at com.kms.katalon.core.main.TestCaseExecutor.runScript(TestCaseExecutor.java:337)
	at com.kms.katalon.core.main.TestCaseExecutor.doExecute(TestCaseExecutor.java:328)
	at com.kms.katalon.core.main.TestCaseExecutor.processExecutionPhase(TestCaseExecutor.java:307)
	at com.kms.katalon.core.main.TestCaseExecutor.accessMainPhase(TestCaseExecutor.java:299)
	at com.kms.katalon.core.main.TestCaseExecutor.execute(TestCaseExecutor.java:233)
	at com.kms.katalon.core.main.TestSuiteExecutor.accessTestCaseMainPhase(TestSuiteExecutor.java:169)
	at com.kms.katalon.core.main.TestSuiteExecutor.accessTestSuiteMainPhase(TestSuiteExecutor.java:142)
	at com.kms.katalon.core.main.TestSuiteExecutor.execute(TestSuiteExecutor.java:91)
	at com.kms.katalon.core.main.TestCaseMain.startTestSuite(TestCaseMain.java:157)
	at com.kms.katalon.core.main.TestCaseMain$startTestSuite$0.call(Unknown Source)
	at TempTestSuite1584105966627.run(TempTestSuite1584105966627.groovy:36)
Caused by: com.kms.katalon.core.exception.StepFailedException: Web element with id: 'Object Repository/Web RoomMe.id/Roomme.id Fill In Data/Text 1 Fill in data' located by 'By.xpath: //div[@id='__layout']/div/div/div[2]/div/p' not found
	at com.kms.katalon.core.webui.keyword.internal.WebUIKeywordMain.stepFailed(WebUIKeywordMain.groovy:64)
	at com.kms.katalon.core.webui.keyword.builtin.VerifyElementVisibleKeyword$_verifyElementVisible_closure1.doCall(VerifyElementVisibleKeyword.groovy:89)
	at com.kms.katalon.core.webui.keyword.builtin.VerifyElementVisibleKeyword$_verifyElementVisible_closure1.call(VerifyElementVisibleKeyword.groovy)
	at com.kms.katalon.core.webui.keyword.internal.WebUIKeywordMain.runKeyword(WebUIKeywordMain.groovy:20)
	... 19 more]]></system-err>
      </testcase>
      <testcase name="Test Cases/Web RoomMe.id/Customer Continue to Payment" time="116.828" classname="Test Cases/Web RoomMe.id/Customer Continue to Payment" status="FAILED">
         <failure type="FAILED" message="Test Cases/Web RoomMe.id/Customer Continue to Payment FAILED.
Reason:
com.kms.katalon.core.exception.StepFailedException: Call Test Case 'Test Cases/Web RoomMe.id/Customer Fill Data to Payment' failed
	at com.kms.katalon.core.keyword.builtin.CallTestCaseKeyword$_callTestCase_closure1.doCall(CallTestCaseKeyword.groovy:63)
	at com.kms.katalon.core.keyword.builtin.CallTestCaseKeyword$_callTestCase_closure1.call(CallTestCaseKeyword.groovy)
	at com.kms.katalon.core.keyword.internal.KeywordMain.runKeyword(KeywordMain.groovy:68)
	at com.kms.katalon.core.keyword.builtin.CallTestCaseKeyword.callTestCase(CallTestCaseKeyword.groovy:81)
	at com.kms.katalon.core.keyword.builtin.CallTestCaseKeyword.execute(CallTestCaseKeyword.groovy:44)
	at com.kms.katalon.core.keyword.internal.KeywordExecutor.executeKeywordForPlatform(KeywordExecutor.groovy:72)
	at com.kms.katalon.core.keyword.BuiltinKeywords.callTestCase(BuiltinKeywords.groovy:334)
	at Customer Continue to Payment.run(Customer Continue to Payment:18)
	at com.kms.katalon.core.main.ScriptEngine.run(ScriptEngine.java:194)
	at com.kms.katalon.core.main.ScriptEngine.runScriptAsRawText(ScriptEngine.java:119)
	at com.kms.katalon.core.main.TestCaseExecutor.runScript(TestCaseExecutor.java:337)
	at com.kms.katalon.core.main.TestCaseExecutor.doExecute(TestCaseExecutor.java:328)
	at com.kms.katalon.core.main.TestCaseExecutor.processExecutionPhase(TestCaseExecutor.java:307)
	at com.kms.katalon.core.main.TestCaseExecutor.accessMainPhase(TestCaseExecutor.java:299)
	at com.kms.katalon.core.main.TestCaseExecutor.execute(TestCaseExecutor.java:233)
	at com.kms.katalon.core.main.TestSuiteExecutor.accessTestCaseMainPhase(TestSuiteExecutor.java:169)
	at com.kms.katalon.core.main.TestSuiteExecutor.accessTestSuiteMainPhase(TestSuiteExecutor.java:142)
	at com.kms.katalon.core.main.TestSuiteExecutor.execute(TestSuiteExecutor.java:91)
	at com.kms.katalon.core.main.TestCaseMain.startTestSuite(TestCaseMain.java:157)
	at com.kms.katalon.core.main.TestCaseMain$startTestSuite$0.call(Unknown Source)
	at TempTestSuite1584105966627.run(TempTestSuite1584105966627.groovy:36)
Caused by: com.kms.katalon.core.exception.StepFailedException: Unable to verify object 'Object Repository/Web RoomMe.id/Roomme.id Fill In Data/Text 1 Fill in data' is visible
	at com.kms.katalon.core.webui.keyword.internal.WebUIKeywordMain.stepFailed(WebUIKeywordMain.groovy:64)
	at com.kms.katalon.core.webui.keyword.internal.WebUIKeywordMain.runKeyword(WebUIKeywordMain.groovy:26)
	at com.kms.katalon.core.webui.keyword.builtin.VerifyElementVisibleKeyword.verifyElementVisible(VerifyElementVisibleKeyword.groovy:97)
	at com.kms.katalon.core.webui.keyword.builtin.VerifyElementVisibleKeyword.execute(VerifyElementVisibleKeyword.groovy:67)
	at com.kms.katalon.core.keyword.internal.KeywordExecutor.executeKeywordForPlatform(KeywordExecutor.groovy:72)
	at com.kms.katalon.core.webui.keyword.WebUiBuiltInKeywords.verifyElementVisible(WebUiBuiltInKeywords.groovy:372)
	at com.kms.katalon.core.webui.keyword.WebUiBuiltInKeywords$verifyElementVisible$3.call(Unknown Source)
	at Customer Fill Data to Payment.run(Customer Fill Data to Payment:20)
	at com.kms.katalon.core.main.ScriptEngine.run(ScriptEngine.java:194)
	at com.kms.katalon.core.main.ScriptEngine.runScriptAsRawText(ScriptEngine.java:119)
	at com.kms.katalon.core.main.TestCaseExecutor.runScript(TestCaseExecutor.java:337)
	at com.kms.katalon.core.main.TestCaseExecutor.doExecute(TestCaseExecutor.java:328)
	at com.kms.katalon.core.main.TestCaseExecutor.processExecutionPhase(TestCaseExecutor.java:307)
	at com.kms.katalon.core.main.TestCaseExecutor.accessMainPhase(TestCaseExecutor.java:299)
	at com.kms.katalon.core.main.TestCaseExecutor.execute(TestCaseExecutor.java:233)
	at com.kms.katalon.core.main.TestCaseMain.runTestCase(TestCaseMain.java:114)
	at com.kms.katalon.core.keyword.builtin.CallTestCaseKeyword$_callTestCase_closure1.doCall(CallTestCaseKeyword.groovy:59)
	... 20 more
Caused by: com.kms.katalon.core.exception.StepFailedException: Web element with id: 'Object Repository/Web RoomMe.id/Roomme.id Fill In Data/Text 1 Fill in data' located by 'By.xpath: //div[@id='__layout']/div/div/div[2]/div/p' not found
	at com.kms.katalon.core.webui.keyword.internal.WebUIKeywordMain.stepFailed(WebUIKeywordMain.groovy:64)
	at com.kms.katalon.core.webui.keyword.builtin.VerifyElementVisibleKeyword$_verifyElementVisible_closure1.doCall(VerifyElementVisibleKeyword.groovy:89)
	at com.kms.katalon.core.webui.keyword.builtin.VerifyElementVisibleKeyword$_verifyElementVisible_closure1.call(VerifyElementVisibleKeyword.groovy)
	at com.kms.katalon.core.webui.keyword.internal.WebUIKeywordMain.runKeyword(WebUIKeywordMain.groovy:20)
	... 35 more
"/>
         <system-out><![CDATA[2020-03-13 20:33:09 - [TEST_CASE][FAILED] - Test Cases/Web RoomMe.id/Customer Continue to Payment: Test Cases/Web RoomMe.id/Customer Continue to Payment FAILED.
Reason:
com.kms.katalon.core.exception.StepFailedException: Call Test Case 'Test Cases/Web RoomMe.id/Customer Fill Data to Payment' failed
	at com.kms.katalon.core.keyword.builtin.CallTestCaseKeyword$_callTestCase_closure1.doCall(CallTestCaseKeyword.groovy:63)
	at com.kms.katalon.core.keyword.builtin.CallTestCaseKeyword$_callTestCase_closure1.call(CallTestCaseKeyword.groovy)
	at com.kms.katalon.core.keyword.internal.KeywordMain.runKeyword(KeywordMain.groovy:68)
	at com.kms.katalon.core.keyword.builtin.CallTestCaseKeyword.callTestCase(CallTestCaseKeyword.groovy:81)
	at com.kms.katalon.core.keyword.builtin.CallTestCaseKeyword.execute(CallTestCaseKeyword.groovy:44)
	at com.kms.katalon.core.keyword.internal.KeywordExecutor.executeKeywordForPlatform(KeywordExecutor.groovy:72)
	at com.kms.katalon.core.keyword.BuiltinKeywords.callTestCase(BuiltinKeywords.groovy:334)
	at Customer Continue to Payment.run(Customer Continue to Payment:18)
	at com.kms.katalon.core.main.ScriptEngine.run(ScriptEngine.java:194)
	at com.kms.katalon.core.main.ScriptEngine.runScriptAsRawText(ScriptEngine.java:119)
	at com.kms.katalon.core.main.TestCaseExecutor.runScript(TestCaseExecutor.java:337)
	at com.kms.katalon.core.main.TestCaseExecutor.doExecute(TestCaseExecutor.java:328)
	at com.kms.katalon.core.main.TestCaseExecutor.processExecutionPhase(TestCaseExecutor.java:307)
	at com.kms.katalon.core.main.TestCaseExecutor.accessMainPhase(TestCaseExecutor.java:299)
	at com.kms.katalon.core.main.TestCaseExecutor.execute(TestCaseExecutor.java:233)
	at com.kms.katalon.core.main.TestSuiteExecutor.accessTestCaseMainPhase(TestSuiteExecutor.java:169)
	at com.kms.katalon.core.main.TestSuiteExecutor.accessTestSuiteMainPhase(TestSuiteExecutor.java:142)
	at com.kms.katalon.core.main.TestSuiteExecutor.execute(TestSuiteExecutor.java:91)
	at com.kms.katalon.core.main.TestCaseMain.startTestSuite(TestCaseMain.java:157)
	at com.kms.katalon.core.main.TestCaseMain$startTestSuite$0.call(Unknown Source)
	at TempTestSuite1584105966627.run(TempTestSuite1584105966627.groovy:36)
Caused by: com.kms.katalon.core.exception.StepFailedException: Unable to verify object 'Object Repository/Web RoomMe.id/Roomme.id Fill In Data/Text 1 Fill in data' is visible
	at com.kms.katalon.core.webui.keyword.internal.WebUIKeywordMain.stepFailed(WebUIKeywordMain.groovy:64)
	at com.kms.katalon.core.webui.keyword.internal.WebUIKeywordMain.runKeyword(WebUIKeywordMain.groovy:26)
	at com.kms.katalon.core.webui.keyword.builtin.VerifyElementVisibleKeyword.verifyElementVisible(VerifyElementVisibleKeyword.groovy:97)
	at com.kms.katalon.core.webui.keyword.builtin.VerifyElementVisibleKeyword.execute(VerifyElementVisibleKeyword.groovy:67)
	at com.kms.katalon.core.keyword.internal.KeywordExecutor.executeKeywordForPlatform(KeywordExecutor.groovy:72)
	at com.kms.katalon.core.webui.keyword.WebUiBuiltInKeywords.verifyElementVisible(WebUiBuiltInKeywords.groovy:372)
	at com.kms.katalon.core.webui.keyword.WebUiBuiltInKeywords$verifyElementVisible$3.call(Unknown Source)
	at Customer Fill Data to Payment.run(Customer Fill Data to Payment:20)
	at com.kms.katalon.core.main.ScriptEngine.run(ScriptEngine.java:194)
	at com.kms.katalon.core.main.ScriptEngine.runScriptAsRawText(ScriptEngine.java:119)
	at com.kms.katalon.core.main.TestCaseExecutor.runScript(TestCaseExecutor.java:337)
	at com.kms.katalon.core.main.TestCaseExecutor.doExecute(TestCaseExecutor.java:328)
	at com.kms.katalon.core.main.TestCaseExecutor.processExecutionPhase(TestCaseExecutor.java:307)
	at com.kms.katalon.core.main.TestCaseExecutor.accessMainPhase(TestCaseExecutor.java:299)
	at com.kms.katalon.core.main.TestCaseExecutor.execute(TestCaseExecutor.java:233)
	at com.kms.katalon.core.main.TestCaseMain.runTestCase(TestCaseMain.java:114)
	at com.kms.katalon.core.keyword.builtin.CallTestCaseKeyword$_callTestCase_closure1.doCall(CallTestCaseKeyword.groovy:59)
	... 20 more
Caused by: com.kms.katalon.core.exception.StepFailedException: Web element with id: 'Object Repository/Web RoomMe.id/Roomme.id Fill In Data/Text 1 Fill in data' located by 'By.xpath: //div[@id='__layout']/div/div/div[2]/div/p' not found
	at com.kms.katalon.core.webui.keyword.internal.WebUIKeywordMain.stepFailed(WebUIKeywordMain.groovy:64)
	at com.kms.katalon.core.webui.keyword.builtin.VerifyElementVisibleKeyword$_verifyElementVisible_closure1.doCall(VerifyElementVisibleKeyword.groovy:89)
	at com.kms.katalon.core.webui.keyword.builtin.VerifyElementVisibleKeyword$_verifyElementVisible_closure1.call(VerifyElementVisibleKeyword.groovy)
	at com.kms.katalon.core.webui.keyword.internal.WebUIKeywordMain.runKeyword(WebUIKeywordMain.groovy:20)
	... 35 more


2020-03-13 20:33:10 - [TEST_STEP][FAILED] - callTestCase(findTestCase("Web RoomMe.id/Customer Fill Data to Payment"), [:], STOP_ON_FAILURE): Unable to call Test Case 'Test Cases/Web RoomMe.id/Customer Fill Data to Payment' (Root cause: com.kms.katalon.core.exception.StepFailedException: Call Test Case 'Test Cases/Web RoomMe.id/Customer Fill Data to Payment' failed
	at com.kms.katalon.core.keyword.builtin.CallTestCaseKeyword$_callTestCase_closure1.doCall(CallTestCaseKeyword.groovy:63)
	at com.kms.katalon.core.keyword.builtin.CallTestCaseKeyword$_callTestCase_closure1.call(CallTestCaseKeyword.groovy)
	at com.kms.katalon.core.keyword.internal.KeywordMain.runKeyword(KeywordMain.groovy:68)
	at com.kms.katalon.core.keyword.builtin.CallTestCaseKeyword.callTestCase(CallTestCaseKeyword.groovy:81)
	at com.kms.katalon.core.keyword.builtin.CallTestCaseKeyword.execute(CallTestCaseKeyword.groovy:44)
	at com.kms.katalon.core.keyword.internal.KeywordExecutor.executeKeywordForPlatform(KeywordExecutor.groovy:72)
	at com.kms.katalon.core.keyword.BuiltinKeywords.callTestCase(BuiltinKeywords.groovy:334)
	at Customer Continue to Payment.run(Customer Continue to Payment:18)
	at com.kms.katalon.core.main.ScriptEngine.run(ScriptEngine.java:194)
	at com.kms.katalon.core.main.ScriptEngine.runScriptAsRawText(ScriptEngine.java:119)
	at com.kms.katalon.core.main.TestCaseExecutor.runScript(TestCaseExecutor.java:337)
	at com.kms.katalon.core.main.TestCaseExecutor.doExecute(TestCaseExecutor.java:328)
	at com.kms.katalon.core.main.TestCaseExecutor.processExecutionPhase(TestCaseExecutor.java:307)
	at com.kms.katalon.core.main.TestCaseExecutor.accessMainPhase(TestCaseExecutor.java:299)
	at com.kms.katalon.core.main.TestCaseExecutor.execute(TestCaseExecutor.java:233)
	at com.kms.katalon.core.main.TestSuiteExecutor.accessTestCaseMainPhase(TestSuiteExecutor.java:169)
	at com.kms.katalon.core.main.TestSuiteExecutor.accessTestSuiteMainPhase(TestSuiteExecutor.java:142)
	at com.kms.katalon.core.main.TestSuiteExecutor.execute(TestSuiteExecutor.java:91)
	at com.kms.katalon.core.main.TestCaseMain.startTestSuite(TestCaseMain.java:157)
	at com.kms.katalon.core.main.TestCaseMain$startTestSuite$0.call(Unknown Source)
	at TempTestSuite1584105966627.run(TempTestSuite1584105966627.groovy:36)
Caused by: com.kms.katalon.core.exception.StepFailedException: Unable to verify object 'Object Repository/Web RoomMe.id/Roomme.id Fill In Data/Text 1 Fill in data' is visible
	at com.kms.katalon.core.webui.keyword.internal.WebUIKeywordMain.stepFailed(WebUIKeywordMain.groovy:64)
	at com.kms.katalon.core.webui.keyword.internal.WebUIKeywordMain.runKeyword(WebUIKeywordMain.groovy:26)
	at com.kms.katalon.core.webui.keyword.builtin.VerifyElementVisibleKeyword.verifyElementVisible(VerifyElementVisibleKeyword.groovy:97)
	at com.kms.katalon.core.webui.keyword.builtin.VerifyElementVisibleKeyword.execute(VerifyElementVisibleKeyword.groovy:67)
	at com.kms.katalon.core.keyword.internal.KeywordExecutor.executeKeywordForPlatform(KeywordExecutor.groovy:72)
	at com.kms.katalon.core.webui.keyword.WebUiBuiltInKeywords.verifyElementVisible(WebUiBuiltInKeywords.groovy:372)
	at com.kms.katalon.core.webui.keyword.WebUiBuiltInKeywords$verifyElementVisible$3.call(Unknown Source)
	at Customer Fill Data to Payment.run(Customer Fill Data to Payment:20)
	at com.kms.katalon.core.main.ScriptEngine.run(ScriptEngine.java:194)
	at com.kms.katalon.core.main.ScriptEngine.runScriptAsRawText(ScriptEngine.java:119)
	at com.kms.katalon.core.main.TestCaseExecutor.runScript(TestCaseExecutor.java:337)
	at com.kms.katalon.core.main.TestCaseExecutor.doExecute(TestCaseExecutor.java:328)
	at com.kms.katalon.core.main.TestCaseExecutor.processExecutionPhase(TestCaseExecutor.java:307)
	at com.kms.katalon.core.main.TestCaseExecutor.accessMainPhase(TestCaseExecutor.java:299)
	at com.kms.katalon.core.main.TestCaseExecutor.execute(TestCaseExecutor.java:233)
	at com.kms.katalon.core.main.TestCaseMain.runTestCase(TestCaseMain.java:114)
	at com.kms.katalon.core.keyword.builtin.CallTestCaseKeyword$_callTestCase_closure1.doCall(CallTestCaseKeyword.groovy:59)
	... 20 more
Caused by: com.kms.katalon.core.exception.StepFailedException: Web element with id: 'Object Repository/Web RoomMe.id/Roomme.id Fill In Data/Text 1 Fill in data' located by 'By.xpath: //div[@id='__layout']/div/div/div[2]/div/p' not found
	at com.kms.katalon.core.webui.keyword.internal.WebUIKeywordMain.stepFailed(WebUIKeywordMain.groovy:64)
	at com.kms.katalon.core.webui.keyword.builtin.VerifyElementVisibleKeyword$_verifyElementVisible_closure1.doCall(VerifyElementVisibleKeyword.groovy:89)
	at com.kms.katalon.core.webui.keyword.builtin.VerifyElementVisibleKeyword$_verifyElementVisible_closure1.call(VerifyElementVisibleKeyword.groovy)
	at com.kms.katalon.core.webui.keyword.internal.WebUIKeywordMain.runKeyword(WebUIKeywordMain.groovy:20)
	... 35 more
)

2020-03-13 20:33:10 - [TEST_CASE][FAILED] - Test Cases/Web RoomMe.id/Customer Fill Data to Payment: Test Cases/Web RoomMe.id/Customer Fill Data to Payment FAILED.
Reason:
com.kms.katalon.core.exception.StepFailedException: Unable to verify object 'Object Repository/Web RoomMe.id/Roomme.id Fill In Data/Text 1 Fill in data' is visible
	at com.kms.katalon.core.webui.keyword.internal.WebUIKeywordMain.stepFailed(WebUIKeywordMain.groovy:64)
	at com.kms.katalon.core.webui.keyword.internal.WebUIKeywordMain.runKeyword(WebUIKeywordMain.groovy:26)
	at com.kms.katalon.core.webui.keyword.builtin.VerifyElementVisibleKeyword.verifyElementVisible(VerifyElementVisibleKeyword.groovy:97)
	at com.kms.katalon.core.webui.keyword.builtin.VerifyElementVisibleKeyword.execute(VerifyElementVisibleKeyword.groovy:67)
	at com.kms.katalon.core.keyword.internal.KeywordExecutor.executeKeywordForPlatform(KeywordExecutor.groovy:72)
	at com.kms.katalon.core.webui.keyword.WebUiBuiltInKeywords.verifyElementVisible(WebUiBuiltInKeywords.groovy:372)
	at com.kms.katalon.core.webui.keyword.WebUiBuiltInKeywords$verifyElementVisible$3.call(Unknown Source)
	at Customer Fill Data to Payment.run(Customer Fill Data to Payment:20)
	at com.kms.katalon.core.main.ScriptEngine.run(ScriptEngine.java:194)
	at com.kms.katalon.core.main.ScriptEngine.runScriptAsRawText(ScriptEngine.java:119)
	at com.kms.katalon.core.main.TestCaseExecutor.runScript(TestCaseExecutor.java:337)
	at com.kms.katalon.core.main.TestCaseExecutor.doExecute(TestCaseExecutor.java:328)
	at com.kms.katalon.core.main.TestCaseExecutor.processExecutionPhase(TestCaseExecutor.java:307)
	at com.kms.katalon.core.main.TestCaseExecutor.accessMainPhase(TestCaseExecutor.java:299)
	at com.kms.katalon.core.main.TestCaseExecutor.execute(TestCaseExecutor.java:233)
	at com.kms.katalon.core.main.TestCaseMain.runTestCase(TestCaseMain.java:114)
	at com.kms.katalon.core.keyword.builtin.CallTestCaseKeyword$_callTestCase_closure1.doCall(CallTestCaseKeyword.groovy:59)
	at com.kms.katalon.core.keyword.builtin.CallTestCaseKeyword$_callTestCase_closure1.call(CallTestCaseKeyword.groovy)
	at com.kms.katalon.core.keyword.internal.KeywordMain.runKeyword(KeywordMain.groovy:68)
	at com.kms.katalon.core.keyword.builtin.CallTestCaseKeyword.callTestCase(CallTestCaseKeyword.groovy:81)
	at com.kms.katalon.core.keyword.builtin.CallTestCaseKeyword.execute(CallTestCaseKeyword.groovy:44)
	at com.kms.katalon.core.keyword.internal.KeywordExecutor.executeKeywordForPlatform(KeywordExecutor.groovy:72)
	at com.kms.katalon.core.keyword.BuiltinKeywords.callTestCase(BuiltinKeywords.groovy:334)
	at Customer Continue to Payment.run(Customer Continue to Payment:18)
	at com.kms.katalon.core.main.ScriptEngine.run(ScriptEngine.java:194)
	at com.kms.katalon.core.main.ScriptEngine.runScriptAsRawText(ScriptEngine.java:119)
	at com.kms.katalon.core.main.TestCaseExecutor.runScript(TestCaseExecutor.java:337)
	at com.kms.katalon.core.main.TestCaseExecutor.doExecute(TestCaseExecutor.java:328)
	at com.kms.katalon.core.main.TestCaseExecutor.processExecutionPhase(TestCaseExecutor.java:307)
	at com.kms.katalon.core.main.TestCaseExecutor.accessMainPhase(TestCaseExecutor.java:299)
	at com.kms.katalon.core.main.TestCaseExecutor.execute(TestCaseExecutor.java:233)
	at com.kms.katalon.core.main.TestSuiteExecutor.accessTestCaseMainPhase(TestSuiteExecutor.java:169)
	at com.kms.katalon.core.main.TestSuiteExecutor.accessTestSuiteMainPhase(TestSuiteExecutor.java:142)
	at com.kms.katalon.core.main.TestSuiteExecutor.execute(TestSuiteExecutor.java:91)
	at com.kms.katalon.core.main.TestCaseMain.startTestSuite(TestCaseMain.java:157)
	at com.kms.katalon.core.main.TestCaseMain$startTestSuite$0.call(Unknown Source)
	at TempTestSuite1584105966627.run(TempTestSuite1584105966627.groovy:36)
Caused by: com.kms.katalon.core.exception.StepFailedException: Web element with id: 'Object Repository/Web RoomMe.id/Roomme.id Fill In Data/Text 1 Fill in data' located by 'By.xpath: //div[@id='__layout']/div/div/div[2]/div/p' not found
	at com.kms.katalon.core.webui.keyword.internal.WebUIKeywordMain.stepFailed(WebUIKeywordMain.groovy:64)
	at com.kms.katalon.core.webui.keyword.builtin.VerifyElementVisibleKeyword$_verifyElementVisible_closure1.doCall(VerifyElementVisibleKeyword.groovy:89)
	at com.kms.katalon.core.webui.keyword.builtin.VerifyElementVisibleKeyword$_verifyElementVisible_closure1.call(VerifyElementVisibleKeyword.groovy)
	at com.kms.katalon.core.webui.keyword.internal.WebUIKeywordMain.runKeyword(WebUIKeywordMain.groovy:20)
	... 35 more


2020-03-13 20:33:10 - [TEST_STEP][PASSED] - callTestCase(findTestCase("Web RoomMe.id/Customer Continue To Book"), [:], STOP_ON_FAILURE): Call Test Case 'Test Cases/Web RoomMe.id/Customer Continue To Book' successfully

2020-03-13 20:33:10 - [TEST_CASE][PASSED] - Test Cases/Web RoomMe.id/Customer Continue To Book: Test Cases/Web RoomMe.id/Customer Continue To Book

2020-03-13 20:33:10 - [TEST_STEP][PASSED] - callTestCase(findTestCase("Web RoomMe.id/Customer Select Kamar"), [:], STOP_ON_FAILURE): Call Test Case 'Test Cases/Web RoomMe.id/Customer Select Kamar' successfully

2020-03-13 20:33:10 - [TEST_CASE][PASSED] - Test Cases/Web RoomMe.id/Customer Select Kamar: Test Cases/Web RoomMe.id/Customer Select Kamar

2020-03-13 20:33:10 - [TEST_STEP][PASSED] - callTestCase(findTestCase("Web RoomMe.id/Customer Select Kost"), [:], STOP_ON_FAILURE): Call Test Case 'Test Cases/Web RoomMe.id/Customer Select Kost' successfully

2020-03-13 20:33:10 - [TEST_CASE][PASSED] - Test Cases/Web RoomMe.id/Customer Select Kost: Test Cases/Web RoomMe.id/Customer Select Kost

2020-03-13 20:33:10 - [TEST_STEP][PASSED] - callTestCase(findTestCase("Web RoomMe.id/Customer Search For Kost"), [:], STOP_ON_FAILURE): Call Test Case 'Test Cases/Web RoomMe.id/Customer Search For Kost' successfully

2020-03-13 20:33:10 - [TEST_CASE][PASSED] - Test Cases/Web RoomMe.id/Customer Search For Kost: Test Cases/Web RoomMe.id/Customer Search For Kost

2020-03-13 20:33:10 - [TEST_STEP][PASSED] - callTestCase(findTestCase("Web RoomMe.id/Customer Login"), [:], STOP_ON_FAILURE): Call Test Case 'Test Cases/Web RoomMe.id/Customer Login' successfully

2020-03-13 20:33:10 - [TEST_CASE][PASSED] - Test Cases/Web RoomMe.id/Customer Login: Test Cases/Web RoomMe.id/Customer Login

2020-03-13 20:33:10 - [TEST_STEP][PASSED] - callTestCase(findTestCase("Web RoomMe.id/Customer Access RoomMe Page"), [:], STOP_ON_FAILURE): Call Test Case 'Test Cases/Web RoomMe.id/Customer Access RoomMe Page' successfully

2020-03-13 20:33:10 - [TEST_CASE][PASSED] - Test Cases/Web RoomMe.id/Customer Access RoomMe Page: Test Cases/Web RoomMe.id/Customer Access RoomMe Page

2020-03-13 20:33:10 - [TEST_STEP][PASSED] - openBrowser(""): Browser is opened with url: ''

2020-03-13 20:33:10 - [MESSAGE][WARNING] - A browser is already opened. Closing browser and opening a new one

2020-03-13 20:33:11 - [MESSAGE][INFO] - Starting 'Chrome' driver

2020-03-13 20:33:17 - [MESSAGE][PASSED] - Browser is opened with url: ''

2020-03-13 20:33:17 - [TEST_STEP][PASSED] - navigateToUrl("https://web.roomme.id/"): Navigate to 'https://web.roomme.id/' successfully

2020-03-13 20:33:43 - [MESSAGE][PASSED] - Navigate to 'https://web.roomme.id/' successfully

2020-03-13 20:33:43 - [TEST_STEP][PASSED] - maximizeWindow(): Current window maximized

2020-03-13 20:33:47 - [MESSAGE][PASSED] - Current window maximized

2020-03-13 20:33:47 - [MESSAGE][PASSED] - Call Test Case 'Test Cases/Web RoomMe.id/Customer Access RoomMe Page' successfully

2020-03-13 20:33:47 - [TEST_STEP][PASSED] - click(findTestObject("Web RoomMe.id/RoomMe.id Homepage/Button Sign In")): Object: 'Object Repository/Web RoomMe.id/RoomMe.id Homepage/Button Sign In' is clicked on

2020-03-13 20:33:48 - [MESSAGE][PASSED] - Object: 'Object Repository/Web RoomMe.id/RoomMe.id Homepage/Button Sign In' is clicked on

2020-03-13 20:33:48 - [TEST_STEP][PASSED] - verifyElementVisible(findTestObject("Web RoomMe.id/Sign In Menu/Textfield Email")): Object 'Object Repository/Web RoomMe.id/Sign In Menu/Textfield Email' is visible

2020-03-13 20:33:48 - [MESSAGE][PASSED] - Object 'Object Repository/Web RoomMe.id/Sign In Menu/Textfield Email' is visible

2020-03-13 20:33:48 - [TEST_STEP][PASSED] - verifyElementVisible(findTestObject("Web RoomMe.id/Sign In Menu/Textfield Password")): Object 'Object Repository/Web RoomMe.id/Sign In Menu/Textfield Password' is visible

2020-03-13 20:33:49 - [MESSAGE][PASSED] - Object 'Object Repository/Web RoomMe.id/Sign In Menu/Textfield Password' is visible

2020-03-13 20:33:49 - [TEST_STEP][PASSED] - verifyElementVisible(findTestObject("Web RoomMe.id/RoomMe.id Homepage/Button Sign In")): Object 'Object Repository/Web RoomMe.id/RoomMe.id Homepage/Button Sign In' is visible

2020-03-13 20:33:50 - [MESSAGE][PASSED] - Object 'Object Repository/Web RoomMe.id/RoomMe.id Homepage/Button Sign In' is visible

2020-03-13 20:33:50 - [TEST_STEP][PASSED] - verifyElementVisible(findTestObject("Web RoomMe.id/Sign In Menu/Button Forgot Password")): Object 'Object Repository/Web RoomMe.id/Sign In Menu/Button Forgot Password' is visible

2020-03-13 20:33:50 - [MESSAGE][PASSED] - Object 'Object Repository/Web RoomMe.id/Sign In Menu/Button Forgot Password' is visible

2020-03-13 20:33:50 - [TEST_STEP][PASSED] - setText(findTestObject("Web RoomMe.id/Sign In Menu/Textfield Email"), "faldinv68@gmail.com"): Text 'faldinv68@gmail.com' is set on object 'Object Repository/Web RoomMe.id/Sign In Menu/Textfield Email'

2020-03-13 20:33:52 - [MESSAGE][PASSED] - Text 'faldinv68@gmail.com' is set on object 'Object Repository/Web RoomMe.id/Sign In Menu/Textfield Email'

2020-03-13 20:33:52 - [TEST_STEP][PASSED] - setEncryptedText(findTestObject("Web RoomMe.id/Sign In Menu/Textfield Password"), "aeHFOx8jV/A="): Text ****** has been set on object 'Object Repository/Web RoomMe.id/Sign In Menu/Textfield Password'

2020-03-13 20:33:52 - [MESSAGE][PASSED] - Text ****** has been set on object 'Object Repository/Web RoomMe.id/Sign In Menu/Textfield Password'

2020-03-13 20:33:52 - [TEST_STEP][PASSED] - click(findTestObject("Web RoomMe.id/Sign In Menu/Button Sign In")): Object: 'Object Repository/Web RoomMe.id/Sign In Menu/Button Sign In' is clicked on

2020-03-13 20:33:53 - [MESSAGE][PASSED] - Object: 'Object Repository/Web RoomMe.id/Sign In Menu/Button Sign In' is clicked on

2020-03-13 20:33:53 - [TEST_STEP][PASSED] - verifyElementVisible(findTestObject("Web RoomMe.id/Sign In Menu/Button User Menu")): Object 'Object Repository/Web RoomMe.id/Sign In Menu/Button User Menu' is visible

2020-03-13 20:33:57 - [MESSAGE][PASSED] - Object 'Object Repository/Web RoomMe.id/Sign In Menu/Button User Menu' is visible

2020-03-13 20:33:57 - [TEST_STEP][PASSED] - takeScreenshot("Evidence/Login.png"): Taking screenshot successfully

2020-03-13 20:33:58 - [MESSAGE][PASSED] - Taking screenshot successfully
[[ATTACHMENT|C:\\Users\\Faldi\\Katalon Studio\\RoomMe\\Reports\\20200313_202606\\Web RoomMe.id\\Customer Booking\\20200313_202606\\Evidence/Login.png]]

2020-03-13 20:33:58 - [MESSAGE][PASSED] - Call Test Case 'Test Cases/Web RoomMe.id/Customer Login' successfully

2020-03-13 20:33:58 - [TEST_STEP][PASSED] - setText(findTestObject("Object Repository/Web RoomMe.id/Search Kost Menu/input"), "tebet"): Text 'tebet' is set on object 'Object Repository/Web RoomMe.id/Search Kost Menu/input'

2020-03-13 20:33:58 - [MESSAGE][PASSED] - Text 'tebet' is set on object 'Object Repository/Web RoomMe.id/Search Kost Menu/input'

2020-03-13 20:33:58 - [TEST_STEP][PASSED] - click(findTestObject("Web RoomMe.id/RoomMe.id Homepage/Text Suggestion Location (Tebet)")): Object: 'Object Repository/Web RoomMe.id/RoomMe.id Homepage/Text Suggestion Location (Tebet)' is clicked on

2020-03-13 20:33:59 - [MESSAGE][PASSED] - Object: 'Object Repository/Web RoomMe.id/RoomMe.id Homepage/Text Suggestion Location (Tebet)' is clicked on

2020-03-13 20:33:59 - [TEST_STEP][PASSED] - click(findTestObject("Object Repository/Web RoomMe.id/Search Kost Menu/Datepicker")): Object: 'Object Repository/Web RoomMe.id/Search Kost Menu/Datepicker' is clicked on

2020-03-13 20:34:00 - [MESSAGE][PASSED] - Object: 'Object Repository/Web RoomMe.id/Search Kost Menu/Datepicker' is clicked on

2020-03-13 20:34:00 - [TEST_STEP][PASSED] - click(findTestObject("Object Repository/Web RoomMe.id/Search Kost Menu/Day Pick")): Object: 'Object Repository/Web RoomMe.id/Search Kost Menu/Day Pick' is clicked on

2020-03-13 20:34:01 - [MESSAGE][PASSED] - Object: 'Object Repository/Web RoomMe.id/Search Kost Menu/Day Pick' is clicked on

2020-03-13 20:34:01 - [TEST_STEP][PASSED] - click(findTestObject("Object Repository/Web RoomMe.id/Search Kost Menu/Button Duration")): Object: 'Object Repository/Web RoomMe.id/Search Kost Menu/Button Duration' is clicked on

2020-03-13 20:34:02 - [MESSAGE][PASSED] - Object: 'Object Repository/Web RoomMe.id/Search Kost Menu/Button Duration' is clicked on

2020-03-13 20:34:02 - [TEST_STEP][PASSED] - click(findTestObject("Object Repository/Web RoomMe.id/Search Kost Menu/Button 1 Month")): Object: 'Object Repository/Web RoomMe.id/Search Kost Menu/Button 1 Month' is clicked on

2020-03-13 20:34:02 - [MESSAGE][PASSED] - Object: 'Object Repository/Web RoomMe.id/Search Kost Menu/Button 1 Month' is clicked on

2020-03-13 20:34:02 - [TEST_STEP][PASSED] - click(findTestObject("Object Repository/Web RoomMe.id/Search Kost Menu/Button Additional")): Object: 'Object Repository/Web RoomMe.id/Search Kost Menu/Button Additional' is clicked on

2020-03-13 20:34:03 - [MESSAGE][PASSED] - Object: 'Object Repository/Web RoomMe.id/Search Kost Menu/Button Additional' is clicked on

2020-03-13 20:34:03 - [TEST_STEP][PASSED] - click(findTestObject("Object Repository/Web RoomMe.id/Search Kost Menu/Button 1 Day")): Object: 'Object Repository/Web RoomMe.id/Search Kost Menu/Button 1 Day' is clicked on

2020-03-13 20:34:04 - [MESSAGE][PASSED] - Object: 'Object Repository/Web RoomMe.id/Search Kost Menu/Button 1 Day' is clicked on

2020-03-13 20:34:04 - [TEST_STEP][PASSED] - click(findTestObject("Object Repository/Web RoomMe.id/Search Kost Menu/Button Search")): Object: 'Object Repository/Web RoomMe.id/Search Kost Menu/Button Search' is clicked on

2020-03-13 20:34:05 - [MESSAGE][PASSED] - Object: 'Object Repository/Web RoomMe.id/Search Kost Menu/Button Search' is clicked on

2020-03-13 20:34:05 - [TEST_STEP][NOT_RUN] - verifyElementVisible(findTestObject("Web RoomMe.id/Search Result Menu/Field Facilities")): NOT_RUN: verifyElementVisible(findTestObject("Web RoomMe.id/Search Result Menu/Field Facilities"))

2020-03-13 20:34:05 - [MESSAGE][NOT_RUN] - NOT_RUN: verifyElementVisible(findTestObject("Web RoomMe.id/Search Result Menu/Field Facilities"))

2020-03-13 20:34:05 - [TEST_STEP][PASSED] - verifyElementVisible(findTestObject("Web RoomMe.id/Search Result Menu/Text Nama Kost")): Object 'Object Repository/Web RoomMe.id/Search Result Menu/Text Nama Kost' is visible

2020-03-13 20:34:08 - [MESSAGE][PASSED] - Object 'Object Repository/Web RoomMe.id/Search Result Menu/Text Nama Kost' is visible

2020-03-13 20:34:08 - [TEST_STEP][NOT_RUN] - verifyElementVisible(findTestObject("Web RoomMe.id/Search Result Menu/div_Submit_col-md-4 img-s")): NOT_RUN: verifyElementVisible(findTestObject("Web RoomMe.id/Search Result Menu/div_Submit_col-md-4 img-s"))

2020-03-13 20:34:08 - [MESSAGE][NOT_RUN] - NOT_RUN: verifyElementVisible(findTestObject("Web RoomMe.id/Search Result Menu/div_Submit_col-md-4 img-s"))

2020-03-13 20:34:08 - [TEST_STEP][NOT_RUN] - verifyElementVisible(findTestObject("Web RoomMe.id/Search Result Menu/div_Rp1400000")): NOT_RUN: verifyElementVisible(findTestObject("Web RoomMe.id/Search Result Menu/div_Rp1400000"))

2020-03-13 20:34:08 - [MESSAGE][NOT_RUN] - NOT_RUN: verifyElementVisible(findTestObject("Web RoomMe.id/Search Result Menu/div_Rp1400000"))

2020-03-13 20:34:08 - [TEST_STEP][PASSED] - verifyElementVisible(findTestObject("Web RoomMe.id/Search Result Menu/Image Kost")): Object 'Object Repository/Web RoomMe.id/Search Result Menu/Image Kost' is visible

2020-03-13 20:34:08 - [MESSAGE][PASSED] - Object 'Object Repository/Web RoomMe.id/Search Result Menu/Image Kost' is visible

2020-03-13 20:34:08 - [MESSAGE][PASSED] - Call Test Case 'Test Cases/Web RoomMe.id/Customer Search For Kost' successfully

2020-03-13 20:34:08 - [TEST_STEP][PASSED] - click(findTestObject("Web RoomMe.id/Search Result Menu/Image Kost")): Object: 'Object Repository/Web RoomMe.id/Search Result Menu/Image Kost' is clicked on

2020-03-13 20:34:09 - [MESSAGE][PASSED] - Object: 'Object Repository/Web RoomMe.id/Search Result Menu/Image Kost' is clicked on

2020-03-13 20:34:09 - [TEST_STEP][NOT_RUN] - verifyElementVisible(findTestObject("Web RoomMe.id/RoomMe.id Kost Detail/Image Primary Photo")): NOT_RUN: verifyElementVisible(findTestObject("Web RoomMe.id/RoomMe.id Kost Detail/Image Primary Photo"))

2020-03-13 20:34:09 - [MESSAGE][NOT_RUN] - NOT_RUN: verifyElementVisible(findTestObject("Web RoomMe.id/RoomMe.id Kost Detail/Image Primary Photo"))

2020-03-13 20:34:09 - [TEST_STEP][PASSED] - verifyElementVisible(findTestObject("Web RoomMe.id/RoomMe.id Kost Detail/Image Second Photo")): Object 'Object Repository/Web RoomMe.id/RoomMe.id Kost Detail/Image Second Photo' is visible

2020-03-13 20:34:12 - [MESSAGE][PASSED] - Object 'Object Repository/Web RoomMe.id/RoomMe.id Kost Detail/Image Second Photo' is visible

2020-03-13 20:34:12 - [TEST_STEP][PASSED] - verifyElementVisible(findTestObject("Web RoomMe.id/RoomMe.id Kost Detail/Text Nama Kost")): Object 'Object Repository/Web RoomMe.id/RoomMe.id Kost Detail/Text Nama Kost' is visible

2020-03-13 20:34:13 - [MESSAGE][PASSED] - Object 'Object Repository/Web RoomMe.id/RoomMe.id Kost Detail/Text Nama Kost' is visible

2020-03-13 20:34:13 - [TEST_STEP][PASSED] - kostname = getText(findTestObject("Web RoomMe.id/Search Result Menu/Text Nama Kost")): Text of object 'Object Repository/Web RoomMe.id/Search Result Menu/Text Nama Kost' is: ''

2020-03-13 20:34:13 - [MESSAGE][PASSED] - Text of object 'Object Repository/Web RoomMe.id/Search Result Menu/Text Nama Kost' is: ''

2020-03-13 20:34:13 - [TEST_STEP][NOT_RUN] - verifyElementText(findTestObject("Web RoomMe.id/RoomMe.id Kost Detail/Text Nama Kost"), kostname, STOP_ON_FAILURE): NOT_RUN: verifyElementText(findTestObject("Web RoomMe.id/RoomMe.id Kost Detail/Text Nama Kost"), kostname, STOP_ON_FAILURE)

2020-03-13 20:34:13 - [MESSAGE][NOT_RUN] - NOT_RUN: verifyElementText(findTestObject("Web RoomMe.id/RoomMe.id Kost Detail/Text Nama Kost"), kostname, STOP_ON_FAILURE)

2020-03-13 20:34:13 - [TEST_STEP][PASSED] - verifyElementVisible(findTestObject("Web RoomMe.id/RoomMe.id Kost Detail/Button Read More")): Object 'Object Repository/Web RoomMe.id/RoomMe.id Kost Detail/Button Read More' is visible

2020-03-13 20:34:14 - [MESSAGE][PASSED] - Object 'Object Repository/Web RoomMe.id/RoomMe.id Kost Detail/Button Read More' is visible

2020-03-13 20:34:14 - [TEST_STEP][PASSED] - verifyElementVisible(findTestObject("Web RoomMe.id/RoomMe.id Kost Detail/Button See Map")): Object 'Object Repository/Web RoomMe.id/RoomMe.id Kost Detail/Button See Map' is visible

2020-03-13 20:34:14 - [MESSAGE][PASSED] - Object 'Object Repository/Web RoomMe.id/RoomMe.id Kost Detail/Button See Map' is visible

2020-03-13 20:34:14 - [TEST_STEP][PASSED] - verifyElementVisible(findTestObject("Web RoomMe.id/RoomMe.id Kost Detail/Button Map")): Object 'Object Repository/Web RoomMe.id/RoomMe.id Kost Detail/Button Map' is visible

2020-03-13 20:34:14 - [MESSAGE][PASSED] - Object 'Object Repository/Web RoomMe.id/RoomMe.id Kost Detail/Button Map' is visible

2020-03-13 20:34:14 - [TEST_STEP][NOT_RUN] - verifyElementVisible(findTestObject("Web RoomMe.id/RoomMe.id Kost Detail/Field Building Facilities")): NOT_RUN: verifyElementVisible(findTestObject("Web RoomMe.id/RoomMe.id Kost Detail/Field Building Facilities"))

2020-03-13 20:34:14 - [MESSAGE][NOT_RUN] - NOT_RUN: verifyElementVisible(findTestObject("Web RoomMe.id/RoomMe.id Kost Detail/Field Building Facilities"))

2020-03-13 20:34:14 - [TEST_STEP][PASSED] - verifyElementVisible(findTestObject("Web RoomMe.id/RoomMe.id Kost Detail/Field Room Details")): Object 'Object Repository/Web RoomMe.id/RoomMe.id Kost Detail/Field Room Details' is visible

2020-03-13 20:34:15 - [MESSAGE][PASSED] - Object 'Object Repository/Web RoomMe.id/RoomMe.id Kost Detail/Field Room Details' is visible

2020-03-13 20:34:15 - [TEST_STEP][NOT_RUN] - verifyElementVisible(findTestObject("Web RoomMe.id/RoomMe.id Kost Detail/Field Booking Summary")): NOT_RUN: verifyElementVisible(findTestObject("Web RoomMe.id/RoomMe.id Kost Detail/Field Booking Summary"))

2020-03-13 20:34:15 - [MESSAGE][NOT_RUN] - NOT_RUN: verifyElementVisible(findTestObject("Web RoomMe.id/RoomMe.id Kost Detail/Field Booking Summary"))

2020-03-13 20:34:15 - [TEST_STEP][NOT_RUN] - verifyElementVisible(findTestObject("Web RoomMe.id/RoomMe.id Kost Detail/Field Reccomend Kost Nearby")): NOT_RUN: verifyElementVisible(findTestObject("Web RoomMe.id/RoomMe.id Kost Detail/Field Reccomend Kost Nearby"))

2020-03-13 20:34:15 - [MESSAGE][NOT_RUN] - NOT_RUN: verifyElementVisible(findTestObject("Web RoomMe.id/RoomMe.id Kost Detail/Field Reccomend Kost Nearby"))

2020-03-13 20:34:15 - [TEST_STEP][NOT_RUN] - verifyElementVisible(findTestObject("Web RoomMe.id/RoomMe.id Kost Detail/Button Select")): NOT_RUN: verifyElementVisible(findTestObject("Web RoomMe.id/RoomMe.id Kost Detail/Button Select"))

2020-03-13 20:34:15 - [MESSAGE][NOT_RUN] - NOT_RUN: verifyElementVisible(findTestObject("Web RoomMe.id/RoomMe.id Kost Detail/Button Select"))

2020-03-13 20:34:15 - [TEST_STEP][PASSED] - verifyElementVisible(findTestObject("Web RoomMe.id/RoomMe.id Kost Detail/Button Booking Summary")): Object 'Object Repository/Web RoomMe.id/RoomMe.id Kost Detail/Button Booking Summary' is visible

2020-03-13 20:34:15 - [MESSAGE][PASSED] - Object 'Object Repository/Web RoomMe.id/RoomMe.id Kost Detail/Button Booking Summary' is visible

2020-03-13 20:34:15 - [TEST_STEP][PASSED] - verifyElementVisible(findTestObject("Web RoomMe.id/RoomMe.id Kost Detail/Button Schedule Free Visit")): Object 'Object Repository/Web RoomMe.id/RoomMe.id Kost Detail/Button Schedule Free Visit' is visible

2020-03-13 20:34:16 - [MESSAGE][PASSED] - Object 'Object Repository/Web RoomMe.id/RoomMe.id Kost Detail/Button Schedule Free Visit' is visible

2020-03-13 20:34:16 - [MESSAGE][PASSED] - Call Test Case 'Test Cases/Web RoomMe.id/Customer Select Kost' successfully

2020-03-13 20:34:16 - [TEST_STEP][PASSED] - click(findTestObject("Web RoomMe.id/RoomMe.id Kost Detail/Button Continue to Book")): Object: 'Object Repository/Web RoomMe.id/RoomMe.id Kost Detail/Button Continue to Book' is clicked on

2020-03-13 20:34:16 - [MESSAGE][PASSED] - Object: 'Object Repository/Web RoomMe.id/RoomMe.id Kost Detail/Button Continue to Book' is clicked on

2020-03-13 20:34:16 - [TEST_STEP][NOT_RUN] - verifyElementVisible(findTestObject("Web RoomMe.id/RoomMe.id Kost Detail/Button Continue to Book")): NOT_RUN: verifyElementVisible(findTestObject("Web RoomMe.id/RoomMe.id Kost Detail/Button Continue to Book"))

2020-03-13 20:34:16 - [MESSAGE][NOT_RUN] - NOT_RUN: verifyElementVisible(findTestObject("Web RoomMe.id/RoomMe.id Kost Detail/Button Continue to Book"))

2020-03-13 20:34:16 - [TEST_STEP][NOT_RUN] - if (verifyElementVisible(findTestObject("Web RoomMe.id/RoomMe.id Kost Detail/Button Selected Room"), STOP_ON_FAILURE)): NOT_RUN: if (verifyElementVisible(findTestObject("Web RoomMe.id/RoomMe.id Kost Detail/Button Selected Room"), STOP_ON_FAILURE))

2020-03-13 20:34:16 - [MESSAGE][NOT_RUN] - NOT_RUN: if (verifyElementVisible(findTestObject("Web RoomMe.id/RoomMe.id Kost Detail/Button Selected Room"), STOP_ON_FAILURE))

2020-03-13 20:34:16 - [MESSAGE][PASSED] - Call Test Case 'Test Cases/Web RoomMe.id/Customer Select Kamar' successfully

2020-03-13 20:34:16 - [TEST_STEP][PASSED] - verifyElementVisible(findTestObject("Web RoomMe.id/RoomMe.id Kost Detail/Button Continue to Book")): Object 'Object Repository/Web RoomMe.id/RoomMe.id Kost Detail/Button Continue to Book' is visible

2020-03-13 20:34:17 - [MESSAGE][PASSED] - Object 'Object Repository/Web RoomMe.id/RoomMe.id Kost Detail/Button Continue to Book' is visible

2020-03-13 20:34:17 - [TEST_STEP][PASSED] - scrollToElement(findTestObject("Web RoomMe.id/RoomMe.id Kost Detail/Button Continue to Book"), 2): Scroll to object 'Object Repository/Web RoomMe.id/RoomMe.id Kost Detail/Button Continue to Book' successfully

2020-03-13 20:34:18 - [MESSAGE][PASSED] - Scroll to object 'Object Repository/Web RoomMe.id/RoomMe.id Kost Detail/Button Continue to Book' successfully

2020-03-13 20:34:18 - [TEST_STEP][PASSED] - click(findTestObject("Web RoomMe.id/RoomMe.id Kost Detail/Button Continue to Book")): Object: 'Object Repository/Web RoomMe.id/RoomMe.id Kost Detail/Button Continue to Book' is clicked on

2020-03-13 20:34:18 - [MESSAGE][PASSED] - Object: 'Object Repository/Web RoomMe.id/RoomMe.id Kost Detail/Button Continue to Book' is clicked on

2020-03-13 20:34:18 - [MESSAGE][PASSED] - Call Test Case 'Test Cases/Web RoomMe.id/Customer Continue To Book' successfully

2020-03-13 20:34:18 - [TEST_STEP][FAILED] - verifyElementVisible(findTestObject("Web RoomMe.id/Roomme.id Fill In Data/Text 1 Fill in data")): Unable to verify object 'Object Repository/Web RoomMe.id/Roomme.id Fill In Data/Text 1 Fill in data' is visible (Root cause: com.kms.katalon.core.exception.StepFailedException: Unable to verify object 'Object Repository/Web RoomMe.id/Roomme.id Fill In Data/Text 1 Fill in data' is visible
	at com.kms.katalon.core.webui.keyword.internal.WebUIKeywordMain.stepFailed(WebUIKeywordMain.groovy:64)
	at com.kms.katalon.core.webui.keyword.internal.WebUIKeywordMain.runKeyword(WebUIKeywordMain.groovy:26)
	at com.kms.katalon.core.webui.keyword.builtin.VerifyElementVisibleKeyword.verifyElementVisible(VerifyElementVisibleKeyword.groovy:97)
	at com.kms.katalon.core.webui.keyword.builtin.VerifyElementVisibleKeyword.execute(VerifyElementVisibleKeyword.groovy:67)
	at com.kms.katalon.core.keyword.internal.KeywordExecutor.executeKeywordForPlatform(KeywordExecutor.groovy:72)
	at com.kms.katalon.core.webui.keyword.WebUiBuiltInKeywords.verifyElementVisible(WebUiBuiltInKeywords.groovy:372)
	at com.kms.katalon.core.webui.keyword.WebUiBuiltInKeywords$verifyElementVisible$3.call(Unknown Source)
	at Customer Fill Data to Payment.run(Customer Fill Data to Payment:20)
	at com.kms.katalon.core.main.ScriptEngine.run(ScriptEngine.java:194)
	at com.kms.katalon.core.main.ScriptEngine.runScriptAsRawText(ScriptEngine.java:119)
	at com.kms.katalon.core.main.TestCaseExecutor.runScript(TestCaseExecutor.java:337)
	at com.kms.katalon.core.main.TestCaseExecutor.doExecute(TestCaseExecutor.java:328)
	at com.kms.katalon.core.main.TestCaseExecutor.processExecutionPhase(TestCaseExecutor.java:307)
	at com.kms.katalon.core.main.TestCaseExecutor.accessMainPhase(TestCaseExecutor.java:299)
	at com.kms.katalon.core.main.TestCaseExecutor.execute(TestCaseExecutor.java:233)
	at com.kms.katalon.core.main.TestCaseMain.runTestCase(TestCaseMain.java:114)
	at com.kms.katalon.core.keyword.builtin.CallTestCaseKeyword$_callTestCase_closure1.doCall(CallTestCaseKeyword.groovy:59)
	at com.kms.katalon.core.keyword.builtin.CallTestCaseKeyword$_callTestCase_closure1.call(CallTestCaseKeyword.groovy)
	at com.kms.katalon.core.keyword.internal.KeywordMain.runKeyword(KeywordMain.groovy:68)
	at com.kms.katalon.core.keyword.builtin.CallTestCaseKeyword.callTestCase(CallTestCaseKeyword.groovy:81)
	at com.kms.katalon.core.keyword.builtin.CallTestCaseKeyword.execute(CallTestCaseKeyword.groovy:44)
	at com.kms.katalon.core.keyword.internal.KeywordExecutor.executeKeywordForPlatform(KeywordExecutor.groovy:72)
	at com.kms.katalon.core.keyword.BuiltinKeywords.callTestCase(BuiltinKeywords.groovy:334)
	at Customer Continue to Payment.run(Customer Continue to Payment:18)
	at com.kms.katalon.core.main.ScriptEngine.run(ScriptEngine.java:194)
	at com.kms.katalon.core.main.ScriptEngine.runScriptAsRawText(ScriptEngine.java:119)
	at com.kms.katalon.core.main.TestCaseExecutor.runScript(TestCaseExecutor.java:337)
	at com.kms.katalon.core.main.TestCaseExecutor.doExecute(TestCaseExecutor.java:328)
	at com.kms.katalon.core.main.TestCaseExecutor.processExecutionPhase(TestCaseExecutor.java:307)
	at com.kms.katalon.core.main.TestCaseExecutor.accessMainPhase(TestCaseExecutor.java:299)
	at com.kms.katalon.core.main.TestCaseExecutor.execute(TestCaseExecutor.java:233)
	at com.kms.katalon.core.main.TestSuiteExecutor.accessTestCaseMainPhase(TestSuiteExecutor.java:169)
	at com.kms.katalon.core.main.TestSuiteExecutor.accessTestSuiteMainPhase(TestSuiteExecutor.java:142)
	at com.kms.katalon.core.main.TestSuiteExecutor.execute(TestSuiteExecutor.java:91)
	at com.kms.katalon.core.main.TestCaseMain.startTestSuite(TestCaseMain.java:157)
	at com.kms.katalon.core.main.TestCaseMain$startTestSuite$0.call(Unknown Source)
	at TempTestSuite1584105966627.run(TempTestSuite1584105966627.groovy:36)
Caused by: com.kms.katalon.core.exception.StepFailedException: Web element with id: 'Object Repository/Web RoomMe.id/Roomme.id Fill In Data/Text 1 Fill in data' located by 'By.xpath: //div[@id='__layout']/div/div/div[2]/div/p' not found
	at com.kms.katalon.core.webui.keyword.internal.WebUIKeywordMain.stepFailed(WebUIKeywordMain.groovy:64)
	at com.kms.katalon.core.webui.keyword.builtin.VerifyElementVisibleKeyword$_verifyElementVisible_closure1.doCall(VerifyElementVisibleKeyword.groovy:89)
	at com.kms.katalon.core.webui.keyword.builtin.VerifyElementVisibleKeyword$_verifyElementVisible_closure1.call(VerifyElementVisibleKeyword.groovy)
	at com.kms.katalon.core.webui.keyword.internal.WebUIKeywordMain.runKeyword(WebUIKeywordMain.groovy:20)
	... 35 more
)

2020-03-13 20:35:05 - [MESSAGE][INFO] - Unable to find the element located by 'By.xpath: //div[@id='__layout']/div/div/div[2]/div/p'. Please recheck the objects properties to make sure the desired element is located. 

2020-03-13 20:35:05 - [MESSAGE][FAILED] - Web element with id: 'Object Repository/Web RoomMe.id/Roomme.id Fill In Data/Text 1 Fill in data' located by 'By.xpath: //div[@id='__layout']/div/div/div[2]/div/p' not found (Root cause: com.kms.katalon.core.exception.StepFailedException: Web element with id: 'Object Repository/Web RoomMe.id/Roomme.id Fill In Data/Text 1 Fill in data' located by 'By.xpath: //div[@id='__layout']/div/div/div[2]/div/p' not found
	at com.kms.katalon.core.webui.keyword.internal.WebUIKeywordMain.stepFailed(WebUIKeywordMain.groovy:64)
	at com.kms.katalon.core.webui.keyword.builtin.VerifyElementVisibleKeyword$_verifyElementVisible_closure1.doCall(VerifyElementVisibleKeyword.groovy:89)
	at com.kms.katalon.core.webui.keyword.builtin.VerifyElementVisibleKeyword$_verifyElementVisible_closure1.call(VerifyElementVisibleKeyword.groovy)
	at com.kms.katalon.core.webui.keyword.internal.WebUIKeywordMain.runKeyword(WebUIKeywordMain.groovy:20)
	at com.kms.katalon.core.webui.keyword.builtin.VerifyElementVisibleKeyword.verifyElementVisible(VerifyElementVisibleKeyword.groovy:97)
	at com.kms.katalon.core.webui.keyword.builtin.VerifyElementVisibleKeyword.execute(VerifyElementVisibleKeyword.groovy:67)
	at com.kms.katalon.core.keyword.internal.KeywordExecutor.executeKeywordForPlatform(KeywordExecutor.groovy:72)
	at com.kms.katalon.core.webui.keyword.WebUiBuiltInKeywords.verifyElementVisible(WebUiBuiltInKeywords.groovy:372)
	at com.kms.katalon.core.webui.keyword.WebUiBuiltInKeywords$verifyElementVisible$3.call(Unknown Source)
	at Customer Fill Data to Payment.run(Customer Fill Data to Payment:20)
	at com.kms.katalon.core.main.ScriptEngine.run(ScriptEngine.java:194)
	at com.kms.katalon.core.main.ScriptEngine.runScriptAsRawText(ScriptEngine.java:119)
	at com.kms.katalon.core.main.TestCaseExecutor.runScript(TestCaseExecutor.java:337)
	at com.kms.katalon.core.main.TestCaseExecutor.doExecute(TestCaseExecutor.java:328)
	at com.kms.katalon.core.main.TestCaseExecutor.processExecutionPhase(TestCaseExecutor.java:307)
	at com.kms.katalon.core.main.TestCaseExecutor.accessMainPhase(TestCaseExecutor.java:299)
	at com.kms.katalon.core.main.TestCaseExecutor.execute(TestCaseExecutor.java:233)
	at com.kms.katalon.core.main.TestCaseMain.runTestCase(TestCaseMain.java:114)
	at com.kms.katalon.core.keyword.builtin.CallTestCaseKeyword$_callTestCase_closure1.doCall(CallTestCaseKeyword.groovy:59)
	at com.kms.katalon.core.keyword.builtin.CallTestCaseKeyword$_callTestCase_closure1.call(CallTestCaseKeyword.groovy)
	at com.kms.katalon.core.keyword.internal.KeywordMain.runKeyword(KeywordMain.groovy:68)
	at com.kms.katalon.core.keyword.builtin.CallTestCaseKeyword.callTestCase(CallTestCaseKeyword.groovy:81)
	at com.kms.katalon.core.keyword.builtin.CallTestCaseKeyword.execute(CallTestCaseKeyword.groovy:44)
	at com.kms.katalon.core.keyword.internal.KeywordExecutor.executeKeywordForPlatform(KeywordExecutor.groovy:72)
	at com.kms.katalon.core.keyword.BuiltinKeywords.callTestCase(BuiltinKeywords.groovy:334)
	at Customer Continue to Payment.run(Customer Continue to Payment:18)
	at com.kms.katalon.core.main.ScriptEngine.run(ScriptEngine.java:194)
	at com.kms.katalon.core.main.ScriptEngine.runScriptAsRawText(ScriptEngine.java:119)
	at com.kms.katalon.core.main.TestCaseExecutor.runScript(TestCaseExecutor.java:337)
	at com.kms.katalon.core.main.TestCaseExecutor.doExecute(TestCaseExecutor.java:328)
	at com.kms.katalon.core.main.TestCaseExecutor.processExecutionPhase(TestCaseExecutor.java:307)
	at com.kms.katalon.core.main.TestCaseExecutor.accessMainPhase(TestCaseExecutor.java:299)
	at com.kms.katalon.core.main.TestCaseExecutor.execute(TestCaseExecutor.java:233)
	at com.kms.katalon.core.main.TestSuiteExecutor.accessTestCaseMainPhase(TestSuiteExecutor.java:169)
	at com.kms.katalon.core.main.TestSuiteExecutor.accessTestSuiteMainPhase(TestSuiteExecutor.java:142)
	at com.kms.katalon.core.main.TestSuiteExecutor.execute(TestSuiteExecutor.java:91)
	at com.kms.katalon.core.main.TestCaseMain.startTestSuite(TestCaseMain.java:157)
	at com.kms.katalon.core.main.TestCaseMain$startTestSuite$0.call(Unknown Source)
	at TempTestSuite1584105966627.run(TempTestSuite1584105966627.groovy:36)
)
[[ATTACHMENT|C:\\Users\\Faldi\\Katalon Studio\\RoomMe\\Reports\\20200313_202606\\Web RoomMe.id\\Customer Booking\\20200313_202606\\1584106505512.png]]

2020-03-13 20:35:06 - [MESSAGE][FAILED] - Unable to verify object 'Object Repository/Web RoomMe.id/Roomme.id Fill In Data/Text 1 Fill in data' is visible (Root cause: com.kms.katalon.core.exception.StepFailedException: Unable to verify object 'Object Repository/Web RoomMe.id/Roomme.id Fill In Data/Text 1 Fill in data' is visible
	at com.kms.katalon.core.webui.keyword.internal.WebUIKeywordMain.stepFailed(WebUIKeywordMain.groovy:64)
	at com.kms.katalon.core.webui.keyword.internal.WebUIKeywordMain.runKeyword(WebUIKeywordMain.groovy:26)
	at com.kms.katalon.core.webui.keyword.builtin.VerifyElementVisibleKeyword.verifyElementVisible(VerifyElementVisibleKeyword.groovy:97)
	at com.kms.katalon.core.webui.keyword.builtin.VerifyElementVisibleKeyword.execute(VerifyElementVisibleKeyword.groovy:67)
	at com.kms.katalon.core.keyword.internal.KeywordExecutor.executeKeywordForPlatform(KeywordExecutor.groovy:72)
	at com.kms.katalon.core.webui.keyword.WebUiBuiltInKeywords.verifyElementVisible(WebUiBuiltInKeywords.groovy:372)
	at com.kms.katalon.core.webui.keyword.WebUiBuiltInKeywords$verifyElementVisible$3.call(Unknown Source)
	at Customer Fill Data to Payment.run(Customer Fill Data to Payment:20)
	at com.kms.katalon.core.main.ScriptEngine.run(ScriptEngine.java:194)
	at com.kms.katalon.core.main.ScriptEngine.runScriptAsRawText(ScriptEngine.java:119)
	at com.kms.katalon.core.main.TestCaseExecutor.runScript(TestCaseExecutor.java:337)
	at com.kms.katalon.core.main.TestCaseExecutor.doExecute(TestCaseExecutor.java:328)
	at com.kms.katalon.core.main.TestCaseExecutor.processExecutionPhase(TestCaseExecutor.java:307)
	at com.kms.katalon.core.main.TestCaseExecutor.accessMainPhase(TestCaseExecutor.java:299)
	at com.kms.katalon.core.main.TestCaseExecutor.execute(TestCaseExecutor.java:233)
	at com.kms.katalon.core.main.TestCaseMain.runTestCase(TestCaseMain.java:114)
	at com.kms.katalon.core.keyword.builtin.CallTestCaseKeyword$_callTestCase_closure1.doCall(CallTestCaseKeyword.groovy:59)
	at com.kms.katalon.core.keyword.builtin.CallTestCaseKeyword$_callTestCase_closure1.call(CallTestCaseKeyword.groovy)
	at com.kms.katalon.core.keyword.internal.KeywordMain.runKeyword(KeywordMain.groovy:68)
	at com.kms.katalon.core.keyword.builtin.CallTestCaseKeyword.callTestCase(CallTestCaseKeyword.groovy:81)
	at com.kms.katalon.core.keyword.builtin.CallTestCaseKeyword.execute(CallTestCaseKeyword.groovy:44)
	at com.kms.katalon.core.keyword.internal.KeywordExecutor.executeKeywordForPlatform(KeywordExecutor.groovy:72)
	at com.kms.katalon.core.keyword.BuiltinKeywords.callTestCase(BuiltinKeywords.groovy:334)
	at Customer Continue to Payment.run(Customer Continue to Payment:18)
	at com.kms.katalon.core.main.ScriptEngine.run(ScriptEngine.java:194)
	at com.kms.katalon.core.main.ScriptEngine.runScriptAsRawText(ScriptEngine.java:119)
	at com.kms.katalon.core.main.TestCaseExecutor.runScript(TestCaseExecutor.java:337)
	at com.kms.katalon.core.main.TestCaseExecutor.doExecute(TestCaseExecutor.java:328)
	at com.kms.katalon.core.main.TestCaseExecutor.processExecutionPhase(TestCaseExecutor.java:307)
	at com.kms.katalon.core.main.TestCaseExecutor.accessMainPhase(TestCaseExecutor.java:299)
	at com.kms.katalon.core.main.TestCaseExecutor.execute(TestCaseExecutor.java:233)
	at com.kms.katalon.core.main.TestSuiteExecutor.accessTestCaseMainPhase(TestSuiteExecutor.java:169)
	at com.kms.katalon.core.main.TestSuiteExecutor.accessTestSuiteMainPhase(TestSuiteExecutor.java:142)
	at com.kms.katalon.core.main.TestSuiteExecutor.execute(TestSuiteExecutor.java:91)
	at com.kms.katalon.core.main.TestCaseMain.startTestSuite(TestCaseMain.java:157)
	at com.kms.katalon.core.main.TestCaseMain$startTestSuite$0.call(Unknown Source)
	at TempTestSuite1584105966627.run(TempTestSuite1584105966627.groovy:36)
Caused by: com.kms.katalon.core.exception.StepFailedException: Web element with id: 'Object Repository/Web RoomMe.id/Roomme.id Fill In Data/Text 1 Fill in data' located by 'By.xpath: //div[@id='__layout']/div/div/div[2]/div/p' not found
	at com.kms.katalon.core.webui.keyword.internal.WebUIKeywordMain.stepFailed(WebUIKeywordMain.groovy:64)
	at com.kms.katalon.core.webui.keyword.builtin.VerifyElementVisibleKeyword$_verifyElementVisible_closure1.doCall(VerifyElementVisibleKeyword.groovy:89)
	at com.kms.katalon.core.webui.keyword.builtin.VerifyElementVisibleKeyword$_verifyElementVisible_closure1.call(VerifyElementVisibleKeyword.groovy)
	at com.kms.katalon.core.webui.keyword.internal.WebUIKeywordMain.runKeyword(WebUIKeywordMain.groovy:20)
	... 35 more
)
[[ATTACHMENT|C:\\Users\\Faldi\\Katalon Studio\\RoomMe\\Reports\\20200313_202606\\Web RoomMe.id\\Customer Booking\\20200313_202606\\1584106505986.png]]

2020-03-13 20:35:06 - [MESSAGE][FAILED] - Unable to call Test Case 'Test Cases/Web RoomMe.id/Customer Fill Data to Payment' (Root cause: com.kms.katalon.core.exception.StepFailedException: Call Test Case 'Test Cases/Web RoomMe.id/Customer Fill Data to Payment' failed
	at com.kms.katalon.core.keyword.builtin.CallTestCaseKeyword$_callTestCase_closure1.doCall(CallTestCaseKeyword.groovy:63)
	at com.kms.katalon.core.keyword.builtin.CallTestCaseKeyword$_callTestCase_closure1.call(CallTestCaseKeyword.groovy)
	at com.kms.katalon.core.keyword.internal.KeywordMain.runKeyword(KeywordMain.groovy:68)
	at com.kms.katalon.core.keyword.builtin.CallTestCaseKeyword.callTestCase(CallTestCaseKeyword.groovy:81)
	at com.kms.katalon.core.keyword.builtin.CallTestCaseKeyword.execute(CallTestCaseKeyword.groovy:44)
	at com.kms.katalon.core.keyword.internal.KeywordExecutor.executeKeywordForPlatform(KeywordExecutor.groovy:72)
	at com.kms.katalon.core.keyword.BuiltinKeywords.callTestCase(BuiltinKeywords.groovy:334)
	at Customer Continue to Payment.run(Customer Continue to Payment:18)
	at com.kms.katalon.core.main.ScriptEngine.run(ScriptEngine.java:194)
	at com.kms.katalon.core.main.ScriptEngine.runScriptAsRawText(ScriptEngine.java:119)
	at com.kms.katalon.core.main.TestCaseExecutor.runScript(TestCaseExecutor.java:337)
	at com.kms.katalon.core.main.TestCaseExecutor.doExecute(TestCaseExecutor.java:328)
	at com.kms.katalon.core.main.TestCaseExecutor.processExecutionPhase(TestCaseExecutor.java:307)
	at com.kms.katalon.core.main.TestCaseExecutor.accessMainPhase(TestCaseExecutor.java:299)
	at com.kms.katalon.core.main.TestCaseExecutor.execute(TestCaseExecutor.java:233)
	at com.kms.katalon.core.main.TestSuiteExecutor.accessTestCaseMainPhase(TestSuiteExecutor.java:169)
	at com.kms.katalon.core.main.TestSuiteExecutor.accessTestSuiteMainPhase(TestSuiteExecutor.java:142)
	at com.kms.katalon.core.main.TestSuiteExecutor.execute(TestSuiteExecutor.java:91)
	at com.kms.katalon.core.main.TestCaseMain.startTestSuite(TestCaseMain.java:157)
	at com.kms.katalon.core.main.TestCaseMain$startTestSuite$0.call(Unknown Source)
	at TempTestSuite1584105966627.run(TempTestSuite1584105966627.groovy:36)
Caused by: com.kms.katalon.core.exception.StepFailedException: Unable to verify object 'Object Repository/Web RoomMe.id/Roomme.id Fill In Data/Text 1 Fill in data' is visible
	at com.kms.katalon.core.webui.keyword.internal.WebUIKeywordMain.stepFailed(WebUIKeywordMain.groovy:64)
	at com.kms.katalon.core.webui.keyword.internal.WebUIKeywordMain.runKeyword(WebUIKeywordMain.groovy:26)
	at com.kms.katalon.core.webui.keyword.builtin.VerifyElementVisibleKeyword.verifyElementVisible(VerifyElementVisibleKeyword.groovy:97)
	at com.kms.katalon.core.webui.keyword.builtin.VerifyElementVisibleKeyword.execute(VerifyElementVisibleKeyword.groovy:67)
	at com.kms.katalon.core.keyword.internal.KeywordExecutor.executeKeywordForPlatform(KeywordExecutor.groovy:72)
	at com.kms.katalon.core.webui.keyword.WebUiBuiltInKeywords.verifyElementVisible(WebUiBuiltInKeywords.groovy:372)
	at com.kms.katalon.core.webui.keyword.WebUiBuiltInKeywords$verifyElementVisible$3.call(Unknown Source)
	at Customer Fill Data to Payment.run(Customer Fill Data to Payment:20)
	at com.kms.katalon.core.main.ScriptEngine.run(ScriptEngine.java:194)
	at com.kms.katalon.core.main.ScriptEngine.runScriptAsRawText(ScriptEngine.java:119)
	at com.kms.katalon.core.main.TestCaseExecutor.runScript(TestCaseExecutor.java:337)
	at com.kms.katalon.core.main.TestCaseExecutor.doExecute(TestCaseExecutor.java:328)
	at com.kms.katalon.core.main.TestCaseExecutor.processExecutionPhase(TestCaseExecutor.java:307)
	at com.kms.katalon.core.main.TestCaseExecutor.accessMainPhase(TestCaseExecutor.java:299)
	at com.kms.katalon.core.main.TestCaseExecutor.execute(TestCaseExecutor.java:233)
	at com.kms.katalon.core.main.TestCaseMain.runTestCase(TestCaseMain.java:114)
	at com.kms.katalon.core.keyword.builtin.CallTestCaseKeyword$_callTestCase_closure1.doCall(CallTestCaseKeyword.groovy:59)
	... 20 more
Caused by: com.kms.katalon.core.exception.StepFailedException: Web element with id: 'Object Repository/Web RoomMe.id/Roomme.id Fill In Data/Text 1 Fill in data' located by 'By.xpath: //div[@id='__layout']/div/div/div[2]/div/p' not found
	at com.kms.katalon.core.webui.keyword.internal.WebUIKeywordMain.stepFailed(WebUIKeywordMain.groovy:64)
	at com.kms.katalon.core.webui.keyword.builtin.VerifyElementVisibleKeyword$_verifyElementVisible_closure1.doCall(VerifyElementVisibleKeyword.groovy:89)
	at com.kms.katalon.core.webui.keyword.builtin.VerifyElementVisibleKeyword$_verifyElementVisible_closure1.call(VerifyElementVisibleKeyword.groovy)
	at com.kms.katalon.core.webui.keyword.internal.WebUIKeywordMain.runKeyword(WebUIKeywordMain.groovy:20)
	... 35 more
)]]></system-out>
         <system-err><![CDATA[2020-03-13 20:33:09 - [TEST_CASE][FAILED] - Test Cases/Web RoomMe.id/Customer Continue to Payment: Test Cases/Web RoomMe.id/Customer Continue to Payment FAILED.
Reason:
com.kms.katalon.core.exception.StepFailedException: Call Test Case 'Test Cases/Web RoomMe.id/Customer Fill Data to Payment' failed
	at com.kms.katalon.core.keyword.builtin.CallTestCaseKeyword$_callTestCase_closure1.doCall(CallTestCaseKeyword.groovy:63)
	at com.kms.katalon.core.keyword.builtin.CallTestCaseKeyword$_callTestCase_closure1.call(CallTestCaseKeyword.groovy)
	at com.kms.katalon.core.keyword.internal.KeywordMain.runKeyword(KeywordMain.groovy:68)
	at com.kms.katalon.core.keyword.builtin.CallTestCaseKeyword.callTestCase(CallTestCaseKeyword.groovy:81)
	at com.kms.katalon.core.keyword.builtin.CallTestCaseKeyword.execute(CallTestCaseKeyword.groovy:44)
	at com.kms.katalon.core.keyword.internal.KeywordExecutor.executeKeywordForPlatform(KeywordExecutor.groovy:72)
	at com.kms.katalon.core.keyword.BuiltinKeywords.callTestCase(BuiltinKeywords.groovy:334)
	at Customer Continue to Payment.run(Customer Continue to Payment:18)
	at com.kms.katalon.core.main.ScriptEngine.run(ScriptEngine.java:194)
	at com.kms.katalon.core.main.ScriptEngine.runScriptAsRawText(ScriptEngine.java:119)
	at com.kms.katalon.core.main.TestCaseExecutor.runScript(TestCaseExecutor.java:337)
	at com.kms.katalon.core.main.TestCaseExecutor.doExecute(TestCaseExecutor.java:328)
	at com.kms.katalon.core.main.TestCaseExecutor.processExecutionPhase(TestCaseExecutor.java:307)
	at com.kms.katalon.core.main.TestCaseExecutor.accessMainPhase(TestCaseExecutor.java:299)
	at com.kms.katalon.core.main.TestCaseExecutor.execute(TestCaseExecutor.java:233)
	at com.kms.katalon.core.main.TestSuiteExecutor.accessTestCaseMainPhase(TestSuiteExecutor.java:169)
	at com.kms.katalon.core.main.TestSuiteExecutor.accessTestSuiteMainPhase(TestSuiteExecutor.java:142)
	at com.kms.katalon.core.main.TestSuiteExecutor.execute(TestSuiteExecutor.java:91)
	at com.kms.katalon.core.main.TestCaseMain.startTestSuite(TestCaseMain.java:157)
	at com.kms.katalon.core.main.TestCaseMain$startTestSuite$0.call(Unknown Source)
	at TempTestSuite1584105966627.run(TempTestSuite1584105966627.groovy:36)
Caused by: com.kms.katalon.core.exception.StepFailedException: Unable to verify object 'Object Repository/Web RoomMe.id/Roomme.id Fill In Data/Text 1 Fill in data' is visible
	at com.kms.katalon.core.webui.keyword.internal.WebUIKeywordMain.stepFailed(WebUIKeywordMain.groovy:64)
	at com.kms.katalon.core.webui.keyword.internal.WebUIKeywordMain.runKeyword(WebUIKeywordMain.groovy:26)
	at com.kms.katalon.core.webui.keyword.builtin.VerifyElementVisibleKeyword.verifyElementVisible(VerifyElementVisibleKeyword.groovy:97)
	at com.kms.katalon.core.webui.keyword.builtin.VerifyElementVisibleKeyword.execute(VerifyElementVisibleKeyword.groovy:67)
	at com.kms.katalon.core.keyword.internal.KeywordExecutor.executeKeywordForPlatform(KeywordExecutor.groovy:72)
	at com.kms.katalon.core.webui.keyword.WebUiBuiltInKeywords.verifyElementVisible(WebUiBuiltInKeywords.groovy:372)
	at com.kms.katalon.core.webui.keyword.WebUiBuiltInKeywords$verifyElementVisible$3.call(Unknown Source)
	at Customer Fill Data to Payment.run(Customer Fill Data to Payment:20)
	at com.kms.katalon.core.main.ScriptEngine.run(ScriptEngine.java:194)
	at com.kms.katalon.core.main.ScriptEngine.runScriptAsRawText(ScriptEngine.java:119)
	at com.kms.katalon.core.main.TestCaseExecutor.runScript(TestCaseExecutor.java:337)
	at com.kms.katalon.core.main.TestCaseExecutor.doExecute(TestCaseExecutor.java:328)
	at com.kms.katalon.core.main.TestCaseExecutor.processExecutionPhase(TestCaseExecutor.java:307)
	at com.kms.katalon.core.main.TestCaseExecutor.accessMainPhase(TestCaseExecutor.java:299)
	at com.kms.katalon.core.main.TestCaseExecutor.execute(TestCaseExecutor.java:233)
	at com.kms.katalon.core.main.TestCaseMain.runTestCase(TestCaseMain.java:114)
	at com.kms.katalon.core.keyword.builtin.CallTestCaseKeyword$_callTestCase_closure1.doCall(CallTestCaseKeyword.groovy:59)
	... 20 more
Caused by: com.kms.katalon.core.exception.StepFailedException: Web element with id: 'Object Repository/Web RoomMe.id/Roomme.id Fill In Data/Text 1 Fill in data' located by 'By.xpath: //div[@id='__layout']/div/div/div[2]/div/p' not found
	at com.kms.katalon.core.webui.keyword.internal.WebUIKeywordMain.stepFailed(WebUIKeywordMain.groovy:64)
	at com.kms.katalon.core.webui.keyword.builtin.VerifyElementVisibleKeyword$_verifyElementVisible_closure1.doCall(VerifyElementVisibleKeyword.groovy:89)
	at com.kms.katalon.core.webui.keyword.builtin.VerifyElementVisibleKeyword$_verifyElementVisible_closure1.call(VerifyElementVisibleKeyword.groovy)
	at com.kms.katalon.core.webui.keyword.internal.WebUIKeywordMain.runKeyword(WebUIKeywordMain.groovy:20)
	... 35 more]]></system-err>
      </testcase>
      <testcase name="Test Cases/Web RoomMe.id/Customer Access Payment Option Page" time="113.374" classname="Test Cases/Web RoomMe.id/Customer Access Payment Option Page" status="FAILED">
         <failure type="FAILED" message="Test Cases/Web RoomMe.id/Customer Access Payment Option Page FAILED.
Reason:
com.kms.katalon.core.exception.StepFailedException: Call Test Case 'Test Cases/Web RoomMe.id/Customer Continue to Payment' failed
	at com.kms.katalon.core.keyword.builtin.CallTestCaseKeyword$_callTestCase_closure1.doCall(CallTestCaseKeyword.groovy:63)
	at com.kms.katalon.core.keyword.builtin.CallTestCaseKeyword$_callTestCase_closure1.call(CallTestCaseKeyword.groovy)
	at com.kms.katalon.core.keyword.internal.KeywordMain.runKeyword(KeywordMain.groovy:68)
	at com.kms.katalon.core.keyword.builtin.CallTestCaseKeyword.callTestCase(CallTestCaseKeyword.groovy:81)
	at com.kms.katalon.core.keyword.builtin.CallTestCaseKeyword.execute(CallTestCaseKeyword.groovy:44)
	at com.kms.katalon.core.keyword.internal.KeywordExecutor.executeKeywordForPlatform(KeywordExecutor.groovy:72)
	at com.kms.katalon.core.keyword.BuiltinKeywords.callTestCase(BuiltinKeywords.groovy:334)
	at Customer Access Payment Option Page.run(Customer Access Payment Option Page:18)
	at com.kms.katalon.core.main.ScriptEngine.run(ScriptEngine.java:194)
	at com.kms.katalon.core.main.ScriptEngine.runScriptAsRawText(ScriptEngine.java:119)
	at com.kms.katalon.core.main.TestCaseExecutor.runScript(TestCaseExecutor.java:337)
	at com.kms.katalon.core.main.TestCaseExecutor.doExecute(TestCaseExecutor.java:328)
	at com.kms.katalon.core.main.TestCaseExecutor.processExecutionPhase(TestCaseExecutor.java:307)
	at com.kms.katalon.core.main.TestCaseExecutor.accessMainPhase(TestCaseExecutor.java:299)
	at com.kms.katalon.core.main.TestCaseExecutor.execute(TestCaseExecutor.java:233)
	at com.kms.katalon.core.main.TestSuiteExecutor.accessTestCaseMainPhase(TestSuiteExecutor.java:169)
	at com.kms.katalon.core.main.TestSuiteExecutor.accessTestSuiteMainPhase(TestSuiteExecutor.java:142)
	at com.kms.katalon.core.main.TestSuiteExecutor.execute(TestSuiteExecutor.java:91)
	at com.kms.katalon.core.main.TestCaseMain.startTestSuite(TestCaseMain.java:157)
	at com.kms.katalon.core.main.TestCaseMain$startTestSuite$0.call(Unknown Source)
	at TempTestSuite1584105966627.run(TempTestSuite1584105966627.groovy:36)
Caused by: com.kms.katalon.core.exception.StepFailedException: Call Test Case 'Test Cases/Web RoomMe.id/Customer Fill Data to Payment' failed
	at com.kms.katalon.core.keyword.builtin.CallTestCaseKeyword$_callTestCase_closure1.doCall(CallTestCaseKeyword.groovy:63)
	at com.kms.katalon.core.keyword.builtin.CallTestCaseKeyword$_callTestCase_closure1.call(CallTestCaseKeyword.groovy)
	at com.kms.katalon.core.keyword.internal.KeywordMain.runKeyword(KeywordMain.groovy:68)
	at com.kms.katalon.core.keyword.builtin.CallTestCaseKeyword.callTestCase(CallTestCaseKeyword.groovy:81)
	at com.kms.katalon.core.keyword.builtin.CallTestCaseKeyword.execute(CallTestCaseKeyword.groovy:44)
	at com.kms.katalon.core.keyword.internal.KeywordExecutor.executeKeywordForPlatform(KeywordExecutor.groovy:72)
	at com.kms.katalon.core.keyword.BuiltinKeywords.callTestCase(BuiltinKeywords.groovy:334)
	at Customer Continue to Payment.run(Customer Continue to Payment:18)
	at com.kms.katalon.core.main.ScriptEngine.run(ScriptEngine.java:194)
	at com.kms.katalon.core.main.ScriptEngine.runScriptAsRawText(ScriptEngine.java:119)
	at com.kms.katalon.core.main.TestCaseExecutor.runScript(TestCaseExecutor.java:337)
	at com.kms.katalon.core.main.TestCaseExecutor.doExecute(TestCaseExecutor.java:328)
	at com.kms.katalon.core.main.TestCaseExecutor.processExecutionPhase(TestCaseExecutor.java:307)
	at com.kms.katalon.core.main.TestCaseExecutor.accessMainPhase(TestCaseExecutor.java:299)
	at com.kms.katalon.core.main.TestCaseExecutor.execute(TestCaseExecutor.java:233)
	at com.kms.katalon.core.main.TestCaseMain.runTestCase(TestCaseMain.java:114)
	at com.kms.katalon.core.keyword.builtin.CallTestCaseKeyword$_callTestCase_closure1.doCall(CallTestCaseKeyword.groovy:59)
	... 20 more
Caused by: com.kms.katalon.core.exception.StepFailedException: Unable to verify object 'Object Repository/Web RoomMe.id/Roomme.id Fill In Data/Text 1 Fill in data' is visible
	at com.kms.katalon.core.webui.keyword.internal.WebUIKeywordMain.stepFailed(WebUIKeywordMain.groovy:64)
	at com.kms.katalon.core.webui.keyword.internal.WebUIKeywordMain.runKeyword(WebUIKeywordMain.groovy:26)
	at com.kms.katalon.core.webui.keyword.builtin.VerifyElementVisibleKeyword.verifyElementVisible(VerifyElementVisibleKeyword.groovy:97)
	at com.kms.katalon.core.webui.keyword.builtin.VerifyElementVisibleKeyword.execute(VerifyElementVisibleKeyword.groovy:67)
	at com.kms.katalon.core.keyword.internal.KeywordExecutor.executeKeywordForPlatform(KeywordExecutor.groovy:72)
	at com.kms.katalon.core.webui.keyword.WebUiBuiltInKeywords.verifyElementVisible(WebUiBuiltInKeywords.groovy:372)
	at com.kms.katalon.core.webui.keyword.WebUiBuiltInKeywords$verifyElementVisible$3.call(Unknown Source)
	at Customer Fill Data to Payment.run(Customer Fill Data to Payment:20)
	at com.kms.katalon.core.main.ScriptEngine.run(ScriptEngine.java:194)
	at com.kms.katalon.core.main.ScriptEngine.runScriptAsRawText(ScriptEngine.java:119)
	at com.kms.katalon.core.main.TestCaseExecutor.runScript(TestCaseExecutor.java:337)
	at com.kms.katalon.core.main.TestCaseExecutor.doExecute(TestCaseExecutor.java:328)
	at com.kms.katalon.core.main.TestCaseExecutor.processExecutionPhase(TestCaseExecutor.java:307)
	at com.kms.katalon.core.main.TestCaseExecutor.accessMainPhase(TestCaseExecutor.java:299)
	at com.kms.katalon.core.main.TestCaseExecutor.execute(TestCaseExecutor.java:233)
	at com.kms.katalon.core.main.TestCaseMain.runTestCase(TestCaseMain.java:114)
	at com.kms.katalon.core.keyword.builtin.CallTestCaseKeyword$_callTestCase_closure1.doCall(CallTestCaseKeyword.groovy:59)
	... 36 more
Caused by: com.kms.katalon.core.exception.StepFailedException: Web element with id: 'Object Repository/Web RoomMe.id/Roomme.id Fill In Data/Text 1 Fill in data' located by 'By.xpath: //div[@id='__layout']/div/div/div[2]/div/p' not found
	at com.kms.katalon.core.webui.keyword.internal.WebUIKeywordMain.stepFailed(WebUIKeywordMain.groovy:64)
	at com.kms.katalon.core.webui.keyword.builtin.VerifyElementVisibleKeyword$_verifyElementVisible_closure1.doCall(VerifyElementVisibleKeyword.groovy:89)
	at com.kms.katalon.core.webui.keyword.builtin.VerifyElementVisibleKeyword$_verifyElementVisible_closure1.call(VerifyElementVisibleKeyword.groovy)
	at com.kms.katalon.core.webui.keyword.internal.WebUIKeywordMain.runKeyword(WebUIKeywordMain.groovy:20)
	... 51 more
"/>
         <system-out><![CDATA[2020-03-13 20:35:06 - [TEST_CASE][FAILED] - Test Cases/Web RoomMe.id/Customer Access Payment Option Page: Test Cases/Web RoomMe.id/Customer Access Payment Option Page FAILED.
Reason:
com.kms.katalon.core.exception.StepFailedException: Call Test Case 'Test Cases/Web RoomMe.id/Customer Continue to Payment' failed
	at com.kms.katalon.core.keyword.builtin.CallTestCaseKeyword$_callTestCase_closure1.doCall(CallTestCaseKeyword.groovy:63)
	at com.kms.katalon.core.keyword.builtin.CallTestCaseKeyword$_callTestCase_closure1.call(CallTestCaseKeyword.groovy)
	at com.kms.katalon.core.keyword.internal.KeywordMain.runKeyword(KeywordMain.groovy:68)
	at com.kms.katalon.core.keyword.builtin.CallTestCaseKeyword.callTestCase(CallTestCaseKeyword.groovy:81)
	at com.kms.katalon.core.keyword.builtin.CallTestCaseKeyword.execute(CallTestCaseKeyword.groovy:44)
	at com.kms.katalon.core.keyword.internal.KeywordExecutor.executeKeywordForPlatform(KeywordExecutor.groovy:72)
	at com.kms.katalon.core.keyword.BuiltinKeywords.callTestCase(BuiltinKeywords.groovy:334)
	at Customer Access Payment Option Page.run(Customer Access Payment Option Page:18)
	at com.kms.katalon.core.main.ScriptEngine.run(ScriptEngine.java:194)
	at com.kms.katalon.core.main.ScriptEngine.runScriptAsRawText(ScriptEngine.java:119)
	at com.kms.katalon.core.main.TestCaseExecutor.runScript(TestCaseExecutor.java:337)
	at com.kms.katalon.core.main.TestCaseExecutor.doExecute(TestCaseExecutor.java:328)
	at com.kms.katalon.core.main.TestCaseExecutor.processExecutionPhase(TestCaseExecutor.java:307)
	at com.kms.katalon.core.main.TestCaseExecutor.accessMainPhase(TestCaseExecutor.java:299)
	at com.kms.katalon.core.main.TestCaseExecutor.execute(TestCaseExecutor.java:233)
	at com.kms.katalon.core.main.TestSuiteExecutor.accessTestCaseMainPhase(TestSuiteExecutor.java:169)
	at com.kms.katalon.core.main.TestSuiteExecutor.accessTestSuiteMainPhase(TestSuiteExecutor.java:142)
	at com.kms.katalon.core.main.TestSuiteExecutor.execute(TestSuiteExecutor.java:91)
	at com.kms.katalon.core.main.TestCaseMain.startTestSuite(TestCaseMain.java:157)
	at com.kms.katalon.core.main.TestCaseMain$startTestSuite$0.call(Unknown Source)
	at TempTestSuite1584105966627.run(TempTestSuite1584105966627.groovy:36)
Caused by: com.kms.katalon.core.exception.StepFailedException: Call Test Case 'Test Cases/Web RoomMe.id/Customer Fill Data to Payment' failed
	at com.kms.katalon.core.keyword.builtin.CallTestCaseKeyword$_callTestCase_closure1.doCall(CallTestCaseKeyword.groovy:63)
	at com.kms.katalon.core.keyword.builtin.CallTestCaseKeyword$_callTestCase_closure1.call(CallTestCaseKeyword.groovy)
	at com.kms.katalon.core.keyword.internal.KeywordMain.runKeyword(KeywordMain.groovy:68)
	at com.kms.katalon.core.keyword.builtin.CallTestCaseKeyword.callTestCase(CallTestCaseKeyword.groovy:81)
	at com.kms.katalon.core.keyword.builtin.CallTestCaseKeyword.execute(CallTestCaseKeyword.groovy:44)
	at com.kms.katalon.core.keyword.internal.KeywordExecutor.executeKeywordForPlatform(KeywordExecutor.groovy:72)
	at com.kms.katalon.core.keyword.BuiltinKeywords.callTestCase(BuiltinKeywords.groovy:334)
	at Customer Continue to Payment.run(Customer Continue to Payment:18)
	at com.kms.katalon.core.main.ScriptEngine.run(ScriptEngine.java:194)
	at com.kms.katalon.core.main.ScriptEngine.runScriptAsRawText(ScriptEngine.java:119)
	at com.kms.katalon.core.main.TestCaseExecutor.runScript(TestCaseExecutor.java:337)
	at com.kms.katalon.core.main.TestCaseExecutor.doExecute(TestCaseExecutor.java:328)
	at com.kms.katalon.core.main.TestCaseExecutor.processExecutionPhase(TestCaseExecutor.java:307)
	at com.kms.katalon.core.main.TestCaseExecutor.accessMainPhase(TestCaseExecutor.java:299)
	at com.kms.katalon.core.main.TestCaseExecutor.execute(TestCaseExecutor.java:233)
	at com.kms.katalon.core.main.TestCaseMain.runTestCase(TestCaseMain.java:114)
	at com.kms.katalon.core.keyword.builtin.CallTestCaseKeyword$_callTestCase_closure1.doCall(CallTestCaseKeyword.groovy:59)
	... 20 more
Caused by: com.kms.katalon.core.exception.StepFailedException: Unable to verify object 'Object Repository/Web RoomMe.id/Roomme.id Fill In Data/Text 1 Fill in data' is visible
	at com.kms.katalon.core.webui.keyword.internal.WebUIKeywordMain.stepFailed(WebUIKeywordMain.groovy:64)
	at com.kms.katalon.core.webui.keyword.internal.WebUIKeywordMain.runKeyword(WebUIKeywordMain.groovy:26)
	at com.kms.katalon.core.webui.keyword.builtin.VerifyElementVisibleKeyword.verifyElementVisible(VerifyElementVisibleKeyword.groovy:97)
	at com.kms.katalon.core.webui.keyword.builtin.VerifyElementVisibleKeyword.execute(VerifyElementVisibleKeyword.groovy:67)
	at com.kms.katalon.core.keyword.internal.KeywordExecutor.executeKeywordForPlatform(KeywordExecutor.groovy:72)
	at com.kms.katalon.core.webui.keyword.WebUiBuiltInKeywords.verifyElementVisible(WebUiBuiltInKeywords.groovy:372)
	at com.kms.katalon.core.webui.keyword.WebUiBuiltInKeywords$verifyElementVisible$3.call(Unknown Source)
	at Customer Fill Data to Payment.run(Customer Fill Data to Payment:20)
	at com.kms.katalon.core.main.ScriptEngine.run(ScriptEngine.java:194)
	at com.kms.katalon.core.main.ScriptEngine.runScriptAsRawText(ScriptEngine.java:119)
	at com.kms.katalon.core.main.TestCaseExecutor.runScript(TestCaseExecutor.java:337)
	at com.kms.katalon.core.main.TestCaseExecutor.doExecute(TestCaseExecutor.java:328)
	at com.kms.katalon.core.main.TestCaseExecutor.processExecutionPhase(TestCaseExecutor.java:307)
	at com.kms.katalon.core.main.TestCaseExecutor.accessMainPhase(TestCaseExecutor.java:299)
	at com.kms.katalon.core.main.TestCaseExecutor.execute(TestCaseExecutor.java:233)
	at com.kms.katalon.core.main.TestCaseMain.runTestCase(TestCaseMain.java:114)
	at com.kms.katalon.core.keyword.builtin.CallTestCaseKeyword$_callTestCase_closure1.doCall(CallTestCaseKeyword.groovy:59)
	... 36 more
Caused by: com.kms.katalon.core.exception.StepFailedException: Web element with id: 'Object Repository/Web RoomMe.id/Roomme.id Fill In Data/Text 1 Fill in data' located by 'By.xpath: //div[@id='__layout']/div/div/div[2]/div/p' not found
	at com.kms.katalon.core.webui.keyword.internal.WebUIKeywordMain.stepFailed(WebUIKeywordMain.groovy:64)
	at com.kms.katalon.core.webui.keyword.builtin.VerifyElementVisibleKeyword$_verifyElementVisible_closure1.doCall(VerifyElementVisibleKeyword.groovy:89)
	at com.kms.katalon.core.webui.keyword.builtin.VerifyElementVisibleKeyword$_verifyElementVisible_closure1.call(VerifyElementVisibleKeyword.groovy)
	at com.kms.katalon.core.webui.keyword.internal.WebUIKeywordMain.runKeyword(WebUIKeywordMain.groovy:20)
	... 51 more


2020-03-13 20:35:06 - [TEST_STEP][FAILED] - callTestCase(findTestCase("Web RoomMe.id/Customer Continue to Payment"), [:], STOP_ON_FAILURE): Unable to call Test Case 'Test Cases/Web RoomMe.id/Customer Continue to Payment' (Root cause: com.kms.katalon.core.exception.StepFailedException: Call Test Case 'Test Cases/Web RoomMe.id/Customer Continue to Payment' failed
	at com.kms.katalon.core.keyword.builtin.CallTestCaseKeyword$_callTestCase_closure1.doCall(CallTestCaseKeyword.groovy:63)
	at com.kms.katalon.core.keyword.builtin.CallTestCaseKeyword$_callTestCase_closure1.call(CallTestCaseKeyword.groovy)
	at com.kms.katalon.core.keyword.internal.KeywordMain.runKeyword(KeywordMain.groovy:68)
	at com.kms.katalon.core.keyword.builtin.CallTestCaseKeyword.callTestCase(CallTestCaseKeyword.groovy:81)
	at com.kms.katalon.core.keyword.builtin.CallTestCaseKeyword.execute(CallTestCaseKeyword.groovy:44)
	at com.kms.katalon.core.keyword.internal.KeywordExecutor.executeKeywordForPlatform(KeywordExecutor.groovy:72)
	at com.kms.katalon.core.keyword.BuiltinKeywords.callTestCase(BuiltinKeywords.groovy:334)
	at Customer Access Payment Option Page.run(Customer Access Payment Option Page:18)
	at com.kms.katalon.core.main.ScriptEngine.run(ScriptEngine.java:194)
	at com.kms.katalon.core.main.ScriptEngine.runScriptAsRawText(ScriptEngine.java:119)
	at com.kms.katalon.core.main.TestCaseExecutor.runScript(TestCaseExecutor.java:337)
	at com.kms.katalon.core.main.TestCaseExecutor.doExecute(TestCaseExecutor.java:328)
	at com.kms.katalon.core.main.TestCaseExecutor.processExecutionPhase(TestCaseExecutor.java:307)
	at com.kms.katalon.core.main.TestCaseExecutor.accessMainPhase(TestCaseExecutor.java:299)
	at com.kms.katalon.core.main.TestCaseExecutor.execute(TestCaseExecutor.java:233)
	at com.kms.katalon.core.main.TestSuiteExecutor.accessTestCaseMainPhase(TestSuiteExecutor.java:169)
	at com.kms.katalon.core.main.TestSuiteExecutor.accessTestSuiteMainPhase(TestSuiteExecutor.java:142)
	at com.kms.katalon.core.main.TestSuiteExecutor.execute(TestSuiteExecutor.java:91)
	at com.kms.katalon.core.main.TestCaseMain.startTestSuite(TestCaseMain.java:157)
	at com.kms.katalon.core.main.TestCaseMain$startTestSuite$0.call(Unknown Source)
	at TempTestSuite1584105966627.run(TempTestSuite1584105966627.groovy:36)
Caused by: com.kms.katalon.core.exception.StepFailedException: Call Test Case 'Test Cases/Web RoomMe.id/Customer Fill Data to Payment' failed
	at com.kms.katalon.core.keyword.builtin.CallTestCaseKeyword$_callTestCase_closure1.doCall(CallTestCaseKeyword.groovy:63)
	at com.kms.katalon.core.keyword.builtin.CallTestCaseKeyword$_callTestCase_closure1.call(CallTestCaseKeyword.groovy)
	at com.kms.katalon.core.keyword.internal.KeywordMain.runKeyword(KeywordMain.groovy:68)
	at com.kms.katalon.core.keyword.builtin.CallTestCaseKeyword.callTestCase(CallTestCaseKeyword.groovy:81)
	at com.kms.katalon.core.keyword.builtin.CallTestCaseKeyword.execute(CallTestCaseKeyword.groovy:44)
	at com.kms.katalon.core.keyword.internal.KeywordExecutor.executeKeywordForPlatform(KeywordExecutor.groovy:72)
	at com.kms.katalon.core.keyword.BuiltinKeywords.callTestCase(BuiltinKeywords.groovy:334)
	at Customer Continue to Payment.run(Customer Continue to Payment:18)
	at com.kms.katalon.core.main.ScriptEngine.run(ScriptEngine.java:194)
	at com.kms.katalon.core.main.ScriptEngine.runScriptAsRawText(ScriptEngine.java:119)
	at com.kms.katalon.core.main.TestCaseExecutor.runScript(TestCaseExecutor.java:337)
	at com.kms.katalon.core.main.TestCaseExecutor.doExecute(TestCaseExecutor.java:328)
	at com.kms.katalon.core.main.TestCaseExecutor.processExecutionPhase(TestCaseExecutor.java:307)
	at com.kms.katalon.core.main.TestCaseExecutor.accessMainPhase(TestCaseExecutor.java:299)
	at com.kms.katalon.core.main.TestCaseExecutor.execute(TestCaseExecutor.java:233)
	at com.kms.katalon.core.main.TestCaseMain.runTestCase(TestCaseMain.java:114)
	at com.kms.katalon.core.keyword.builtin.CallTestCaseKeyword$_callTestCase_closure1.doCall(CallTestCaseKeyword.groovy:59)
	... 20 more
Caused by: com.kms.katalon.core.exception.StepFailedException: Unable to verify object 'Object Repository/Web RoomMe.id/Roomme.id Fill In Data/Text 1 Fill in data' is visible
	at com.kms.katalon.core.webui.keyword.internal.WebUIKeywordMain.stepFailed(WebUIKeywordMain.groovy:64)
	at com.kms.katalon.core.webui.keyword.internal.WebUIKeywordMain.runKeyword(WebUIKeywordMain.groovy:26)
	at com.kms.katalon.core.webui.keyword.builtin.VerifyElementVisibleKeyword.verifyElementVisible(VerifyElementVisibleKeyword.groovy:97)
	at com.kms.katalon.core.webui.keyword.builtin.VerifyElementVisibleKeyword.execute(VerifyElementVisibleKeyword.groovy:67)
	at com.kms.katalon.core.keyword.internal.KeywordExecutor.executeKeywordForPlatform(KeywordExecutor.groovy:72)
	at com.kms.katalon.core.webui.keyword.WebUiBuiltInKeywords.verifyElementVisible(WebUiBuiltInKeywords.groovy:372)
	at com.kms.katalon.core.webui.keyword.WebUiBuiltInKeywords$verifyElementVisible$3.call(Unknown Source)
	at Customer Fill Data to Payment.run(Customer Fill Data to Payment:20)
	at com.kms.katalon.core.main.ScriptEngine.run(ScriptEngine.java:194)
	at com.kms.katalon.core.main.ScriptEngine.runScriptAsRawText(ScriptEngine.java:119)
	at com.kms.katalon.core.main.TestCaseExecutor.runScript(TestCaseExecutor.java:337)
	at com.kms.katalon.core.main.TestCaseExecutor.doExecute(TestCaseExecutor.java:328)
	at com.kms.katalon.core.main.TestCaseExecutor.processExecutionPhase(TestCaseExecutor.java:307)
	at com.kms.katalon.core.main.TestCaseExecutor.accessMainPhase(TestCaseExecutor.java:299)
	at com.kms.katalon.core.main.TestCaseExecutor.execute(TestCaseExecutor.java:233)
	at com.kms.katalon.core.main.TestCaseMain.runTestCase(TestCaseMain.java:114)
	at com.kms.katalon.core.keyword.builtin.CallTestCaseKeyword$_callTestCase_closure1.doCall(CallTestCaseKeyword.groovy:59)
	... 36 more
Caused by: com.kms.katalon.core.exception.StepFailedException: Web element with id: 'Object Repository/Web RoomMe.id/Roomme.id Fill In Data/Text 1 Fill in data' located by 'By.xpath: //div[@id='__layout']/div/div/div[2]/div/p' not found
	at com.kms.katalon.core.webui.keyword.internal.WebUIKeywordMain.stepFailed(WebUIKeywordMain.groovy:64)
	at com.kms.katalon.core.webui.keyword.builtin.VerifyElementVisibleKeyword$_verifyElementVisible_closure1.doCall(VerifyElementVisibleKeyword.groovy:89)
	at com.kms.katalon.core.webui.keyword.builtin.VerifyElementVisibleKeyword$_verifyElementVisible_closure1.call(VerifyElementVisibleKeyword.groovy)
	at com.kms.katalon.core.webui.keyword.internal.WebUIKeywordMain.runKeyword(WebUIKeywordMain.groovy:20)
	... 51 more
)

2020-03-13 20:35:06 - [TEST_CASE][FAILED] - Test Cases/Web RoomMe.id/Customer Continue to Payment: Test Cases/Web RoomMe.id/Customer Continue to Payment FAILED.
Reason:
com.kms.katalon.core.exception.StepFailedException: Call Test Case 'Test Cases/Web RoomMe.id/Customer Fill Data to Payment' failed
	at com.kms.katalon.core.keyword.builtin.CallTestCaseKeyword$_callTestCase_closure1.doCall(CallTestCaseKeyword.groovy:63)
	at com.kms.katalon.core.keyword.builtin.CallTestCaseKeyword$_callTestCase_closure1.call(CallTestCaseKeyword.groovy)
	at com.kms.katalon.core.keyword.internal.KeywordMain.runKeyword(KeywordMain.groovy:68)
	at com.kms.katalon.core.keyword.builtin.CallTestCaseKeyword.callTestCase(CallTestCaseKeyword.groovy:81)
	at com.kms.katalon.core.keyword.builtin.CallTestCaseKeyword.execute(CallTestCaseKeyword.groovy:44)
	at com.kms.katalon.core.keyword.internal.KeywordExecutor.executeKeywordForPlatform(KeywordExecutor.groovy:72)
	at com.kms.katalon.core.keyword.BuiltinKeywords.callTestCase(BuiltinKeywords.groovy:334)
	at Customer Continue to Payment.run(Customer Continue to Payment:18)
	at com.kms.katalon.core.main.ScriptEngine.run(ScriptEngine.java:194)
	at com.kms.katalon.core.main.ScriptEngine.runScriptAsRawText(ScriptEngine.java:119)
	at com.kms.katalon.core.main.TestCaseExecutor.runScript(TestCaseExecutor.java:337)
	at com.kms.katalon.core.main.TestCaseExecutor.doExecute(TestCaseExecutor.java:328)
	at com.kms.katalon.core.main.TestCaseExecutor.processExecutionPhase(TestCaseExecutor.java:307)
	at com.kms.katalon.core.main.TestCaseExecutor.accessMainPhase(TestCaseExecutor.java:299)
	at com.kms.katalon.core.main.TestCaseExecutor.execute(TestCaseExecutor.java:233)
	at com.kms.katalon.core.main.TestCaseMain.runTestCase(TestCaseMain.java:114)
	at com.kms.katalon.core.keyword.builtin.CallTestCaseKeyword$_callTestCase_closure1.doCall(CallTestCaseKeyword.groovy:59)
	at com.kms.katalon.core.keyword.builtin.CallTestCaseKeyword$_callTestCase_closure1.call(CallTestCaseKeyword.groovy)
	at com.kms.katalon.core.keyword.internal.KeywordMain.runKeyword(KeywordMain.groovy:68)
	at com.kms.katalon.core.keyword.builtin.CallTestCaseKeyword.callTestCase(CallTestCaseKeyword.groovy:81)
	at com.kms.katalon.core.keyword.builtin.CallTestCaseKeyword.execute(CallTestCaseKeyword.groovy:44)
	at com.kms.katalon.core.keyword.internal.KeywordExecutor.executeKeywordForPlatform(KeywordExecutor.groovy:72)
	at com.kms.katalon.core.keyword.BuiltinKeywords.callTestCase(BuiltinKeywords.groovy:334)
	at Customer Access Payment Option Page.run(Customer Access Payment Option Page:18)
	at com.kms.katalon.core.main.ScriptEngine.run(ScriptEngine.java:194)
	at com.kms.katalon.core.main.ScriptEngine.runScriptAsRawText(ScriptEngine.java:119)
	at com.kms.katalon.core.main.TestCaseExecutor.runScript(TestCaseExecutor.java:337)
	at com.kms.katalon.core.main.TestCaseExecutor.doExecute(TestCaseExecutor.java:328)
	at com.kms.katalon.core.main.TestCaseExecutor.processExecutionPhase(TestCaseExecutor.java:307)
	at com.kms.katalon.core.main.TestCaseExecutor.accessMainPhase(TestCaseExecutor.java:299)
	at com.kms.katalon.core.main.TestCaseExecutor.execute(TestCaseExecutor.java:233)
	at com.kms.katalon.core.main.TestSuiteExecutor.accessTestCaseMainPhase(TestSuiteExecutor.java:169)
	at com.kms.katalon.core.main.TestSuiteExecutor.accessTestSuiteMainPhase(TestSuiteExecutor.java:142)
	at com.kms.katalon.core.main.TestSuiteExecutor.execute(TestSuiteExecutor.java:91)
	at com.kms.katalon.core.main.TestCaseMain.startTestSuite(TestCaseMain.java:157)
	at com.kms.katalon.core.main.TestCaseMain$startTestSuite$0.call(Unknown Source)
	at TempTestSuite1584105966627.run(TempTestSuite1584105966627.groovy:36)
Caused by: com.kms.katalon.core.exception.StepFailedException: Unable to verify object 'Object Repository/Web RoomMe.id/Roomme.id Fill In Data/Text 1 Fill in data' is visible
	at com.kms.katalon.core.webui.keyword.internal.WebUIKeywordMain.stepFailed(WebUIKeywordMain.groovy:64)
	at com.kms.katalon.core.webui.keyword.internal.WebUIKeywordMain.runKeyword(WebUIKeywordMain.groovy:26)
	at com.kms.katalon.core.webui.keyword.builtin.VerifyElementVisibleKeyword.verifyElementVisible(VerifyElementVisibleKeyword.groovy:97)
	at com.kms.katalon.core.webui.keyword.builtin.VerifyElementVisibleKeyword.execute(VerifyElementVisibleKeyword.groovy:67)
	at com.kms.katalon.core.keyword.internal.KeywordExecutor.executeKeywordForPlatform(KeywordExecutor.groovy:72)
	at com.kms.katalon.core.webui.keyword.WebUiBuiltInKeywords.verifyElementVisible(WebUiBuiltInKeywords.groovy:372)
	at com.kms.katalon.core.webui.keyword.WebUiBuiltInKeywords$verifyElementVisible$3.call(Unknown Source)
	at Customer Fill Data to Payment.run(Customer Fill Data to Payment:20)
	at com.kms.katalon.core.main.ScriptEngine.run(ScriptEngine.java:194)
	at com.kms.katalon.core.main.ScriptEngine.runScriptAsRawText(ScriptEngine.java:119)
	at com.kms.katalon.core.main.TestCaseExecutor.runScript(TestCaseExecutor.java:337)
	at com.kms.katalon.core.main.TestCaseExecutor.doExecute(TestCaseExecutor.java:328)
	at com.kms.katalon.core.main.TestCaseExecutor.processExecutionPhase(TestCaseExecutor.java:307)
	at com.kms.katalon.core.main.TestCaseExecutor.accessMainPhase(TestCaseExecutor.java:299)
	at com.kms.katalon.core.main.TestCaseExecutor.execute(TestCaseExecutor.java:233)
	at com.kms.katalon.core.main.TestCaseMain.runTestCase(TestCaseMain.java:114)
	at com.kms.katalon.core.keyword.builtin.CallTestCaseKeyword$_callTestCase_closure1.doCall(CallTestCaseKeyword.groovy:59)
	... 36 more
Caused by: com.kms.katalon.core.exception.StepFailedException: Web element with id: 'Object Repository/Web RoomMe.id/Roomme.id Fill In Data/Text 1 Fill in data' located by 'By.xpath: //div[@id='__layout']/div/div/div[2]/div/p' not found
	at com.kms.katalon.core.webui.keyword.internal.WebUIKeywordMain.stepFailed(WebUIKeywordMain.groovy:64)
	at com.kms.katalon.core.webui.keyword.builtin.VerifyElementVisibleKeyword$_verifyElementVisible_closure1.doCall(VerifyElementVisibleKeyword.groovy:89)
	at com.kms.katalon.core.webui.keyword.builtin.VerifyElementVisibleKeyword$_verifyElementVisible_closure1.call(VerifyElementVisibleKeyword.groovy)
	at com.kms.katalon.core.webui.keyword.internal.WebUIKeywordMain.runKeyword(WebUIKeywordMain.groovy:20)
	... 51 more


2020-03-13 20:35:06 - [TEST_STEP][FAILED] - callTestCase(findTestCase("Web RoomMe.id/Customer Fill Data to Payment"), [:], STOP_ON_FAILURE): Unable to call Test Case 'Test Cases/Web RoomMe.id/Customer Fill Data to Payment' (Root cause: com.kms.katalon.core.exception.StepFailedException: Call Test Case 'Test Cases/Web RoomMe.id/Customer Fill Data to Payment' failed
	at com.kms.katalon.core.keyword.builtin.CallTestCaseKeyword$_callTestCase_closure1.doCall(CallTestCaseKeyword.groovy:63)
	at com.kms.katalon.core.keyword.builtin.CallTestCaseKeyword$_callTestCase_closure1.call(CallTestCaseKeyword.groovy)
	at com.kms.katalon.core.keyword.internal.KeywordMain.runKeyword(KeywordMain.groovy:68)
	at com.kms.katalon.core.keyword.builtin.CallTestCaseKeyword.callTestCase(CallTestCaseKeyword.groovy:81)
	at com.kms.katalon.core.keyword.builtin.CallTestCaseKeyword.execute(CallTestCaseKeyword.groovy:44)
	at com.kms.katalon.core.keyword.internal.KeywordExecutor.executeKeywordForPlatform(KeywordExecutor.groovy:72)
	at com.kms.katalon.core.keyword.BuiltinKeywords.callTestCase(BuiltinKeywords.groovy:334)
	at Customer Continue to Payment.run(Customer Continue to Payment:18)
	at com.kms.katalon.core.main.ScriptEngine.run(ScriptEngine.java:194)
	at com.kms.katalon.core.main.ScriptEngine.runScriptAsRawText(ScriptEngine.java:119)
	at com.kms.katalon.core.main.TestCaseExecutor.runScript(TestCaseExecutor.java:337)
	at com.kms.katalon.core.main.TestCaseExecutor.doExecute(TestCaseExecutor.java:328)
	at com.kms.katalon.core.main.TestCaseExecutor.processExecutionPhase(TestCaseExecutor.java:307)
	at com.kms.katalon.core.main.TestCaseExecutor.accessMainPhase(TestCaseExecutor.java:299)
	at com.kms.katalon.core.main.TestCaseExecutor.execute(TestCaseExecutor.java:233)
	at com.kms.katalon.core.main.TestCaseMain.runTestCase(TestCaseMain.java:114)
	at com.kms.katalon.core.keyword.builtin.CallTestCaseKeyword$_callTestCase_closure1.doCall(CallTestCaseKeyword.groovy:59)
	at com.kms.katalon.core.keyword.builtin.CallTestCaseKeyword$_callTestCase_closure1.call(CallTestCaseKeyword.groovy)
	at com.kms.katalon.core.keyword.internal.KeywordMain.runKeyword(KeywordMain.groovy:68)
	at com.kms.katalon.core.keyword.builtin.CallTestCaseKeyword.callTestCase(CallTestCaseKeyword.groovy:81)
	at com.kms.katalon.core.keyword.builtin.CallTestCaseKeyword.execute(CallTestCaseKeyword.groovy:44)
	at com.kms.katalon.core.keyword.internal.KeywordExecutor.executeKeywordForPlatform(KeywordExecutor.groovy:72)
	at com.kms.katalon.core.keyword.BuiltinKeywords.callTestCase(BuiltinKeywords.groovy:334)
	at Customer Access Payment Option Page.run(Customer Access Payment Option Page:18)
	at com.kms.katalon.core.main.ScriptEngine.run(ScriptEngine.java:194)
	at com.kms.katalon.core.main.ScriptEngine.runScriptAsRawText(ScriptEngine.java:119)
	at com.kms.katalon.core.main.TestCaseExecutor.runScript(TestCaseExecutor.java:337)
	at com.kms.katalon.core.main.TestCaseExecutor.doExecute(TestCaseExecutor.java:328)
	at com.kms.katalon.core.main.TestCaseExecutor.processExecutionPhase(TestCaseExecutor.java:307)
	at com.kms.katalon.core.main.TestCaseExecutor.accessMainPhase(TestCaseExecutor.java:299)
	at com.kms.katalon.core.main.TestCaseExecutor.execute(TestCaseExecutor.java:233)
	at com.kms.katalon.core.main.TestSuiteExecutor.accessTestCaseMainPhase(TestSuiteExecutor.java:169)
	at com.kms.katalon.core.main.TestSuiteExecutor.accessTestSuiteMainPhase(TestSuiteExecutor.java:142)
	at com.kms.katalon.core.main.TestSuiteExecutor.execute(TestSuiteExecutor.java:91)
	at com.kms.katalon.core.main.TestCaseMain.startTestSuite(TestCaseMain.java:157)
	at com.kms.katalon.core.main.TestCaseMain$startTestSuite$0.call(Unknown Source)
	at TempTestSuite1584105966627.run(TempTestSuite1584105966627.groovy:36)
Caused by: com.kms.katalon.core.exception.StepFailedException: Unable to verify object 'Object Repository/Web RoomMe.id/Roomme.id Fill In Data/Text 1 Fill in data' is visible
	at com.kms.katalon.core.webui.keyword.internal.WebUIKeywordMain.stepFailed(WebUIKeywordMain.groovy:64)
	at com.kms.katalon.core.webui.keyword.internal.WebUIKeywordMain.runKeyword(WebUIKeywordMain.groovy:26)
	at com.kms.katalon.core.webui.keyword.builtin.VerifyElementVisibleKeyword.verifyElementVisible(VerifyElementVisibleKeyword.groovy:97)
	at com.kms.katalon.core.webui.keyword.builtin.VerifyElementVisibleKeyword.execute(VerifyElementVisibleKeyword.groovy:67)
	at com.kms.katalon.core.keyword.internal.KeywordExecutor.executeKeywordForPlatform(KeywordExecutor.groovy:72)
	at com.kms.katalon.core.webui.keyword.WebUiBuiltInKeywords.verifyElementVisible(WebUiBuiltInKeywords.groovy:372)
	at com.kms.katalon.core.webui.keyword.WebUiBuiltInKeywords$verifyElementVisible$3.call(Unknown Source)
	at Customer Fill Data to Payment.run(Customer Fill Data to Payment:20)
	at com.kms.katalon.core.main.ScriptEngine.run(ScriptEngine.java:194)
	at com.kms.katalon.core.main.ScriptEngine.runScriptAsRawText(ScriptEngine.java:119)
	at com.kms.katalon.core.main.TestCaseExecutor.runScript(TestCaseExecutor.java:337)
	at com.kms.katalon.core.main.TestCaseExecutor.doExecute(TestCaseExecutor.java:328)
	at com.kms.katalon.core.main.TestCaseExecutor.processExecutionPhase(TestCaseExecutor.java:307)
	at com.kms.katalon.core.main.TestCaseExecutor.accessMainPhase(TestCaseExecutor.java:299)
	at com.kms.katalon.core.main.TestCaseExecutor.execute(TestCaseExecutor.java:233)
	at com.kms.katalon.core.main.TestCaseMain.runTestCase(TestCaseMain.java:114)
	at com.kms.katalon.core.keyword.builtin.CallTestCaseKeyword$_callTestCase_closure1.doCall(CallTestCaseKeyword.groovy:59)
	... 36 more
Caused by: com.kms.katalon.core.exception.StepFailedException: Web element with id: 'Object Repository/Web RoomMe.id/Roomme.id Fill In Data/Text 1 Fill in data' located by 'By.xpath: //div[@id='__layout']/div/div/div[2]/div/p' not found
	at com.kms.katalon.core.webui.keyword.internal.WebUIKeywordMain.stepFailed(WebUIKeywordMain.groovy:64)
	at com.kms.katalon.core.webui.keyword.builtin.VerifyElementVisibleKeyword$_verifyElementVisible_closure1.doCall(VerifyElementVisibleKeyword.groovy:89)
	at com.kms.katalon.core.webui.keyword.builtin.VerifyElementVisibleKeyword$_verifyElementVisible_closure1.call(VerifyElementVisibleKeyword.groovy)
	at com.kms.katalon.core.webui.keyword.internal.WebUIKeywordMain.runKeyword(WebUIKeywordMain.groovy:20)
	... 51 more
)

2020-03-13 20:35:06 - [TEST_CASE][FAILED] - Test Cases/Web RoomMe.id/Customer Fill Data to Payment: Test Cases/Web RoomMe.id/Customer Fill Data to Payment FAILED.
Reason:
com.kms.katalon.core.exception.StepFailedException: Unable to verify object 'Object Repository/Web RoomMe.id/Roomme.id Fill In Data/Text 1 Fill in data' is visible
	at com.kms.katalon.core.webui.keyword.internal.WebUIKeywordMain.stepFailed(WebUIKeywordMain.groovy:64)
	at com.kms.katalon.core.webui.keyword.internal.WebUIKeywordMain.runKeyword(WebUIKeywordMain.groovy:26)
	at com.kms.katalon.core.webui.keyword.builtin.VerifyElementVisibleKeyword.verifyElementVisible(VerifyElementVisibleKeyword.groovy:97)
	at com.kms.katalon.core.webui.keyword.builtin.VerifyElementVisibleKeyword.execute(VerifyElementVisibleKeyword.groovy:67)
	at com.kms.katalon.core.keyword.internal.KeywordExecutor.executeKeywordForPlatform(KeywordExecutor.groovy:72)
	at com.kms.katalon.core.webui.keyword.WebUiBuiltInKeywords.verifyElementVisible(WebUiBuiltInKeywords.groovy:372)
	at com.kms.katalon.core.webui.keyword.WebUiBuiltInKeywords$verifyElementVisible$3.call(Unknown Source)
	at Customer Fill Data to Payment.run(Customer Fill Data to Payment:20)
	at com.kms.katalon.core.main.ScriptEngine.run(ScriptEngine.java:194)
	at com.kms.katalon.core.main.ScriptEngine.runScriptAsRawText(ScriptEngine.java:119)
	at com.kms.katalon.core.main.TestCaseExecutor.runScript(TestCaseExecutor.java:337)
	at com.kms.katalon.core.main.TestCaseExecutor.doExecute(TestCaseExecutor.java:328)
	at com.kms.katalon.core.main.TestCaseExecutor.processExecutionPhase(TestCaseExecutor.java:307)
	at com.kms.katalon.core.main.TestCaseExecutor.accessMainPhase(TestCaseExecutor.java:299)
	at com.kms.katalon.core.main.TestCaseExecutor.execute(TestCaseExecutor.java:233)
	at com.kms.katalon.core.main.TestCaseMain.runTestCase(TestCaseMain.java:114)
	at com.kms.katalon.core.keyword.builtin.CallTestCaseKeyword$_callTestCase_closure1.doCall(CallTestCaseKeyword.groovy:59)
	at com.kms.katalon.core.keyword.builtin.CallTestCaseKeyword$_callTestCase_closure1.call(CallTestCaseKeyword.groovy)
	at com.kms.katalon.core.keyword.internal.KeywordMain.runKeyword(KeywordMain.groovy:68)
	at com.kms.katalon.core.keyword.builtin.CallTestCaseKeyword.callTestCase(CallTestCaseKeyword.groovy:81)
	at com.kms.katalon.core.keyword.builtin.CallTestCaseKeyword.execute(CallTestCaseKeyword.groovy:44)
	at com.kms.katalon.core.keyword.internal.KeywordExecutor.executeKeywordForPlatform(KeywordExecutor.groovy:72)
	at com.kms.katalon.core.keyword.BuiltinKeywords.callTestCase(BuiltinKeywords.groovy:334)
	at Customer Continue to Payment.run(Customer Continue to Payment:18)
	at com.kms.katalon.core.main.ScriptEngine.run(ScriptEngine.java:194)
	at com.kms.katalon.core.main.ScriptEngine.runScriptAsRawText(ScriptEngine.java:119)
	at com.kms.katalon.core.main.TestCaseExecutor.runScript(TestCaseExecutor.java:337)
	at com.kms.katalon.core.main.TestCaseExecutor.doExecute(TestCaseExecutor.java:328)
	at com.kms.katalon.core.main.TestCaseExecutor.processExecutionPhase(TestCaseExecutor.java:307)
	at com.kms.katalon.core.main.TestCaseExecutor.accessMainPhase(TestCaseExecutor.java:299)
	at com.kms.katalon.core.main.TestCaseExecutor.execute(TestCaseExecutor.java:233)
	at com.kms.katalon.core.main.TestCaseMain.runTestCase(TestCaseMain.java:114)
	at com.kms.katalon.core.keyword.builtin.CallTestCaseKeyword$_callTestCase_closure1.doCall(CallTestCaseKeyword.groovy:59)
	at com.kms.katalon.core.keyword.builtin.CallTestCaseKeyword$_callTestCase_closure1.call(CallTestCaseKeyword.groovy)
	at com.kms.katalon.core.keyword.internal.KeywordMain.runKeyword(KeywordMain.groovy:68)
	at com.kms.katalon.core.keyword.builtin.CallTestCaseKeyword.callTestCase(CallTestCaseKeyword.groovy:81)
	at com.kms.katalon.core.keyword.builtin.CallTestCaseKeyword.execute(CallTestCaseKeyword.groovy:44)
	at com.kms.katalon.core.keyword.internal.KeywordExecutor.executeKeywordForPlatform(KeywordExecutor.groovy:72)
	at com.kms.katalon.core.keyword.BuiltinKeywords.callTestCase(BuiltinKeywords.groovy:334)
	at Customer Access Payment Option Page.run(Customer Access Payment Option Page:18)
	at com.kms.katalon.core.main.ScriptEngine.run(ScriptEngine.java:194)
	at com.kms.katalon.core.main.ScriptEngine.runScriptAsRawText(ScriptEngine.java:119)
	at com.kms.katalon.core.main.TestCaseExecutor.runScript(TestCaseExecutor.java:337)
	at com.kms.katalon.core.main.TestCaseExecutor.doExecute(TestCaseExecutor.java:328)
	at com.kms.katalon.core.main.TestCaseExecutor.processExecutionPhase(TestCaseExecutor.java:307)
	at com.kms.katalon.core.main.TestCaseExecutor.accessMainPhase(TestCaseExecutor.java:299)
	at com.kms.katalon.core.main.TestCaseExecutor.execute(TestCaseExecutor.java:233)
	at com.kms.katalon.core.main.TestSuiteExecutor.accessTestCaseMainPhase(TestSuiteExecutor.java:169)
	at com.kms.katalon.core.main.TestSuiteExecutor.accessTestSuiteMainPhase(TestSuiteExecutor.java:142)
	at com.kms.katalon.core.main.TestSuiteExecutor.execute(TestSuiteExecutor.java:91)
	at com.kms.katalon.core.main.TestCaseMain.startTestSuite(TestCaseMain.java:157)
	at com.kms.katalon.core.main.TestCaseMain$startTestSuite$0.call(Unknown Source)
	at TempTestSuite1584105966627.run(TempTestSuite1584105966627.groovy:36)
Caused by: com.kms.katalon.core.exception.StepFailedException: Web element with id: 'Object Repository/Web RoomMe.id/Roomme.id Fill In Data/Text 1 Fill in data' located by 'By.xpath: //div[@id='__layout']/div/div/div[2]/div/p' not found
	at com.kms.katalon.core.webui.keyword.internal.WebUIKeywordMain.stepFailed(WebUIKeywordMain.groovy:64)
	at com.kms.katalon.core.webui.keyword.builtin.VerifyElementVisibleKeyword$_verifyElementVisible_closure1.doCall(VerifyElementVisibleKeyword.groovy:89)
	at com.kms.katalon.core.webui.keyword.builtin.VerifyElementVisibleKeyword$_verifyElementVisible_closure1.call(VerifyElementVisibleKeyword.groovy)
	at com.kms.katalon.core.webui.keyword.internal.WebUIKeywordMain.runKeyword(WebUIKeywordMain.groovy:20)
	... 51 more


2020-03-13 20:35:06 - [TEST_STEP][PASSED] - callTestCase(findTestCase("Web RoomMe.id/Customer Continue To Book"), [:], STOP_ON_FAILURE): Call Test Case 'Test Cases/Web RoomMe.id/Customer Continue To Book' successfully

2020-03-13 20:35:06 - [TEST_CASE][PASSED] - Test Cases/Web RoomMe.id/Customer Continue To Book: Test Cases/Web RoomMe.id/Customer Continue To Book

2020-03-13 20:35:06 - [TEST_STEP][PASSED] - callTestCase(findTestCase("Web RoomMe.id/Customer Select Kamar"), [:], STOP_ON_FAILURE): Call Test Case 'Test Cases/Web RoomMe.id/Customer Select Kamar' successfully

2020-03-13 20:35:07 - [TEST_CASE][PASSED] - Test Cases/Web RoomMe.id/Customer Select Kamar: Test Cases/Web RoomMe.id/Customer Select Kamar

2020-03-13 20:35:07 - [TEST_STEP][PASSED] - callTestCase(findTestCase("Web RoomMe.id/Customer Select Kost"), [:], STOP_ON_FAILURE): Call Test Case 'Test Cases/Web RoomMe.id/Customer Select Kost' successfully

2020-03-13 20:35:07 - [TEST_CASE][PASSED] - Test Cases/Web RoomMe.id/Customer Select Kost: Test Cases/Web RoomMe.id/Customer Select Kost

2020-03-13 20:35:07 - [TEST_STEP][PASSED] - callTestCase(findTestCase("Web RoomMe.id/Customer Search For Kost"), [:], STOP_ON_FAILURE): Call Test Case 'Test Cases/Web RoomMe.id/Customer Search For Kost' successfully

2020-03-13 20:35:07 - [TEST_CASE][PASSED] - Test Cases/Web RoomMe.id/Customer Search For Kost: Test Cases/Web RoomMe.id/Customer Search For Kost

2020-03-13 20:35:07 - [TEST_STEP][PASSED] - callTestCase(findTestCase("Web RoomMe.id/Customer Login"), [:], STOP_ON_FAILURE): Call Test Case 'Test Cases/Web RoomMe.id/Customer Login' successfully

2020-03-13 20:35:07 - [TEST_CASE][PASSED] - Test Cases/Web RoomMe.id/Customer Login: Test Cases/Web RoomMe.id/Customer Login

2020-03-13 20:35:07 - [TEST_STEP][PASSED] - callTestCase(findTestCase("Web RoomMe.id/Customer Access RoomMe Page"), [:], STOP_ON_FAILURE): Call Test Case 'Test Cases/Web RoomMe.id/Customer Access RoomMe Page' successfully

2020-03-13 20:35:07 - [TEST_CASE][PASSED] - Test Cases/Web RoomMe.id/Customer Access RoomMe Page: Test Cases/Web RoomMe.id/Customer Access RoomMe Page

2020-03-13 20:35:07 - [TEST_STEP][PASSED] - openBrowser(""): Browser is opened with url: ''

2020-03-13 20:35:07 - [MESSAGE][WARNING] - A browser is already opened. Closing browser and opening a new one

2020-03-13 20:35:08 - [MESSAGE][INFO] - Starting 'Chrome' driver

2020-03-13 20:35:13 - [MESSAGE][PASSED] - Browser is opened with url: ''

2020-03-13 20:35:13 - [TEST_STEP][PASSED] - navigateToUrl("https://web.roomme.id/"): Navigate to 'https://web.roomme.id/' successfully

2020-03-13 20:35:38 - [MESSAGE][PASSED] - Navigate to 'https://web.roomme.id/' successfully

2020-03-13 20:35:38 - [TEST_STEP][PASSED] - maximizeWindow(): Current window maximized

2020-03-13 20:35:42 - [MESSAGE][PASSED] - Current window maximized

2020-03-13 20:35:42 - [MESSAGE][PASSED] - Call Test Case 'Test Cases/Web RoomMe.id/Customer Access RoomMe Page' successfully

2020-03-13 20:35:42 - [TEST_STEP][PASSED] - click(findTestObject("Web RoomMe.id/RoomMe.id Homepage/Button Sign In")): Object: 'Object Repository/Web RoomMe.id/RoomMe.id Homepage/Button Sign In' is clicked on

2020-03-13 20:35:42 - [MESSAGE][PASSED] - Object: 'Object Repository/Web RoomMe.id/RoomMe.id Homepage/Button Sign In' is clicked on

2020-03-13 20:35:42 - [TEST_STEP][PASSED] - verifyElementVisible(findTestObject("Web RoomMe.id/Sign In Menu/Textfield Email")): Object 'Object Repository/Web RoomMe.id/Sign In Menu/Textfield Email' is visible

2020-03-13 20:35:43 - [MESSAGE][PASSED] - Object 'Object Repository/Web RoomMe.id/Sign In Menu/Textfield Email' is visible

2020-03-13 20:35:43 - [TEST_STEP][PASSED] - verifyElementVisible(findTestObject("Web RoomMe.id/Sign In Menu/Textfield Password")): Object 'Object Repository/Web RoomMe.id/Sign In Menu/Textfield Password' is visible

2020-03-13 20:35:43 - [MESSAGE][PASSED] - Object 'Object Repository/Web RoomMe.id/Sign In Menu/Textfield Password' is visible

2020-03-13 20:35:43 - [TEST_STEP][PASSED] - verifyElementVisible(findTestObject("Web RoomMe.id/RoomMe.id Homepage/Button Sign In")): Object 'Object Repository/Web RoomMe.id/RoomMe.id Homepage/Button Sign In' is visible

2020-03-13 20:35:44 - [MESSAGE][PASSED] - Object 'Object Repository/Web RoomMe.id/RoomMe.id Homepage/Button Sign In' is visible

2020-03-13 20:35:44 - [TEST_STEP][PASSED] - verifyElementVisible(findTestObject("Web RoomMe.id/Sign In Menu/Button Forgot Password")): Object 'Object Repository/Web RoomMe.id/Sign In Menu/Button Forgot Password' is visible

2020-03-13 20:35:44 - [MESSAGE][PASSED] - Object 'Object Repository/Web RoomMe.id/Sign In Menu/Button Forgot Password' is visible

2020-03-13 20:35:44 - [TEST_STEP][PASSED] - setText(findTestObject("Web RoomMe.id/Sign In Menu/Textfield Email"), "faldinv68@gmail.com"): Text 'faldinv68@gmail.com' is set on object 'Object Repository/Web RoomMe.id/Sign In Menu/Textfield Email'

2020-03-13 20:35:45 - [MESSAGE][PASSED] - Text 'faldinv68@gmail.com' is set on object 'Object Repository/Web RoomMe.id/Sign In Menu/Textfield Email'

2020-03-13 20:35:45 - [TEST_STEP][PASSED] - setEncryptedText(findTestObject("Web RoomMe.id/Sign In Menu/Textfield Password"), "aeHFOx8jV/A="): Text ****** has been set on object 'Object Repository/Web RoomMe.id/Sign In Menu/Textfield Password'

2020-03-13 20:35:46 - [MESSAGE][PASSED] - Text ****** has been set on object 'Object Repository/Web RoomMe.id/Sign In Menu/Textfield Password'

2020-03-13 20:35:46 - [TEST_STEP][PASSED] - click(findTestObject("Web RoomMe.id/Sign In Menu/Button Sign In")): Object: 'Object Repository/Web RoomMe.id/Sign In Menu/Button Sign In' is clicked on

2020-03-13 20:35:46 - [MESSAGE][PASSED] - Object: 'Object Repository/Web RoomMe.id/Sign In Menu/Button Sign In' is clicked on

2020-03-13 20:35:46 - [TEST_STEP][PASSED] - verifyElementVisible(findTestObject("Web RoomMe.id/Sign In Menu/Button User Menu")): Object 'Object Repository/Web RoomMe.id/Sign In Menu/Button User Menu' is visible

2020-03-13 20:35:51 - [MESSAGE][PASSED] - Object 'Object Repository/Web RoomMe.id/Sign In Menu/Button User Menu' is visible

2020-03-13 20:35:51 - [TEST_STEP][PASSED] - takeScreenshot("Evidence/Login.png"): Taking screenshot successfully

2020-03-13 20:35:52 - [MESSAGE][PASSED] - Taking screenshot successfully
[[ATTACHMENT|C:\\Users\\Faldi\\Katalon Studio\\RoomMe\\Reports\\20200313_202606\\Web RoomMe.id\\Customer Booking\\20200313_202606\\Evidence/Login.png]]

2020-03-13 20:35:52 - [MESSAGE][PASSED] - Call Test Case 'Test Cases/Web RoomMe.id/Customer Login' successfully

2020-03-13 20:35:52 - [TEST_STEP][PASSED] - setText(findTestObject("Object Repository/Web RoomMe.id/Search Kost Menu/input"), "tebet"): Text 'tebet' is set on object 'Object Repository/Web RoomMe.id/Search Kost Menu/input'

2020-03-13 20:35:53 - [MESSAGE][PASSED] - Text 'tebet' is set on object 'Object Repository/Web RoomMe.id/Search Kost Menu/input'

2020-03-13 20:35:53 - [TEST_STEP][PASSED] - click(findTestObject("Web RoomMe.id/RoomMe.id Homepage/Text Suggestion Location (Tebet)")): Object: 'Object Repository/Web RoomMe.id/RoomMe.id Homepage/Text Suggestion Location (Tebet)' is clicked on

2020-03-13 20:35:54 - [MESSAGE][PASSED] - Object: 'Object Repository/Web RoomMe.id/RoomMe.id Homepage/Text Suggestion Location (Tebet)' is clicked on

2020-03-13 20:35:54 - [TEST_STEP][PASSED] - click(findTestObject("Object Repository/Web RoomMe.id/Search Kost Menu/Datepicker")): Object: 'Object Repository/Web RoomMe.id/Search Kost Menu/Datepicker' is clicked on

2020-03-13 20:35:54 - [MESSAGE][PASSED] - Object: 'Object Repository/Web RoomMe.id/Search Kost Menu/Datepicker' is clicked on

2020-03-13 20:35:54 - [TEST_STEP][PASSED] - click(findTestObject("Object Repository/Web RoomMe.id/Search Kost Menu/Day Pick")): Object: 'Object Repository/Web RoomMe.id/Search Kost Menu/Day Pick' is clicked on

2020-03-13 20:35:55 - [MESSAGE][PASSED] - Object: 'Object Repository/Web RoomMe.id/Search Kost Menu/Day Pick' is clicked on

2020-03-13 20:35:55 - [TEST_STEP][PASSED] - click(findTestObject("Object Repository/Web RoomMe.id/Search Kost Menu/Button Duration")): Object: 'Object Repository/Web RoomMe.id/Search Kost Menu/Button Duration' is clicked on

2020-03-13 20:35:56 - [MESSAGE][PASSED] - Object: 'Object Repository/Web RoomMe.id/Search Kost Menu/Button Duration' is clicked on

2020-03-13 20:35:56 - [TEST_STEP][PASSED] - click(findTestObject("Object Repository/Web RoomMe.id/Search Kost Menu/Button 1 Month")): Object: 'Object Repository/Web RoomMe.id/Search Kost Menu/Button 1 Month' is clicked on

2020-03-13 20:35:57 - [MESSAGE][PASSED] - Object: 'Object Repository/Web RoomMe.id/Search Kost Menu/Button 1 Month' is clicked on

2020-03-13 20:35:57 - [TEST_STEP][PASSED] - click(findTestObject("Object Repository/Web RoomMe.id/Search Kost Menu/Button Additional")): Object: 'Object Repository/Web RoomMe.id/Search Kost Menu/Button Additional' is clicked on

2020-03-13 20:35:57 - [MESSAGE][PASSED] - Object: 'Object Repository/Web RoomMe.id/Search Kost Menu/Button Additional' is clicked on

2020-03-13 20:35:57 - [TEST_STEP][PASSED] - click(findTestObject("Object Repository/Web RoomMe.id/Search Kost Menu/Button 1 Day")): Object: 'Object Repository/Web RoomMe.id/Search Kost Menu/Button 1 Day' is clicked on

2020-03-13 20:35:58 - [MESSAGE][PASSED] - Object: 'Object Repository/Web RoomMe.id/Search Kost Menu/Button 1 Day' is clicked on

2020-03-13 20:35:58 - [TEST_STEP][PASSED] - click(findTestObject("Object Repository/Web RoomMe.id/Search Kost Menu/Button Search")): Object: 'Object Repository/Web RoomMe.id/Search Kost Menu/Button Search' is clicked on

2020-03-13 20:36:00 - [MESSAGE][PASSED] - Object: 'Object Repository/Web RoomMe.id/Search Kost Menu/Button Search' is clicked on

2020-03-13 20:36:00 - [TEST_STEP][NOT_RUN] - verifyElementVisible(findTestObject("Web RoomMe.id/Search Result Menu/Field Facilities")): NOT_RUN: verifyElementVisible(findTestObject("Web RoomMe.id/Search Result Menu/Field Facilities"))

2020-03-13 20:36:00 - [MESSAGE][NOT_RUN] - NOT_RUN: verifyElementVisible(findTestObject("Web RoomMe.id/Search Result Menu/Field Facilities"))

2020-03-13 20:36:00 - [TEST_STEP][PASSED] - verifyElementVisible(findTestObject("Web RoomMe.id/Search Result Menu/Text Nama Kost")): Object 'Object Repository/Web RoomMe.id/Search Result Menu/Text Nama Kost' is visible

2020-03-13 20:36:01 - [MESSAGE][PASSED] - Object 'Object Repository/Web RoomMe.id/Search Result Menu/Text Nama Kost' is visible

2020-03-13 20:36:01 - [TEST_STEP][NOT_RUN] - verifyElementVisible(findTestObject("Web RoomMe.id/Search Result Menu/div_Submit_col-md-4 img-s")): NOT_RUN: verifyElementVisible(findTestObject("Web RoomMe.id/Search Result Menu/div_Submit_col-md-4 img-s"))

2020-03-13 20:36:01 - [MESSAGE][NOT_RUN] - NOT_RUN: verifyElementVisible(findTestObject("Web RoomMe.id/Search Result Menu/div_Submit_col-md-4 img-s"))

2020-03-13 20:36:01 - [TEST_STEP][NOT_RUN] - verifyElementVisible(findTestObject("Web RoomMe.id/Search Result Menu/div_Rp1400000")): NOT_RUN: verifyElementVisible(findTestObject("Web RoomMe.id/Search Result Menu/div_Rp1400000"))

2020-03-13 20:36:01 - [MESSAGE][NOT_RUN] - NOT_RUN: verifyElementVisible(findTestObject("Web RoomMe.id/Search Result Menu/div_Rp1400000"))

2020-03-13 20:36:01 - [TEST_STEP][PASSED] - verifyElementVisible(findTestObject("Web RoomMe.id/Search Result Menu/Image Kost")): Object 'Object Repository/Web RoomMe.id/Search Result Menu/Image Kost' is visible

2020-03-13 20:36:01 - [MESSAGE][PASSED] - Object 'Object Repository/Web RoomMe.id/Search Result Menu/Image Kost' is visible

2020-03-13 20:36:01 - [MESSAGE][PASSED] - Call Test Case 'Test Cases/Web RoomMe.id/Customer Search For Kost' successfully

2020-03-13 20:36:01 - [TEST_STEP][PASSED] - click(findTestObject("Web RoomMe.id/Search Result Menu/Image Kost")): Object: 'Object Repository/Web RoomMe.id/Search Result Menu/Image Kost' is clicked on

2020-03-13 20:36:02 - [MESSAGE][PASSED] - Object: 'Object Repository/Web RoomMe.id/Search Result Menu/Image Kost' is clicked on

2020-03-13 20:36:02 - [TEST_STEP][NOT_RUN] - verifyElementVisible(findTestObject("Web RoomMe.id/RoomMe.id Kost Detail/Image Primary Photo")): NOT_RUN: verifyElementVisible(findTestObject("Web RoomMe.id/RoomMe.id Kost Detail/Image Primary Photo"))

2020-03-13 20:36:02 - [MESSAGE][NOT_RUN] - NOT_RUN: verifyElementVisible(findTestObject("Web RoomMe.id/RoomMe.id Kost Detail/Image Primary Photo"))

2020-03-13 20:36:02 - [TEST_STEP][PASSED] - verifyElementVisible(findTestObject("Web RoomMe.id/RoomMe.id Kost Detail/Image Second Photo")): Object 'Object Repository/Web RoomMe.id/RoomMe.id Kost Detail/Image Second Photo' is visible

2020-03-13 20:36:06 - [MESSAGE][PASSED] - Object 'Object Repository/Web RoomMe.id/RoomMe.id Kost Detail/Image Second Photo' is visible

2020-03-13 20:36:06 - [TEST_STEP][PASSED] - verifyElementVisible(findTestObject("Web RoomMe.id/RoomMe.id Kost Detail/Text Nama Kost")): Object 'Object Repository/Web RoomMe.id/RoomMe.id Kost Detail/Text Nama Kost' is visible

2020-03-13 20:36:06 - [MESSAGE][PASSED] - Object 'Object Repository/Web RoomMe.id/RoomMe.id Kost Detail/Text Nama Kost' is visible

2020-03-13 20:36:06 - [TEST_STEP][PASSED] - kostname = getText(findTestObject("Web RoomMe.id/Search Result Menu/Text Nama Kost")): Text of object 'Object Repository/Web RoomMe.id/Search Result Menu/Text Nama Kost' is: ''

2020-03-13 20:36:06 - [MESSAGE][PASSED] - Text of object 'Object Repository/Web RoomMe.id/Search Result Menu/Text Nama Kost' is: ''

2020-03-13 20:36:06 - [TEST_STEP][NOT_RUN] - verifyElementText(findTestObject("Web RoomMe.id/RoomMe.id Kost Detail/Text Nama Kost"), kostname, STOP_ON_FAILURE): NOT_RUN: verifyElementText(findTestObject("Web RoomMe.id/RoomMe.id Kost Detail/Text Nama Kost"), kostname, STOP_ON_FAILURE)

2020-03-13 20:36:06 - [MESSAGE][NOT_RUN] - NOT_RUN: verifyElementText(findTestObject("Web RoomMe.id/RoomMe.id Kost Detail/Text Nama Kost"), kostname, STOP_ON_FAILURE)

2020-03-13 20:36:06 - [TEST_STEP][PASSED] - verifyElementVisible(findTestObject("Web RoomMe.id/RoomMe.id Kost Detail/Button Read More")): Object 'Object Repository/Web RoomMe.id/RoomMe.id Kost Detail/Button Read More' is visible

2020-03-13 20:36:07 - [MESSAGE][PASSED] - Object 'Object Repository/Web RoomMe.id/RoomMe.id Kost Detail/Button Read More' is visible

2020-03-13 20:36:07 - [TEST_STEP][PASSED] - verifyElementVisible(findTestObject("Web RoomMe.id/RoomMe.id Kost Detail/Button See Map")): Object 'Object Repository/Web RoomMe.id/RoomMe.id Kost Detail/Button See Map' is visible

2020-03-13 20:36:08 - [MESSAGE][PASSED] - Object 'Object Repository/Web RoomMe.id/RoomMe.id Kost Detail/Button See Map' is visible

2020-03-13 20:36:08 - [TEST_STEP][PASSED] - verifyElementVisible(findTestObject("Web RoomMe.id/RoomMe.id Kost Detail/Button Map")): Object 'Object Repository/Web RoomMe.id/RoomMe.id Kost Detail/Button Map' is visible

2020-03-13 20:36:08 - [MESSAGE][PASSED] - Object 'Object Repository/Web RoomMe.id/RoomMe.id Kost Detail/Button Map' is visible

2020-03-13 20:36:08 - [TEST_STEP][NOT_RUN] - verifyElementVisible(findTestObject("Web RoomMe.id/RoomMe.id Kost Detail/Field Building Facilities")): NOT_RUN: verifyElementVisible(findTestObject("Web RoomMe.id/RoomMe.id Kost Detail/Field Building Facilities"))

2020-03-13 20:36:08 - [MESSAGE][NOT_RUN] - NOT_RUN: verifyElementVisible(findTestObject("Web RoomMe.id/RoomMe.id Kost Detail/Field Building Facilities"))

2020-03-13 20:36:08 - [TEST_STEP][PASSED] - verifyElementVisible(findTestObject("Web RoomMe.id/RoomMe.id Kost Detail/Field Room Details")): Object 'Object Repository/Web RoomMe.id/RoomMe.id Kost Detail/Field Room Details' is visible

2020-03-13 20:36:09 - [MESSAGE][PASSED] - Object 'Object Repository/Web RoomMe.id/RoomMe.id Kost Detail/Field Room Details' is visible

2020-03-13 20:36:09 - [TEST_STEP][NOT_RUN] - verifyElementVisible(findTestObject("Web RoomMe.id/RoomMe.id Kost Detail/Field Booking Summary")): NOT_RUN: verifyElementVisible(findTestObject("Web RoomMe.id/RoomMe.id Kost Detail/Field Booking Summary"))

2020-03-13 20:36:09 - [MESSAGE][NOT_RUN] - NOT_RUN: verifyElementVisible(findTestObject("Web RoomMe.id/RoomMe.id Kost Detail/Field Booking Summary"))

2020-03-13 20:36:09 - [TEST_STEP][NOT_RUN] - verifyElementVisible(findTestObject("Web RoomMe.id/RoomMe.id Kost Detail/Field Reccomend Kost Nearby")): NOT_RUN: verifyElementVisible(findTestObject("Web RoomMe.id/RoomMe.id Kost Detail/Field Reccomend Kost Nearby"))

2020-03-13 20:36:09 - [MESSAGE][NOT_RUN] - NOT_RUN: verifyElementVisible(findTestObject("Web RoomMe.id/RoomMe.id Kost Detail/Field Reccomend Kost Nearby"))

2020-03-13 20:36:09 - [TEST_STEP][NOT_RUN] - verifyElementVisible(findTestObject("Web RoomMe.id/RoomMe.id Kost Detail/Button Select")): NOT_RUN: verifyElementVisible(findTestObject("Web RoomMe.id/RoomMe.id Kost Detail/Button Select"))

2020-03-13 20:36:09 - [MESSAGE][NOT_RUN] - NOT_RUN: verifyElementVisible(findTestObject("Web RoomMe.id/RoomMe.id Kost Detail/Button Select"))

2020-03-13 20:36:09 - [TEST_STEP][PASSED] - verifyElementVisible(findTestObject("Web RoomMe.id/RoomMe.id Kost Detail/Button Booking Summary")): Object 'Object Repository/Web RoomMe.id/RoomMe.id Kost Detail/Button Booking Summary' is visible

2020-03-13 20:36:09 - [MESSAGE][PASSED] - Object 'Object Repository/Web RoomMe.id/RoomMe.id Kost Detail/Button Booking Summary' is visible

2020-03-13 20:36:09 - [TEST_STEP][PASSED] - verifyElementVisible(findTestObject("Web RoomMe.id/RoomMe.id Kost Detail/Button Schedule Free Visit")): Object 'Object Repository/Web RoomMe.id/RoomMe.id Kost Detail/Button Schedule Free Visit' is visible

2020-03-13 20:36:09 - [MESSAGE][PASSED] - Object 'Object Repository/Web RoomMe.id/RoomMe.id Kost Detail/Button Schedule Free Visit' is visible

2020-03-13 20:36:09 - [MESSAGE][PASSED] - Call Test Case 'Test Cases/Web RoomMe.id/Customer Select Kost' successfully

2020-03-13 20:36:09 - [TEST_STEP][PASSED] - click(findTestObject("Web RoomMe.id/RoomMe.id Kost Detail/Button Continue to Book")): Object: 'Object Repository/Web RoomMe.id/RoomMe.id Kost Detail/Button Continue to Book' is clicked on

2020-03-13 20:36:10 - [MESSAGE][PASSED] - Object: 'Object Repository/Web RoomMe.id/RoomMe.id Kost Detail/Button Continue to Book' is clicked on

2020-03-13 20:36:10 - [TEST_STEP][NOT_RUN] - verifyElementVisible(findTestObject("Web RoomMe.id/RoomMe.id Kost Detail/Button Continue to Book")): NOT_RUN: verifyElementVisible(findTestObject("Web RoomMe.id/RoomMe.id Kost Detail/Button Continue to Book"))

2020-03-13 20:36:10 - [MESSAGE][NOT_RUN] - NOT_RUN: verifyElementVisible(findTestObject("Web RoomMe.id/RoomMe.id Kost Detail/Button Continue to Book"))

2020-03-13 20:36:10 - [TEST_STEP][NOT_RUN] - if (verifyElementVisible(findTestObject("Web RoomMe.id/RoomMe.id Kost Detail/Button Selected Room"), STOP_ON_FAILURE)): NOT_RUN: if (verifyElementVisible(findTestObject("Web RoomMe.id/RoomMe.id Kost Detail/Button Selected Room"), STOP_ON_FAILURE))

2020-03-13 20:36:10 - [MESSAGE][NOT_RUN] - NOT_RUN: if (verifyElementVisible(findTestObject("Web RoomMe.id/RoomMe.id Kost Detail/Button Selected Room"), STOP_ON_FAILURE))

2020-03-13 20:36:10 - [MESSAGE][PASSED] - Call Test Case 'Test Cases/Web RoomMe.id/Customer Select Kamar' successfully

2020-03-13 20:36:10 - [TEST_STEP][PASSED] - verifyElementVisible(findTestObject("Web RoomMe.id/RoomMe.id Kost Detail/Button Continue to Book")): Object 'Object Repository/Web RoomMe.id/RoomMe.id Kost Detail/Button Continue to Book' is visible

2020-03-13 20:36:11 - [MESSAGE][PASSED] - Object 'Object Repository/Web RoomMe.id/RoomMe.id Kost Detail/Button Continue to Book' is visible

2020-03-13 20:36:11 - [TEST_STEP][PASSED] - scrollToElement(findTestObject("Web RoomMe.id/RoomMe.id Kost Detail/Button Continue to Book"), 2): Scroll to object 'Object Repository/Web RoomMe.id/RoomMe.id Kost Detail/Button Continue to Book' successfully

2020-03-13 20:36:11 - [MESSAGE][PASSED] - Scroll to object 'Object Repository/Web RoomMe.id/RoomMe.id Kost Detail/Button Continue to Book' successfully

2020-03-13 20:36:11 - [TEST_STEP][PASSED] - click(findTestObject("Web RoomMe.id/RoomMe.id Kost Detail/Button Continue to Book")): Object: 'Object Repository/Web RoomMe.id/RoomMe.id Kost Detail/Button Continue to Book' is clicked on

2020-03-13 20:36:12 - [MESSAGE][PASSED] - Object: 'Object Repository/Web RoomMe.id/RoomMe.id Kost Detail/Button Continue to Book' is clicked on

2020-03-13 20:36:12 - [MESSAGE][PASSED] - Call Test Case 'Test Cases/Web RoomMe.id/Customer Continue To Book' successfully

2020-03-13 20:36:12 - [TEST_STEP][FAILED] - verifyElementVisible(findTestObject("Web RoomMe.id/Roomme.id Fill In Data/Text 1 Fill in data")): Unable to verify object 'Object Repository/Web RoomMe.id/Roomme.id Fill In Data/Text 1 Fill in data' is visible (Root cause: com.kms.katalon.core.exception.StepFailedException: Unable to verify object 'Object Repository/Web RoomMe.id/Roomme.id Fill In Data/Text 1 Fill in data' is visible
	at com.kms.katalon.core.webui.keyword.internal.WebUIKeywordMain.stepFailed(WebUIKeywordMain.groovy:64)
	at com.kms.katalon.core.webui.keyword.internal.WebUIKeywordMain.runKeyword(WebUIKeywordMain.groovy:26)
	at com.kms.katalon.core.webui.keyword.builtin.VerifyElementVisibleKeyword.verifyElementVisible(VerifyElementVisibleKeyword.groovy:97)
	at com.kms.katalon.core.webui.keyword.builtin.VerifyElementVisibleKeyword.execute(VerifyElementVisibleKeyword.groovy:67)
	at com.kms.katalon.core.keyword.internal.KeywordExecutor.executeKeywordForPlatform(KeywordExecutor.groovy:72)
	at com.kms.katalon.core.webui.keyword.WebUiBuiltInKeywords.verifyElementVisible(WebUiBuiltInKeywords.groovy:372)
	at com.kms.katalon.core.webui.keyword.WebUiBuiltInKeywords$verifyElementVisible$3.call(Unknown Source)
	at Customer Fill Data to Payment.run(Customer Fill Data to Payment:20)
	at com.kms.katalon.core.main.ScriptEngine.run(ScriptEngine.java:194)
	at com.kms.katalon.core.main.ScriptEngine.runScriptAsRawText(ScriptEngine.java:119)
	at com.kms.katalon.core.main.TestCaseExecutor.runScript(TestCaseExecutor.java:337)
	at com.kms.katalon.core.main.TestCaseExecutor.doExecute(TestCaseExecutor.java:328)
	at com.kms.katalon.core.main.TestCaseExecutor.processExecutionPhase(TestCaseExecutor.java:307)
	at com.kms.katalon.core.main.TestCaseExecutor.accessMainPhase(TestCaseExecutor.java:299)
	at com.kms.katalon.core.main.TestCaseExecutor.execute(TestCaseExecutor.java:233)
	at com.kms.katalon.core.main.TestCaseMain.runTestCase(TestCaseMain.java:114)
	at com.kms.katalon.core.keyword.builtin.CallTestCaseKeyword$_callTestCase_closure1.doCall(CallTestCaseKeyword.groovy:59)
	at com.kms.katalon.core.keyword.builtin.CallTestCaseKeyword$_callTestCase_closure1.call(CallTestCaseKeyword.groovy)
	at com.kms.katalon.core.keyword.internal.KeywordMain.runKeyword(KeywordMain.groovy:68)
	at com.kms.katalon.core.keyword.builtin.CallTestCaseKeyword.callTestCase(CallTestCaseKeyword.groovy:81)
	at com.kms.katalon.core.keyword.builtin.CallTestCaseKeyword.execute(CallTestCaseKeyword.groovy:44)
	at com.kms.katalon.core.keyword.internal.KeywordExecutor.executeKeywordForPlatform(KeywordExecutor.groovy:72)
	at com.kms.katalon.core.keyword.BuiltinKeywords.callTestCase(BuiltinKeywords.groovy:334)
	at Customer Continue to Payment.run(Customer Continue to Payment:18)
	at com.kms.katalon.core.main.ScriptEngine.run(ScriptEngine.java:194)
	at com.kms.katalon.core.main.ScriptEngine.runScriptAsRawText(ScriptEngine.java:119)
	at com.kms.katalon.core.main.TestCaseExecutor.runScript(TestCaseExecutor.java:337)
	at com.kms.katalon.core.main.TestCaseExecutor.doExecute(TestCaseExecutor.java:328)
	at com.kms.katalon.core.main.TestCaseExecutor.processExecutionPhase(TestCaseExecutor.java:307)
	at com.kms.katalon.core.main.TestCaseExecutor.accessMainPhase(TestCaseExecutor.java:299)
	at com.kms.katalon.core.main.TestCaseExecutor.execute(TestCaseExecutor.java:233)
	at com.kms.katalon.core.main.TestCaseMain.runTestCase(TestCaseMain.java:114)
	at com.kms.katalon.core.keyword.builtin.CallTestCaseKeyword$_callTestCase_closure1.doCall(CallTestCaseKeyword.groovy:59)
	at com.kms.katalon.core.keyword.builtin.CallTestCaseKeyword$_callTestCase_closure1.call(CallTestCaseKeyword.groovy)
	at com.kms.katalon.core.keyword.internal.KeywordMain.runKeyword(KeywordMain.groovy:68)
	at com.kms.katalon.core.keyword.builtin.CallTestCaseKeyword.callTestCase(CallTestCaseKeyword.groovy:81)
	at com.kms.katalon.core.keyword.builtin.CallTestCaseKeyword.execute(CallTestCaseKeyword.groovy:44)
	at com.kms.katalon.core.keyword.internal.KeywordExecutor.executeKeywordForPlatform(KeywordExecutor.groovy:72)
	at com.kms.katalon.core.keyword.BuiltinKeywords.callTestCase(BuiltinKeywords.groovy:334)
	at Customer Access Payment Option Page.run(Customer Access Payment Option Page:18)
	at com.kms.katalon.core.main.ScriptEngine.run(ScriptEngine.java:194)
	at com.kms.katalon.core.main.ScriptEngine.runScriptAsRawText(ScriptEngine.java:119)
	at com.kms.katalon.core.main.TestCaseExecutor.runScript(TestCaseExecutor.java:337)
	at com.kms.katalon.core.main.TestCaseExecutor.doExecute(TestCaseExecutor.java:328)
	at com.kms.katalon.core.main.TestCaseExecutor.processExecutionPhase(TestCaseExecutor.java:307)
	at com.kms.katalon.core.main.TestCaseExecutor.accessMainPhase(TestCaseExecutor.java:299)
	at com.kms.katalon.core.main.TestCaseExecutor.execute(TestCaseExecutor.java:233)
	at com.kms.katalon.core.main.TestSuiteExecutor.accessTestCaseMainPhase(TestSuiteExecutor.java:169)
	at com.kms.katalon.core.main.TestSuiteExecutor.accessTestSuiteMainPhase(TestSuiteExecutor.java:142)
	at com.kms.katalon.core.main.TestSuiteExecutor.execute(TestSuiteExecutor.java:91)
	at com.kms.katalon.core.main.TestCaseMain.startTestSuite(TestCaseMain.java:157)
	at com.kms.katalon.core.main.TestCaseMain$startTestSuite$0.call(Unknown Source)
	at TempTestSuite1584105966627.run(TempTestSuite1584105966627.groovy:36)
Caused by: com.kms.katalon.core.exception.StepFailedException: Web element with id: 'Object Repository/Web RoomMe.id/Roomme.id Fill In Data/Text 1 Fill in data' located by 'By.xpath: //div[@id='__layout']/div/div/div[2]/div/p' not found
	at com.kms.katalon.core.webui.keyword.internal.WebUIKeywordMain.stepFailed(WebUIKeywordMain.groovy:64)
	at com.kms.katalon.core.webui.keyword.builtin.VerifyElementVisibleKeyword$_verifyElementVisible_closure1.doCall(VerifyElementVisibleKeyword.groovy:89)
	at com.kms.katalon.core.webui.keyword.builtin.VerifyElementVisibleKeyword$_verifyElementVisible_closure1.call(VerifyElementVisibleKeyword.groovy)
	at com.kms.katalon.core.webui.keyword.internal.WebUIKeywordMain.runKeyword(WebUIKeywordMain.groovy:20)
	... 51 more
)

2020-03-13 20:36:58 - [MESSAGE][INFO] - Unable to find the element located by 'By.xpath: //div[@id='__layout']/div/div/div[2]/div/p'. Please recheck the objects properties to make sure the desired element is located. 

2020-03-13 20:36:59 - [MESSAGE][FAILED] - Web element with id: 'Object Repository/Web RoomMe.id/Roomme.id Fill In Data/Text 1 Fill in data' located by 'By.xpath: //div[@id='__layout']/div/div/div[2]/div/p' not found (Root cause: com.kms.katalon.core.exception.StepFailedException: Web element with id: 'Object Repository/Web RoomMe.id/Roomme.id Fill In Data/Text 1 Fill in data' located by 'By.xpath: //div[@id='__layout']/div/div/div[2]/div/p' not found
	at com.kms.katalon.core.webui.keyword.internal.WebUIKeywordMain.stepFailed(WebUIKeywordMain.groovy:64)
	at com.kms.katalon.core.webui.keyword.builtin.VerifyElementVisibleKeyword$_verifyElementVisible_closure1.doCall(VerifyElementVisibleKeyword.groovy:89)
	at com.kms.katalon.core.webui.keyword.builtin.VerifyElementVisibleKeyword$_verifyElementVisible_closure1.call(VerifyElementVisibleKeyword.groovy)
	at com.kms.katalon.core.webui.keyword.internal.WebUIKeywordMain.runKeyword(WebUIKeywordMain.groovy:20)
	at com.kms.katalon.core.webui.keyword.builtin.VerifyElementVisibleKeyword.verifyElementVisible(VerifyElementVisibleKeyword.groovy:97)
	at com.kms.katalon.core.webui.keyword.builtin.VerifyElementVisibleKeyword.execute(VerifyElementVisibleKeyword.groovy:67)
	at com.kms.katalon.core.keyword.internal.KeywordExecutor.executeKeywordForPlatform(KeywordExecutor.groovy:72)
	at com.kms.katalon.core.webui.keyword.WebUiBuiltInKeywords.verifyElementVisible(WebUiBuiltInKeywords.groovy:372)
	at com.kms.katalon.core.webui.keyword.WebUiBuiltInKeywords$verifyElementVisible$3.call(Unknown Source)
	at Customer Fill Data to Payment.run(Customer Fill Data to Payment:20)
	at com.kms.katalon.core.main.ScriptEngine.run(ScriptEngine.java:194)
	at com.kms.katalon.core.main.ScriptEngine.runScriptAsRawText(ScriptEngine.java:119)
	at com.kms.katalon.core.main.TestCaseExecutor.runScript(TestCaseExecutor.java:337)
	at com.kms.katalon.core.main.TestCaseExecutor.doExecute(TestCaseExecutor.java:328)
	at com.kms.katalon.core.main.TestCaseExecutor.processExecutionPhase(TestCaseExecutor.java:307)
	at com.kms.katalon.core.main.TestCaseExecutor.accessMainPhase(TestCaseExecutor.java:299)
	at com.kms.katalon.core.main.TestCaseExecutor.execute(TestCaseExecutor.java:233)
	at com.kms.katalon.core.main.TestCaseMain.runTestCase(TestCaseMain.java:114)
	at com.kms.katalon.core.keyword.builtin.CallTestCaseKeyword$_callTestCase_closure1.doCall(CallTestCaseKeyword.groovy:59)
	at com.kms.katalon.core.keyword.builtin.CallTestCaseKeyword$_callTestCase_closure1.call(CallTestCaseKeyword.groovy)
	at com.kms.katalon.core.keyword.internal.KeywordMain.runKeyword(KeywordMain.groovy:68)
	at com.kms.katalon.core.keyword.builtin.CallTestCaseKeyword.callTestCase(CallTestCaseKeyword.groovy:81)
	at com.kms.katalon.core.keyword.builtin.CallTestCaseKeyword.execute(CallTestCaseKeyword.groovy:44)
	at com.kms.katalon.core.keyword.internal.KeywordExecutor.executeKeywordForPlatform(KeywordExecutor.groovy:72)
	at com.kms.katalon.core.keyword.BuiltinKeywords.callTestCase(BuiltinKeywords.groovy:334)
	at Customer Continue to Payment.run(Customer Continue to Payment:18)
	at com.kms.katalon.core.main.ScriptEngine.run(ScriptEngine.java:194)
	at com.kms.katalon.core.main.ScriptEngine.runScriptAsRawText(ScriptEngine.java:119)
	at com.kms.katalon.core.main.TestCaseExecutor.runScript(TestCaseExecutor.java:337)
	at com.kms.katalon.core.main.TestCaseExecutor.doExecute(TestCaseExecutor.java:328)
	at com.kms.katalon.core.main.TestCaseExecutor.processExecutionPhase(TestCaseExecutor.java:307)
	at com.kms.katalon.core.main.TestCaseExecutor.accessMainPhase(TestCaseExecutor.java:299)
	at com.kms.katalon.core.main.TestCaseExecutor.execute(TestCaseExecutor.java:233)
	at com.kms.katalon.core.main.TestCaseMain.runTestCase(TestCaseMain.java:114)
	at com.kms.katalon.core.keyword.builtin.CallTestCaseKeyword$_callTestCase_closure1.doCall(CallTestCaseKeyword.groovy:59)
	at com.kms.katalon.core.keyword.builtin.CallTestCaseKeyword$_callTestCase_closure1.call(CallTestCaseKeyword.groovy)
	at com.kms.katalon.core.keyword.internal.KeywordMain.runKeyword(KeywordMain.groovy:68)
	at com.kms.katalon.core.keyword.builtin.CallTestCaseKeyword.callTestCase(CallTestCaseKeyword.groovy:81)
	at com.kms.katalon.core.keyword.builtin.CallTestCaseKeyword.execute(CallTestCaseKeyword.groovy:44)
	at com.kms.katalon.core.keyword.internal.KeywordExecutor.executeKeywordForPlatform(KeywordExecutor.groovy:72)
	at com.kms.katalon.core.keyword.BuiltinKeywords.callTestCase(BuiltinKeywords.groovy:334)
	at Customer Access Payment Option Page.run(Customer Access Payment Option Page:18)
	at com.kms.katalon.core.main.ScriptEngine.run(ScriptEngine.java:194)
	at com.kms.katalon.core.main.ScriptEngine.runScriptAsRawText(ScriptEngine.java:119)
	at com.kms.katalon.core.main.TestCaseExecutor.runScript(TestCaseExecutor.java:337)
	at com.kms.katalon.core.main.TestCaseExecutor.doExecute(TestCaseExecutor.java:328)
	at com.kms.katalon.core.main.TestCaseExecutor.processExecutionPhase(TestCaseExecutor.java:307)
	at com.kms.katalon.core.main.TestCaseExecutor.accessMainPhase(TestCaseExecutor.java:299)
	at com.kms.katalon.core.main.TestCaseExecutor.execute(TestCaseExecutor.java:233)
	at com.kms.katalon.core.main.TestSuiteExecutor.accessTestCaseMainPhase(TestSuiteExecutor.java:169)
	at com.kms.katalon.core.main.TestSuiteExecutor.accessTestSuiteMainPhase(TestSuiteExecutor.java:142)
	at com.kms.katalon.core.main.TestSuiteExecutor.execute(TestSuiteExecutor.java:91)
	at com.kms.katalon.core.main.TestCaseMain.startTestSuite(TestCaseMain.java:157)
	at com.kms.katalon.core.main.TestCaseMain$startTestSuite$0.call(Unknown Source)
	at TempTestSuite1584105966627.run(TempTestSuite1584105966627.groovy:36)
)
[[ATTACHMENT|C:\\Users\\Faldi\\Katalon Studio\\RoomMe\\Reports\\20200313_202606\\Web RoomMe.id\\Customer Booking\\20200313_202606\\1584106618688.png]]

2020-03-13 20:36:59 - [MESSAGE][FAILED] - Unable to verify object 'Object Repository/Web RoomMe.id/Roomme.id Fill In Data/Text 1 Fill in data' is visible (Root cause: com.kms.katalon.core.exception.StepFailedException: Unable to verify object 'Object Repository/Web RoomMe.id/Roomme.id Fill In Data/Text 1 Fill in data' is visible
	at com.kms.katalon.core.webui.keyword.internal.WebUIKeywordMain.stepFailed(WebUIKeywordMain.groovy:64)
	at com.kms.katalon.core.webui.keyword.internal.WebUIKeywordMain.runKeyword(WebUIKeywordMain.groovy:26)
	at com.kms.katalon.core.webui.keyword.builtin.VerifyElementVisibleKeyword.verifyElementVisible(VerifyElementVisibleKeyword.groovy:97)
	at com.kms.katalon.core.webui.keyword.builtin.VerifyElementVisibleKeyword.execute(VerifyElementVisibleKeyword.groovy:67)
	at com.kms.katalon.core.keyword.internal.KeywordExecutor.executeKeywordForPlatform(KeywordExecutor.groovy:72)
	at com.kms.katalon.core.webui.keyword.WebUiBuiltInKeywords.verifyElementVisible(WebUiBuiltInKeywords.groovy:372)
	at com.kms.katalon.core.webui.keyword.WebUiBuiltInKeywords$verifyElementVisible$3.call(Unknown Source)
	at Customer Fill Data to Payment.run(Customer Fill Data to Payment:20)
	at com.kms.katalon.core.main.ScriptEngine.run(ScriptEngine.java:194)
	at com.kms.katalon.core.main.ScriptEngine.runScriptAsRawText(ScriptEngine.java:119)
	at com.kms.katalon.core.main.TestCaseExecutor.runScript(TestCaseExecutor.java:337)
	at com.kms.katalon.core.main.TestCaseExecutor.doExecute(TestCaseExecutor.java:328)
	at com.kms.katalon.core.main.TestCaseExecutor.processExecutionPhase(TestCaseExecutor.java:307)
	at com.kms.katalon.core.main.TestCaseExecutor.accessMainPhase(TestCaseExecutor.java:299)
	at com.kms.katalon.core.main.TestCaseExecutor.execute(TestCaseExecutor.java:233)
	at com.kms.katalon.core.main.TestCaseMain.runTestCase(TestCaseMain.java:114)
	at com.kms.katalon.core.keyword.builtin.CallTestCaseKeyword$_callTestCase_closure1.doCall(CallTestCaseKeyword.groovy:59)
	at com.kms.katalon.core.keyword.builtin.CallTestCaseKeyword$_callTestCase_closure1.call(CallTestCaseKeyword.groovy)
	at com.kms.katalon.core.keyword.internal.KeywordMain.runKeyword(KeywordMain.groovy:68)
	at com.kms.katalon.core.keyword.builtin.CallTestCaseKeyword.callTestCase(CallTestCaseKeyword.groovy:81)
	at com.kms.katalon.core.keyword.builtin.CallTestCaseKeyword.execute(CallTestCaseKeyword.groovy:44)
	at com.kms.katalon.core.keyword.internal.KeywordExecutor.executeKeywordForPlatform(KeywordExecutor.groovy:72)
	at com.kms.katalon.core.keyword.BuiltinKeywords.callTestCase(BuiltinKeywords.groovy:334)
	at Customer Continue to Payment.run(Customer Continue to Payment:18)
	at com.kms.katalon.core.main.ScriptEngine.run(ScriptEngine.java:194)
	at com.kms.katalon.core.main.ScriptEngine.runScriptAsRawText(ScriptEngine.java:119)
	at com.kms.katalon.core.main.TestCaseExecutor.runScript(TestCaseExecutor.java:337)
	at com.kms.katalon.core.main.TestCaseExecutor.doExecute(TestCaseExecutor.java:328)
	at com.kms.katalon.core.main.TestCaseExecutor.processExecutionPhase(TestCaseExecutor.java:307)
	at com.kms.katalon.core.main.TestCaseExecutor.accessMainPhase(TestCaseExecutor.java:299)
	at com.kms.katalon.core.main.TestCaseExecutor.execute(TestCaseExecutor.java:233)
	at com.kms.katalon.core.main.TestCaseMain.runTestCase(TestCaseMain.java:114)
	at com.kms.katalon.core.keyword.builtin.CallTestCaseKeyword$_callTestCase_closure1.doCall(CallTestCaseKeyword.groovy:59)
	at com.kms.katalon.core.keyword.builtin.CallTestCaseKeyword$_callTestCase_closure1.call(CallTestCaseKeyword.groovy)
	at com.kms.katalon.core.keyword.internal.KeywordMain.runKeyword(KeywordMain.groovy:68)
	at com.kms.katalon.core.keyword.builtin.CallTestCaseKeyword.callTestCase(CallTestCaseKeyword.groovy:81)
	at com.kms.katalon.core.keyword.builtin.CallTestCaseKeyword.execute(CallTestCaseKeyword.groovy:44)
	at com.kms.katalon.core.keyword.internal.KeywordExecutor.executeKeywordForPlatform(KeywordExecutor.groovy:72)
	at com.kms.katalon.core.keyword.BuiltinKeywords.callTestCase(BuiltinKeywords.groovy:334)
	at Customer Access Payment Option Page.run(Customer Access Payment Option Page:18)
	at com.kms.katalon.core.main.ScriptEngine.run(ScriptEngine.java:194)
	at com.kms.katalon.core.main.ScriptEngine.runScriptAsRawText(ScriptEngine.java:119)
	at com.kms.katalon.core.main.TestCaseExecutor.runScript(TestCaseExecutor.java:337)
	at com.kms.katalon.core.main.TestCaseExecutor.doExecute(TestCaseExecutor.java:328)
	at com.kms.katalon.core.main.TestCaseExecutor.processExecutionPhase(TestCaseExecutor.java:307)
	at com.kms.katalon.core.main.TestCaseExecutor.accessMainPhase(TestCaseExecutor.java:299)
	at com.kms.katalon.core.main.TestCaseExecutor.execute(TestCaseExecutor.java:233)
	at com.kms.katalon.core.main.TestSuiteExecutor.accessTestCaseMainPhase(TestSuiteExecutor.java:169)
	at com.kms.katalon.core.main.TestSuiteExecutor.accessTestSuiteMainPhase(TestSuiteExecutor.java:142)
	at com.kms.katalon.core.main.TestSuiteExecutor.execute(TestSuiteExecutor.java:91)
	at com.kms.katalon.core.main.TestCaseMain.startTestSuite(TestCaseMain.java:157)
	at com.kms.katalon.core.main.TestCaseMain$startTestSuite$0.call(Unknown Source)
	at TempTestSuite1584105966627.run(TempTestSuite1584105966627.groovy:36)
Caused by: com.kms.katalon.core.exception.StepFailedException: Web element with id: 'Object Repository/Web RoomMe.id/Roomme.id Fill In Data/Text 1 Fill in data' located by 'By.xpath: //div[@id='__layout']/div/div/div[2]/div/p' not found
	at com.kms.katalon.core.webui.keyword.internal.WebUIKeywordMain.stepFailed(WebUIKeywordMain.groovy:64)
	at com.kms.katalon.core.webui.keyword.builtin.VerifyElementVisibleKeyword$_verifyElementVisible_closure1.doCall(VerifyElementVisibleKeyword.groovy:89)
	at com.kms.katalon.core.webui.keyword.builtin.VerifyElementVisibleKeyword$_verifyElementVisible_closure1.call(VerifyElementVisibleKeyword.groovy)
	at com.kms.katalon.core.webui.keyword.internal.WebUIKeywordMain.runKeyword(WebUIKeywordMain.groovy:20)
	... 51 more
)
[[ATTACHMENT|C:\\Users\\Faldi\\Katalon Studio\\RoomMe\\Reports\\20200313_202606\\Web RoomMe.id\\Customer Booking\\20200313_202606\\1584106619286.png]]

2020-03-13 20:36:59 - [MESSAGE][FAILED] - Unable to call Test Case 'Test Cases/Web RoomMe.id/Customer Fill Data to Payment' (Root cause: com.kms.katalon.core.exception.StepFailedException: Call Test Case 'Test Cases/Web RoomMe.id/Customer Fill Data to Payment' failed
	at com.kms.katalon.core.keyword.builtin.CallTestCaseKeyword$_callTestCase_closure1.doCall(CallTestCaseKeyword.groovy:63)
	at com.kms.katalon.core.keyword.builtin.CallTestCaseKeyword$_callTestCase_closure1.call(CallTestCaseKeyword.groovy)
	at com.kms.katalon.core.keyword.internal.KeywordMain.runKeyword(KeywordMain.groovy:68)
	at com.kms.katalon.core.keyword.builtin.CallTestCaseKeyword.callTestCase(CallTestCaseKeyword.groovy:81)
	at com.kms.katalon.core.keyword.builtin.CallTestCaseKeyword.execute(CallTestCaseKeyword.groovy:44)
	at com.kms.katalon.core.keyword.internal.KeywordExecutor.executeKeywordForPlatform(KeywordExecutor.groovy:72)
	at com.kms.katalon.core.keyword.BuiltinKeywords.callTestCase(BuiltinKeywords.groovy:334)
	at Customer Continue to Payment.run(Customer Continue to Payment:18)
	at com.kms.katalon.core.main.ScriptEngine.run(ScriptEngine.java:194)
	at com.kms.katalon.core.main.ScriptEngine.runScriptAsRawText(ScriptEngine.java:119)
	at com.kms.katalon.core.main.TestCaseExecutor.runScript(TestCaseExecutor.java:337)
	at com.kms.katalon.core.main.TestCaseExecutor.doExecute(TestCaseExecutor.java:328)
	at com.kms.katalon.core.main.TestCaseExecutor.processExecutionPhase(TestCaseExecutor.java:307)
	at com.kms.katalon.core.main.TestCaseExecutor.accessMainPhase(TestCaseExecutor.java:299)
	at com.kms.katalon.core.main.TestCaseExecutor.execute(TestCaseExecutor.java:233)
	at com.kms.katalon.core.main.TestCaseMain.runTestCase(TestCaseMain.java:114)
	at com.kms.katalon.core.keyword.builtin.CallTestCaseKeyword$_callTestCase_closure1.doCall(CallTestCaseKeyword.groovy:59)
	at com.kms.katalon.core.keyword.builtin.CallTestCaseKeyword$_callTestCase_closure1.call(CallTestCaseKeyword.groovy)
	at com.kms.katalon.core.keyword.internal.KeywordMain.runKeyword(KeywordMain.groovy:68)
	at com.kms.katalon.core.keyword.builtin.CallTestCaseKeyword.callTestCase(CallTestCaseKeyword.groovy:81)
	at com.kms.katalon.core.keyword.builtin.CallTestCaseKeyword.execute(CallTestCaseKeyword.groovy:44)
	at com.kms.katalon.core.keyword.internal.KeywordExecutor.executeKeywordForPlatform(KeywordExecutor.groovy:72)
	at com.kms.katalon.core.keyword.BuiltinKeywords.callTestCase(BuiltinKeywords.groovy:334)
	at Customer Access Payment Option Page.run(Customer Access Payment Option Page:18)
	at com.kms.katalon.core.main.ScriptEngine.run(ScriptEngine.java:194)
	at com.kms.katalon.core.main.ScriptEngine.runScriptAsRawText(ScriptEngine.java:119)
	at com.kms.katalon.core.main.TestCaseExecutor.runScript(TestCaseExecutor.java:337)
	at com.kms.katalon.core.main.TestCaseExecutor.doExecute(TestCaseExecutor.java:328)
	at com.kms.katalon.core.main.TestCaseExecutor.processExecutionPhase(TestCaseExecutor.java:307)
	at com.kms.katalon.core.main.TestCaseExecutor.accessMainPhase(TestCaseExecutor.java:299)
	at com.kms.katalon.core.main.TestCaseExecutor.execute(TestCaseExecutor.java:233)
	at com.kms.katalon.core.main.TestSuiteExecutor.accessTestCaseMainPhase(TestSuiteExecutor.java:169)
	at com.kms.katalon.core.main.TestSuiteExecutor.accessTestSuiteMainPhase(TestSuiteExecutor.java:142)
	at com.kms.katalon.core.main.TestSuiteExecutor.execute(TestSuiteExecutor.java:91)
	at com.kms.katalon.core.main.TestCaseMain.startTestSuite(TestCaseMain.java:157)
	at com.kms.katalon.core.main.TestCaseMain$startTestSuite$0.call(Unknown Source)
	at TempTestSuite1584105966627.run(TempTestSuite1584105966627.groovy:36)
Caused by: com.kms.katalon.core.exception.StepFailedException: Unable to verify object 'Object Repository/Web RoomMe.id/Roomme.id Fill In Data/Text 1 Fill in data' is visible
	at com.kms.katalon.core.webui.keyword.internal.WebUIKeywordMain.stepFailed(WebUIKeywordMain.groovy:64)
	at com.kms.katalon.core.webui.keyword.internal.WebUIKeywordMain.runKeyword(WebUIKeywordMain.groovy:26)
	at com.kms.katalon.core.webui.keyword.builtin.VerifyElementVisibleKeyword.verifyElementVisible(VerifyElementVisibleKeyword.groovy:97)
	at com.kms.katalon.core.webui.keyword.builtin.VerifyElementVisibleKeyword.execute(VerifyElementVisibleKeyword.groovy:67)
	at com.kms.katalon.core.keyword.internal.KeywordExecutor.executeKeywordForPlatform(KeywordExecutor.groovy:72)
	at com.kms.katalon.core.webui.keyword.WebUiBuiltInKeywords.verifyElementVisible(WebUiBuiltInKeywords.groovy:372)
	at com.kms.katalon.core.webui.keyword.WebUiBuiltInKeywords$verifyElementVisible$3.call(Unknown Source)
	at Customer Fill Data to Payment.run(Customer Fill Data to Payment:20)
	at com.kms.katalon.core.main.ScriptEngine.run(ScriptEngine.java:194)
	at com.kms.katalon.core.main.ScriptEngine.runScriptAsRawText(ScriptEngine.java:119)
	at com.kms.katalon.core.main.TestCaseExecutor.runScript(TestCaseExecutor.java:337)
	at com.kms.katalon.core.main.TestCaseExecutor.doExecute(TestCaseExecutor.java:328)
	at com.kms.katalon.core.main.TestCaseExecutor.processExecutionPhase(TestCaseExecutor.java:307)
	at com.kms.katalon.core.main.TestCaseExecutor.accessMainPhase(TestCaseExecutor.java:299)
	at com.kms.katalon.core.main.TestCaseExecutor.execute(TestCaseExecutor.java:233)
	at com.kms.katalon.core.main.TestCaseMain.runTestCase(TestCaseMain.java:114)
	at com.kms.katalon.core.keyword.builtin.CallTestCaseKeyword$_callTestCase_closure1.doCall(CallTestCaseKeyword.groovy:59)
	... 36 more
Caused by: com.kms.katalon.core.exception.StepFailedException: Web element with id: 'Object Repository/Web RoomMe.id/Roomme.id Fill In Data/Text 1 Fill in data' located by 'By.xpath: //div[@id='__layout']/div/div/div[2]/div/p' not found
	at com.kms.katalon.core.webui.keyword.internal.WebUIKeywordMain.stepFailed(WebUIKeywordMain.groovy:64)
	at com.kms.katalon.core.webui.keyword.builtin.VerifyElementVisibleKeyword$_verifyElementVisible_closure1.doCall(VerifyElementVisibleKeyword.groovy:89)
	at com.kms.katalon.core.webui.keyword.builtin.VerifyElementVisibleKeyword$_verifyElementVisible_closure1.call(VerifyElementVisibleKeyword.groovy)
	at com.kms.katalon.core.webui.keyword.internal.WebUIKeywordMain.runKeyword(WebUIKeywordMain.groovy:20)
	... 51 more
)

2020-03-13 20:36:59 - [MESSAGE][FAILED] - Unable to call Test Case 'Test Cases/Web RoomMe.id/Customer Continue to Payment' (Root cause: com.kms.katalon.core.exception.StepFailedException: Call Test Case 'Test Cases/Web RoomMe.id/Customer Continue to Payment' failed
	at com.kms.katalon.core.keyword.builtin.CallTestCaseKeyword$_callTestCase_closure1.doCall(CallTestCaseKeyword.groovy:63)
	at com.kms.katalon.core.keyword.builtin.CallTestCaseKeyword$_callTestCase_closure1.call(CallTestCaseKeyword.groovy)
	at com.kms.katalon.core.keyword.internal.KeywordMain.runKeyword(KeywordMain.groovy:68)
	at com.kms.katalon.core.keyword.builtin.CallTestCaseKeyword.callTestCase(CallTestCaseKeyword.groovy:81)
	at com.kms.katalon.core.keyword.builtin.CallTestCaseKeyword.execute(CallTestCaseKeyword.groovy:44)
	at com.kms.katalon.core.keyword.internal.KeywordExecutor.executeKeywordForPlatform(KeywordExecutor.groovy:72)
	at com.kms.katalon.core.keyword.BuiltinKeywords.callTestCase(BuiltinKeywords.groovy:334)
	at Customer Access Payment Option Page.run(Customer Access Payment Option Page:18)
	at com.kms.katalon.core.main.ScriptEngine.run(ScriptEngine.java:194)
	at com.kms.katalon.core.main.ScriptEngine.runScriptAsRawText(ScriptEngine.java:119)
	at com.kms.katalon.core.main.TestCaseExecutor.runScript(TestCaseExecutor.java:337)
	at com.kms.katalon.core.main.TestCaseExecutor.doExecute(TestCaseExecutor.java:328)
	at com.kms.katalon.core.main.TestCaseExecutor.processExecutionPhase(TestCaseExecutor.java:307)
	at com.kms.katalon.core.main.TestCaseExecutor.accessMainPhase(TestCaseExecutor.java:299)
	at com.kms.katalon.core.main.TestCaseExecutor.execute(TestCaseExecutor.java:233)
	at com.kms.katalon.core.main.TestSuiteExecutor.accessTestCaseMainPhase(TestSuiteExecutor.java:169)
	at com.kms.katalon.core.main.TestSuiteExecutor.accessTestSuiteMainPhase(TestSuiteExecutor.java:142)
	at com.kms.katalon.core.main.TestSuiteExecutor.execute(TestSuiteExecutor.java:91)
	at com.kms.katalon.core.main.TestCaseMain.startTestSuite(TestCaseMain.java:157)
	at com.kms.katalon.core.main.TestCaseMain$startTestSuite$0.call(Unknown Source)
	at TempTestSuite1584105966627.run(TempTestSuite1584105966627.groovy:36)
Caused by: com.kms.katalon.core.exception.StepFailedException: Call Test Case 'Test Cases/Web RoomMe.id/Customer Fill Data to Payment' failed
	at com.kms.katalon.core.keyword.builtin.CallTestCaseKeyword$_callTestCase_closure1.doCall(CallTestCaseKeyword.groovy:63)
	at com.kms.katalon.core.keyword.builtin.CallTestCaseKeyword$_callTestCase_closure1.call(CallTestCaseKeyword.groovy)
	at com.kms.katalon.core.keyword.internal.KeywordMain.runKeyword(KeywordMain.groovy:68)
	at com.kms.katalon.core.keyword.builtin.CallTestCaseKeyword.callTestCase(CallTestCaseKeyword.groovy:81)
	at com.kms.katalon.core.keyword.builtin.CallTestCaseKeyword.execute(CallTestCaseKeyword.groovy:44)
	at com.kms.katalon.core.keyword.internal.KeywordExecutor.executeKeywordForPlatform(KeywordExecutor.groovy:72)
	at com.kms.katalon.core.keyword.BuiltinKeywords.callTestCase(BuiltinKeywords.groovy:334)
	at Customer Continue to Payment.run(Customer Continue to Payment:18)
	at com.kms.katalon.core.main.ScriptEngine.run(ScriptEngine.java:194)
	at com.kms.katalon.core.main.ScriptEngine.runScriptAsRawText(ScriptEngine.java:119)
	at com.kms.katalon.core.main.TestCaseExecutor.runScript(TestCaseExecutor.java:337)
	at com.kms.katalon.core.main.TestCaseExecutor.doExecute(TestCaseExecutor.java:328)
	at com.kms.katalon.core.main.TestCaseExecutor.processExecutionPhase(TestCaseExecutor.java:307)
	at com.kms.katalon.core.main.TestCaseExecutor.accessMainPhase(TestCaseExecutor.java:299)
	at com.kms.katalon.core.main.TestCaseExecutor.execute(TestCaseExecutor.java:233)
	at com.kms.katalon.core.main.TestCaseMain.runTestCase(TestCaseMain.java:114)
	at com.kms.katalon.core.keyword.builtin.CallTestCaseKeyword$_callTestCase_closure1.doCall(CallTestCaseKeyword.groovy:59)
	... 20 more
Caused by: com.kms.katalon.core.exception.StepFailedException: Unable to verify object 'Object Repository/Web RoomMe.id/Roomme.id Fill In Data/Text 1 Fill in data' is visible
	at com.kms.katalon.core.webui.keyword.internal.WebUIKeywordMain.stepFailed(WebUIKeywordMain.groovy:64)
	at com.kms.katalon.core.webui.keyword.internal.WebUIKeywordMain.runKeyword(WebUIKeywordMain.groovy:26)
	at com.kms.katalon.core.webui.keyword.builtin.VerifyElementVisibleKeyword.verifyElementVisible(VerifyElementVisibleKeyword.groovy:97)
	at com.kms.katalon.core.webui.keyword.builtin.VerifyElementVisibleKeyword.execute(VerifyElementVisibleKeyword.groovy:67)
	at com.kms.katalon.core.keyword.internal.KeywordExecutor.executeKeywordForPlatform(KeywordExecutor.groovy:72)
	at com.kms.katalon.core.webui.keyword.WebUiBuiltInKeywords.verifyElementVisible(WebUiBuiltInKeywords.groovy:372)
	at com.kms.katalon.core.webui.keyword.WebUiBuiltInKeywords$verifyElementVisible$3.call(Unknown Source)
	at Customer Fill Data to Payment.run(Customer Fill Data to Payment:20)
	at com.kms.katalon.core.main.ScriptEngine.run(ScriptEngine.java:194)
	at com.kms.katalon.core.main.ScriptEngine.runScriptAsRawText(ScriptEngine.java:119)
	at com.kms.katalon.core.main.TestCaseExecutor.runScript(TestCaseExecutor.java:337)
	at com.kms.katalon.core.main.TestCaseExecutor.doExecute(TestCaseExecutor.java:328)
	at com.kms.katalon.core.main.TestCaseExecutor.processExecutionPhase(TestCaseExecutor.java:307)
	at com.kms.katalon.core.main.TestCaseExecutor.accessMainPhase(TestCaseExecutor.java:299)
	at com.kms.katalon.core.main.TestCaseExecutor.execute(TestCaseExecutor.java:233)
	at com.kms.katalon.core.main.TestCaseMain.runTestCase(TestCaseMain.java:114)
	at com.kms.katalon.core.keyword.builtin.CallTestCaseKeyword$_callTestCase_closure1.doCall(CallTestCaseKeyword.groovy:59)
	... 36 more
Caused by: com.kms.katalon.core.exception.StepFailedException: Web element with id: 'Object Repository/Web RoomMe.id/Roomme.id Fill In Data/Text 1 Fill in data' located by 'By.xpath: //div[@id='__layout']/div/div/div[2]/div/p' not found
	at com.kms.katalon.core.webui.keyword.internal.WebUIKeywordMain.stepFailed(WebUIKeywordMain.groovy:64)
	at com.kms.katalon.core.webui.keyword.builtin.VerifyElementVisibleKeyword$_verifyElementVisible_closure1.doCall(VerifyElementVisibleKeyword.groovy:89)
	at com.kms.katalon.core.webui.keyword.builtin.VerifyElementVisibleKeyword$_verifyElementVisible_closure1.call(VerifyElementVisibleKeyword.groovy)
	at com.kms.katalon.core.webui.keyword.internal.WebUIKeywordMain.runKeyword(WebUIKeywordMain.groovy:20)
	... 51 more
)]]></system-out>
         <system-err><![CDATA[2020-03-13 20:35:06 - [TEST_CASE][FAILED] - Test Cases/Web RoomMe.id/Customer Access Payment Option Page: Test Cases/Web RoomMe.id/Customer Access Payment Option Page FAILED.
Reason:
com.kms.katalon.core.exception.StepFailedException: Call Test Case 'Test Cases/Web RoomMe.id/Customer Continue to Payment' failed
	at com.kms.katalon.core.keyword.builtin.CallTestCaseKeyword$_callTestCase_closure1.doCall(CallTestCaseKeyword.groovy:63)
	at com.kms.katalon.core.keyword.builtin.CallTestCaseKeyword$_callTestCase_closure1.call(CallTestCaseKeyword.groovy)
	at com.kms.katalon.core.keyword.internal.KeywordMain.runKeyword(KeywordMain.groovy:68)
	at com.kms.katalon.core.keyword.builtin.CallTestCaseKeyword.callTestCase(CallTestCaseKeyword.groovy:81)
	at com.kms.katalon.core.keyword.builtin.CallTestCaseKeyword.execute(CallTestCaseKeyword.groovy:44)
	at com.kms.katalon.core.keyword.internal.KeywordExecutor.executeKeywordForPlatform(KeywordExecutor.groovy:72)
	at com.kms.katalon.core.keyword.BuiltinKeywords.callTestCase(BuiltinKeywords.groovy:334)
	at Customer Access Payment Option Page.run(Customer Access Payment Option Page:18)
	at com.kms.katalon.core.main.ScriptEngine.run(ScriptEngine.java:194)
	at com.kms.katalon.core.main.ScriptEngine.runScriptAsRawText(ScriptEngine.java:119)
	at com.kms.katalon.core.main.TestCaseExecutor.runScript(TestCaseExecutor.java:337)
	at com.kms.katalon.core.main.TestCaseExecutor.doExecute(TestCaseExecutor.java:328)
	at com.kms.katalon.core.main.TestCaseExecutor.processExecutionPhase(TestCaseExecutor.java:307)
	at com.kms.katalon.core.main.TestCaseExecutor.accessMainPhase(TestCaseExecutor.java:299)
	at com.kms.katalon.core.main.TestCaseExecutor.execute(TestCaseExecutor.java:233)
	at com.kms.katalon.core.main.TestSuiteExecutor.accessTestCaseMainPhase(TestSuiteExecutor.java:169)
	at com.kms.katalon.core.main.TestSuiteExecutor.accessTestSuiteMainPhase(TestSuiteExecutor.java:142)
	at com.kms.katalon.core.main.TestSuiteExecutor.execute(TestSuiteExecutor.java:91)
	at com.kms.katalon.core.main.TestCaseMain.startTestSuite(TestCaseMain.java:157)
	at com.kms.katalon.core.main.TestCaseMain$startTestSuite$0.call(Unknown Source)
	at TempTestSuite1584105966627.run(TempTestSuite1584105966627.groovy:36)
Caused by: com.kms.katalon.core.exception.StepFailedException: Call Test Case 'Test Cases/Web RoomMe.id/Customer Fill Data to Payment' failed
	at com.kms.katalon.core.keyword.builtin.CallTestCaseKeyword$_callTestCase_closure1.doCall(CallTestCaseKeyword.groovy:63)
	at com.kms.katalon.core.keyword.builtin.CallTestCaseKeyword$_callTestCase_closure1.call(CallTestCaseKeyword.groovy)
	at com.kms.katalon.core.keyword.internal.KeywordMain.runKeyword(KeywordMain.groovy:68)
	at com.kms.katalon.core.keyword.builtin.CallTestCaseKeyword.callTestCase(CallTestCaseKeyword.groovy:81)
	at com.kms.katalon.core.keyword.builtin.CallTestCaseKeyword.execute(CallTestCaseKeyword.groovy:44)
	at com.kms.katalon.core.keyword.internal.KeywordExecutor.executeKeywordForPlatform(KeywordExecutor.groovy:72)
	at com.kms.katalon.core.keyword.BuiltinKeywords.callTestCase(BuiltinKeywords.groovy:334)
	at Customer Continue to Payment.run(Customer Continue to Payment:18)
	at com.kms.katalon.core.main.ScriptEngine.run(ScriptEngine.java:194)
	at com.kms.katalon.core.main.ScriptEngine.runScriptAsRawText(ScriptEngine.java:119)
	at com.kms.katalon.core.main.TestCaseExecutor.runScript(TestCaseExecutor.java:337)
	at com.kms.katalon.core.main.TestCaseExecutor.doExecute(TestCaseExecutor.java:328)
	at com.kms.katalon.core.main.TestCaseExecutor.processExecutionPhase(TestCaseExecutor.java:307)
	at com.kms.katalon.core.main.TestCaseExecutor.accessMainPhase(TestCaseExecutor.java:299)
	at com.kms.katalon.core.main.TestCaseExecutor.execute(TestCaseExecutor.java:233)
	at com.kms.katalon.core.main.TestCaseMain.runTestCase(TestCaseMain.java:114)
	at com.kms.katalon.core.keyword.builtin.CallTestCaseKeyword$_callTestCase_closure1.doCall(CallTestCaseKeyword.groovy:59)
	... 20 more
Caused by: com.kms.katalon.core.exception.StepFailedException: Unable to verify object 'Object Repository/Web RoomMe.id/Roomme.id Fill In Data/Text 1 Fill in data' is visible
	at com.kms.katalon.core.webui.keyword.internal.WebUIKeywordMain.stepFailed(WebUIKeywordMain.groovy:64)
	at com.kms.katalon.core.webui.keyword.internal.WebUIKeywordMain.runKeyword(WebUIKeywordMain.groovy:26)
	at com.kms.katalon.core.webui.keyword.builtin.VerifyElementVisibleKeyword.verifyElementVisible(VerifyElementVisibleKeyword.groovy:97)
	at com.kms.katalon.core.webui.keyword.builtin.VerifyElementVisibleKeyword.execute(VerifyElementVisibleKeyword.groovy:67)
	at com.kms.katalon.core.keyword.internal.KeywordExecutor.executeKeywordForPlatform(KeywordExecutor.groovy:72)
	at com.kms.katalon.core.webui.keyword.WebUiBuiltInKeywords.verifyElementVisible(WebUiBuiltInKeywords.groovy:372)
	at com.kms.katalon.core.webui.keyword.WebUiBuiltInKeywords$verifyElementVisible$3.call(Unknown Source)
	at Customer Fill Data to Payment.run(Customer Fill Data to Payment:20)
	at com.kms.katalon.core.main.ScriptEngine.run(ScriptEngine.java:194)
	at com.kms.katalon.core.main.ScriptEngine.runScriptAsRawText(ScriptEngine.java:119)
	at com.kms.katalon.core.main.TestCaseExecutor.runScript(TestCaseExecutor.java:337)
	at com.kms.katalon.core.main.TestCaseExecutor.doExecute(TestCaseExecutor.java:328)
	at com.kms.katalon.core.main.TestCaseExecutor.processExecutionPhase(TestCaseExecutor.java:307)
	at com.kms.katalon.core.main.TestCaseExecutor.accessMainPhase(TestCaseExecutor.java:299)
	at com.kms.katalon.core.main.TestCaseExecutor.execute(TestCaseExecutor.java:233)
	at com.kms.katalon.core.main.TestCaseMain.runTestCase(TestCaseMain.java:114)
	at com.kms.katalon.core.keyword.builtin.CallTestCaseKeyword$_callTestCase_closure1.doCall(CallTestCaseKeyword.groovy:59)
	... 36 more
Caused by: com.kms.katalon.core.exception.StepFailedException: Web element with id: 'Object Repository/Web RoomMe.id/Roomme.id Fill In Data/Text 1 Fill in data' located by 'By.xpath: //div[@id='__layout']/div/div/div[2]/div/p' not found
	at com.kms.katalon.core.webui.keyword.internal.WebUIKeywordMain.stepFailed(WebUIKeywordMain.groovy:64)
	at com.kms.katalon.core.webui.keyword.builtin.VerifyElementVisibleKeyword$_verifyElementVisible_closure1.doCall(VerifyElementVisibleKeyword.groovy:89)
	at com.kms.katalon.core.webui.keyword.builtin.VerifyElementVisibleKeyword$_verifyElementVisible_closure1.call(VerifyElementVisibleKeyword.groovy)
	at com.kms.katalon.core.webui.keyword.internal.WebUIKeywordMain.runKeyword(WebUIKeywordMain.groovy:20)
	... 51 more]]></system-err>
      </testcase>
      <system-out><![CDATA[2020-03-13 20:26:09 - [TEST_SUITE][FAILED] - Customer Booking: Test Cases/Web RoomMe.id/Customer Fill Data to Payment FAILED.
Reason:
com.kms.katalon.core.exception.StepFailedException: Unable to verify object 'Object Repository/Web RoomMe.id/Roomme.id Fill In Data/Text 1 Fill in data' is visible
	at com.kms.katalon.core.webui.keyword.internal.WebUIKeywordMain.stepFailed(WebUIKeywordMain.groovy:64)
	at com.kms.katalon.core.webui.keyword.internal.WebUIKeywordMain.runKeyword(WebUIKeywordMain.groovy:26)
	at com.kms.katalon.core.webui.keyword.builtin.VerifyElementVisibleKeyword.verifyElementVisible(VerifyElementVisibleKeyword.groovy:97)
	at com.kms.katalon.core.webui.keyword.builtin.VerifyElementVisibleKeyword.execute(VerifyElementVisibleKeyword.groovy:67)
	at com.kms.katalon.core.keyword.internal.KeywordExecutor.executeKeywordForPlatform(KeywordExecutor.groovy:72)
	at com.kms.katalon.core.webui.keyword.WebUiBuiltInKeywords.verifyElementVisible(WebUiBuiltInKeywords.groovy:372)
	at com.kms.katalon.core.webui.keyword.WebUiBuiltInKeywords$verifyElementVisible$3.call(Unknown Source)
	at Customer Fill Data to Payment.run(Customer Fill Data to Payment:20)
	at com.kms.katalon.core.main.ScriptEngine.run(ScriptEngine.java:194)
	at com.kms.katalon.core.main.ScriptEngine.runScriptAsRawText(ScriptEngine.java:119)
	at com.kms.katalon.core.main.TestCaseExecutor.runScript(TestCaseExecutor.java:337)
	at com.kms.katalon.core.main.TestCaseExecutor.doExecute(TestCaseExecutor.java:328)
	at com.kms.katalon.core.main.TestCaseExecutor.processExecutionPhase(TestCaseExecutor.java:307)
	at com.kms.katalon.core.main.TestCaseExecutor.accessMainPhase(TestCaseExecutor.java:299)
	at com.kms.katalon.core.main.TestCaseExecutor.execute(TestCaseExecutor.java:233)
	at com.kms.katalon.core.main.TestSuiteExecutor.accessTestCaseMainPhase(TestSuiteExecutor.java:169)
	at com.kms.katalon.core.main.TestSuiteExecutor.accessTestSuiteMainPhase(TestSuiteExecutor.java:142)
	at com.kms.katalon.core.main.TestSuiteExecutor.execute(TestSuiteExecutor.java:91)
	at com.kms.katalon.core.main.TestCaseMain.startTestSuite(TestCaseMain.java:157)
	at com.kms.katalon.core.main.TestCaseMain$startTestSuite$0.call(Unknown Source)
	at TempTestSuite1584105966627.run(TempTestSuite1584105966627.groovy:36)
Caused by: com.kms.katalon.core.exception.StepFailedException: Web element with id: 'Object Repository/Web RoomMe.id/Roomme.id Fill In Data/Text 1 Fill in data' located by 'By.xpath: //div[@id='__layout']/div/div/div[2]/div/p' not found
	at com.kms.katalon.core.webui.keyword.internal.WebUIKeywordMain.stepFailed(WebUIKeywordMain.groovy:64)
	at com.kms.katalon.core.webui.keyword.builtin.VerifyElementVisibleKeyword$_verifyElementVisible_closure1.doCall(VerifyElementVisibleKeyword.groovy:89)
	at com.kms.katalon.core.webui.keyword.builtin.VerifyElementVisibleKeyword$_verifyElementVisible_closure1.call(VerifyElementVisibleKeyword.groovy)
	at com.kms.katalon.core.webui.keyword.internal.WebUIKeywordMain.runKeyword(WebUIKeywordMain.groovy:20)
	... 19 more]]></system-out>
      <system-err><![CDATA[2020-03-13 20:26:09 - [TEST_SUITE][FAILED] - Customer Booking: Test Cases/Web RoomMe.id/Customer Fill Data to Payment FAILED.
Reason:
com.kms.katalon.core.exception.StepFailedException: Unable to verify object 'Object Repository/Web RoomMe.id/Roomme.id Fill In Data/Text 1 Fill in data' is visible
	at com.kms.katalon.core.webui.keyword.internal.WebUIKeywordMain.stepFailed(WebUIKeywordMain.groovy:64)
	at com.kms.katalon.core.webui.keyword.internal.WebUIKeywordMain.runKeyword(WebUIKeywordMain.groovy:26)
	at com.kms.katalon.core.webui.keyword.builtin.VerifyElementVisibleKeyword.verifyElementVisible(VerifyElementVisibleKeyword.groovy:97)
	at com.kms.katalon.core.webui.keyword.builtin.VerifyElementVisibleKeyword.execute(VerifyElementVisibleKeyword.groovy:67)
	at com.kms.katalon.core.keyword.internal.KeywordExecutor.executeKeywordForPlatform(KeywordExecutor.groovy:72)
	at com.kms.katalon.core.webui.keyword.WebUiBuiltInKeywords.verifyElementVisible(WebUiBuiltInKeywords.groovy:372)
	at com.kms.katalon.core.webui.keyword.WebUiBuiltInKeywords$verifyElementVisible$3.call(Unknown Source)
	at Customer Fill Data to Payment.run(Customer Fill Data to Payment:20)
	at com.kms.katalon.core.main.ScriptEngine.run(ScriptEngine.java:194)
	at com.kms.katalon.core.main.ScriptEngine.runScriptAsRawText(ScriptEngine.java:119)
	at com.kms.katalon.core.main.TestCaseExecutor.runScript(TestCaseExecutor.java:337)
	at com.kms.katalon.core.main.TestCaseExecutor.doExecute(TestCaseExecutor.java:328)
	at com.kms.katalon.core.main.TestCaseExecutor.processExecutionPhase(TestCaseExecutor.java:307)
	at com.kms.katalon.core.main.TestCaseExecutor.accessMainPhase(TestCaseExecutor.java:299)
	at com.kms.katalon.core.main.TestCaseExecutor.execute(TestCaseExecutor.java:233)
	at com.kms.katalon.core.main.TestSuiteExecutor.accessTestCaseMainPhase(TestSuiteExecutor.java:169)
	at com.kms.katalon.core.main.TestSuiteExecutor.accessTestSuiteMainPhase(TestSuiteExecutor.java:142)
	at com.kms.katalon.core.main.TestSuiteExecutor.execute(TestSuiteExecutor.java:91)
	at com.kms.katalon.core.main.TestCaseMain.startTestSuite(TestCaseMain.java:157)
	at com.kms.katalon.core.main.TestCaseMain$startTestSuite$0.call(Unknown Source)
	at TempTestSuite1584105966627.run(TempTestSuite1584105966627.groovy:36)
Caused by: com.kms.katalon.core.exception.StepFailedException: Web element with id: 'Object Repository/Web RoomMe.id/Roomme.id Fill In Data/Text 1 Fill in data' located by 'By.xpath: //div[@id='__layout']/div/div/div[2]/div/p' not found
	at com.kms.katalon.core.webui.keyword.internal.WebUIKeywordMain.stepFailed(WebUIKeywordMain.groovy:64)
	at com.kms.katalon.core.webui.keyword.builtin.VerifyElementVisibleKeyword$_verifyElementVisible_closure1.doCall(VerifyElementVisibleKeyword.groovy:89)
	at com.kms.katalon.core.webui.keyword.builtin.VerifyElementVisibleKeyword$_verifyElementVisible_closure1.call(VerifyElementVisibleKeyword.groovy)
	at com.kms.katalon.core.webui.keyword.internal.WebUIKeywordMain.runKeyword(WebUIKeywordMain.groovy:20)
	... 19 more]]></system-err>
   </testsuite>
</testsuites>
