<?xml version="1.0" encoding="UTF-8"?>
<testsuites name="Customer Access Landlord Page" time="170.862" tests="8" failures="0" errors="0">
   <testsuite name="Customer Access Landlord Page" tests="8" failures="0" errors="0" time="170.862" timestamp="2020-05-27 08:32:39" hostname="Faldi - Alienware-X51" id="Test Suites/Web RoomMe.id/Customer Access Landlord Page">
      <properties>
         <property name="deviceName" value=""/>
         <property name="devicePlatform" value=""/>
         <property name="logFolder" value="C:\\Users\\Faldi\\Katalon Studio\\katalonroomme\\Reports\\20200527_082716\\Web RoomMe.id\\Customer Access Landlord Page\\20200527_082722"/>
         <property name="logFiles" value="C:\\Users\\Faldi\\Katalon Studio\\katalonroomme\\Reports\\20200527_082716\\Web RoomMe.id\\Customer Access Landlord Page\\20200527_082722\\execution0.log"/>
         <property name="attachments" value=""/>
         <property name="hostName" value="Faldi - Alienware-X51"/>
         <property name="os" value="Windows 10 64bit"/>
         <property name="katalonVersion" value="7.2.9.1"/>
         <property name="browser" value="Chrome 83.0.4103.61"/>
         <property name="hostAddress" value="192.168.1.5"/>
         <property name="sessionId" value="f379b66f5d95d88a2cb8cc0990e677de"/>
         <property name="seleniumVersion" value="3.141.59"/>
         <property name="proxyInformation" value="ProxyInformation{proxyOption=NO_PROXY, proxyServerType=HTTP, password=, proxyServerAddress=, proxyServerPort=0, executionList=}"/>
         <property name="platform" value="Windows 10"/>
      </properties>
      <testcase name="Test Cases/Web RoomMe.id/7. Landlord/1. Customer Access Landlord Page From Header" time="19.606" classname="Test Cases/Web RoomMe.id/7. Landlord/1. Customer Access Landlord Page From Header" status="PASSED">
         <system-out><![CDATA[2020-05-27 08:32:39 - [TEST_CASE][PASSED] - Test Cases/Web RoomMe.id/7. Landlord/1. Customer Access Landlord Page From Header: Test Cases/Web RoomMe.id/7. Landlord/1. Customer Access Landlord Page From Header

2020-05-27 08:32:40 - [TEST_STEP][PASSED] - callTestCase(findTestCase("Web RoomMe.id/1. Homepage/1. Customer Access RoomMe Page"), [:], STOP_ON_FAILURE): Call Test Case 'Test Cases/Web RoomMe.id/1. Homepage/1. Customer Access RoomMe Page' successfully

2020-05-27 08:32:40 - [TEST_CASE][PASSED] - Test Cases/Web RoomMe.id/1. Homepage/1. Customer Access RoomMe Page: Test Cases/Web RoomMe.id/1. Homepage/1. Customer Access RoomMe Page

2020-05-27 08:32:40 - [TEST_STEP][PASSED] - openBrowser(url): Browser is opened with url: 'roomme.id'

2020-05-27 08:32:40 - [MESSAGE][INFO] - Starting 'Chrome' driver

2020-05-27 08:32:41 - [MESSAGE][INFO] - Action delay is set to 0 seconds

2020-05-27 08:32:48 - [MESSAGE][PASSED] - Browser is opened with url: 'roomme.id'

2020-05-27 08:32:48 - [TEST_STEP][PASSED] - maximizeWindow(): Current window maximized

2020-05-27 08:32:50 - [MESSAGE][PASSED] - Current window maximized

2020-05-27 08:32:50 - [TEST_STEP][PASSED] - waitForPageLoad(0): Wait for page load successfully

2020-05-27 08:32:50 - [MESSAGE][WARNING] - Timeout '0' is invalid. Using default page load timeout: '60'

2020-05-27 08:32:50 - [MESSAGE][PASSED] - Wait for page load successfully

2020-05-27 08:32:50 - [MESSAGE][PASSED] - Call Test Case 'Test Cases/Web RoomMe.id/1. Homepage/1. Customer Access RoomMe Page' successfully

2020-05-27 08:32:50 - [TEST_STEP][PASSED] - waitForElementVisible(findTestObject("Web RoomMe.id/RoomMe.id Header/Button Are You Landlord"), 30): Object 'Object Repository/Web RoomMe.id/RoomMe.id Header/Button Are You Landlord' is visible

2020-05-27 08:32:51 - [MESSAGE][PASSED] - Object 'Object Repository/Web RoomMe.id/RoomMe.id Header/Button Are You Landlord' is visible

2020-05-27 08:32:51 - [TEST_STEP][PASSED] - click(findTestObject("Web RoomMe.id/RoomMe.id Header/Button Are You Landlord")): Object: 'Object Repository/Web RoomMe.id/RoomMe.id Header/Button Are You Landlord' is clicked on

2020-05-27 08:32:52 - [MESSAGE][PASSED] - Object: 'Object Repository/Web RoomMe.id/RoomMe.id Header/Button Are You Landlord' is clicked on

2020-05-27 08:32:52 - [TEST_STEP][PASSED] - waitForPageLoad(0): Wait for page load successfully

2020-05-27 08:32:52 - [MESSAGE][WARNING] - Timeout '0' is invalid. Using default page load timeout: '60'

2020-05-27 08:32:53 - [MESSAGE][PASSED] - Wait for page load successfully

2020-05-27 08:32:53 - [TEST_STEP][PASSED] - waitForElementVisible(findTestObject("Web RoomMe.id/RoomMe.id Landlord Page/Image Landlord"), 30): Object 'Object Repository/Web RoomMe.id/RoomMe.id Landlord Page/Image Landlord' is visible

2020-05-27 08:32:53 - [MESSAGE][PASSED] - Object 'Object Repository/Web RoomMe.id/RoomMe.id Landlord Page/Image Landlord' is visible

2020-05-27 08:32:53 - [TEST_STEP][PASSED] - callTestCase(findTestCase("Web RoomMe.id/7. Landlord/Verify Landlord Page"), [:], STOP_ON_FAILURE): Call Test Case 'Test Cases/Web RoomMe.id/7. Landlord/Verify Landlord Page' successfully

2020-05-27 08:32:53 - [TEST_CASE][PASSED] - Test Cases/Web RoomMe.id/7. Landlord/Verify Landlord Page: Test Cases/Web RoomMe.id/7. Landlord/Verify Landlord Page

2020-05-27 08:32:53 - [TEST_STEP][PASSED] - objectSubFolder = "Web RoomMe.id\RoomMe.id Landlord Page\": null

2020-05-27 08:32:53 - [TEST_STEP][PASSED] - pathToObjRep = getProjectDir() + "\Object Repository\" + objectSubFolder: null

2020-05-27 08:32:53 - [TEST_STEP][PASSED] - yourObjects = new java.io.File(pathToObjRep): null

2020-05-27 08:32:53 - [TEST_STEP][PASSED] - fileNames = yourObjects.list(): null

2020-05-27 08:32:53 - [TEST_STEP][PASSED] - testObjects = new java.util.ArrayList(): null

2020-05-27 08:32:53 - [TEST_STEP][PASSED] - for ([i = 0, i < length, (i++)]): null

2020-05-27 08:32:53 - [TEST_STEP][PASSED] - if (fileNames[i].contains(".rs")): null

2020-05-27 08:32:53 - [TEST_STEP][PASSED] - if (fileNames[i].contains(".rs")): null

2020-05-27 08:32:53 - [TEST_STEP][PASSED] - fileNames[i] = fileNames[i].replace(".rs", ""): null

2020-05-27 08:32:53 - [TEST_STEP][PASSED] - testObjects.add(objectSubFolder + fileNames[i]): null

2020-05-27 08:32:53 - [TEST_STEP][PASSED] - if (fileNames[i].contains(".rs")): null

2020-05-27 08:32:53 - [TEST_STEP][PASSED] - if (fileNames[i].contains(".rs")): null

2020-05-27 08:32:53 - [TEST_STEP][PASSED] - fileNames[i] = fileNames[i].replace(".rs", ""): null

2020-05-27 08:32:53 - [TEST_STEP][PASSED] - testObjects.add(objectSubFolder + fileNames[i]): null

2020-05-27 08:32:53 - [TEST_STEP][PASSED] - if (fileNames[i].contains(".rs")): null

2020-05-27 08:32:53 - [TEST_STEP][PASSED] - if (fileNames[i].contains(".rs")): null

2020-05-27 08:32:53 - [TEST_STEP][PASSED] - fileNames[i] = fileNames[i].replace(".rs", ""): null

2020-05-27 08:32:53 - [TEST_STEP][PASSED] - testObjects.add(objectSubFolder + fileNames[i]): null

2020-05-27 08:32:53 - [TEST_STEP][PASSED] - if (fileNames[i].contains(".rs")): null

2020-05-27 08:32:53 - [TEST_STEP][PASSED] - fileNames[i] = fileNames[i].replace(".rs", ""): null

2020-05-27 08:32:53 - [TEST_STEP][PASSED] - testObjects.add(objectSubFolder + fileNames[i]): null

2020-05-27 08:32:53 - [TEST_STEP][PASSED] - if (fileNames[i].contains(".rs")): null

2020-05-27 08:32:53 - [TEST_STEP][PASSED] - fileNames[i] = fileNames[i].replace(".rs", ""): null

2020-05-27 08:32:53 - [TEST_STEP][PASSED] - testObjects.add(objectSubFolder + fileNames[i]): null

2020-05-27 08:32:53 - [TEST_STEP][PASSED] - if (fileNames[i].contains(".rs")): null

2020-05-27 08:32:53 - [TEST_STEP][PASSED] - fileNames[i] = fileNames[i].replace(".rs", ""): null

2020-05-27 08:32:53 - [TEST_STEP][PASSED] - testObjects.add(objectSubFolder + fileNames[i]): null

2020-05-27 08:32:53 - [TEST_STEP][PASSED] - if (fileNames[i].contains(".rs")): null

2020-05-27 08:32:53 - [TEST_STEP][PASSED] - fileNames[i] = fileNames[i].replace(".rs", ""): null

2020-05-27 08:32:53 - [TEST_STEP][PASSED] - testObjects.add(objectSubFolder + fileNames[i]): null

2020-05-27 08:32:53 - [TEST_STEP][PASSED] - if (fileNames[i].contains(".rs")): null

2020-05-27 08:32:53 - [TEST_STEP][PASSED] - fileNames[i] = fileNames[i].replace(".rs", ""): null

2020-05-27 08:32:53 - [TEST_STEP][PASSED] - testObjects.add(objectSubFolder + fileNames[i]): null

2020-05-27 08:32:53 - [TEST_STEP][PASSED] - if (fileNames[i].contains(".rs")): null

2020-05-27 08:32:53 - [TEST_STEP][PASSED] - fileNames[i] = fileNames[i].replace(".rs", ""): null

2020-05-27 08:32:53 - [TEST_STEP][PASSED] - testObjects.add(objectSubFolder + fileNames[i]): null

2020-05-27 08:32:53 - [TEST_STEP][PASSED] - if (fileNames[i].contains(".rs")): null

2020-05-27 08:32:53 - [TEST_STEP][PASSED] - fileNames[i] = fileNames[i].replace(".rs", ""): null

2020-05-27 08:32:53 - [TEST_STEP][PASSED] - testObjects.add(objectSubFolder + fileNames[i]): null

2020-05-27 08:32:53 - [TEST_STEP][PASSED] - if (fileNames[i].contains(".rs")): null

2020-05-27 08:32:53 - [TEST_STEP][PASSED] - fileNames[i] = fileNames[i].replace(".rs", ""): null

2020-05-27 08:32:53 - [TEST_STEP][PASSED] - testObjects.add(objectSubFolder + fileNames[i]): null

2020-05-27 08:32:53 - [TEST_STEP][PASSED] - if (fileNames[i].contains(".rs")): null

2020-05-27 08:32:53 - [TEST_STEP][PASSED] - fileNames[i] = fileNames[i].replace(".rs", ""): null

2020-05-27 08:32:53 - [TEST_STEP][PASSED] - testObjects.add(objectSubFolder + fileNames[i]): null

2020-05-27 08:32:53 - [TEST_STEP][PASSED] - if (fileNames[i].contains(".rs")): null

2020-05-27 08:32:53 - [TEST_STEP][PASSED] - fileNames[i] = fileNames[i].replace(".rs", ""): null

2020-05-27 08:32:53 - [TEST_STEP][PASSED] - testObjects.add(objectSubFolder + fileNames[i]): null

2020-05-27 08:32:53 - [TEST_STEP][PASSED] - if (fileNames[i].contains(".rs")): null

2020-05-27 08:32:53 - [TEST_STEP][PASSED] - fileNames[i] = fileNames[i].replace(".rs", ""): null

2020-05-27 08:32:53 - [TEST_STEP][PASSED] - testObjects.add(objectSubFolder + fileNames[i]): null

2020-05-27 08:32:53 - [TEST_STEP][PASSED] - if (fileNames[i].contains(".rs")): null

2020-05-27 08:32:53 - [TEST_STEP][PASSED] - fileNames[i] = fileNames[i].replace(".rs", ""): null

2020-05-27 08:32:53 - [TEST_STEP][PASSED] - testObjects.add(objectSubFolder + fileNames[i]): null

2020-05-27 08:32:53 - [TEST_STEP][PASSED] - for (String obj : testObjects): Object 'Object Repository/Web RoomMe.id\RoomMe.id Landlord Page\Textfield Phone Number' is visible

2020-05-27 08:32:53 - [TEST_STEP][PASSED] - verifyElementVisible(findTestObject(obj)): Object 'Object Repository/Web RoomMe.id\RoomMe.id Landlord Page\Button Submit' is visible

2020-05-27 08:32:54 - [MESSAGE][PASSED] - Object 'Object Repository/Web RoomMe.id\RoomMe.id Landlord Page\Button Submit' is visible

2020-05-27 08:32:54 - [TEST_STEP][PASSED] - verifyElementVisible(findTestObject(obj)): Object 'Object Repository/Web RoomMe.id\RoomMe.id Landlord Page\Image Landlord' is visible

2020-05-27 08:32:54 - [MESSAGE][PASSED] - Object 'Object Repository/Web RoomMe.id\RoomMe.id Landlord Page\Image Landlord' is visible

2020-05-27 08:32:54 - [TEST_STEP][PASSED] - verifyElementVisible(findTestObject(obj)): Object 'Object Repository/Web RoomMe.id\RoomMe.id Landlord Page\Text 4 Easy Steps to Become Landlord' is visible

2020-05-27 08:32:54 - [MESSAGE][PASSED] - Object 'Object Repository/Web RoomMe.id\RoomMe.id Landlord Page\Text 4 Easy Steps to Become Landlord' is visible

2020-05-27 08:32:54 - [TEST_STEP][PASSED] - verifyElementVisible(findTestObject(obj)): Object 'Object Repository/Web RoomMe.id\RoomMe.id Landlord Page\Text Complete all the necessary document' is visible

2020-05-27 08:32:55 - [MESSAGE][PASSED] - Object 'Object Repository/Web RoomMe.id\RoomMe.id Landlord Page\Text Complete all the necessary document' is visible

2020-05-27 08:32:55 - [TEST_STEP][PASSED] - verifyElementVisible(findTestObject(obj)): Object 'Object Repository/Web RoomMe.id\RoomMe.id Landlord Page\Text Contract Agreement' is visible

2020-05-27 08:32:56 - [MESSAGE][PASSED] - Object 'Object Repository/Web RoomMe.id\RoomMe.id Landlord Page\Text Contract Agreement' is visible

2020-05-27 08:32:56 - [TEST_STEP][PASSED] - verifyElementVisible(findTestObject(obj)): Object 'Object Repository/Web RoomMe.id\RoomMe.id Landlord Page\Text Fill Out Our Form' is visible

2020-05-27 08:32:56 - [MESSAGE][PASSED] - Object 'Object Repository/Web RoomMe.id\RoomMe.id Landlord Page\Text Fill Out Our Form' is visible

2020-05-27 08:32:56 - [TEST_STEP][PASSED] - verifyElementVisible(findTestObject(obj)): Object 'Object Repository/Web RoomMe.id\RoomMe.id Landlord Page\Text Get Promoted' is visible

2020-05-27 08:32:56 - [MESSAGE][PASSED] - Object 'Object Repository/Web RoomMe.id\RoomMe.id Landlord Page\Text Get Promoted' is visible

2020-05-27 08:32:56 - [TEST_STEP][PASSED] - verifyElementVisible(findTestObject(obj)): Object 'Object Repository/Web RoomMe.id\RoomMe.id Landlord Page\Text List your property at RoomMe' is visible

2020-05-27 08:32:57 - [MESSAGE][PASSED] - Object 'Object Repository/Web RoomMe.id\RoomMe.id Landlord Page\Text List your property at RoomMe' is visible

2020-05-27 08:32:57 - [TEST_STEP][PASSED] - verifyElementVisible(findTestObject(obj)): Object 'Object Repository/Web RoomMe.id\RoomMe.id Landlord Page\Text Our staff will be in touch with you and schedule a site visit' is visible

2020-05-27 08:32:57 - [MESSAGE][PASSED] - Object 'Object Repository/Web RoomMe.id\RoomMe.id Landlord Page\Text Our staff will be in touch with you and schedule a site visit' is visible

2020-05-27 08:32:57 - [TEST_STEP][PASSED] - verifyElementVisible(findTestObject(obj)): Object 'Object Repository/Web RoomMe.id\RoomMe.id Landlord Page\Text Please share your contact info and we will share the details' is visible

2020-05-27 08:32:57 - [MESSAGE][PASSED] - Object 'Object Repository/Web RoomMe.id\RoomMe.id Landlord Page\Text Please share your contact info and we will share the details' is visible

2020-05-27 08:32:57 - [TEST_STEP][PASSED] - verifyElementVisible(findTestObject(obj)): Object 'Object Repository/Web RoomMe.id\RoomMe.id Landlord Page\Text Register Your Unit' is visible

2020-05-27 08:32:58 - [MESSAGE][PASSED] - Object 'Object Repository/Web RoomMe.id\RoomMe.id Landlord Page\Text Register Your Unit' is visible

2020-05-27 08:32:58 - [TEST_STEP][PASSED] - verifyElementVisible(findTestObject(obj)): Object 'Object Repository/Web RoomMe.id\RoomMe.id Landlord Page\Text Sit back Relax and Get Popular' is visible

2020-05-27 08:32:58 - [MESSAGE][PASSED] - Object 'Object Repository/Web RoomMe.id\RoomMe.id Landlord Page\Text Sit back Relax and Get Popular' is visible

2020-05-27 08:32:58 - [TEST_STEP][PASSED] - verifyElementVisible(findTestObject(obj)): Object 'Object Repository/Web RoomMe.id\RoomMe.id Landlord Page\Text Wait For Visit' is visible

2020-05-27 08:32:58 - [MESSAGE][PASSED] - Object 'Object Repository/Web RoomMe.id\RoomMe.id Landlord Page\Text Wait For Visit' is visible

2020-05-27 08:32:58 - [TEST_STEP][PASSED] - verifyElementVisible(findTestObject(obj)): Object 'Object Repository/Web RoomMe.id\RoomMe.id Landlord Page\Textfield Name' is visible

2020-05-27 08:32:59 - [MESSAGE][PASSED] - Object 'Object Repository/Web RoomMe.id\RoomMe.id Landlord Page\Textfield Name' is visible

2020-05-27 08:32:59 - [TEST_STEP][PASSED] - verifyElementVisible(findTestObject(obj)): Object 'Object Repository/Web RoomMe.id\RoomMe.id Landlord Page\Textfield Phone Number' is visible

2020-05-27 08:32:59 - [MESSAGE][PASSED] - Object 'Object Repository/Web RoomMe.id\RoomMe.id Landlord Page\Textfield Phone Number' is visible

2020-05-27 08:32:59 - [MESSAGE][PASSED] - Call Test Case 'Test Cases/Web RoomMe.id/7. Landlord/Verify Landlord Page' successfully]]></system-out>
         <system-err><![CDATA[]]></system-err>
      </testcase>
      <testcase name="Test Cases/Web RoomMe.id/7. Landlord/2. Customer Access Landlord Page From Homepage Section" time="18.284" classname="Test Cases/Web RoomMe.id/7. Landlord/2. Customer Access Landlord Page From Homepage Section" status="PASSED">
         <system-out><![CDATA[2020-05-27 08:32:59 - [TEST_CASE][PASSED] - Test Cases/Web RoomMe.id/7. Landlord/2. Customer Access Landlord Page From Homepage Section: Test Cases/Web RoomMe.id/7. Landlord/2. Customer Access Landlord Page From Homepage Section

2020-05-27 08:32:59 - [TEST_STEP][PASSED] - callTestCase(findTestCase("Web RoomMe.id/1. Homepage/1. Customer Access RoomMe Page"), [:], STOP_ON_FAILURE): Call Test Case 'Test Cases/Web RoomMe.id/1. Homepage/1. Customer Access RoomMe Page' successfully

2020-05-27 08:32:59 - [TEST_CASE][PASSED] - Test Cases/Web RoomMe.id/1. Homepage/1. Customer Access RoomMe Page: Test Cases/Web RoomMe.id/1. Homepage/1. Customer Access RoomMe Page

2020-05-27 08:32:59 - [TEST_STEP][PASSED] - openBrowser(url): Browser is opened with url: 'roomme.id'

2020-05-27 08:32:59 - [MESSAGE][WARNING] - A browser is already opened. Closing browser and opening a new one

2020-05-27 08:33:00 - [MESSAGE][INFO] - Starting 'Chrome' driver

2020-05-27 08:33:06 - [MESSAGE][PASSED] - Browser is opened with url: 'roomme.id'

2020-05-27 08:33:06 - [TEST_STEP][PASSED] - maximizeWindow(): Current window maximized

2020-05-27 08:33:08 - [MESSAGE][PASSED] - Current window maximized

2020-05-27 08:33:08 - [TEST_STEP][PASSED] - waitForPageLoad(0): Wait for page load successfully

2020-05-27 08:33:08 - [MESSAGE][WARNING] - Timeout '0' is invalid. Using default page load timeout: '60'

2020-05-27 08:33:09 - [MESSAGE][PASSED] - Wait for page load successfully

2020-05-27 08:33:09 - [MESSAGE][PASSED] - Call Test Case 'Test Cases/Web RoomMe.id/1. Homepage/1. Customer Access RoomMe Page' successfully

2020-05-27 08:33:09 - [TEST_STEP][PASSED] - waitForElementVisible(findTestObject("Web RoomMe.id/RoomMe.id Homepage/Button Get Started"), 30): Object 'Object Repository/Web RoomMe.id/RoomMe.id Homepage/Button Get Started' is visible

2020-05-27 08:33:09 - [MESSAGE][PASSED] - Object 'Object Repository/Web RoomMe.id/RoomMe.id Homepage/Button Get Started' is visible

2020-05-27 08:33:09 - [TEST_STEP][PASSED] - click(findTestObject("Web RoomMe.id/RoomMe.id Homepage/Button Get Started")): Object: 'Object Repository/Web RoomMe.id/RoomMe.id Homepage/Button Get Started' is clicked on

2020-05-27 08:33:11 - [MESSAGE][PASSED] - Object: 'Object Repository/Web RoomMe.id/RoomMe.id Homepage/Button Get Started' is clicked on

2020-05-27 08:33:11 - [TEST_STEP][PASSED] - waitForPageLoad(0): Wait for page load successfully

2020-05-27 08:33:11 - [MESSAGE][WARNING] - Timeout '0' is invalid. Using default page load timeout: '60'

2020-05-27 08:33:11 - [MESSAGE][PASSED] - Wait for page load successfully

2020-05-27 08:33:11 - [TEST_STEP][PASSED] - waitForElementVisible(findTestObject("Web RoomMe.id/RoomMe.id Landlord Page/Image Landlord"), 30): Object 'Object Repository/Web RoomMe.id/RoomMe.id Landlord Page/Image Landlord' is visible

2020-05-27 08:33:12 - [MESSAGE][PASSED] - Object 'Object Repository/Web RoomMe.id/RoomMe.id Landlord Page/Image Landlord' is visible

2020-05-27 08:33:12 - [TEST_STEP][PASSED] - callTestCase(findTestCase("Web RoomMe.id/7. Landlord/Verify Landlord Page"), [:], STOP_ON_FAILURE): Call Test Case 'Test Cases/Web RoomMe.id/7. Landlord/Verify Landlord Page' successfully

2020-05-27 08:33:12 - [TEST_CASE][PASSED] - Test Cases/Web RoomMe.id/7. Landlord/Verify Landlord Page: Test Cases/Web RoomMe.id/7. Landlord/Verify Landlord Page

2020-05-27 08:33:12 - [TEST_STEP][PASSED] - objectSubFolder = "Web RoomMe.id\RoomMe.id Landlord Page\": null

2020-05-27 08:33:12 - [TEST_STEP][PASSED] - pathToObjRep = getProjectDir() + "\Object Repository\" + objectSubFolder: null

2020-05-27 08:33:12 - [TEST_STEP][PASSED] - yourObjects = new java.io.File(pathToObjRep): null

2020-05-27 08:33:12 - [TEST_STEP][PASSED] - fileNames = yourObjects.list(): null

2020-05-27 08:33:12 - [TEST_STEP][PASSED] - testObjects = new java.util.ArrayList(): null

2020-05-27 08:33:12 - [TEST_STEP][PASSED] - for ([i = 0, i < length, (i++)]): null

2020-05-27 08:33:12 - [TEST_STEP][PASSED] - if (fileNames[i].contains(".rs")): null

2020-05-27 08:33:12 - [TEST_STEP][PASSED] - if (fileNames[i].contains(".rs")): null

2020-05-27 08:33:12 - [TEST_STEP][PASSED] - fileNames[i] = fileNames[i].replace(".rs", ""): null

2020-05-27 08:33:12 - [TEST_STEP][PASSED] - testObjects.add(objectSubFolder + fileNames[i]): null

2020-05-27 08:33:12 - [TEST_STEP][PASSED] - if (fileNames[i].contains(".rs")): null

2020-05-27 08:33:12 - [TEST_STEP][PASSED] - if (fileNames[i].contains(".rs")): null

2020-05-27 08:33:12 - [TEST_STEP][PASSED] - fileNames[i] = fileNames[i].replace(".rs", ""): null

2020-05-27 08:33:12 - [TEST_STEP][PASSED] - testObjects.add(objectSubFolder + fileNames[i]): null

2020-05-27 08:33:12 - [TEST_STEP][PASSED] - if (fileNames[i].contains(".rs")): null

2020-05-27 08:33:12 - [TEST_STEP][PASSED] - if (fileNames[i].contains(".rs")): null

2020-05-27 08:33:12 - [TEST_STEP][PASSED] - fileNames[i] = fileNames[i].replace(".rs", ""): null

2020-05-27 08:33:12 - [TEST_STEP][PASSED] - testObjects.add(objectSubFolder + fileNames[i]): null

2020-05-27 08:33:12 - [TEST_STEP][PASSED] - if (fileNames[i].contains(".rs")): null

2020-05-27 08:33:12 - [TEST_STEP][PASSED] - fileNames[i] = fileNames[i].replace(".rs", ""): null

2020-05-27 08:33:12 - [TEST_STEP][PASSED] - testObjects.add(objectSubFolder + fileNames[i]): null

2020-05-27 08:33:12 - [TEST_STEP][PASSED] - if (fileNames[i].contains(".rs")): null

2020-05-27 08:33:12 - [TEST_STEP][PASSED] - fileNames[i] = fileNames[i].replace(".rs", ""): null

2020-05-27 08:33:12 - [TEST_STEP][PASSED] - testObjects.add(objectSubFolder + fileNames[i]): null

2020-05-27 08:33:12 - [TEST_STEP][PASSED] - if (fileNames[i].contains(".rs")): null

2020-05-27 08:33:12 - [TEST_STEP][PASSED] - fileNames[i] = fileNames[i].replace(".rs", ""): null

2020-05-27 08:33:12 - [TEST_STEP][PASSED] - testObjects.add(objectSubFolder + fileNames[i]): null

2020-05-27 08:33:12 - [TEST_STEP][PASSED] - if (fileNames[i].contains(".rs")): null

2020-05-27 08:33:12 - [TEST_STEP][PASSED] - fileNames[i] = fileNames[i].replace(".rs", ""): null

2020-05-27 08:33:12 - [TEST_STEP][PASSED] - testObjects.add(objectSubFolder + fileNames[i]): null

2020-05-27 08:33:12 - [TEST_STEP][PASSED] - if (fileNames[i].contains(".rs")): null

2020-05-27 08:33:12 - [TEST_STEP][PASSED] - fileNames[i] = fileNames[i].replace(".rs", ""): null

2020-05-27 08:33:12 - [TEST_STEP][PASSED] - testObjects.add(objectSubFolder + fileNames[i]): null

2020-05-27 08:33:12 - [TEST_STEP][PASSED] - if (fileNames[i].contains(".rs")): null

2020-05-27 08:33:12 - [TEST_STEP][PASSED] - fileNames[i] = fileNames[i].replace(".rs", ""): null

2020-05-27 08:33:12 - [TEST_STEP][PASSED] - testObjects.add(objectSubFolder + fileNames[i]): null

2020-05-27 08:33:12 - [TEST_STEP][PASSED] - if (fileNames[i].contains(".rs")): null

2020-05-27 08:33:12 - [TEST_STEP][PASSED] - fileNames[i] = fileNames[i].replace(".rs", ""): null

2020-05-27 08:33:12 - [TEST_STEP][PASSED] - testObjects.add(objectSubFolder + fileNames[i]): null

2020-05-27 08:33:12 - [TEST_STEP][PASSED] - if (fileNames[i].contains(".rs")): null

2020-05-27 08:33:12 - [TEST_STEP][PASSED] - fileNames[i] = fileNames[i].replace(".rs", ""): null

2020-05-27 08:33:12 - [TEST_STEP][PASSED] - testObjects.add(objectSubFolder + fileNames[i]): null

2020-05-27 08:33:12 - [TEST_STEP][PASSED] - if (fileNames[i].contains(".rs")): null

2020-05-27 08:33:12 - [TEST_STEP][PASSED] - fileNames[i] = fileNames[i].replace(".rs", ""): null

2020-05-27 08:33:12 - [TEST_STEP][PASSED] - testObjects.add(objectSubFolder + fileNames[i]): null

2020-05-27 08:33:12 - [TEST_STEP][PASSED] - if (fileNames[i].contains(".rs")): null

2020-05-27 08:33:12 - [TEST_STEP][PASSED] - fileNames[i] = fileNames[i].replace(".rs", ""): null

2020-05-27 08:33:12 - [TEST_STEP][PASSED] - testObjects.add(objectSubFolder + fileNames[i]): null

2020-05-27 08:33:12 - [TEST_STEP][PASSED] - if (fileNames[i].contains(".rs")): null

2020-05-27 08:33:12 - [TEST_STEP][PASSED] - fileNames[i] = fileNames[i].replace(".rs", ""): null

2020-05-27 08:33:12 - [TEST_STEP][PASSED] - testObjects.add(objectSubFolder + fileNames[i]): null

2020-05-27 08:33:12 - [TEST_STEP][PASSED] - if (fileNames[i].contains(".rs")): null

2020-05-27 08:33:12 - [TEST_STEP][PASSED] - fileNames[i] = fileNames[i].replace(".rs", ""): null

2020-05-27 08:33:12 - [TEST_STEP][PASSED] - testObjects.add(objectSubFolder + fileNames[i]): null

2020-05-27 08:33:12 - [TEST_STEP][PASSED] - for (String obj : testObjects): Object 'Object Repository/Web RoomMe.id\RoomMe.id Landlord Page\Textfield Phone Number' is visible

2020-05-27 08:33:12 - [TEST_STEP][PASSED] - verifyElementVisible(findTestObject(obj)): Object 'Object Repository/Web RoomMe.id\RoomMe.id Landlord Page\Button Submit' is visible

2020-05-27 08:33:12 - [MESSAGE][PASSED] - Object 'Object Repository/Web RoomMe.id\RoomMe.id Landlord Page\Button Submit' is visible

2020-05-27 08:33:12 - [TEST_STEP][PASSED] - verifyElementVisible(findTestObject(obj)): Object 'Object Repository/Web RoomMe.id\RoomMe.id Landlord Page\Image Landlord' is visible

2020-05-27 08:33:12 - [MESSAGE][PASSED] - Object 'Object Repository/Web RoomMe.id\RoomMe.id Landlord Page\Image Landlord' is visible

2020-05-27 08:33:12 - [TEST_STEP][PASSED] - verifyElementVisible(findTestObject(obj)): Object 'Object Repository/Web RoomMe.id\RoomMe.id Landlord Page\Text 4 Easy Steps to Become Landlord' is visible

2020-05-27 08:33:13 - [MESSAGE][PASSED] - Object 'Object Repository/Web RoomMe.id\RoomMe.id Landlord Page\Text 4 Easy Steps to Become Landlord' is visible

2020-05-27 08:33:13 - [TEST_STEP][PASSED] - verifyElementVisible(findTestObject(obj)): Object 'Object Repository/Web RoomMe.id\RoomMe.id Landlord Page\Text Complete all the necessary document' is visible

2020-05-27 08:33:13 - [MESSAGE][PASSED] - Object 'Object Repository/Web RoomMe.id\RoomMe.id Landlord Page\Text Complete all the necessary document' is visible

2020-05-27 08:33:13 - [TEST_STEP][PASSED] - verifyElementVisible(findTestObject(obj)): Object 'Object Repository/Web RoomMe.id\RoomMe.id Landlord Page\Text Contract Agreement' is visible

2020-05-27 08:33:13 - [MESSAGE][PASSED] - Object 'Object Repository/Web RoomMe.id\RoomMe.id Landlord Page\Text Contract Agreement' is visible

2020-05-27 08:33:13 - [TEST_STEP][PASSED] - verifyElementVisible(findTestObject(obj)): Object 'Object Repository/Web RoomMe.id\RoomMe.id Landlord Page\Text Fill Out Our Form' is visible

2020-05-27 08:33:14 - [MESSAGE][PASSED] - Object 'Object Repository/Web RoomMe.id\RoomMe.id Landlord Page\Text Fill Out Our Form' is visible

2020-05-27 08:33:14 - [TEST_STEP][PASSED] - verifyElementVisible(findTestObject(obj)): Object 'Object Repository/Web RoomMe.id\RoomMe.id Landlord Page\Text Get Promoted' is visible

2020-05-27 08:33:15 - [MESSAGE][PASSED] - Object 'Object Repository/Web RoomMe.id\RoomMe.id Landlord Page\Text Get Promoted' is visible

2020-05-27 08:33:15 - [TEST_STEP][PASSED] - verifyElementVisible(findTestObject(obj)): Object 'Object Repository/Web RoomMe.id\RoomMe.id Landlord Page\Text List your property at RoomMe' is visible

2020-05-27 08:33:15 - [MESSAGE][PASSED] - Object 'Object Repository/Web RoomMe.id\RoomMe.id Landlord Page\Text List your property at RoomMe' is visible

2020-05-27 08:33:15 - [TEST_STEP][PASSED] - verifyElementVisible(findTestObject(obj)): Object 'Object Repository/Web RoomMe.id\RoomMe.id Landlord Page\Text Our staff will be in touch with you and schedule a site visit' is visible

2020-05-27 08:33:15 - [MESSAGE][PASSED] - Object 'Object Repository/Web RoomMe.id\RoomMe.id Landlord Page\Text Our staff will be in touch with you and schedule a site visit' is visible

2020-05-27 08:33:15 - [TEST_STEP][PASSED] - verifyElementVisible(findTestObject(obj)): Object 'Object Repository/Web RoomMe.id\RoomMe.id Landlord Page\Text Please share your contact info and we will share the details' is visible

2020-05-27 08:33:16 - [MESSAGE][PASSED] - Object 'Object Repository/Web RoomMe.id\RoomMe.id Landlord Page\Text Please share your contact info and we will share the details' is visible

2020-05-27 08:33:16 - [TEST_STEP][PASSED] - verifyElementVisible(findTestObject(obj)): Object 'Object Repository/Web RoomMe.id\RoomMe.id Landlord Page\Text Register Your Unit' is visible

2020-05-27 08:33:16 - [MESSAGE][PASSED] - Object 'Object Repository/Web RoomMe.id\RoomMe.id Landlord Page\Text Register Your Unit' is visible

2020-05-27 08:33:16 - [TEST_STEP][PASSED] - verifyElementVisible(findTestObject(obj)): Object 'Object Repository/Web RoomMe.id\RoomMe.id Landlord Page\Text Sit back Relax and Get Popular' is visible

2020-05-27 08:33:16 - [MESSAGE][PASSED] - Object 'Object Repository/Web RoomMe.id\RoomMe.id Landlord Page\Text Sit back Relax and Get Popular' is visible

2020-05-27 08:33:16 - [TEST_STEP][PASSED] - verifyElementVisible(findTestObject(obj)): Object 'Object Repository/Web RoomMe.id\RoomMe.id Landlord Page\Text Wait For Visit' is visible

2020-05-27 08:33:17 - [MESSAGE][PASSED] - Object 'Object Repository/Web RoomMe.id\RoomMe.id Landlord Page\Text Wait For Visit' is visible

2020-05-27 08:33:17 - [TEST_STEP][PASSED] - verifyElementVisible(findTestObject(obj)): Object 'Object Repository/Web RoomMe.id\RoomMe.id Landlord Page\Textfield Name' is visible

2020-05-27 08:33:17 - [MESSAGE][PASSED] - Object 'Object Repository/Web RoomMe.id\RoomMe.id Landlord Page\Textfield Name' is visible

2020-05-27 08:33:17 - [TEST_STEP][PASSED] - verifyElementVisible(findTestObject(obj)): Object 'Object Repository/Web RoomMe.id\RoomMe.id Landlord Page\Textfield Phone Number' is visible

2020-05-27 08:33:17 - [MESSAGE][PASSED] - Object 'Object Repository/Web RoomMe.id\RoomMe.id Landlord Page\Textfield Phone Number' is visible

2020-05-27 08:33:17 - [MESSAGE][PASSED] - Call Test Case 'Test Cases/Web RoomMe.id/7. Landlord/Verify Landlord Page' successfully]]></system-out>
         <system-err><![CDATA[]]></system-err>
      </testcase>
      <testcase name="Test Cases/Web RoomMe.id/7. Landlord/3. Customer Submit Contact With Valid Data" time="26.49" classname="Test Cases/Web RoomMe.id/7. Landlord/3. Customer Submit Contact With Valid Data" status="PASSED">
         <system-out><![CDATA[2020-05-27 08:33:17 - [TEST_CASE][PASSED] - Test Cases/Web RoomMe.id/7. Landlord/3. Customer Submit Contact With Valid Data: Test Cases/Web RoomMe.id/7. Landlord/3. Customer Submit Contact With Valid Data

2020-05-27 08:33:17 - [TEST_STEP][PASSED] - callTestCase(findTestCase("Web RoomMe.id/7. Landlord/1. Customer Access Landlord Page From Header"), [:], STOP_ON_FAILURE): Call Test Case 'Test Cases/Web RoomMe.id/7. Landlord/1. Customer Access Landlord Page From Header' successfully

2020-05-27 08:33:17 - [TEST_CASE][PASSED] - Test Cases/Web RoomMe.id/7. Landlord/1. Customer Access Landlord Page From Header: Test Cases/Web RoomMe.id/7. Landlord/1. Customer Access Landlord Page From Header

2020-05-27 08:33:17 - [TEST_STEP][PASSED] - callTestCase(findTestCase("Web RoomMe.id/1. Homepage/1. Customer Access RoomMe Page"), [:], STOP_ON_FAILURE): Call Test Case 'Test Cases/Web RoomMe.id/1. Homepage/1. Customer Access RoomMe Page' successfully

2020-05-27 08:33:18 - [TEST_CASE][PASSED] - Test Cases/Web RoomMe.id/1. Homepage/1. Customer Access RoomMe Page: Test Cases/Web RoomMe.id/1. Homepage/1. Customer Access RoomMe Page

2020-05-27 08:33:18 - [TEST_STEP][PASSED] - openBrowser(url): Browser is opened with url: 'roomme.id'

2020-05-27 08:33:18 - [MESSAGE][WARNING] - A browser is already opened. Closing browser and opening a new one

2020-05-27 08:33:18 - [MESSAGE][INFO] - Starting 'Chrome' driver

2020-05-27 08:33:28 - [MESSAGE][PASSED] - Browser is opened with url: 'roomme.id'

2020-05-27 08:33:28 - [TEST_STEP][PASSED] - maximizeWindow(): Current window maximized

2020-05-27 08:33:30 - [MESSAGE][PASSED] - Current window maximized

2020-05-27 08:33:30 - [TEST_STEP][PASSED] - waitForPageLoad(0): Wait for page load successfully

2020-05-27 08:33:30 - [MESSAGE][WARNING] - Timeout '0' is invalid. Using default page load timeout: '60'

2020-05-27 08:33:31 - [MESSAGE][PASSED] - Wait for page load successfully

2020-05-27 08:33:31 - [MESSAGE][PASSED] - Call Test Case 'Test Cases/Web RoomMe.id/1. Homepage/1. Customer Access RoomMe Page' successfully

2020-05-27 08:33:31 - [TEST_STEP][PASSED] - waitForElementVisible(findTestObject("Web RoomMe.id/RoomMe.id Header/Button Are You Landlord"), 30): Object 'Object Repository/Web RoomMe.id/RoomMe.id Header/Button Are You Landlord' is visible

2020-05-27 08:33:32 - [MESSAGE][PASSED] - Object 'Object Repository/Web RoomMe.id/RoomMe.id Header/Button Are You Landlord' is visible

2020-05-27 08:33:32 - [TEST_STEP][PASSED] - click(findTestObject("Web RoomMe.id/RoomMe.id Header/Button Are You Landlord")): Object: 'Object Repository/Web RoomMe.id/RoomMe.id Header/Button Are You Landlord' is clicked on

2020-05-27 08:33:34 - [MESSAGE][PASSED] - Object: 'Object Repository/Web RoomMe.id/RoomMe.id Header/Button Are You Landlord' is clicked on

2020-05-27 08:33:34 - [TEST_STEP][PASSED] - waitForPageLoad(0): Wait for page load successfully

2020-05-27 08:33:34 - [MESSAGE][WARNING] - Timeout '0' is invalid. Using default page load timeout: '60'

2020-05-27 08:33:35 - [MESSAGE][PASSED] - Wait for page load successfully

2020-05-27 08:33:35 - [TEST_STEP][PASSED] - waitForElementVisible(findTestObject("Web RoomMe.id/RoomMe.id Landlord Page/Image Landlord"), 30): Object 'Object Repository/Web RoomMe.id/RoomMe.id Landlord Page/Image Landlord' is visible

2020-05-27 08:33:35 - [MESSAGE][PASSED] - Object 'Object Repository/Web RoomMe.id/RoomMe.id Landlord Page/Image Landlord' is visible

2020-05-27 08:33:35 - [TEST_STEP][PASSED] - callTestCase(findTestCase("Web RoomMe.id/7. Landlord/Verify Landlord Page"), [:], STOP_ON_FAILURE): Call Test Case 'Test Cases/Web RoomMe.id/7. Landlord/Verify Landlord Page' successfully

2020-05-27 08:33:35 - [TEST_CASE][PASSED] - Test Cases/Web RoomMe.id/7. Landlord/Verify Landlord Page: Test Cases/Web RoomMe.id/7. Landlord/Verify Landlord Page

2020-05-27 08:33:35 - [TEST_STEP][PASSED] - objectSubFolder = "Web RoomMe.id\RoomMe.id Landlord Page\": null

2020-05-27 08:33:35 - [TEST_STEP][PASSED] - pathToObjRep = getProjectDir() + "\Object Repository\" + objectSubFolder: null

2020-05-27 08:33:35 - [TEST_STEP][PASSED] - yourObjects = new java.io.File(pathToObjRep): null

2020-05-27 08:33:35 - [TEST_STEP][PASSED] - fileNames = yourObjects.list(): null

2020-05-27 08:33:35 - [TEST_STEP][PASSED] - testObjects = new java.util.ArrayList(): null

2020-05-27 08:33:35 - [TEST_STEP][PASSED] - for ([i = 0, i < length, (i++)]): null

2020-05-27 08:33:35 - [TEST_STEP][PASSED] - if (fileNames[i].contains(".rs")): null

2020-05-27 08:33:35 - [TEST_STEP][PASSED] - if (fileNames[i].contains(".rs")): null

2020-05-27 08:33:35 - [TEST_STEP][PASSED] - fileNames[i] = fileNames[i].replace(".rs", ""): null

2020-05-27 08:33:35 - [TEST_STEP][PASSED] - testObjects.add(objectSubFolder + fileNames[i]): null

2020-05-27 08:33:35 - [TEST_STEP][PASSED] - if (fileNames[i].contains(".rs")): null

2020-05-27 08:33:35 - [TEST_STEP][PASSED] - if (fileNames[i].contains(".rs")): null

2020-05-27 08:33:35 - [TEST_STEP][PASSED] - fileNames[i] = fileNames[i].replace(".rs", ""): null

2020-05-27 08:33:35 - [TEST_STEP][PASSED] - testObjects.add(objectSubFolder + fileNames[i]): null

2020-05-27 08:33:35 - [TEST_STEP][PASSED] - if (fileNames[i].contains(".rs")): null

2020-05-27 08:33:35 - [TEST_STEP][PASSED] - if (fileNames[i].contains(".rs")): null

2020-05-27 08:33:35 - [TEST_STEP][PASSED] - fileNames[i] = fileNames[i].replace(".rs", ""): null

2020-05-27 08:33:35 - [TEST_STEP][PASSED] - testObjects.add(objectSubFolder + fileNames[i]): null

2020-05-27 08:33:35 - [TEST_STEP][PASSED] - if (fileNames[i].contains(".rs")): null

2020-05-27 08:33:35 - [TEST_STEP][PASSED] - fileNames[i] = fileNames[i].replace(".rs", ""): null

2020-05-27 08:33:35 - [TEST_STEP][PASSED] - testObjects.add(objectSubFolder + fileNames[i]): null

2020-05-27 08:33:35 - [TEST_STEP][PASSED] - if (fileNames[i].contains(".rs")): null

2020-05-27 08:33:35 - [TEST_STEP][PASSED] - fileNames[i] = fileNames[i].replace(".rs", ""): null

2020-05-27 08:33:35 - [TEST_STEP][PASSED] - testObjects.add(objectSubFolder + fileNames[i]): null

2020-05-27 08:33:35 - [TEST_STEP][PASSED] - if (fileNames[i].contains(".rs")): null

2020-05-27 08:33:35 - [TEST_STEP][PASSED] - fileNames[i] = fileNames[i].replace(".rs", ""): null

2020-05-27 08:33:35 - [TEST_STEP][PASSED] - testObjects.add(objectSubFolder + fileNames[i]): null

2020-05-27 08:33:35 - [TEST_STEP][PASSED] - if (fileNames[i].contains(".rs")): null

2020-05-27 08:33:35 - [TEST_STEP][PASSED] - fileNames[i] = fileNames[i].replace(".rs", ""): null

2020-05-27 08:33:35 - [TEST_STEP][PASSED] - testObjects.add(objectSubFolder + fileNames[i]): null

2020-05-27 08:33:35 - [TEST_STEP][PASSED] - if (fileNames[i].contains(".rs")): null

2020-05-27 08:33:35 - [TEST_STEP][PASSED] - fileNames[i] = fileNames[i].replace(".rs", ""): null

2020-05-27 08:33:35 - [TEST_STEP][PASSED] - testObjects.add(objectSubFolder + fileNames[i]): null

2020-05-27 08:33:35 - [TEST_STEP][PASSED] - if (fileNames[i].contains(".rs")): null

2020-05-27 08:33:35 - [TEST_STEP][PASSED] - fileNames[i] = fileNames[i].replace(".rs", ""): null

2020-05-27 08:33:35 - [TEST_STEP][PASSED] - testObjects.add(objectSubFolder + fileNames[i]): null

2020-05-27 08:33:35 - [TEST_STEP][PASSED] - if (fileNames[i].contains(".rs")): null

2020-05-27 08:33:35 - [TEST_STEP][PASSED] - fileNames[i] = fileNames[i].replace(".rs", ""): null

2020-05-27 08:33:35 - [TEST_STEP][PASSED] - testObjects.add(objectSubFolder + fileNames[i]): null

2020-05-27 08:33:35 - [TEST_STEP][PASSED] - if (fileNames[i].contains(".rs")): null

2020-05-27 08:33:35 - [TEST_STEP][PASSED] - fileNames[i] = fileNames[i].replace(".rs", ""): null

2020-05-27 08:33:35 - [TEST_STEP][PASSED] - testObjects.add(objectSubFolder + fileNames[i]): null

2020-05-27 08:33:35 - [TEST_STEP][PASSED] - if (fileNames[i].contains(".rs")): null

2020-05-27 08:33:35 - [TEST_STEP][PASSED] - fileNames[i] = fileNames[i].replace(".rs", ""): null

2020-05-27 08:33:35 - [TEST_STEP][PASSED] - testObjects.add(objectSubFolder + fileNames[i]): null

2020-05-27 08:33:35 - [TEST_STEP][PASSED] - if (fileNames[i].contains(".rs")): null

2020-05-27 08:33:35 - [TEST_STEP][PASSED] - fileNames[i] = fileNames[i].replace(".rs", ""): null

2020-05-27 08:33:35 - [TEST_STEP][PASSED] - testObjects.add(objectSubFolder + fileNames[i]): null

2020-05-27 08:33:35 - [TEST_STEP][PASSED] - if (fileNames[i].contains(".rs")): null

2020-05-27 08:33:35 - [TEST_STEP][PASSED] - fileNames[i] = fileNames[i].replace(".rs", ""): null

2020-05-27 08:33:35 - [TEST_STEP][PASSED] - testObjects.add(objectSubFolder + fileNames[i]): null

2020-05-27 08:33:35 - [TEST_STEP][PASSED] - if (fileNames[i].contains(".rs")): null

2020-05-27 08:33:35 - [TEST_STEP][PASSED] - fileNames[i] = fileNames[i].replace(".rs", ""): null

2020-05-27 08:33:35 - [TEST_STEP][PASSED] - testObjects.add(objectSubFolder + fileNames[i]): null

2020-05-27 08:33:35 - [TEST_STEP][PASSED] - for (String obj : testObjects): Object 'Object Repository/Web RoomMe.id\RoomMe.id Landlord Page\Textfield Phone Number' is visible

2020-05-27 08:33:35 - [TEST_STEP][PASSED] - verifyElementVisible(findTestObject(obj)): Object 'Object Repository/Web RoomMe.id\RoomMe.id Landlord Page\Button Submit' is visible

2020-05-27 08:33:36 - [MESSAGE][PASSED] - Object 'Object Repository/Web RoomMe.id\RoomMe.id Landlord Page\Button Submit' is visible

2020-05-27 08:33:36 - [TEST_STEP][PASSED] - verifyElementVisible(findTestObject(obj)): Object 'Object Repository/Web RoomMe.id\RoomMe.id Landlord Page\Image Landlord' is visible

2020-05-27 08:33:36 - [MESSAGE][PASSED] - Object 'Object Repository/Web RoomMe.id\RoomMe.id Landlord Page\Image Landlord' is visible

2020-05-27 08:33:36 - [TEST_STEP][PASSED] - verifyElementVisible(findTestObject(obj)): Object 'Object Repository/Web RoomMe.id\RoomMe.id Landlord Page\Text 4 Easy Steps to Become Landlord' is visible

2020-05-27 08:33:36 - [MESSAGE][PASSED] - Object 'Object Repository/Web RoomMe.id\RoomMe.id Landlord Page\Text 4 Easy Steps to Become Landlord' is visible

2020-05-27 08:33:36 - [TEST_STEP][PASSED] - verifyElementVisible(findTestObject(obj)): Object 'Object Repository/Web RoomMe.id\RoomMe.id Landlord Page\Text Complete all the necessary document' is visible

2020-05-27 08:33:37 - [MESSAGE][PASSED] - Object 'Object Repository/Web RoomMe.id\RoomMe.id Landlord Page\Text Complete all the necessary document' is visible

2020-05-27 08:33:37 - [TEST_STEP][PASSED] - verifyElementVisible(findTestObject(obj)): Object 'Object Repository/Web RoomMe.id\RoomMe.id Landlord Page\Text Contract Agreement' is visible

2020-05-27 08:33:37 - [MESSAGE][PASSED] - Object 'Object Repository/Web RoomMe.id\RoomMe.id Landlord Page\Text Contract Agreement' is visible

2020-05-27 08:33:37 - [TEST_STEP][PASSED] - verifyElementVisible(findTestObject(obj)): Object 'Object Repository/Web RoomMe.id\RoomMe.id Landlord Page\Text Fill Out Our Form' is visible

2020-05-27 08:33:37 - [MESSAGE][PASSED] - Object 'Object Repository/Web RoomMe.id\RoomMe.id Landlord Page\Text Fill Out Our Form' is visible

2020-05-27 08:33:37 - [TEST_STEP][PASSED] - verifyElementVisible(findTestObject(obj)): Object 'Object Repository/Web RoomMe.id\RoomMe.id Landlord Page\Text Get Promoted' is visible

2020-05-27 08:33:38 - [MESSAGE][PASSED] - Object 'Object Repository/Web RoomMe.id\RoomMe.id Landlord Page\Text Get Promoted' is visible

2020-05-27 08:33:38 - [TEST_STEP][PASSED] - verifyElementVisible(findTestObject(obj)): Object 'Object Repository/Web RoomMe.id\RoomMe.id Landlord Page\Text List your property at RoomMe' is visible

2020-05-27 08:33:38 - [MESSAGE][PASSED] - Object 'Object Repository/Web RoomMe.id\RoomMe.id Landlord Page\Text List your property at RoomMe' is visible

2020-05-27 08:33:38 - [TEST_STEP][PASSED] - verifyElementVisible(findTestObject(obj)): Object 'Object Repository/Web RoomMe.id\RoomMe.id Landlord Page\Text Our staff will be in touch with you and schedule a site visit' is visible

2020-05-27 08:33:39 - [MESSAGE][PASSED] - Object 'Object Repository/Web RoomMe.id\RoomMe.id Landlord Page\Text Our staff will be in touch with you and schedule a site visit' is visible

2020-05-27 08:33:39 - [TEST_STEP][PASSED] - verifyElementVisible(findTestObject(obj)): Object 'Object Repository/Web RoomMe.id\RoomMe.id Landlord Page\Text Please share your contact info and we will share the details' is visible

2020-05-27 08:33:39 - [MESSAGE][PASSED] - Object 'Object Repository/Web RoomMe.id\RoomMe.id Landlord Page\Text Please share your contact info and we will share the details' is visible

2020-05-27 08:33:39 - [TEST_STEP][PASSED] - verifyElementVisible(findTestObject(obj)): Object 'Object Repository/Web RoomMe.id\RoomMe.id Landlord Page\Text Register Your Unit' is visible

2020-05-27 08:33:39 - [MESSAGE][PASSED] - Object 'Object Repository/Web RoomMe.id\RoomMe.id Landlord Page\Text Register Your Unit' is visible

2020-05-27 08:33:39 - [TEST_STEP][PASSED] - verifyElementVisible(findTestObject(obj)): Object 'Object Repository/Web RoomMe.id\RoomMe.id Landlord Page\Text Sit back Relax and Get Popular' is visible

2020-05-27 08:33:39 - [MESSAGE][PASSED] - Object 'Object Repository/Web RoomMe.id\RoomMe.id Landlord Page\Text Sit back Relax and Get Popular' is visible

2020-05-27 08:33:39 - [TEST_STEP][PASSED] - verifyElementVisible(findTestObject(obj)): Object 'Object Repository/Web RoomMe.id\RoomMe.id Landlord Page\Text Wait For Visit' is visible

2020-05-27 08:33:40 - [MESSAGE][PASSED] - Object 'Object Repository/Web RoomMe.id\RoomMe.id Landlord Page\Text Wait For Visit' is visible

2020-05-27 08:33:40 - [TEST_STEP][PASSED] - verifyElementVisible(findTestObject(obj)): Object 'Object Repository/Web RoomMe.id\RoomMe.id Landlord Page\Textfield Name' is visible

2020-05-27 08:33:40 - [MESSAGE][PASSED] - Object 'Object Repository/Web RoomMe.id\RoomMe.id Landlord Page\Textfield Name' is visible

2020-05-27 08:33:40 - [TEST_STEP][PASSED] - verifyElementVisible(findTestObject(obj)): Object 'Object Repository/Web RoomMe.id\RoomMe.id Landlord Page\Textfield Phone Number' is visible

2020-05-27 08:33:40 - [MESSAGE][PASSED] - Object 'Object Repository/Web RoomMe.id\RoomMe.id Landlord Page\Textfield Phone Number' is visible

2020-05-27 08:33:40 - [MESSAGE][PASSED] - Call Test Case 'Test Cases/Web RoomMe.id/7. Landlord/Verify Landlord Page' successfully

2020-05-27 08:33:40 - [MESSAGE][PASSED] - Call Test Case 'Test Cases/Web RoomMe.id/7. Landlord/1. Customer Access Landlord Page From Header' successfully

2020-05-27 08:33:40 - [TEST_STEP][PASSED] - waitForElementVisible(findTestObject("Web RoomMe.id/RoomMe.id Landlord Page/Textfield Name"), 0): Object 'Object Repository/Web RoomMe.id/RoomMe.id Landlord Page/Textfield Name' is visible

2020-05-27 08:33:40 - [MESSAGE][WARNING] - Timeout '0' is invalid. Using default page load timeout: '60'

2020-05-27 08:33:41 - [MESSAGE][PASSED] - Object 'Object Repository/Web RoomMe.id/RoomMe.id Landlord Page/Textfield Name' is visible

2020-05-27 08:33:41 - [TEST_STEP][PASSED] - sendKeys(findTestObject("Web RoomMe.id/RoomMe.id Landlord Page/Textfield Name"), "Faldi AT"): Keys 'Faldi AT' sent to object: 'Object Repository/Web RoomMe.id/RoomMe.id Landlord Page/Textfield Name'

2020-05-27 08:33:41 - [MESSAGE][PASSED] - Keys 'Faldi AT' sent to object: 'Object Repository/Web RoomMe.id/RoomMe.id Landlord Page/Textfield Name'

2020-05-27 08:33:41 - [TEST_STEP][PASSED] - waitForElementVisible(findTestObject("Web RoomMe.id/RoomMe.id Landlord Page/Textfield Phone Number"), 0): Object 'Object Repository/Web RoomMe.id/RoomMe.id Landlord Page/Textfield Phone Number' is visible

2020-05-27 08:33:41 - [MESSAGE][WARNING] - Timeout '0' is invalid. Using default page load timeout: '60'

2020-05-27 08:33:42 - [MESSAGE][PASSED] - Object 'Object Repository/Web RoomMe.id/RoomMe.id Landlord Page/Textfield Phone Number' is visible

2020-05-27 08:33:42 - [TEST_STEP][PASSED] - sendKeys(findTestObject("Web RoomMe.id/RoomMe.id Landlord Page/Textfield Phone Number"), "08123456789"): Keys '08123456789' sent to object: 'Object Repository/Web RoomMe.id/RoomMe.id Landlord Page/Textfield Phone Number'

2020-05-27 08:33:42 - [MESSAGE][PASSED] - Keys '08123456789' sent to object: 'Object Repository/Web RoomMe.id/RoomMe.id Landlord Page/Textfield Phone Number'

2020-05-27 08:33:42 - [TEST_STEP][PASSED] - click(findTestObject("Web RoomMe.id/RoomMe.id Landlord Page/Button Submit")): Object: 'Object Repository/Web RoomMe.id/RoomMe.id Landlord Page/Button Submit' is clicked on

2020-05-27 08:33:42 - [MESSAGE][PASSED] - Object: 'Object Repository/Web RoomMe.id/RoomMe.id Landlord Page/Button Submit' is clicked on

2020-05-27 08:33:42 - [TEST_STEP][PASSED] - waitForElementVisible(findTestObject("Web RoomMe.id/RoomMe.id Landlord Page/Success Message/Image Toast Success"), 0): Object 'Object Repository/Web RoomMe.id/RoomMe.id Landlord Page/Success Message/Image Toast Success' is visible

2020-05-27 08:33:42 - [MESSAGE][WARNING] - Timeout '0' is invalid. Using default page load timeout: '60'

2020-05-27 08:33:43 - [MESSAGE][PASSED] - Object 'Object Repository/Web RoomMe.id/RoomMe.id Landlord Page/Success Message/Image Toast Success' is visible

2020-05-27 08:33:43 - [TEST_STEP][PASSED] - waitForElementVisible(findTestObject("Web RoomMe.id/RoomMe.id Landlord Page/Success Message/Text We will contact you through phone call"), 0): Object 'Object Repository/Web RoomMe.id/RoomMe.id Landlord Page/Success Message/Text We will contact you through phone call' is visible

2020-05-27 08:33:43 - [MESSAGE][WARNING] - Timeout '0' is invalid. Using default page load timeout: '60'

2020-05-27 08:33:44 - [MESSAGE][PASSED] - Object 'Object Repository/Web RoomMe.id/RoomMe.id Landlord Page/Success Message/Text We will contact you through phone call' is visible]]></system-out>
         <system-err><![CDATA[]]></system-err>
      </testcase>
      <testcase name="Test Cases/Web RoomMe.id/7. Landlord/4. Input Your Name With Valid Data" time="20.374" classname="Test Cases/Web RoomMe.id/7. Landlord/4. Input Your Name With Valid Data" status="PASSED">
         <system-out><![CDATA[2020-05-27 08:33:44 - [TEST_CASE][PASSED] - Test Cases/Web RoomMe.id/7. Landlord/4. Input Your Name With Valid Data: Test Cases/Web RoomMe.id/7. Landlord/4. Input Your Name With Valid Data

2020-05-27 08:33:44 - [TEST_STEP][PASSED] - callTestCase(findTestCase("Web RoomMe.id/7. Landlord/1. Customer Access Landlord Page From Header"), [:], STOP_ON_FAILURE): Call Test Case 'Test Cases/Web RoomMe.id/7. Landlord/1. Customer Access Landlord Page From Header' successfully

2020-05-27 08:33:44 - [TEST_CASE][PASSED] - Test Cases/Web RoomMe.id/7. Landlord/1. Customer Access Landlord Page From Header: Test Cases/Web RoomMe.id/7. Landlord/1. Customer Access Landlord Page From Header

2020-05-27 08:33:44 - [TEST_STEP][PASSED] - callTestCase(findTestCase("Web RoomMe.id/1. Homepage/1. Customer Access RoomMe Page"), [:], STOP_ON_FAILURE): Call Test Case 'Test Cases/Web RoomMe.id/1. Homepage/1. Customer Access RoomMe Page' successfully

2020-05-27 08:33:44 - [TEST_CASE][PASSED] - Test Cases/Web RoomMe.id/1. Homepage/1. Customer Access RoomMe Page: Test Cases/Web RoomMe.id/1. Homepage/1. Customer Access RoomMe Page

2020-05-27 08:33:44 - [TEST_STEP][PASSED] - openBrowser(url): Browser is opened with url: 'roomme.id'

2020-05-27 08:33:44 - [MESSAGE][WARNING] - A browser is already opened. Closing browser and opening a new one

2020-05-27 08:33:45 - [MESSAGE][INFO] - Starting 'Chrome' driver

2020-05-27 08:33:51 - [MESSAGE][PASSED] - Browser is opened with url: 'roomme.id'

2020-05-27 08:33:51 - [TEST_STEP][PASSED] - maximizeWindow(): Current window maximized

2020-05-27 08:33:53 - [MESSAGE][PASSED] - Current window maximized

2020-05-27 08:33:53 - [TEST_STEP][PASSED] - waitForPageLoad(0): Wait for page load successfully

2020-05-27 08:33:53 - [MESSAGE][WARNING] - Timeout '0' is invalid. Using default page load timeout: '60'

2020-05-27 08:33:53 - [MESSAGE][PASSED] - Wait for page load successfully

2020-05-27 08:33:53 - [MESSAGE][PASSED] - Call Test Case 'Test Cases/Web RoomMe.id/1. Homepage/1. Customer Access RoomMe Page' successfully

2020-05-27 08:33:53 - [TEST_STEP][PASSED] - waitForElementVisible(findTestObject("Web RoomMe.id/RoomMe.id Header/Button Are You Landlord"), 30): Object 'Object Repository/Web RoomMe.id/RoomMe.id Header/Button Are You Landlord' is visible

2020-05-27 08:33:54 - [MESSAGE][PASSED] - Object 'Object Repository/Web RoomMe.id/RoomMe.id Header/Button Are You Landlord' is visible

2020-05-27 08:33:54 - [TEST_STEP][PASSED] - click(findTestObject("Web RoomMe.id/RoomMe.id Header/Button Are You Landlord")): Object: 'Object Repository/Web RoomMe.id/RoomMe.id Header/Button Are You Landlord' is clicked on

2020-05-27 08:33:56 - [MESSAGE][PASSED] - Object: 'Object Repository/Web RoomMe.id/RoomMe.id Header/Button Are You Landlord' is clicked on

2020-05-27 08:33:56 - [TEST_STEP][PASSED] - waitForPageLoad(0): Wait for page load successfully

2020-05-27 08:33:56 - [MESSAGE][WARNING] - Timeout '0' is invalid. Using default page load timeout: '60'

2020-05-27 08:33:56 - [MESSAGE][PASSED] - Wait for page load successfully

2020-05-27 08:33:56 - [TEST_STEP][PASSED] - waitForElementVisible(findTestObject("Web RoomMe.id/RoomMe.id Landlord Page/Image Landlord"), 30): Object 'Object Repository/Web RoomMe.id/RoomMe.id Landlord Page/Image Landlord' is visible

2020-05-27 08:33:57 - [MESSAGE][PASSED] - Object 'Object Repository/Web RoomMe.id/RoomMe.id Landlord Page/Image Landlord' is visible

2020-05-27 08:33:57 - [TEST_STEP][PASSED] - callTestCase(findTestCase("Web RoomMe.id/7. Landlord/Verify Landlord Page"), [:], STOP_ON_FAILURE): Call Test Case 'Test Cases/Web RoomMe.id/7. Landlord/Verify Landlord Page' successfully

2020-05-27 08:33:57 - [TEST_CASE][PASSED] - Test Cases/Web RoomMe.id/7. Landlord/Verify Landlord Page: Test Cases/Web RoomMe.id/7. Landlord/Verify Landlord Page

2020-05-27 08:33:57 - [TEST_STEP][PASSED] - objectSubFolder = "Web RoomMe.id\RoomMe.id Landlord Page\": null

2020-05-27 08:33:57 - [TEST_STEP][PASSED] - pathToObjRep = getProjectDir() + "\Object Repository\" + objectSubFolder: null

2020-05-27 08:33:57 - [TEST_STEP][PASSED] - yourObjects = new java.io.File(pathToObjRep): null

2020-05-27 08:33:57 - [TEST_STEP][PASSED] - fileNames = yourObjects.list(): null

2020-05-27 08:33:57 - [TEST_STEP][PASSED] - testObjects = new java.util.ArrayList(): null

2020-05-27 08:33:57 - [TEST_STEP][PASSED] - for ([i = 0, i < length, (i++)]): null

2020-05-27 08:33:57 - [TEST_STEP][PASSED] - if (fileNames[i].contains(".rs")): null

2020-05-27 08:33:57 - [TEST_STEP][PASSED] - if (fileNames[i].contains(".rs")): null

2020-05-27 08:33:57 - [TEST_STEP][PASSED] - fileNames[i] = fileNames[i].replace(".rs", ""): null

2020-05-27 08:33:57 - [TEST_STEP][PASSED] - testObjects.add(objectSubFolder + fileNames[i]): null

2020-05-27 08:33:57 - [TEST_STEP][PASSED] - if (fileNames[i].contains(".rs")): null

2020-05-27 08:33:57 - [TEST_STEP][PASSED] - if (fileNames[i].contains(".rs")): null

2020-05-27 08:33:57 - [TEST_STEP][PASSED] - fileNames[i] = fileNames[i].replace(".rs", ""): null

2020-05-27 08:33:57 - [TEST_STEP][PASSED] - testObjects.add(objectSubFolder + fileNames[i]): null

2020-05-27 08:33:57 - [TEST_STEP][PASSED] - if (fileNames[i].contains(".rs")): null

2020-05-27 08:33:57 - [TEST_STEP][PASSED] - if (fileNames[i].contains(".rs")): null

2020-05-27 08:33:57 - [TEST_STEP][PASSED] - fileNames[i] = fileNames[i].replace(".rs", ""): null

2020-05-27 08:33:57 - [TEST_STEP][PASSED] - testObjects.add(objectSubFolder + fileNames[i]): null

2020-05-27 08:33:57 - [TEST_STEP][PASSED] - if (fileNames[i].contains(".rs")): null

2020-05-27 08:33:57 - [TEST_STEP][PASSED] - fileNames[i] = fileNames[i].replace(".rs", ""): null

2020-05-27 08:33:57 - [TEST_STEP][PASSED] - testObjects.add(objectSubFolder + fileNames[i]): null

2020-05-27 08:33:57 - [TEST_STEP][PASSED] - if (fileNames[i].contains(".rs")): null

2020-05-27 08:33:57 - [TEST_STEP][PASSED] - fileNames[i] = fileNames[i].replace(".rs", ""): null

2020-05-27 08:33:57 - [TEST_STEP][PASSED] - testObjects.add(objectSubFolder + fileNames[i]): null

2020-05-27 08:33:57 - [TEST_STEP][PASSED] - if (fileNames[i].contains(".rs")): null

2020-05-27 08:33:57 - [TEST_STEP][PASSED] - fileNames[i] = fileNames[i].replace(".rs", ""): null

2020-05-27 08:33:57 - [TEST_STEP][PASSED] - testObjects.add(objectSubFolder + fileNames[i]): null

2020-05-27 08:33:57 - [TEST_STEP][PASSED] - if (fileNames[i].contains(".rs")): null

2020-05-27 08:33:57 - [TEST_STEP][PASSED] - fileNames[i] = fileNames[i].replace(".rs", ""): null

2020-05-27 08:33:57 - [TEST_STEP][PASSED] - testObjects.add(objectSubFolder + fileNames[i]): null

2020-05-27 08:33:57 - [TEST_STEP][PASSED] - if (fileNames[i].contains(".rs")): null

2020-05-27 08:33:57 - [TEST_STEP][PASSED] - fileNames[i] = fileNames[i].replace(".rs", ""): null

2020-05-27 08:33:57 - [TEST_STEP][PASSED] - testObjects.add(objectSubFolder + fileNames[i]): null

2020-05-27 08:33:57 - [TEST_STEP][PASSED] - if (fileNames[i].contains(".rs")): null

2020-05-27 08:33:57 - [TEST_STEP][PASSED] - fileNames[i] = fileNames[i].replace(".rs", ""): null

2020-05-27 08:33:57 - [TEST_STEP][PASSED] - testObjects.add(objectSubFolder + fileNames[i]): null

2020-05-27 08:33:57 - [TEST_STEP][PASSED] - if (fileNames[i].contains(".rs")): null

2020-05-27 08:33:57 - [TEST_STEP][PASSED] - fileNames[i] = fileNames[i].replace(".rs", ""): null

2020-05-27 08:33:57 - [TEST_STEP][PASSED] - testObjects.add(objectSubFolder + fileNames[i]): null

2020-05-27 08:33:57 - [TEST_STEP][PASSED] - if (fileNames[i].contains(".rs")): null

2020-05-27 08:33:57 - [TEST_STEP][PASSED] - fileNames[i] = fileNames[i].replace(".rs", ""): null

2020-05-27 08:33:57 - [TEST_STEP][PASSED] - testObjects.add(objectSubFolder + fileNames[i]): null

2020-05-27 08:33:57 - [TEST_STEP][PASSED] - if (fileNames[i].contains(".rs")): null

2020-05-27 08:33:57 - [TEST_STEP][PASSED] - fileNames[i] = fileNames[i].replace(".rs", ""): null

2020-05-27 08:33:57 - [TEST_STEP][PASSED] - testObjects.add(objectSubFolder + fileNames[i]): null

2020-05-27 08:33:57 - [TEST_STEP][PASSED] - if (fileNames[i].contains(".rs")): null

2020-05-27 08:33:57 - [TEST_STEP][PASSED] - fileNames[i] = fileNames[i].replace(".rs", ""): null

2020-05-27 08:33:57 - [TEST_STEP][PASSED] - testObjects.add(objectSubFolder + fileNames[i]): null

2020-05-27 08:33:57 - [TEST_STEP][PASSED] - if (fileNames[i].contains(".rs")): null

2020-05-27 08:33:57 - [TEST_STEP][PASSED] - fileNames[i] = fileNames[i].replace(".rs", ""): null

2020-05-27 08:33:57 - [TEST_STEP][PASSED] - testObjects.add(objectSubFolder + fileNames[i]): null

2020-05-27 08:33:57 - [TEST_STEP][PASSED] - if (fileNames[i].contains(".rs")): null

2020-05-27 08:33:57 - [TEST_STEP][PASSED] - fileNames[i] = fileNames[i].replace(".rs", ""): null

2020-05-27 08:33:57 - [TEST_STEP][PASSED] - testObjects.add(objectSubFolder + fileNames[i]): null

2020-05-27 08:33:57 - [TEST_STEP][PASSED] - for (String obj : testObjects): Object 'Object Repository/Web RoomMe.id\RoomMe.id Landlord Page\Textfield Phone Number' is visible

2020-05-27 08:33:57 - [TEST_STEP][PASSED] - verifyElementVisible(findTestObject(obj)): Object 'Object Repository/Web RoomMe.id\RoomMe.id Landlord Page\Button Submit' is visible

2020-05-27 08:33:57 - [MESSAGE][PASSED] - Object 'Object Repository/Web RoomMe.id\RoomMe.id Landlord Page\Button Submit' is visible

2020-05-27 08:33:57 - [TEST_STEP][PASSED] - verifyElementVisible(findTestObject(obj)): Object 'Object Repository/Web RoomMe.id\RoomMe.id Landlord Page\Image Landlord' is visible

2020-05-27 08:33:57 - [MESSAGE][PASSED] - Object 'Object Repository/Web RoomMe.id\RoomMe.id Landlord Page\Image Landlord' is visible

2020-05-27 08:33:57 - [TEST_STEP][PASSED] - verifyElementVisible(findTestObject(obj)): Object 'Object Repository/Web RoomMe.id\RoomMe.id Landlord Page\Text 4 Easy Steps to Become Landlord' is visible

2020-05-27 08:33:58 - [MESSAGE][PASSED] - Object 'Object Repository/Web RoomMe.id\RoomMe.id Landlord Page\Text 4 Easy Steps to Become Landlord' is visible

2020-05-27 08:33:58 - [TEST_STEP][PASSED] - verifyElementVisible(findTestObject(obj)): Object 'Object Repository/Web RoomMe.id\RoomMe.id Landlord Page\Text Complete all the necessary document' is visible

2020-05-27 08:33:58 - [MESSAGE][PASSED] - Object 'Object Repository/Web RoomMe.id\RoomMe.id Landlord Page\Text Complete all the necessary document' is visible

2020-05-27 08:33:58 - [TEST_STEP][PASSED] - verifyElementVisible(findTestObject(obj)): Object 'Object Repository/Web RoomMe.id\RoomMe.id Landlord Page\Text Contract Agreement' is visible

2020-05-27 08:33:58 - [MESSAGE][PASSED] - Object 'Object Repository/Web RoomMe.id\RoomMe.id Landlord Page\Text Contract Agreement' is visible

2020-05-27 08:33:58 - [TEST_STEP][PASSED] - verifyElementVisible(findTestObject(obj)): Object 'Object Repository/Web RoomMe.id\RoomMe.id Landlord Page\Text Fill Out Our Form' is visible

2020-05-27 08:33:59 - [MESSAGE][PASSED] - Object 'Object Repository/Web RoomMe.id\RoomMe.id Landlord Page\Text Fill Out Our Form' is visible

2020-05-27 08:33:59 - [TEST_STEP][PASSED] - verifyElementVisible(findTestObject(obj)): Object 'Object Repository/Web RoomMe.id\RoomMe.id Landlord Page\Text Get Promoted' is visible

2020-05-27 08:33:59 - [MESSAGE][PASSED] - Object 'Object Repository/Web RoomMe.id\RoomMe.id Landlord Page\Text Get Promoted' is visible

2020-05-27 08:33:59 - [TEST_STEP][PASSED] - verifyElementVisible(findTestObject(obj)): Object 'Object Repository/Web RoomMe.id\RoomMe.id Landlord Page\Text List your property at RoomMe' is visible

2020-05-27 08:34:00 - [MESSAGE][PASSED] - Object 'Object Repository/Web RoomMe.id\RoomMe.id Landlord Page\Text List your property at RoomMe' is visible

2020-05-27 08:34:00 - [TEST_STEP][PASSED] - verifyElementVisible(findTestObject(obj)): Object 'Object Repository/Web RoomMe.id\RoomMe.id Landlord Page\Text Our staff will be in touch with you and schedule a site visit' is visible

2020-05-27 08:34:00 - [MESSAGE][PASSED] - Object 'Object Repository/Web RoomMe.id\RoomMe.id Landlord Page\Text Our staff will be in touch with you and schedule a site visit' is visible

2020-05-27 08:34:00 - [TEST_STEP][PASSED] - verifyElementVisible(findTestObject(obj)): Object 'Object Repository/Web RoomMe.id\RoomMe.id Landlord Page\Text Please share your contact info and we will share the details' is visible

2020-05-27 08:34:00 - [MESSAGE][PASSED] - Object 'Object Repository/Web RoomMe.id\RoomMe.id Landlord Page\Text Please share your contact info and we will share the details' is visible

2020-05-27 08:34:00 - [TEST_STEP][PASSED] - verifyElementVisible(findTestObject(obj)): Object 'Object Repository/Web RoomMe.id\RoomMe.id Landlord Page\Text Register Your Unit' is visible

2020-05-27 08:34:01 - [MESSAGE][PASSED] - Object 'Object Repository/Web RoomMe.id\RoomMe.id Landlord Page\Text Register Your Unit' is visible

2020-05-27 08:34:01 - [TEST_STEP][PASSED] - verifyElementVisible(findTestObject(obj)): Object 'Object Repository/Web RoomMe.id\RoomMe.id Landlord Page\Text Sit back Relax and Get Popular' is visible

2020-05-27 08:34:01 - [MESSAGE][PASSED] - Object 'Object Repository/Web RoomMe.id\RoomMe.id Landlord Page\Text Sit back Relax and Get Popular' is visible

2020-05-27 08:34:01 - [TEST_STEP][PASSED] - verifyElementVisible(findTestObject(obj)): Object 'Object Repository/Web RoomMe.id\RoomMe.id Landlord Page\Text Wait For Visit' is visible

2020-05-27 08:34:01 - [MESSAGE][PASSED] - Object 'Object Repository/Web RoomMe.id\RoomMe.id Landlord Page\Text Wait For Visit' is visible

2020-05-27 08:34:01 - [TEST_STEP][PASSED] - verifyElementVisible(findTestObject(obj)): Object 'Object Repository/Web RoomMe.id\RoomMe.id Landlord Page\Textfield Name' is visible

2020-05-27 08:34:02 - [MESSAGE][PASSED] - Object 'Object Repository/Web RoomMe.id\RoomMe.id Landlord Page\Textfield Name' is visible

2020-05-27 08:34:02 - [TEST_STEP][PASSED] - verifyElementVisible(findTestObject(obj)): Object 'Object Repository/Web RoomMe.id\RoomMe.id Landlord Page\Textfield Phone Number' is visible

2020-05-27 08:34:02 - [MESSAGE][PASSED] - Object 'Object Repository/Web RoomMe.id\RoomMe.id Landlord Page\Textfield Phone Number' is visible

2020-05-27 08:34:02 - [MESSAGE][PASSED] - Call Test Case 'Test Cases/Web RoomMe.id/7. Landlord/Verify Landlord Page' successfully

2020-05-27 08:34:02 - [MESSAGE][PASSED] - Call Test Case 'Test Cases/Web RoomMe.id/7. Landlord/1. Customer Access Landlord Page From Header' successfully

2020-05-27 08:34:02 - [TEST_STEP][PASSED] - waitForElementVisible(findTestObject("Web RoomMe.id/RoomMe.id Landlord Page/Textfield Name"), 0): Object 'Object Repository/Web RoomMe.id/RoomMe.id Landlord Page/Textfield Name' is visible

2020-05-27 08:34:02 - [MESSAGE][WARNING] - Timeout '0' is invalid. Using default page load timeout: '60'

2020-05-27 08:34:02 - [MESSAGE][PASSED] - Object 'Object Repository/Web RoomMe.id/RoomMe.id Landlord Page/Textfield Name' is visible

2020-05-27 08:34:02 - [TEST_STEP][PASSED] - sendKeys(findTestObject("Web RoomMe.id/RoomMe.id Landlord Page/Textfield Name"), "Muhamad Faldi Taufik"): Keys 'Muhamad Faldi Taufik' sent to object: 'Object Repository/Web RoomMe.id/RoomMe.id Landlord Page/Textfield Name'

2020-05-27 08:34:03 - [MESSAGE][PASSED] - Keys 'Muhamad Faldi Taufik' sent to object: 'Object Repository/Web RoomMe.id/RoomMe.id Landlord Page/Textfield Name'

2020-05-27 08:34:03 - [TEST_STEP][PASSED] - sendKeys(findTestObject("Web RoomMe.id/RoomMe.id Landlord Page/Textfield Name"), Keys.chord(CONTROL, "a", BACK_SPACE)): Keys 'CONTROL + BACK_SPACE + a' sent to object: 'Object Repository/Web RoomMe.id/RoomMe.id Landlord Page/Textfield Name'

2020-05-27 08:34:03 - [MESSAGE][PASSED] - Keys 'CONTROL + BACK_SPACE + a' sent to object: 'Object Repository/Web RoomMe.id/RoomMe.id Landlord Page/Textfield Name'

2020-05-27 08:34:03 - [TEST_STEP][PASSED] - sendKeys(findTestObject("Web RoomMe.id/RoomMe.id Landlord Page/Textfield Name"), "ABCDEABCDEABCDEABCDEABCDEABCDEABCDEABCDEABCDEABCDE"): Keys 'ABCDEABCDEABCDEABCDEABCDEABCDEABCDEABCDEABCDEABCDE' sent to object: 'Object Repository/Web RoomMe.id/RoomMe.id Landlord Page/Textfield Name'

2020-05-27 08:34:04 - [MESSAGE][PASSED] - Keys 'ABCDEABCDEABCDEABCDEABCDEABCDEABCDEABCDEABCDEABCDE' sent to object: 'Object Repository/Web RoomMe.id/RoomMe.id Landlord Page/Textfield Name']]></system-out>
         <system-err><![CDATA[]]></system-err>
      </testcase>
      <testcase name="Test Cases/Web RoomMe.id/7. Landlord/5. Input Phone Number With Valid Data" time="19.82" classname="Test Cases/Web RoomMe.id/7. Landlord/5. Input Phone Number With Valid Data" status="PASSED">
         <system-out><![CDATA[2020-05-27 08:34:04 - [TEST_CASE][PASSED] - Test Cases/Web RoomMe.id/7. Landlord/5. Input Phone Number With Valid Data: Test Cases/Web RoomMe.id/7. Landlord/5. Input Phone Number With Valid Data

2020-05-27 08:34:04 - [TEST_STEP][PASSED] - callTestCase(findTestCase("Web RoomMe.id/7. Landlord/1. Customer Access Landlord Page From Header"), [:], STOP_ON_FAILURE): Call Test Case 'Test Cases/Web RoomMe.id/7. Landlord/1. Customer Access Landlord Page From Header' successfully

2020-05-27 08:34:04 - [TEST_CASE][PASSED] - Test Cases/Web RoomMe.id/7. Landlord/1. Customer Access Landlord Page From Header: Test Cases/Web RoomMe.id/7. Landlord/1. Customer Access Landlord Page From Header

2020-05-27 08:34:04 - [TEST_STEP][PASSED] - callTestCase(findTestCase("Web RoomMe.id/1. Homepage/1. Customer Access RoomMe Page"), [:], STOP_ON_FAILURE): Call Test Case 'Test Cases/Web RoomMe.id/1. Homepage/1. Customer Access RoomMe Page' successfully

2020-05-27 08:34:04 - [TEST_CASE][PASSED] - Test Cases/Web RoomMe.id/1. Homepage/1. Customer Access RoomMe Page: Test Cases/Web RoomMe.id/1. Homepage/1. Customer Access RoomMe Page

2020-05-27 08:34:04 - [TEST_STEP][PASSED] - openBrowser(url): Browser is opened with url: 'roomme.id'

2020-05-27 08:34:04 - [MESSAGE][WARNING] - A browser is already opened. Closing browser and opening a new one

2020-05-27 08:34:06 - [MESSAGE][INFO] - Starting 'Chrome' driver

2020-05-27 08:34:12 - [MESSAGE][PASSED] - Browser is opened with url: 'roomme.id'

2020-05-27 08:34:12 - [TEST_STEP][PASSED] - maximizeWindow(): Current window maximized

2020-05-27 08:34:14 - [MESSAGE][PASSED] - Current window maximized

2020-05-27 08:34:14 - [TEST_STEP][PASSED] - waitForPageLoad(0): Wait for page load successfully

2020-05-27 08:34:14 - [MESSAGE][WARNING] - Timeout '0' is invalid. Using default page load timeout: '60'

2020-05-27 08:34:14 - [MESSAGE][PASSED] - Wait for page load successfully

2020-05-27 08:34:14 - [MESSAGE][PASSED] - Call Test Case 'Test Cases/Web RoomMe.id/1. Homepage/1. Customer Access RoomMe Page' successfully

2020-05-27 08:34:14 - [TEST_STEP][PASSED] - waitForElementVisible(findTestObject("Web RoomMe.id/RoomMe.id Header/Button Are You Landlord"), 30): Object 'Object Repository/Web RoomMe.id/RoomMe.id Header/Button Are You Landlord' is visible

2020-05-27 08:34:14 - [MESSAGE][PASSED] - Object 'Object Repository/Web RoomMe.id/RoomMe.id Header/Button Are You Landlord' is visible

2020-05-27 08:34:14 - [TEST_STEP][PASSED] - click(findTestObject("Web RoomMe.id/RoomMe.id Header/Button Are You Landlord")): Object: 'Object Repository/Web RoomMe.id/RoomMe.id Header/Button Are You Landlord' is clicked on

2020-05-27 08:34:16 - [MESSAGE][PASSED] - Object: 'Object Repository/Web RoomMe.id/RoomMe.id Header/Button Are You Landlord' is clicked on

2020-05-27 08:34:16 - [TEST_STEP][PASSED] - waitForPageLoad(0): Wait for page load successfully

2020-05-27 08:34:16 - [MESSAGE][WARNING] - Timeout '0' is invalid. Using default page load timeout: '60'

2020-05-27 08:34:16 - [MESSAGE][PASSED] - Wait for page load successfully

2020-05-27 08:34:16 - [TEST_STEP][PASSED] - waitForElementVisible(findTestObject("Web RoomMe.id/RoomMe.id Landlord Page/Image Landlord"), 30): Object 'Object Repository/Web RoomMe.id/RoomMe.id Landlord Page/Image Landlord' is visible

2020-05-27 08:34:17 - [MESSAGE][PASSED] - Object 'Object Repository/Web RoomMe.id/RoomMe.id Landlord Page/Image Landlord' is visible

2020-05-27 08:34:17 - [TEST_STEP][PASSED] - callTestCase(findTestCase("Web RoomMe.id/7. Landlord/Verify Landlord Page"), [:], STOP_ON_FAILURE): Call Test Case 'Test Cases/Web RoomMe.id/7. Landlord/Verify Landlord Page' successfully

2020-05-27 08:34:17 - [TEST_CASE][PASSED] - Test Cases/Web RoomMe.id/7. Landlord/Verify Landlord Page: Test Cases/Web RoomMe.id/7. Landlord/Verify Landlord Page

2020-05-27 08:34:17 - [TEST_STEP][PASSED] - objectSubFolder = "Web RoomMe.id\RoomMe.id Landlord Page\": null

2020-05-27 08:34:17 - [TEST_STEP][PASSED] - pathToObjRep = getProjectDir() + "\Object Repository\" + objectSubFolder: null

2020-05-27 08:34:17 - [TEST_STEP][PASSED] - yourObjects = new java.io.File(pathToObjRep): null

2020-05-27 08:34:17 - [TEST_STEP][PASSED] - fileNames = yourObjects.list(): null

2020-05-27 08:34:17 - [TEST_STEP][PASSED] - testObjects = new java.util.ArrayList(): null

2020-05-27 08:34:17 - [TEST_STEP][PASSED] - for ([i = 0, i < length, (i++)]): null

2020-05-27 08:34:17 - [TEST_STEP][PASSED] - if (fileNames[i].contains(".rs")): null

2020-05-27 08:34:17 - [TEST_STEP][PASSED] - if (fileNames[i].contains(".rs")): null

2020-05-27 08:34:17 - [TEST_STEP][PASSED] - fileNames[i] = fileNames[i].replace(".rs", ""): null

2020-05-27 08:34:17 - [TEST_STEP][PASSED] - testObjects.add(objectSubFolder + fileNames[i]): null

2020-05-27 08:34:17 - [TEST_STEP][PASSED] - if (fileNames[i].contains(".rs")): null

2020-05-27 08:34:17 - [TEST_STEP][PASSED] - if (fileNames[i].contains(".rs")): null

2020-05-27 08:34:17 - [TEST_STEP][PASSED] - fileNames[i] = fileNames[i].replace(".rs", ""): null

2020-05-27 08:34:17 - [TEST_STEP][PASSED] - testObjects.add(objectSubFolder + fileNames[i]): null

2020-05-27 08:34:17 - [TEST_STEP][PASSED] - if (fileNames[i].contains(".rs")): null

2020-05-27 08:34:17 - [TEST_STEP][PASSED] - if (fileNames[i].contains(".rs")): null

2020-05-27 08:34:17 - [TEST_STEP][PASSED] - fileNames[i] = fileNames[i].replace(".rs", ""): null

2020-05-27 08:34:17 - [TEST_STEP][PASSED] - testObjects.add(objectSubFolder + fileNames[i]): null

2020-05-27 08:34:17 - [TEST_STEP][PASSED] - if (fileNames[i].contains(".rs")): null

2020-05-27 08:34:17 - [TEST_STEP][PASSED] - fileNames[i] = fileNames[i].replace(".rs", ""): null

2020-05-27 08:34:17 - [TEST_STEP][PASSED] - testObjects.add(objectSubFolder + fileNames[i]): null

2020-05-27 08:34:17 - [TEST_STEP][PASSED] - if (fileNames[i].contains(".rs")): null

2020-05-27 08:34:17 - [TEST_STEP][PASSED] - fileNames[i] = fileNames[i].replace(".rs", ""): null

2020-05-27 08:34:17 - [TEST_STEP][PASSED] - testObjects.add(objectSubFolder + fileNames[i]): null

2020-05-27 08:34:17 - [TEST_STEP][PASSED] - if (fileNames[i].contains(".rs")): null

2020-05-27 08:34:17 - [TEST_STEP][PASSED] - fileNames[i] = fileNames[i].replace(".rs", ""): null

2020-05-27 08:34:17 - [TEST_STEP][PASSED] - testObjects.add(objectSubFolder + fileNames[i]): null

2020-05-27 08:34:17 - [TEST_STEP][PASSED] - if (fileNames[i].contains(".rs")): null

2020-05-27 08:34:17 - [TEST_STEP][PASSED] - fileNames[i] = fileNames[i].replace(".rs", ""): null

2020-05-27 08:34:17 - [TEST_STEP][PASSED] - testObjects.add(objectSubFolder + fileNames[i]): null

2020-05-27 08:34:17 - [TEST_STEP][PASSED] - if (fileNames[i].contains(".rs")): null

2020-05-27 08:34:17 - [TEST_STEP][PASSED] - fileNames[i] = fileNames[i].replace(".rs", ""): null

2020-05-27 08:34:17 - [TEST_STEP][PASSED] - testObjects.add(objectSubFolder + fileNames[i]): null

2020-05-27 08:34:17 - [TEST_STEP][PASSED] - if (fileNames[i].contains(".rs")): null

2020-05-27 08:34:17 - [TEST_STEP][PASSED] - fileNames[i] = fileNames[i].replace(".rs", ""): null

2020-05-27 08:34:17 - [TEST_STEP][PASSED] - testObjects.add(objectSubFolder + fileNames[i]): null

2020-05-27 08:34:17 - [TEST_STEP][PASSED] - if (fileNames[i].contains(".rs")): null

2020-05-27 08:34:17 - [TEST_STEP][PASSED] - fileNames[i] = fileNames[i].replace(".rs", ""): null

2020-05-27 08:34:17 - [TEST_STEP][PASSED] - testObjects.add(objectSubFolder + fileNames[i]): null

2020-05-27 08:34:17 - [TEST_STEP][PASSED] - if (fileNames[i].contains(".rs")): null

2020-05-27 08:34:17 - [TEST_STEP][PASSED] - fileNames[i] = fileNames[i].replace(".rs", ""): null

2020-05-27 08:34:17 - [TEST_STEP][PASSED] - testObjects.add(objectSubFolder + fileNames[i]): null

2020-05-27 08:34:17 - [TEST_STEP][PASSED] - if (fileNames[i].contains(".rs")): null

2020-05-27 08:34:17 - [TEST_STEP][PASSED] - fileNames[i] = fileNames[i].replace(".rs", ""): null

2020-05-27 08:34:17 - [TEST_STEP][PASSED] - testObjects.add(objectSubFolder + fileNames[i]): null

2020-05-27 08:34:17 - [TEST_STEP][PASSED] - if (fileNames[i].contains(".rs")): null

2020-05-27 08:34:17 - [TEST_STEP][PASSED] - fileNames[i] = fileNames[i].replace(".rs", ""): null

2020-05-27 08:34:17 - [TEST_STEP][PASSED] - testObjects.add(objectSubFolder + fileNames[i]): null

2020-05-27 08:34:17 - [TEST_STEP][PASSED] - if (fileNames[i].contains(".rs")): null

2020-05-27 08:34:17 - [TEST_STEP][PASSED] - fileNames[i] = fileNames[i].replace(".rs", ""): null

2020-05-27 08:34:17 - [TEST_STEP][PASSED] - testObjects.add(objectSubFolder + fileNames[i]): null

2020-05-27 08:34:17 - [TEST_STEP][PASSED] - if (fileNames[i].contains(".rs")): null

2020-05-27 08:34:17 - [TEST_STEP][PASSED] - fileNames[i] = fileNames[i].replace(".rs", ""): null

2020-05-27 08:34:17 - [TEST_STEP][PASSED] - testObjects.add(objectSubFolder + fileNames[i]): null

2020-05-27 08:34:17 - [TEST_STEP][PASSED] - for (String obj : testObjects): Object 'Object Repository/Web RoomMe.id\RoomMe.id Landlord Page\Textfield Phone Number' is visible

2020-05-27 08:34:17 - [TEST_STEP][PASSED] - verifyElementVisible(findTestObject(obj)): Object 'Object Repository/Web RoomMe.id\RoomMe.id Landlord Page\Button Submit' is visible

2020-05-27 08:34:17 - [MESSAGE][PASSED] - Object 'Object Repository/Web RoomMe.id\RoomMe.id Landlord Page\Button Submit' is visible

2020-05-27 08:34:17 - [TEST_STEP][PASSED] - verifyElementVisible(findTestObject(obj)): Object 'Object Repository/Web RoomMe.id\RoomMe.id Landlord Page\Image Landlord' is visible

2020-05-27 08:34:18 - [MESSAGE][PASSED] - Object 'Object Repository/Web RoomMe.id\RoomMe.id Landlord Page\Image Landlord' is visible

2020-05-27 08:34:18 - [TEST_STEP][PASSED] - verifyElementVisible(findTestObject(obj)): Object 'Object Repository/Web RoomMe.id\RoomMe.id Landlord Page\Text 4 Easy Steps to Become Landlord' is visible

2020-05-27 08:34:18 - [MESSAGE][PASSED] - Object 'Object Repository/Web RoomMe.id\RoomMe.id Landlord Page\Text 4 Easy Steps to Become Landlord' is visible

2020-05-27 08:34:18 - [TEST_STEP][PASSED] - verifyElementVisible(findTestObject(obj)): Object 'Object Repository/Web RoomMe.id\RoomMe.id Landlord Page\Text Complete all the necessary document' is visible

2020-05-27 08:34:18 - [MESSAGE][PASSED] - Object 'Object Repository/Web RoomMe.id\RoomMe.id Landlord Page\Text Complete all the necessary document' is visible

2020-05-27 08:34:18 - [TEST_STEP][PASSED] - verifyElementVisible(findTestObject(obj)): Object 'Object Repository/Web RoomMe.id\RoomMe.id Landlord Page\Text Contract Agreement' is visible

2020-05-27 08:34:19 - [MESSAGE][PASSED] - Object 'Object Repository/Web RoomMe.id\RoomMe.id Landlord Page\Text Contract Agreement' is visible

2020-05-27 08:34:19 - [TEST_STEP][PASSED] - verifyElementVisible(findTestObject(obj)): Object 'Object Repository/Web RoomMe.id\RoomMe.id Landlord Page\Text Fill Out Our Form' is visible

2020-05-27 08:34:19 - [MESSAGE][PASSED] - Object 'Object Repository/Web RoomMe.id\RoomMe.id Landlord Page\Text Fill Out Our Form' is visible

2020-05-27 08:34:19 - [TEST_STEP][PASSED] - verifyElementVisible(findTestObject(obj)): Object 'Object Repository/Web RoomMe.id\RoomMe.id Landlord Page\Text Get Promoted' is visible

2020-05-27 08:34:20 - [MESSAGE][PASSED] - Object 'Object Repository/Web RoomMe.id\RoomMe.id Landlord Page\Text Get Promoted' is visible

2020-05-27 08:34:20 - [TEST_STEP][PASSED] - verifyElementVisible(findTestObject(obj)): Object 'Object Repository/Web RoomMe.id\RoomMe.id Landlord Page\Text List your property at RoomMe' is visible

2020-05-27 08:34:20 - [MESSAGE][PASSED] - Object 'Object Repository/Web RoomMe.id\RoomMe.id Landlord Page\Text List your property at RoomMe' is visible

2020-05-27 08:34:20 - [TEST_STEP][PASSED] - verifyElementVisible(findTestObject(obj)): Object 'Object Repository/Web RoomMe.id\RoomMe.id Landlord Page\Text Our staff will be in touch with you and schedule a site visit' is visible

2020-05-27 08:34:20 - [MESSAGE][PASSED] - Object 'Object Repository/Web RoomMe.id\RoomMe.id Landlord Page\Text Our staff will be in touch with you and schedule a site visit' is visible

2020-05-27 08:34:20 - [TEST_STEP][PASSED] - verifyElementVisible(findTestObject(obj)): Object 'Object Repository/Web RoomMe.id\RoomMe.id Landlord Page\Text Please share your contact info and we will share the details' is visible

2020-05-27 08:34:20 - [MESSAGE][PASSED] - Object 'Object Repository/Web RoomMe.id\RoomMe.id Landlord Page\Text Please share your contact info and we will share the details' is visible

2020-05-27 08:34:20 - [TEST_STEP][PASSED] - verifyElementVisible(findTestObject(obj)): Object 'Object Repository/Web RoomMe.id\RoomMe.id Landlord Page\Text Register Your Unit' is visible

2020-05-27 08:34:21 - [MESSAGE][PASSED] - Object 'Object Repository/Web RoomMe.id\RoomMe.id Landlord Page\Text Register Your Unit' is visible

2020-05-27 08:34:21 - [TEST_STEP][PASSED] - verifyElementVisible(findTestObject(obj)): Object 'Object Repository/Web RoomMe.id\RoomMe.id Landlord Page\Text Sit back Relax and Get Popular' is visible

2020-05-27 08:34:21 - [MESSAGE][PASSED] - Object 'Object Repository/Web RoomMe.id\RoomMe.id Landlord Page\Text Sit back Relax and Get Popular' is visible

2020-05-27 08:34:21 - [TEST_STEP][PASSED] - verifyElementVisible(findTestObject(obj)): Object 'Object Repository/Web RoomMe.id\RoomMe.id Landlord Page\Text Wait For Visit' is visible

2020-05-27 08:34:21 - [MESSAGE][PASSED] - Object 'Object Repository/Web RoomMe.id\RoomMe.id Landlord Page\Text Wait For Visit' is visible

2020-05-27 08:34:21 - [TEST_STEP][PASSED] - verifyElementVisible(findTestObject(obj)): Object 'Object Repository/Web RoomMe.id\RoomMe.id Landlord Page\Textfield Name' is visible

2020-05-27 08:34:22 - [MESSAGE][PASSED] - Object 'Object Repository/Web RoomMe.id\RoomMe.id Landlord Page\Textfield Name' is visible

2020-05-27 08:34:22 - [TEST_STEP][PASSED] - verifyElementVisible(findTestObject(obj)): Object 'Object Repository/Web RoomMe.id\RoomMe.id Landlord Page\Textfield Phone Number' is visible

2020-05-27 08:34:22 - [MESSAGE][PASSED] - Object 'Object Repository/Web RoomMe.id\RoomMe.id Landlord Page\Textfield Phone Number' is visible

2020-05-27 08:34:22 - [MESSAGE][PASSED] - Call Test Case 'Test Cases/Web RoomMe.id/7. Landlord/Verify Landlord Page' successfully

2020-05-27 08:34:22 - [MESSAGE][PASSED] - Call Test Case 'Test Cases/Web RoomMe.id/7. Landlord/1. Customer Access Landlord Page From Header' successfully

2020-05-27 08:34:22 - [TEST_STEP][PASSED] - waitForElementVisible(findTestObject("Web RoomMe.id/RoomMe.id Landlord Page/Textfield Phone Number"), 0): Object 'Object Repository/Web RoomMe.id/RoomMe.id Landlord Page/Textfield Phone Number' is visible

2020-05-27 08:34:22 - [MESSAGE][WARNING] - Timeout '0' is invalid. Using default page load timeout: '60'

2020-05-27 08:34:22 - [MESSAGE][PASSED] - Object 'Object Repository/Web RoomMe.id/RoomMe.id Landlord Page/Textfield Phone Number' is visible

2020-05-27 08:34:22 - [TEST_STEP][PASSED] - sendKeys(findTestObject("Web RoomMe.id/RoomMe.id Landlord Page/Textfield Phone Number"), "1234567890"): Keys '1234567890' sent to object: 'Object Repository/Web RoomMe.id/RoomMe.id Landlord Page/Textfield Phone Number'

2020-05-27 08:34:23 - [MESSAGE][PASSED] - Keys '1234567890' sent to object: 'Object Repository/Web RoomMe.id/RoomMe.id Landlord Page/Textfield Phone Number'

2020-05-27 08:34:23 - [TEST_STEP][PASSED] - sendKeys(findTestObject("Web RoomMe.id/RoomMe.id Landlord Page/Textfield Phone Number"), Keys.chord(CONTROL, "a", BACK_SPACE)): Keys 'CONTROL + BACK_SPACE + a' sent to object: 'Object Repository/Web RoomMe.id/RoomMe.id Landlord Page/Textfield Phone Number'

2020-05-27 08:34:23 - [MESSAGE][PASSED] - Keys 'CONTROL + BACK_SPACE + a' sent to object: 'Object Repository/Web RoomMe.id/RoomMe.id Landlord Page/Textfield Phone Number'

2020-05-27 08:34:23 - [TEST_STEP][PASSED] - sendKeys(findTestObject("Web RoomMe.id/RoomMe.id Landlord Page/Textfield Phone Number"), "0812345678901"): Keys '0812345678901' sent to object: 'Object Repository/Web RoomMe.id/RoomMe.id Landlord Page/Textfield Phone Number'

2020-05-27 08:34:24 - [MESSAGE][PASSED] - Keys '0812345678901' sent to object: 'Object Repository/Web RoomMe.id/RoomMe.id Landlord Page/Textfield Phone Number']]></system-out>
         <system-err><![CDATA[]]></system-err>
      </testcase>
      <testcase name="Test Cases/Web RoomMe.id/7. Landlord/6. Customer Input Your Name With Invalid Data" time="23.712" classname="Test Cases/Web RoomMe.id/7. Landlord/6. Customer Input Your Name With Invalid Data" status="PASSED">
         <system-out><![CDATA[2020-05-27 08:34:24 - [TEST_CASE][PASSED] - Test Cases/Web RoomMe.id/7. Landlord/6. Customer Input Your Name With Invalid Data: Test Cases/Web RoomMe.id/7. Landlord/6. Customer Input Your Name With Invalid Data

2020-05-27 08:34:24 - [TEST_STEP][PASSED] - callTestCase(findTestCase("Web RoomMe.id/7. Landlord/1. Customer Access Landlord Page From Header"), [:], STOP_ON_FAILURE): Call Test Case 'Test Cases/Web RoomMe.id/7. Landlord/1. Customer Access Landlord Page From Header' successfully

2020-05-27 08:34:24 - [TEST_CASE][PASSED] - Test Cases/Web RoomMe.id/7. Landlord/1. Customer Access Landlord Page From Header: Test Cases/Web RoomMe.id/7. Landlord/1. Customer Access Landlord Page From Header

2020-05-27 08:34:24 - [TEST_STEP][PASSED] - callTestCase(findTestCase("Web RoomMe.id/1. Homepage/1. Customer Access RoomMe Page"), [:], STOP_ON_FAILURE): Call Test Case 'Test Cases/Web RoomMe.id/1. Homepage/1. Customer Access RoomMe Page' successfully

2020-05-27 08:34:24 - [TEST_CASE][PASSED] - Test Cases/Web RoomMe.id/1. Homepage/1. Customer Access RoomMe Page: Test Cases/Web RoomMe.id/1. Homepage/1. Customer Access RoomMe Page

2020-05-27 08:34:24 - [TEST_STEP][PASSED] - openBrowser(url): Browser is opened with url: 'roomme.id'

2020-05-27 08:34:24 - [MESSAGE][WARNING] - A browser is already opened. Closing browser and opening a new one

2020-05-27 08:34:25 - [MESSAGE][INFO] - Starting 'Chrome' driver

2020-05-27 08:34:31 - [MESSAGE][PASSED] - Browser is opened with url: 'roomme.id'

2020-05-27 08:34:31 - [TEST_STEP][PASSED] - maximizeWindow(): Current window maximized

2020-05-27 08:34:33 - [MESSAGE][PASSED] - Current window maximized

2020-05-27 08:34:33 - [TEST_STEP][PASSED] - waitForPageLoad(0): Wait for page load successfully

2020-05-27 08:34:33 - [MESSAGE][WARNING] - Timeout '0' is invalid. Using default page load timeout: '60'

2020-05-27 08:34:33 - [MESSAGE][PASSED] - Wait for page load successfully

2020-05-27 08:34:33 - [MESSAGE][PASSED] - Call Test Case 'Test Cases/Web RoomMe.id/1. Homepage/1. Customer Access RoomMe Page' successfully

2020-05-27 08:34:33 - [TEST_STEP][PASSED] - waitForElementVisible(findTestObject("Web RoomMe.id/RoomMe.id Header/Button Are You Landlord"), 30): Object 'Object Repository/Web RoomMe.id/RoomMe.id Header/Button Are You Landlord' is visible

2020-05-27 08:34:33 - [MESSAGE][PASSED] - Object 'Object Repository/Web RoomMe.id/RoomMe.id Header/Button Are You Landlord' is visible

2020-05-27 08:34:33 - [TEST_STEP][PASSED] - click(findTestObject("Web RoomMe.id/RoomMe.id Header/Button Are You Landlord")): Object: 'Object Repository/Web RoomMe.id/RoomMe.id Header/Button Are You Landlord' is clicked on

2020-05-27 08:34:35 - [MESSAGE][PASSED] - Object: 'Object Repository/Web RoomMe.id/RoomMe.id Header/Button Are You Landlord' is clicked on

2020-05-27 08:34:35 - [TEST_STEP][PASSED] - waitForPageLoad(0): Wait for page load successfully

2020-05-27 08:34:35 - [MESSAGE][WARNING] - Timeout '0' is invalid. Using default page load timeout: '60'

2020-05-27 08:34:35 - [MESSAGE][PASSED] - Wait for page load successfully

2020-05-27 08:34:35 - [TEST_STEP][PASSED] - waitForElementVisible(findTestObject("Web RoomMe.id/RoomMe.id Landlord Page/Image Landlord"), 30): Object 'Object Repository/Web RoomMe.id/RoomMe.id Landlord Page/Image Landlord' is visible

2020-05-27 08:34:36 - [MESSAGE][PASSED] - Object 'Object Repository/Web RoomMe.id/RoomMe.id Landlord Page/Image Landlord' is visible

2020-05-27 08:34:36 - [TEST_STEP][PASSED] - callTestCase(findTestCase("Web RoomMe.id/7. Landlord/Verify Landlord Page"), [:], STOP_ON_FAILURE): Call Test Case 'Test Cases/Web RoomMe.id/7. Landlord/Verify Landlord Page' successfully

2020-05-27 08:34:36 - [TEST_CASE][PASSED] - Test Cases/Web RoomMe.id/7. Landlord/Verify Landlord Page: Test Cases/Web RoomMe.id/7. Landlord/Verify Landlord Page

2020-05-27 08:34:36 - [TEST_STEP][PASSED] - objectSubFolder = "Web RoomMe.id\RoomMe.id Landlord Page\": null

2020-05-27 08:34:36 - [TEST_STEP][PASSED] - pathToObjRep = getProjectDir() + "\Object Repository\" + objectSubFolder: null

2020-05-27 08:34:36 - [TEST_STEP][PASSED] - yourObjects = new java.io.File(pathToObjRep): null

2020-05-27 08:34:36 - [TEST_STEP][PASSED] - fileNames = yourObjects.list(): null

2020-05-27 08:34:36 - [TEST_STEP][PASSED] - testObjects = new java.util.ArrayList(): null

2020-05-27 08:34:36 - [TEST_STEP][PASSED] - for ([i = 0, i < length, (i++)]): null

2020-05-27 08:34:36 - [TEST_STEP][PASSED] - if (fileNames[i].contains(".rs")): null

2020-05-27 08:34:36 - [TEST_STEP][PASSED] - if (fileNames[i].contains(".rs")): null

2020-05-27 08:34:36 - [TEST_STEP][PASSED] - fileNames[i] = fileNames[i].replace(".rs", ""): null

2020-05-27 08:34:36 - [TEST_STEP][PASSED] - testObjects.add(objectSubFolder + fileNames[i]): null

2020-05-27 08:34:36 - [TEST_STEP][PASSED] - if (fileNames[i].contains(".rs")): null

2020-05-27 08:34:36 - [TEST_STEP][PASSED] - if (fileNames[i].contains(".rs")): null

2020-05-27 08:34:36 - [TEST_STEP][PASSED] - fileNames[i] = fileNames[i].replace(".rs", ""): null

2020-05-27 08:34:36 - [TEST_STEP][PASSED] - testObjects.add(objectSubFolder + fileNames[i]): null

2020-05-27 08:34:36 - [TEST_STEP][PASSED] - if (fileNames[i].contains(".rs")): null

2020-05-27 08:34:36 - [TEST_STEP][PASSED] - if (fileNames[i].contains(".rs")): null

2020-05-27 08:34:36 - [TEST_STEP][PASSED] - fileNames[i] = fileNames[i].replace(".rs", ""): null

2020-05-27 08:34:36 - [TEST_STEP][PASSED] - testObjects.add(objectSubFolder + fileNames[i]): null

2020-05-27 08:34:36 - [TEST_STEP][PASSED] - if (fileNames[i].contains(".rs")): null

2020-05-27 08:34:36 - [TEST_STEP][PASSED] - fileNames[i] = fileNames[i].replace(".rs", ""): null

2020-05-27 08:34:36 - [TEST_STEP][PASSED] - testObjects.add(objectSubFolder + fileNames[i]): null

2020-05-27 08:34:36 - [TEST_STEP][PASSED] - if (fileNames[i].contains(".rs")): null

2020-05-27 08:34:36 - [TEST_STEP][PASSED] - fileNames[i] = fileNames[i].replace(".rs", ""): null

2020-05-27 08:34:36 - [TEST_STEP][PASSED] - testObjects.add(objectSubFolder + fileNames[i]): null

2020-05-27 08:34:36 - [TEST_STEP][PASSED] - if (fileNames[i].contains(".rs")): null

2020-05-27 08:34:36 - [TEST_STEP][PASSED] - fileNames[i] = fileNames[i].replace(".rs", ""): null

2020-05-27 08:34:36 - [TEST_STEP][PASSED] - testObjects.add(objectSubFolder + fileNames[i]): null

2020-05-27 08:34:36 - [TEST_STEP][PASSED] - if (fileNames[i].contains(".rs")): null

2020-05-27 08:34:36 - [TEST_STEP][PASSED] - fileNames[i] = fileNames[i].replace(".rs", ""): null

2020-05-27 08:34:36 - [TEST_STEP][PASSED] - testObjects.add(objectSubFolder + fileNames[i]): null

2020-05-27 08:34:36 - [TEST_STEP][PASSED] - if (fileNames[i].contains(".rs")): null

2020-05-27 08:34:36 - [TEST_STEP][PASSED] - fileNames[i] = fileNames[i].replace(".rs", ""): null

2020-05-27 08:34:36 - [TEST_STEP][PASSED] - testObjects.add(objectSubFolder + fileNames[i]): null

2020-05-27 08:34:36 - [TEST_STEP][PASSED] - if (fileNames[i].contains(".rs")): null

2020-05-27 08:34:36 - [TEST_STEP][PASSED] - fileNames[i] = fileNames[i].replace(".rs", ""): null

2020-05-27 08:34:36 - [TEST_STEP][PASSED] - testObjects.add(objectSubFolder + fileNames[i]): null

2020-05-27 08:34:36 - [TEST_STEP][PASSED] - if (fileNames[i].contains(".rs")): null

2020-05-27 08:34:36 - [TEST_STEP][PASSED] - fileNames[i] = fileNames[i].replace(".rs", ""): null

2020-05-27 08:34:36 - [TEST_STEP][PASSED] - testObjects.add(objectSubFolder + fileNames[i]): null

2020-05-27 08:34:36 - [TEST_STEP][PASSED] - if (fileNames[i].contains(".rs")): null

2020-05-27 08:34:36 - [TEST_STEP][PASSED] - fileNames[i] = fileNames[i].replace(".rs", ""): null

2020-05-27 08:34:36 - [TEST_STEP][PASSED] - testObjects.add(objectSubFolder + fileNames[i]): null

2020-05-27 08:34:36 - [TEST_STEP][PASSED] - if (fileNames[i].contains(".rs")): null

2020-05-27 08:34:36 - [TEST_STEP][PASSED] - fileNames[i] = fileNames[i].replace(".rs", ""): null

2020-05-27 08:34:36 - [TEST_STEP][PASSED] - testObjects.add(objectSubFolder + fileNames[i]): null

2020-05-27 08:34:36 - [TEST_STEP][PASSED] - if (fileNames[i].contains(".rs")): null

2020-05-27 08:34:36 - [TEST_STEP][PASSED] - fileNames[i] = fileNames[i].replace(".rs", ""): null

2020-05-27 08:34:36 - [TEST_STEP][PASSED] - testObjects.add(objectSubFolder + fileNames[i]): null

2020-05-27 08:34:36 - [TEST_STEP][PASSED] - if (fileNames[i].contains(".rs")): null

2020-05-27 08:34:36 - [TEST_STEP][PASSED] - fileNames[i] = fileNames[i].replace(".rs", ""): null

2020-05-27 08:34:36 - [TEST_STEP][PASSED] - testObjects.add(objectSubFolder + fileNames[i]): null

2020-05-27 08:34:36 - [TEST_STEP][PASSED] - if (fileNames[i].contains(".rs")): null

2020-05-27 08:34:36 - [TEST_STEP][PASSED] - fileNames[i] = fileNames[i].replace(".rs", ""): null

2020-05-27 08:34:36 - [TEST_STEP][PASSED] - testObjects.add(objectSubFolder + fileNames[i]): null

2020-05-27 08:34:36 - [TEST_STEP][PASSED] - for (String obj : testObjects): Object 'Object Repository/Web RoomMe.id\RoomMe.id Landlord Page\Textfield Phone Number' is visible

2020-05-27 08:34:36 - [TEST_STEP][PASSED] - verifyElementVisible(findTestObject(obj)): Object 'Object Repository/Web RoomMe.id\RoomMe.id Landlord Page\Button Submit' is visible

2020-05-27 08:34:36 - [MESSAGE][PASSED] - Object 'Object Repository/Web RoomMe.id\RoomMe.id Landlord Page\Button Submit' is visible

2020-05-27 08:34:36 - [TEST_STEP][PASSED] - verifyElementVisible(findTestObject(obj)): Object 'Object Repository/Web RoomMe.id\RoomMe.id Landlord Page\Image Landlord' is visible

2020-05-27 08:34:37 - [MESSAGE][PASSED] - Object 'Object Repository/Web RoomMe.id\RoomMe.id Landlord Page\Image Landlord' is visible

2020-05-27 08:34:37 - [TEST_STEP][PASSED] - verifyElementVisible(findTestObject(obj)): Object 'Object Repository/Web RoomMe.id\RoomMe.id Landlord Page\Text 4 Easy Steps to Become Landlord' is visible

2020-05-27 08:34:37 - [MESSAGE][PASSED] - Object 'Object Repository/Web RoomMe.id\RoomMe.id Landlord Page\Text 4 Easy Steps to Become Landlord' is visible

2020-05-27 08:34:37 - [TEST_STEP][PASSED] - verifyElementVisible(findTestObject(obj)): Object 'Object Repository/Web RoomMe.id\RoomMe.id Landlord Page\Text Complete all the necessary document' is visible

2020-05-27 08:34:38 - [MESSAGE][PASSED] - Object 'Object Repository/Web RoomMe.id\RoomMe.id Landlord Page\Text Complete all the necessary document' is visible

2020-05-27 08:34:38 - [TEST_STEP][PASSED] - verifyElementVisible(findTestObject(obj)): Object 'Object Repository/Web RoomMe.id\RoomMe.id Landlord Page\Text Contract Agreement' is visible

2020-05-27 08:34:38 - [MESSAGE][PASSED] - Object 'Object Repository/Web RoomMe.id\RoomMe.id Landlord Page\Text Contract Agreement' is visible

2020-05-27 08:34:38 - [TEST_STEP][PASSED] - verifyElementVisible(findTestObject(obj)): Object 'Object Repository/Web RoomMe.id\RoomMe.id Landlord Page\Text Fill Out Our Form' is visible

2020-05-27 08:34:38 - [MESSAGE][PASSED] - Object 'Object Repository/Web RoomMe.id\RoomMe.id Landlord Page\Text Fill Out Our Form' is visible

2020-05-27 08:34:38 - [TEST_STEP][PASSED] - verifyElementVisible(findTestObject(obj)): Object 'Object Repository/Web RoomMe.id\RoomMe.id Landlord Page\Text Get Promoted' is visible

2020-05-27 08:34:39 - [MESSAGE][PASSED] - Object 'Object Repository/Web RoomMe.id\RoomMe.id Landlord Page\Text Get Promoted' is visible

2020-05-27 08:34:39 - [TEST_STEP][PASSED] - verifyElementVisible(findTestObject(obj)): Object 'Object Repository/Web RoomMe.id\RoomMe.id Landlord Page\Text List your property at RoomMe' is visible

2020-05-27 08:34:39 - [MESSAGE][PASSED] - Object 'Object Repository/Web RoomMe.id\RoomMe.id Landlord Page\Text List your property at RoomMe' is visible

2020-05-27 08:34:39 - [TEST_STEP][PASSED] - verifyElementVisible(findTestObject(obj)): Object 'Object Repository/Web RoomMe.id\RoomMe.id Landlord Page\Text Our staff will be in touch with you and schedule a site visit' is visible

2020-05-27 08:34:39 - [MESSAGE][PASSED] - Object 'Object Repository/Web RoomMe.id\RoomMe.id Landlord Page\Text Our staff will be in touch with you and schedule a site visit' is visible

2020-05-27 08:34:39 - [TEST_STEP][PASSED] - verifyElementVisible(findTestObject(obj)): Object 'Object Repository/Web RoomMe.id\RoomMe.id Landlord Page\Text Please share your contact info and we will share the details' is visible

2020-05-27 08:34:40 - [MESSAGE][PASSED] - Object 'Object Repository/Web RoomMe.id\RoomMe.id Landlord Page\Text Please share your contact info and we will share the details' is visible

2020-05-27 08:34:40 - [TEST_STEP][PASSED] - verifyElementVisible(findTestObject(obj)): Object 'Object Repository/Web RoomMe.id\RoomMe.id Landlord Page\Text Register Your Unit' is visible

2020-05-27 08:34:40 - [MESSAGE][PASSED] - Object 'Object Repository/Web RoomMe.id\RoomMe.id Landlord Page\Text Register Your Unit' is visible

2020-05-27 08:34:40 - [TEST_STEP][PASSED] - verifyElementVisible(findTestObject(obj)): Object 'Object Repository/Web RoomMe.id\RoomMe.id Landlord Page\Text Sit back Relax and Get Popular' is visible

2020-05-27 08:34:40 - [MESSAGE][PASSED] - Object 'Object Repository/Web RoomMe.id\RoomMe.id Landlord Page\Text Sit back Relax and Get Popular' is visible

2020-05-27 08:34:40 - [TEST_STEP][PASSED] - verifyElementVisible(findTestObject(obj)): Object 'Object Repository/Web RoomMe.id\RoomMe.id Landlord Page\Text Wait For Visit' is visible

2020-05-27 08:34:40 - [MESSAGE][PASSED] - Object 'Object Repository/Web RoomMe.id\RoomMe.id Landlord Page\Text Wait For Visit' is visible

2020-05-27 08:34:40 - [TEST_STEP][PASSED] - verifyElementVisible(findTestObject(obj)): Object 'Object Repository/Web RoomMe.id\RoomMe.id Landlord Page\Textfield Name' is visible

2020-05-27 08:34:41 - [MESSAGE][PASSED] - Object 'Object Repository/Web RoomMe.id\RoomMe.id Landlord Page\Textfield Name' is visible

2020-05-27 08:34:41 - [TEST_STEP][PASSED] - verifyElementVisible(findTestObject(obj)): Object 'Object Repository/Web RoomMe.id\RoomMe.id Landlord Page\Textfield Phone Number' is visible

2020-05-27 08:34:41 - [MESSAGE][PASSED] - Object 'Object Repository/Web RoomMe.id\RoomMe.id Landlord Page\Textfield Phone Number' is visible

2020-05-27 08:34:41 - [MESSAGE][PASSED] - Call Test Case 'Test Cases/Web RoomMe.id/7. Landlord/Verify Landlord Page' successfully

2020-05-27 08:34:41 - [MESSAGE][PASSED] - Call Test Case 'Test Cases/Web RoomMe.id/7. Landlord/1. Customer Access Landlord Page From Header' successfully

2020-05-27 08:34:41 - [TEST_STEP][PASSED] - waitForElementVisible(findTestObject("Web RoomMe.id/RoomMe.id Landlord Page/Textfield Name"), 0): Object 'Object Repository/Web RoomMe.id/RoomMe.id Landlord Page/Textfield Name' is visible

2020-05-27 08:34:41 - [MESSAGE][WARNING] - Timeout '0' is invalid. Using default page load timeout: '60'

2020-05-27 08:34:41 - [MESSAGE][PASSED] - Object 'Object Repository/Web RoomMe.id/RoomMe.id Landlord Page/Textfield Name' is visible

2020-05-27 08:34:41 - [TEST_STEP][PASSED] - sendKeys(findTestObject("Web RoomMe.id/RoomMe.id Landlord Page/Textfield Name"), "ab"): Keys 'ab' sent to object: 'Object Repository/Web RoomMe.id/RoomMe.id Landlord Page/Textfield Name'

2020-05-27 08:34:42 - [MESSAGE][PASSED] - Keys 'ab' sent to object: 'Object Repository/Web RoomMe.id/RoomMe.id Landlord Page/Textfield Name'

2020-05-27 08:34:42 - [TEST_STEP][PASSED] - waitForElementVisible(findTestObject("Web RoomMe.id/RoomMe.id Landlord Page/Error Message/Text At least input 3 characters long"), 0): Object 'Object Repository/Web RoomMe.id/RoomMe.id Landlord Page/Error Message/Text At least input 3 characters long' is visible

2020-05-27 08:34:42 - [MESSAGE][WARNING] - Timeout '0' is invalid. Using default page load timeout: '60'

2020-05-27 08:34:42 - [MESSAGE][PASSED] - Object 'Object Repository/Web RoomMe.id/RoomMe.id Landlord Page/Error Message/Text At least input 3 characters long' is visible

2020-05-27 08:34:42 - [TEST_STEP][PASSED] - sendKeys(findTestObject("Web RoomMe.id/RoomMe.id Landlord Page/Textfield Name"), Keys.chord(CONTROL, "a", BACK_SPACE)): Keys 'CONTROL + BACK_SPACE + a' sent to object: 'Object Repository/Web RoomMe.id/RoomMe.id Landlord Page/Textfield Name'

2020-05-27 08:34:43 - [MESSAGE][PASSED] - Keys 'CONTROL + BACK_SPACE + a' sent to object: 'Object Repository/Web RoomMe.id/RoomMe.id Landlord Page/Textfield Name'

2020-05-27 08:34:43 - [TEST_STEP][PASSED] - sendKeys(findTestObject("Web RoomMe.id/RoomMe.id Landlord Page/Textfield Name"), "ab1"): Keys 'ab1' sent to object: 'Object Repository/Web RoomMe.id/RoomMe.id Landlord Page/Textfield Name'

2020-05-27 08:34:43 - [MESSAGE][PASSED] - Keys 'ab1' sent to object: 'Object Repository/Web RoomMe.id/RoomMe.id Landlord Page/Textfield Name'

2020-05-27 08:34:43 - [TEST_STEP][PASSED] - waitForElementVisible(findTestObject("Web RoomMe.id/RoomMe.id Landlord Page/Error Message/Text Your name seems to contain incorrect characters"), 0): Object 'Object Repository/Web RoomMe.id/RoomMe.id Landlord Page/Error Message/Text Your name seems to contain incorrect characters' is visible

2020-05-27 08:34:43 - [MESSAGE][WARNING] - Timeout '0' is invalid. Using default page load timeout: '60'

2020-05-27 08:34:44 - [MESSAGE][PASSED] - Object 'Object Repository/Web RoomMe.id/RoomMe.id Landlord Page/Error Message/Text Your name seems to contain incorrect characters' is visible

2020-05-27 08:34:44 - [TEST_STEP][PASSED] - sendKeys(findTestObject("Web RoomMe.id/RoomMe.id Landlord Page/Textfield Name"), Keys.chord(CONTROL, "a", BACK_SPACE)): Keys 'CONTROL + BACK_SPACE + a' sent to object: 'Object Repository/Web RoomMe.id/RoomMe.id Landlord Page/Textfield Name'

2020-05-27 08:34:44 - [MESSAGE][PASSED] - Keys 'CONTROL + BACK_SPACE + a' sent to object: 'Object Repository/Web RoomMe.id/RoomMe.id Landlord Page/Textfield Name'

2020-05-27 08:34:44 - [TEST_STEP][PASSED] - sendKeys(findTestObject("Web RoomMe.id/RoomMe.id Landlord Page/Textfield Name"), "faldi "): Keys 'faldi ' sent to object: 'Object Repository/Web RoomMe.id/RoomMe.id Landlord Page/Textfield Name'

2020-05-27 08:34:44 - [MESSAGE][PASSED] - Keys 'faldi ' sent to object: 'Object Repository/Web RoomMe.id/RoomMe.id Landlord Page/Textfield Name'

2020-05-27 08:34:44 - [TEST_STEP][PASSED] - waitForElementVisible(findTestObject("Web RoomMe.id/RoomMe.id Landlord Page/Error Message/Text Your name seems to contain incorrect characters"), 0): Object 'Object Repository/Web RoomMe.id/RoomMe.id Landlord Page/Error Message/Text Your name seems to contain incorrect characters' is visible

2020-05-27 08:34:44 - [MESSAGE][WARNING] - Timeout '0' is invalid. Using default page load timeout: '60'

2020-05-27 08:34:45 - [MESSAGE][PASSED] - Object 'Object Repository/Web RoomMe.id/RoomMe.id Landlord Page/Error Message/Text Your name seems to contain incorrect characters' is visible

2020-05-27 08:34:45 - [TEST_STEP][PASSED] - sendKeys(findTestObject("Web RoomMe.id/RoomMe.id Landlord Page/Textfield Name"), Keys.chord(CONTROL, "a", BACK_SPACE)): Keys 'CONTROL + BACK_SPACE + a' sent to object: 'Object Repository/Web RoomMe.id/RoomMe.id Landlord Page/Textfield Name'

2020-05-27 08:34:45 - [MESSAGE][PASSED] - Keys 'CONTROL + BACK_SPACE + a' sent to object: 'Object Repository/Web RoomMe.id/RoomMe.id Landlord Page/Textfield Name'

2020-05-27 08:34:45 - [TEST_STEP][PASSED] - sendKeys(findTestObject("Web RoomMe.id/RoomMe.id Landlord Page/Textfield Name"), "ABCDEABCDEABCDEABCDEABCDEABCDEABCDEABCDEABCDEABCDEa"): Keys 'ABCDEABCDEABCDEABCDEABCDEABCDEABCDEABCDEABCDEABCDEa' sent to object: 'Object Repository/Web RoomMe.id/RoomMe.id Landlord Page/Textfield Name'

2020-05-27 08:34:46 - [MESSAGE][PASSED] - Keys 'ABCDEABCDEABCDEABCDEABCDEABCDEABCDEABCDEABCDEABCDEa' sent to object: 'Object Repository/Web RoomMe.id/RoomMe.id Landlord Page/Textfield Name'

2020-05-27 08:34:46 - [TEST_STEP][PASSED] - waitForElementVisible(findTestObject("Web RoomMe.id/RoomMe.id Landlord Page/Error Message/Text Maximum input 50 characters long"), 0): Object 'Object Repository/Web RoomMe.id/RoomMe.id Landlord Page/Error Message/Text Maximum input 50 characters long' is visible

2020-05-27 08:34:46 - [MESSAGE][WARNING] - Timeout '0' is invalid. Using default page load timeout: '60'

2020-05-27 08:34:47 - [MESSAGE][PASSED] - Object 'Object Repository/Web RoomMe.id/RoomMe.id Landlord Page/Error Message/Text Maximum input 50 characters long' is visible

2020-05-27 08:34:47 - [TEST_STEP][PASSED] - sendKeys(findTestObject("Web RoomMe.id/RoomMe.id Landlord Page/Textfield Name"), Keys.chord(CONTROL, "a", BACK_SPACE)): Keys 'CONTROL + BACK_SPACE + a' sent to object: 'Object Repository/Web RoomMe.id/RoomMe.id Landlord Page/Textfield Name'

2020-05-27 08:34:47 - [MESSAGE][PASSED] - Keys 'CONTROL + BACK_SPACE + a' sent to object: 'Object Repository/Web RoomMe.id/RoomMe.id Landlord Page/Textfield Name'

2020-05-27 08:34:47 - [TEST_STEP][PASSED] - waitForElementVisible(findTestObject("Web RoomMe.id/RoomMe.id Landlord Page/Error Message/Text Name is required"), 0): Object 'Object Repository/Web RoomMe.id/RoomMe.id Landlord Page/Error Message/Text Name is required' is visible

2020-05-27 08:34:47 - [MESSAGE][WARNING] - Timeout '0' is invalid. Using default page load timeout: '60'

2020-05-27 08:34:48 - [MESSAGE][PASSED] - Object 'Object Repository/Web RoomMe.id/RoomMe.id Landlord Page/Error Message/Text Name is required' is visible]]></system-out>
         <system-err><![CDATA[]]></system-err>
      </testcase>
      <testcase name="Test Cases/Web RoomMe.id/7. Landlord/7. Customer Input Phone Number With Invalid Data" time="20.344" classname="Test Cases/Web RoomMe.id/7. Landlord/7. Customer Input Phone Number With Invalid Data" status="PASSED">
         <system-out><![CDATA[2020-05-27 08:34:48 - [TEST_CASE][PASSED] - Test Cases/Web RoomMe.id/7. Landlord/7. Customer Input Phone Number With Invalid Data: Test Cases/Web RoomMe.id/7. Landlord/7. Customer Input Phone Number With Invalid Data

2020-05-27 08:34:48 - [TEST_STEP][PASSED] - callTestCase(findTestCase("Web RoomMe.id/7. Landlord/1. Customer Access Landlord Page From Header"), [:], STOP_ON_FAILURE): Call Test Case 'Test Cases/Web RoomMe.id/7. Landlord/1. Customer Access Landlord Page From Header' successfully

2020-05-27 08:34:48 - [TEST_CASE][PASSED] - Test Cases/Web RoomMe.id/7. Landlord/1. Customer Access Landlord Page From Header: Test Cases/Web RoomMe.id/7. Landlord/1. Customer Access Landlord Page From Header

2020-05-27 08:34:48 - [TEST_STEP][PASSED] - callTestCase(findTestCase("Web RoomMe.id/1. Homepage/1. Customer Access RoomMe Page"), [:], STOP_ON_FAILURE): Call Test Case 'Test Cases/Web RoomMe.id/1. Homepage/1. Customer Access RoomMe Page' successfully

2020-05-27 08:34:48 - [TEST_CASE][PASSED] - Test Cases/Web RoomMe.id/1. Homepage/1. Customer Access RoomMe Page: Test Cases/Web RoomMe.id/1. Homepage/1. Customer Access RoomMe Page

2020-05-27 08:34:48 - [TEST_STEP][PASSED] - openBrowser(url): Browser is opened with url: 'roomme.id'

2020-05-27 08:34:48 - [MESSAGE][WARNING] - A browser is already opened. Closing browser and opening a new one

2020-05-27 08:34:49 - [MESSAGE][INFO] - Starting 'Chrome' driver

2020-05-27 08:34:54 - [MESSAGE][PASSED] - Browser is opened with url: 'roomme.id'

2020-05-27 08:34:54 - [TEST_STEP][PASSED] - maximizeWindow(): Current window maximized

2020-05-27 08:34:57 - [MESSAGE][PASSED] - Current window maximized

2020-05-27 08:34:57 - [TEST_STEP][PASSED] - waitForPageLoad(0): Wait for page load successfully

2020-05-27 08:34:57 - [MESSAGE][WARNING] - Timeout '0' is invalid. Using default page load timeout: '60'

2020-05-27 08:34:57 - [MESSAGE][PASSED] - Wait for page load successfully

2020-05-27 08:34:57 - [MESSAGE][PASSED] - Call Test Case 'Test Cases/Web RoomMe.id/1. Homepage/1. Customer Access RoomMe Page' successfully

2020-05-27 08:34:57 - [TEST_STEP][PASSED] - waitForElementVisible(findTestObject("Web RoomMe.id/RoomMe.id Header/Button Are You Landlord"), 30): Object 'Object Repository/Web RoomMe.id/RoomMe.id Header/Button Are You Landlord' is visible

2020-05-27 08:34:57 - [MESSAGE][PASSED] - Object 'Object Repository/Web RoomMe.id/RoomMe.id Header/Button Are You Landlord' is visible

2020-05-27 08:34:57 - [TEST_STEP][PASSED] - click(findTestObject("Web RoomMe.id/RoomMe.id Header/Button Are You Landlord")): Object: 'Object Repository/Web RoomMe.id/RoomMe.id Header/Button Are You Landlord' is clicked on

2020-05-27 08:34:59 - [MESSAGE][PASSED] - Object: 'Object Repository/Web RoomMe.id/RoomMe.id Header/Button Are You Landlord' is clicked on

2020-05-27 08:34:59 - [TEST_STEP][PASSED] - waitForPageLoad(0): Wait for page load successfully

2020-05-27 08:34:59 - [MESSAGE][WARNING] - Timeout '0' is invalid. Using default page load timeout: '60'

2020-05-27 08:34:59 - [MESSAGE][PASSED] - Wait for page load successfully

2020-05-27 08:34:59 - [TEST_STEP][PASSED] - waitForElementVisible(findTestObject("Web RoomMe.id/RoomMe.id Landlord Page/Image Landlord"), 30): Object 'Object Repository/Web RoomMe.id/RoomMe.id Landlord Page/Image Landlord' is visible

2020-05-27 08:35:00 - [MESSAGE][PASSED] - Object 'Object Repository/Web RoomMe.id/RoomMe.id Landlord Page/Image Landlord' is visible

2020-05-27 08:35:00 - [TEST_STEP][PASSED] - callTestCase(findTestCase("Web RoomMe.id/7. Landlord/Verify Landlord Page"), [:], STOP_ON_FAILURE): Call Test Case 'Test Cases/Web RoomMe.id/7. Landlord/Verify Landlord Page' successfully

2020-05-27 08:35:00 - [TEST_CASE][PASSED] - Test Cases/Web RoomMe.id/7. Landlord/Verify Landlord Page: Test Cases/Web RoomMe.id/7. Landlord/Verify Landlord Page

2020-05-27 08:35:00 - [TEST_STEP][PASSED] - objectSubFolder = "Web RoomMe.id\RoomMe.id Landlord Page\": null

2020-05-27 08:35:00 - [TEST_STEP][PASSED] - pathToObjRep = getProjectDir() + "\Object Repository\" + objectSubFolder: null

2020-05-27 08:35:00 - [TEST_STEP][PASSED] - yourObjects = new java.io.File(pathToObjRep): null

2020-05-27 08:35:00 - [TEST_STEP][PASSED] - fileNames = yourObjects.list(): null

2020-05-27 08:35:00 - [TEST_STEP][PASSED] - testObjects = new java.util.ArrayList(): null

2020-05-27 08:35:00 - [TEST_STEP][PASSED] - for ([i = 0, i < length, (i++)]): null

2020-05-27 08:35:00 - [TEST_STEP][PASSED] - if (fileNames[i].contains(".rs")): null

2020-05-27 08:35:00 - [TEST_STEP][PASSED] - if (fileNames[i].contains(".rs")): null

2020-05-27 08:35:00 - [TEST_STEP][PASSED] - fileNames[i] = fileNames[i].replace(".rs", ""): null

2020-05-27 08:35:00 - [TEST_STEP][PASSED] - testObjects.add(objectSubFolder + fileNames[i]): null

2020-05-27 08:35:00 - [TEST_STEP][PASSED] - if (fileNames[i].contains(".rs")): null

2020-05-27 08:35:00 - [TEST_STEP][PASSED] - if (fileNames[i].contains(".rs")): null

2020-05-27 08:35:00 - [TEST_STEP][PASSED] - fileNames[i] = fileNames[i].replace(".rs", ""): null

2020-05-27 08:35:00 - [TEST_STEP][PASSED] - testObjects.add(objectSubFolder + fileNames[i]): null

2020-05-27 08:35:00 - [TEST_STEP][PASSED] - if (fileNames[i].contains(".rs")): null

2020-05-27 08:35:00 - [TEST_STEP][PASSED] - if (fileNames[i].contains(".rs")): null

2020-05-27 08:35:00 - [TEST_STEP][PASSED] - fileNames[i] = fileNames[i].replace(".rs", ""): null

2020-05-27 08:35:00 - [TEST_STEP][PASSED] - testObjects.add(objectSubFolder + fileNames[i]): null

2020-05-27 08:35:00 - [TEST_STEP][PASSED] - if (fileNames[i].contains(".rs")): null

2020-05-27 08:35:00 - [TEST_STEP][PASSED] - fileNames[i] = fileNames[i].replace(".rs", ""): null

2020-05-27 08:35:00 - [TEST_STEP][PASSED] - testObjects.add(objectSubFolder + fileNames[i]): null

2020-05-27 08:35:00 - [TEST_STEP][PASSED] - if (fileNames[i].contains(".rs")): null

2020-05-27 08:35:00 - [TEST_STEP][PASSED] - fileNames[i] = fileNames[i].replace(".rs", ""): null

2020-05-27 08:35:00 - [TEST_STEP][PASSED] - testObjects.add(objectSubFolder + fileNames[i]): null

2020-05-27 08:35:00 - [TEST_STEP][PASSED] - if (fileNames[i].contains(".rs")): null

2020-05-27 08:35:00 - [TEST_STEP][PASSED] - fileNames[i] = fileNames[i].replace(".rs", ""): null

2020-05-27 08:35:00 - [TEST_STEP][PASSED] - testObjects.add(objectSubFolder + fileNames[i]): null

2020-05-27 08:35:00 - [TEST_STEP][PASSED] - if (fileNames[i].contains(".rs")): null

2020-05-27 08:35:00 - [TEST_STEP][PASSED] - fileNames[i] = fileNames[i].replace(".rs", ""): null

2020-05-27 08:35:00 - [TEST_STEP][PASSED] - testObjects.add(objectSubFolder + fileNames[i]): null

2020-05-27 08:35:00 - [TEST_STEP][PASSED] - if (fileNames[i].contains(".rs")): null

2020-05-27 08:35:00 - [TEST_STEP][PASSED] - fileNames[i] = fileNames[i].replace(".rs", ""): null

2020-05-27 08:35:00 - [TEST_STEP][PASSED] - testObjects.add(objectSubFolder + fileNames[i]): null

2020-05-27 08:35:00 - [TEST_STEP][PASSED] - if (fileNames[i].contains(".rs")): null

2020-05-27 08:35:00 - [TEST_STEP][PASSED] - fileNames[i] = fileNames[i].replace(".rs", ""): null

2020-05-27 08:35:00 - [TEST_STEP][PASSED] - testObjects.add(objectSubFolder + fileNames[i]): null

2020-05-27 08:35:00 - [TEST_STEP][PASSED] - if (fileNames[i].contains(".rs")): null

2020-05-27 08:35:00 - [TEST_STEP][PASSED] - fileNames[i] = fileNames[i].replace(".rs", ""): null

2020-05-27 08:35:00 - [TEST_STEP][PASSED] - testObjects.add(objectSubFolder + fileNames[i]): null

2020-05-27 08:35:00 - [TEST_STEP][PASSED] - if (fileNames[i].contains(".rs")): null

2020-05-27 08:35:00 - [TEST_STEP][PASSED] - fileNames[i] = fileNames[i].replace(".rs", ""): null

2020-05-27 08:35:00 - [TEST_STEP][PASSED] - testObjects.add(objectSubFolder + fileNames[i]): null

2020-05-27 08:35:00 - [TEST_STEP][PASSED] - if (fileNames[i].contains(".rs")): null

2020-05-27 08:35:00 - [TEST_STEP][PASSED] - fileNames[i] = fileNames[i].replace(".rs", ""): null

2020-05-27 08:35:00 - [TEST_STEP][PASSED] - testObjects.add(objectSubFolder + fileNames[i]): null

2020-05-27 08:35:00 - [TEST_STEP][PASSED] - if (fileNames[i].contains(".rs")): null

2020-05-27 08:35:00 - [TEST_STEP][PASSED] - fileNames[i] = fileNames[i].replace(".rs", ""): null

2020-05-27 08:35:00 - [TEST_STEP][PASSED] - testObjects.add(objectSubFolder + fileNames[i]): null

2020-05-27 08:35:00 - [TEST_STEP][PASSED] - if (fileNames[i].contains(".rs")): null

2020-05-27 08:35:00 - [TEST_STEP][PASSED] - fileNames[i] = fileNames[i].replace(".rs", ""): null

2020-05-27 08:35:00 - [TEST_STEP][PASSED] - testObjects.add(objectSubFolder + fileNames[i]): null

2020-05-27 08:35:00 - [TEST_STEP][PASSED] - if (fileNames[i].contains(".rs")): null

2020-05-27 08:35:00 - [TEST_STEP][PASSED] - fileNames[i] = fileNames[i].replace(".rs", ""): null

2020-05-27 08:35:00 - [TEST_STEP][PASSED] - testObjects.add(objectSubFolder + fileNames[i]): null

2020-05-27 08:35:00 - [TEST_STEP][PASSED] - for (String obj : testObjects): Object 'Object Repository/Web RoomMe.id\RoomMe.id Landlord Page\Textfield Phone Number' is visible

2020-05-27 08:35:00 - [TEST_STEP][PASSED] - verifyElementVisible(findTestObject(obj)): Object 'Object Repository/Web RoomMe.id\RoomMe.id Landlord Page\Button Submit' is visible

2020-05-27 08:35:00 - [MESSAGE][PASSED] - Object 'Object Repository/Web RoomMe.id\RoomMe.id Landlord Page\Button Submit' is visible

2020-05-27 08:35:00 - [TEST_STEP][PASSED] - verifyElementVisible(findTestObject(obj)): Object 'Object Repository/Web RoomMe.id\RoomMe.id Landlord Page\Image Landlord' is visible

2020-05-27 08:35:00 - [MESSAGE][PASSED] - Object 'Object Repository/Web RoomMe.id\RoomMe.id Landlord Page\Image Landlord' is visible

2020-05-27 08:35:00 - [TEST_STEP][PASSED] - verifyElementVisible(findTestObject(obj)): Object 'Object Repository/Web RoomMe.id\RoomMe.id Landlord Page\Text 4 Easy Steps to Become Landlord' is visible

2020-05-27 08:35:01 - [MESSAGE][PASSED] - Object 'Object Repository/Web RoomMe.id\RoomMe.id Landlord Page\Text 4 Easy Steps to Become Landlord' is visible

2020-05-27 08:35:01 - [TEST_STEP][PASSED] - verifyElementVisible(findTestObject(obj)): Object 'Object Repository/Web RoomMe.id\RoomMe.id Landlord Page\Text Complete all the necessary document' is visible

2020-05-27 08:35:01 - [MESSAGE][PASSED] - Object 'Object Repository/Web RoomMe.id\RoomMe.id Landlord Page\Text Complete all the necessary document' is visible

2020-05-27 08:35:01 - [TEST_STEP][PASSED] - verifyElementVisible(findTestObject(obj)): Object 'Object Repository/Web RoomMe.id\RoomMe.id Landlord Page\Text Contract Agreement' is visible

2020-05-27 08:35:02 - [MESSAGE][PASSED] - Object 'Object Repository/Web RoomMe.id\RoomMe.id Landlord Page\Text Contract Agreement' is visible

2020-05-27 08:35:02 - [TEST_STEP][PASSED] - verifyElementVisible(findTestObject(obj)): Object 'Object Repository/Web RoomMe.id\RoomMe.id Landlord Page\Text Fill Out Our Form' is visible

2020-05-27 08:35:02 - [MESSAGE][PASSED] - Object 'Object Repository/Web RoomMe.id\RoomMe.id Landlord Page\Text Fill Out Our Form' is visible

2020-05-27 08:35:02 - [TEST_STEP][PASSED] - verifyElementVisible(findTestObject(obj)): Object 'Object Repository/Web RoomMe.id\RoomMe.id Landlord Page\Text Get Promoted' is visible

2020-05-27 08:35:02 - [MESSAGE][PASSED] - Object 'Object Repository/Web RoomMe.id\RoomMe.id Landlord Page\Text Get Promoted' is visible

2020-05-27 08:35:02 - [TEST_STEP][PASSED] - verifyElementVisible(findTestObject(obj)): Object 'Object Repository/Web RoomMe.id\RoomMe.id Landlord Page\Text List your property at RoomMe' is visible

2020-05-27 08:35:02 - [MESSAGE][PASSED] - Object 'Object Repository/Web RoomMe.id\RoomMe.id Landlord Page\Text List your property at RoomMe' is visible

2020-05-27 08:35:02 - [TEST_STEP][PASSED] - verifyElementVisible(findTestObject(obj)): Object 'Object Repository/Web RoomMe.id\RoomMe.id Landlord Page\Text Our staff will be in touch with you and schedule a site visit' is visible

2020-05-27 08:35:03 - [MESSAGE][PASSED] - Object 'Object Repository/Web RoomMe.id\RoomMe.id Landlord Page\Text Our staff will be in touch with you and schedule a site visit' is visible

2020-05-27 08:35:03 - [TEST_STEP][PASSED] - verifyElementVisible(findTestObject(obj)): Object 'Object Repository/Web RoomMe.id\RoomMe.id Landlord Page\Text Please share your contact info and we will share the details' is visible

2020-05-27 08:35:03 - [MESSAGE][PASSED] - Object 'Object Repository/Web RoomMe.id\RoomMe.id Landlord Page\Text Please share your contact info and we will share the details' is visible

2020-05-27 08:35:03 - [TEST_STEP][PASSED] - verifyElementVisible(findTestObject(obj)): Object 'Object Repository/Web RoomMe.id\RoomMe.id Landlord Page\Text Register Your Unit' is visible

2020-05-27 08:35:03 - [MESSAGE][PASSED] - Object 'Object Repository/Web RoomMe.id\RoomMe.id Landlord Page\Text Register Your Unit' is visible

2020-05-27 08:35:03 - [TEST_STEP][PASSED] - verifyElementVisible(findTestObject(obj)): Object 'Object Repository/Web RoomMe.id\RoomMe.id Landlord Page\Text Sit back Relax and Get Popular' is visible

2020-05-27 08:35:04 - [MESSAGE][PASSED] - Object 'Object Repository/Web RoomMe.id\RoomMe.id Landlord Page\Text Sit back Relax and Get Popular' is visible

2020-05-27 08:35:04 - [TEST_STEP][PASSED] - verifyElementVisible(findTestObject(obj)): Object 'Object Repository/Web RoomMe.id\RoomMe.id Landlord Page\Text Wait For Visit' is visible

2020-05-27 08:35:04 - [MESSAGE][PASSED] - Object 'Object Repository/Web RoomMe.id\RoomMe.id Landlord Page\Text Wait For Visit' is visible

2020-05-27 08:35:04 - [TEST_STEP][PASSED] - verifyElementVisible(findTestObject(obj)): Object 'Object Repository/Web RoomMe.id\RoomMe.id Landlord Page\Textfield Name' is visible

2020-05-27 08:35:04 - [MESSAGE][PASSED] - Object 'Object Repository/Web RoomMe.id\RoomMe.id Landlord Page\Textfield Name' is visible

2020-05-27 08:35:04 - [TEST_STEP][PASSED] - verifyElementVisible(findTestObject(obj)): Object 'Object Repository/Web RoomMe.id\RoomMe.id Landlord Page\Textfield Phone Number' is visible

2020-05-27 08:35:05 - [MESSAGE][PASSED] - Object 'Object Repository/Web RoomMe.id\RoomMe.id Landlord Page\Textfield Phone Number' is visible

2020-05-27 08:35:05 - [MESSAGE][PASSED] - Call Test Case 'Test Cases/Web RoomMe.id/7. Landlord/Verify Landlord Page' successfully

2020-05-27 08:35:05 - [MESSAGE][PASSED] - Call Test Case 'Test Cases/Web RoomMe.id/7. Landlord/1. Customer Access Landlord Page From Header' successfully

2020-05-27 08:35:05 - [TEST_STEP][PASSED] - waitForElementVisible(findTestObject("Web RoomMe.id/RoomMe.id Landlord Page/Textfield Phone Number"), 0): Object 'Object Repository/Web RoomMe.id/RoomMe.id Landlord Page/Textfield Phone Number' is visible

2020-05-27 08:35:05 - [MESSAGE][WARNING] - Timeout '0' is invalid. Using default page load timeout: '60'

2020-05-27 08:35:05 - [MESSAGE][PASSED] - Object 'Object Repository/Web RoomMe.id/RoomMe.id Landlord Page/Textfield Phone Number' is visible

2020-05-27 08:35:05 - [TEST_STEP][PASSED] - sendKeys(findTestObject("Web RoomMe.id/RoomMe.id Landlord Page/Textfield Phone Number"), "123"): Keys '123' sent to object: 'Object Repository/Web RoomMe.id/RoomMe.id Landlord Page/Textfield Phone Number'

2020-05-27 08:35:05 - [MESSAGE][PASSED] - Keys '123' sent to object: 'Object Repository/Web RoomMe.id/RoomMe.id Landlord Page/Textfield Phone Number'

2020-05-27 08:35:05 - [TEST_STEP][PASSED] - waitForElementVisible(findTestObject("Web RoomMe.id/RoomMe.id Landlord Page/Error Message/Text Mobile number contains at least 10 Digits"), 0): Object 'Object Repository/Web RoomMe.id/RoomMe.id Landlord Page/Error Message/Text Mobile number contains at least 10 Digits' is visible

2020-05-27 08:35:05 - [MESSAGE][WARNING] - Timeout '0' is invalid. Using default page load timeout: '60'

2020-05-27 08:35:06 - [MESSAGE][PASSED] - Object 'Object Repository/Web RoomMe.id/RoomMe.id Landlord Page/Error Message/Text Mobile number contains at least 10 Digits' is visible

2020-05-27 08:35:06 - [TEST_STEP][PASSED] - sendKeys(findTestObject("Web RoomMe.id/RoomMe.id Landlord Page/Textfield Phone Number"), Keys.chord(CONTROL, "a", BACK_SPACE)): Keys 'CONTROL + BACK_SPACE + a' sent to object: 'Object Repository/Web RoomMe.id/RoomMe.id Landlord Page/Textfield Phone Number'

2020-05-27 08:35:06 - [MESSAGE][PASSED] - Keys 'CONTROL + BACK_SPACE + a' sent to object: 'Object Repository/Web RoomMe.id/RoomMe.id Landlord Page/Textfield Phone Number'

2020-05-27 08:35:06 - [TEST_STEP][PASSED] - sendKeys(findTestObject("Web RoomMe.id/RoomMe.id Landlord Page/Textfield Phone Number"), "0123456789012"): Keys '0123456789012' sent to object: 'Object Repository/Web RoomMe.id/RoomMe.id Landlord Page/Textfield Phone Number'

2020-05-27 08:35:07 - [MESSAGE][PASSED] - Keys '0123456789012' sent to object: 'Object Repository/Web RoomMe.id/RoomMe.id Landlord Page/Textfield Phone Number'

2020-05-27 08:35:07 - [TEST_STEP][PASSED] - waitForElementVisible(findTestObject("Web RoomMe.id/RoomMe.id Landlord Page/Error Message/Text Mobile number is invalid"), 0): Object 'Object Repository/Web RoomMe.id/RoomMe.id Landlord Page/Error Message/Text Mobile number is invalid' is visible

2020-05-27 08:35:07 - [MESSAGE][WARNING] - Timeout '0' is invalid. Using default page load timeout: '60'

2020-05-27 08:35:07 - [MESSAGE][PASSED] - Object 'Object Repository/Web RoomMe.id/RoomMe.id Landlord Page/Error Message/Text Mobile number is invalid' is visible

2020-05-27 08:35:07 - [TEST_STEP][PASSED] - sendKeys(findTestObject("Web RoomMe.id/RoomMe.id Landlord Page/Textfield Phone Number"), Keys.chord(CONTROL, "a", BACK_SPACE)): Keys 'CONTROL + BACK_SPACE + a' sent to object: 'Object Repository/Web RoomMe.id/RoomMe.id Landlord Page/Textfield Phone Number'

2020-05-27 08:35:07 - [MESSAGE][PASSED] - Keys 'CONTROL + BACK_SPACE + a' sent to object: 'Object Repository/Web RoomMe.id/RoomMe.id Landlord Page/Textfield Phone Number'

2020-05-27 08:35:07 - [TEST_STEP][PASSED] - waitForElementVisible(findTestObject("Web RoomMe.id/RoomMe.id Landlord Page/Error Message/Text Mobile number is required"), 0): Object 'Object Repository/Web RoomMe.id/RoomMe.id Landlord Page/Error Message/Text Mobile number is required' is visible

2020-05-27 08:35:07 - [MESSAGE][WARNING] - Timeout '0' is invalid. Using default page load timeout: '60'

2020-05-27 08:35:08 - [MESSAGE][PASSED] - Object 'Object Repository/Web RoomMe.id/RoomMe.id Landlord Page/Error Message/Text Mobile number is required' is visible]]></system-out>
         <system-err><![CDATA[]]></system-err>
      </testcase>
      <testcase name="Test Cases/Web RoomMe.id/7. Landlord/8. Customer Submit Contact With Invalid Data" time="20.634" classname="Test Cases/Web RoomMe.id/7. Landlord/8. Customer Submit Contact With Invalid Data" status="PASSED">
         <system-out><![CDATA[2020-05-27 08:35:08 - [TEST_CASE][PASSED] - Test Cases/Web RoomMe.id/7. Landlord/8. Customer Submit Contact With Invalid Data: Test Cases/Web RoomMe.id/7. Landlord/8. Customer Submit Contact With Invalid Data

2020-05-27 08:35:08 - [TEST_STEP][PASSED] - callTestCase(findTestCase("Web RoomMe.id/7. Landlord/1. Customer Access Landlord Page From Header"), [:], STOP_ON_FAILURE): Call Test Case 'Test Cases/Web RoomMe.id/7. Landlord/1. Customer Access Landlord Page From Header' successfully

2020-05-27 08:35:08 - [TEST_CASE][PASSED] - Test Cases/Web RoomMe.id/7. Landlord/1. Customer Access Landlord Page From Header: Test Cases/Web RoomMe.id/7. Landlord/1. Customer Access Landlord Page From Header

2020-05-27 08:35:08 - [TEST_STEP][PASSED] - callTestCase(findTestCase("Web RoomMe.id/1. Homepage/1. Customer Access RoomMe Page"), [:], STOP_ON_FAILURE): Call Test Case 'Test Cases/Web RoomMe.id/1. Homepage/1. Customer Access RoomMe Page' successfully

2020-05-27 08:35:08 - [TEST_CASE][PASSED] - Test Cases/Web RoomMe.id/1. Homepage/1. Customer Access RoomMe Page: Test Cases/Web RoomMe.id/1. Homepage/1. Customer Access RoomMe Page

2020-05-27 08:35:08 - [TEST_STEP][PASSED] - openBrowser(url): Browser is opened with url: 'roomme.id'

2020-05-27 08:35:08 - [MESSAGE][WARNING] - A browser is already opened. Closing browser and opening a new one

2020-05-27 08:35:09 - [MESSAGE][INFO] - Starting 'Chrome' driver

2020-05-27 08:35:17 - [MESSAGE][PASSED] - Browser is opened with url: 'roomme.id'

2020-05-27 08:35:17 - [TEST_STEP][PASSED] - maximizeWindow(): Current window maximized

2020-05-27 08:35:19 - [MESSAGE][PASSED] - Current window maximized

2020-05-27 08:35:19 - [TEST_STEP][PASSED] - waitForPageLoad(0): Wait for page load successfully

2020-05-27 08:35:19 - [MESSAGE][WARNING] - Timeout '0' is invalid. Using default page load timeout: '60'

2020-05-27 08:35:19 - [MESSAGE][PASSED] - Wait for page load successfully

2020-05-27 08:35:19 - [MESSAGE][PASSED] - Call Test Case 'Test Cases/Web RoomMe.id/1. Homepage/1. Customer Access RoomMe Page' successfully

2020-05-27 08:35:19 - [TEST_STEP][PASSED] - waitForElementVisible(findTestObject("Web RoomMe.id/RoomMe.id Header/Button Are You Landlord"), 30): Object 'Object Repository/Web RoomMe.id/RoomMe.id Header/Button Are You Landlord' is visible

2020-05-27 08:35:20 - [MESSAGE][PASSED] - Object 'Object Repository/Web RoomMe.id/RoomMe.id Header/Button Are You Landlord' is visible

2020-05-27 08:35:20 - [TEST_STEP][PASSED] - click(findTestObject("Web RoomMe.id/RoomMe.id Header/Button Are You Landlord")): Object: 'Object Repository/Web RoomMe.id/RoomMe.id Header/Button Are You Landlord' is clicked on

2020-05-27 08:35:21 - [MESSAGE][PASSED] - Object: 'Object Repository/Web RoomMe.id/RoomMe.id Header/Button Are You Landlord' is clicked on

2020-05-27 08:35:21 - [TEST_STEP][PASSED] - waitForPageLoad(0): Wait for page load successfully

2020-05-27 08:35:21 - [MESSAGE][WARNING] - Timeout '0' is invalid. Using default page load timeout: '60'

2020-05-27 08:35:22 - [MESSAGE][PASSED] - Wait for page load successfully

2020-05-27 08:35:22 - [TEST_STEP][PASSED] - waitForElementVisible(findTestObject("Web RoomMe.id/RoomMe.id Landlord Page/Image Landlord"), 30): Object 'Object Repository/Web RoomMe.id/RoomMe.id Landlord Page/Image Landlord' is visible

2020-05-27 08:35:22 - [MESSAGE][PASSED] - Object 'Object Repository/Web RoomMe.id/RoomMe.id Landlord Page/Image Landlord' is visible

2020-05-27 08:35:22 - [TEST_STEP][PASSED] - callTestCase(findTestCase("Web RoomMe.id/7. Landlord/Verify Landlord Page"), [:], STOP_ON_FAILURE): Call Test Case 'Test Cases/Web RoomMe.id/7. Landlord/Verify Landlord Page' successfully

2020-05-27 08:35:22 - [TEST_CASE][PASSED] - Test Cases/Web RoomMe.id/7. Landlord/Verify Landlord Page: Test Cases/Web RoomMe.id/7. Landlord/Verify Landlord Page

2020-05-27 08:35:22 - [TEST_STEP][PASSED] - objectSubFolder = "Web RoomMe.id\RoomMe.id Landlord Page\": null

2020-05-27 08:35:22 - [TEST_STEP][PASSED] - pathToObjRep = getProjectDir() + "\Object Repository\" + objectSubFolder: null

2020-05-27 08:35:22 - [TEST_STEP][PASSED] - yourObjects = new java.io.File(pathToObjRep): null

2020-05-27 08:35:22 - [TEST_STEP][PASSED] - fileNames = yourObjects.list(): null

2020-05-27 08:35:22 - [TEST_STEP][PASSED] - testObjects = new java.util.ArrayList(): null

2020-05-27 08:35:22 - [TEST_STEP][PASSED] - for ([i = 0, i < length, (i++)]): null

2020-05-27 08:35:22 - [TEST_STEP][PASSED] - if (fileNames[i].contains(".rs")): null

2020-05-27 08:35:22 - [TEST_STEP][PASSED] - if (fileNames[i].contains(".rs")): null

2020-05-27 08:35:22 - [TEST_STEP][PASSED] - fileNames[i] = fileNames[i].replace(".rs", ""): null

2020-05-27 08:35:22 - [TEST_STEP][PASSED] - testObjects.add(objectSubFolder + fileNames[i]): null

2020-05-27 08:35:22 - [TEST_STEP][PASSED] - if (fileNames[i].contains(".rs")): null

2020-05-27 08:35:22 - [TEST_STEP][PASSED] - if (fileNames[i].contains(".rs")): null

2020-05-27 08:35:22 - [TEST_STEP][PASSED] - fileNames[i] = fileNames[i].replace(".rs", ""): null

2020-05-27 08:35:22 - [TEST_STEP][PASSED] - testObjects.add(objectSubFolder + fileNames[i]): null

2020-05-27 08:35:22 - [TEST_STEP][PASSED] - if (fileNames[i].contains(".rs")): null

2020-05-27 08:35:22 - [TEST_STEP][PASSED] - if (fileNames[i].contains(".rs")): null

2020-05-27 08:35:22 - [TEST_STEP][PASSED] - fileNames[i] = fileNames[i].replace(".rs", ""): null

2020-05-27 08:35:22 - [TEST_STEP][PASSED] - testObjects.add(objectSubFolder + fileNames[i]): null

2020-05-27 08:35:22 - [TEST_STEP][PASSED] - if (fileNames[i].contains(".rs")): null

2020-05-27 08:35:22 - [TEST_STEP][PASSED] - fileNames[i] = fileNames[i].replace(".rs", ""): null

2020-05-27 08:35:22 - [TEST_STEP][PASSED] - testObjects.add(objectSubFolder + fileNames[i]): null

2020-05-27 08:35:22 - [TEST_STEP][PASSED] - if (fileNames[i].contains(".rs")): null

2020-05-27 08:35:22 - [TEST_STEP][PASSED] - fileNames[i] = fileNames[i].replace(".rs", ""): null

2020-05-27 08:35:22 - [TEST_STEP][PASSED] - testObjects.add(objectSubFolder + fileNames[i]): null

2020-05-27 08:35:22 - [TEST_STEP][PASSED] - if (fileNames[i].contains(".rs")): null

2020-05-27 08:35:22 - [TEST_STEP][PASSED] - fileNames[i] = fileNames[i].replace(".rs", ""): null

2020-05-27 08:35:22 - [TEST_STEP][PASSED] - testObjects.add(objectSubFolder + fileNames[i]): null

2020-05-27 08:35:22 - [TEST_STEP][PASSED] - if (fileNames[i].contains(".rs")): null

2020-05-27 08:35:22 - [TEST_STEP][PASSED] - fileNames[i] = fileNames[i].replace(".rs", ""): null

2020-05-27 08:35:22 - [TEST_STEP][PASSED] - testObjects.add(objectSubFolder + fileNames[i]): null

2020-05-27 08:35:22 - [TEST_STEP][PASSED] - if (fileNames[i].contains(".rs")): null

2020-05-27 08:35:22 - [TEST_STEP][PASSED] - fileNames[i] = fileNames[i].replace(".rs", ""): null

2020-05-27 08:35:22 - [TEST_STEP][PASSED] - testObjects.add(objectSubFolder + fileNames[i]): null

2020-05-27 08:35:22 - [TEST_STEP][PASSED] - if (fileNames[i].contains(".rs")): null

2020-05-27 08:35:22 - [TEST_STEP][PASSED] - fileNames[i] = fileNames[i].replace(".rs", ""): null

2020-05-27 08:35:22 - [TEST_STEP][PASSED] - testObjects.add(objectSubFolder + fileNames[i]): null

2020-05-27 08:35:22 - [TEST_STEP][PASSED] - if (fileNames[i].contains(".rs")): null

2020-05-27 08:35:22 - [TEST_STEP][PASSED] - fileNames[i] = fileNames[i].replace(".rs", ""): null

2020-05-27 08:35:22 - [TEST_STEP][PASSED] - testObjects.add(objectSubFolder + fileNames[i]): null

2020-05-27 08:35:22 - [TEST_STEP][PASSED] - if (fileNames[i].contains(".rs")): null

2020-05-27 08:35:22 - [TEST_STEP][PASSED] - fileNames[i] = fileNames[i].replace(".rs", ""): null

2020-05-27 08:35:22 - [TEST_STEP][PASSED] - testObjects.add(objectSubFolder + fileNames[i]): null

2020-05-27 08:35:22 - [TEST_STEP][PASSED] - if (fileNames[i].contains(".rs")): null

2020-05-27 08:35:22 - [TEST_STEP][PASSED] - fileNames[i] = fileNames[i].replace(".rs", ""): null

2020-05-27 08:35:22 - [TEST_STEP][PASSED] - testObjects.add(objectSubFolder + fileNames[i]): null

2020-05-27 08:35:22 - [TEST_STEP][PASSED] - if (fileNames[i].contains(".rs")): null

2020-05-27 08:35:22 - [TEST_STEP][PASSED] - fileNames[i] = fileNames[i].replace(".rs", ""): null

2020-05-27 08:35:22 - [TEST_STEP][PASSED] - testObjects.add(objectSubFolder + fileNames[i]): null

2020-05-27 08:35:22 - [TEST_STEP][PASSED] - if (fileNames[i].contains(".rs")): null

2020-05-27 08:35:22 - [TEST_STEP][PASSED] - fileNames[i] = fileNames[i].replace(".rs", ""): null

2020-05-27 08:35:22 - [TEST_STEP][PASSED] - testObjects.add(objectSubFolder + fileNames[i]): null

2020-05-27 08:35:22 - [TEST_STEP][PASSED] - if (fileNames[i].contains(".rs")): null

2020-05-27 08:35:22 - [TEST_STEP][PASSED] - fileNames[i] = fileNames[i].replace(".rs", ""): null

2020-05-27 08:35:22 - [TEST_STEP][PASSED] - testObjects.add(objectSubFolder + fileNames[i]): null

2020-05-27 08:35:22 - [TEST_STEP][PASSED] - for (String obj : testObjects): Object 'Object Repository/Web RoomMe.id\RoomMe.id Landlord Page\Textfield Phone Number' is visible

2020-05-27 08:35:22 - [TEST_STEP][PASSED] - verifyElementVisible(findTestObject(obj)): Object 'Object Repository/Web RoomMe.id\RoomMe.id Landlord Page\Button Submit' is visible

2020-05-27 08:35:22 - [MESSAGE][PASSED] - Object 'Object Repository/Web RoomMe.id\RoomMe.id Landlord Page\Button Submit' is visible

2020-05-27 08:35:22 - [TEST_STEP][PASSED] - verifyElementVisible(findTestObject(obj)): Object 'Object Repository/Web RoomMe.id\RoomMe.id Landlord Page\Image Landlord' is visible

2020-05-27 08:35:23 - [MESSAGE][PASSED] - Object 'Object Repository/Web RoomMe.id\RoomMe.id Landlord Page\Image Landlord' is visible

2020-05-27 08:35:23 - [TEST_STEP][PASSED] - verifyElementVisible(findTestObject(obj)): Object 'Object Repository/Web RoomMe.id\RoomMe.id Landlord Page\Text 4 Easy Steps to Become Landlord' is visible

2020-05-27 08:35:23 - [MESSAGE][PASSED] - Object 'Object Repository/Web RoomMe.id\RoomMe.id Landlord Page\Text 4 Easy Steps to Become Landlord' is visible

2020-05-27 08:35:23 - [TEST_STEP][PASSED] - verifyElementVisible(findTestObject(obj)): Object 'Object Repository/Web RoomMe.id\RoomMe.id Landlord Page\Text Complete all the necessary document' is visible

2020-05-27 08:35:23 - [MESSAGE][PASSED] - Object 'Object Repository/Web RoomMe.id\RoomMe.id Landlord Page\Text Complete all the necessary document' is visible

2020-05-27 08:35:23 - [TEST_STEP][PASSED] - verifyElementVisible(findTestObject(obj)): Object 'Object Repository/Web RoomMe.id\RoomMe.id Landlord Page\Text Contract Agreement' is visible

2020-05-27 08:35:24 - [MESSAGE][PASSED] - Object 'Object Repository/Web RoomMe.id\RoomMe.id Landlord Page\Text Contract Agreement' is visible

2020-05-27 08:35:24 - [TEST_STEP][PASSED] - verifyElementVisible(findTestObject(obj)): Object 'Object Repository/Web RoomMe.id\RoomMe.id Landlord Page\Text Fill Out Our Form' is visible

2020-05-27 08:35:24 - [MESSAGE][PASSED] - Object 'Object Repository/Web RoomMe.id\RoomMe.id Landlord Page\Text Fill Out Our Form' is visible

2020-05-27 08:35:24 - [TEST_STEP][PASSED] - verifyElementVisible(findTestObject(obj)): Object 'Object Repository/Web RoomMe.id\RoomMe.id Landlord Page\Text Get Promoted' is visible

2020-05-27 08:35:25 - [MESSAGE][PASSED] - Object 'Object Repository/Web RoomMe.id\RoomMe.id Landlord Page\Text Get Promoted' is visible

2020-05-27 08:35:25 - [TEST_STEP][PASSED] - verifyElementVisible(findTestObject(obj)): Object 'Object Repository/Web RoomMe.id\RoomMe.id Landlord Page\Text List your property at RoomMe' is visible

2020-05-27 08:35:25 - [MESSAGE][PASSED] - Object 'Object Repository/Web RoomMe.id\RoomMe.id Landlord Page\Text List your property at RoomMe' is visible

2020-05-27 08:35:25 - [TEST_STEP][PASSED] - verifyElementVisible(findTestObject(obj)): Object 'Object Repository/Web RoomMe.id\RoomMe.id Landlord Page\Text Our staff will be in touch with you and schedule a site visit' is visible

2020-05-27 08:35:25 - [MESSAGE][PASSED] - Object 'Object Repository/Web RoomMe.id\RoomMe.id Landlord Page\Text Our staff will be in touch with you and schedule a site visit' is visible

2020-05-27 08:35:25 - [TEST_STEP][PASSED] - verifyElementVisible(findTestObject(obj)): Object 'Object Repository/Web RoomMe.id\RoomMe.id Landlord Page\Text Please share your contact info and we will share the details' is visible

2020-05-27 08:35:25 - [MESSAGE][PASSED] - Object 'Object Repository/Web RoomMe.id\RoomMe.id Landlord Page\Text Please share your contact info and we will share the details' is visible

2020-05-27 08:35:25 - [TEST_STEP][PASSED] - verifyElementVisible(findTestObject(obj)): Object 'Object Repository/Web RoomMe.id\RoomMe.id Landlord Page\Text Register Your Unit' is visible

2020-05-27 08:35:26 - [MESSAGE][PASSED] - Object 'Object Repository/Web RoomMe.id\RoomMe.id Landlord Page\Text Register Your Unit' is visible

2020-05-27 08:35:26 - [TEST_STEP][PASSED] - verifyElementVisible(findTestObject(obj)): Object 'Object Repository/Web RoomMe.id\RoomMe.id Landlord Page\Text Sit back Relax and Get Popular' is visible

2020-05-27 08:35:26 - [MESSAGE][PASSED] - Object 'Object Repository/Web RoomMe.id\RoomMe.id Landlord Page\Text Sit back Relax and Get Popular' is visible

2020-05-27 08:35:26 - [TEST_STEP][PASSED] - verifyElementVisible(findTestObject(obj)): Object 'Object Repository/Web RoomMe.id\RoomMe.id Landlord Page\Text Wait For Visit' is visible

2020-05-27 08:35:26 - [MESSAGE][PASSED] - Object 'Object Repository/Web RoomMe.id\RoomMe.id Landlord Page\Text Wait For Visit' is visible

2020-05-27 08:35:26 - [TEST_STEP][PASSED] - verifyElementVisible(findTestObject(obj)): Object 'Object Repository/Web RoomMe.id\RoomMe.id Landlord Page\Textfield Name' is visible

2020-05-27 08:35:27 - [MESSAGE][PASSED] - Object 'Object Repository/Web RoomMe.id\RoomMe.id Landlord Page\Textfield Name' is visible

2020-05-27 08:35:27 - [TEST_STEP][PASSED] - verifyElementVisible(findTestObject(obj)): Object 'Object Repository/Web RoomMe.id\RoomMe.id Landlord Page\Textfield Phone Number' is visible

2020-05-27 08:35:27 - [MESSAGE][PASSED] - Object 'Object Repository/Web RoomMe.id\RoomMe.id Landlord Page\Textfield Phone Number' is visible

2020-05-27 08:35:27 - [MESSAGE][PASSED] - Call Test Case 'Test Cases/Web RoomMe.id/7. Landlord/Verify Landlord Page' successfully

2020-05-27 08:35:27 - [MESSAGE][PASSED] - Call Test Case 'Test Cases/Web RoomMe.id/7. Landlord/1. Customer Access Landlord Page From Header' successfully

2020-05-27 08:35:27 - [TEST_STEP][PASSED] - waitForElementVisible(findTestObject("Web RoomMe.id/RoomMe.id Landlord Page/Button Submit"), 0): Object 'Object Repository/Web RoomMe.id/RoomMe.id Landlord Page/Button Submit' is visible

2020-05-27 08:35:27 - [MESSAGE][WARNING] - Timeout '0' is invalid. Using default page load timeout: '60'

2020-05-27 08:35:27 - [MESSAGE][PASSED] - Object 'Object Repository/Web RoomMe.id/RoomMe.id Landlord Page/Button Submit' is visible

2020-05-27 08:35:27 - [TEST_STEP][PASSED] - click(findTestObject("Web RoomMe.id/RoomMe.id Landlord Page/Button Submit")): Object: 'Object Repository/Web RoomMe.id/RoomMe.id Landlord Page/Button Submit' is clicked on

2020-05-27 08:35:28 - [MESSAGE][PASSED] - Object: 'Object Repository/Web RoomMe.id/RoomMe.id Landlord Page/Button Submit' is clicked on

2020-05-27 08:35:28 - [TEST_STEP][PASSED] - waitForElementVisible(findTestObject("Web RoomMe.id/RoomMe.id Landlord Page/Error Message/Text Name is required"), 0): Object 'Object Repository/Web RoomMe.id/RoomMe.id Landlord Page/Error Message/Text Name is required' is visible

2020-05-27 08:35:28 - [MESSAGE][WARNING] - Timeout '0' is invalid. Using default page load timeout: '60'

2020-05-27 08:35:28 - [MESSAGE][PASSED] - Object 'Object Repository/Web RoomMe.id/RoomMe.id Landlord Page/Error Message/Text Name is required' is visible

2020-05-27 08:35:28 - [TEST_STEP][PASSED] - waitForElementVisible(findTestObject("Web RoomMe.id/RoomMe.id Landlord Page/Error Message/Text Mobile number is required"), 0): Object 'Object Repository/Web RoomMe.id/RoomMe.id Landlord Page/Error Message/Text Mobile number is required' is visible

2020-05-27 08:35:28 - [MESSAGE][WARNING] - Timeout '0' is invalid. Using default page load timeout: '60'

2020-05-27 08:35:29 - [MESSAGE][PASSED] - Object 'Object Repository/Web RoomMe.id/RoomMe.id Landlord Page/Error Message/Text Mobile number is required' is visible]]></system-out>
         <system-err><![CDATA[]]></system-err>
      </testcase>
      <system-out><![CDATA[2020-05-27 08:32:39 - [TEST_SUITE][PASSED] - Customer Access Landlord Page: Test Cases/Web RoomMe.id/7. Landlord/8. Customer Submit Contact With Invalid Data]]></system-out>
      <system-err><![CDATA[]]></system-err>
   </testsuite>
</testsuites>
