<?xml version="1.0" encoding="UTF-8"?>
<testsuites name="Customer Login with Google" time="47.625" tests="1" failures="0" errors="0">
   <testsuite name="Customer Login with Google" tests="1" failures="0" errors="0" time="47.625" timestamp="2020-04-28 10:55:44" hostname="Win 10 - LENNONOVO" id="Test Suites/Web RoomMe.id/Customer Login with Google">
      <properties>
         <property name="deviceName" value=""/>
         <property name="devicePlatform" value=""/>
         <property name="logFolder" value="C:\\Users\\Faldi\\Katalon Studio\\katalonroomme-master\\Reports\\20200428_105040\\Web RoomMe.id\\Customer Login with Google\\20200428_105040"/>
         <property name="logFiles" value="C:\\Users\\Faldi\\Katalon Studio\\katalonroomme-master\\Reports\\20200428_105040\\Web RoomMe.id\\Customer Login with Google\\20200428_105040\\execution0.log"/>
         <property name="attachments" value=""/>
         <property name="hostName" value="Win 10 - LENNONOVO"/>
         <property name="os" value="Windows 10 64bit"/>
         <property name="katalonVersion" value="7.0.0.1"/>
         <property name="browser" value="Chrome 81.0.4044.122"/>
         <property name="hostAddress" value="192.168.1.2"/>
         <property name="sessionId" value="fbc99e9f8e39149864e3852b206abdda"/>
         <property name="seleniumVersion" value="3.141.59"/>
         <property name="proxyInformation" value="ProxyInformation{proxyOption=NO_PROXY, proxyServerType=HTTP, password=, proxyServerAddress=, proxyServerPort=0}"/>
         <property name="platform" value="Windows 10"/>
      </properties>
      <testcase name="Test Cases/Web RoomMe.id/19. Sign In with Google/2. Customer Login with Already Login Google Account" time="45.225" classname="Test Cases/Web RoomMe.id/19. Sign In with Google/2. Customer Login with Already Login Google Account" status="PASSED">
         <system-out><![CDATA[2020-04-28 10:55:44 - [TEST_CASE][PASSED] - Test Cases/Web RoomMe.id/19. Sign In with Google/2. Customer Login with Already Login Google Account: Test Cases/Web RoomMe.id/19. Sign In with Google/2. Customer Login with Already Login Google Account

2020-04-28 10:55:45 - [TEST_STEP][PASSED] - callTestCase(findTestCase("Web RoomMe.id/19. Sign In with Google/1. Customer Login with Registered Gmail"), [:], STOP_ON_FAILURE): Call Test Case 'Test Cases/Web RoomMe.id/19. Sign In with Google/1. Customer Login with Registered Gmail' successfully

2020-04-28 10:55:45 - [TEST_CASE][PASSED] - Test Cases/Web RoomMe.id/19. Sign In with Google/1. Customer Login with Registered Gmail: Test Cases/Web RoomMe.id/19. Sign In with Google/1. Customer Login with Registered Gmail

2020-04-28 10:55:46 - [TEST_STEP][PASSED] - callTestCase(findTestCase("Web RoomMe.id/1. Homepage/1. Customer Access RoomMe Page"), [:], STOP_ON_FAILURE): Call Test Case 'Test Cases/Web RoomMe.id/1. Homepage/1. Customer Access RoomMe Page' successfully

2020-04-28 10:55:46 - [TEST_CASE][PASSED] - Test Cases/Web RoomMe.id/1. Homepage/1. Customer Access RoomMe Page: Test Cases/Web RoomMe.id/1. Homepage/1. Customer Access RoomMe Page

2020-04-28 10:55:46 - [TEST_STEP][PASSED] - openBrowser("https://web.roomme.id/"): Browser is opened with url: 'https://web.roomme.id/'

2020-04-28 10:55:46 - [MESSAGE][INFO] - Starting 'Chrome' driver

2020-04-28 10:55:46 - [MESSAGE][INFO] - Action delay is set to 0 seconds

2020-04-28 10:55:55 - [MESSAGE][PASSED] - Browser is opened with url: 'https://web.roomme.id/'

2020-04-28 10:55:55 - [TEST_STEP][PASSED] - maximizeWindow(): Current window maximized

2020-04-28 10:55:57 - [MESSAGE][PASSED] - Current window maximized

2020-04-28 10:55:57 - [TEST_STEP][PASSED] - waitForPageLoad(0): Wait for page load successfully

2020-04-28 10:55:57 - [MESSAGE][WARNING] - Timeout '0' is invalid. Using default page load timeout: '30'

2020-04-28 10:55:57 - [MESSAGE][PASSED] - Wait for page load successfully

2020-04-28 10:55:57 - [MESSAGE][PASSED] - Call Test Case 'Test Cases/Web RoomMe.id/1. Homepage/1. Customer Access RoomMe Page' successfully

2020-04-28 10:55:57 - [TEST_STEP][PASSED] - waitForElementVisible(findTestObject("Web RoomMe.id/RoomMe.id Header/Button Sign In"), 0): Object 'Object Repository/Web RoomMe.id/RoomMe.id Header/Button Sign In' is visible

2020-04-28 10:55:58 - [MESSAGE][WARNING] - Timeout '0' is invalid. Using default page load timeout: '30'

2020-04-28 10:55:58 - [MESSAGE][PASSED] - Object 'Object Repository/Web RoomMe.id/RoomMe.id Header/Button Sign In' is visible

2020-04-28 10:55:58 - [TEST_STEP][PASSED] - click(findTestObject("Web RoomMe.id/RoomMe.id Header/Button Sign In")): Object: 'Object Repository/Web RoomMe.id/RoomMe.id Header/Button Sign In' is clicked on

2020-04-28 10:55:59 - [MESSAGE][PASSED] - Object: 'Object Repository/Web RoomMe.id/RoomMe.id Header/Button Sign In' is clicked on

2020-04-28 10:55:59 - [TEST_STEP][PASSED] - waitForElementVisible(findTestObject("Web RoomMe.id/Sign In Menu/Button Sign In with Google"), 0): Object 'Object Repository/Web RoomMe.id/Sign In Menu/Button Sign In with Google' is visible

2020-04-28 10:55:59 - [MESSAGE][WARNING] - Timeout '0' is invalid. Using default page load timeout: '30'

2020-04-28 10:56:00 - [MESSAGE][PASSED] - Object 'Object Repository/Web RoomMe.id/Sign In Menu/Button Sign In with Google' is visible

2020-04-28 10:56:00 - [TEST_STEP][PASSED] - click(findTestObject("Web RoomMe.id/Sign In Menu/Button Sign In with Google")): Object: 'Object Repository/Web RoomMe.id/Sign In Menu/Button Sign In with Google' is clicked on

2020-04-28 10:56:00 - [MESSAGE][PASSED] - Object: 'Object Repository/Web RoomMe.id/Sign In Menu/Button Sign In with Google' is clicked on

2020-04-28 10:56:00 - [TEST_STEP][PASSED] - switchToWindowIndex(1): Switched to window with index: '1'

2020-04-28 10:56:00 - [MESSAGE][PASSED] - Switched to window with index: '1'

2020-04-28 10:56:00 - [TEST_STEP][PASSED] - waitForPageLoad(0): Wait for page load successfully

2020-04-28 10:56:00 - [MESSAGE][WARNING] - Timeout '0' is invalid. Using default page load timeout: '30'

2020-04-28 10:56:02 - [MESSAGE][PASSED] - Wait for page load successfully

2020-04-28 10:56:02 - [TEST_STEP][PASSED] - waitForElementVisible(findTestObject("Google Sign In/Textfield Email Google"), 0): Object 'Object Repository/Google Sign In/Textfield Email Google' is visible

2020-04-28 10:56:03 - [MESSAGE][WARNING] - Timeout '0' is invalid. Using default page load timeout: '30'

2020-04-28 10:56:03 - [MESSAGE][PASSED] - Object 'Object Repository/Google Sign In/Textfield Email Google' is visible

2020-04-28 10:56:03 - [TEST_STEP][PASSED] - setText(findTestObject("Google Sign In/Textfield Email Google"), "faldi@roomme.space"): Text 'faldi@roomme.space' is set on object 'Object Repository/Google Sign In/Textfield Email Google'

2020-04-28 10:56:04 - [MESSAGE][PASSED] - Text 'faldi@roomme.space' is set on object 'Object Repository/Google Sign In/Textfield Email Google'

2020-04-28 10:56:04 - [TEST_STEP][PASSED] - click(findTestObject("Google Sign In/Button Berikutnya")): Object: 'Object Repository/Google Sign In/Button Berikutnya' is clicked on

2020-04-28 10:56:04 - [MESSAGE][PASSED] - Object: 'Object Repository/Google Sign In/Button Berikutnya' is clicked on

2020-04-28 10:56:04 - [TEST_STEP][PASSED] - waitForElementVisible(findTestObject("Google Sign In/Textfield Password"), 0): Object 'Object Repository/Google Sign In/Textfield Password' is visible

2020-04-28 10:56:04 - [MESSAGE][WARNING] - Timeout '0' is invalid. Using default page load timeout: '30'

2020-04-28 10:56:06 - [MESSAGE][PASSED] - Object 'Object Repository/Google Sign In/Textfield Password' is visible

2020-04-28 10:56:06 - [TEST_STEP][PASSED] - setEncryptedText(findTestObject("Google Sign In/Textfield Password"), "aWQtAdXqif4Z+35qHGW6CQ=="): Text ****** has been set on object 'Object Repository/Google Sign In/Textfield Password'

2020-04-28 10:56:07 - [MESSAGE][PASSED] - Text ****** has been set on object 'Object Repository/Google Sign In/Textfield Password'

2020-04-28 10:56:07 - [TEST_STEP][PASSED] - click(findTestObject("Google Sign In/Button Berikutnya (Password)")): Object: 'Object Repository/Google Sign In/Button Berikutnya (Password)' is clicked on

2020-04-28 10:56:08 - [MESSAGE][PASSED] - Object: 'Object Repository/Google Sign In/Button Berikutnya (Password)' is clicked on

2020-04-28 10:56:08 - [TEST_STEP][PASSED] - switchToWindowIndex(0): Switched to window with index: '0'

2020-04-28 10:56:08 - [MESSAGE][PASSED] - Switched to window with index: '0'

2020-04-28 10:56:08 - [TEST_STEP][PASSED] - waitForPageLoad(0): Wait for page load successfully

2020-04-28 10:56:08 - [MESSAGE][WARNING] - Timeout '0' is invalid. Using default page load timeout: '30'

2020-04-28 10:56:08 - [MESSAGE][PASSED] - Wait for page load successfully

2020-04-28 10:56:08 - [TEST_STEP][PASSED] - waitForElementVisible(findTestObject("Web RoomMe.id/RoomMe.id Header/User Menu/User Profile Image"), 0): Object 'Object Repository/Web RoomMe.id/RoomMe.id Header/User Menu/User Profile Image' is visible

2020-04-28 10:56:08 - [MESSAGE][WARNING] - Timeout '0' is invalid. Using default page load timeout: '30'

2020-04-28 10:56:15 - [MESSAGE][PASSED] - Object 'Object Repository/Web RoomMe.id/RoomMe.id Header/User Menu/User Profile Image' is visible

2020-04-28 10:56:15 - [TEST_STEP][PASSED] - waitForElementVisible(findTestObject("Web RoomMe.id/RoomMe.id Header/User Menu/User Menu"), 0): Object 'Object Repository/Web RoomMe.id/RoomMe.id Header/User Menu/User Menu' is visible

2020-04-28 10:56:15 - [MESSAGE][WARNING] - Timeout '0' is invalid. Using default page load timeout: '30'

2020-04-28 10:56:16 - [MESSAGE][PASSED] - Object 'Object Repository/Web RoomMe.id/RoomMe.id Header/User Menu/User Menu' is visible

2020-04-28 10:56:16 - [MESSAGE][PASSED] - Call Test Case 'Test Cases/Web RoomMe.id/19. Sign In with Google/1. Customer Login with Registered Gmail' successfully

2020-04-28 10:56:16 - [TEST_STEP][PASSED] - waitForPageLoad(0): Wait for page load successfully

2020-04-28 10:56:16 - [MESSAGE][WARNING] - Timeout '0' is invalid. Using default page load timeout: '30'

2020-04-28 10:56:16 - [MESSAGE][PASSED] - Wait for page load successfully

2020-04-28 10:56:16 - [TEST_STEP][PASSED] - waitForElementVisible(findTestObject("Web RoomMe.id/RoomMe.id Header/User Menu/User Menu"), 0): Object 'Object Repository/Web RoomMe.id/RoomMe.id Header/User Menu/User Menu' is visible

2020-04-28 10:56:16 - [MESSAGE][WARNING] - Timeout '0' is invalid. Using default page load timeout: '30'

2020-04-28 10:56:16 - [MESSAGE][PASSED] - Object 'Object Repository/Web RoomMe.id/RoomMe.id Header/User Menu/User Menu' is visible

2020-04-28 10:56:16 - [TEST_STEP][PASSED] - click(findTestObject("Web RoomMe.id/RoomMe.id Header/User Menu/User Menu")): Object: 'Object Repository/Web RoomMe.id/RoomMe.id Header/User Menu/User Menu' is clicked on

2020-04-28 10:56:17 - [MESSAGE][PASSED] - Object: 'Object Repository/Web RoomMe.id/RoomMe.id Header/User Menu/User Menu' is clicked on

2020-04-28 10:56:17 - [TEST_STEP][PASSED] - click(findTestObject("Web RoomMe.id/User Menu/Button Log out")): Object: 'Object Repository/Web RoomMe.id/User Menu/Button Log out' is clicked on

2020-04-28 10:56:18 - [MESSAGE][PASSED] - Object: 'Object Repository/Web RoomMe.id/User Menu/Button Log out' is clicked on

2020-04-28 10:56:18 - [TEST_STEP][PASSED] - waitForPageLoad(0): Wait for page load successfully

2020-04-28 10:56:18 - [MESSAGE][WARNING] - Timeout '0' is invalid. Using default page load timeout: '30'

2020-04-28 10:56:18 - [MESSAGE][PASSED] - Wait for page load successfully

2020-04-28 10:56:18 - [TEST_STEP][PASSED] - waitForElementVisible(findTestObject("Web RoomMe.id/RoomMe.id Header/Button Sign In"), 0): Object 'Object Repository/Web RoomMe.id/RoomMe.id Header/Button Sign In' is visible

2020-04-28 10:56:18 - [MESSAGE][WARNING] - Timeout '0' is invalid. Using default page load timeout: '30'

2020-04-28 10:56:21 - [MESSAGE][PASSED] - Object 'Object Repository/Web RoomMe.id/RoomMe.id Header/Button Sign In' is visible

2020-04-28 10:56:21 - [TEST_STEP][PASSED] - click(findTestObject("Web RoomMe.id/RoomMe.id Header/Button Sign In")): Object: 'Object Repository/Web RoomMe.id/RoomMe.id Header/Button Sign In' is clicked on

2020-04-28 10:56:21 - [MESSAGE][PASSED] - Object: 'Object Repository/Web RoomMe.id/RoomMe.id Header/Button Sign In' is clicked on

2020-04-28 10:56:21 - [TEST_STEP][PASSED] - click(findTestObject("Web RoomMe.id/Sign In Menu/Button Sign In with Google")): Object: 'Object Repository/Web RoomMe.id/Sign In Menu/Button Sign In with Google' is clicked on

2020-04-28 10:56:23 - [MESSAGE][PASSED] - Object: 'Object Repository/Web RoomMe.id/Sign In Menu/Button Sign In with Google' is clicked on

2020-04-28 10:56:23 - [TEST_STEP][PASSED] - waitForPageLoad(0): Wait for page load successfully

2020-04-28 10:56:23 - [MESSAGE][WARNING] - Timeout '0' is invalid. Using default page load timeout: '30'

2020-04-28 10:56:23 - [MESSAGE][PASSED] - Wait for page load successfully

2020-04-28 10:56:23 - [TEST_STEP][PASSED] - waitForElementVisible(findTestObject("Web RoomMe.id/RoomMe.id Header/User Menu/User Profile Image"), 0): Object 'Object Repository/Web RoomMe.id/RoomMe.id Header/User Menu/User Profile Image' is visible

2020-04-28 10:56:23 - [MESSAGE][WARNING] - Timeout '0' is invalid. Using default page load timeout: '30'

2020-04-28 10:56:29 - [MESSAGE][PASSED] - Object 'Object Repository/Web RoomMe.id/RoomMe.id Header/User Menu/User Profile Image' is visible

2020-04-28 10:56:29 - [TEST_STEP][PASSED] - waitForElementVisible(findTestObject("Web RoomMe.id/RoomMe.id Header/User Menu/User Menu"), 0): Object 'Object Repository/Web RoomMe.id/RoomMe.id Header/User Menu/User Menu' is visible

2020-04-28 10:56:29 - [MESSAGE][WARNING] - Timeout '0' is invalid. Using default page load timeout: '30'

2020-04-28 10:56:30 - [MESSAGE][PASSED] - Object 'Object Repository/Web RoomMe.id/RoomMe.id Header/User Menu/User Menu' is visible]]></system-out>
         <system-err><![CDATA[]]></system-err>
      </testcase>
      <system-out><![CDATA[2020-04-28 10:55:44 - [TEST_SUITE][PASSED] - Customer Login with Google: Test Cases/Web RoomMe.id/19. Sign In with Google/2. Customer Login with Already Login Google Account]]></system-out>
      <system-err><![CDATA[]]></system-err>
   </testsuite>
</testsuites>
