<?xml version="1.0" encoding="UTF-8"?>
<testsuites name="Customer Login with Google" time="101.412" tests="2" failures="0" errors="0">
   <testsuite name="Customer Login with Google" tests="2" failures="0" errors="0" time="101.412" timestamp="2020-04-27 02:24:38" hostname="Faldi - Alienware-X51" id="Test Suites/Web RoomMe.id/Customer Login with Google">
      <properties>
         <property name="deviceName" value=""/>
         <property name="devicePlatform" value=""/>
         <property name="logFolder" value="C:\\Users\\Faldi\\Katalon Studio\\katalonroomme\\Reports\\20200427_022109\\Web RoomMe.id\\Customer Login with Google\\20200427_022110"/>
         <property name="logFiles" value="C:\\Users\\Faldi\\Katalon Studio\\katalonroomme\\Reports\\20200427_022109\\Web RoomMe.id\\Customer Login with Google\\20200427_022110\\execution0.log"/>
         <property name="attachments" value=""/>
         <property name="hostName" value="Faldi - Alienware-X51"/>
         <property name="os" value="Windows 10 64bit"/>
         <property name="katalonVersion" value="7.4.0.1"/>
         <property name="browser" value="Firefox 75.0"/>
         <property name="hostAddress" value="192.168.1.5"/>
         <property name="sessionId" value="3a2c1c73-1620-4f83-9c3a-9b34c96e34e3"/>
         <property name="seleniumVersion" value="3.141.59"/>
         <property name="proxyInformation" value="ProxyInformation{proxyOption=NO_PROXY, proxyServerType=HTTP, password=, proxyServerAddress=, proxyServerPort=0, executionList=}"/>
         <property name="platform" value="Windows 10"/>
      </properties>
      <testcase name="Test Cases/Web RoomMe.id/19. Sign In with Google/1. Customer Login with Registered Gmail" time="29.794" classname="Test Cases/Web RoomMe.id/19. Sign In with Google/1. Customer Login with Registered Gmail" status="PASSED">
         <system-out><![CDATA[2020-04-27 02:24:38 - [TEST_CASE][PASSED] - Test Cases/Web RoomMe.id/19. Sign In with Google/1. Customer Login with Registered Gmail: Test Cases/Web RoomMe.id/19. Sign In with Google/1. Customer Login with Registered Gmail

2020-04-27 02:24:38 - [TEST_STEP][PASSED] - callTestCase(findTestCase("Web RoomMe.id/1. Homepage/1. Customer Access RoomMe Page"), [:], STOP_ON_FAILURE): Call Test Case 'Test Cases/Web RoomMe.id/1. Homepage/1. Customer Access RoomMe Page' successfully

2020-04-27 02:24:39 - [TEST_CASE][PASSED] - Test Cases/Web RoomMe.id/1. Homepage/1. Customer Access RoomMe Page: Test Cases/Web RoomMe.id/1. Homepage/1. Customer Access RoomMe Page

2020-04-27 02:24:39 - [TEST_STEP][PASSED] - openBrowser("https://web.roomme.id/"): Browser is opened with url: 'https://web.roomme.id/'

2020-04-27 02:24:39 - [MESSAGE][INFO] - Starting 'Firefox' driver

2020-04-27 02:24:39 - [MESSAGE][INFO] - Action delay is set to 0 milliseconds

2020-04-27 02:24:50 - [MESSAGE][PASSED] - Browser is opened with url: 'https://web.roomme.id/'

2020-04-27 02:24:50 - [TEST_STEP][PASSED] - maximizeWindow(): Current window maximized

2020-04-27 02:24:50 - [MESSAGE][PASSED] - Current window maximized

2020-04-27 02:24:50 - [TEST_STEP][PASSED] - waitForPageLoad(0): Wait for page load successfully

2020-04-27 02:24:50 - [MESSAGE][WARNING] - Timeout '0' is invalid. Using default page load timeout: '30'

2020-04-27 02:24:50 - [MESSAGE][PASSED] - Wait for page load successfully

2020-04-27 02:24:50 - [MESSAGE][PASSED] - Call Test Case 'Test Cases/Web RoomMe.id/1. Homepage/1. Customer Access RoomMe Page' successfully

2020-04-27 02:24:50 - [TEST_STEP][PASSED] - waitForElementVisible(findTestObject("Web RoomMe.id/RoomMe.id Header/Button Sign In"), 0): Object 'Object Repository/Web RoomMe.id/RoomMe.id Header/Button Sign In' is visible

2020-04-27 02:24:51 - [MESSAGE][WARNING] - Timeout '0' is invalid. Using default page load timeout: '30'

2020-04-27 02:24:52 - [MESSAGE][PASSED] - Object 'Object Repository/Web RoomMe.id/RoomMe.id Header/Button Sign In' is visible

2020-04-27 02:24:52 - [TEST_STEP][PASSED] - click(findTestObject("Web RoomMe.id/RoomMe.id Header/Button Sign In")): Object: 'Object Repository/Web RoomMe.id/RoomMe.id Header/Button Sign In' is clicked on

2020-04-27 02:24:53 - [MESSAGE][PASSED] - Object: 'Object Repository/Web RoomMe.id/RoomMe.id Header/Button Sign In' is clicked on

2020-04-27 02:24:53 - [TEST_STEP][PASSED] - waitForElementVisible(findTestObject("Web RoomMe.id/Sign In Menu/Button Sign In with Google"), 0): Object 'Object Repository/Web RoomMe.id/Sign In Menu/Button Sign In with Google' is visible

2020-04-27 02:24:53 - [MESSAGE][WARNING] - Timeout '0' is invalid. Using default page load timeout: '30'

2020-04-27 02:24:53 - [MESSAGE][PASSED] - Object 'Object Repository/Web RoomMe.id/Sign In Menu/Button Sign In with Google' is visible

2020-04-27 02:24:53 - [TEST_STEP][PASSED] - click(findTestObject("Web RoomMe.id/Sign In Menu/Button Sign In with Google")): Object: 'Object Repository/Web RoomMe.id/Sign In Menu/Button Sign In with Google' is clicked on

2020-04-27 02:24:54 - [MESSAGE][PASSED] - Object: 'Object Repository/Web RoomMe.id/Sign In Menu/Button Sign In with Google' is clicked on

2020-04-27 02:24:54 - [TEST_STEP][PASSED] - switchToWindowIndex(1): Switched to window with index: '1'

2020-04-27 02:24:54 - [MESSAGE][PASSED] - Switched to window with index: '1'

2020-04-27 02:24:54 - [TEST_STEP][PASSED] - waitForPageLoad(0): Wait for page load successfully

2020-04-27 02:24:54 - [MESSAGE][WARNING] - Timeout '0' is invalid. Using default page load timeout: '30'

2020-04-27 02:24:55 - [MESSAGE][PASSED] - Wait for page load successfully

2020-04-27 02:24:55 - [TEST_STEP][PASSED] - waitForElementVisible(findTestObject("Google Sign In/Textfield Email Google"), 0): Object 'Object Repository/Google Sign In/Textfield Email Google' is visible

2020-04-27 02:24:56 - [MESSAGE][WARNING] - Timeout '0' is invalid. Using default page load timeout: '30'

2020-04-27 02:24:56 - [MESSAGE][PASSED] - Object 'Object Repository/Google Sign In/Textfield Email Google' is visible

2020-04-27 02:24:56 - [TEST_STEP][PASSED] - setText(findTestObject("Google Sign In/Textfield Email Google"), "faldi@roomme.space"): Text 'faldi@roomme.space' is set on object 'Object Repository/Google Sign In/Textfield Email Google'

2020-04-27 02:24:56 - [MESSAGE][PASSED] - Text 'faldi@roomme.space' is set on object 'Object Repository/Google Sign In/Textfield Email Google'

2020-04-27 02:24:56 - [TEST_STEP][PASSED] - click(findTestObject("Google Sign In/Button Berikutnya")): Object: 'Object Repository/Google Sign In/Button Berikutnya' is clicked on

2020-04-27 02:24:57 - [MESSAGE][PASSED] - Object: 'Object Repository/Google Sign In/Button Berikutnya' is clicked on

2020-04-27 02:24:57 - [TEST_STEP][PASSED] - waitForElementVisible(findTestObject("Google Sign In/Textfield Password"), 0): Object 'Object Repository/Google Sign In/Textfield Password' is visible

2020-04-27 02:24:57 - [MESSAGE][WARNING] - Timeout '0' is invalid. Using default page load timeout: '30'

2020-04-27 02:24:59 - [MESSAGE][PASSED] - Object 'Object Repository/Google Sign In/Textfield Password' is visible

2020-04-27 02:24:59 - [TEST_STEP][PASSED] - setEncryptedText(findTestObject("Google Sign In/Textfield Password"), "aWQtAdXqif4Z+35qHGW6CQ=="): Text ****** has been set on object 'Object Repository/Google Sign In/Textfield Password'

2020-04-27 02:24:59 - [MESSAGE][PASSED] - Text ****** has been set on object 'Object Repository/Google Sign In/Textfield Password'

2020-04-27 02:24:59 - [TEST_STEP][PASSED] - click(findTestObject("Google Sign In/Button Berikutnya (Password)")): Object: 'Object Repository/Google Sign In/Button Berikutnya (Password)' is clicked on

2020-04-27 02:25:01 - [MESSAGE][PASSED] - Object: 'Object Repository/Google Sign In/Button Berikutnya (Password)' is clicked on

2020-04-27 02:25:01 - [TEST_STEP][PASSED] - switchToWindowIndex(0): Switched to window with index: '0'

2020-04-27 02:25:01 - [MESSAGE][PASSED] - Switched to window with index: '0'

2020-04-27 02:25:01 - [TEST_STEP][PASSED] - waitForPageLoad(0): Wait for page load successfully

2020-04-27 02:25:01 - [MESSAGE][WARNING] - Timeout '0' is invalid. Using default page load timeout: '30'

2020-04-27 02:25:01 - [MESSAGE][PASSED] - Wait for page load successfully

2020-04-27 02:25:01 - [TEST_STEP][PASSED] - waitForElementVisible(findTestObject("Web RoomMe.id/RoomMe.id Header/User Menu/User Profile Image"), 0): Object 'Object Repository/Web RoomMe.id/RoomMe.id Header/User Menu/User Profile Image' is visible

2020-04-27 02:25:01 - [MESSAGE][WARNING] - Timeout '0' is invalid. Using default page load timeout: '30'

2020-04-27 02:25:06 - [MESSAGE][PASSED] - Object 'Object Repository/Web RoomMe.id/RoomMe.id Header/User Menu/User Profile Image' is visible

2020-04-27 02:25:06 - [TEST_STEP][PASSED] - waitForElementVisible(findTestObject("Web RoomMe.id/RoomMe.id Header/User Menu/User Menu"), 0): Object 'Object Repository/Web RoomMe.id/RoomMe.id Header/User Menu/User Menu' is visible

2020-04-27 02:25:06 - [MESSAGE][WARNING] - Timeout '0' is invalid. Using default page load timeout: '30'

2020-04-27 02:25:08 - [MESSAGE][PASSED] - Object 'Object Repository/Web RoomMe.id/RoomMe.id Header/User Menu/User Menu' is visible]]></system-out>
         <system-err><![CDATA[]]></system-err>
      </testcase>
      <testcase name="Test Cases/Web RoomMe.id/19. Sign In with Google/2. Customer Login with Already Login Google Account" time="56.3" classname="Test Cases/Web RoomMe.id/19. Sign In with Google/2. Customer Login with Already Login Google Account" status="PASSED">
         <system-out><![CDATA[2020-04-27 02:25:08 - [TEST_CASE][PASSED] - Test Cases/Web RoomMe.id/19. Sign In with Google/2. Customer Login with Already Login Google Account: Test Cases/Web RoomMe.id/19. Sign In with Google/2. Customer Login with Already Login Google Account

2020-04-27 02:25:08 - [TEST_STEP][PASSED] - callTestCase(findTestCase("Web RoomMe.id/19. Sign In with Google/1. Customer Login with Registered Gmail"), [:], STOP_ON_FAILURE): Call Test Case 'Test Cases/Web RoomMe.id/19. Sign In with Google/1. Customer Login with Registered Gmail' successfully

2020-04-27 02:25:08 - [TEST_CASE][PASSED] - Test Cases/Web RoomMe.id/19. Sign In with Google/1. Customer Login with Registered Gmail: Test Cases/Web RoomMe.id/19. Sign In with Google/1. Customer Login with Registered Gmail

2020-04-27 02:25:08 - [TEST_STEP][PASSED] - callTestCase(findTestCase("Web RoomMe.id/1. Homepage/1. Customer Access RoomMe Page"), [:], STOP_ON_FAILURE): Call Test Case 'Test Cases/Web RoomMe.id/1. Homepage/1. Customer Access RoomMe Page' successfully

2020-04-27 02:25:08 - [TEST_CASE][PASSED] - Test Cases/Web RoomMe.id/1. Homepage/1. Customer Access RoomMe Page: Test Cases/Web RoomMe.id/1. Homepage/1. Customer Access RoomMe Page

2020-04-27 02:25:08 - [TEST_STEP][PASSED] - openBrowser("https://web.roomme.id/"): Browser is opened with url: 'https://web.roomme.id/'

2020-04-27 02:25:08 - [MESSAGE][WARNING] - A browser is already opened. Closing browser and opening a new one

2020-04-27 02:25:20 - [MESSAGE][INFO] - Starting 'Firefox' driver

2020-04-27 02:25:20 - [MESSAGE][INFO] - Action delay is set to 0 milliseconds

2020-04-27 02:25:29 - [MESSAGE][PASSED] - Browser is opened with url: 'https://web.roomme.id/'

2020-04-27 02:25:30 - [TEST_STEP][PASSED] - maximizeWindow(): Current window maximized

2020-04-27 02:25:30 - [MESSAGE][PASSED] - Current window maximized

2020-04-27 02:25:30 - [TEST_STEP][PASSED] - waitForPageLoad(0): Wait for page load successfully

2020-04-27 02:25:30 - [MESSAGE][WARNING] - Timeout '0' is invalid. Using default page load timeout: '30'

2020-04-27 02:25:30 - [MESSAGE][PASSED] - Wait for page load successfully

2020-04-27 02:25:30 - [MESSAGE][PASSED] - Call Test Case 'Test Cases/Web RoomMe.id/1. Homepage/1. Customer Access RoomMe Page' successfully

2020-04-27 02:25:30 - [TEST_STEP][PASSED] - waitForElementVisible(findTestObject("Web RoomMe.id/RoomMe.id Header/Button Sign In"), 0): Object 'Object Repository/Web RoomMe.id/RoomMe.id Header/Button Sign In' is visible

2020-04-27 02:25:30 - [MESSAGE][WARNING] - Timeout '0' is invalid. Using default page load timeout: '30'

2020-04-27 02:25:33 - [MESSAGE][PASSED] - Object 'Object Repository/Web RoomMe.id/RoomMe.id Header/Button Sign In' is visible

2020-04-27 02:25:33 - [TEST_STEP][PASSED] - click(findTestObject("Web RoomMe.id/RoomMe.id Header/Button Sign In")): Object: 'Object Repository/Web RoomMe.id/RoomMe.id Header/Button Sign In' is clicked on

2020-04-27 02:25:34 - [MESSAGE][PASSED] - Object: 'Object Repository/Web RoomMe.id/RoomMe.id Header/Button Sign In' is clicked on

2020-04-27 02:25:34 - [TEST_STEP][PASSED] - waitForElementVisible(findTestObject("Web RoomMe.id/Sign In Menu/Button Sign In with Google"), 0): Object 'Object Repository/Web RoomMe.id/Sign In Menu/Button Sign In with Google' is visible

2020-04-27 02:25:34 - [MESSAGE][WARNING] - Timeout '0' is invalid. Using default page load timeout: '30'

2020-04-27 02:25:35 - [MESSAGE][PASSED] - Object 'Object Repository/Web RoomMe.id/Sign In Menu/Button Sign In with Google' is visible

2020-04-27 02:25:35 - [TEST_STEP][PASSED] - click(findTestObject("Web RoomMe.id/Sign In Menu/Button Sign In with Google")): Object: 'Object Repository/Web RoomMe.id/Sign In Menu/Button Sign In with Google' is clicked on

2020-04-27 02:25:35 - [MESSAGE][PASSED] - Object: 'Object Repository/Web RoomMe.id/Sign In Menu/Button Sign In with Google' is clicked on

2020-04-27 02:25:35 - [TEST_STEP][PASSED] - switchToWindowIndex(1): Switched to window with index: '1'

2020-04-27 02:25:35 - [MESSAGE][PASSED] - Switched to window with index: '1'

2020-04-27 02:25:35 - [TEST_STEP][PASSED] - waitForPageLoad(0): Wait for page load successfully

2020-04-27 02:25:35 - [MESSAGE][WARNING] - Timeout '0' is invalid. Using default page load timeout: '30'

2020-04-27 02:25:36 - [MESSAGE][PASSED] - Wait for page load successfully

2020-04-27 02:25:36 - [TEST_STEP][PASSED] - waitForElementVisible(findTestObject("Google Sign In/Textfield Email Google"), 0): Object 'Object Repository/Google Sign In/Textfield Email Google' is visible

2020-04-27 02:25:36 - [MESSAGE][WARNING] - Timeout '0' is invalid. Using default page load timeout: '30'

2020-04-27 02:25:37 - [MESSAGE][PASSED] - Object 'Object Repository/Google Sign In/Textfield Email Google' is visible

2020-04-27 02:25:37 - [TEST_STEP][PASSED] - setText(findTestObject("Google Sign In/Textfield Email Google"), "faldi@roomme.space"): Text 'faldi@roomme.space' is set on object 'Object Repository/Google Sign In/Textfield Email Google'

2020-04-27 02:25:37 - [MESSAGE][PASSED] - Text 'faldi@roomme.space' is set on object 'Object Repository/Google Sign In/Textfield Email Google'

2020-04-27 02:25:37 - [TEST_STEP][PASSED] - click(findTestObject("Google Sign In/Button Berikutnya")): Object: 'Object Repository/Google Sign In/Button Berikutnya' is clicked on

2020-04-27 02:25:38 - [MESSAGE][PASSED] - Object: 'Object Repository/Google Sign In/Button Berikutnya' is clicked on

2020-04-27 02:25:38 - [TEST_STEP][PASSED] - waitForElementVisible(findTestObject("Google Sign In/Textfield Password"), 0): Object 'Object Repository/Google Sign In/Textfield Password' is visible

2020-04-27 02:25:38 - [MESSAGE][WARNING] - Timeout '0' is invalid. Using default page load timeout: '30'

2020-04-27 02:25:40 - [MESSAGE][PASSED] - Object 'Object Repository/Google Sign In/Textfield Password' is visible

2020-04-27 02:25:40 - [TEST_STEP][PASSED] - setEncryptedText(findTestObject("Google Sign In/Textfield Password"), "aWQtAdXqif4Z+35qHGW6CQ=="): Text ****** has been set on object 'Object Repository/Google Sign In/Textfield Password'

2020-04-27 02:25:40 - [MESSAGE][PASSED] - Text ****** has been set on object 'Object Repository/Google Sign In/Textfield Password'

2020-04-27 02:25:40 - [TEST_STEP][PASSED] - click(findTestObject("Google Sign In/Button Berikutnya (Password)")): Object: 'Object Repository/Google Sign In/Button Berikutnya (Password)' is clicked on

2020-04-27 02:25:42 - [MESSAGE][PASSED] - Object: 'Object Repository/Google Sign In/Button Berikutnya (Password)' is clicked on

2020-04-27 02:25:42 - [TEST_STEP][PASSED] - switchToWindowIndex(0): Switched to window with index: '0'

2020-04-27 02:25:42 - [MESSAGE][PASSED] - Switched to window with index: '0'

2020-04-27 02:25:42 - [TEST_STEP][PASSED] - waitForPageLoad(0): Wait for page load successfully

2020-04-27 02:25:42 - [MESSAGE][WARNING] - Timeout '0' is invalid. Using default page load timeout: '30'

2020-04-27 02:25:42 - [MESSAGE][PASSED] - Wait for page load successfully

2020-04-27 02:25:42 - [TEST_STEP][PASSED] - waitForElementVisible(findTestObject("Web RoomMe.id/RoomMe.id Header/User Menu/User Profile Image"), 0): Object 'Object Repository/Web RoomMe.id/RoomMe.id Header/User Menu/User Profile Image' is visible

2020-04-27 02:25:42 - [MESSAGE][WARNING] - Timeout '0' is invalid. Using default page load timeout: '30'

2020-04-27 02:25:48 - [MESSAGE][PASSED] - Object 'Object Repository/Web RoomMe.id/RoomMe.id Header/User Menu/User Profile Image' is visible

2020-04-27 02:25:48 - [TEST_STEP][PASSED] - waitForElementVisible(findTestObject("Web RoomMe.id/RoomMe.id Header/User Menu/User Menu"), 0): Object 'Object Repository/Web RoomMe.id/RoomMe.id Header/User Menu/User Menu' is visible

2020-04-27 02:25:48 - [MESSAGE][WARNING] - Timeout '0' is invalid. Using default page load timeout: '30'

2020-04-27 02:25:49 - [MESSAGE][PASSED] - Object 'Object Repository/Web RoomMe.id/RoomMe.id Header/User Menu/User Menu' is visible

2020-04-27 02:25:49 - [MESSAGE][PASSED] - Call Test Case 'Test Cases/Web RoomMe.id/19. Sign In with Google/1. Customer Login with Registered Gmail' successfully

2020-04-27 02:25:49 - [TEST_STEP][PASSED] - waitForPageLoad(0): Wait for page load successfully

2020-04-27 02:25:49 - [MESSAGE][WARNING] - Timeout '0' is invalid. Using default page load timeout: '30'

2020-04-27 02:25:49 - [MESSAGE][PASSED] - Wait for page load successfully

2020-04-27 02:25:49 - [TEST_STEP][PASSED] - waitForElementVisible(findTestObject("Web RoomMe.id/RoomMe.id Header/User Menu/User Menu"), 0): Object 'Object Repository/Web RoomMe.id/RoomMe.id Header/User Menu/User Menu' is visible

2020-04-27 02:25:49 - [MESSAGE][WARNING] - Timeout '0' is invalid. Using default page load timeout: '30'

2020-04-27 02:25:49 - [MESSAGE][PASSED] - Object 'Object Repository/Web RoomMe.id/RoomMe.id Header/User Menu/User Menu' is visible

2020-04-27 02:25:49 - [TEST_STEP][PASSED] - click(findTestObject("Web RoomMe.id/RoomMe.id Header/User Menu/User Menu")): Object: 'Object Repository/Web RoomMe.id/RoomMe.id Header/User Menu/User Menu' is clicked on

2020-04-27 02:25:50 - [MESSAGE][PASSED] - Object: 'Object Repository/Web RoomMe.id/RoomMe.id Header/User Menu/User Menu' is clicked on

2020-04-27 02:25:50 - [TEST_STEP][PASSED] - click(findTestObject("Web RoomMe.id/User Menu/Button Log out")): Object: 'Object Repository/Web RoomMe.id/User Menu/Button Log out' is clicked on

2020-04-27 02:25:52 - [MESSAGE][PASSED] - Object: 'Object Repository/Web RoomMe.id/User Menu/Button Log out' is clicked on

2020-04-27 02:25:52 - [TEST_STEP][PASSED] - waitForPageLoad(0): Wait for page load successfully

2020-04-27 02:25:52 - [MESSAGE][WARNING] - Timeout '0' is invalid. Using default page load timeout: '30'

2020-04-27 02:25:52 - [MESSAGE][PASSED] - Wait for page load successfully

2020-04-27 02:25:52 - [TEST_STEP][PASSED] - waitForElementVisible(findTestObject("Web RoomMe.id/RoomMe.id Header/Button Sign In"), 0): Object 'Object Repository/Web RoomMe.id/RoomMe.id Header/Button Sign In' is visible

2020-04-27 02:25:53 - [MESSAGE][WARNING] - Timeout '0' is invalid. Using default page load timeout: '30'

2020-04-27 02:25:55 - [MESSAGE][PASSED] - Object 'Object Repository/Web RoomMe.id/RoomMe.id Header/Button Sign In' is visible

2020-04-27 02:25:55 - [TEST_STEP][PASSED] - click(findTestObject("Web RoomMe.id/RoomMe.id Header/Button Sign In")): Object: 'Object Repository/Web RoomMe.id/RoomMe.id Header/Button Sign In' is clicked on

2020-04-27 02:25:56 - [MESSAGE][PASSED] - Object: 'Object Repository/Web RoomMe.id/RoomMe.id Header/Button Sign In' is clicked on

2020-04-27 02:25:56 - [TEST_STEP][PASSED] - click(findTestObject("Web RoomMe.id/Sign In Menu/Button Sign In with Google")): Object: 'Object Repository/Web RoomMe.id/Sign In Menu/Button Sign In with Google' is clicked on

2020-04-27 02:25:57 - [MESSAGE][PASSED] - Object: 'Object Repository/Web RoomMe.id/Sign In Menu/Button Sign In with Google' is clicked on

2020-04-27 02:25:57 - [TEST_STEP][PASSED] - waitForPageLoad(0): Wait for page load successfully

2020-04-27 02:25:57 - [MESSAGE][WARNING] - Timeout '0' is invalid. Using default page load timeout: '30'

2020-04-27 02:25:57 - [MESSAGE][PASSED] - Wait for page load successfully

2020-04-27 02:25:57 - [TEST_STEP][PASSED] - waitForElementVisible(findTestObject("Web RoomMe.id/RoomMe.id Header/User Menu/User Profile Image"), 0): Object 'Object Repository/Web RoomMe.id/RoomMe.id Header/User Menu/User Profile Image' is visible

2020-04-27 02:25:57 - [MESSAGE][WARNING] - Timeout '0' is invalid. Using default page load timeout: '30'

2020-04-27 02:26:04 - [MESSAGE][PASSED] - Object 'Object Repository/Web RoomMe.id/RoomMe.id Header/User Menu/User Profile Image' is visible

2020-04-27 02:26:04 - [TEST_STEP][PASSED] - waitForElementVisible(findTestObject("Web RoomMe.id/RoomMe.id Header/User Menu/User Menu"), 0): Object 'Object Repository/Web RoomMe.id/RoomMe.id Header/User Menu/User Menu' is visible

2020-04-27 02:26:04 - [MESSAGE][WARNING] - Timeout '0' is invalid. Using default page load timeout: '30'

2020-04-27 02:26:04 - [MESSAGE][PASSED] - Object 'Object Repository/Web RoomMe.id/RoomMe.id Header/User Menu/User Menu' is visible]]></system-out>
         <system-err><![CDATA[]]></system-err>
      </testcase>
      <system-out><![CDATA[2020-04-27 02:24:38 - [TEST_SUITE][PASSED] - Customer Login with Google: Test Cases/Web RoomMe.id/19. Sign In with Google/2. Customer Login with Already Login Google Account]]></system-out>
      <system-err><![CDATA[]]></system-err>
   </testsuite>
</testsuites>
