<?xml version="1.0" encoding="UTF-8"?>
<testsuites name="Customer Login with Google" time="82.874" tests="2" failures="0" errors="0">
   <testsuite name="Customer Login with Google" tests="2" failures="0" errors="0" time="82.874" timestamp="2020-04-15 16:03:29" hostname="Win 10 - LENNONOVO" id="Test Suites/Web RoomMe.id/Customer Login with Google">
      <properties>
         <property name="deviceName" value=""/>
         <property name="devicePlatform" value=""/>
         <property name="logFolder" value="C:\\Users\\Faldi\\Katalon Studio\\katalonroomme-master\\Reports\\20200415_160318\\Web RoomMe.id\\Customer Login with Google\\20200415_160318"/>
         <property name="logFiles" value="C:\\Users\\Faldi\\Katalon Studio\\katalonroomme-master\\Reports\\20200415_160318\\Web RoomMe.id\\Customer Login with Google\\20200415_160318\\execution0.log"/>
         <property name="attachments" value=""/>
         <property name="hostName" value="Win 10 - LENNONOVO"/>
         <property name="os" value="Windows 10 64bit"/>
         <property name="katalonVersion" value="7.2.6.1"/>
         <property name="browser" value="Chrome 80.0.3987.163"/>
         <property name="hostAddress" value="192.168.1.15"/>
         <property name="sessionId" value="e834e9fd57767b331b5d803f6f73f3b7"/>
         <property name="seleniumVersion" value="3.141.59"/>
         <property name="proxyInformation" value="ProxyInformation{proxyOption=NO_PROXY, proxyServerType=HTTP, password=, proxyServerAddress=, proxyServerPort=0, executionList=}"/>
         <property name="platform" value="Windows 10"/>
      </properties>
      <testcase name="Test Cases/Web RoomMe.id/19. Sign In with Google/1. Customer Login with Registered Gmail" time="31.9" classname="Test Cases/Web RoomMe.id/19. Sign In with Google/1. Customer Login with Registered Gmail" status="PASSED">
         <system-out><![CDATA[2020-04-15 16:03:29 - [TEST_CASE][PASSED] - Test Cases/Web RoomMe.id/19. Sign In with Google/1. Customer Login with Registered Gmail: Test Cases/Web RoomMe.id/19. Sign In with Google/1. Customer Login with Registered Gmail

2020-04-15 16:03:30 - [TEST_STEP][PASSED] - callTestCase(findTestCase("Web RoomMe.id/1. Homepage/1. Customer Access RoomMe Page"), [:], STOP_ON_FAILURE): Call Test Case 'Test Cases/Web RoomMe.id/1. Homepage/1. Customer Access RoomMe Page' successfully

2020-04-15 16:03:30 - [TEST_CASE][PASSED] - Test Cases/Web RoomMe.id/1. Homepage/1. Customer Access RoomMe Page: Test Cases/Web RoomMe.id/1. Homepage/1. Customer Access RoomMe Page

2020-04-15 16:03:30 - [TEST_STEP][PASSED] - openBrowser("https://web.roomme.id/"): Browser is opened with url: 'https://web.roomme.id/'

2020-04-15 16:03:30 - [MESSAGE][INFO] - Starting 'Chrome' driver

2020-04-15 16:03:30 - [MESSAGE][INFO] - Action delay is set to 0 seconds

2020-04-15 16:03:40 - [MESSAGE][PASSED] - Browser is opened with url: 'https://web.roomme.id/'

2020-04-15 16:03:40 - [TEST_STEP][PASSED] - maximizeWindow(): Current window maximized

2020-04-15 16:03:44 - [MESSAGE][PASSED] - Current window maximized

2020-04-15 16:03:44 - [TEST_STEP][PASSED] - waitForPageLoad(0): Wait for page load successfully

2020-04-15 16:03:44 - [MESSAGE][WARNING] - Timeout '0' is invalid. Using default page load timeout: '60'

2020-04-15 16:03:44 - [MESSAGE][PASSED] - Wait for page load successfully

2020-04-15 16:03:44 - [MESSAGE][PASSED] - Call Test Case 'Test Cases/Web RoomMe.id/1. Homepage/1. Customer Access RoomMe Page' successfully

2020-04-15 16:03:44 - [TEST_STEP][PASSED] - waitForElementVisible(findTestObject("Web RoomMe.id/RoomMe.id Header/Button Sign In"), 0): Object 'Object Repository/Web RoomMe.id/RoomMe.id Header/Button Sign In' is visible

2020-04-15 16:03:45 - [MESSAGE][WARNING] - Timeout '0' is invalid. Using default page load timeout: '60'

2020-04-15 16:03:45 - [MESSAGE][PASSED] - Object 'Object Repository/Web RoomMe.id/RoomMe.id Header/Button Sign In' is visible

2020-04-15 16:03:45 - [TEST_STEP][PASSED] - click(findTestObject("Web RoomMe.id/RoomMe.id Header/Button Sign In")): Object: 'Object Repository/Web RoomMe.id/RoomMe.id Header/Button Sign In' is clicked on

2020-04-15 16:03:45 - [MESSAGE][PASSED] - Object: 'Object Repository/Web RoomMe.id/RoomMe.id Header/Button Sign In' is clicked on

2020-04-15 16:03:45 - [TEST_STEP][PASSED] - click(findTestObject("Web RoomMe.id/Sign In Menu/Button Sign In with Google")): Object: 'Object Repository/Web RoomMe.id/Sign In Menu/Button Sign In with Google' is clicked on

2020-04-15 16:03:46 - [MESSAGE][PASSED] - Object: 'Object Repository/Web RoomMe.id/Sign In Menu/Button Sign In with Google' is clicked on

2020-04-15 16:03:46 - [TEST_STEP][PASSED] - switchToWindowIndex(1): Switched to window with index: '1'

2020-04-15 16:03:46 - [MESSAGE][PASSED] - Switched to window with index: '1'

2020-04-15 16:03:46 - [TEST_STEP][PASSED] - waitForPageLoad(0): Wait for page load successfully

2020-04-15 16:03:46 - [MESSAGE][WARNING] - Timeout '0' is invalid. Using default page load timeout: '60'

2020-04-15 16:03:50 - [MESSAGE][PASSED] - Wait for page load successfully

2020-04-15 16:03:50 - [TEST_STEP][PASSED] - waitForElementVisible(findTestObject("Google Sign In/Textfield Email Google"), 0): Object 'Object Repository/Google Sign In/Textfield Email Google' is visible

2020-04-15 16:03:50 - [MESSAGE][WARNING] - Timeout '0' is invalid. Using default page load timeout: '60'

2020-04-15 16:03:50 - [MESSAGE][PASSED] - Object 'Object Repository/Google Sign In/Textfield Email Google' is visible

2020-04-15 16:03:50 - [TEST_STEP][PASSED] - setText(findTestObject("Google Sign In/Textfield Email Google"), "faldi@roomme.space"): Text 'faldi@roomme.space' is set on object 'Object Repository/Google Sign In/Textfield Email Google'

2020-04-15 16:03:51 - [MESSAGE][PASSED] - Text 'faldi@roomme.space' is set on object 'Object Repository/Google Sign In/Textfield Email Google'

2020-04-15 16:03:51 - [TEST_STEP][PASSED] - click(findTestObject("Google Sign In/Button Berikutnya")): Object: 'Object Repository/Google Sign In/Button Berikutnya' is clicked on

2020-04-15 16:03:51 - [MESSAGE][PASSED] - Object: 'Object Repository/Google Sign In/Button Berikutnya' is clicked on

2020-04-15 16:03:51 - [TEST_STEP][PASSED] - waitForElementVisible(findTestObject("Google Sign In/Textfield Password"), 0): Object 'Object Repository/Google Sign In/Textfield Password' is visible

2020-04-15 16:03:51 - [MESSAGE][WARNING] - Timeout '0' is invalid. Using default page load timeout: '60'

2020-04-15 16:03:53 - [MESSAGE][PASSED] - Object 'Object Repository/Google Sign In/Textfield Password' is visible

2020-04-15 16:03:53 - [TEST_STEP][PASSED] - setEncryptedText(findTestObject("Google Sign In/Textfield Password"), "aWQtAdXqif4Z+35qHGW6CQ=="): Text ****** has been set on object 'Object Repository/Google Sign In/Textfield Password'

2020-04-15 16:03:53 - [MESSAGE][PASSED] - Text ****** has been set on object 'Object Repository/Google Sign In/Textfield Password'

2020-04-15 16:03:53 - [TEST_STEP][PASSED] - click(findTestObject("Google Sign In/Button Berikutnya (Password)")): Object: 'Object Repository/Google Sign In/Button Berikutnya (Password)' is clicked on

2020-04-15 16:03:54 - [MESSAGE][PASSED] - Object: 'Object Repository/Google Sign In/Button Berikutnya (Password)' is clicked on

2020-04-15 16:03:54 - [TEST_STEP][PASSED] - switchToWindowIndex(0): Switched to window with index: '0'

2020-04-15 16:03:54 - [MESSAGE][PASSED] - Switched to window with index: '0'

2020-04-15 16:03:54 - [TEST_STEP][PASSED] - waitForPageLoad(0): Wait for page load successfully

2020-04-15 16:03:54 - [MESSAGE][WARNING] - Timeout '0' is invalid. Using default page load timeout: '60'

2020-04-15 16:03:54 - [MESSAGE][PASSED] - Wait for page load successfully

2020-04-15 16:03:54 - [TEST_STEP][PASSED] - waitForElementVisible(findTestObject("Web RoomMe.id/RoomMe.id Header/User Menu/User Profile Image"), 0): Object 'Object Repository/Web RoomMe.id/RoomMe.id Header/User Menu/User Profile Image' is visible

2020-04-15 16:03:54 - [MESSAGE][WARNING] - Timeout '0' is invalid. Using default page load timeout: '60'

2020-04-15 16:04:01 - [MESSAGE][PASSED] - Object 'Object Repository/Web RoomMe.id/RoomMe.id Header/User Menu/User Profile Image' is visible

2020-04-15 16:04:01 - [TEST_STEP][PASSED] - waitForElementVisible(findTestObject("Web RoomMe.id/RoomMe.id Header/User Menu/User Menu"), 0): Object 'Object Repository/Web RoomMe.id/RoomMe.id Header/User Menu/User Menu' is visible

2020-04-15 16:04:01 - [MESSAGE][WARNING] - Timeout '0' is invalid. Using default page load timeout: '60'

2020-04-15 16:04:01 - [MESSAGE][PASSED] - Object 'Object Repository/Web RoomMe.id/RoomMe.id Header/User Menu/User Menu' is visible]]></system-out>
         <system-err><![CDATA[]]></system-err>
      </testcase>
      <testcase name="Test Cases/Web RoomMe.id/19. Sign In with Google/2. Customer Login with Already Login Google Account" time="44.703" classname="Test Cases/Web RoomMe.id/19. Sign In with Google/2. Customer Login with Already Login Google Account" status="PASSED">
         <system-out><![CDATA[2020-04-15 16:04:01 - [TEST_CASE][PASSED] - Test Cases/Web RoomMe.id/19. Sign In with Google/2. Customer Login with Already Login Google Account: Test Cases/Web RoomMe.id/19. Sign In with Google/2. Customer Login with Already Login Google Account

2020-04-15 16:04:01 - [TEST_STEP][PASSED] - callTestCase(findTestCase("Web RoomMe.id/19. Sign In with Google/1. Customer Login with Registered Gmail"), [:], STOP_ON_FAILURE): Call Test Case 'Test Cases/Web RoomMe.id/19. Sign In with Google/1. Customer Login with Registered Gmail' successfully

2020-04-15 16:04:01 - [TEST_CASE][PASSED] - Test Cases/Web RoomMe.id/19. Sign In with Google/1. Customer Login with Registered Gmail: Test Cases/Web RoomMe.id/19. Sign In with Google/1. Customer Login with Registered Gmail

2020-04-15 16:04:01 - [TEST_STEP][PASSED] - callTestCase(findTestCase("Web RoomMe.id/1. Homepage/1. Customer Access RoomMe Page"), [:], STOP_ON_FAILURE): Call Test Case 'Test Cases/Web RoomMe.id/1. Homepage/1. Customer Access RoomMe Page' successfully

2020-04-15 16:04:01 - [TEST_CASE][PASSED] - Test Cases/Web RoomMe.id/1. Homepage/1. Customer Access RoomMe Page: Test Cases/Web RoomMe.id/1. Homepage/1. Customer Access RoomMe Page

2020-04-15 16:04:01 - [TEST_STEP][PASSED] - openBrowser("https://web.roomme.id/"): Browser is opened with url: 'https://web.roomme.id/'

2020-04-15 16:04:01 - [MESSAGE][WARNING] - A browser is already opened. Closing browser and opening a new one

2020-04-15 16:04:02 - [MESSAGE][INFO] - Starting 'Chrome' driver

2020-04-15 16:04:10 - [MESSAGE][PASSED] - Browser is opened with url: 'https://web.roomme.id/'

2020-04-15 16:04:10 - [TEST_STEP][PASSED] - maximizeWindow(): Current window maximized

2020-04-15 16:04:14 - [MESSAGE][PASSED] - Current window maximized

2020-04-15 16:04:14 - [TEST_STEP][PASSED] - waitForPageLoad(0): Wait for page load successfully

2020-04-15 16:04:14 - [MESSAGE][WARNING] - Timeout '0' is invalid. Using default page load timeout: '60'

2020-04-15 16:04:14 - [MESSAGE][PASSED] - Wait for page load successfully

2020-04-15 16:04:14 - [MESSAGE][PASSED] - Call Test Case 'Test Cases/Web RoomMe.id/1. Homepage/1. Customer Access RoomMe Page' successfully

2020-04-15 16:04:14 - [TEST_STEP][PASSED] - waitForElementVisible(findTestObject("Web RoomMe.id/RoomMe.id Header/Button Sign In"), 0): Object 'Object Repository/Web RoomMe.id/RoomMe.id Header/Button Sign In' is visible

2020-04-15 16:04:14 - [MESSAGE][WARNING] - Timeout '0' is invalid. Using default page load timeout: '60'

2020-04-15 16:04:14 - [MESSAGE][PASSED] - Object 'Object Repository/Web RoomMe.id/RoomMe.id Header/Button Sign In' is visible

2020-04-15 16:04:14 - [TEST_STEP][PASSED] - click(findTestObject("Web RoomMe.id/RoomMe.id Header/Button Sign In")): Object: 'Object Repository/Web RoomMe.id/RoomMe.id Header/Button Sign In' is clicked on

2020-04-15 16:04:15 - [MESSAGE][PASSED] - Object: 'Object Repository/Web RoomMe.id/RoomMe.id Header/Button Sign In' is clicked on

2020-04-15 16:04:15 - [TEST_STEP][PASSED] - click(findTestObject("Web RoomMe.id/Sign In Menu/Button Sign In with Google")): Object: 'Object Repository/Web RoomMe.id/Sign In Menu/Button Sign In with Google' is clicked on

2020-04-15 16:04:15 - [MESSAGE][PASSED] - Object: 'Object Repository/Web RoomMe.id/Sign In Menu/Button Sign In with Google' is clicked on

2020-04-15 16:04:15 - [TEST_STEP][PASSED] - switchToWindowIndex(1): Switched to window with index: '1'

2020-04-15 16:04:15 - [MESSAGE][PASSED] - Switched to window with index: '1'

2020-04-15 16:04:15 - [TEST_STEP][PASSED] - waitForPageLoad(0): Wait for page load successfully

2020-04-15 16:04:15 - [MESSAGE][WARNING] - Timeout '0' is invalid. Using default page load timeout: '60'

2020-04-15 16:04:19 - [MESSAGE][PASSED] - Wait for page load successfully

2020-04-15 16:04:19 - [TEST_STEP][PASSED] - waitForElementVisible(findTestObject("Google Sign In/Textfield Email Google"), 0): Object 'Object Repository/Google Sign In/Textfield Email Google' is visible

2020-04-15 16:04:19 - [MESSAGE][WARNING] - Timeout '0' is invalid. Using default page load timeout: '60'

2020-04-15 16:04:20 - [MESSAGE][PASSED] - Object 'Object Repository/Google Sign In/Textfield Email Google' is visible

2020-04-15 16:04:20 - [TEST_STEP][PASSED] - setText(findTestObject("Google Sign In/Textfield Email Google"), "faldi@roomme.space"): Text 'faldi@roomme.space' is set on object 'Object Repository/Google Sign In/Textfield Email Google'

2020-04-15 16:04:20 - [MESSAGE][PASSED] - Text 'faldi@roomme.space' is set on object 'Object Repository/Google Sign In/Textfield Email Google'

2020-04-15 16:04:20 - [TEST_STEP][PASSED] - click(findTestObject("Google Sign In/Button Berikutnya")): Object: 'Object Repository/Google Sign In/Button Berikutnya' is clicked on

2020-04-15 16:04:21 - [MESSAGE][PASSED] - Object: 'Object Repository/Google Sign In/Button Berikutnya' is clicked on

2020-04-15 16:04:21 - [TEST_STEP][PASSED] - waitForElementVisible(findTestObject("Google Sign In/Textfield Password"), 0): Object 'Object Repository/Google Sign In/Textfield Password' is visible

2020-04-15 16:04:21 - [MESSAGE][WARNING] - Timeout '0' is invalid. Using default page load timeout: '60'

2020-04-15 16:04:22 - [MESSAGE][PASSED] - Object 'Object Repository/Google Sign In/Textfield Password' is visible

2020-04-15 16:04:22 - [TEST_STEP][PASSED] - setEncryptedText(findTestObject("Google Sign In/Textfield Password"), "aWQtAdXqif4Z+35qHGW6CQ=="): Text ****** has been set on object 'Object Repository/Google Sign In/Textfield Password'

2020-04-15 16:04:23 - [MESSAGE][PASSED] - Text ****** has been set on object 'Object Repository/Google Sign In/Textfield Password'

2020-04-15 16:04:23 - [TEST_STEP][PASSED] - click(findTestObject("Google Sign In/Button Berikutnya (Password)")): Object: 'Object Repository/Google Sign In/Button Berikutnya (Password)' is clicked on

2020-04-15 16:04:23 - [MESSAGE][PASSED] - Object: 'Object Repository/Google Sign In/Button Berikutnya (Password)' is clicked on

2020-04-15 16:04:23 - [TEST_STEP][PASSED] - switchToWindowIndex(0): Switched to window with index: '0'

2020-04-15 16:04:23 - [MESSAGE][PASSED] - Switched to window with index: '0'

2020-04-15 16:04:23 - [TEST_STEP][PASSED] - waitForPageLoad(0): Wait for page load successfully

2020-04-15 16:04:23 - [MESSAGE][WARNING] - Timeout '0' is invalid. Using default page load timeout: '60'

2020-04-15 16:04:23 - [MESSAGE][PASSED] - Wait for page load successfully

2020-04-15 16:04:23 - [TEST_STEP][PASSED] - waitForElementVisible(findTestObject("Web RoomMe.id/RoomMe.id Header/User Menu/User Profile Image"), 0): Object 'Object Repository/Web RoomMe.id/RoomMe.id Header/User Menu/User Profile Image' is visible

2020-04-15 16:04:23 - [MESSAGE][WARNING] - Timeout '0' is invalid. Using default page load timeout: '60'

2020-04-15 16:04:31 - [MESSAGE][PASSED] - Object 'Object Repository/Web RoomMe.id/RoomMe.id Header/User Menu/User Profile Image' is visible

2020-04-15 16:04:31 - [TEST_STEP][PASSED] - waitForElementVisible(findTestObject("Web RoomMe.id/RoomMe.id Header/User Menu/User Menu"), 0): Object 'Object Repository/Web RoomMe.id/RoomMe.id Header/User Menu/User Menu' is visible

2020-04-15 16:04:31 - [MESSAGE][WARNING] - Timeout '0' is invalid. Using default page load timeout: '60'

2020-04-15 16:04:31 - [MESSAGE][PASSED] - Object 'Object Repository/Web RoomMe.id/RoomMe.id Header/User Menu/User Menu' is visible

2020-04-15 16:04:31 - [MESSAGE][PASSED] - Call Test Case 'Test Cases/Web RoomMe.id/19. Sign In with Google/1. Customer Login with Registered Gmail' successfully

2020-04-15 16:04:31 - [TEST_STEP][PASSED] - click(findTestObject("Web RoomMe.id/RoomMe.id Header/User Menu/User Menu")): Object: 'Object Repository/Web RoomMe.id/RoomMe.id Header/User Menu/User Menu' is clicked on

2020-04-15 16:04:32 - [MESSAGE][PASSED] - Object: 'Object Repository/Web RoomMe.id/RoomMe.id Header/User Menu/User Menu' is clicked on

2020-04-15 16:04:32 - [TEST_STEP][PASSED] - click(findTestObject("Web RoomMe.id/User Menu/Button Log out")): Object: 'Object Repository/Web RoomMe.id/User Menu/Button Log out' is clicked on

2020-04-15 16:04:32 - [MESSAGE][PASSED] - Object: 'Object Repository/Web RoomMe.id/User Menu/Button Log out' is clicked on

2020-04-15 16:04:32 - [TEST_STEP][PASSED] - waitForPageLoad(0): Wait for page load successfully

2020-04-15 16:04:32 - [MESSAGE][WARNING] - Timeout '0' is invalid. Using default page load timeout: '60'

2020-04-15 16:04:32 - [MESSAGE][PASSED] - Wait for page load successfully

2020-04-15 16:04:32 - [TEST_STEP][PASSED] - waitForElementVisible(findTestObject("Web RoomMe.id/RoomMe.id Header/Button Sign In"), 0): Object 'Object Repository/Web RoomMe.id/RoomMe.id Header/Button Sign In' is visible

2020-04-15 16:04:32 - [MESSAGE][WARNING] - Timeout '0' is invalid. Using default page load timeout: '60'

2020-04-15 16:04:38 - [MESSAGE][PASSED] - Object 'Object Repository/Web RoomMe.id/RoomMe.id Header/Button Sign In' is visible

2020-04-15 16:04:38 - [TEST_STEP][PASSED] - click(findTestObject("Web RoomMe.id/RoomMe.id Header/Button Sign In")): Object: 'Object Repository/Web RoomMe.id/RoomMe.id Header/Button Sign In' is clicked on

2020-04-15 16:04:38 - [MESSAGE][PASSED] - Object: 'Object Repository/Web RoomMe.id/RoomMe.id Header/Button Sign In' is clicked on

2020-04-15 16:04:38 - [TEST_STEP][PASSED] - click(findTestObject("Web RoomMe.id/Sign In Menu/Button Sign In with Google")): Object: 'Object Repository/Web RoomMe.id/Sign In Menu/Button Sign In with Google' is clicked on

2020-04-15 16:04:39 - [MESSAGE][PASSED] - Object: 'Object Repository/Web RoomMe.id/Sign In Menu/Button Sign In with Google' is clicked on

2020-04-15 16:04:39 - [TEST_STEP][PASSED] - waitForPageLoad(0): Wait for page load successfully

2020-04-15 16:04:39 - [MESSAGE][WARNING] - Timeout '0' is invalid. Using default page load timeout: '60'

2020-04-15 16:04:39 - [MESSAGE][PASSED] - Wait for page load successfully

2020-04-15 16:04:39 - [TEST_STEP][PASSED] - waitForElementVisible(findTestObject("Web RoomMe.id/RoomMe.id Header/User Menu/User Profile Image"), 0): Object 'Object Repository/Web RoomMe.id/RoomMe.id Header/User Menu/User Profile Image' is visible

2020-04-15 16:04:39 - [MESSAGE][WARNING] - Timeout '0' is invalid. Using default page load timeout: '60'

2020-04-15 16:04:45 - [MESSAGE][PASSED] - Object 'Object Repository/Web RoomMe.id/RoomMe.id Header/User Menu/User Profile Image' is visible

2020-04-15 16:04:45 - [TEST_STEP][PASSED] - waitForElementVisible(findTestObject("Web RoomMe.id/RoomMe.id Header/User Menu/User Menu"), 0): Object 'Object Repository/Web RoomMe.id/RoomMe.id Header/User Menu/User Menu' is visible

2020-04-15 16:04:45 - [MESSAGE][WARNING] - Timeout '0' is invalid. Using default page load timeout: '60'

2020-04-15 16:04:46 - [MESSAGE][PASSED] - Object 'Object Repository/Web RoomMe.id/RoomMe.id Header/User Menu/User Menu' is visible]]></system-out>
         <system-err><![CDATA[]]></system-err>
      </testcase>
      <system-out><![CDATA[2020-04-15 16:03:29 - [TEST_SUITE][PASSED] - Customer Login with Google: Test Cases/Web RoomMe.id/19. Sign In with Google/2. Customer Login with Already Login Google Account]]></system-out>
      <system-err><![CDATA[]]></system-err>
   </testsuite>
</testsuites>
