<?xml version="1.0" encoding="UTF-8"?>
<testsuites name="Customer Register in Community Page" time="680.411" tests="12" failures="3" errors="0">
   <testsuite name="Customer Register in Community Page" tests="12" failures="3" errors="0" time="680.411" timestamp="2020-05-20 01:28:00" hostname="Win 10 - LENNONOVO" id="Test Suites/Web RoomMe.id/Customer Register in Community Page">
      <properties>
         <property name="deviceName" value=""/>
         <property name="devicePlatform" value=""/>
         <property name="logFolder" value="C:\\Users\\Faldi\\Katalon Studio\\katalonroomme-master\\Reports\\20200520_012750\\Web RoomMe.id\\Customer Register in Community Page\\20200520_012750"/>
         <property name="logFiles" value="C:\\Users\\Faldi\\Katalon Studio\\katalonroomme-master\\Reports\\20200520_012750\\Web RoomMe.id\\Customer Register in Community Page\\20200520_012750\\execution0.log"/>
         <property name="attachments" value="C:\\Users\\Faldi\\Katalon Studio\\katalonroomme-master\\Reports\\20200520_012750\\Web RoomMe.id\\Customer Register in Community Page\\20200520_012750\\1589913218648.png, C:\\Users\\Faldi\\Katalon Studio\\katalonroomme-master\\Reports\\20200520_012750\\Web RoomMe.id\\Customer Register in Community Page\\20200520_012750\\1589913380582.png"/>
         <property name="hostName" value="Win 10 - LENNONOVO"/>
         <property name="os" value="Windows 10 64bit"/>
         <property name="katalonVersion" value="7.1.1.1"/>
         <property name="browser" value="Chrome 81.0.4044.138"/>
         <property name="hostAddress" value="192.168.1.14"/>
         <property name="sessionId" value="bd665479fdb56504936cb43b8041c703"/>
         <property name="seleniumVersion" value="3.141.59"/>
         <property name="proxyInformation" value="ProxyInformation{proxyOption=NO_PROXY, proxyServerType=HTTP, password=, proxyServerAddress=, proxyServerPort=0}"/>
         <property name="platform" value="Windows 10"/>
      </properties>
      <testcase name="Test Cases/Web RoomMe.id/20. Community Registration/1. Verify Registration Form" time="1.557" classname="Test Cases/Web RoomMe.id/20. Community Registration/1. Verify Registration Form" status="FAILED">
         <failure type="FAILED" message="Test Cases/Web RoomMe.id/20. Community Registration/1. Verify Registration Form FAILED.
Reason:
com.kms.katalon.core.exception.StepFailedException: Unable to verify object 'Object Repository/Web RoomMe.id\Community Page\Community Registration\Button Submit' is visible
	at com.kms.katalon.core.webui.keyword.internal.WebUIKeywordMain.stepFailed(WebUIKeywordMain.groovy:64)
	at com.kms.katalon.core.webui.keyword.internal.WebUIKeywordMain.runKeyword(WebUIKeywordMain.groovy:26)
	at com.kms.katalon.core.webui.keyword.builtin.VerifyElementVisibleKeyword.verifyElementVisible(VerifyElementVisibleKeyword.groovy:97)
	at com.kms.katalon.core.webui.keyword.builtin.VerifyElementVisibleKeyword.execute(VerifyElementVisibleKeyword.groovy:67)
	at com.kms.katalon.core.keyword.internal.KeywordExecutor.executeKeywordForPlatform(KeywordExecutor.groovy:60)
	at com.kms.katalon.core.webui.keyword.WebUiBuiltInKeywords.verifyElementVisible(WebUiBuiltInKeywords.groovy:372)
	at com.kms.katalon.core.webui.keyword.WebUiBuiltInKeywords$verifyElementVisible.call(Unknown Source)
	at 1. Verify Registration Form.run(1. Verify Registration Form:38)
	at com.kms.katalon.core.main.ScriptEngine.run(ScriptEngine.java:194)
	at com.kms.katalon.core.main.ScriptEngine.runScriptAsRawText(ScriptEngine.java:119)
	at com.kms.katalon.core.main.TestCaseExecutor.runScript(TestCaseExecutor.java:337)
	at com.kms.katalon.core.main.TestCaseExecutor.doExecute(TestCaseExecutor.java:328)
	at com.kms.katalon.core.main.TestCaseExecutor.processExecutionPhase(TestCaseExecutor.java:307)
	at com.kms.katalon.core.main.TestCaseExecutor.accessMainPhase(TestCaseExecutor.java:299)
	at com.kms.katalon.core.main.TestCaseExecutor.execute(TestCaseExecutor.java:233)
	at com.kms.katalon.core.main.TestSuiteExecutor.accessTestCaseMainPhase(TestSuiteExecutor.java:169)
	at com.kms.katalon.core.main.TestSuiteExecutor.accessTestSuiteMainPhase(TestSuiteExecutor.java:142)
	at com.kms.katalon.core.main.TestSuiteExecutor.execute(TestSuiteExecutor.java:91)
	at com.kms.katalon.core.main.TestCaseMain.startTestSuite(TestCaseMain.java:157)
	at com.kms.katalon.core.main.TestCaseMain$startTestSuite$0.call(Unknown Source)
	at TempTestSuite1589912870282.run(TempTestSuite1589912870282.groovy:36)
Caused by: com.kms.katalon.core.webui.exception.BrowserNotOpenedException: Browser is not opened
Build info: version: '3.141.59', revision: 'e82be7d358', time: '2018-11-14T08:25:53'
System info: host: 'LENNONOVO', ip: '192.168.1.14', os.name: 'Windows 10', os.arch: 'amd64', os.version: '10.0', java.version: '1.8.0_181'
Driver info: driver.version: unknown
	at com.kms.katalon.core.webui.driver.DriverFactory.verifyWebDriverIsOpen(DriverFactory.java:786)
	at com.kms.katalon.core.webui.driver.DriverFactory.verifyWebDriver(DriverFactory.java:771)
	at com.kms.katalon.core.webui.driver.DriverFactory.getWebDriver(DriverFactory.java:757)
	at com.kms.katalon.core.webui.common.WebUiCommonHelper.findWebElements(WebUiCommonHelper.java:712)
	at com.kms.katalon.core.webui.common.WebUiCommonHelper.findWebElement(WebUiCommonHelper.java:1109)
	at com.kms.katalon.core.webui.keyword.internal.WebUIAbstractKeyword.findWebElement(WebUIAbstractKeyword.groovy:27)
	at com.kms.katalon.core.webui.keyword.builtin.VerifyElementVisibleKeyword$_verifyElementVisible_closure1.doCall(VerifyElementVisibleKeyword.groovy:78)
	at com.kms.katalon.core.webui.keyword.builtin.VerifyElementVisibleKeyword$_verifyElementVisible_closure1.call(VerifyElementVisibleKeyword.groovy)
	at com.kms.katalon.core.webui.keyword.internal.WebUIKeywordMain.runKeyword(WebUIKeywordMain.groovy:20)
	... 19 more
"/>
         <system-out><![CDATA[2020-05-20 01:28:00 - [TEST_CASE][FAILED] - Test Cases/Web RoomMe.id/20. Community Registration/1. Verify Registration Form: Test Cases/Web RoomMe.id/20. Community Registration/1. Verify Registration Form FAILED.
Reason:
com.kms.katalon.core.exception.StepFailedException: Unable to verify object 'Object Repository/Web RoomMe.id\Community Page\Community Registration\Button Submit' is visible
	at com.kms.katalon.core.webui.keyword.internal.WebUIKeywordMain.stepFailed(WebUIKeywordMain.groovy:64)
	at com.kms.katalon.core.webui.keyword.internal.WebUIKeywordMain.runKeyword(WebUIKeywordMain.groovy:26)
	at com.kms.katalon.core.webui.keyword.builtin.VerifyElementVisibleKeyword.verifyElementVisible(VerifyElementVisibleKeyword.groovy:97)
	at com.kms.katalon.core.webui.keyword.builtin.VerifyElementVisibleKeyword.execute(VerifyElementVisibleKeyword.groovy:67)
	at com.kms.katalon.core.keyword.internal.KeywordExecutor.executeKeywordForPlatform(KeywordExecutor.groovy:60)
	at com.kms.katalon.core.webui.keyword.WebUiBuiltInKeywords.verifyElementVisible(WebUiBuiltInKeywords.groovy:372)
	at com.kms.katalon.core.webui.keyword.WebUiBuiltInKeywords$verifyElementVisible.call(Unknown Source)
	at 1. Verify Registration Form.run(1. Verify Registration Form:38)
	at com.kms.katalon.core.main.ScriptEngine.run(ScriptEngine.java:194)
	at com.kms.katalon.core.main.ScriptEngine.runScriptAsRawText(ScriptEngine.java:119)
	at com.kms.katalon.core.main.TestCaseExecutor.runScript(TestCaseExecutor.java:337)
	at com.kms.katalon.core.main.TestCaseExecutor.doExecute(TestCaseExecutor.java:328)
	at com.kms.katalon.core.main.TestCaseExecutor.processExecutionPhase(TestCaseExecutor.java:307)
	at com.kms.katalon.core.main.TestCaseExecutor.accessMainPhase(TestCaseExecutor.java:299)
	at com.kms.katalon.core.main.TestCaseExecutor.execute(TestCaseExecutor.java:233)
	at com.kms.katalon.core.main.TestSuiteExecutor.accessTestCaseMainPhase(TestSuiteExecutor.java:169)
	at com.kms.katalon.core.main.TestSuiteExecutor.accessTestSuiteMainPhase(TestSuiteExecutor.java:142)
	at com.kms.katalon.core.main.TestSuiteExecutor.execute(TestSuiteExecutor.java:91)
	at com.kms.katalon.core.main.TestCaseMain.startTestSuite(TestCaseMain.java:157)
	at com.kms.katalon.core.main.TestCaseMain$startTestSuite$0.call(Unknown Source)
	at TempTestSuite1589912870282.run(TempTestSuite1589912870282.groovy:36)
Caused by: com.kms.katalon.core.webui.exception.BrowserNotOpenedException: Browser is not opened
Build info: version: '3.141.59', revision: 'e82be7d358', time: '2018-11-14T08:25:53'
System info: host: 'LENNONOVO', ip: '192.168.1.14', os.name: 'Windows 10', os.arch: 'amd64', os.version: '10.0', java.version: '1.8.0_181'
Driver info: driver.version: unknown
	at com.kms.katalon.core.webui.driver.DriverFactory.verifyWebDriverIsOpen(DriverFactory.java:786)
	at com.kms.katalon.core.webui.driver.DriverFactory.verifyWebDriver(DriverFactory.java:771)
	at com.kms.katalon.core.webui.driver.DriverFactory.getWebDriver(DriverFactory.java:757)
	at com.kms.katalon.core.webui.common.WebUiCommonHelper.findWebElements(WebUiCommonHelper.java:712)
	at com.kms.katalon.core.webui.common.WebUiCommonHelper.findWebElement(WebUiCommonHelper.java:1109)
	at com.kms.katalon.core.webui.keyword.internal.WebUIAbstractKeyword.findWebElement(WebUIAbstractKeyword.groovy:27)
	at com.kms.katalon.core.webui.keyword.builtin.VerifyElementVisibleKeyword$_verifyElementVisible_closure1.doCall(VerifyElementVisibleKeyword.groovy:78)
	at com.kms.katalon.core.webui.keyword.builtin.VerifyElementVisibleKeyword$_verifyElementVisible_closure1.call(VerifyElementVisibleKeyword.groovy)
	at com.kms.katalon.core.webui.keyword.internal.WebUIKeywordMain.runKeyword(WebUIKeywordMain.groovy:20)
	... 19 more


2020-05-20 01:28:01 - [TEST_STEP][PASSED] - objectSubFolder = "Web RoomMe.id\Community Page\Community Registration\": null

2020-05-20 01:28:01 - [TEST_STEP][PASSED] - pathToObjRep = getProjectDir() + "\Object Repository\" + objectSubFolder: null

2020-05-20 01:28:01 - [TEST_STEP][PASSED] - yourObjects = new java.io.File(pathToObjRep): null

2020-05-20 01:28:01 - [TEST_STEP][PASSED] - fileNames = yourObjects.list(): null

2020-05-20 01:28:01 - [TEST_STEP][PASSED] - testObjects = new java.util.ArrayList(): null

2020-05-20 01:28:01 - [TEST_STEP][PASSED] - for ([i = 0, i < length, (i++)]): null

2020-05-20 01:28:01 - [TEST_STEP][PASSED] - if (fileNames[i].contains(".rs")): null

2020-05-20 01:28:01 - [TEST_STEP][PASSED] - if (fileNames[i].contains(".rs")): null

2020-05-20 01:28:01 - [TEST_STEP][PASSED] - fileNames[i] = fileNames[i].replace(".rs", ""): null

2020-05-20 01:28:01 - [TEST_STEP][PASSED] - testObjects.add(objectSubFolder + fileNames[i]): null

2020-05-20 01:28:01 - [TEST_STEP][PASSED] - if (fileNames[i].contains(".rs")): null

2020-05-20 01:28:01 - [TEST_STEP][PASSED] - fileNames[i] = fileNames[i].replace(".rs", ""): null

2020-05-20 01:28:01 - [TEST_STEP][PASSED] - testObjects.add(objectSubFolder + fileNames[i]): null

2020-05-20 01:28:01 - [TEST_STEP][PASSED] - if (fileNames[i].contains(".rs")): null

2020-05-20 01:28:01 - [TEST_STEP][PASSED] - fileNames[i] = fileNames[i].replace(".rs", ""): null

2020-05-20 01:28:01 - [TEST_STEP][PASSED] - testObjects.add(objectSubFolder + fileNames[i]): null

2020-05-20 01:28:01 - [TEST_STEP][PASSED] - if (fileNames[i].contains(".rs")): null

2020-05-20 01:28:01 - [TEST_STEP][PASSED] - if (fileNames[i].contains(".rs")): null

2020-05-20 01:28:01 - [TEST_STEP][PASSED] - fileNames[i] = fileNames[i].replace(".rs", ""): null

2020-05-20 01:28:01 - [TEST_STEP][PASSED] - testObjects.add(objectSubFolder + fileNames[i]): null

2020-05-20 01:28:01 - [TEST_STEP][PASSED] - if (fileNames[i].contains(".rs")): null

2020-05-20 01:28:01 - [TEST_STEP][PASSED] - fileNames[i] = fileNames[i].replace(".rs", ""): null

2020-05-20 01:28:01 - [TEST_STEP][PASSED] - testObjects.add(objectSubFolder + fileNames[i]): null

2020-05-20 01:28:01 - [TEST_STEP][PASSED] - if (fileNames[i].contains(".rs")): null

2020-05-20 01:28:01 - [TEST_STEP][PASSED] - fileNames[i] = fileNames[i].replace(".rs", ""): null

2020-05-20 01:28:01 - [TEST_STEP][PASSED] - testObjects.add(objectSubFolder + fileNames[i]): null

2020-05-20 01:28:01 - [TEST_STEP][PASSED] - if (fileNames[i].contains(".rs")): null

2020-05-20 01:28:01 - [TEST_STEP][PASSED] - if (fileNames[i].contains(".rs")): null

2020-05-20 01:28:01 - [TEST_STEP][PASSED] - fileNames[i] = fileNames[i].replace(".rs", ""): null

2020-05-20 01:28:01 - [TEST_STEP][PASSED] - testObjects.add(objectSubFolder + fileNames[i]): null

2020-05-20 01:28:01 - [TEST_STEP][PASSED] - if (fileNames[i].contains(".rs")): null

2020-05-20 01:28:01 - [TEST_STEP][PASSED] - fileNames[i] = fileNames[i].replace(".rs", ""): null

2020-05-20 01:28:01 - [TEST_STEP][PASSED] - testObjects.add(objectSubFolder + fileNames[i]): null

2020-05-20 01:28:01 - [TEST_STEP][PASSED] - if (fileNames[i].contains(".rs")): null

2020-05-20 01:28:01 - [TEST_STEP][PASSED] - fileNames[i] = fileNames[i].replace(".rs", ""): null

2020-05-20 01:28:01 - [TEST_STEP][PASSED] - testObjects.add(objectSubFolder + fileNames[i]): null

2020-05-20 01:28:01 - [TEST_STEP][PASSED] - if (fileNames[i].contains(".rs")): null

2020-05-20 01:28:01 - [TEST_STEP][PASSED] - fileNames[i] = fileNames[i].replace(".rs", ""): null

2020-05-20 01:28:01 - [TEST_STEP][PASSED] - testObjects.add(objectSubFolder + fileNames[i]): null

2020-05-20 01:28:01 - [TEST_STEP][PASSED] - if (fileNames[i].contains(".rs")): null

2020-05-20 01:28:01 - [TEST_STEP][PASSED] - fileNames[i] = fileNames[i].replace(".rs", ""): null

2020-05-20 01:28:01 - [TEST_STEP][PASSED] - testObjects.add(objectSubFolder + fileNames[i]): null

2020-05-20 01:28:01 - [TEST_STEP][PASSED] - if (fileNames[i].contains(".rs")): null

2020-05-20 01:28:01 - [TEST_STEP][PASSED] - fileNames[i] = fileNames[i].replace(".rs", ""): null

2020-05-20 01:28:01 - [TEST_STEP][PASSED] - testObjects.add(objectSubFolder + fileNames[i]): null

2020-05-20 01:28:01 - [TEST_STEP][PASSED] - if (fileNames[i].contains(".rs")): null

2020-05-20 01:28:01 - [TEST_STEP][PASSED] - fileNames[i] = fileNames[i].replace(".rs", ""): null

2020-05-20 01:28:01 - [TEST_STEP][PASSED] - testObjects.add(objectSubFolder + fileNames[i]): null

2020-05-20 01:28:01 - [TEST_STEP][PASSED] - if (fileNames[i].contains(".rs")): null

2020-05-20 01:28:01 - [TEST_STEP][PASSED] - fileNames[i] = fileNames[i].replace(".rs", ""): null

2020-05-20 01:28:01 - [TEST_STEP][PASSED] - testObjects.add(objectSubFolder + fileNames[i]): null

2020-05-20 01:28:01 - [TEST_STEP][PASSED] - if (fileNames[i].contains(".rs")): null

2020-05-20 01:28:01 - [TEST_STEP][PASSED] - fileNames[i] = fileNames[i].replace(".rs", ""): null

2020-05-20 01:28:01 - [TEST_STEP][PASSED] - testObjects.add(objectSubFolder + fileNames[i]): null

2020-05-20 01:28:01 - [TEST_STEP][PASSED] - if (fileNames[i].contains(".rs")): null

2020-05-20 01:28:01 - [TEST_STEP][PASSED] - fileNames[i] = fileNames[i].replace(".rs", ""): null

2020-05-20 01:28:01 - [TEST_STEP][PASSED] - testObjects.add(objectSubFolder + fileNames[i]): null

2020-05-20 01:28:01 - [TEST_STEP][PASSED] - if (fileNames[i].contains(".rs")): null

2020-05-20 01:28:01 - [TEST_STEP][PASSED] - fileNames[i] = fileNames[i].replace(".rs", ""): null

2020-05-20 01:28:01 - [TEST_STEP][PASSED] - testObjects.add(objectSubFolder + fileNames[i]): null

2020-05-20 01:28:01 - [TEST_STEP][FAILED] - for (String obj : testObjects): Unable to verify object 'Object Repository/Web RoomMe.id\Community Page\Community Registration\Button Submit' is visible (Root cause: com.kms.katalon.core.exception.StepFailedException: Unable to verify object 'Object Repository/Web RoomMe.id\Community Page\Community Registration\Button Submit' is visible
	at com.kms.katalon.core.webui.keyword.internal.WebUIKeywordMain.stepFailed(WebUIKeywordMain.groovy:64)
	at com.kms.katalon.core.webui.keyword.internal.WebUIKeywordMain.runKeyword(WebUIKeywordMain.groovy:26)
	at com.kms.katalon.core.webui.keyword.builtin.VerifyElementVisibleKeyword.verifyElementVisible(VerifyElementVisibleKeyword.groovy:97)
	at com.kms.katalon.core.webui.keyword.builtin.VerifyElementVisibleKeyword.execute(VerifyElementVisibleKeyword.groovy:67)
	at com.kms.katalon.core.keyword.internal.KeywordExecutor.executeKeywordForPlatform(KeywordExecutor.groovy:60)
	at com.kms.katalon.core.webui.keyword.WebUiBuiltInKeywords.verifyElementVisible(WebUiBuiltInKeywords.groovy:372)
	at com.kms.katalon.core.webui.keyword.WebUiBuiltInKeywords$verifyElementVisible.call(Unknown Source)
	at 1. Verify Registration Form.run(1. Verify Registration Form:38)
	at com.kms.katalon.core.main.ScriptEngine.run(ScriptEngine.java:194)
	at com.kms.katalon.core.main.ScriptEngine.runScriptAsRawText(ScriptEngine.java:119)
	at com.kms.katalon.core.main.TestCaseExecutor.runScript(TestCaseExecutor.java:337)
	at com.kms.katalon.core.main.TestCaseExecutor.doExecute(TestCaseExecutor.java:328)
	at com.kms.katalon.core.main.TestCaseExecutor.processExecutionPhase(TestCaseExecutor.java:307)
	at com.kms.katalon.core.main.TestCaseExecutor.accessMainPhase(TestCaseExecutor.java:299)
	at com.kms.katalon.core.main.TestCaseExecutor.execute(TestCaseExecutor.java:233)
	at com.kms.katalon.core.main.TestSuiteExecutor.accessTestCaseMainPhase(TestSuiteExecutor.java:169)
	at com.kms.katalon.core.main.TestSuiteExecutor.accessTestSuiteMainPhase(TestSuiteExecutor.java:142)
	at com.kms.katalon.core.main.TestSuiteExecutor.execute(TestSuiteExecutor.java:91)
	at com.kms.katalon.core.main.TestCaseMain.startTestSuite(TestCaseMain.java:157)
	at com.kms.katalon.core.main.TestCaseMain$startTestSuite$0.call(Unknown Source)
	at TempTestSuite1589912870282.run(TempTestSuite1589912870282.groovy:36)
Caused by: com.kms.katalon.core.webui.exception.BrowserNotOpenedException: Browser is not opened
Build info: version: '3.141.59', revision: 'e82be7d358', time: '2018-11-14T08:25:53'
System info: host: 'LENNONOVO', ip: '192.168.1.14', os.name: 'Windows 10', os.arch: 'amd64', os.version: '10.0', java.version: '1.8.0_181'
Driver info: driver.version: unknown
	at com.kms.katalon.core.webui.driver.DriverFactory.verifyWebDriverIsOpen(DriverFactory.java:786)
	at com.kms.katalon.core.webui.driver.DriverFactory.verifyWebDriver(DriverFactory.java:771)
	at com.kms.katalon.core.webui.driver.DriverFactory.getWebDriver(DriverFactory.java:757)
	at com.kms.katalon.core.webui.common.WebUiCommonHelper.findWebElements(WebUiCommonHelper.java:712)
	at com.kms.katalon.core.webui.common.WebUiCommonHelper.findWebElement(WebUiCommonHelper.java:1109)
	at com.kms.katalon.core.webui.keyword.internal.WebUIAbstractKeyword.findWebElement(WebUIAbstractKeyword.groovy:27)
	at com.kms.katalon.core.webui.keyword.builtin.VerifyElementVisibleKeyword$_verifyElementVisible_closure1.doCall(VerifyElementVisibleKeyword.groovy:78)
	at com.kms.katalon.core.webui.keyword.builtin.VerifyElementVisibleKeyword$_verifyElementVisible_closure1.call(VerifyElementVisibleKeyword.groovy)
	at com.kms.katalon.core.webui.keyword.internal.WebUIKeywordMain.runKeyword(WebUIKeywordMain.groovy:20)
	at com.kms.katalon.core.webui.keyword.builtin.VerifyElementVisibleKeyword.verifyElementVisible(VerifyElementVisibleKeyword.groovy:97)
	at com.kms.katalon.core.webui.keyword.builtin.VerifyElementVisibleKeyword.execute(VerifyElementVisibleKeyword.groovy:67)
	at com.kms.katalon.core.keyword.internal.KeywordExecutor.executeKeywordForPlatform(KeywordExecutor.groovy:60)
	at com.kms.katalon.core.webui.keyword.WebUiBuiltInKeywords.verifyElementVisible(WebUiBuiltInKeywords.groovy:372)
	at com.kms.katalon.core.webui.keyword.WebUiBuiltInKeywords$verifyElementVisible.call(Unknown Source)
	at Script1588739337002.run(Script1588739337002.groovy:38)
	... 13 more
)

2020-05-20 01:28:01 - [TEST_STEP][FAILED] - verifyElementVisible(findTestObject(obj)): Unable to verify object 'Object Repository/Web RoomMe.id\Community Page\Community Registration\Button Submit' is visible (Root cause: com.kms.katalon.core.exception.StepFailedException: Unable to verify object 'Object Repository/Web RoomMe.id\Community Page\Community Registration\Button Submit' is visible
	at com.kms.katalon.core.webui.keyword.internal.WebUIKeywordMain.stepFailed(WebUIKeywordMain.groovy:64)
	at com.kms.katalon.core.webui.keyword.internal.WebUIKeywordMain.runKeyword(WebUIKeywordMain.groovy:26)
	at com.kms.katalon.core.webui.keyword.builtin.VerifyElementVisibleKeyword.verifyElementVisible(VerifyElementVisibleKeyword.groovy:97)
	at com.kms.katalon.core.webui.keyword.builtin.VerifyElementVisibleKeyword.execute(VerifyElementVisibleKeyword.groovy:67)
	at com.kms.katalon.core.keyword.internal.KeywordExecutor.executeKeywordForPlatform(KeywordExecutor.groovy:60)
	at com.kms.katalon.core.webui.keyword.WebUiBuiltInKeywords.verifyElementVisible(WebUiBuiltInKeywords.groovy:372)
	at com.kms.katalon.core.webui.keyword.WebUiBuiltInKeywords$verifyElementVisible.call(Unknown Source)
	at 1. Verify Registration Form.run(1. Verify Registration Form:38)
	at com.kms.katalon.core.main.ScriptEngine.run(ScriptEngine.java:194)
	at com.kms.katalon.core.main.ScriptEngine.runScriptAsRawText(ScriptEngine.java:119)
	at com.kms.katalon.core.main.TestCaseExecutor.runScript(TestCaseExecutor.java:337)
	at com.kms.katalon.core.main.TestCaseExecutor.doExecute(TestCaseExecutor.java:328)
	at com.kms.katalon.core.main.TestCaseExecutor.processExecutionPhase(TestCaseExecutor.java:307)
	at com.kms.katalon.core.main.TestCaseExecutor.accessMainPhase(TestCaseExecutor.java:299)
	at com.kms.katalon.core.main.TestCaseExecutor.execute(TestCaseExecutor.java:233)
	at com.kms.katalon.core.main.TestSuiteExecutor.accessTestCaseMainPhase(TestSuiteExecutor.java:169)
	at com.kms.katalon.core.main.TestSuiteExecutor.accessTestSuiteMainPhase(TestSuiteExecutor.java:142)
	at com.kms.katalon.core.main.TestSuiteExecutor.execute(TestSuiteExecutor.java:91)
	at com.kms.katalon.core.main.TestCaseMain.startTestSuite(TestCaseMain.java:157)
	at com.kms.katalon.core.main.TestCaseMain$startTestSuite$0.call(Unknown Source)
	at TempTestSuite1589912870282.run(TempTestSuite1589912870282.groovy:36)
Caused by: com.kms.katalon.core.webui.exception.BrowserNotOpenedException: Browser is not opened
Build info: version: '3.141.59', revision: 'e82be7d358', time: '2018-11-14T08:25:53'
System info: host: 'LENNONOVO', ip: '192.168.1.14', os.name: 'Windows 10', os.arch: 'amd64', os.version: '10.0', java.version: '1.8.0_181'
Driver info: driver.version: unknown
	at com.kms.katalon.core.webui.driver.DriverFactory.verifyWebDriverIsOpen(DriverFactory.java:786)
	at com.kms.katalon.core.webui.driver.DriverFactory.verifyWebDriver(DriverFactory.java:771)
	at com.kms.katalon.core.webui.driver.DriverFactory.getWebDriver(DriverFactory.java:757)
	at com.kms.katalon.core.webui.common.WebUiCommonHelper.findWebElements(WebUiCommonHelper.java:712)
	at com.kms.katalon.core.webui.common.WebUiCommonHelper.findWebElement(WebUiCommonHelper.java:1109)
	at com.kms.katalon.core.webui.keyword.internal.WebUIAbstractKeyword.findWebElement(WebUIAbstractKeyword.groovy:27)
	at com.kms.katalon.core.webui.keyword.builtin.VerifyElementVisibleKeyword$_verifyElementVisible_closure1.doCall(VerifyElementVisibleKeyword.groovy:78)
	at com.kms.katalon.core.webui.keyword.builtin.VerifyElementVisibleKeyword$_verifyElementVisible_closure1.call(VerifyElementVisibleKeyword.groovy)
	at com.kms.katalon.core.webui.keyword.internal.WebUIKeywordMain.runKeyword(WebUIKeywordMain.groovy:20)
	at com.kms.katalon.core.webui.keyword.builtin.VerifyElementVisibleKeyword.verifyElementVisible(VerifyElementVisibleKeyword.groovy:97)
	at com.kms.katalon.core.webui.keyword.builtin.VerifyElementVisibleKeyword.execute(VerifyElementVisibleKeyword.groovy:67)
	at com.kms.katalon.core.keyword.internal.KeywordExecutor.executeKeywordForPlatform(KeywordExecutor.groovy:60)
	at com.kms.katalon.core.webui.keyword.WebUiBuiltInKeywords.verifyElementVisible(WebUiBuiltInKeywords.groovy:372)
	at com.kms.katalon.core.webui.keyword.WebUiBuiltInKeywords$verifyElementVisible.call(Unknown Source)
	at Script1588739337002.run(Script1588739337002.groovy:38)
	... 13 more
)

2020-05-20 01:28:02 - [MESSAGE][WARNING] - Cannot take screenshot

2020-05-20 01:28:02 - [MESSAGE][FAILED] - Unable to verify object 'Object Repository/Web RoomMe.id\Community Page\Community Registration\Button Submit' is visible (Root cause: com.kms.katalon.core.exception.StepFailedException: Unable to verify object 'Object Repository/Web RoomMe.id\Community Page\Community Registration\Button Submit' is visible
	at com.kms.katalon.core.webui.keyword.internal.WebUIKeywordMain.stepFailed(WebUIKeywordMain.groovy:64)
	at com.kms.katalon.core.webui.keyword.internal.WebUIKeywordMain.runKeyword(WebUIKeywordMain.groovy:26)
	at com.kms.katalon.core.webui.keyword.builtin.VerifyElementVisibleKeyword.verifyElementVisible(VerifyElementVisibleKeyword.groovy:97)
	at com.kms.katalon.core.webui.keyword.builtin.VerifyElementVisibleKeyword.execute(VerifyElementVisibleKeyword.groovy:67)
	at com.kms.katalon.core.keyword.internal.KeywordExecutor.executeKeywordForPlatform(KeywordExecutor.groovy:60)
	at com.kms.katalon.core.webui.keyword.WebUiBuiltInKeywords.verifyElementVisible(WebUiBuiltInKeywords.groovy:372)
	at com.kms.katalon.core.webui.keyword.WebUiBuiltInKeywords$verifyElementVisible.call(Unknown Source)
	at 1. Verify Registration Form.run(1. Verify Registration Form:38)
	at com.kms.katalon.core.main.ScriptEngine.run(ScriptEngine.java:194)
	at com.kms.katalon.core.main.ScriptEngine.runScriptAsRawText(ScriptEngine.java:119)
	at com.kms.katalon.core.main.TestCaseExecutor.runScript(TestCaseExecutor.java:337)
	at com.kms.katalon.core.main.TestCaseExecutor.doExecute(TestCaseExecutor.java:328)
	at com.kms.katalon.core.main.TestCaseExecutor.processExecutionPhase(TestCaseExecutor.java:307)
	at com.kms.katalon.core.main.TestCaseExecutor.accessMainPhase(TestCaseExecutor.java:299)
	at com.kms.katalon.core.main.TestCaseExecutor.execute(TestCaseExecutor.java:233)
	at com.kms.katalon.core.main.TestSuiteExecutor.accessTestCaseMainPhase(TestSuiteExecutor.java:169)
	at com.kms.katalon.core.main.TestSuiteExecutor.accessTestSuiteMainPhase(TestSuiteExecutor.java:142)
	at com.kms.katalon.core.main.TestSuiteExecutor.execute(TestSuiteExecutor.java:91)
	at com.kms.katalon.core.main.TestCaseMain.startTestSuite(TestCaseMain.java:157)
	at com.kms.katalon.core.main.TestCaseMain$startTestSuite$0.call(Unknown Source)
	at TempTestSuite1589912870282.run(TempTestSuite1589912870282.groovy:36)
Caused by: com.kms.katalon.core.webui.exception.BrowserNotOpenedException: Browser is not opened
Build info: version: '3.141.59', revision: 'e82be7d358', time: '2018-11-14T08:25:53'
System info: host: 'LENNONOVO', ip: '192.168.1.14', os.name: 'Windows 10', os.arch: 'amd64', os.version: '10.0', java.version: '1.8.0_181'
Driver info: driver.version: unknown
	at com.kms.katalon.core.webui.driver.DriverFactory.verifyWebDriverIsOpen(DriverFactory.java:786)
	at com.kms.katalon.core.webui.driver.DriverFactory.verifyWebDriver(DriverFactory.java:771)
	at com.kms.katalon.core.webui.driver.DriverFactory.getWebDriver(DriverFactory.java:757)
	at com.kms.katalon.core.webui.common.WebUiCommonHelper.findWebElements(WebUiCommonHelper.java:712)
	at com.kms.katalon.core.webui.common.WebUiCommonHelper.findWebElement(WebUiCommonHelper.java:1109)
	at com.kms.katalon.core.webui.keyword.internal.WebUIAbstractKeyword.findWebElement(WebUIAbstractKeyword.groovy:27)
	at com.kms.katalon.core.webui.keyword.builtin.VerifyElementVisibleKeyword$_verifyElementVisible_closure1.doCall(VerifyElementVisibleKeyword.groovy:78)
	at com.kms.katalon.core.webui.keyword.builtin.VerifyElementVisibleKeyword$_verifyElementVisible_closure1.call(VerifyElementVisibleKeyword.groovy)
	at com.kms.katalon.core.webui.keyword.internal.WebUIKeywordMain.runKeyword(WebUIKeywordMain.groovy:20)
	at com.kms.katalon.core.webui.keyword.builtin.VerifyElementVisibleKeyword.verifyElementVisible(VerifyElementVisibleKeyword.groovy:97)
	at com.kms.katalon.core.webui.keyword.builtin.VerifyElementVisibleKeyword.execute(VerifyElementVisibleKeyword.groovy:67)
	at com.kms.katalon.core.keyword.internal.KeywordExecutor.executeKeywordForPlatform(KeywordExecutor.groovy:60)
	at com.kms.katalon.core.webui.keyword.WebUiBuiltInKeywords.verifyElementVisible(WebUiBuiltInKeywords.groovy:372)
	at com.kms.katalon.core.webui.keyword.WebUiBuiltInKeywords$verifyElementVisible.call(Unknown Source)
	at Script1588739337002.run(Script1588739337002.groovy:38)
	... 13 more
)]]></system-out>
         <system-err><![CDATA[2020-05-20 01:28:00 - [TEST_CASE][FAILED] - Test Cases/Web RoomMe.id/20. Community Registration/1. Verify Registration Form: Test Cases/Web RoomMe.id/20. Community Registration/1. Verify Registration Form FAILED.
Reason:
com.kms.katalon.core.exception.StepFailedException: Unable to verify object 'Object Repository/Web RoomMe.id\Community Page\Community Registration\Button Submit' is visible
	at com.kms.katalon.core.webui.keyword.internal.WebUIKeywordMain.stepFailed(WebUIKeywordMain.groovy:64)
	at com.kms.katalon.core.webui.keyword.internal.WebUIKeywordMain.runKeyword(WebUIKeywordMain.groovy:26)
	at com.kms.katalon.core.webui.keyword.builtin.VerifyElementVisibleKeyword.verifyElementVisible(VerifyElementVisibleKeyword.groovy:97)
	at com.kms.katalon.core.webui.keyword.builtin.VerifyElementVisibleKeyword.execute(VerifyElementVisibleKeyword.groovy:67)
	at com.kms.katalon.core.keyword.internal.KeywordExecutor.executeKeywordForPlatform(KeywordExecutor.groovy:60)
	at com.kms.katalon.core.webui.keyword.WebUiBuiltInKeywords.verifyElementVisible(WebUiBuiltInKeywords.groovy:372)
	at com.kms.katalon.core.webui.keyword.WebUiBuiltInKeywords$verifyElementVisible.call(Unknown Source)
	at 1. Verify Registration Form.run(1. Verify Registration Form:38)
	at com.kms.katalon.core.main.ScriptEngine.run(ScriptEngine.java:194)
	at com.kms.katalon.core.main.ScriptEngine.runScriptAsRawText(ScriptEngine.java:119)
	at com.kms.katalon.core.main.TestCaseExecutor.runScript(TestCaseExecutor.java:337)
	at com.kms.katalon.core.main.TestCaseExecutor.doExecute(TestCaseExecutor.java:328)
	at com.kms.katalon.core.main.TestCaseExecutor.processExecutionPhase(TestCaseExecutor.java:307)
	at com.kms.katalon.core.main.TestCaseExecutor.accessMainPhase(TestCaseExecutor.java:299)
	at com.kms.katalon.core.main.TestCaseExecutor.execute(TestCaseExecutor.java:233)
	at com.kms.katalon.core.main.TestSuiteExecutor.accessTestCaseMainPhase(TestSuiteExecutor.java:169)
	at com.kms.katalon.core.main.TestSuiteExecutor.accessTestSuiteMainPhase(TestSuiteExecutor.java:142)
	at com.kms.katalon.core.main.TestSuiteExecutor.execute(TestSuiteExecutor.java:91)
	at com.kms.katalon.core.main.TestCaseMain.startTestSuite(TestCaseMain.java:157)
	at com.kms.katalon.core.main.TestCaseMain$startTestSuite$0.call(Unknown Source)
	at TempTestSuite1589912870282.run(TempTestSuite1589912870282.groovy:36)
Caused by: com.kms.katalon.core.webui.exception.BrowserNotOpenedException: Browser is not opened
Build info: version: '3.141.59', revision: 'e82be7d358', time: '2018-11-14T08:25:53'
System info: host: 'LENNONOVO', ip: '192.168.1.14', os.name: 'Windows 10', os.arch: 'amd64', os.version: '10.0', java.version: '1.8.0_181'
Driver info: driver.version: unknown
	at com.kms.katalon.core.webui.driver.DriverFactory.verifyWebDriverIsOpen(DriverFactory.java:786)
	at com.kms.katalon.core.webui.driver.DriverFactory.verifyWebDriver(DriverFactory.java:771)
	at com.kms.katalon.core.webui.driver.DriverFactory.getWebDriver(DriverFactory.java:757)
	at com.kms.katalon.core.webui.common.WebUiCommonHelper.findWebElements(WebUiCommonHelper.java:712)
	at com.kms.katalon.core.webui.common.WebUiCommonHelper.findWebElement(WebUiCommonHelper.java:1109)
	at com.kms.katalon.core.webui.keyword.internal.WebUIAbstractKeyword.findWebElement(WebUIAbstractKeyword.groovy:27)
	at com.kms.katalon.core.webui.keyword.builtin.VerifyElementVisibleKeyword$_verifyElementVisible_closure1.doCall(VerifyElementVisibleKeyword.groovy:78)
	at com.kms.katalon.core.webui.keyword.builtin.VerifyElementVisibleKeyword$_verifyElementVisible_closure1.call(VerifyElementVisibleKeyword.groovy)
	at com.kms.katalon.core.webui.keyword.internal.WebUIKeywordMain.runKeyword(WebUIKeywordMain.groovy:20)
	... 19 more]]></system-err>
      </testcase>
      <testcase name="Test Cases/Web RoomMe.id/20. Community Registration/10. Customer Register with Registered Email" time="42.033" classname="Test Cases/Web RoomMe.id/20. Community Registration/10. Customer Register with Registered Email" status="PASSED">
         <system-out><![CDATA[2020-05-20 01:28:02 - [TEST_CASE][PASSED] - Test Cases/Web RoomMe.id/20. Community Registration/10. Customer Register with Registered Email: Test Cases/Web RoomMe.id/20. Community Registration/10. Customer Register with Registered Email

2020-05-20 01:28:02 - [TEST_STEP][PASSED] - callTestCase(findTestCase("Web RoomMe.id/1. Homepage/1. Customer Access RoomMe Page"), [:], STOP_ON_FAILURE): Call Test Case 'Test Cases/Web RoomMe.id/1. Homepage/1. Customer Access RoomMe Page' successfully

2020-05-20 01:28:02 - [TEST_CASE][PASSED] - Test Cases/Web RoomMe.id/1. Homepage/1. Customer Access RoomMe Page: Test Cases/Web RoomMe.id/1. Homepage/1. Customer Access RoomMe Page

2020-05-20 01:28:03 - [TEST_STEP][PASSED] - openBrowser("https://web.roomme.id/"): Browser is opened with url: 'https://web.roomme.id/'

2020-05-20 01:28:03 - [MESSAGE][INFO] - Starting 'Chrome' driver

2020-05-20 01:28:03 - [MESSAGE][INFO] - Action delay is set to 0 seconds

2020-05-20 01:28:15 - [MESSAGE][PASSED] - Browser is opened with url: 'https://web.roomme.id/'

2020-05-20 01:28:15 - [TEST_STEP][PASSED] - maximizeWindow(): Current window maximized

2020-05-20 01:28:18 - [MESSAGE][PASSED] - Current window maximized

2020-05-20 01:28:18 - [TEST_STEP][PASSED] - waitForPageLoad(0): Wait for page load successfully

2020-05-20 01:28:18 - [MESSAGE][WARNING] - Timeout '0' is invalid. Using default page load timeout: '30'

2020-05-20 01:28:18 - [MESSAGE][PASSED] - Wait for page load successfully

2020-05-20 01:28:18 - [MESSAGE][PASSED] - Call Test Case 'Test Cases/Web RoomMe.id/1. Homepage/1. Customer Access RoomMe Page' successfully

2020-05-20 01:28:18 - [TEST_STEP][PASSED] - waitForElementVisible(findTestObject("Web RoomMe.id/RoomMe.id Header/Button Community"), 30): Object 'Object Repository/Web RoomMe.id/RoomMe.id Header/Button Community' is visible

2020-05-20 01:28:19 - [MESSAGE][PASSED] - Object 'Object Repository/Web RoomMe.id/RoomMe.id Header/Button Community' is visible

2020-05-20 01:28:19 - [TEST_STEP][PASSED] - click(findTestObject("Web RoomMe.id/RoomMe.id Header/Button Community")): Object: 'Object Repository/Web RoomMe.id/RoomMe.id Header/Button Community' is clicked on

2020-05-20 01:28:23 - [MESSAGE][PASSED] - Object: 'Object Repository/Web RoomMe.id/RoomMe.id Header/Button Community' is clicked on

2020-05-20 01:28:23 - [TEST_STEP][PASSED] - waitForPageLoad(0): Wait for page load successfully

2020-05-20 01:28:23 - [MESSAGE][WARNING] - Timeout '0' is invalid. Using default page load timeout: '30'

2020-05-20 01:28:26 - [MESSAGE][PASSED] - Wait for page load successfully

2020-05-20 01:28:26 - [TEST_STEP][PASSED] - waitForElementVisible(findTestObject("Web RoomMe.id/Community Page/Welcome Video/Video Events RoomMe"), 0): Object 'Object Repository/Web RoomMe.id/Community Page/Welcome Video/Video Events RoomMe' is visible

2020-05-20 01:28:26 - [MESSAGE][WARNING] - Timeout '0' is invalid. Using default page load timeout: '30'

2020-05-20 01:28:27 - [MESSAGE][PASSED] - Object 'Object Repository/Web RoomMe.id/Community Page/Welcome Video/Video Events RoomMe' is visible

2020-05-20 01:28:27 - [TEST_STEP][PASSED] - waitForElementVisible(findTestObject("Web RoomMe.id/Community Page/Welcome Video/Text JOIN OUR COMMUNITY"), 0): Object 'Object Repository/Web RoomMe.id/Community Page/Welcome Video/Text JOIN OUR COMMUNITY' is visible

2020-05-20 01:28:27 - [MESSAGE][WARNING] - Timeout '0' is invalid. Using default page load timeout: '30'

2020-05-20 01:28:27 - [MESSAGE][PASSED] - Object 'Object Repository/Web RoomMe.id/Community Page/Welcome Video/Text JOIN OUR COMMUNITY' is visible

2020-05-20 01:28:27 - [TEST_STEP][PASSED] - waitForElementVisible(findTestObject("Web RoomMe.id/Community Page/Welcome Video/Text And enjoy the benefits and features"), 0): Object 'Object Repository/Web RoomMe.id/Community Page/Welcome Video/Text And enjoy the benefits and features' is visible

2020-05-20 01:28:27 - [MESSAGE][WARNING] - Timeout '0' is invalid. Using default page load timeout: '30'

2020-05-20 01:28:27 - [MESSAGE][PASSED] - Object 'Object Repository/Web RoomMe.id/Community Page/Welcome Video/Text And enjoy the benefits and features' is visible

2020-05-20 01:28:27 - [TEST_STEP][PASSED] - waitForElementVisible(findTestObject("Web RoomMe.id/Community Page/Welcome Video/Button Continue on the Form Registration"), 0): Object 'Object Repository/Web RoomMe.id/Community Page/Welcome Video/Button Continue on the Form Registration' is visible

2020-05-20 01:28:27 - [MESSAGE][WARNING] - Timeout '0' is invalid. Using default page load timeout: '30'

2020-05-20 01:28:28 - [MESSAGE][PASSED] - Object 'Object Repository/Web RoomMe.id/Community Page/Welcome Video/Button Continue on the Form Registration' is visible

2020-05-20 01:28:28 - [TEST_STEP][PASSED] - click(findTestObject("Web RoomMe.id/Community Page/Welcome Video/Button Continue on the Form Registration"), STOP_ON_FAILURE): Object: 'Object Repository/Web RoomMe.id/Community Page/Welcome Video/Button Continue on the Form Registration' is clicked on

2020-05-20 01:28:28 - [MESSAGE][PASSED] - Object: 'Object Repository/Web RoomMe.id/Community Page/Welcome Video/Button Continue on the Form Registration' is clicked on

2020-05-20 01:28:28 - [TEST_STEP][PASSED] - callTestCase(findTestCase("Web RoomMe.id/20. Community Registration/1. Verify Registration Form"), [:], STOP_ON_FAILURE): Call Test Case 'Test Cases/Web RoomMe.id/20. Community Registration/1. Verify Registration Form' successfully

2020-05-20 01:28:28 - [TEST_CASE][PASSED] - Test Cases/Web RoomMe.id/20. Community Registration/1. Verify Registration Form: Test Cases/Web RoomMe.id/20. Community Registration/1. Verify Registration Form

2020-05-20 01:28:28 - [TEST_STEP][PASSED] - objectSubFolder = "Web RoomMe.id\Community Page\Community Registration\": null

2020-05-20 01:28:28 - [TEST_STEP][PASSED] - pathToObjRep = getProjectDir() + "\Object Repository\" + objectSubFolder: null

2020-05-20 01:28:28 - [TEST_STEP][PASSED] - yourObjects = new java.io.File(pathToObjRep): null

2020-05-20 01:28:28 - [TEST_STEP][PASSED] - fileNames = yourObjects.list(): null

2020-05-20 01:28:28 - [TEST_STEP][PASSED] - testObjects = new java.util.ArrayList(): null

2020-05-20 01:28:28 - [TEST_STEP][PASSED] - for ([i = 0, i < length, (i++)]): null

2020-05-20 01:28:28 - [TEST_STEP][PASSED] - if (fileNames[i].contains(".rs")): null

2020-05-20 01:28:28 - [TEST_STEP][PASSED] - if (fileNames[i].contains(".rs")): null

2020-05-20 01:28:28 - [TEST_STEP][PASSED] - fileNames[i] = fileNames[i].replace(".rs", ""): null

2020-05-20 01:28:28 - [TEST_STEP][PASSED] - testObjects.add(objectSubFolder + fileNames[i]): null

2020-05-20 01:28:28 - [TEST_STEP][PASSED] - if (fileNames[i].contains(".rs")): null

2020-05-20 01:28:28 - [TEST_STEP][PASSED] - fileNames[i] = fileNames[i].replace(".rs", ""): null

2020-05-20 01:28:28 - [TEST_STEP][PASSED] - testObjects.add(objectSubFolder + fileNames[i]): null

2020-05-20 01:28:28 - [TEST_STEP][PASSED] - if (fileNames[i].contains(".rs")): null

2020-05-20 01:28:28 - [TEST_STEP][PASSED] - fileNames[i] = fileNames[i].replace(".rs", ""): null

2020-05-20 01:28:28 - [TEST_STEP][PASSED] - testObjects.add(objectSubFolder + fileNames[i]): null

2020-05-20 01:28:28 - [TEST_STEP][PASSED] - if (fileNames[i].contains(".rs")): null

2020-05-20 01:28:28 - [TEST_STEP][PASSED] - if (fileNames[i].contains(".rs")): null

2020-05-20 01:28:28 - [TEST_STEP][PASSED] - fileNames[i] = fileNames[i].replace(".rs", ""): null

2020-05-20 01:28:28 - [TEST_STEP][PASSED] - testObjects.add(objectSubFolder + fileNames[i]): null

2020-05-20 01:28:28 - [TEST_STEP][PASSED] - if (fileNames[i].contains(".rs")): null

2020-05-20 01:28:28 - [TEST_STEP][PASSED] - fileNames[i] = fileNames[i].replace(".rs", ""): null

2020-05-20 01:28:28 - [TEST_STEP][PASSED] - testObjects.add(objectSubFolder + fileNames[i]): null

2020-05-20 01:28:28 - [TEST_STEP][PASSED] - if (fileNames[i].contains(".rs")): null

2020-05-20 01:28:28 - [TEST_STEP][PASSED] - fileNames[i] = fileNames[i].replace(".rs", ""): null

2020-05-20 01:28:28 - [TEST_STEP][PASSED] - testObjects.add(objectSubFolder + fileNames[i]): null

2020-05-20 01:28:28 - [TEST_STEP][PASSED] - if (fileNames[i].contains(".rs")): null

2020-05-20 01:28:28 - [TEST_STEP][PASSED] - if (fileNames[i].contains(".rs")): null

2020-05-20 01:28:28 - [TEST_STEP][PASSED] - fileNames[i] = fileNames[i].replace(".rs", ""): null

2020-05-20 01:28:28 - [TEST_STEP][PASSED] - testObjects.add(objectSubFolder + fileNames[i]): null

2020-05-20 01:28:29 - [TEST_STEP][PASSED] - if (fileNames[i].contains(".rs")): null

2020-05-20 01:28:29 - [TEST_STEP][PASSED] - fileNames[i] = fileNames[i].replace(".rs", ""): null

2020-05-20 01:28:29 - [TEST_STEP][PASSED] - testObjects.add(objectSubFolder + fileNames[i]): null

2020-05-20 01:28:29 - [TEST_STEP][PASSED] - if (fileNames[i].contains(".rs")): null

2020-05-20 01:28:29 - [TEST_STEP][PASSED] - fileNames[i] = fileNames[i].replace(".rs", ""): null

2020-05-20 01:28:29 - [TEST_STEP][PASSED] - testObjects.add(objectSubFolder + fileNames[i]): null

2020-05-20 01:28:29 - [TEST_STEP][PASSED] - if (fileNames[i].contains(".rs")): null

2020-05-20 01:28:29 - [TEST_STEP][PASSED] - fileNames[i] = fileNames[i].replace(".rs", ""): null

2020-05-20 01:28:29 - [TEST_STEP][PASSED] - testObjects.add(objectSubFolder + fileNames[i]): null

2020-05-20 01:28:29 - [TEST_STEP][PASSED] - if (fileNames[i].contains(".rs")): null

2020-05-20 01:28:29 - [TEST_STEP][PASSED] - fileNames[i] = fileNames[i].replace(".rs", ""): null

2020-05-20 01:28:29 - [TEST_STEP][PASSED] - testObjects.add(objectSubFolder + fileNames[i]): null

2020-05-20 01:28:29 - [TEST_STEP][PASSED] - if (fileNames[i].contains(".rs")): null

2020-05-20 01:28:29 - [TEST_STEP][PASSED] - fileNames[i] = fileNames[i].replace(".rs", ""): null

2020-05-20 01:28:29 - [TEST_STEP][PASSED] - testObjects.add(objectSubFolder + fileNames[i]): null

2020-05-20 01:28:29 - [TEST_STEP][PASSED] - if (fileNames[i].contains(".rs")): null

2020-05-20 01:28:29 - [TEST_STEP][PASSED] - fileNames[i] = fileNames[i].replace(".rs", ""): null

2020-05-20 01:28:29 - [TEST_STEP][PASSED] - testObjects.add(objectSubFolder + fileNames[i]): null

2020-05-20 01:28:29 - [TEST_STEP][PASSED] - if (fileNames[i].contains(".rs")): null

2020-05-20 01:28:29 - [TEST_STEP][PASSED] - fileNames[i] = fileNames[i].replace(".rs", ""): null

2020-05-20 01:28:29 - [TEST_STEP][PASSED] - testObjects.add(objectSubFolder + fileNames[i]): null

2020-05-20 01:28:29 - [TEST_STEP][PASSED] - if (fileNames[i].contains(".rs")): null

2020-05-20 01:28:29 - [TEST_STEP][PASSED] - fileNames[i] = fileNames[i].replace(".rs", ""): null

2020-05-20 01:28:29 - [TEST_STEP][PASSED] - testObjects.add(objectSubFolder + fileNames[i]): null

2020-05-20 01:28:29 - [TEST_STEP][PASSED] - if (fileNames[i].contains(".rs")): null

2020-05-20 01:28:29 - [TEST_STEP][PASSED] - fileNames[i] = fileNames[i].replace(".rs", ""): null

2020-05-20 01:28:29 - [TEST_STEP][PASSED] - testObjects.add(objectSubFolder + fileNames[i]): null

2020-05-20 01:28:29 - [TEST_STEP][PASSED] - if (fileNames[i].contains(".rs")): null

2020-05-20 01:28:29 - [TEST_STEP][PASSED] - fileNames[i] = fileNames[i].replace(".rs", ""): null

2020-05-20 01:28:29 - [TEST_STEP][PASSED] - testObjects.add(objectSubFolder + fileNames[i]): null

2020-05-20 01:28:29 - [TEST_STEP][PASSED] - for (String obj : testObjects): Object 'Object Repository/Web RoomMe.id\Community Page\Community Registration\Textfield Mobile Number' is visible

2020-05-20 01:28:29 - [TEST_STEP][PASSED] - verifyElementVisible(findTestObject(obj)): Object 'Object Repository/Web RoomMe.id\Community Page\Community Registration\Button Submit' is visible

2020-05-20 01:28:29 - [MESSAGE][PASSED] - Object 'Object Repository/Web RoomMe.id\Community Page\Community Registration\Button Submit' is visible

2020-05-20 01:28:29 - [TEST_STEP][PASSED] - verifyElementVisible(findTestObject(obj)): Object 'Object Repository/Web RoomMe.id\Community Page\Community Registration\Dropdown Interest Default' is visible

2020-05-20 01:28:30 - [MESSAGE][PASSED] - Object 'Object Repository/Web RoomMe.id\Community Page\Community Registration\Dropdown Interest Default' is visible

2020-05-20 01:28:30 - [TEST_STEP][PASSED] - verifyElementVisible(findTestObject(obj)): Object 'Object Repository/Web RoomMe.id\Community Page\Community Registration\Dropdown Interest' is visible

2020-05-20 01:28:30 - [MESSAGE][PASSED] - Object 'Object Repository/Web RoomMe.id\Community Page\Community Registration\Dropdown Interest' is visible

2020-05-20 01:28:30 - [TEST_STEP][PASSED] - verifyElementVisible(findTestObject(obj)): Object 'Object Repository/Web RoomMe.id\Community Page\Community Registration\Image 2020 RoomMe All Right Reserved' is visible

2020-05-20 01:28:31 - [MESSAGE][PASSED] - Object 'Object Repository/Web RoomMe.id\Community Page\Community Registration\Image 2020 RoomMe All Right Reserved' is visible

2020-05-20 01:28:31 - [TEST_STEP][PASSED] - verifyElementVisible(findTestObject(obj)): Object 'Object Repository/Web RoomMe.id\Community Page\Community Registration\RadioButton Female' is visible

2020-05-20 01:28:31 - [MESSAGE][PASSED] - Object 'Object Repository/Web RoomMe.id\Community Page\Community Registration\RadioButton Female' is visible

2020-05-20 01:28:31 - [TEST_STEP][PASSED] - verifyElementVisible(findTestObject(obj)): Object 'Object Repository/Web RoomMe.id\Community Page\Community Registration\RadioButton Male' is visible

2020-05-20 01:28:32 - [MESSAGE][PASSED] - Object 'Object Repository/Web RoomMe.id\Community Page\Community Registration\RadioButton Male' is visible

2020-05-20 01:28:32 - [TEST_STEP][PASSED] - verifyElementVisible(findTestObject(obj)): Object 'Object Repository/Web RoomMe.id\Community Page\Community Registration\Text Birthdate' is visible

2020-05-20 01:28:32 - [MESSAGE][PASSED] - Object 'Object Repository/Web RoomMe.id\Community Page\Community Registration\Text Birthdate' is visible

2020-05-20 01:28:32 - [TEST_STEP][PASSED] - verifyElementVisible(findTestObject(obj)): Object 'Object Repository/Web RoomMe.id\Community Page\Community Registration\Text Community Registration' is visible

2020-05-20 01:28:33 - [MESSAGE][PASSED] - Object 'Object Repository/Web RoomMe.id\Community Page\Community Registration\Text Community Registration' is visible

2020-05-20 01:28:33 - [TEST_STEP][PASSED] - verifyElementVisible(findTestObject(obj)): Object 'Object Repository/Web RoomMe.id\Community Page\Community Registration\Text Email Address' is visible

2020-05-20 01:28:33 - [MESSAGE][PASSED] - Object 'Object Repository/Web RoomMe.id\Community Page\Community Registration\Text Email Address' is visible

2020-05-20 01:28:33 - [TEST_STEP][PASSED] - verifyElementVisible(findTestObject(obj)): Object 'Object Repository/Web RoomMe.id\Community Page\Community Registration\Text Full Name' is visible

2020-05-20 01:28:34 - [MESSAGE][PASSED] - Object 'Object Repository/Web RoomMe.id\Community Page\Community Registration\Text Full Name' is visible

2020-05-20 01:28:34 - [TEST_STEP][PASSED] - verifyElementVisible(findTestObject(obj)): Object 'Object Repository/Web RoomMe.id\Community Page\Community Registration\Text Gender' is visible

2020-05-20 01:28:34 - [MESSAGE][PASSED] - Object 'Object Repository/Web RoomMe.id\Community Page\Community Registration\Text Gender' is visible

2020-05-20 01:28:34 - [TEST_STEP][PASSED] - verifyElementVisible(findTestObject(obj)): Object 'Object Repository/Web RoomMe.id\Community Page\Community Registration\Text Interest' is visible

2020-05-20 01:28:34 - [MESSAGE][PASSED] - Object 'Object Repository/Web RoomMe.id\Community Page\Community Registration\Text Interest' is visible

2020-05-20 01:28:34 - [TEST_STEP][PASSED] - verifyElementVisible(findTestObject(obj)): Object 'Object Repository/Web RoomMe.id\Community Page\Community Registration\Text Mobile Number' is visible

2020-05-20 01:28:35 - [MESSAGE][PASSED] - Object 'Object Repository/Web RoomMe.id\Community Page\Community Registration\Text Mobile Number' is visible

2020-05-20 01:28:35 - [TEST_STEP][PASSED] - verifyElementVisible(findTestObject(obj)): Object 'Object Repository/Web RoomMe.id\Community Page\Community Registration\Text The minimum age allowed is 17 years' is visible

2020-05-20 01:28:35 - [MESSAGE][PASSED] - Object 'Object Repository/Web RoomMe.id\Community Page\Community Registration\Text The minimum age allowed is 17 years' is visible

2020-05-20 01:28:35 - [TEST_STEP][PASSED] - verifyElementVisible(findTestObject(obj)): Object 'Object Repository/Web RoomMe.id\Community Page\Community Registration\Textfield Email Address' is visible

2020-05-20 01:28:35 - [MESSAGE][PASSED] - Object 'Object Repository/Web RoomMe.id\Community Page\Community Registration\Textfield Email Address' is visible

2020-05-20 01:28:35 - [TEST_STEP][PASSED] - verifyElementVisible(findTestObject(obj)): Object 'Object Repository/Web RoomMe.id\Community Page\Community Registration\Textfield Full Name' is visible

2020-05-20 01:28:36 - [MESSAGE][PASSED] - Object 'Object Repository/Web RoomMe.id\Community Page\Community Registration\Textfield Full Name' is visible

2020-05-20 01:28:36 - [TEST_STEP][PASSED] - verifyElementVisible(findTestObject(obj)): Object 'Object Repository/Web RoomMe.id\Community Page\Community Registration\Textfield Mobile Number' is visible

2020-05-20 01:28:36 - [MESSAGE][PASSED] - Object 'Object Repository/Web RoomMe.id\Community Page\Community Registration\Textfield Mobile Number' is visible

2020-05-20 01:28:36 - [MESSAGE][PASSED] - Call Test Case 'Test Cases/Web RoomMe.id/20. Community Registration/1. Verify Registration Form' successfully

2020-05-20 01:28:36 - [TEST_STEP][PASSED] - waitForElementVisible(findTestObject("Web RoomMe.id/Community Page/Community Registration/Textfield Full Name"), 0): Object 'Object Repository/Web RoomMe.id/Community Page/Community Registration/Textfield Full Name' is visible

2020-05-20 01:28:36 - [MESSAGE][WARNING] - Timeout '0' is invalid. Using default page load timeout: '30'

2020-05-20 01:28:36 - [MESSAGE][PASSED] - Object 'Object Repository/Web RoomMe.id/Community Page/Community Registration/Textfield Full Name' is visible

2020-05-20 01:28:36 - [TEST_STEP][PASSED] - sendKeys(findTestObject("Web RoomMe.id/Community Page/Community Registration/Textfield Full Name"), "Faldi AT"): Keys 'Faldi AT' sent to object: 'Object Repository/Web RoomMe.id/Community Page/Community Registration/Textfield Full Name'

2020-05-20 01:28:37 - [MESSAGE][PASSED] - Keys 'Faldi AT' sent to object: 'Object Repository/Web RoomMe.id/Community Page/Community Registration/Textfield Full Name'

2020-05-20 01:28:37 - [TEST_STEP][PASSED] - click(findTestObject("Web RoomMe.id/Community Page/Community Registration/RadioButton Male")): Object: 'Object Repository/Web RoomMe.id/Community Page/Community Registration/RadioButton Male' is clicked on

2020-05-20 01:28:38 - [MESSAGE][PASSED] - Object: 'Object Repository/Web RoomMe.id/Community Page/Community Registration/RadioButton Male' is clicked on

2020-05-20 01:28:38 - [TEST_STEP][PASSED] - click(findTestObject("Web RoomMe.id/Community Page/Community Registration/Birthdate Datepicker/Datepicker Birthdate_date (1)")): Object: 'Object Repository/Web RoomMe.id/Community Page/Community Registration/Birthdate Datepicker/Datepicker Birthdate_date (1)' is clicked on

2020-05-20 01:28:38 - [MESSAGE][PASSED] - Object: 'Object Repository/Web RoomMe.id/Community Page/Community Registration/Birthdate Datepicker/Datepicker Birthdate_date (1)' is clicked on

2020-05-20 01:28:38 - [TEST_STEP][PASSED] - click(findTestObject("Web RoomMe.id/Community Page/Community Registration/Birthdate Datepicker/Button Day 1")): Object: 'Object Repository/Web RoomMe.id/Community Page/Community Registration/Birthdate Datepicker/Button Day 1' is clicked on

2020-05-20 01:28:39 - [MESSAGE][PASSED] - Object: 'Object Repository/Web RoomMe.id/Community Page/Community Registration/Birthdate Datepicker/Button Day 1' is clicked on

2020-05-20 01:28:39 - [TEST_STEP][PASSED] - sendKeys(findTestObject("Web RoomMe.id/Community Page/Community Registration/Textfield Mobile Number"), "081234567890"): Keys '081234567890' sent to object: 'Object Repository/Web RoomMe.id/Community Page/Community Registration/Textfield Mobile Number'

2020-05-20 01:28:40 - [MESSAGE][PASSED] - Keys '081234567890' sent to object: 'Object Repository/Web RoomMe.id/Community Page/Community Registration/Textfield Mobile Number'

2020-05-20 01:28:40 - [TEST_STEP][PASSED] - sendKeys(findTestObject("Web RoomMe.id/Community Page/Community Registration/Textfield Email Address"), "faldidev@getnada.com"): Keys 'faldidev@getnada.com' sent to object: 'Object Repository/Web RoomMe.id/Community Page/Community Registration/Textfield Email Address'

2020-05-20 01:28:41 - [MESSAGE][PASSED] - Keys 'faldidev@getnada.com' sent to object: 'Object Repository/Web RoomMe.id/Community Page/Community Registration/Textfield Email Address'

2020-05-20 01:28:41 - [TEST_STEP][PASSED] - selectOptionByIndex(findTestObject("Web RoomMe.id/Community Page/Community Registration/Dropdown Interest"), "4"): All options with index in [4] are selected on object 'Object Repository/Web RoomMe.id/Community Page/Community Registration/Dropdown Interest'

2020-05-20 01:28:42 - [MESSAGE][PASSED] - All options with index in [4] are selected on object 'Object Repository/Web RoomMe.id/Community Page/Community Registration/Dropdown Interest'

2020-05-20 01:28:42 - [TEST_STEP][PASSED] - click(findTestObject("Web RoomMe.id/Community Page/Community Registration/Button Submit")): Object: 'Object Repository/Web RoomMe.id/Community Page/Community Registration/Button Submit' is clicked on

2020-05-20 01:28:43 - [MESSAGE][PASSED] - Object: 'Object Repository/Web RoomMe.id/Community Page/Community Registration/Button Submit' is clicked on

2020-05-20 01:28:43 - [TEST_STEP][PASSED] - waitForElementVisible(findTestObject("Web RoomMe.id/Community Page/Community Registration/Error Message/Text Email already registered"), 0): Object 'Object Repository/Web RoomMe.id/Community Page/Community Registration/Error Message/Text Email already registered' is visible

2020-05-20 01:28:43 - [MESSAGE][WARNING] - Timeout '0' is invalid. Using default page load timeout: '30'

2020-05-20 01:28:44 - [MESSAGE][PASSED] - Object 'Object Repository/Web RoomMe.id/Community Page/Community Registration/Error Message/Text Email already registered' is visible]]></system-out>
         <system-err><![CDATA[]]></system-err>
      </testcase>
      <testcase name="Test Cases/Web RoomMe.id/20. Community Registration/11. Customer Register with Invalid Email Data" time="57.763" classname="Test Cases/Web RoomMe.id/20. Community Registration/11. Customer Register with Invalid Email Data" status="PASSED">
         <system-out><![CDATA[2020-05-20 01:28:44 - [TEST_CASE][PASSED] - Test Cases/Web RoomMe.id/20. Community Registration/11. Customer Register with Invalid Email Data: Test Cases/Web RoomMe.id/20. Community Registration/11. Customer Register with Invalid Email Data

2020-05-20 01:28:44 - [TEST_STEP][PASSED] - callTestCase(findTestCase("Web RoomMe.id/6. Community/Customer Access Community Page"), [:], STOP_ON_FAILURE): Call Test Case 'Test Cases/Web RoomMe.id/6. Community/Customer Access Community Page' successfully

2020-05-20 01:28:44 - [TEST_CASE][PASSED] - Test Cases/Web RoomMe.id/6. Community/Customer Access Community Page: Test Cases/Web RoomMe.id/6. Community/Customer Access Community Page

2020-05-20 01:28:45 - [TEST_STEP][PASSED] - callTestCase(findTestCase("Web RoomMe.id/1. Homepage/1. Customer Access RoomMe Page"), [:], STOP_ON_FAILURE): Call Test Case 'Test Cases/Web RoomMe.id/1. Homepage/1. Customer Access RoomMe Page' successfully

2020-05-20 01:28:45 - [TEST_CASE][PASSED] - Test Cases/Web RoomMe.id/1. Homepage/1. Customer Access RoomMe Page: Test Cases/Web RoomMe.id/1. Homepage/1. Customer Access RoomMe Page

2020-05-20 01:28:45 - [TEST_STEP][PASSED] - openBrowser("https://web.roomme.id/"): Browser is opened with url: 'https://web.roomme.id/'

2020-05-20 01:28:45 - [MESSAGE][WARNING] - A browser is already opened. Closing browser and opening a new one

2020-05-20 01:28:46 - [MESSAGE][INFO] - Starting 'Chrome' driver

2020-05-20 01:28:54 - [MESSAGE][PASSED] - Browser is opened with url: 'https://web.roomme.id/'

2020-05-20 01:28:54 - [TEST_STEP][PASSED] - maximizeWindow(): Current window maximized

2020-05-20 01:28:57 - [MESSAGE][PASSED] - Current window maximized

2020-05-20 01:28:57 - [TEST_STEP][PASSED] - waitForPageLoad(0): Wait for page load successfully

2020-05-20 01:28:57 - [MESSAGE][WARNING] - Timeout '0' is invalid. Using default page load timeout: '30'

2020-05-20 01:28:57 - [MESSAGE][PASSED] - Wait for page load successfully

2020-05-20 01:28:57 - [MESSAGE][PASSED] - Call Test Case 'Test Cases/Web RoomMe.id/1. Homepage/1. Customer Access RoomMe Page' successfully

2020-05-20 01:28:57 - [TEST_STEP][PASSED] - waitForElementVisible(findTestObject("Web RoomMe.id/RoomMe.id Header/Button Community"), 30): Object 'Object Repository/Web RoomMe.id/RoomMe.id Header/Button Community' is visible

2020-05-20 01:28:58 - [MESSAGE][PASSED] - Object 'Object Repository/Web RoomMe.id/RoomMe.id Header/Button Community' is visible

2020-05-20 01:28:58 - [TEST_STEP][PASSED] - click(findTestObject("Web RoomMe.id/RoomMe.id Header/Button Community")): Object: 'Object Repository/Web RoomMe.id/RoomMe.id Header/Button Community' is clicked on

2020-05-20 01:29:01 - [MESSAGE][PASSED] - Object: 'Object Repository/Web RoomMe.id/RoomMe.id Header/Button Community' is clicked on

2020-05-20 01:29:01 - [TEST_STEP][PASSED] - waitForPageLoad(0): Wait for page load successfully

2020-05-20 01:29:01 - [MESSAGE][WARNING] - Timeout '0' is invalid. Using default page load timeout: '30'

2020-05-20 01:29:07 - [MESSAGE][PASSED] - Wait for page load successfully

2020-05-20 01:29:07 - [MESSAGE][PASSED] - Call Test Case 'Test Cases/Web RoomMe.id/6. Community/Customer Access Community Page' successfully

2020-05-20 01:29:07 - [TEST_STEP][PASSED] - waitForElementVisible(findTestObject("Web RoomMe.id/Community Page/Welcome Video/Button Continue on the Form Registration"), 0): Object 'Object Repository/Web RoomMe.id/Community Page/Welcome Video/Button Continue on the Form Registration' is visible

2020-05-20 01:29:07 - [MESSAGE][WARNING] - Timeout '0' is invalid. Using default page load timeout: '30'

2020-05-20 01:29:07 - [MESSAGE][PASSED] - Object 'Object Repository/Web RoomMe.id/Community Page/Welcome Video/Button Continue on the Form Registration' is visible

2020-05-20 01:29:07 - [TEST_STEP][PASSED] - click(findTestObject("Web RoomMe.id/Community Page/Welcome Video/Button Continue on the Form Registration"), STOP_ON_FAILURE): Object: 'Object Repository/Web RoomMe.id/Community Page/Welcome Video/Button Continue on the Form Registration' is clicked on

2020-05-20 01:29:08 - [MESSAGE][PASSED] - Object: 'Object Repository/Web RoomMe.id/Community Page/Welcome Video/Button Continue on the Form Registration' is clicked on

2020-05-20 01:29:08 - [TEST_STEP][PASSED] - callTestCase(findTestCase("Web RoomMe.id/20. Community Registration/1. Verify Registration Form"), [:], STOP_ON_FAILURE): Call Test Case 'Test Cases/Web RoomMe.id/20. Community Registration/1. Verify Registration Form' successfully

2020-05-20 01:29:08 - [TEST_CASE][PASSED] - Test Cases/Web RoomMe.id/20. Community Registration/1. Verify Registration Form: Test Cases/Web RoomMe.id/20. Community Registration/1. Verify Registration Form

2020-05-20 01:29:08 - [TEST_STEP][PASSED] - objectSubFolder = "Web RoomMe.id\Community Page\Community Registration\": null

2020-05-20 01:29:08 - [TEST_STEP][PASSED] - pathToObjRep = getProjectDir() + "\Object Repository\" + objectSubFolder: null

2020-05-20 01:29:08 - [TEST_STEP][PASSED] - yourObjects = new java.io.File(pathToObjRep): null

2020-05-20 01:29:08 - [TEST_STEP][PASSED] - fileNames = yourObjects.list(): null

2020-05-20 01:29:08 - [TEST_STEP][PASSED] - testObjects = new java.util.ArrayList(): null

2020-05-20 01:29:08 - [TEST_STEP][PASSED] - for ([i = 0, i < length, (i++)]): null

2020-05-20 01:29:08 - [TEST_STEP][PASSED] - if (fileNames[i].contains(".rs")): null

2020-05-20 01:29:08 - [TEST_STEP][PASSED] - if (fileNames[i].contains(".rs")): null

2020-05-20 01:29:08 - [TEST_STEP][PASSED] - fileNames[i] = fileNames[i].replace(".rs", ""): null

2020-05-20 01:29:08 - [TEST_STEP][PASSED] - testObjects.add(objectSubFolder + fileNames[i]): null

2020-05-20 01:29:08 - [TEST_STEP][PASSED] - if (fileNames[i].contains(".rs")): null

2020-05-20 01:29:08 - [TEST_STEP][PASSED] - fileNames[i] = fileNames[i].replace(".rs", ""): null

2020-05-20 01:29:08 - [TEST_STEP][PASSED] - testObjects.add(objectSubFolder + fileNames[i]): null

2020-05-20 01:29:08 - [TEST_STEP][PASSED] - if (fileNames[i].contains(".rs")): null

2020-05-20 01:29:08 - [TEST_STEP][PASSED] - fileNames[i] = fileNames[i].replace(".rs", ""): null

2020-05-20 01:29:08 - [TEST_STEP][PASSED] - testObjects.add(objectSubFolder + fileNames[i]): null

2020-05-20 01:29:08 - [TEST_STEP][PASSED] - if (fileNames[i].contains(".rs")): null

2020-05-20 01:29:08 - [TEST_STEP][PASSED] - if (fileNames[i].contains(".rs")): null

2020-05-20 01:29:08 - [TEST_STEP][PASSED] - fileNames[i] = fileNames[i].replace(".rs", ""): null

2020-05-20 01:29:08 - [TEST_STEP][PASSED] - testObjects.add(objectSubFolder + fileNames[i]): null

2020-05-20 01:29:08 - [TEST_STEP][PASSED] - if (fileNames[i].contains(".rs")): null

2020-05-20 01:29:08 - [TEST_STEP][PASSED] - fileNames[i] = fileNames[i].replace(".rs", ""): null

2020-05-20 01:29:08 - [TEST_STEP][PASSED] - testObjects.add(objectSubFolder + fileNames[i]): null

2020-05-20 01:29:08 - [TEST_STEP][PASSED] - if (fileNames[i].contains(".rs")): null

2020-05-20 01:29:08 - [TEST_STEP][PASSED] - fileNames[i] = fileNames[i].replace(".rs", ""): null

2020-05-20 01:29:08 - [TEST_STEP][PASSED] - testObjects.add(objectSubFolder + fileNames[i]): null

2020-05-20 01:29:08 - [TEST_STEP][PASSED] - if (fileNames[i].contains(".rs")): null

2020-05-20 01:29:08 - [TEST_STEP][PASSED] - if (fileNames[i].contains(".rs")): null

2020-05-20 01:29:08 - [TEST_STEP][PASSED] - fileNames[i] = fileNames[i].replace(".rs", ""): null

2020-05-20 01:29:08 - [TEST_STEP][PASSED] - testObjects.add(objectSubFolder + fileNames[i]): null

2020-05-20 01:29:08 - [TEST_STEP][PASSED] - if (fileNames[i].contains(".rs")): null

2020-05-20 01:29:08 - [TEST_STEP][PASSED] - fileNames[i] = fileNames[i].replace(".rs", ""): null

2020-05-20 01:29:08 - [TEST_STEP][PASSED] - testObjects.add(objectSubFolder + fileNames[i]): null

2020-05-20 01:29:08 - [TEST_STEP][PASSED] - if (fileNames[i].contains(".rs")): null

2020-05-20 01:29:08 - [TEST_STEP][PASSED] - fileNames[i] = fileNames[i].replace(".rs", ""): null

2020-05-20 01:29:08 - [TEST_STEP][PASSED] - testObjects.add(objectSubFolder + fileNames[i]): null

2020-05-20 01:29:08 - [TEST_STEP][PASSED] - if (fileNames[i].contains(".rs")): null

2020-05-20 01:29:08 - [TEST_STEP][PASSED] - fileNames[i] = fileNames[i].replace(".rs", ""): null

2020-05-20 01:29:08 - [TEST_STEP][PASSED] - testObjects.add(objectSubFolder + fileNames[i]): null

2020-05-20 01:29:08 - [TEST_STEP][PASSED] - if (fileNames[i].contains(".rs")): null

2020-05-20 01:29:08 - [TEST_STEP][PASSED] - fileNames[i] = fileNames[i].replace(".rs", ""): null

2020-05-20 01:29:08 - [TEST_STEP][PASSED] - testObjects.add(objectSubFolder + fileNames[i]): null

2020-05-20 01:29:08 - [TEST_STEP][PASSED] - if (fileNames[i].contains(".rs")): null

2020-05-20 01:29:08 - [TEST_STEP][PASSED] - fileNames[i] = fileNames[i].replace(".rs", ""): null

2020-05-20 01:29:08 - [TEST_STEP][PASSED] - testObjects.add(objectSubFolder + fileNames[i]): null

2020-05-20 01:29:08 - [TEST_STEP][PASSED] - if (fileNames[i].contains(".rs")): null

2020-05-20 01:29:08 - [TEST_STEP][PASSED] - fileNames[i] = fileNames[i].replace(".rs", ""): null

2020-05-20 01:29:08 - [TEST_STEP][PASSED] - testObjects.add(objectSubFolder + fileNames[i]): null

2020-05-20 01:29:08 - [TEST_STEP][PASSED] - if (fileNames[i].contains(".rs")): null

2020-05-20 01:29:08 - [TEST_STEP][PASSED] - fileNames[i] = fileNames[i].replace(".rs", ""): null

2020-05-20 01:29:08 - [TEST_STEP][PASSED] - testObjects.add(objectSubFolder + fileNames[i]): null

2020-05-20 01:29:08 - [TEST_STEP][PASSED] - if (fileNames[i].contains(".rs")): null

2020-05-20 01:29:08 - [TEST_STEP][PASSED] - fileNames[i] = fileNames[i].replace(".rs", ""): null

2020-05-20 01:29:08 - [TEST_STEP][PASSED] - testObjects.add(objectSubFolder + fileNames[i]): null

2020-05-20 01:29:08 - [TEST_STEP][PASSED] - if (fileNames[i].contains(".rs")): null

2020-05-20 01:29:08 - [TEST_STEP][PASSED] - fileNames[i] = fileNames[i].replace(".rs", ""): null

2020-05-20 01:29:08 - [TEST_STEP][PASSED] - testObjects.add(objectSubFolder + fileNames[i]): null

2020-05-20 01:29:08 - [TEST_STEP][PASSED] - if (fileNames[i].contains(".rs")): null

2020-05-20 01:29:08 - [TEST_STEP][PASSED] - fileNames[i] = fileNames[i].replace(".rs", ""): null

2020-05-20 01:29:08 - [TEST_STEP][PASSED] - testObjects.add(objectSubFolder + fileNames[i]): null

2020-05-20 01:29:08 - [TEST_STEP][PASSED] - for (String obj : testObjects): Object 'Object Repository/Web RoomMe.id\Community Page\Community Registration\Textfield Mobile Number' is visible

2020-05-20 01:29:08 - [TEST_STEP][PASSED] - verifyElementVisible(findTestObject(obj)): Object 'Object Repository/Web RoomMe.id\Community Page\Community Registration\Button Submit' is visible

2020-05-20 01:29:09 - [MESSAGE][PASSED] - Object 'Object Repository/Web RoomMe.id\Community Page\Community Registration\Button Submit' is visible

2020-05-20 01:29:09 - [TEST_STEP][PASSED] - verifyElementVisible(findTestObject(obj)): Object 'Object Repository/Web RoomMe.id\Community Page\Community Registration\Dropdown Interest Default' is visible

2020-05-20 01:29:09 - [MESSAGE][PASSED] - Object 'Object Repository/Web RoomMe.id\Community Page\Community Registration\Dropdown Interest Default' is visible

2020-05-20 01:29:09 - [TEST_STEP][PASSED] - verifyElementVisible(findTestObject(obj)): Object 'Object Repository/Web RoomMe.id\Community Page\Community Registration\Dropdown Interest' is visible

2020-05-20 01:29:10 - [MESSAGE][PASSED] - Object 'Object Repository/Web RoomMe.id\Community Page\Community Registration\Dropdown Interest' is visible

2020-05-20 01:29:10 - [TEST_STEP][PASSED] - verifyElementVisible(findTestObject(obj)): Object 'Object Repository/Web RoomMe.id\Community Page\Community Registration\Image 2020 RoomMe All Right Reserved' is visible

2020-05-20 01:29:10 - [MESSAGE][PASSED] - Object 'Object Repository/Web RoomMe.id\Community Page\Community Registration\Image 2020 RoomMe All Right Reserved' is visible

2020-05-20 01:29:10 - [TEST_STEP][PASSED] - verifyElementVisible(findTestObject(obj)): Object 'Object Repository/Web RoomMe.id\Community Page\Community Registration\RadioButton Female' is visible

2020-05-20 01:29:11 - [MESSAGE][PASSED] - Object 'Object Repository/Web RoomMe.id\Community Page\Community Registration\RadioButton Female' is visible

2020-05-20 01:29:11 - [TEST_STEP][PASSED] - verifyElementVisible(findTestObject(obj)): Object 'Object Repository/Web RoomMe.id\Community Page\Community Registration\RadioButton Male' is visible

2020-05-20 01:29:11 - [MESSAGE][PASSED] - Object 'Object Repository/Web RoomMe.id\Community Page\Community Registration\RadioButton Male' is visible

2020-05-20 01:29:11 - [TEST_STEP][PASSED] - verifyElementVisible(findTestObject(obj)): Object 'Object Repository/Web RoomMe.id\Community Page\Community Registration\Text Birthdate' is visible

2020-05-20 01:29:11 - [MESSAGE][PASSED] - Object 'Object Repository/Web RoomMe.id\Community Page\Community Registration\Text Birthdate' is visible

2020-05-20 01:29:11 - [TEST_STEP][PASSED] - verifyElementVisible(findTestObject(obj)): Object 'Object Repository/Web RoomMe.id\Community Page\Community Registration\Text Community Registration' is visible

2020-05-20 01:29:12 - [MESSAGE][PASSED] - Object 'Object Repository/Web RoomMe.id\Community Page\Community Registration\Text Community Registration' is visible

2020-05-20 01:29:12 - [TEST_STEP][PASSED] - verifyElementVisible(findTestObject(obj)): Object 'Object Repository/Web RoomMe.id\Community Page\Community Registration\Text Email Address' is visible

2020-05-20 01:29:13 - [MESSAGE][PASSED] - Object 'Object Repository/Web RoomMe.id\Community Page\Community Registration\Text Email Address' is visible

2020-05-20 01:29:13 - [TEST_STEP][PASSED] - verifyElementVisible(findTestObject(obj)): Object 'Object Repository/Web RoomMe.id\Community Page\Community Registration\Text Full Name' is visible

2020-05-20 01:29:13 - [MESSAGE][PASSED] - Object 'Object Repository/Web RoomMe.id\Community Page\Community Registration\Text Full Name' is visible

2020-05-20 01:29:13 - [TEST_STEP][PASSED] - verifyElementVisible(findTestObject(obj)): Object 'Object Repository/Web RoomMe.id\Community Page\Community Registration\Text Gender' is visible

2020-05-20 01:29:13 - [MESSAGE][PASSED] - Object 'Object Repository/Web RoomMe.id\Community Page\Community Registration\Text Gender' is visible

2020-05-20 01:29:13 - [TEST_STEP][PASSED] - verifyElementVisible(findTestObject(obj)): Object 'Object Repository/Web RoomMe.id\Community Page\Community Registration\Text Interest' is visible

2020-05-20 01:29:14 - [MESSAGE][PASSED] - Object 'Object Repository/Web RoomMe.id\Community Page\Community Registration\Text Interest' is visible

2020-05-20 01:29:14 - [TEST_STEP][PASSED] - verifyElementVisible(findTestObject(obj)): Object 'Object Repository/Web RoomMe.id\Community Page\Community Registration\Text Mobile Number' is visible

2020-05-20 01:29:14 - [MESSAGE][PASSED] - Object 'Object Repository/Web RoomMe.id\Community Page\Community Registration\Text Mobile Number' is visible

2020-05-20 01:29:14 - [TEST_STEP][PASSED] - verifyElementVisible(findTestObject(obj)): Object 'Object Repository/Web RoomMe.id\Community Page\Community Registration\Text The minimum age allowed is 17 years' is visible

2020-05-20 01:29:14 - [MESSAGE][PASSED] - Object 'Object Repository/Web RoomMe.id\Community Page\Community Registration\Text The minimum age allowed is 17 years' is visible

2020-05-20 01:29:14 - [TEST_STEP][PASSED] - verifyElementVisible(findTestObject(obj)): Object 'Object Repository/Web RoomMe.id\Community Page\Community Registration\Textfield Email Address' is visible

2020-05-20 01:29:15 - [MESSAGE][PASSED] - Object 'Object Repository/Web RoomMe.id\Community Page\Community Registration\Textfield Email Address' is visible

2020-05-20 01:29:15 - [TEST_STEP][PASSED] - verifyElementVisible(findTestObject(obj)): Object 'Object Repository/Web RoomMe.id\Community Page\Community Registration\Textfield Full Name' is visible

2020-05-20 01:29:15 - [MESSAGE][PASSED] - Object 'Object Repository/Web RoomMe.id\Community Page\Community Registration\Textfield Full Name' is visible

2020-05-20 01:29:15 - [TEST_STEP][PASSED] - verifyElementVisible(findTestObject(obj)): Object 'Object Repository/Web RoomMe.id\Community Page\Community Registration\Textfield Mobile Number' is visible

2020-05-20 01:29:15 - [MESSAGE][PASSED] - Object 'Object Repository/Web RoomMe.id\Community Page\Community Registration\Textfield Mobile Number' is visible

2020-05-20 01:29:15 - [MESSAGE][PASSED] - Call Test Case 'Test Cases/Web RoomMe.id/20. Community Registration/1. Verify Registration Form' successfully

2020-05-20 01:29:15 - [TEST_STEP][PASSED] - waitForElementVisible(findTestObject("Web RoomMe.id/Community Page/Community Registration/Textfield Full Name"), 0): Object 'Object Repository/Web RoomMe.id/Community Page/Community Registration/Textfield Full Name' is visible

2020-05-20 01:29:16 - [MESSAGE][WARNING] - Timeout '0' is invalid. Using default page load timeout: '30'

2020-05-20 01:29:16 - [MESSAGE][PASSED] - Object 'Object Repository/Web RoomMe.id/Community Page/Community Registration/Textfield Full Name' is visible

2020-05-20 01:29:16 - [TEST_STEP][PASSED] - sendKeys(findTestObject("Web RoomMe.id/Community Page/Community Registration/Textfield Full Name"), "Faldi"): Keys 'Faldi' sent to object: 'Object Repository/Web RoomMe.id/Community Page/Community Registration/Textfield Full Name'

2020-05-20 01:29:16 - [MESSAGE][PASSED] - Keys 'Faldi' sent to object: 'Object Repository/Web RoomMe.id/Community Page/Community Registration/Textfield Full Name'

2020-05-20 01:29:16 - [TEST_STEP][PASSED] - click(findTestObject("Web RoomMe.id/Community Page/Community Registration/RadioButton Male")): Object: 'Object Repository/Web RoomMe.id/Community Page/Community Registration/RadioButton Male' is clicked on

2020-05-20 01:29:18 - [MESSAGE][PASSED] - Object: 'Object Repository/Web RoomMe.id/Community Page/Community Registration/RadioButton Male' is clicked on

2020-05-20 01:29:18 - [TEST_STEP][PASSED] - sendKeys(findTestObject("Web RoomMe.id/Community Page/Community Registration/Textfield Mobile Number"), "081234567890"): Keys '081234567890' sent to object: 'Object Repository/Web RoomMe.id/Community Page/Community Registration/Textfield Mobile Number'

2020-05-20 01:29:18 - [MESSAGE][PASSED] - Keys '081234567890' sent to object: 'Object Repository/Web RoomMe.id/Community Page/Community Registration/Textfield Mobile Number'

2020-05-20 01:29:18 - [TEST_STEP][PASSED] - click(findTestObject("Web RoomMe.id/Community Page/Community Registration/Birthdate Datepicker/Datepicker Birthdate_date (1)")): Object: 'Object Repository/Web RoomMe.id/Community Page/Community Registration/Birthdate Datepicker/Datepicker Birthdate_date (1)' is clicked on

2020-05-20 01:29:19 - [MESSAGE][PASSED] - Object: 'Object Repository/Web RoomMe.id/Community Page/Community Registration/Birthdate Datepicker/Datepicker Birthdate_date (1)' is clicked on

2020-05-20 01:29:19 - [TEST_STEP][PASSED] - click(findTestObject("Web RoomMe.id/Community Page/Community Registration/Birthdate Datepicker/Button Day 1")): Object: 'Object Repository/Web RoomMe.id/Community Page/Community Registration/Birthdate Datepicker/Button Day 1' is clicked on

2020-05-20 01:29:20 - [MESSAGE][PASSED] - Object: 'Object Repository/Web RoomMe.id/Community Page/Community Registration/Birthdate Datepicker/Button Day 1' is clicked on

2020-05-20 01:29:20 - [TEST_STEP][PASSED] - selectOptionByIndex(findTestObject("Web RoomMe.id/Community Page/Community Registration/Dropdown Interest"), "4"): All options with index in [4] are selected on object 'Object Repository/Web RoomMe.id/Community Page/Community Registration/Dropdown Interest'

2020-05-20 01:29:21 - [MESSAGE][PASSED] - All options with index in [4] are selected on object 'Object Repository/Web RoomMe.id/Community Page/Community Registration/Dropdown Interest'

2020-05-20 01:29:21 - [TEST_STEP][PASSED] - click(findTestObject("Web RoomMe.id/Community Page/Community Registration/Button Submit")): Object: 'Object Repository/Web RoomMe.id/Community Page/Community Registration/Button Submit' is clicked on

2020-05-20 01:29:22 - [MESSAGE][PASSED] - Object: 'Object Repository/Web RoomMe.id/Community Page/Community Registration/Button Submit' is clicked on

2020-05-20 01:29:22 - [TEST_STEP][PASSED] - waitForElementVisible(findTestObject("Web RoomMe.id/Community Page/Community Registration/Error Message/Text Email is required"), 0): Object 'Object Repository/Web RoomMe.id/Community Page/Community Registration/Error Message/Text Email is required' is visible

2020-05-20 01:29:22 - [MESSAGE][WARNING] - Timeout '0' is invalid. Using default page load timeout: '30'

2020-05-20 01:29:22 - [MESSAGE][PASSED] - Object 'Object Repository/Web RoomMe.id/Community Page/Community Registration/Error Message/Text Email is required' is visible

2020-05-20 01:29:22 - [TEST_STEP][PASSED] - sendKeys(findTestObject("Web RoomMe.id/Community Page/Community Registration/Textfield Email Address"), "ab"): Keys 'ab' sent to object: 'Object Repository/Web RoomMe.id/Community Page/Community Registration/Textfield Email Address'

2020-05-20 01:29:22 - [MESSAGE][PASSED] - Keys 'ab' sent to object: 'Object Repository/Web RoomMe.id/Community Page/Community Registration/Textfield Email Address'

2020-05-20 01:29:22 - [TEST_STEP][PASSED] - waitForElementVisible(findTestObject("Web RoomMe.id/Community Page/Community Registration/Error Message/Text Email is not valid"), 0): Object 'Object Repository/Web RoomMe.id/Community Page/Community Registration/Error Message/Text Email is not valid' is visible

2020-05-20 01:29:23 - [MESSAGE][WARNING] - Timeout '0' is invalid. Using default page load timeout: '30'

2020-05-20 01:29:23 - [MESSAGE][PASSED] - Object 'Object Repository/Web RoomMe.id/Community Page/Community Registration/Error Message/Text Email is not valid' is visible

2020-05-20 01:29:23 - [TEST_STEP][PASSED] - click(findTestObject("Web RoomMe.id/Community Page/Community Registration/Button Submit")): Object: 'Object Repository/Web RoomMe.id/Community Page/Community Registration/Button Submit' is clicked on

2020-05-20 01:29:24 - [MESSAGE][PASSED] - Object: 'Object Repository/Web RoomMe.id/Community Page/Community Registration/Button Submit' is clicked on

2020-05-20 01:29:24 - [TEST_STEP][PASSED] - sendKeys(findTestObject("Web RoomMe.id/Community Page/Community Registration/Textfield Email Address"), Keys.chord(CONTROL, "a", BACK_SPACE)): Keys 'CONTROL + BACK_SPACE + a' sent to object: 'Object Repository/Web RoomMe.id/Community Page/Community Registration/Textfield Email Address'

2020-05-20 01:29:24 - [MESSAGE][PASSED] - Keys 'CONTROL + BACK_SPACE + a' sent to object: 'Object Repository/Web RoomMe.id/Community Page/Community Registration/Textfield Email Address'

2020-05-20 01:29:24 - [TEST_STEP][PASSED] - sendKeys(findTestObject("Web RoomMe.id/Community Page/Community Registration/Textfield Email Address"), "123"): Keys '123' sent to object: 'Object Repository/Web RoomMe.id/Community Page/Community Registration/Textfield Email Address'

2020-05-20 01:29:25 - [MESSAGE][PASSED] - Keys '123' sent to object: 'Object Repository/Web RoomMe.id/Community Page/Community Registration/Textfield Email Address'

2020-05-20 01:29:25 - [TEST_STEP][PASSED] - waitForElementVisible(findTestObject("Web RoomMe.id/Community Page/Community Registration/Error Message/Text Email is not valid"), 0): Object 'Object Repository/Web RoomMe.id/Community Page/Community Registration/Error Message/Text Email is not valid' is visible

2020-05-20 01:29:25 - [MESSAGE][WARNING] - Timeout '0' is invalid. Using default page load timeout: '30'

2020-05-20 01:29:26 - [MESSAGE][PASSED] - Object 'Object Repository/Web RoomMe.id/Community Page/Community Registration/Error Message/Text Email is not valid' is visible

2020-05-20 01:29:26 - [TEST_STEP][PASSED] - click(findTestObject("Web RoomMe.id/Community Page/Community Registration/Button Submit")): Object: 'Object Repository/Web RoomMe.id/Community Page/Community Registration/Button Submit' is clicked on

2020-05-20 01:29:26 - [MESSAGE][PASSED] - Object: 'Object Repository/Web RoomMe.id/Community Page/Community Registration/Button Submit' is clicked on

2020-05-20 01:29:26 - [TEST_STEP][PASSED] - sendKeys(findTestObject("Web RoomMe.id/Community Page/Community Registration/Textfield Email Address"), Keys.chord(CONTROL, "a", BACK_SPACE)): Keys 'CONTROL + BACK_SPACE + a' sent to object: 'Object Repository/Web RoomMe.id/Community Page/Community Registration/Textfield Email Address'

2020-05-20 01:29:27 - [MESSAGE][PASSED] - Keys 'CONTROL + BACK_SPACE + a' sent to object: 'Object Repository/Web RoomMe.id/Community Page/Community Registration/Textfield Email Address'

2020-05-20 01:29:27 - [TEST_STEP][PASSED] - sendKeys(findTestObject("Web RoomMe.id/Community Page/Community Registration/Textfield Email Address"), "!@#$"): Keys '!@#$' sent to object: 'Object Repository/Web RoomMe.id/Community Page/Community Registration/Textfield Email Address'

2020-05-20 01:29:28 - [MESSAGE][PASSED] - Keys '!@#$' sent to object: 'Object Repository/Web RoomMe.id/Community Page/Community Registration/Textfield Email Address'

2020-05-20 01:29:28 - [TEST_STEP][PASSED] - waitForElementVisible(findTestObject("Web RoomMe.id/Community Page/Community Registration/Error Message/Text Email is not valid"), 0): Object 'Object Repository/Web RoomMe.id/Community Page/Community Registration/Error Message/Text Email is not valid' is visible

2020-05-20 01:29:28 - [MESSAGE][WARNING] - Timeout '0' is invalid. Using default page load timeout: '30'

2020-05-20 01:29:28 - [MESSAGE][PASSED] - Object 'Object Repository/Web RoomMe.id/Community Page/Community Registration/Error Message/Text Email is not valid' is visible

2020-05-20 01:29:28 - [TEST_STEP][PASSED] - click(findTestObject("Web RoomMe.id/Community Page/Community Registration/Button Submit")): Object: 'Object Repository/Web RoomMe.id/Community Page/Community Registration/Button Submit' is clicked on

2020-05-20 01:29:28 - [MESSAGE][PASSED] - Object: 'Object Repository/Web RoomMe.id/Community Page/Community Registration/Button Submit' is clicked on

2020-05-20 01:29:28 - [TEST_STEP][PASSED] - sendKeys(findTestObject("Web RoomMe.id/Community Page/Community Registration/Textfield Email Address"), Keys.chord(CONTROL, "a", BACK_SPACE)): Keys 'CONTROL + BACK_SPACE + a' sent to object: 'Object Repository/Web RoomMe.id/Community Page/Community Registration/Textfield Email Address'

2020-05-20 01:29:29 - [MESSAGE][PASSED] - Keys 'CONTROL + BACK_SPACE + a' sent to object: 'Object Repository/Web RoomMe.id/Community Page/Community Registration/Textfield Email Address'

2020-05-20 01:29:29 - [TEST_STEP][PASSED] - sendKeys(findTestObject("Web RoomMe.id/Community Page/Community Registration/Textfield Email Address"), "abcde12345abcde12345abcde12345abcde12345abcde12345as"): Keys 'abcde12345abcde12345abcde12345abcde12345abcde12345as' sent to object: 'Object Repository/Web RoomMe.id/Community Page/Community Registration/Textfield Email Address'

2020-05-20 01:29:31 - [MESSAGE][PASSED] - Keys 'abcde12345abcde12345abcde12345abcde12345abcde12345as' sent to object: 'Object Repository/Web RoomMe.id/Community Page/Community Registration/Textfield Email Address'

2020-05-20 01:29:31 - [TEST_STEP][PASSED] - waitForElementVisible(findTestObject("Web RoomMe.id/Community Page/Community Registration/Error Message/Text Email is not valid"), 0): Object 'Object Repository/Web RoomMe.id/Community Page/Community Registration/Error Message/Text Email is not valid' is visible

2020-05-20 01:29:31 - [MESSAGE][WARNING] - Timeout '0' is invalid. Using default page load timeout: '30'

2020-05-20 01:29:31 - [MESSAGE][PASSED] - Object 'Object Repository/Web RoomMe.id/Community Page/Community Registration/Error Message/Text Email is not valid' is visible

2020-05-20 01:29:31 - [TEST_STEP][PASSED] - click(findTestObject("Web RoomMe.id/Community Page/Community Registration/Button Submit")): Object: 'Object Repository/Web RoomMe.id/Community Page/Community Registration/Button Submit' is clicked on

2020-05-20 01:29:31 - [MESSAGE][PASSED] - Object: 'Object Repository/Web RoomMe.id/Community Page/Community Registration/Button Submit' is clicked on

2020-05-20 01:29:31 - [TEST_STEP][PASSED] - sendKeys(findTestObject("Web RoomMe.id/Community Page/Community Registration/Textfield Email Address"), Keys.chord(CONTROL, "a", BACK_SPACE)): Keys 'CONTROL + BACK_SPACE + a' sent to object: 'Object Repository/Web RoomMe.id/Community Page/Community Registration/Textfield Email Address'

2020-05-20 01:29:32 - [MESSAGE][PASSED] - Keys 'CONTROL + BACK_SPACE + a' sent to object: 'Object Repository/Web RoomMe.id/Community Page/Community Registration/Textfield Email Address'

2020-05-20 01:29:32 - [TEST_STEP][PASSED] - sendKeys(findTestObject("Web RoomMe.id/Community Page/Community Registration/Textfield Email Address"), "asdas@"): Keys 'asdas@' sent to object: 'Object Repository/Web RoomMe.id/Community Page/Community Registration/Textfield Email Address'

2020-05-20 01:29:33 - [MESSAGE][PASSED] - Keys 'asdas@' sent to object: 'Object Repository/Web RoomMe.id/Community Page/Community Registration/Textfield Email Address'

2020-05-20 01:29:33 - [TEST_STEP][PASSED] - waitForElementVisible(findTestObject("Web RoomMe.id/Community Page/Community Registration/Error Message/Text Email is not valid"), 0): Object 'Object Repository/Web RoomMe.id/Community Page/Community Registration/Error Message/Text Email is not valid' is visible

2020-05-20 01:29:33 - [MESSAGE][WARNING] - Timeout '0' is invalid. Using default page load timeout: '30'

2020-05-20 01:29:33 - [MESSAGE][PASSED] - Object 'Object Repository/Web RoomMe.id/Community Page/Community Registration/Error Message/Text Email is not valid' is visible

2020-05-20 01:29:33 - [TEST_STEP][PASSED] - click(findTestObject("Web RoomMe.id/Community Page/Community Registration/Button Submit")): Object: 'Object Repository/Web RoomMe.id/Community Page/Community Registration/Button Submit' is clicked on

2020-05-20 01:29:34 - [MESSAGE][PASSED] - Object: 'Object Repository/Web RoomMe.id/Community Page/Community Registration/Button Submit' is clicked on

2020-05-20 01:29:34 - [TEST_STEP][PASSED] - sendKeys(findTestObject("Web RoomMe.id/Community Page/Community Registration/Textfield Email Address"), Keys.chord(CONTROL, "a", BACK_SPACE)): Keys 'CONTROL + BACK_SPACE + a' sent to object: 'Object Repository/Web RoomMe.id/Community Page/Community Registration/Textfield Email Address'

2020-05-20 01:29:34 - [MESSAGE][PASSED] - Keys 'CONTROL + BACK_SPACE + a' sent to object: 'Object Repository/Web RoomMe.id/Community Page/Community Registration/Textfield Email Address'

2020-05-20 01:29:34 - [TEST_STEP][PASSED] - sendKeys(findTestObject("Web RoomMe.id/Community Page/Community Registration/Textfield Email Address"), "asdas@get"): Keys 'asdas@get' sent to object: 'Object Repository/Web RoomMe.id/Community Page/Community Registration/Textfield Email Address'

2020-05-20 01:29:35 - [MESSAGE][PASSED] - Keys 'asdas@get' sent to object: 'Object Repository/Web RoomMe.id/Community Page/Community Registration/Textfield Email Address'

2020-05-20 01:29:35 - [TEST_STEP][PASSED] - waitForElementVisible(findTestObject("Web RoomMe.id/Community Page/Community Registration/Error Message/Text Email is not valid"), 0): Object 'Object Repository/Web RoomMe.id/Community Page/Community Registration/Error Message/Text Email is not valid' is visible

2020-05-20 01:29:35 - [MESSAGE][WARNING] - Timeout '0' is invalid. Using default page load timeout: '30'

2020-05-20 01:29:36 - [MESSAGE][PASSED] - Object 'Object Repository/Web RoomMe.id/Community Page/Community Registration/Error Message/Text Email is not valid' is visible

2020-05-20 01:29:36 - [TEST_STEP][PASSED] - click(findTestObject("Web RoomMe.id/Community Page/Community Registration/Button Submit")): Object: 'Object Repository/Web RoomMe.id/Community Page/Community Registration/Button Submit' is clicked on

2020-05-20 01:29:37 - [MESSAGE][PASSED] - Object: 'Object Repository/Web RoomMe.id/Community Page/Community Registration/Button Submit' is clicked on

2020-05-20 01:29:37 - [TEST_STEP][PASSED] - sendKeys(findTestObject("Web RoomMe.id/Community Page/Community Registration/Textfield Email Address"), Keys.chord(CONTROL, "a", BACK_SPACE)): Keys 'CONTROL + BACK_SPACE + a' sent to object: 'Object Repository/Web RoomMe.id/Community Page/Community Registration/Textfield Email Address'

2020-05-20 01:29:37 - [MESSAGE][PASSED] - Keys 'CONTROL + BACK_SPACE + a' sent to object: 'Object Repository/Web RoomMe.id/Community Page/Community Registration/Textfield Email Address'

2020-05-20 01:29:37 - [TEST_STEP][PASSED] - sendKeys(findTestObject("Web RoomMe.id/Community Page/Community Registration/Textfield Email Address"), "asdas@get."): Keys 'asdas@get.' sent to object: 'Object Repository/Web RoomMe.id/Community Page/Community Registration/Textfield Email Address'

2020-05-20 01:29:38 - [MESSAGE][PASSED] - Keys 'asdas@get.' sent to object: 'Object Repository/Web RoomMe.id/Community Page/Community Registration/Textfield Email Address'

2020-05-20 01:29:38 - [TEST_STEP][PASSED] - waitForElementVisible(findTestObject("Web RoomMe.id/Community Page/Community Registration/Error Message/Text Email is not valid"), 0): Object 'Object Repository/Web RoomMe.id/Community Page/Community Registration/Error Message/Text Email is not valid' is visible

2020-05-20 01:29:38 - [MESSAGE][WARNING] - Timeout '0' is invalid. Using default page load timeout: '30'

2020-05-20 01:29:39 - [MESSAGE][PASSED] - Object 'Object Repository/Web RoomMe.id/Community Page/Community Registration/Error Message/Text Email is not valid' is visible

2020-05-20 01:29:39 - [TEST_STEP][PASSED] - click(findTestObject("Web RoomMe.id/Community Page/Community Registration/Button Submit")): Object: 'Object Repository/Web RoomMe.id/Community Page/Community Registration/Button Submit' is clicked on

2020-05-20 01:29:39 - [MESSAGE][PASSED] - Object: 'Object Repository/Web RoomMe.id/Community Page/Community Registration/Button Submit' is clicked on

2020-05-20 01:29:39 - [TEST_STEP][PASSED] - sendKeys(findTestObject("Web RoomMe.id/Community Page/Community Registration/Textfield Email Address"), Keys.chord(CONTROL, "a", BACK_SPACE)): Keys 'CONTROL + BACK_SPACE + a' sent to object: 'Object Repository/Web RoomMe.id/Community Page/Community Registration/Textfield Email Address'

2020-05-20 01:29:40 - [MESSAGE][PASSED] - Keys 'CONTROL + BACK_SPACE + a' sent to object: 'Object Repository/Web RoomMe.id/Community Page/Community Registration/Textfield Email Address'

2020-05-20 01:29:40 - [TEST_STEP][PASSED] - sendKeys(findTestObject("Web RoomMe.id/Community Page/Community Registration/Textfield Email Address"), "asdas@get.c"): Keys 'asdas@get.c' sent to object: 'Object Repository/Web RoomMe.id/Community Page/Community Registration/Textfield Email Address'

2020-05-20 01:29:40 - [MESSAGE][PASSED] - Keys 'asdas@get.c' sent to object: 'Object Repository/Web RoomMe.id/Community Page/Community Registration/Textfield Email Address'

2020-05-20 01:29:40 - [TEST_STEP][PASSED] - waitForElementVisible(findTestObject("Web RoomMe.id/Community Page/Community Registration/Error Message/Text Email is not valid"), 0): Object 'Object Repository/Web RoomMe.id/Community Page/Community Registration/Error Message/Text Email is not valid' is visible

2020-05-20 01:29:41 - [MESSAGE][WARNING] - Timeout '0' is invalid. Using default page load timeout: '30'

2020-05-20 01:29:41 - [MESSAGE][PASSED] - Object 'Object Repository/Web RoomMe.id/Community Page/Community Registration/Error Message/Text Email is not valid' is visible

2020-05-20 01:29:41 - [TEST_STEP][PASSED] - click(findTestObject("Web RoomMe.id/Community Page/Community Registration/Button Submit")): Object: 'Object Repository/Web RoomMe.id/Community Page/Community Registration/Button Submit' is clicked on

2020-05-20 01:29:41 - [MESSAGE][PASSED] - Object: 'Object Repository/Web RoomMe.id/Community Page/Community Registration/Button Submit' is clicked on

2020-05-20 01:29:41 - [TEST_STEP][PASSED] - waitForElementVisible(findTestObject("Web RoomMe.id/Community Page/Community Registration/Error Message/Text Email is not valid"), 0): Object 'Object Repository/Web RoomMe.id/Community Page/Community Registration/Error Message/Text Email is not valid' is visible

2020-05-20 01:29:41 - [MESSAGE][WARNING] - Timeout '0' is invalid. Using default page load timeout: '30'

2020-05-20 01:29:42 - [MESSAGE][PASSED] - Object 'Object Repository/Web RoomMe.id/Community Page/Community Registration/Error Message/Text Email is not valid' is visible]]></system-out>
         <system-err><![CDATA[]]></system-err>
      </testcase>
      <testcase name="Test Cases/Web RoomMe.id/20. Community Registration/12. Customer Register without Select Interest" time="36.919" classname="Test Cases/Web RoomMe.id/20. Community Registration/12. Customer Register without Select Interest" status="PASSED">
         <system-out><![CDATA[2020-05-20 01:29:42 - [TEST_CASE][PASSED] - Test Cases/Web RoomMe.id/20. Community Registration/12. Customer Register without Select Interest: Test Cases/Web RoomMe.id/20. Community Registration/12. Customer Register without Select Interest

2020-05-20 01:29:42 - [TEST_STEP][PASSED] - callTestCase(findTestCase("Web RoomMe.id/1. Homepage/1. Customer Access RoomMe Page"), [:], STOP_ON_FAILURE): Call Test Case 'Test Cases/Web RoomMe.id/1. Homepage/1. Customer Access RoomMe Page' successfully

2020-05-20 01:29:42 - [TEST_CASE][PASSED] - Test Cases/Web RoomMe.id/1. Homepage/1. Customer Access RoomMe Page: Test Cases/Web RoomMe.id/1. Homepage/1. Customer Access RoomMe Page

2020-05-20 01:29:42 - [TEST_STEP][PASSED] - openBrowser("https://web.roomme.id/"): Browser is opened with url: 'https://web.roomme.id/'

2020-05-20 01:29:42 - [MESSAGE][WARNING] - A browser is already opened. Closing browser and opening a new one

2020-05-20 01:29:43 - [MESSAGE][INFO] - Starting 'Chrome' driver

2020-05-20 01:29:55 - [MESSAGE][PASSED] - Browser is opened with url: 'https://web.roomme.id/'

2020-05-20 01:29:55 - [TEST_STEP][PASSED] - maximizeWindow(): Current window maximized

2020-05-20 01:29:58 - [MESSAGE][PASSED] - Current window maximized

2020-05-20 01:29:58 - [TEST_STEP][PASSED] - waitForPageLoad(0): Wait for page load successfully

2020-05-20 01:29:58 - [MESSAGE][WARNING] - Timeout '0' is invalid. Using default page load timeout: '30'

2020-05-20 01:29:58 - [MESSAGE][PASSED] - Wait for page load successfully

2020-05-20 01:29:58 - [MESSAGE][PASSED] - Call Test Case 'Test Cases/Web RoomMe.id/1. Homepage/1. Customer Access RoomMe Page' successfully

2020-05-20 01:29:58 - [TEST_STEP][PASSED] - waitForElementVisible(findTestObject("Web RoomMe.id/RoomMe.id Header/Button Community"), 30): Object 'Object Repository/Web RoomMe.id/RoomMe.id Header/Button Community' is visible

2020-05-20 01:29:58 - [MESSAGE][PASSED] - Object 'Object Repository/Web RoomMe.id/RoomMe.id Header/Button Community' is visible

2020-05-20 01:29:58 - [TEST_STEP][PASSED] - click(findTestObject("Web RoomMe.id/RoomMe.id Header/Button Community")): Object: 'Object Repository/Web RoomMe.id/RoomMe.id Header/Button Community' is clicked on

2020-05-20 01:30:01 - [MESSAGE][PASSED] - Object: 'Object Repository/Web RoomMe.id/RoomMe.id Header/Button Community' is clicked on

2020-05-20 01:30:01 - [TEST_STEP][PASSED] - waitForPageLoad(0): Wait for page load successfully

2020-05-20 01:30:01 - [MESSAGE][WARNING] - Timeout '0' is invalid. Using default page load timeout: '30'

2020-05-20 01:30:02 - [MESSAGE][PASSED] - Wait for page load successfully

2020-05-20 01:30:02 - [TEST_STEP][PASSED] - waitForElementVisible(findTestObject("Web RoomMe.id/Community Page/Welcome Video/Video Events RoomMe"), 0): Object 'Object Repository/Web RoomMe.id/Community Page/Welcome Video/Video Events RoomMe' is visible

2020-05-20 01:30:03 - [MESSAGE][WARNING] - Timeout '0' is invalid. Using default page load timeout: '30'

2020-05-20 01:30:03 - [MESSAGE][PASSED] - Object 'Object Repository/Web RoomMe.id/Community Page/Welcome Video/Video Events RoomMe' is visible

2020-05-20 01:30:03 - [TEST_STEP][PASSED] - waitForElementVisible(findTestObject("Web RoomMe.id/Community Page/Welcome Video/Text JOIN OUR COMMUNITY"), 0): Object 'Object Repository/Web RoomMe.id/Community Page/Welcome Video/Text JOIN OUR COMMUNITY' is visible

2020-05-20 01:30:03 - [MESSAGE][WARNING] - Timeout '0' is invalid. Using default page load timeout: '30'

2020-05-20 01:30:03 - [MESSAGE][PASSED] - Object 'Object Repository/Web RoomMe.id/Community Page/Welcome Video/Text JOIN OUR COMMUNITY' is visible

2020-05-20 01:30:03 - [TEST_STEP][PASSED] - waitForElementVisible(findTestObject("Web RoomMe.id/Community Page/Welcome Video/Text And enjoy the benefits and features"), 0): Object 'Object Repository/Web RoomMe.id/Community Page/Welcome Video/Text And enjoy the benefits and features' is visible

2020-05-20 01:30:03 - [MESSAGE][WARNING] - Timeout '0' is invalid. Using default page load timeout: '30'

2020-05-20 01:30:04 - [MESSAGE][PASSED] - Object 'Object Repository/Web RoomMe.id/Community Page/Welcome Video/Text And enjoy the benefits and features' is visible

2020-05-20 01:30:04 - [TEST_STEP][PASSED] - waitForElementVisible(findTestObject("Web RoomMe.id/Community Page/Welcome Video/Button Continue on the Form Registration"), 0): Object 'Object Repository/Web RoomMe.id/Community Page/Welcome Video/Button Continue on the Form Registration' is visible

2020-05-20 01:30:04 - [MESSAGE][WARNING] - Timeout '0' is invalid. Using default page load timeout: '30'

2020-05-20 01:30:04 - [MESSAGE][PASSED] - Object 'Object Repository/Web RoomMe.id/Community Page/Welcome Video/Button Continue on the Form Registration' is visible

2020-05-20 01:30:04 - [TEST_STEP][PASSED] - click(findTestObject("Web RoomMe.id/Community Page/Welcome Video/Button Continue on the Form Registration"), STOP_ON_FAILURE): Object: 'Object Repository/Web RoomMe.id/Community Page/Welcome Video/Button Continue on the Form Registration' is clicked on

2020-05-20 01:30:05 - [MESSAGE][PASSED] - Object: 'Object Repository/Web RoomMe.id/Community Page/Welcome Video/Button Continue on the Form Registration' is clicked on

2020-05-20 01:30:05 - [TEST_STEP][PASSED] - callTestCase(findTestCase("Web RoomMe.id/20. Community Registration/1. Verify Registration Form"), [:], STOP_ON_FAILURE): Call Test Case 'Test Cases/Web RoomMe.id/20. Community Registration/1. Verify Registration Form' successfully

2020-05-20 01:30:05 - [TEST_CASE][PASSED] - Test Cases/Web RoomMe.id/20. Community Registration/1. Verify Registration Form: Test Cases/Web RoomMe.id/20. Community Registration/1. Verify Registration Form

2020-05-20 01:30:05 - [TEST_STEP][PASSED] - objectSubFolder = "Web RoomMe.id\Community Page\Community Registration\": null

2020-05-20 01:30:05 - [TEST_STEP][PASSED] - pathToObjRep = getProjectDir() + "\Object Repository\" + objectSubFolder: null

2020-05-20 01:30:05 - [TEST_STEP][PASSED] - yourObjects = new java.io.File(pathToObjRep): null

2020-05-20 01:30:05 - [TEST_STEP][PASSED] - fileNames = yourObjects.list(): null

2020-05-20 01:30:05 - [TEST_STEP][PASSED] - testObjects = new java.util.ArrayList(): null

2020-05-20 01:30:05 - [TEST_STEP][PASSED] - for ([i = 0, i < length, (i++)]): null

2020-05-20 01:30:05 - [TEST_STEP][PASSED] - if (fileNames[i].contains(".rs")): null

2020-05-20 01:30:05 - [TEST_STEP][PASSED] - if (fileNames[i].contains(".rs")): null

2020-05-20 01:30:05 - [TEST_STEP][PASSED] - fileNames[i] = fileNames[i].replace(".rs", ""): null

2020-05-20 01:30:05 - [TEST_STEP][PASSED] - testObjects.add(objectSubFolder + fileNames[i]): null

2020-05-20 01:30:05 - [TEST_STEP][PASSED] - if (fileNames[i].contains(".rs")): null

2020-05-20 01:30:05 - [TEST_STEP][PASSED] - fileNames[i] = fileNames[i].replace(".rs", ""): null

2020-05-20 01:30:05 - [TEST_STEP][PASSED] - testObjects.add(objectSubFolder + fileNames[i]): null

2020-05-20 01:30:05 - [TEST_STEP][PASSED] - if (fileNames[i].contains(".rs")): null

2020-05-20 01:30:05 - [TEST_STEP][PASSED] - fileNames[i] = fileNames[i].replace(".rs", ""): null

2020-05-20 01:30:05 - [TEST_STEP][PASSED] - testObjects.add(objectSubFolder + fileNames[i]): null

2020-05-20 01:30:05 - [TEST_STEP][PASSED] - if (fileNames[i].contains(".rs")): null

2020-05-20 01:30:05 - [TEST_STEP][PASSED] - if (fileNames[i].contains(".rs")): null

2020-05-20 01:30:05 - [TEST_STEP][PASSED] - fileNames[i] = fileNames[i].replace(".rs", ""): null

2020-05-20 01:30:05 - [TEST_STEP][PASSED] - testObjects.add(objectSubFolder + fileNames[i]): null

2020-05-20 01:30:05 - [TEST_STEP][PASSED] - if (fileNames[i].contains(".rs")): null

2020-05-20 01:30:05 - [TEST_STEP][PASSED] - fileNames[i] = fileNames[i].replace(".rs", ""): null

2020-05-20 01:30:05 - [TEST_STEP][PASSED] - testObjects.add(objectSubFolder + fileNames[i]): null

2020-05-20 01:30:05 - [TEST_STEP][PASSED] - if (fileNames[i].contains(".rs")): null

2020-05-20 01:30:05 - [TEST_STEP][PASSED] - fileNames[i] = fileNames[i].replace(".rs", ""): null

2020-05-20 01:30:05 - [TEST_STEP][PASSED] - testObjects.add(objectSubFolder + fileNames[i]): null

2020-05-20 01:30:05 - [TEST_STEP][PASSED] - if (fileNames[i].contains(".rs")): null

2020-05-20 01:30:05 - [TEST_STEP][PASSED] - if (fileNames[i].contains(".rs")): null

2020-05-20 01:30:05 - [TEST_STEP][PASSED] - fileNames[i] = fileNames[i].replace(".rs", ""): null

2020-05-20 01:30:05 - [TEST_STEP][PASSED] - testObjects.add(objectSubFolder + fileNames[i]): null

2020-05-20 01:30:05 - [TEST_STEP][PASSED] - if (fileNames[i].contains(".rs")): null

2020-05-20 01:30:05 - [TEST_STEP][PASSED] - fileNames[i] = fileNames[i].replace(".rs", ""): null

2020-05-20 01:30:05 - [TEST_STEP][PASSED] - testObjects.add(objectSubFolder + fileNames[i]): null

2020-05-20 01:30:05 - [TEST_STEP][PASSED] - if (fileNames[i].contains(".rs")): null

2020-05-20 01:30:05 - [TEST_STEP][PASSED] - fileNames[i] = fileNames[i].replace(".rs", ""): null

2020-05-20 01:30:05 - [TEST_STEP][PASSED] - testObjects.add(objectSubFolder + fileNames[i]): null

2020-05-20 01:30:05 - [TEST_STEP][PASSED] - if (fileNames[i].contains(".rs")): null

2020-05-20 01:30:05 - [TEST_STEP][PASSED] - fileNames[i] = fileNames[i].replace(".rs", ""): null

2020-05-20 01:30:05 - [TEST_STEP][PASSED] - testObjects.add(objectSubFolder + fileNames[i]): null

2020-05-20 01:30:05 - [TEST_STEP][PASSED] - if (fileNames[i].contains(".rs")): null

2020-05-20 01:30:05 - [TEST_STEP][PASSED] - fileNames[i] = fileNames[i].replace(".rs", ""): null

2020-05-20 01:30:05 - [TEST_STEP][PASSED] - testObjects.add(objectSubFolder + fileNames[i]): null

2020-05-20 01:30:05 - [TEST_STEP][PASSED] - if (fileNames[i].contains(".rs")): null

2020-05-20 01:30:05 - [TEST_STEP][PASSED] - fileNames[i] = fileNames[i].replace(".rs", ""): null

2020-05-20 01:30:05 - [TEST_STEP][PASSED] - testObjects.add(objectSubFolder + fileNames[i]): null

2020-05-20 01:30:05 - [TEST_STEP][PASSED] - if (fileNames[i].contains(".rs")): null

2020-05-20 01:30:05 - [TEST_STEP][PASSED] - fileNames[i] = fileNames[i].replace(".rs", ""): null

2020-05-20 01:30:05 - [TEST_STEP][PASSED] - testObjects.add(objectSubFolder + fileNames[i]): null

2020-05-20 01:30:05 - [TEST_STEP][PASSED] - if (fileNames[i].contains(".rs")): null

2020-05-20 01:30:05 - [TEST_STEP][PASSED] - fileNames[i] = fileNames[i].replace(".rs", ""): null

2020-05-20 01:30:05 - [TEST_STEP][PASSED] - testObjects.add(objectSubFolder + fileNames[i]): null

2020-05-20 01:30:05 - [TEST_STEP][PASSED] - if (fileNames[i].contains(".rs")): null

2020-05-20 01:30:05 - [TEST_STEP][PASSED] - fileNames[i] = fileNames[i].replace(".rs", ""): null

2020-05-20 01:30:05 - [TEST_STEP][PASSED] - testObjects.add(objectSubFolder + fileNames[i]): null

2020-05-20 01:30:05 - [TEST_STEP][PASSED] - if (fileNames[i].contains(".rs")): null

2020-05-20 01:30:05 - [TEST_STEP][PASSED] - fileNames[i] = fileNames[i].replace(".rs", ""): null

2020-05-20 01:30:05 - [TEST_STEP][PASSED] - testObjects.add(objectSubFolder + fileNames[i]): null

2020-05-20 01:30:05 - [TEST_STEP][PASSED] - if (fileNames[i].contains(".rs")): null

2020-05-20 01:30:05 - [TEST_STEP][PASSED] - fileNames[i] = fileNames[i].replace(".rs", ""): null

2020-05-20 01:30:05 - [TEST_STEP][PASSED] - testObjects.add(objectSubFolder + fileNames[i]): null

2020-05-20 01:30:05 - [TEST_STEP][PASSED] - for (String obj : testObjects): Object 'Object Repository/Web RoomMe.id\Community Page\Community Registration\Textfield Mobile Number' is visible

2020-05-20 01:30:05 - [TEST_STEP][PASSED] - verifyElementVisible(findTestObject(obj)): Object 'Object Repository/Web RoomMe.id\Community Page\Community Registration\Button Submit' is visible

2020-05-20 01:30:05 - [MESSAGE][PASSED] - Object 'Object Repository/Web RoomMe.id\Community Page\Community Registration\Button Submit' is visible

2020-05-20 01:30:05 - [TEST_STEP][PASSED] - verifyElementVisible(findTestObject(obj)): Object 'Object Repository/Web RoomMe.id\Community Page\Community Registration\Dropdown Interest Default' is visible

2020-05-20 01:30:06 - [MESSAGE][PASSED] - Object 'Object Repository/Web RoomMe.id\Community Page\Community Registration\Dropdown Interest Default' is visible

2020-05-20 01:30:06 - [TEST_STEP][PASSED] - verifyElementVisible(findTestObject(obj)): Object 'Object Repository/Web RoomMe.id\Community Page\Community Registration\Dropdown Interest' is visible

2020-05-20 01:30:07 - [MESSAGE][PASSED] - Object 'Object Repository/Web RoomMe.id\Community Page\Community Registration\Dropdown Interest' is visible

2020-05-20 01:30:07 - [TEST_STEP][PASSED] - verifyElementVisible(findTestObject(obj)): Object 'Object Repository/Web RoomMe.id\Community Page\Community Registration\Image 2020 RoomMe All Right Reserved' is visible

2020-05-20 01:30:07 - [MESSAGE][PASSED] - Object 'Object Repository/Web RoomMe.id\Community Page\Community Registration\Image 2020 RoomMe All Right Reserved' is visible

2020-05-20 01:30:07 - [TEST_STEP][PASSED] - verifyElementVisible(findTestObject(obj)): Object 'Object Repository/Web RoomMe.id\Community Page\Community Registration\RadioButton Female' is visible

2020-05-20 01:30:08 - [MESSAGE][PASSED] - Object 'Object Repository/Web RoomMe.id\Community Page\Community Registration\RadioButton Female' is visible

2020-05-20 01:30:08 - [TEST_STEP][PASSED] - verifyElementVisible(findTestObject(obj)): Object 'Object Repository/Web RoomMe.id\Community Page\Community Registration\RadioButton Male' is visible

2020-05-20 01:30:08 - [MESSAGE][PASSED] - Object 'Object Repository/Web RoomMe.id\Community Page\Community Registration\RadioButton Male' is visible

2020-05-20 01:30:08 - [TEST_STEP][PASSED] - verifyElementVisible(findTestObject(obj)): Object 'Object Repository/Web RoomMe.id\Community Page\Community Registration\Text Birthdate' is visible

2020-05-20 01:30:08 - [MESSAGE][PASSED] - Object 'Object Repository/Web RoomMe.id\Community Page\Community Registration\Text Birthdate' is visible

2020-05-20 01:30:08 - [TEST_STEP][PASSED] - verifyElementVisible(findTestObject(obj)): Object 'Object Repository/Web RoomMe.id\Community Page\Community Registration\Text Community Registration' is visible

2020-05-20 01:30:09 - [MESSAGE][PASSED] - Object 'Object Repository/Web RoomMe.id\Community Page\Community Registration\Text Community Registration' is visible

2020-05-20 01:30:09 - [TEST_STEP][PASSED] - verifyElementVisible(findTestObject(obj)): Object 'Object Repository/Web RoomMe.id\Community Page\Community Registration\Text Email Address' is visible

2020-05-20 01:30:09 - [MESSAGE][PASSED] - Object 'Object Repository/Web RoomMe.id\Community Page\Community Registration\Text Email Address' is visible

2020-05-20 01:30:09 - [TEST_STEP][PASSED] - verifyElementVisible(findTestObject(obj)): Object 'Object Repository/Web RoomMe.id\Community Page\Community Registration\Text Full Name' is visible

2020-05-20 01:30:10 - [MESSAGE][PASSED] - Object 'Object Repository/Web RoomMe.id\Community Page\Community Registration\Text Full Name' is visible

2020-05-20 01:30:10 - [TEST_STEP][PASSED] - verifyElementVisible(findTestObject(obj)): Object 'Object Repository/Web RoomMe.id\Community Page\Community Registration\Text Gender' is visible

2020-05-20 01:30:10 - [MESSAGE][PASSED] - Object 'Object Repository/Web RoomMe.id\Community Page\Community Registration\Text Gender' is visible

2020-05-20 01:30:10 - [TEST_STEP][PASSED] - verifyElementVisible(findTestObject(obj)): Object 'Object Repository/Web RoomMe.id\Community Page\Community Registration\Text Interest' is visible

2020-05-20 01:30:10 - [MESSAGE][PASSED] - Object 'Object Repository/Web RoomMe.id\Community Page\Community Registration\Text Interest' is visible

2020-05-20 01:30:10 - [TEST_STEP][PASSED] - verifyElementVisible(findTestObject(obj)): Object 'Object Repository/Web RoomMe.id\Community Page\Community Registration\Text Mobile Number' is visible

2020-05-20 01:30:11 - [MESSAGE][PASSED] - Object 'Object Repository/Web RoomMe.id\Community Page\Community Registration\Text Mobile Number' is visible

2020-05-20 01:30:11 - [TEST_STEP][PASSED] - verifyElementVisible(findTestObject(obj)): Object 'Object Repository/Web RoomMe.id\Community Page\Community Registration\Text The minimum age allowed is 17 years' is visible

2020-05-20 01:30:11 - [MESSAGE][PASSED] - Object 'Object Repository/Web RoomMe.id\Community Page\Community Registration\Text The minimum age allowed is 17 years' is visible

2020-05-20 01:30:11 - [TEST_STEP][PASSED] - verifyElementVisible(findTestObject(obj)): Object 'Object Repository/Web RoomMe.id\Community Page\Community Registration\Textfield Email Address' is visible

2020-05-20 01:30:12 - [MESSAGE][PASSED] - Object 'Object Repository/Web RoomMe.id\Community Page\Community Registration\Textfield Email Address' is visible

2020-05-20 01:30:12 - [TEST_STEP][PASSED] - verifyElementVisible(findTestObject(obj)): Object 'Object Repository/Web RoomMe.id\Community Page\Community Registration\Textfield Full Name' is visible

2020-05-20 01:30:12 - [MESSAGE][PASSED] - Object 'Object Repository/Web RoomMe.id\Community Page\Community Registration\Textfield Full Name' is visible

2020-05-20 01:30:12 - [TEST_STEP][PASSED] - verifyElementVisible(findTestObject(obj)): Object 'Object Repository/Web RoomMe.id\Community Page\Community Registration\Textfield Mobile Number' is visible

2020-05-20 01:30:12 - [MESSAGE][PASSED] - Object 'Object Repository/Web RoomMe.id\Community Page\Community Registration\Textfield Mobile Number' is visible

2020-05-20 01:30:12 - [MESSAGE][PASSED] - Call Test Case 'Test Cases/Web RoomMe.id/20. Community Registration/1. Verify Registration Form' successfully

2020-05-20 01:30:12 - [TEST_STEP][PASSED] - waitForElementVisible(findTestObject("Web RoomMe.id/Community Page/Community Registration/Textfield Full Name"), 0): Object 'Object Repository/Web RoomMe.id/Community Page/Community Registration/Textfield Full Name' is visible

2020-05-20 01:30:13 - [MESSAGE][WARNING] - Timeout '0' is invalid. Using default page load timeout: '30'

2020-05-20 01:30:13 - [MESSAGE][PASSED] - Object 'Object Repository/Web RoomMe.id/Community Page/Community Registration/Textfield Full Name' is visible

2020-05-20 01:30:13 - [TEST_STEP][PASSED] - sendKeys(findTestObject("Web RoomMe.id/Community Page/Community Registration/Textfield Full Name"), "Faldi AT"): Keys 'Faldi AT' sent to object: 'Object Repository/Web RoomMe.id/Community Page/Community Registration/Textfield Full Name'

2020-05-20 01:30:13 - [MESSAGE][PASSED] - Keys 'Faldi AT' sent to object: 'Object Repository/Web RoomMe.id/Community Page/Community Registration/Textfield Full Name'

2020-05-20 01:30:13 - [TEST_STEP][PASSED] - click(findTestObject("Web RoomMe.id/Community Page/Community Registration/RadioButton Male")): Object: 'Object Repository/Web RoomMe.id/Community Page/Community Registration/RadioButton Male' is clicked on

2020-05-20 01:30:14 - [MESSAGE][PASSED] - Object: 'Object Repository/Web RoomMe.id/Community Page/Community Registration/RadioButton Male' is clicked on

2020-05-20 01:30:14 - [TEST_STEP][PASSED] - click(findTestObject("Web RoomMe.id/Community Page/Community Registration/Birthdate Datepicker/Datepicker Birthdate_date (1)")): Object: 'Object Repository/Web RoomMe.id/Community Page/Community Registration/Birthdate Datepicker/Datepicker Birthdate_date (1)' is clicked on

2020-05-20 01:30:15 - [MESSAGE][PASSED] - Object: 'Object Repository/Web RoomMe.id/Community Page/Community Registration/Birthdate Datepicker/Datepicker Birthdate_date (1)' is clicked on

2020-05-20 01:30:15 - [TEST_STEP][PASSED] - click(findTestObject("Web RoomMe.id/Community Page/Community Registration/Birthdate Datepicker/Button Day 1")): Object: 'Object Repository/Web RoomMe.id/Community Page/Community Registration/Birthdate Datepicker/Button Day 1' is clicked on

2020-05-20 01:30:15 - [MESSAGE][PASSED] - Object: 'Object Repository/Web RoomMe.id/Community Page/Community Registration/Birthdate Datepicker/Button Day 1' is clicked on

2020-05-20 01:30:15 - [TEST_STEP][PASSED] - sendKeys(findTestObject("Web RoomMe.id/Community Page/Community Registration/Textfield Mobile Number"), "081234567890"): Keys '081234567890' sent to object: 'Object Repository/Web RoomMe.id/Community Page/Community Registration/Textfield Mobile Number'

2020-05-20 01:30:16 - [MESSAGE][PASSED] - Keys '081234567890' sent to object: 'Object Repository/Web RoomMe.id/Community Page/Community Registration/Textfield Mobile Number'

2020-05-20 01:30:16 - [TEST_STEP][PASSED] - sendKeys(findTestObject("Web RoomMe.id/Community Page/Community Registration/Textfield Email Address"), "faldiat" + RandomStringUtils.randomNumeric(5)): Keys 'faldiat50085' sent to object: 'Object Repository/Web RoomMe.id/Community Page/Community Registration/Textfield Email Address'

2020-05-20 01:30:17 - [MESSAGE][PASSED] - Keys 'faldiat50085' sent to object: 'Object Repository/Web RoomMe.id/Community Page/Community Registration/Textfield Email Address'

2020-05-20 01:30:17 - [TEST_STEP][PASSED] - sendKeys(findTestObject("Web RoomMe.id/Community Page/Community Registration/Textfield Email Address"), "@gmail.com"): Keys '@gmail.com' sent to object: 'Object Repository/Web RoomMe.id/Community Page/Community Registration/Textfield Email Address'

2020-05-20 01:30:18 - [MESSAGE][PASSED] - Keys '@gmail.com' sent to object: 'Object Repository/Web RoomMe.id/Community Page/Community Registration/Textfield Email Address'

2020-05-20 01:30:18 - [TEST_STEP][PASSED] - click(findTestObject("Web RoomMe.id/Community Page/Community Registration/Button Submit")): Object: 'Object Repository/Web RoomMe.id/Community Page/Community Registration/Button Submit' is clicked on

2020-05-20 01:30:18 - [MESSAGE][PASSED] - Object: 'Object Repository/Web RoomMe.id/Community Page/Community Registration/Button Submit' is clicked on

2020-05-20 01:30:18 - [TEST_STEP][PASSED] - waitForElementVisible(findTestObject("Web RoomMe.id/Community Page/Community Registration/Error Message/Text Interest is required"), 0): Object 'Object Repository/Web RoomMe.id/Community Page/Community Registration/Error Message/Text Interest is required' is visible

2020-05-20 01:30:18 - [MESSAGE][WARNING] - Timeout '0' is invalid. Using default page load timeout: '30'

2020-05-20 01:30:19 - [MESSAGE][PASSED] - Object 'Object Repository/Web RoomMe.id/Community Page/Community Registration/Error Message/Text Interest is required' is visible]]></system-out>
         <system-err><![CDATA[]]></system-err>
      </testcase>
      <testcase name="Test Cases/Web RoomMe.id/20. Community Registration/2. Customer Register with valid data" time="38.807" classname="Test Cases/Web RoomMe.id/20. Community Registration/2. Customer Register with valid data" status="PASSED">
         <system-out><![CDATA[2020-05-20 01:30:19 - [TEST_CASE][PASSED] - Test Cases/Web RoomMe.id/20. Community Registration/2. Customer Register with valid data: Test Cases/Web RoomMe.id/20. Community Registration/2. Customer Register with valid data

2020-05-20 01:30:19 - [TEST_STEP][PASSED] - callTestCase(findTestCase("Web RoomMe.id/1. Homepage/1. Customer Access RoomMe Page"), [:], STOP_ON_FAILURE): Call Test Case 'Test Cases/Web RoomMe.id/1. Homepage/1. Customer Access RoomMe Page' successfully

2020-05-20 01:30:19 - [TEST_CASE][PASSED] - Test Cases/Web RoomMe.id/1. Homepage/1. Customer Access RoomMe Page: Test Cases/Web RoomMe.id/1. Homepage/1. Customer Access RoomMe Page

2020-05-20 01:30:19 - [TEST_STEP][PASSED] - openBrowser("https://web.roomme.id/"): Browser is opened with url: 'https://web.roomme.id/'

2020-05-20 01:30:19 - [MESSAGE][WARNING] - A browser is already opened. Closing browser and opening a new one

2020-05-20 01:30:20 - [MESSAGE][INFO] - Starting 'Chrome' driver

2020-05-20 01:30:27 - [MESSAGE][PASSED] - Browser is opened with url: 'https://web.roomme.id/'

2020-05-20 01:30:27 - [TEST_STEP][PASSED] - maximizeWindow(): Current window maximized

2020-05-20 01:30:30 - [MESSAGE][PASSED] - Current window maximized

2020-05-20 01:30:30 - [TEST_STEP][PASSED] - waitForPageLoad(0): Wait for page load successfully

2020-05-20 01:30:30 - [MESSAGE][WARNING] - Timeout '0' is invalid. Using default page load timeout: '30'

2020-05-20 01:30:30 - [MESSAGE][PASSED] - Wait for page load successfully

2020-05-20 01:30:30 - [MESSAGE][PASSED] - Call Test Case 'Test Cases/Web RoomMe.id/1. Homepage/1. Customer Access RoomMe Page' successfully

2020-05-20 01:30:30 - [TEST_STEP][PASSED] - waitForElementVisible(findTestObject("Web RoomMe.id/RoomMe.id Header/Button Community"), 30): Object 'Object Repository/Web RoomMe.id/RoomMe.id Header/Button Community' is visible

2020-05-20 01:30:30 - [MESSAGE][PASSED] - Object 'Object Repository/Web RoomMe.id/RoomMe.id Header/Button Community' is visible

2020-05-20 01:30:30 - [TEST_STEP][PASSED] - click(findTestObject("Web RoomMe.id/RoomMe.id Header/Button Community")): Object: 'Object Repository/Web RoomMe.id/RoomMe.id Header/Button Community' is clicked on

2020-05-20 01:30:34 - [MESSAGE][PASSED] - Object: 'Object Repository/Web RoomMe.id/RoomMe.id Header/Button Community' is clicked on

2020-05-20 01:30:34 - [TEST_STEP][PASSED] - waitForPageLoad(0): Wait for page load successfully

2020-05-20 01:30:34 - [MESSAGE][WARNING] - Timeout '0' is invalid. Using default page load timeout: '30'

2020-05-20 01:30:37 - [MESSAGE][PASSED] - Wait for page load successfully

2020-05-20 01:30:37 - [TEST_STEP][PASSED] - waitForElementVisible(findTestObject("Web RoomMe.id/Community Page/Welcome Video/Video Events RoomMe"), 0): Object 'Object Repository/Web RoomMe.id/Community Page/Welcome Video/Video Events RoomMe' is visible

2020-05-20 01:30:37 - [MESSAGE][WARNING] - Timeout '0' is invalid. Using default page load timeout: '30'

2020-05-20 01:30:38 - [MESSAGE][PASSED] - Object 'Object Repository/Web RoomMe.id/Community Page/Welcome Video/Video Events RoomMe' is visible

2020-05-20 01:30:38 - [TEST_STEP][PASSED] - waitForElementVisible(findTestObject("Web RoomMe.id/Community Page/Welcome Video/Text JOIN OUR COMMUNITY"), 0): Object 'Object Repository/Web RoomMe.id/Community Page/Welcome Video/Text JOIN OUR COMMUNITY' is visible

2020-05-20 01:30:38 - [MESSAGE][WARNING] - Timeout '0' is invalid. Using default page load timeout: '30'

2020-05-20 01:30:38 - [MESSAGE][PASSED] - Object 'Object Repository/Web RoomMe.id/Community Page/Welcome Video/Text JOIN OUR COMMUNITY' is visible

2020-05-20 01:30:38 - [TEST_STEP][PASSED] - waitForElementVisible(findTestObject("Web RoomMe.id/Community Page/Welcome Video/Text And enjoy the benefits and features"), 0): Object 'Object Repository/Web RoomMe.id/Community Page/Welcome Video/Text And enjoy the benefits and features' is visible

2020-05-20 01:30:38 - [MESSAGE][WARNING] - Timeout '0' is invalid. Using default page load timeout: '30'

2020-05-20 01:30:38 - [MESSAGE][PASSED] - Object 'Object Repository/Web RoomMe.id/Community Page/Welcome Video/Text And enjoy the benefits and features' is visible

2020-05-20 01:30:38 - [TEST_STEP][PASSED] - waitForElementVisible(findTestObject("Web RoomMe.id/Community Page/Welcome Video/Button Continue on the Form Registration"), 0): Object 'Object Repository/Web RoomMe.id/Community Page/Welcome Video/Button Continue on the Form Registration' is visible

2020-05-20 01:30:39 - [MESSAGE][WARNING] - Timeout '0' is invalid. Using default page load timeout: '30'

2020-05-20 01:30:39 - [MESSAGE][PASSED] - Object 'Object Repository/Web RoomMe.id/Community Page/Welcome Video/Button Continue on the Form Registration' is visible

2020-05-20 01:30:39 - [TEST_STEP][PASSED] - click(findTestObject("Web RoomMe.id/Community Page/Welcome Video/Button Continue on the Form Registration"), STOP_ON_FAILURE): Object: 'Object Repository/Web RoomMe.id/Community Page/Welcome Video/Button Continue on the Form Registration' is clicked on

2020-05-20 01:30:39 - [MESSAGE][PASSED] - Object: 'Object Repository/Web RoomMe.id/Community Page/Welcome Video/Button Continue on the Form Registration' is clicked on

2020-05-20 01:30:39 - [TEST_STEP][PASSED] - callTestCase(findTestCase("Web RoomMe.id/20. Community Registration/1. Verify Registration Form"), [:], STOP_ON_FAILURE): Call Test Case 'Test Cases/Web RoomMe.id/20. Community Registration/1. Verify Registration Form' successfully

2020-05-20 01:30:40 - [TEST_CASE][PASSED] - Test Cases/Web RoomMe.id/20. Community Registration/1. Verify Registration Form: Test Cases/Web RoomMe.id/20. Community Registration/1. Verify Registration Form

2020-05-20 01:30:40 - [TEST_STEP][PASSED] - objectSubFolder = "Web RoomMe.id\Community Page\Community Registration\": null

2020-05-20 01:30:40 - [TEST_STEP][PASSED] - pathToObjRep = getProjectDir() + "\Object Repository\" + objectSubFolder: null

2020-05-20 01:30:40 - [TEST_STEP][PASSED] - yourObjects = new java.io.File(pathToObjRep): null

2020-05-20 01:30:40 - [TEST_STEP][PASSED] - fileNames = yourObjects.list(): null

2020-05-20 01:30:40 - [TEST_STEP][PASSED] - testObjects = new java.util.ArrayList(): null

2020-05-20 01:30:40 - [TEST_STEP][PASSED] - for ([i = 0, i < length, (i++)]): null

2020-05-20 01:30:40 - [TEST_STEP][PASSED] - if (fileNames[i].contains(".rs")): null

2020-05-20 01:30:40 - [TEST_STEP][PASSED] - if (fileNames[i].contains(".rs")): null

2020-05-20 01:30:40 - [TEST_STEP][PASSED] - fileNames[i] = fileNames[i].replace(".rs", ""): null

2020-05-20 01:30:40 - [TEST_STEP][PASSED] - testObjects.add(objectSubFolder + fileNames[i]): null

2020-05-20 01:30:40 - [TEST_STEP][PASSED] - if (fileNames[i].contains(".rs")): null

2020-05-20 01:30:40 - [TEST_STEP][PASSED] - fileNames[i] = fileNames[i].replace(".rs", ""): null

2020-05-20 01:30:40 - [TEST_STEP][PASSED] - testObjects.add(objectSubFolder + fileNames[i]): null

2020-05-20 01:30:40 - [TEST_STEP][PASSED] - if (fileNames[i].contains(".rs")): null

2020-05-20 01:30:40 - [TEST_STEP][PASSED] - fileNames[i] = fileNames[i].replace(".rs", ""): null

2020-05-20 01:30:40 - [TEST_STEP][PASSED] - testObjects.add(objectSubFolder + fileNames[i]): null

2020-05-20 01:30:40 - [TEST_STEP][PASSED] - if (fileNames[i].contains(".rs")): null

2020-05-20 01:30:40 - [TEST_STEP][PASSED] - if (fileNames[i].contains(".rs")): null

2020-05-20 01:30:40 - [TEST_STEP][PASSED] - fileNames[i] = fileNames[i].replace(".rs", ""): null

2020-05-20 01:30:40 - [TEST_STEP][PASSED] - testObjects.add(objectSubFolder + fileNames[i]): null

2020-05-20 01:30:40 - [TEST_STEP][PASSED] - if (fileNames[i].contains(".rs")): null

2020-05-20 01:30:40 - [TEST_STEP][PASSED] - fileNames[i] = fileNames[i].replace(".rs", ""): null

2020-05-20 01:30:40 - [TEST_STEP][PASSED] - testObjects.add(objectSubFolder + fileNames[i]): null

2020-05-20 01:30:40 - [TEST_STEP][PASSED] - if (fileNames[i].contains(".rs")): null

2020-05-20 01:30:40 - [TEST_STEP][PASSED] - fileNames[i] = fileNames[i].replace(".rs", ""): null

2020-05-20 01:30:40 - [TEST_STEP][PASSED] - testObjects.add(objectSubFolder + fileNames[i]): null

2020-05-20 01:30:40 - [TEST_STEP][PASSED] - if (fileNames[i].contains(".rs")): null

2020-05-20 01:30:40 - [TEST_STEP][PASSED] - if (fileNames[i].contains(".rs")): null

2020-05-20 01:30:40 - [TEST_STEP][PASSED] - fileNames[i] = fileNames[i].replace(".rs", ""): null

2020-05-20 01:30:40 - [TEST_STEP][PASSED] - testObjects.add(objectSubFolder + fileNames[i]): null

2020-05-20 01:30:40 - [TEST_STEP][PASSED] - if (fileNames[i].contains(".rs")): null

2020-05-20 01:30:40 - [TEST_STEP][PASSED] - fileNames[i] = fileNames[i].replace(".rs", ""): null

2020-05-20 01:30:40 - [TEST_STEP][PASSED] - testObjects.add(objectSubFolder + fileNames[i]): null

2020-05-20 01:30:40 - [TEST_STEP][PASSED] - if (fileNames[i].contains(".rs")): null

2020-05-20 01:30:40 - [TEST_STEP][PASSED] - fileNames[i] = fileNames[i].replace(".rs", ""): null

2020-05-20 01:30:40 - [TEST_STEP][PASSED] - testObjects.add(objectSubFolder + fileNames[i]): null

2020-05-20 01:30:40 - [TEST_STEP][PASSED] - if (fileNames[i].contains(".rs")): null

2020-05-20 01:30:40 - [TEST_STEP][PASSED] - fileNames[i] = fileNames[i].replace(".rs", ""): null

2020-05-20 01:30:40 - [TEST_STEP][PASSED] - testObjects.add(objectSubFolder + fileNames[i]): null

2020-05-20 01:30:40 - [TEST_STEP][PASSED] - if (fileNames[i].contains(".rs")): null

2020-05-20 01:30:40 - [TEST_STEP][PASSED] - fileNames[i] = fileNames[i].replace(".rs", ""): null

2020-05-20 01:30:40 - [TEST_STEP][PASSED] - testObjects.add(objectSubFolder + fileNames[i]): null

2020-05-20 01:30:40 - [TEST_STEP][PASSED] - if (fileNames[i].contains(".rs")): null

2020-05-20 01:30:40 - [TEST_STEP][PASSED] - fileNames[i] = fileNames[i].replace(".rs", ""): null

2020-05-20 01:30:40 - [TEST_STEP][PASSED] - testObjects.add(objectSubFolder + fileNames[i]): null

2020-05-20 01:30:40 - [TEST_STEP][PASSED] - if (fileNames[i].contains(".rs")): null

2020-05-20 01:30:40 - [TEST_STEP][PASSED] - fileNames[i] = fileNames[i].replace(".rs", ""): null

2020-05-20 01:30:40 - [TEST_STEP][PASSED] - testObjects.add(objectSubFolder + fileNames[i]): null

2020-05-20 01:30:40 - [TEST_STEP][PASSED] - if (fileNames[i].contains(".rs")): null

2020-05-20 01:30:40 - [TEST_STEP][PASSED] - fileNames[i] = fileNames[i].replace(".rs", ""): null

2020-05-20 01:30:40 - [TEST_STEP][PASSED] - testObjects.add(objectSubFolder + fileNames[i]): null

2020-05-20 01:30:40 - [TEST_STEP][PASSED] - if (fileNames[i].contains(".rs")): null

2020-05-20 01:30:40 - [TEST_STEP][PASSED] - fileNames[i] = fileNames[i].replace(".rs", ""): null

2020-05-20 01:30:40 - [TEST_STEP][PASSED] - testObjects.add(objectSubFolder + fileNames[i]): null

2020-05-20 01:30:40 - [TEST_STEP][PASSED] - if (fileNames[i].contains(".rs")): null

2020-05-20 01:30:40 - [TEST_STEP][PASSED] - fileNames[i] = fileNames[i].replace(".rs", ""): null

2020-05-20 01:30:40 - [TEST_STEP][PASSED] - testObjects.add(objectSubFolder + fileNames[i]): null

2020-05-20 01:30:40 - [TEST_STEP][PASSED] - if (fileNames[i].contains(".rs")): null

2020-05-20 01:30:40 - [TEST_STEP][PASSED] - fileNames[i] = fileNames[i].replace(".rs", ""): null

2020-05-20 01:30:40 - [TEST_STEP][PASSED] - testObjects.add(objectSubFolder + fileNames[i]): null

2020-05-20 01:30:40 - [TEST_STEP][PASSED] - for (String obj : testObjects): Object 'Object Repository/Web RoomMe.id\Community Page\Community Registration\Textfield Mobile Number' is visible

2020-05-20 01:30:40 - [TEST_STEP][PASSED] - verifyElementVisible(findTestObject(obj)): Object 'Object Repository/Web RoomMe.id\Community Page\Community Registration\Button Submit' is visible

2020-05-20 01:30:41 - [MESSAGE][PASSED] - Object 'Object Repository/Web RoomMe.id\Community Page\Community Registration\Button Submit' is visible

2020-05-20 01:30:41 - [TEST_STEP][PASSED] - verifyElementVisible(findTestObject(obj)): Object 'Object Repository/Web RoomMe.id\Community Page\Community Registration\Dropdown Interest Default' is visible

2020-05-20 01:30:41 - [MESSAGE][PASSED] - Object 'Object Repository/Web RoomMe.id\Community Page\Community Registration\Dropdown Interest Default' is visible

2020-05-20 01:30:41 - [TEST_STEP][PASSED] - verifyElementVisible(findTestObject(obj)): Object 'Object Repository/Web RoomMe.id\Community Page\Community Registration\Dropdown Interest' is visible

2020-05-20 01:30:42 - [MESSAGE][PASSED] - Object 'Object Repository/Web RoomMe.id\Community Page\Community Registration\Dropdown Interest' is visible

2020-05-20 01:30:42 - [TEST_STEP][PASSED] - verifyElementVisible(findTestObject(obj)): Object 'Object Repository/Web RoomMe.id\Community Page\Community Registration\Image 2020 RoomMe All Right Reserved' is visible

2020-05-20 01:30:42 - [MESSAGE][PASSED] - Object 'Object Repository/Web RoomMe.id\Community Page\Community Registration\Image 2020 RoomMe All Right Reserved' is visible

2020-05-20 01:30:42 - [TEST_STEP][PASSED] - verifyElementVisible(findTestObject(obj)): Object 'Object Repository/Web RoomMe.id\Community Page\Community Registration\RadioButton Female' is visible

2020-05-20 01:30:43 - [MESSAGE][PASSED] - Object 'Object Repository/Web RoomMe.id\Community Page\Community Registration\RadioButton Female' is visible

2020-05-20 01:30:43 - [TEST_STEP][PASSED] - verifyElementVisible(findTestObject(obj)): Object 'Object Repository/Web RoomMe.id\Community Page\Community Registration\RadioButton Male' is visible

2020-05-20 01:30:43 - [MESSAGE][PASSED] - Object 'Object Repository/Web RoomMe.id\Community Page\Community Registration\RadioButton Male' is visible

2020-05-20 01:30:43 - [TEST_STEP][PASSED] - verifyElementVisible(findTestObject(obj)): Object 'Object Repository/Web RoomMe.id\Community Page\Community Registration\Text Birthdate' is visible

2020-05-20 01:30:44 - [MESSAGE][PASSED] - Object 'Object Repository/Web RoomMe.id\Community Page\Community Registration\Text Birthdate' is visible

2020-05-20 01:30:44 - [TEST_STEP][PASSED] - verifyElementVisible(findTestObject(obj)): Object 'Object Repository/Web RoomMe.id\Community Page\Community Registration\Text Community Registration' is visible

2020-05-20 01:30:45 - [MESSAGE][PASSED] - Object 'Object Repository/Web RoomMe.id\Community Page\Community Registration\Text Community Registration' is visible

2020-05-20 01:30:45 - [TEST_STEP][PASSED] - verifyElementVisible(findTestObject(obj)): Object 'Object Repository/Web RoomMe.id\Community Page\Community Registration\Text Email Address' is visible

2020-05-20 01:30:45 - [MESSAGE][PASSED] - Object 'Object Repository/Web RoomMe.id\Community Page\Community Registration\Text Email Address' is visible

2020-05-20 01:30:45 - [TEST_STEP][PASSED] - verifyElementVisible(findTestObject(obj)): Object 'Object Repository/Web RoomMe.id\Community Page\Community Registration\Text Full Name' is visible

2020-05-20 01:30:46 - [MESSAGE][PASSED] - Object 'Object Repository/Web RoomMe.id\Community Page\Community Registration\Text Full Name' is visible

2020-05-20 01:30:46 - [TEST_STEP][PASSED] - verifyElementVisible(findTestObject(obj)): Object 'Object Repository/Web RoomMe.id\Community Page\Community Registration\Text Gender' is visible

2020-05-20 01:30:46 - [MESSAGE][PASSED] - Object 'Object Repository/Web RoomMe.id\Community Page\Community Registration\Text Gender' is visible

2020-05-20 01:30:46 - [TEST_STEP][PASSED] - verifyElementVisible(findTestObject(obj)): Object 'Object Repository/Web RoomMe.id\Community Page\Community Registration\Text Interest' is visible

2020-05-20 01:30:46 - [MESSAGE][PASSED] - Object 'Object Repository/Web RoomMe.id\Community Page\Community Registration\Text Interest' is visible

2020-05-20 01:30:46 - [TEST_STEP][PASSED] - verifyElementVisible(findTestObject(obj)): Object 'Object Repository/Web RoomMe.id\Community Page\Community Registration\Text Mobile Number' is visible

2020-05-20 01:30:47 - [MESSAGE][PASSED] - Object 'Object Repository/Web RoomMe.id\Community Page\Community Registration\Text Mobile Number' is visible

2020-05-20 01:30:47 - [TEST_STEP][PASSED] - verifyElementVisible(findTestObject(obj)): Object 'Object Repository/Web RoomMe.id\Community Page\Community Registration\Text The minimum age allowed is 17 years' is visible

2020-05-20 01:30:47 - [MESSAGE][PASSED] - Object 'Object Repository/Web RoomMe.id\Community Page\Community Registration\Text The minimum age allowed is 17 years' is visible

2020-05-20 01:30:47 - [TEST_STEP][PASSED] - verifyElementVisible(findTestObject(obj)): Object 'Object Repository/Web RoomMe.id\Community Page\Community Registration\Textfield Email Address' is visible

2020-05-20 01:30:48 - [MESSAGE][PASSED] - Object 'Object Repository/Web RoomMe.id\Community Page\Community Registration\Textfield Email Address' is visible

2020-05-20 01:30:48 - [TEST_STEP][PASSED] - verifyElementVisible(findTestObject(obj)): Object 'Object Repository/Web RoomMe.id\Community Page\Community Registration\Textfield Full Name' is visible

2020-05-20 01:30:48 - [MESSAGE][PASSED] - Object 'Object Repository/Web RoomMe.id\Community Page\Community Registration\Textfield Full Name' is visible

2020-05-20 01:30:48 - [TEST_STEP][PASSED] - verifyElementVisible(findTestObject(obj)): Object 'Object Repository/Web RoomMe.id\Community Page\Community Registration\Textfield Mobile Number' is visible

2020-05-20 01:30:48 - [MESSAGE][PASSED] - Object 'Object Repository/Web RoomMe.id\Community Page\Community Registration\Textfield Mobile Number' is visible

2020-05-20 01:30:48 - [MESSAGE][PASSED] - Call Test Case 'Test Cases/Web RoomMe.id/20. Community Registration/1. Verify Registration Form' successfully

2020-05-20 01:30:48 - [TEST_STEP][PASSED] - waitForElementVisible(findTestObject("Web RoomMe.id/Community Page/Community Registration/Textfield Full Name"), 0): Object 'Object Repository/Web RoomMe.id/Community Page/Community Registration/Textfield Full Name' is visible

2020-05-20 01:30:48 - [MESSAGE][WARNING] - Timeout '0' is invalid. Using default page load timeout: '30'

2020-05-20 01:30:49 - [MESSAGE][PASSED] - Object 'Object Repository/Web RoomMe.id/Community Page/Community Registration/Textfield Full Name' is visible

2020-05-20 01:30:49 - [TEST_STEP][PASSED] - sendKeys(findTestObject("Web RoomMe.id/Community Page/Community Registration/Textfield Full Name"), "Faldi AT"): Keys 'Faldi AT' sent to object: 'Object Repository/Web RoomMe.id/Community Page/Community Registration/Textfield Full Name'

2020-05-20 01:30:49 - [MESSAGE][PASSED] - Keys 'Faldi AT' sent to object: 'Object Repository/Web RoomMe.id/Community Page/Community Registration/Textfield Full Name'

2020-05-20 01:30:49 - [TEST_STEP][PASSED] - click(findTestObject("Web RoomMe.id/Community Page/Community Registration/RadioButton Male")): Object: 'Object Repository/Web RoomMe.id/Community Page/Community Registration/RadioButton Male' is clicked on

2020-05-20 01:30:50 - [MESSAGE][PASSED] - Object: 'Object Repository/Web RoomMe.id/Community Page/Community Registration/RadioButton Male' is clicked on

2020-05-20 01:30:50 - [TEST_STEP][PASSED] - click(findTestObject("Web RoomMe.id/Community Page/Community Registration/Birthdate Datepicker/Datepicker Birthdate_date (1)")): Object: 'Object Repository/Web RoomMe.id/Community Page/Community Registration/Birthdate Datepicker/Datepicker Birthdate_date (1)' is clicked on

2020-05-20 01:30:50 - [MESSAGE][PASSED] - Object: 'Object Repository/Web RoomMe.id/Community Page/Community Registration/Birthdate Datepicker/Datepicker Birthdate_date (1)' is clicked on

2020-05-20 01:30:50 - [TEST_STEP][PASSED] - click(findTestObject("Web RoomMe.id/Community Page/Community Registration/Birthdate Datepicker/Button Day 1")): Object: 'Object Repository/Web RoomMe.id/Community Page/Community Registration/Birthdate Datepicker/Button Day 1' is clicked on

2020-05-20 01:30:51 - [MESSAGE][PASSED] - Object: 'Object Repository/Web RoomMe.id/Community Page/Community Registration/Birthdate Datepicker/Button Day 1' is clicked on

2020-05-20 01:30:51 - [TEST_STEP][PASSED] - sendKeys(findTestObject("Web RoomMe.id/Community Page/Community Registration/Textfield Mobile Number"), "081234567890"): Keys '081234567890' sent to object: 'Object Repository/Web RoomMe.id/Community Page/Community Registration/Textfield Mobile Number'

2020-05-20 01:30:52 - [MESSAGE][PASSED] - Keys '081234567890' sent to object: 'Object Repository/Web RoomMe.id/Community Page/Community Registration/Textfield Mobile Number'

2020-05-20 01:30:52 - [TEST_STEP][PASSED] - sendKeys(findTestObject("Web RoomMe.id/Community Page/Community Registration/Textfield Email Address"), "faldiat" + RandomStringUtils.randomNumeric(5)): Keys 'faldiat16566' sent to object: 'Object Repository/Web RoomMe.id/Community Page/Community Registration/Textfield Email Address'

2020-05-20 01:30:53 - [MESSAGE][PASSED] - Keys 'faldiat16566' sent to object: 'Object Repository/Web RoomMe.id/Community Page/Community Registration/Textfield Email Address'

2020-05-20 01:30:53 - [TEST_STEP][PASSED] - sendKeys(findTestObject("Web RoomMe.id/Community Page/Community Registration/Textfield Email Address"), "@gmail.com"): Keys '@gmail.com' sent to object: 'Object Repository/Web RoomMe.id/Community Page/Community Registration/Textfield Email Address'

2020-05-20 01:30:53 - [MESSAGE][PASSED] - Keys '@gmail.com' sent to object: 'Object Repository/Web RoomMe.id/Community Page/Community Registration/Textfield Email Address'

2020-05-20 01:30:53 - [TEST_STEP][PASSED] - selectOptionByIndex(findTestObject("Web RoomMe.id/Community Page/Community Registration/Dropdown Interest"), "4"): All options with index in [4] are selected on object 'Object Repository/Web RoomMe.id/Community Page/Community Registration/Dropdown Interest'

2020-05-20 01:30:55 - [MESSAGE][PASSED] - All options with index in [4] are selected on object 'Object Repository/Web RoomMe.id/Community Page/Community Registration/Dropdown Interest'

2020-05-20 01:30:55 - [TEST_STEP][PASSED] - click(findTestObject("Web RoomMe.id/Community Page/Community Registration/Button Submit")): Object: 'Object Repository/Web RoomMe.id/Community Page/Community Registration/Button Submit' is clicked on

2020-05-20 01:30:55 - [MESSAGE][PASSED] - Object: 'Object Repository/Web RoomMe.id/Community Page/Community Registration/Button Submit' is clicked on

2020-05-20 01:30:55 - [TEST_STEP][PASSED] - waitForElementVisible(findTestObject("Web RoomMe.id/Community Page/Community Registration/Success Message/Button Close"), 0): Object 'Object Repository/Web RoomMe.id/Community Page/Community Registration/Success Message/Button Close' is visible

2020-05-20 01:30:55 - [MESSAGE][WARNING] - Timeout '0' is invalid. Using default page load timeout: '30'

2020-05-20 01:30:56 - [MESSAGE][PASSED] - Object 'Object Repository/Web RoomMe.id/Community Page/Community Registration/Success Message/Button Close' is visible

2020-05-20 01:30:56 - [TEST_STEP][PASSED] - waitForElementVisible(findTestObject("Web RoomMe.id/Community Page/Community Registration/Success Message/Image Success"), 0): Object 'Object Repository/Web RoomMe.id/Community Page/Community Registration/Success Message/Image Success' is visible

2020-05-20 01:30:56 - [MESSAGE][WARNING] - Timeout '0' is invalid. Using default page load timeout: '30'

2020-05-20 01:30:57 - [MESSAGE][PASSED] - Object 'Object Repository/Web RoomMe.id/Community Page/Community Registration/Success Message/Image Success' is visible

2020-05-20 01:30:57 - [TEST_STEP][PASSED] - waitForElementVisible(findTestObject("Web RoomMe.id/Community Page/Community Registration/Success Message/Text Well done Welcome to our community and we will contact you through email"), 0): Object 'Object Repository/Web RoomMe.id/Community Page/Community Registration/Success Message/Text Well done Welcome to our community and we will contact you through email' is visible

2020-05-20 01:30:57 - [MESSAGE][WARNING] - Timeout '0' is invalid. Using default page load timeout: '30'

2020-05-20 01:30:57 - [MESSAGE][PASSED] - Object 'Object Repository/Web RoomMe.id/Community Page/Community Registration/Success Message/Text Well done Welcome to our community and we will contact you through email' is visible

2020-05-20 01:30:57 - [TEST_STEP][PASSED] - waitForElementVisible(findTestObject("Web RoomMe.id/Community Page/Community Registration/Success Message/Text Community Registration Successfull"), 0): Object 'Object Repository/Web RoomMe.id/Community Page/Community Registration/Success Message/Text Community Registration Successfull' is visible

2020-05-20 01:30:57 - [MESSAGE][WARNING] - Timeout '0' is invalid. Using default page load timeout: '30'

2020-05-20 01:30:57 - [MESSAGE][PASSED] - Object 'Object Repository/Web RoomMe.id/Community Page/Community Registration/Success Message/Text Community Registration Successfull' is visible]]></system-out>
         <system-err><![CDATA[]]></system-err>
      </testcase>
      <testcase name="Test Cases/Web RoomMe.id/20. Community Registration/3. Customer Register with Blank Data" time="161.413" classname="Test Cases/Web RoomMe.id/20. Community Registration/3. Customer Register with Blank Data" status="FAILED">
         <failure type="FAILED" message="Test Cases/Web RoomMe.id/20. Community Registration/3. Customer Register with Blank Data FAILED.
Reason:
com.kms.katalon.core.exception.StepFailedException: Unable to click on object 'Object Repository/Web RoomMe.id/Community Page/Welcome Video/Button Continue on the Form Registration'
	at com.kms.katalon.core.webui.keyword.internal.WebUIKeywordMain.stepFailed(WebUIKeywordMain.groovy:64)
	at com.kms.katalon.core.webui.keyword.internal.WebUIKeywordMain.runKeyword(WebUIKeywordMain.groovy:26)
	at com.kms.katalon.core.webui.keyword.builtin.ClickKeyword.click(ClickKeyword.groovy:103)
	at com.kms.katalon.core.webui.keyword.builtin.ClickKeyword.execute(ClickKeyword.groovy:43)
	at com.kms.katalon.core.keyword.internal.KeywordExecutor.executeKeywordForPlatform(KeywordExecutor.groovy:60)
	at com.kms.katalon.core.webui.keyword.WebUiBuiltInKeywords.click(WebUiBuiltInKeywords.groovy:616)
	at com.kms.katalon.core.webui.keyword.WebUiBuiltInKeywords$click$4.call(Unknown Source)
	at 3. Customer Register with Blank Data.run(3. Customer Register with Blank Data:23)
	at com.kms.katalon.core.main.ScriptEngine.run(ScriptEngine.java:194)
	at com.kms.katalon.core.main.ScriptEngine.runScriptAsRawText(ScriptEngine.java:119)
	at com.kms.katalon.core.main.TestCaseExecutor.runScript(TestCaseExecutor.java:337)
	at com.kms.katalon.core.main.TestCaseExecutor.doExecute(TestCaseExecutor.java:328)
	at com.kms.katalon.core.main.TestCaseExecutor.processExecutionPhase(TestCaseExecutor.java:307)
	at com.kms.katalon.core.main.TestCaseExecutor.accessMainPhase(TestCaseExecutor.java:299)
	at com.kms.katalon.core.main.TestCaseExecutor.execute(TestCaseExecutor.java:233)
	at com.kms.katalon.core.main.TestSuiteExecutor.accessTestCaseMainPhase(TestSuiteExecutor.java:169)
	at com.kms.katalon.core.main.TestSuiteExecutor.accessTestSuiteMainPhase(TestSuiteExecutor.java:142)
	at com.kms.katalon.core.main.TestSuiteExecutor.execute(TestSuiteExecutor.java:91)
	at com.kms.katalon.core.main.TestCaseMain.startTestSuite(TestCaseMain.java:157)
	at com.kms.katalon.core.main.TestCaseMain$startTestSuite$0.call(Unknown Source)
	at TempTestSuite1589912870282.run(TempTestSuite1589912870282.groovy:36)
Caused by: com.kms.katalon.core.webui.exception.WebElementNotFoundException: Web element with id: 'Object Repository/Web RoomMe.id/Community Page/Welcome Video/Button Continue on the Form Registration' located by 'By.xpath: (//button[@type='button'])[6]' not found
	at com.kms.katalon.core.webui.common.WebUiCommonHelper.findWebElement(WebUiCommonHelper.java:1113)
	at com.kms.katalon.core.webui.keyword.internal.WebUIAbstractKeyword.findWebElement(WebUIAbstractKeyword.groovy:27)
	at com.kms.katalon.core.webui.keyword.internal.WebUIAbstractKeyword.findWebElement(WebUIAbstractKeyword.groovy:26)
	at com.kms.katalon.core.webui.keyword.builtin.ClickKeyword$_click_closure1.doCall(ClickKeyword.groovy:68)
	at com.kms.katalon.core.webui.keyword.builtin.ClickKeyword$_click_closure1.call(ClickKeyword.groovy)
	at com.kms.katalon.core.webui.keyword.internal.WebUIKeywordMain.runKeyword(WebUIKeywordMain.groovy:20)
	... 19 more
"/>
         <system-out><![CDATA[2020-05-20 01:30:57 - [TEST_CASE][FAILED] - Test Cases/Web RoomMe.id/20. Community Registration/3. Customer Register with Blank Data: Test Cases/Web RoomMe.id/20. Community Registration/3. Customer Register with Blank Data FAILED.
Reason:
com.kms.katalon.core.exception.StepFailedException: Unable to click on object 'Object Repository/Web RoomMe.id/Community Page/Welcome Video/Button Continue on the Form Registration'
	at com.kms.katalon.core.webui.keyword.internal.WebUIKeywordMain.stepFailed(WebUIKeywordMain.groovy:64)
	at com.kms.katalon.core.webui.keyword.internal.WebUIKeywordMain.runKeyword(WebUIKeywordMain.groovy:26)
	at com.kms.katalon.core.webui.keyword.builtin.ClickKeyword.click(ClickKeyword.groovy:103)
	at com.kms.katalon.core.webui.keyword.builtin.ClickKeyword.execute(ClickKeyword.groovy:43)
	at com.kms.katalon.core.keyword.internal.KeywordExecutor.executeKeywordForPlatform(KeywordExecutor.groovy:60)
	at com.kms.katalon.core.webui.keyword.WebUiBuiltInKeywords.click(WebUiBuiltInKeywords.groovy:616)
	at com.kms.katalon.core.webui.keyword.WebUiBuiltInKeywords$click$4.call(Unknown Source)
	at 3. Customer Register with Blank Data.run(3. Customer Register with Blank Data:23)
	at com.kms.katalon.core.main.ScriptEngine.run(ScriptEngine.java:194)
	at com.kms.katalon.core.main.ScriptEngine.runScriptAsRawText(ScriptEngine.java:119)
	at com.kms.katalon.core.main.TestCaseExecutor.runScript(TestCaseExecutor.java:337)
	at com.kms.katalon.core.main.TestCaseExecutor.doExecute(TestCaseExecutor.java:328)
	at com.kms.katalon.core.main.TestCaseExecutor.processExecutionPhase(TestCaseExecutor.java:307)
	at com.kms.katalon.core.main.TestCaseExecutor.accessMainPhase(TestCaseExecutor.java:299)
	at com.kms.katalon.core.main.TestCaseExecutor.execute(TestCaseExecutor.java:233)
	at com.kms.katalon.core.main.TestSuiteExecutor.accessTestCaseMainPhase(TestSuiteExecutor.java:169)
	at com.kms.katalon.core.main.TestSuiteExecutor.accessTestSuiteMainPhase(TestSuiteExecutor.java:142)
	at com.kms.katalon.core.main.TestSuiteExecutor.execute(TestSuiteExecutor.java:91)
	at com.kms.katalon.core.main.TestCaseMain.startTestSuite(TestCaseMain.java:157)
	at com.kms.katalon.core.main.TestCaseMain$startTestSuite$0.call(Unknown Source)
	at TempTestSuite1589912870282.run(TempTestSuite1589912870282.groovy:36)
Caused by: com.kms.katalon.core.webui.exception.WebElementNotFoundException: Web element with id: 'Object Repository/Web RoomMe.id/Community Page/Welcome Video/Button Continue on the Form Registration' located by 'By.xpath: (//button[@type='button'])[6]' not found
	at com.kms.katalon.core.webui.common.WebUiCommonHelper.findWebElement(WebUiCommonHelper.java:1113)
	at com.kms.katalon.core.webui.keyword.internal.WebUIAbstractKeyword.findWebElement(WebUIAbstractKeyword.groovy:27)
	at com.kms.katalon.core.webui.keyword.internal.WebUIAbstractKeyword.findWebElement(WebUIAbstractKeyword.groovy:26)
	at com.kms.katalon.core.webui.keyword.builtin.ClickKeyword$_click_closure1.doCall(ClickKeyword.groovy:68)
	at com.kms.katalon.core.webui.keyword.builtin.ClickKeyword$_click_closure1.call(ClickKeyword.groovy)
	at com.kms.katalon.core.webui.keyword.internal.WebUIKeywordMain.runKeyword(WebUIKeywordMain.groovy:20)
	... 19 more


2020-05-20 01:30:58 - [TEST_STEP][PASSED] - callTestCase(findTestCase("Web RoomMe.id/6. Community/Customer Access Community Page"), [:], STOP_ON_FAILURE): Call Test Case 'Test Cases/Web RoomMe.id/6. Community/Customer Access Community Page' successfully

2020-05-20 01:30:58 - [TEST_CASE][PASSED] - Test Cases/Web RoomMe.id/6. Community/Customer Access Community Page: Test Cases/Web RoomMe.id/6. Community/Customer Access Community Page

2020-05-20 01:30:58 - [TEST_STEP][PASSED] - callTestCase(findTestCase("Web RoomMe.id/1. Homepage/1. Customer Access RoomMe Page"), [:], STOP_ON_FAILURE): Call Test Case 'Test Cases/Web RoomMe.id/1. Homepage/1. Customer Access RoomMe Page' successfully

2020-05-20 01:30:58 - [TEST_CASE][PASSED] - Test Cases/Web RoomMe.id/1. Homepage/1. Customer Access RoomMe Page: Test Cases/Web RoomMe.id/1. Homepage/1. Customer Access RoomMe Page

2020-05-20 01:30:58 - [TEST_STEP][PASSED] - openBrowser("https://web.roomme.id/"): Browser is opened with url: 'https://web.roomme.id/'

2020-05-20 01:30:58 - [MESSAGE][WARNING] - A browser is already opened. Closing browser and opening a new one

2020-05-20 01:30:59 - [MESSAGE][INFO] - Starting 'Chrome' driver

2020-05-20 01:31:04 - [MESSAGE][PASSED] - Browser is opened with url: 'https://web.roomme.id/'

2020-05-20 01:31:04 - [TEST_STEP][PASSED] - maximizeWindow(): Current window maximized

2020-05-20 01:31:06 - [MESSAGE][PASSED] - Current window maximized

2020-05-20 01:31:06 - [TEST_STEP][PASSED] - waitForPageLoad(0): Wait for page load successfully

2020-05-20 01:31:06 - [MESSAGE][WARNING] - Timeout '0' is invalid. Using default page load timeout: '30'

2020-05-20 01:31:06 - [MESSAGE][PASSED] - Wait for page load successfully

2020-05-20 01:31:06 - [MESSAGE][PASSED] - Call Test Case 'Test Cases/Web RoomMe.id/1. Homepage/1. Customer Access RoomMe Page' successfully

2020-05-20 01:31:06 - [TEST_STEP][PASSED] - waitForElementVisible(findTestObject("Web RoomMe.id/RoomMe.id Header/Button Community"), 30): Object 'Object Repository/Web RoomMe.id/RoomMe.id Header/Button Community' is not visible after 30 second(s)

2020-05-20 01:31:37 - [MESSAGE][WARNING] - Object 'Object Repository/Web RoomMe.id/RoomMe.id Header/Button Community' is not visible after 30 second(s)

2020-05-20 01:31:37 - [TEST_STEP][PASSED] - click(findTestObject("Web RoomMe.id/RoomMe.id Header/Button Community")): Object: 'Object Repository/Web RoomMe.id/RoomMe.id Header/Button Community' is clicked on

2020-05-20 01:31:37 - [MESSAGE][ERROR] - javascript error: Failed to execute 'elementsFromPoint' on 'Document': The provided double value is non-finite.
  (Session info: chrome=81.0.4044.138)
Build info: version: '3.141.59', revision: 'e82be7d358', time: '2018-11-14T08:25:53'
System info: host: 'LENNONOVO', ip: '192.168.1.14', os.name: 'Windows 10', os.arch: 'amd64', os.version: '10.0', java.version: '1.8.0_181'
Driver info: com.kms.katalon.selenium.driver.CChromeDriver
Capabilities {acceptInsecureCerts: false, browserName: chrome, browserVersion: 81.0.4044.138, chrome: {chromedriverVersion: 81.0.4044.138 (8c6c7ba89cc9..., userDataDir: C:\Users\Faldi\AppData\Loca...}, goog:chromeOptions: {debuggerAddress: localhost:49284}, javascriptEnabled: true, networkConnectionEnabled: false, pageLoadStrategy: normal, platform: WINDOWS, platformName: WINDOWS, proxy: Proxy(), setWindowRect: true, strictFileInteractability: false, timeouts: {implicit: 0, pageLoad: 300000, script: 30000}, unhandledPromptBehavior: dismiss and notify, webauthn:virtualAuthenticators: true}
Session ID: 65f2c2322c9255742287f6d1291a0c8d

2020-05-20 01:32:08 - [MESSAGE][ERROR] - javascript error: Failed to execute 'elementsFromPoint' on 'Document': The provided double value is non-finite.
  (Session info: chrome=81.0.4044.138)
Build info: version: '3.141.59', revision: 'e82be7d358', time: '2018-11-14T08:25:53'
System info: host: 'LENNONOVO', ip: '192.168.1.14', os.name: 'Windows 10', os.arch: 'amd64', os.version: '10.0', java.version: '1.8.0_181'
Driver info: com.kms.katalon.selenium.driver.CChromeDriver
Capabilities {acceptInsecureCerts: false, browserName: chrome, browserVersion: 81.0.4044.138, chrome: {chromedriverVersion: 81.0.4044.138 (8c6c7ba89cc9..., userDataDir: C:\Users\Faldi\AppData\Loca...}, goog:chromeOptions: {debuggerAddress: localhost:49284}, javascriptEnabled: true, networkConnectionEnabled: false, pageLoadStrategy: normal, platform: WINDOWS, platformName: WINDOWS, proxy: Proxy(), setWindowRect: true, strictFileInteractability: false, timeouts: {implicit: 0, pageLoad: 300000, script: 30000}, unhandledPromptBehavior: dismiss and notify, webauthn:virtualAuthenticators: true}
Session ID: 65f2c2322c9255742287f6d1291a0c8d

2020-05-20 01:32:08 - [MESSAGE][PASSED] - Object: 'Object Repository/Web RoomMe.id/RoomMe.id Header/Button Community' is clicked on

2020-05-20 01:32:08 - [TEST_STEP][PASSED] - waitForPageLoad(0): Wait for page load successfully

2020-05-20 01:32:08 - [MESSAGE][WARNING] - Timeout '0' is invalid. Using default page load timeout: '30'

2020-05-20 01:32:08 - [MESSAGE][PASSED] - Wait for page load successfully

2020-05-20 01:32:08 - [MESSAGE][PASSED] - Call Test Case 'Test Cases/Web RoomMe.id/6. Community/Customer Access Community Page' successfully

2020-05-20 01:32:08 - [TEST_STEP][PASSED] - waitForElementVisible(findTestObject("Web RoomMe.id/Community Page/Welcome Video/Button Continue on the Form Registration"), 0): Web element with id: 'Object Repository/Web RoomMe.id/Community Page/Welcome Video/Button Continue on the Form Registration' located by 'By.xpath: (//button[@type='button'])[6]' not found

2020-05-20 01:32:08 - [MESSAGE][WARNING] - Timeout '0' is invalid. Using default page load timeout: '30'

2020-05-20 01:32:53 - [MESSAGE][INFO] - Unable to find the element located by 'By.xpath: (//button[@type='button'])[6]'. Please recheck the objects properties to make sure the desired element is located. 

2020-05-20 01:32:53 - [MESSAGE][WARNING] - Web element with id: 'Object Repository/Web RoomMe.id/Community Page/Welcome Video/Button Continue on the Form Registration' located by 'By.xpath: (//button[@type='button'])[6]' not found

2020-05-20 01:32:53 - [TEST_STEP][FAILED] - click(findTestObject("Web RoomMe.id/Community Page/Welcome Video/Button Continue on the Form Registration")): Unable to click on object 'Object Repository/Web RoomMe.id/Community Page/Welcome Video/Button Continue on the Form Registration' (Root cause: com.kms.katalon.core.exception.StepFailedException: Unable to click on object 'Object Repository/Web RoomMe.id/Community Page/Welcome Video/Button Continue on the Form Registration'
	at com.kms.katalon.core.webui.keyword.internal.WebUIKeywordMain.stepFailed(WebUIKeywordMain.groovy:64)
	at com.kms.katalon.core.webui.keyword.internal.WebUIKeywordMain.runKeyword(WebUIKeywordMain.groovy:26)
	at com.kms.katalon.core.webui.keyword.builtin.ClickKeyword.click(ClickKeyword.groovy:103)
	at com.kms.katalon.core.webui.keyword.builtin.ClickKeyword.execute(ClickKeyword.groovy:43)
	at com.kms.katalon.core.keyword.internal.KeywordExecutor.executeKeywordForPlatform(KeywordExecutor.groovy:60)
	at com.kms.katalon.core.webui.keyword.WebUiBuiltInKeywords.click(WebUiBuiltInKeywords.groovy:616)
	at com.kms.katalon.core.webui.keyword.WebUiBuiltInKeywords$click$4.call(Unknown Source)
	at 3. Customer Register with Blank Data.run(3. Customer Register with Blank Data:23)
	at com.kms.katalon.core.main.ScriptEngine.run(ScriptEngine.java:194)
	at com.kms.katalon.core.main.ScriptEngine.runScriptAsRawText(ScriptEngine.java:119)
	at com.kms.katalon.core.main.TestCaseExecutor.runScript(TestCaseExecutor.java:337)
	at com.kms.katalon.core.main.TestCaseExecutor.doExecute(TestCaseExecutor.java:328)
	at com.kms.katalon.core.main.TestCaseExecutor.processExecutionPhase(TestCaseExecutor.java:307)
	at com.kms.katalon.core.main.TestCaseExecutor.accessMainPhase(TestCaseExecutor.java:299)
	at com.kms.katalon.core.main.TestCaseExecutor.execute(TestCaseExecutor.java:233)
	at com.kms.katalon.core.main.TestSuiteExecutor.accessTestCaseMainPhase(TestSuiteExecutor.java:169)
	at com.kms.katalon.core.main.TestSuiteExecutor.accessTestSuiteMainPhase(TestSuiteExecutor.java:142)
	at com.kms.katalon.core.main.TestSuiteExecutor.execute(TestSuiteExecutor.java:91)
	at com.kms.katalon.core.main.TestCaseMain.startTestSuite(TestCaseMain.java:157)
	at com.kms.katalon.core.main.TestCaseMain$startTestSuite$0.call(Unknown Source)
	at TempTestSuite1589912870282.run(TempTestSuite1589912870282.groovy:36)
Caused by: com.kms.katalon.core.webui.exception.WebElementNotFoundException: Web element with id: 'Object Repository/Web RoomMe.id/Community Page/Welcome Video/Button Continue on the Form Registration' located by 'By.xpath: (//button[@type='button'])[6]' not found
	at com.kms.katalon.core.webui.common.WebUiCommonHelper.findWebElement(WebUiCommonHelper.java:1113)
	at com.kms.katalon.core.webui.keyword.internal.WebUIAbstractKeyword.findWebElement(WebUIAbstractKeyword.groovy:27)
	at com.kms.katalon.core.webui.keyword.internal.WebUIAbstractKeyword.findWebElement(WebUIAbstractKeyword.groovy:26)
	at com.kms.katalon.core.webui.keyword.builtin.ClickKeyword$_click_closure1.doCall(ClickKeyword.groovy:68)
	at com.kms.katalon.core.webui.keyword.builtin.ClickKeyword$_click_closure1.call(ClickKeyword.groovy)
	at com.kms.katalon.core.webui.keyword.internal.WebUIKeywordMain.runKeyword(WebUIKeywordMain.groovy:20)
	at com.kms.katalon.core.webui.keyword.builtin.ClickKeyword.click(ClickKeyword.groovy:103)
	at com.kms.katalon.core.webui.keyword.builtin.ClickKeyword.execute(ClickKeyword.groovy:43)
	at com.kms.katalon.core.keyword.internal.KeywordExecutor.executeKeywordForPlatform(KeywordExecutor.groovy:60)
	at com.kms.katalon.core.webui.keyword.WebUiBuiltInKeywords.click(WebUiBuiltInKeywords.groovy:616)
	at com.kms.katalon.core.webui.keyword.WebUiBuiltInKeywords$click$4.call(Unknown Source)
	at Script1589908073620.run(Script1589908073620.groovy:23)
	... 13 more
)

2020-05-20 01:33:38 - [MESSAGE][INFO] - Unable to find the element located by 'By.xpath: (//button[@type='button'])[6]'. Please recheck the objects properties to make sure the desired element is located. 

2020-05-20 01:33:39 - [MESSAGE][FAILED] - Unable to click on object 'Object Repository/Web RoomMe.id/Community Page/Welcome Video/Button Continue on the Form Registration' (Root cause: com.kms.katalon.core.exception.StepFailedException: Unable to click on object 'Object Repository/Web RoomMe.id/Community Page/Welcome Video/Button Continue on the Form Registration'
	at com.kms.katalon.core.webui.keyword.internal.WebUIKeywordMain.stepFailed(WebUIKeywordMain.groovy:64)
	at com.kms.katalon.core.webui.keyword.internal.WebUIKeywordMain.runKeyword(WebUIKeywordMain.groovy:26)
	at com.kms.katalon.core.webui.keyword.builtin.ClickKeyword.click(ClickKeyword.groovy:103)
	at com.kms.katalon.core.webui.keyword.builtin.ClickKeyword.execute(ClickKeyword.groovy:43)
	at com.kms.katalon.core.keyword.internal.KeywordExecutor.executeKeywordForPlatform(KeywordExecutor.groovy:60)
	at com.kms.katalon.core.webui.keyword.WebUiBuiltInKeywords.click(WebUiBuiltInKeywords.groovy:616)
	at com.kms.katalon.core.webui.keyword.WebUiBuiltInKeywords$click$4.call(Unknown Source)
	at 3. Customer Register with Blank Data.run(3. Customer Register with Blank Data:23)
	at com.kms.katalon.core.main.ScriptEngine.run(ScriptEngine.java:194)
	at com.kms.katalon.core.main.ScriptEngine.runScriptAsRawText(ScriptEngine.java:119)
	at com.kms.katalon.core.main.TestCaseExecutor.runScript(TestCaseExecutor.java:337)
	at com.kms.katalon.core.main.TestCaseExecutor.doExecute(TestCaseExecutor.java:328)
	at com.kms.katalon.core.main.TestCaseExecutor.processExecutionPhase(TestCaseExecutor.java:307)
	at com.kms.katalon.core.main.TestCaseExecutor.accessMainPhase(TestCaseExecutor.java:299)
	at com.kms.katalon.core.main.TestCaseExecutor.execute(TestCaseExecutor.java:233)
	at com.kms.katalon.core.main.TestSuiteExecutor.accessTestCaseMainPhase(TestSuiteExecutor.java:169)
	at com.kms.katalon.core.main.TestSuiteExecutor.accessTestSuiteMainPhase(TestSuiteExecutor.java:142)
	at com.kms.katalon.core.main.TestSuiteExecutor.execute(TestSuiteExecutor.java:91)
	at com.kms.katalon.core.main.TestCaseMain.startTestSuite(TestCaseMain.java:157)
	at com.kms.katalon.core.main.TestCaseMain$startTestSuite$0.call(Unknown Source)
	at TempTestSuite1589912870282.run(TempTestSuite1589912870282.groovy:36)
Caused by: com.kms.katalon.core.webui.exception.WebElementNotFoundException: Web element with id: 'Object Repository/Web RoomMe.id/Community Page/Welcome Video/Button Continue on the Form Registration' located by 'By.xpath: (//button[@type='button'])[6]' not found
	at com.kms.katalon.core.webui.common.WebUiCommonHelper.findWebElement(WebUiCommonHelper.java:1113)
	at com.kms.katalon.core.webui.keyword.internal.WebUIAbstractKeyword.findWebElement(WebUIAbstractKeyword.groovy:27)
	at com.kms.katalon.core.webui.keyword.internal.WebUIAbstractKeyword.findWebElement(WebUIAbstractKeyword.groovy:26)
	at com.kms.katalon.core.webui.keyword.builtin.ClickKeyword$_click_closure1.doCall(ClickKeyword.groovy:68)
	at com.kms.katalon.core.webui.keyword.builtin.ClickKeyword$_click_closure1.call(ClickKeyword.groovy)
	at com.kms.katalon.core.webui.keyword.internal.WebUIKeywordMain.runKeyword(WebUIKeywordMain.groovy:20)
	at com.kms.katalon.core.webui.keyword.builtin.ClickKeyword.click(ClickKeyword.groovy:103)
	at com.kms.katalon.core.webui.keyword.builtin.ClickKeyword.execute(ClickKeyword.groovy:43)
	at com.kms.katalon.core.keyword.internal.KeywordExecutor.executeKeywordForPlatform(KeywordExecutor.groovy:60)
	at com.kms.katalon.core.webui.keyword.WebUiBuiltInKeywords.click(WebUiBuiltInKeywords.groovy:616)
	at com.kms.katalon.core.webui.keyword.WebUiBuiltInKeywords$click$4.call(Unknown Source)
	at Script1589908073620.run(Script1589908073620.groovy:23)
	... 13 more
)
[[ATTACHMENT|C:\\Users\\Faldi\\Katalon Studio\\katalonroomme-master\\Reports\\20200520_012750\\Web RoomMe.id\\Customer Register in Community Page\\20200520_012750\\1589913218648.png]]]]></system-out>
         <system-err><![CDATA[2020-05-20 01:30:57 - [TEST_CASE][FAILED] - Test Cases/Web RoomMe.id/20. Community Registration/3. Customer Register with Blank Data: Test Cases/Web RoomMe.id/20. Community Registration/3. Customer Register with Blank Data FAILED.
Reason:
com.kms.katalon.core.exception.StepFailedException: Unable to click on object 'Object Repository/Web RoomMe.id/Community Page/Welcome Video/Button Continue on the Form Registration'
	at com.kms.katalon.core.webui.keyword.internal.WebUIKeywordMain.stepFailed(WebUIKeywordMain.groovy:64)
	at com.kms.katalon.core.webui.keyword.internal.WebUIKeywordMain.runKeyword(WebUIKeywordMain.groovy:26)
	at com.kms.katalon.core.webui.keyword.builtin.ClickKeyword.click(ClickKeyword.groovy:103)
	at com.kms.katalon.core.webui.keyword.builtin.ClickKeyword.execute(ClickKeyword.groovy:43)
	at com.kms.katalon.core.keyword.internal.KeywordExecutor.executeKeywordForPlatform(KeywordExecutor.groovy:60)
	at com.kms.katalon.core.webui.keyword.WebUiBuiltInKeywords.click(WebUiBuiltInKeywords.groovy:616)
	at com.kms.katalon.core.webui.keyword.WebUiBuiltInKeywords$click$4.call(Unknown Source)
	at 3. Customer Register with Blank Data.run(3. Customer Register with Blank Data:23)
	at com.kms.katalon.core.main.ScriptEngine.run(ScriptEngine.java:194)
	at com.kms.katalon.core.main.ScriptEngine.runScriptAsRawText(ScriptEngine.java:119)
	at com.kms.katalon.core.main.TestCaseExecutor.runScript(TestCaseExecutor.java:337)
	at com.kms.katalon.core.main.TestCaseExecutor.doExecute(TestCaseExecutor.java:328)
	at com.kms.katalon.core.main.TestCaseExecutor.processExecutionPhase(TestCaseExecutor.java:307)
	at com.kms.katalon.core.main.TestCaseExecutor.accessMainPhase(TestCaseExecutor.java:299)
	at com.kms.katalon.core.main.TestCaseExecutor.execute(TestCaseExecutor.java:233)
	at com.kms.katalon.core.main.TestSuiteExecutor.accessTestCaseMainPhase(TestSuiteExecutor.java:169)
	at com.kms.katalon.core.main.TestSuiteExecutor.accessTestSuiteMainPhase(TestSuiteExecutor.java:142)
	at com.kms.katalon.core.main.TestSuiteExecutor.execute(TestSuiteExecutor.java:91)
	at com.kms.katalon.core.main.TestCaseMain.startTestSuite(TestCaseMain.java:157)
	at com.kms.katalon.core.main.TestCaseMain$startTestSuite$0.call(Unknown Source)
	at TempTestSuite1589912870282.run(TempTestSuite1589912870282.groovy:36)
Caused by: com.kms.katalon.core.webui.exception.WebElementNotFoundException: Web element with id: 'Object Repository/Web RoomMe.id/Community Page/Welcome Video/Button Continue on the Form Registration' located by 'By.xpath: (//button[@type='button'])[6]' not found
	at com.kms.katalon.core.webui.common.WebUiCommonHelper.findWebElement(WebUiCommonHelper.java:1113)
	at com.kms.katalon.core.webui.keyword.internal.WebUIAbstractKeyword.findWebElement(WebUIAbstractKeyword.groovy:27)
	at com.kms.katalon.core.webui.keyword.internal.WebUIAbstractKeyword.findWebElement(WebUIAbstractKeyword.groovy:26)
	at com.kms.katalon.core.webui.keyword.builtin.ClickKeyword$_click_closure1.doCall(ClickKeyword.groovy:68)
	at com.kms.katalon.core.webui.keyword.builtin.ClickKeyword$_click_closure1.call(ClickKeyword.groovy)
	at com.kms.katalon.core.webui.keyword.internal.WebUIKeywordMain.runKeyword(WebUIKeywordMain.groovy:20)
	... 19 more]]></system-err>
      </testcase>
      <testcase name="Test Cases/Web RoomMe.id/20. Community Registration/4. Customer Input Full Name with Invalid Data" time="161.811" classname="Test Cases/Web RoomMe.id/20. Community Registration/4. Customer Input Full Name with Invalid Data" status="FAILED">
         <failure type="FAILED" message="Test Cases/Web RoomMe.id/20. Community Registration/4. Customer Input Full Name with Invalid Data FAILED.
Reason:
com.kms.katalon.core.exception.StepFailedException: Unable to click on object 'Object Repository/Web RoomMe.id/Community Page/Welcome Video/Button Continue on the Form Registration'
	at com.kms.katalon.core.webui.keyword.internal.WebUIKeywordMain.stepFailed(WebUIKeywordMain.groovy:64)
	at com.kms.katalon.core.webui.keyword.internal.WebUIKeywordMain.runKeyword(WebUIKeywordMain.groovy:26)
	at com.kms.katalon.core.webui.keyword.builtin.ClickKeyword.click(ClickKeyword.groovy:103)
	at com.kms.katalon.core.webui.keyword.builtin.ClickKeyword.execute(ClickKeyword.groovy:43)
	at com.kms.katalon.core.keyword.internal.KeywordExecutor.executeKeywordForPlatform(KeywordExecutor.groovy:60)
	at com.kms.katalon.core.webui.keyword.WebUiBuiltInKeywords.click(WebUiBuiltInKeywords.groovy:616)
	at com.kms.katalon.core.webui.keyword.WebUiBuiltInKeywords$click$4.call(Unknown Source)
	at 4. Customer Input Full Name with Invalid Data.run(4. Customer Input Full Name with Invalid Data:24)
	at com.kms.katalon.core.main.ScriptEngine.run(ScriptEngine.java:194)
	at com.kms.katalon.core.main.ScriptEngine.runScriptAsRawText(ScriptEngine.java:119)
	at com.kms.katalon.core.main.TestCaseExecutor.runScript(TestCaseExecutor.java:337)
	at com.kms.katalon.core.main.TestCaseExecutor.doExecute(TestCaseExecutor.java:328)
	at com.kms.katalon.core.main.TestCaseExecutor.processExecutionPhase(TestCaseExecutor.java:307)
	at com.kms.katalon.core.main.TestCaseExecutor.accessMainPhase(TestCaseExecutor.java:299)
	at com.kms.katalon.core.main.TestCaseExecutor.execute(TestCaseExecutor.java:233)
	at com.kms.katalon.core.main.TestSuiteExecutor.accessTestCaseMainPhase(TestSuiteExecutor.java:169)
	at com.kms.katalon.core.main.TestSuiteExecutor.accessTestSuiteMainPhase(TestSuiteExecutor.java:142)
	at com.kms.katalon.core.main.TestSuiteExecutor.execute(TestSuiteExecutor.java:91)
	at com.kms.katalon.core.main.TestCaseMain.startTestSuite(TestCaseMain.java:157)
	at com.kms.katalon.core.main.TestCaseMain$startTestSuite$0.call(Unknown Source)
	at TempTestSuite1589912870282.run(TempTestSuite1589912870282.groovy:36)
Caused by: com.kms.katalon.core.webui.exception.WebElementNotFoundException: Web element with id: 'Object Repository/Web RoomMe.id/Community Page/Welcome Video/Button Continue on the Form Registration' located by 'By.xpath: (//button[@type='button'])[6]' not found
	at com.kms.katalon.core.webui.common.WebUiCommonHelper.findWebElement(WebUiCommonHelper.java:1113)
	at com.kms.katalon.core.webui.keyword.internal.WebUIAbstractKeyword.findWebElement(WebUIAbstractKeyword.groovy:27)
	at com.kms.katalon.core.webui.keyword.internal.WebUIAbstractKeyword.findWebElement(WebUIAbstractKeyword.groovy:26)
	at com.kms.katalon.core.webui.keyword.builtin.ClickKeyword$_click_closure1.doCall(ClickKeyword.groovy:68)
	at com.kms.katalon.core.webui.keyword.builtin.ClickKeyword$_click_closure1.call(ClickKeyword.groovy)
	at com.kms.katalon.core.webui.keyword.internal.WebUIKeywordMain.runKeyword(WebUIKeywordMain.groovy:20)
	... 19 more
"/>
         <system-out><![CDATA[2020-05-20 01:33:39 - [TEST_CASE][FAILED] - Test Cases/Web RoomMe.id/20. Community Registration/4. Customer Input Full Name with Invalid Data: Test Cases/Web RoomMe.id/20. Community Registration/4. Customer Input Full Name with Invalid Data FAILED.
Reason:
com.kms.katalon.core.exception.StepFailedException: Unable to click on object 'Object Repository/Web RoomMe.id/Community Page/Welcome Video/Button Continue on the Form Registration'
	at com.kms.katalon.core.webui.keyword.internal.WebUIKeywordMain.stepFailed(WebUIKeywordMain.groovy:64)
	at com.kms.katalon.core.webui.keyword.internal.WebUIKeywordMain.runKeyword(WebUIKeywordMain.groovy:26)
	at com.kms.katalon.core.webui.keyword.builtin.ClickKeyword.click(ClickKeyword.groovy:103)
	at com.kms.katalon.core.webui.keyword.builtin.ClickKeyword.execute(ClickKeyword.groovy:43)
	at com.kms.katalon.core.keyword.internal.KeywordExecutor.executeKeywordForPlatform(KeywordExecutor.groovy:60)
	at com.kms.katalon.core.webui.keyword.WebUiBuiltInKeywords.click(WebUiBuiltInKeywords.groovy:616)
	at com.kms.katalon.core.webui.keyword.WebUiBuiltInKeywords$click$4.call(Unknown Source)
	at 4. Customer Input Full Name with Invalid Data.run(4. Customer Input Full Name with Invalid Data:24)
	at com.kms.katalon.core.main.ScriptEngine.run(ScriptEngine.java:194)
	at com.kms.katalon.core.main.ScriptEngine.runScriptAsRawText(ScriptEngine.java:119)
	at com.kms.katalon.core.main.TestCaseExecutor.runScript(TestCaseExecutor.java:337)
	at com.kms.katalon.core.main.TestCaseExecutor.doExecute(TestCaseExecutor.java:328)
	at com.kms.katalon.core.main.TestCaseExecutor.processExecutionPhase(TestCaseExecutor.java:307)
	at com.kms.katalon.core.main.TestCaseExecutor.accessMainPhase(TestCaseExecutor.java:299)
	at com.kms.katalon.core.main.TestCaseExecutor.execute(TestCaseExecutor.java:233)
	at com.kms.katalon.core.main.TestSuiteExecutor.accessTestCaseMainPhase(TestSuiteExecutor.java:169)
	at com.kms.katalon.core.main.TestSuiteExecutor.accessTestSuiteMainPhase(TestSuiteExecutor.java:142)
	at com.kms.katalon.core.main.TestSuiteExecutor.execute(TestSuiteExecutor.java:91)
	at com.kms.katalon.core.main.TestCaseMain.startTestSuite(TestCaseMain.java:157)
	at com.kms.katalon.core.main.TestCaseMain$startTestSuite$0.call(Unknown Source)
	at TempTestSuite1589912870282.run(TempTestSuite1589912870282.groovy:36)
Caused by: com.kms.katalon.core.webui.exception.WebElementNotFoundException: Web element with id: 'Object Repository/Web RoomMe.id/Community Page/Welcome Video/Button Continue on the Form Registration' located by 'By.xpath: (//button[@type='button'])[6]' not found
	at com.kms.katalon.core.webui.common.WebUiCommonHelper.findWebElement(WebUiCommonHelper.java:1113)
	at com.kms.katalon.core.webui.keyword.internal.WebUIAbstractKeyword.findWebElement(WebUIAbstractKeyword.groovy:27)
	at com.kms.katalon.core.webui.keyword.internal.WebUIAbstractKeyword.findWebElement(WebUIAbstractKeyword.groovy:26)
	at com.kms.katalon.core.webui.keyword.builtin.ClickKeyword$_click_closure1.doCall(ClickKeyword.groovy:68)
	at com.kms.katalon.core.webui.keyword.builtin.ClickKeyword$_click_closure1.call(ClickKeyword.groovy)
	at com.kms.katalon.core.webui.keyword.internal.WebUIKeywordMain.runKeyword(WebUIKeywordMain.groovy:20)
	... 19 more


2020-05-20 01:33:39 - [TEST_STEP][PASSED] - callTestCase(findTestCase("Web RoomMe.id/6. Community/Customer Access Community Page"), [:], STOP_ON_FAILURE): Call Test Case 'Test Cases/Web RoomMe.id/6. Community/Customer Access Community Page' successfully

2020-05-20 01:33:39 - [TEST_CASE][PASSED] - Test Cases/Web RoomMe.id/6. Community/Customer Access Community Page: Test Cases/Web RoomMe.id/6. Community/Customer Access Community Page

2020-05-20 01:33:39 - [TEST_STEP][PASSED] - callTestCase(findTestCase("Web RoomMe.id/1. Homepage/1. Customer Access RoomMe Page"), [:], STOP_ON_FAILURE): Call Test Case 'Test Cases/Web RoomMe.id/1. Homepage/1. Customer Access RoomMe Page' successfully

2020-05-20 01:33:39 - [TEST_CASE][PASSED] - Test Cases/Web RoomMe.id/1. Homepage/1. Customer Access RoomMe Page: Test Cases/Web RoomMe.id/1. Homepage/1. Customer Access RoomMe Page

2020-05-20 01:33:39 - [TEST_STEP][PASSED] - openBrowser("https://web.roomme.id/"): Browser is opened with url: 'https://web.roomme.id/'

2020-05-20 01:33:39 - [MESSAGE][WARNING] - A browser is already opened. Closing browser and opening a new one

2020-05-20 01:33:40 - [MESSAGE][INFO] - Starting 'Chrome' driver

2020-05-20 01:33:47 - [MESSAGE][PASSED] - Browser is opened with url: 'https://web.roomme.id/'

2020-05-20 01:33:47 - [TEST_STEP][PASSED] - maximizeWindow(): Current window maximized

2020-05-20 01:33:49 - [MESSAGE][PASSED] - Current window maximized

2020-05-20 01:33:49 - [TEST_STEP][PASSED] - waitForPageLoad(0): Wait for page load successfully

2020-05-20 01:33:49 - [MESSAGE][WARNING] - Timeout '0' is invalid. Using default page load timeout: '30'

2020-05-20 01:33:49 - [MESSAGE][PASSED] - Wait for page load successfully

2020-05-20 01:33:49 - [MESSAGE][PASSED] - Call Test Case 'Test Cases/Web RoomMe.id/1. Homepage/1. Customer Access RoomMe Page' successfully

2020-05-20 01:33:49 - [TEST_STEP][PASSED] - waitForElementVisible(findTestObject("Web RoomMe.id/RoomMe.id Header/Button Community"), 30): Object 'Object Repository/Web RoomMe.id/RoomMe.id Header/Button Community' is not visible after 30 second(s)

2020-05-20 01:34:19 - [MESSAGE][WARNING] - Object 'Object Repository/Web RoomMe.id/RoomMe.id Header/Button Community' is not visible after 30 second(s)

2020-05-20 01:34:19 - [TEST_STEP][PASSED] - click(findTestObject("Web RoomMe.id/RoomMe.id Header/Button Community")): Object: 'Object Repository/Web RoomMe.id/RoomMe.id Header/Button Community' is clicked on

2020-05-20 01:34:20 - [MESSAGE][ERROR] - javascript error: Failed to execute 'elementsFromPoint' on 'Document': The provided double value is non-finite.
  (Session info: chrome=81.0.4044.138)
Build info: version: '3.141.59', revision: 'e82be7d358', time: '2018-11-14T08:25:53'
System info: host: 'LENNONOVO', ip: '192.168.1.14', os.name: 'Windows 10', os.arch: 'amd64', os.version: '10.0', java.version: '1.8.0_181'
Driver info: com.kms.katalon.selenium.driver.CChromeDriver
Capabilities {acceptInsecureCerts: false, browserName: chrome, browserVersion: 81.0.4044.138, chrome: {chromedriverVersion: 81.0.4044.138 (8c6c7ba89cc9..., userDataDir: C:\Users\Faldi\AppData\Loca...}, goog:chromeOptions: {debuggerAddress: localhost:49527}, javascriptEnabled: true, networkConnectionEnabled: false, pageLoadStrategy: normal, platform: WINDOWS, platformName: WINDOWS, proxy: Proxy(), setWindowRect: true, strictFileInteractability: false, timeouts: {implicit: 0, pageLoad: 300000, script: 30000}, unhandledPromptBehavior: dismiss and notify, webauthn:virtualAuthenticators: true}
Session ID: 6a34fae8bcef8c04c061328b65fcf22b

2020-05-20 01:34:50 - [MESSAGE][ERROR] - javascript error: Failed to execute 'elementsFromPoint' on 'Document': The provided double value is non-finite.
  (Session info: chrome=81.0.4044.138)
Build info: version: '3.141.59', revision: 'e82be7d358', time: '2018-11-14T08:25:53'
System info: host: 'LENNONOVO', ip: '192.168.1.14', os.name: 'Windows 10', os.arch: 'amd64', os.version: '10.0', java.version: '1.8.0_181'
Driver info: com.kms.katalon.selenium.driver.CChromeDriver
Capabilities {acceptInsecureCerts: false, browserName: chrome, browserVersion: 81.0.4044.138, chrome: {chromedriverVersion: 81.0.4044.138 (8c6c7ba89cc9..., userDataDir: C:\Users\Faldi\AppData\Loca...}, goog:chromeOptions: {debuggerAddress: localhost:49527}, javascriptEnabled: true, networkConnectionEnabled: false, pageLoadStrategy: normal, platform: WINDOWS, platformName: WINDOWS, proxy: Proxy(), setWindowRect: true, strictFileInteractability: false, timeouts: {implicit: 0, pageLoad: 300000, script: 30000}, unhandledPromptBehavior: dismiss and notify, webauthn:virtualAuthenticators: true}
Session ID: 6a34fae8bcef8c04c061328b65fcf22b

2020-05-20 01:34:50 - [MESSAGE][PASSED] - Object: 'Object Repository/Web RoomMe.id/RoomMe.id Header/Button Community' is clicked on

2020-05-20 01:34:50 - [TEST_STEP][PASSED] - waitForPageLoad(0): Wait for page load successfully

2020-05-20 01:34:50 - [MESSAGE][WARNING] - Timeout '0' is invalid. Using default page load timeout: '30'

2020-05-20 01:34:50 - [MESSAGE][PASSED] - Wait for page load successfully

2020-05-20 01:34:50 - [MESSAGE][PASSED] - Call Test Case 'Test Cases/Web RoomMe.id/6. Community/Customer Access Community Page' successfully

2020-05-20 01:34:50 - [TEST_STEP][PASSED] - waitForElementVisible(findTestObject("Web RoomMe.id/Community Page/Welcome Video/Button Continue on the Form Registration"), 0): Web element with id: 'Object Repository/Web RoomMe.id/Community Page/Welcome Video/Button Continue on the Form Registration' located by 'By.xpath: (//button[@type='button'])[6]' not found

2020-05-20 01:34:50 - [MESSAGE][WARNING] - Timeout '0' is invalid. Using default page load timeout: '30'

2020-05-20 01:35:35 - [MESSAGE][INFO] - Unable to find the element located by 'By.xpath: (//button[@type='button'])[6]'. Please recheck the objects properties to make sure the desired element is located. 

2020-05-20 01:35:35 - [MESSAGE][WARNING] - Web element with id: 'Object Repository/Web RoomMe.id/Community Page/Welcome Video/Button Continue on the Form Registration' located by 'By.xpath: (//button[@type='button'])[6]' not found

2020-05-20 01:35:35 - [TEST_STEP][FAILED] - click(findTestObject("Web RoomMe.id/Community Page/Welcome Video/Button Continue on the Form Registration")): Unable to click on object 'Object Repository/Web RoomMe.id/Community Page/Welcome Video/Button Continue on the Form Registration' (Root cause: com.kms.katalon.core.exception.StepFailedException: Unable to click on object 'Object Repository/Web RoomMe.id/Community Page/Welcome Video/Button Continue on the Form Registration'
	at com.kms.katalon.core.webui.keyword.internal.WebUIKeywordMain.stepFailed(WebUIKeywordMain.groovy:64)
	at com.kms.katalon.core.webui.keyword.internal.WebUIKeywordMain.runKeyword(WebUIKeywordMain.groovy:26)
	at com.kms.katalon.core.webui.keyword.builtin.ClickKeyword.click(ClickKeyword.groovy:103)
	at com.kms.katalon.core.webui.keyword.builtin.ClickKeyword.execute(ClickKeyword.groovy:43)
	at com.kms.katalon.core.keyword.internal.KeywordExecutor.executeKeywordForPlatform(KeywordExecutor.groovy:60)
	at com.kms.katalon.core.webui.keyword.WebUiBuiltInKeywords.click(WebUiBuiltInKeywords.groovy:616)
	at com.kms.katalon.core.webui.keyword.WebUiBuiltInKeywords$click$4.call(Unknown Source)
	at 4. Customer Input Full Name with Invalid Data.run(4. Customer Input Full Name with Invalid Data:24)
	at com.kms.katalon.core.main.ScriptEngine.run(ScriptEngine.java:194)
	at com.kms.katalon.core.main.ScriptEngine.runScriptAsRawText(ScriptEngine.java:119)
	at com.kms.katalon.core.main.TestCaseExecutor.runScript(TestCaseExecutor.java:337)
	at com.kms.katalon.core.main.TestCaseExecutor.doExecute(TestCaseExecutor.java:328)
	at com.kms.katalon.core.main.TestCaseExecutor.processExecutionPhase(TestCaseExecutor.java:307)
	at com.kms.katalon.core.main.TestCaseExecutor.accessMainPhase(TestCaseExecutor.java:299)
	at com.kms.katalon.core.main.TestCaseExecutor.execute(TestCaseExecutor.java:233)
	at com.kms.katalon.core.main.TestSuiteExecutor.accessTestCaseMainPhase(TestSuiteExecutor.java:169)
	at com.kms.katalon.core.main.TestSuiteExecutor.accessTestSuiteMainPhase(TestSuiteExecutor.java:142)
	at com.kms.katalon.core.main.TestSuiteExecutor.execute(TestSuiteExecutor.java:91)
	at com.kms.katalon.core.main.TestCaseMain.startTestSuite(TestCaseMain.java:157)
	at com.kms.katalon.core.main.TestCaseMain$startTestSuite$0.call(Unknown Source)
	at TempTestSuite1589912870282.run(TempTestSuite1589912870282.groovy:36)
Caused by: com.kms.katalon.core.webui.exception.WebElementNotFoundException: Web element with id: 'Object Repository/Web RoomMe.id/Community Page/Welcome Video/Button Continue on the Form Registration' located by 'By.xpath: (//button[@type='button'])[6]' not found
	at com.kms.katalon.core.webui.common.WebUiCommonHelper.findWebElement(WebUiCommonHelper.java:1113)
	at com.kms.katalon.core.webui.keyword.internal.WebUIAbstractKeyword.findWebElement(WebUIAbstractKeyword.groovy:27)
	at com.kms.katalon.core.webui.keyword.internal.WebUIAbstractKeyword.findWebElement(WebUIAbstractKeyword.groovy:26)
	at com.kms.katalon.core.webui.keyword.builtin.ClickKeyword$_click_closure1.doCall(ClickKeyword.groovy:68)
	at com.kms.katalon.core.webui.keyword.builtin.ClickKeyword$_click_closure1.call(ClickKeyword.groovy)
	at com.kms.katalon.core.webui.keyword.internal.WebUIKeywordMain.runKeyword(WebUIKeywordMain.groovy:20)
	at com.kms.katalon.core.webui.keyword.builtin.ClickKeyword.click(ClickKeyword.groovy:103)
	at com.kms.katalon.core.webui.keyword.builtin.ClickKeyword.execute(ClickKeyword.groovy:43)
	at com.kms.katalon.core.keyword.internal.KeywordExecutor.executeKeywordForPlatform(KeywordExecutor.groovy:60)
	at com.kms.katalon.core.webui.keyword.WebUiBuiltInKeywords.click(WebUiBuiltInKeywords.groovy:616)
	at com.kms.katalon.core.webui.keyword.WebUiBuiltInKeywords$click$4.call(Unknown Source)
	at Script1589908056801.run(Script1589908056801.groovy:24)
	... 13 more
)

2020-05-20 01:36:20 - [MESSAGE][INFO] - Unable to find the element located by 'By.xpath: (//button[@type='button'])[6]'. Please recheck the objects properties to make sure the desired element is located. 

2020-05-20 01:36:21 - [MESSAGE][FAILED] - Unable to click on object 'Object Repository/Web RoomMe.id/Community Page/Welcome Video/Button Continue on the Form Registration' (Root cause: com.kms.katalon.core.exception.StepFailedException: Unable to click on object 'Object Repository/Web RoomMe.id/Community Page/Welcome Video/Button Continue on the Form Registration'
	at com.kms.katalon.core.webui.keyword.internal.WebUIKeywordMain.stepFailed(WebUIKeywordMain.groovy:64)
	at com.kms.katalon.core.webui.keyword.internal.WebUIKeywordMain.runKeyword(WebUIKeywordMain.groovy:26)
	at com.kms.katalon.core.webui.keyword.builtin.ClickKeyword.click(ClickKeyword.groovy:103)
	at com.kms.katalon.core.webui.keyword.builtin.ClickKeyword.execute(ClickKeyword.groovy:43)
	at com.kms.katalon.core.keyword.internal.KeywordExecutor.executeKeywordForPlatform(KeywordExecutor.groovy:60)
	at com.kms.katalon.core.webui.keyword.WebUiBuiltInKeywords.click(WebUiBuiltInKeywords.groovy:616)
	at com.kms.katalon.core.webui.keyword.WebUiBuiltInKeywords$click$4.call(Unknown Source)
	at 4. Customer Input Full Name with Invalid Data.run(4. Customer Input Full Name with Invalid Data:24)
	at com.kms.katalon.core.main.ScriptEngine.run(ScriptEngine.java:194)
	at com.kms.katalon.core.main.ScriptEngine.runScriptAsRawText(ScriptEngine.java:119)
	at com.kms.katalon.core.main.TestCaseExecutor.runScript(TestCaseExecutor.java:337)
	at com.kms.katalon.core.main.TestCaseExecutor.doExecute(TestCaseExecutor.java:328)
	at com.kms.katalon.core.main.TestCaseExecutor.processExecutionPhase(TestCaseExecutor.java:307)
	at com.kms.katalon.core.main.TestCaseExecutor.accessMainPhase(TestCaseExecutor.java:299)
	at com.kms.katalon.core.main.TestCaseExecutor.execute(TestCaseExecutor.java:233)
	at com.kms.katalon.core.main.TestSuiteExecutor.accessTestCaseMainPhase(TestSuiteExecutor.java:169)
	at com.kms.katalon.core.main.TestSuiteExecutor.accessTestSuiteMainPhase(TestSuiteExecutor.java:142)
	at com.kms.katalon.core.main.TestSuiteExecutor.execute(TestSuiteExecutor.java:91)
	at com.kms.katalon.core.main.TestCaseMain.startTestSuite(TestCaseMain.java:157)
	at com.kms.katalon.core.main.TestCaseMain$startTestSuite$0.call(Unknown Source)
	at TempTestSuite1589912870282.run(TempTestSuite1589912870282.groovy:36)
Caused by: com.kms.katalon.core.webui.exception.WebElementNotFoundException: Web element with id: 'Object Repository/Web RoomMe.id/Community Page/Welcome Video/Button Continue on the Form Registration' located by 'By.xpath: (//button[@type='button'])[6]' not found
	at com.kms.katalon.core.webui.common.WebUiCommonHelper.findWebElement(WebUiCommonHelper.java:1113)
	at com.kms.katalon.core.webui.keyword.internal.WebUIAbstractKeyword.findWebElement(WebUIAbstractKeyword.groovy:27)
	at com.kms.katalon.core.webui.keyword.internal.WebUIAbstractKeyword.findWebElement(WebUIAbstractKeyword.groovy:26)
	at com.kms.katalon.core.webui.keyword.builtin.ClickKeyword$_click_closure1.doCall(ClickKeyword.groovy:68)
	at com.kms.katalon.core.webui.keyword.builtin.ClickKeyword$_click_closure1.call(ClickKeyword.groovy)
	at com.kms.katalon.core.webui.keyword.internal.WebUIKeywordMain.runKeyword(WebUIKeywordMain.groovy:20)
	at com.kms.katalon.core.webui.keyword.builtin.ClickKeyword.click(ClickKeyword.groovy:103)
	at com.kms.katalon.core.webui.keyword.builtin.ClickKeyword.execute(ClickKeyword.groovy:43)
	at com.kms.katalon.core.keyword.internal.KeywordExecutor.executeKeywordForPlatform(KeywordExecutor.groovy:60)
	at com.kms.katalon.core.webui.keyword.WebUiBuiltInKeywords.click(WebUiBuiltInKeywords.groovy:616)
	at com.kms.katalon.core.webui.keyword.WebUiBuiltInKeywords$click$4.call(Unknown Source)
	at Script1589908056801.run(Script1589908056801.groovy:24)
	... 13 more
)
[[ATTACHMENT|C:\\Users\\Faldi\\Katalon Studio\\katalonroomme-master\\Reports\\20200520_012750\\Web RoomMe.id\\Customer Register in Community Page\\20200520_012750\\1589913380582.png]]]]></system-out>
         <system-err><![CDATA[2020-05-20 01:33:39 - [TEST_CASE][FAILED] - Test Cases/Web RoomMe.id/20. Community Registration/4. Customer Input Full Name with Invalid Data: Test Cases/Web RoomMe.id/20. Community Registration/4. Customer Input Full Name with Invalid Data FAILED.
Reason:
com.kms.katalon.core.exception.StepFailedException: Unable to click on object 'Object Repository/Web RoomMe.id/Community Page/Welcome Video/Button Continue on the Form Registration'
	at com.kms.katalon.core.webui.keyword.internal.WebUIKeywordMain.stepFailed(WebUIKeywordMain.groovy:64)
	at com.kms.katalon.core.webui.keyword.internal.WebUIKeywordMain.runKeyword(WebUIKeywordMain.groovy:26)
	at com.kms.katalon.core.webui.keyword.builtin.ClickKeyword.click(ClickKeyword.groovy:103)
	at com.kms.katalon.core.webui.keyword.builtin.ClickKeyword.execute(ClickKeyword.groovy:43)
	at com.kms.katalon.core.keyword.internal.KeywordExecutor.executeKeywordForPlatform(KeywordExecutor.groovy:60)
	at com.kms.katalon.core.webui.keyword.WebUiBuiltInKeywords.click(WebUiBuiltInKeywords.groovy:616)
	at com.kms.katalon.core.webui.keyword.WebUiBuiltInKeywords$click$4.call(Unknown Source)
	at 4. Customer Input Full Name with Invalid Data.run(4. Customer Input Full Name with Invalid Data:24)
	at com.kms.katalon.core.main.ScriptEngine.run(ScriptEngine.java:194)
	at com.kms.katalon.core.main.ScriptEngine.runScriptAsRawText(ScriptEngine.java:119)
	at com.kms.katalon.core.main.TestCaseExecutor.runScript(TestCaseExecutor.java:337)
	at com.kms.katalon.core.main.TestCaseExecutor.doExecute(TestCaseExecutor.java:328)
	at com.kms.katalon.core.main.TestCaseExecutor.processExecutionPhase(TestCaseExecutor.java:307)
	at com.kms.katalon.core.main.TestCaseExecutor.accessMainPhase(TestCaseExecutor.java:299)
	at com.kms.katalon.core.main.TestCaseExecutor.execute(TestCaseExecutor.java:233)
	at com.kms.katalon.core.main.TestSuiteExecutor.accessTestCaseMainPhase(TestSuiteExecutor.java:169)
	at com.kms.katalon.core.main.TestSuiteExecutor.accessTestSuiteMainPhase(TestSuiteExecutor.java:142)
	at com.kms.katalon.core.main.TestSuiteExecutor.execute(TestSuiteExecutor.java:91)
	at com.kms.katalon.core.main.TestCaseMain.startTestSuite(TestCaseMain.java:157)
	at com.kms.katalon.core.main.TestCaseMain$startTestSuite$0.call(Unknown Source)
	at TempTestSuite1589912870282.run(TempTestSuite1589912870282.groovy:36)
Caused by: com.kms.katalon.core.webui.exception.WebElementNotFoundException: Web element with id: 'Object Repository/Web RoomMe.id/Community Page/Welcome Video/Button Continue on the Form Registration' located by 'By.xpath: (//button[@type='button'])[6]' not found
	at com.kms.katalon.core.webui.common.WebUiCommonHelper.findWebElement(WebUiCommonHelper.java:1113)
	at com.kms.katalon.core.webui.keyword.internal.WebUIAbstractKeyword.findWebElement(WebUIAbstractKeyword.groovy:27)
	at com.kms.katalon.core.webui.keyword.internal.WebUIAbstractKeyword.findWebElement(WebUIAbstractKeyword.groovy:26)
	at com.kms.katalon.core.webui.keyword.builtin.ClickKeyword$_click_closure1.doCall(ClickKeyword.groovy:68)
	at com.kms.katalon.core.webui.keyword.builtin.ClickKeyword$_click_closure1.call(ClickKeyword.groovy)
	at com.kms.katalon.core.webui.keyword.internal.WebUIKeywordMain.runKeyword(WebUIKeywordMain.groovy:20)
	... 19 more]]></system-err>
      </testcase>
      <testcase name="Test Cases/Web RoomMe.id/20. Community Registration/5. Customer Register with Invalid Full Name" time="40.258" classname="Test Cases/Web RoomMe.id/20. Community Registration/5. Customer Register with Invalid Full Name" status="PASSED">
         <system-out><![CDATA[2020-05-20 01:36:21 - [TEST_CASE][PASSED] - Test Cases/Web RoomMe.id/20. Community Registration/5. Customer Register with Invalid Full Name: Test Cases/Web RoomMe.id/20. Community Registration/5. Customer Register with Invalid Full Name

2020-05-20 01:36:21 - [TEST_STEP][PASSED] - callTestCase(findTestCase("Web RoomMe.id/6. Community/Customer Access Community Page"), [:], STOP_ON_FAILURE): Call Test Case 'Test Cases/Web RoomMe.id/6. Community/Customer Access Community Page' successfully

2020-05-20 01:36:21 - [TEST_CASE][PASSED] - Test Cases/Web RoomMe.id/6. Community/Customer Access Community Page: Test Cases/Web RoomMe.id/6. Community/Customer Access Community Page

2020-05-20 01:36:21 - [TEST_STEP][PASSED] - callTestCase(findTestCase("Web RoomMe.id/1. Homepage/1. Customer Access RoomMe Page"), [:], STOP_ON_FAILURE): Call Test Case 'Test Cases/Web RoomMe.id/1. Homepage/1. Customer Access RoomMe Page' successfully

2020-05-20 01:36:21 - [TEST_CASE][PASSED] - Test Cases/Web RoomMe.id/1. Homepage/1. Customer Access RoomMe Page: Test Cases/Web RoomMe.id/1. Homepage/1. Customer Access RoomMe Page

2020-05-20 01:36:21 - [TEST_STEP][PASSED] - openBrowser("https://web.roomme.id/"): Browser is opened with url: 'https://web.roomme.id/'

2020-05-20 01:36:21 - [MESSAGE][WARNING] - A browser is already opened. Closing browser and opening a new one

2020-05-20 01:36:22 - [MESSAGE][INFO] - Starting 'Chrome' driver

2020-05-20 01:36:31 - [MESSAGE][PASSED] - Browser is opened with url: 'https://web.roomme.id/'

2020-05-20 01:36:31 - [TEST_STEP][PASSED] - maximizeWindow(): Current window maximized

2020-05-20 01:36:33 - [MESSAGE][PASSED] - Current window maximized

2020-05-20 01:36:33 - [TEST_STEP][PASSED] - waitForPageLoad(0): Wait for page load successfully

2020-05-20 01:36:33 - [MESSAGE][WARNING] - Timeout '0' is invalid. Using default page load timeout: '30'

2020-05-20 01:36:33 - [MESSAGE][PASSED] - Wait for page load successfully

2020-05-20 01:36:33 - [MESSAGE][PASSED] - Call Test Case 'Test Cases/Web RoomMe.id/1. Homepage/1. Customer Access RoomMe Page' successfully

2020-05-20 01:36:33 - [TEST_STEP][PASSED] - waitForElementVisible(findTestObject("Web RoomMe.id/RoomMe.id Header/Button Community"), 30): Object 'Object Repository/Web RoomMe.id/RoomMe.id Header/Button Community' is visible

2020-05-20 01:36:34 - [MESSAGE][PASSED] - Object 'Object Repository/Web RoomMe.id/RoomMe.id Header/Button Community' is visible

2020-05-20 01:36:34 - [TEST_STEP][PASSED] - click(findTestObject("Web RoomMe.id/RoomMe.id Header/Button Community")): Object: 'Object Repository/Web RoomMe.id/RoomMe.id Header/Button Community' is clicked on

2020-05-20 01:36:36 - [MESSAGE][PASSED] - Object: 'Object Repository/Web RoomMe.id/RoomMe.id Header/Button Community' is clicked on

2020-05-20 01:36:36 - [TEST_STEP][PASSED] - waitForPageLoad(0): Wait for page load successfully

2020-05-20 01:36:36 - [MESSAGE][WARNING] - Timeout '0' is invalid. Using default page load timeout: '30'

2020-05-20 01:36:38 - [MESSAGE][PASSED] - Wait for page load successfully

2020-05-20 01:36:38 - [MESSAGE][PASSED] - Call Test Case 'Test Cases/Web RoomMe.id/6. Community/Customer Access Community Page' successfully

2020-05-20 01:36:38 - [TEST_STEP][PASSED] - waitForElementVisible(findTestObject("Web RoomMe.id/Community Page/Welcome Video/Button Continue on the Form Registration"), 0): Object 'Object Repository/Web RoomMe.id/Community Page/Welcome Video/Button Continue on the Form Registration' is visible

2020-05-20 01:36:38 - [MESSAGE][WARNING] - Timeout '0' is invalid. Using default page load timeout: '30'

2020-05-20 01:36:39 - [MESSAGE][PASSED] - Object 'Object Repository/Web RoomMe.id/Community Page/Welcome Video/Button Continue on the Form Registration' is visible

2020-05-20 01:36:39 - [TEST_STEP][PASSED] - click(findTestObject("Web RoomMe.id/Community Page/Welcome Video/Button Continue on the Form Registration"), STOP_ON_FAILURE): Object: 'Object Repository/Web RoomMe.id/Community Page/Welcome Video/Button Continue on the Form Registration' is clicked on

2020-05-20 01:36:39 - [MESSAGE][PASSED] - Object: 'Object Repository/Web RoomMe.id/Community Page/Welcome Video/Button Continue on the Form Registration' is clicked on

2020-05-20 01:36:39 - [TEST_STEP][PASSED] - callTestCase(findTestCase("Web RoomMe.id/20. Community Registration/1. Verify Registration Form"), [:], STOP_ON_FAILURE): Call Test Case 'Test Cases/Web RoomMe.id/20. Community Registration/1. Verify Registration Form' successfully

2020-05-20 01:36:39 - [TEST_CASE][PASSED] - Test Cases/Web RoomMe.id/20. Community Registration/1. Verify Registration Form: Test Cases/Web RoomMe.id/20. Community Registration/1. Verify Registration Form

2020-05-20 01:36:39 - [TEST_STEP][PASSED] - objectSubFolder = "Web RoomMe.id\Community Page\Community Registration\": null

2020-05-20 01:36:39 - [TEST_STEP][PASSED] - pathToObjRep = getProjectDir() + "\Object Repository\" + objectSubFolder: null

2020-05-20 01:36:39 - [TEST_STEP][PASSED] - yourObjects = new java.io.File(pathToObjRep): null

2020-05-20 01:36:39 - [TEST_STEP][PASSED] - fileNames = yourObjects.list(): null

2020-05-20 01:36:39 - [TEST_STEP][PASSED] - testObjects = new java.util.ArrayList(): null

2020-05-20 01:36:39 - [TEST_STEP][PASSED] - for ([i = 0, i < length, (i++)]): null

2020-05-20 01:36:39 - [TEST_STEP][PASSED] - if (fileNames[i].contains(".rs")): null

2020-05-20 01:36:39 - [TEST_STEP][PASSED] - if (fileNames[i].contains(".rs")): null

2020-05-20 01:36:39 - [TEST_STEP][PASSED] - fileNames[i] = fileNames[i].replace(".rs", ""): null

2020-05-20 01:36:39 - [TEST_STEP][PASSED] - testObjects.add(objectSubFolder + fileNames[i]): null

2020-05-20 01:36:39 - [TEST_STEP][PASSED] - if (fileNames[i].contains(".rs")): null

2020-05-20 01:36:39 - [TEST_STEP][PASSED] - fileNames[i] = fileNames[i].replace(".rs", ""): null

2020-05-20 01:36:39 - [TEST_STEP][PASSED] - testObjects.add(objectSubFolder + fileNames[i]): null

2020-05-20 01:36:39 - [TEST_STEP][PASSED] - if (fileNames[i].contains(".rs")): null

2020-05-20 01:36:39 - [TEST_STEP][PASSED] - fileNames[i] = fileNames[i].replace(".rs", ""): null

2020-05-20 01:36:39 - [TEST_STEP][PASSED] - testObjects.add(objectSubFolder + fileNames[i]): null

2020-05-20 01:36:39 - [TEST_STEP][PASSED] - if (fileNames[i].contains(".rs")): null

2020-05-20 01:36:39 - [TEST_STEP][PASSED] - if (fileNames[i].contains(".rs")): null

2020-05-20 01:36:39 - [TEST_STEP][PASSED] - fileNames[i] = fileNames[i].replace(".rs", ""): null

2020-05-20 01:36:39 - [TEST_STEP][PASSED] - testObjects.add(objectSubFolder + fileNames[i]): null

2020-05-20 01:36:39 - [TEST_STEP][PASSED] - if (fileNames[i].contains(".rs")): null

2020-05-20 01:36:39 - [TEST_STEP][PASSED] - fileNames[i] = fileNames[i].replace(".rs", ""): null

2020-05-20 01:36:39 - [TEST_STEP][PASSED] - testObjects.add(objectSubFolder + fileNames[i]): null

2020-05-20 01:36:39 - [TEST_STEP][PASSED] - if (fileNames[i].contains(".rs")): null

2020-05-20 01:36:39 - [TEST_STEP][PASSED] - fileNames[i] = fileNames[i].replace(".rs", ""): null

2020-05-20 01:36:39 - [TEST_STEP][PASSED] - testObjects.add(objectSubFolder + fileNames[i]): null

2020-05-20 01:36:39 - [TEST_STEP][PASSED] - if (fileNames[i].contains(".rs")): null

2020-05-20 01:36:39 - [TEST_STEP][PASSED] - if (fileNames[i].contains(".rs")): null

2020-05-20 01:36:39 - [TEST_STEP][PASSED] - fileNames[i] = fileNames[i].replace(".rs", ""): null

2020-05-20 01:36:39 - [TEST_STEP][PASSED] - testObjects.add(objectSubFolder + fileNames[i]): null

2020-05-20 01:36:39 - [TEST_STEP][PASSED] - if (fileNames[i].contains(".rs")): null

2020-05-20 01:36:39 - [TEST_STEP][PASSED] - fileNames[i] = fileNames[i].replace(".rs", ""): null

2020-05-20 01:36:39 - [TEST_STEP][PASSED] - testObjects.add(objectSubFolder + fileNames[i]): null

2020-05-20 01:36:39 - [TEST_STEP][PASSED] - if (fileNames[i].contains(".rs")): null

2020-05-20 01:36:39 - [TEST_STEP][PASSED] - fileNames[i] = fileNames[i].replace(".rs", ""): null

2020-05-20 01:36:39 - [TEST_STEP][PASSED] - testObjects.add(objectSubFolder + fileNames[i]): null

2020-05-20 01:36:39 - [TEST_STEP][PASSED] - if (fileNames[i].contains(".rs")): null

2020-05-20 01:36:39 - [TEST_STEP][PASSED] - fileNames[i] = fileNames[i].replace(".rs", ""): null

2020-05-20 01:36:39 - [TEST_STEP][PASSED] - testObjects.add(objectSubFolder + fileNames[i]): null

2020-05-20 01:36:39 - [TEST_STEP][PASSED] - if (fileNames[i].contains(".rs")): null

2020-05-20 01:36:39 - [TEST_STEP][PASSED] - fileNames[i] = fileNames[i].replace(".rs", ""): null

2020-05-20 01:36:39 - [TEST_STEP][PASSED] - testObjects.add(objectSubFolder + fileNames[i]): null

2020-05-20 01:36:39 - [TEST_STEP][PASSED] - if (fileNames[i].contains(".rs")): null

2020-05-20 01:36:39 - [TEST_STEP][PASSED] - fileNames[i] = fileNames[i].replace(".rs", ""): null

2020-05-20 01:36:39 - [TEST_STEP][PASSED] - testObjects.add(objectSubFolder + fileNames[i]): null

2020-05-20 01:36:39 - [TEST_STEP][PASSED] - if (fileNames[i].contains(".rs")): null

2020-05-20 01:36:39 - [TEST_STEP][PASSED] - fileNames[i] = fileNames[i].replace(".rs", ""): null

2020-05-20 01:36:39 - [TEST_STEP][PASSED] - testObjects.add(objectSubFolder + fileNames[i]): null

2020-05-20 01:36:39 - [TEST_STEP][PASSED] - if (fileNames[i].contains(".rs")): null

2020-05-20 01:36:39 - [TEST_STEP][PASSED] - fileNames[i] = fileNames[i].replace(".rs", ""): null

2020-05-20 01:36:39 - [TEST_STEP][PASSED] - testObjects.add(objectSubFolder + fileNames[i]): null

2020-05-20 01:36:39 - [TEST_STEP][PASSED] - if (fileNames[i].contains(".rs")): null

2020-05-20 01:36:39 - [TEST_STEP][PASSED] - fileNames[i] = fileNames[i].replace(".rs", ""): null

2020-05-20 01:36:39 - [TEST_STEP][PASSED] - testObjects.add(objectSubFolder + fileNames[i]): null

2020-05-20 01:36:39 - [TEST_STEP][PASSED] - if (fileNames[i].contains(".rs")): null

2020-05-20 01:36:39 - [TEST_STEP][PASSED] - fileNames[i] = fileNames[i].replace(".rs", ""): null

2020-05-20 01:36:39 - [TEST_STEP][PASSED] - testObjects.add(objectSubFolder + fileNames[i]): null

2020-05-20 01:36:39 - [TEST_STEP][PASSED] - if (fileNames[i].contains(".rs")): null

2020-05-20 01:36:39 - [TEST_STEP][PASSED] - fileNames[i] = fileNames[i].replace(".rs", ""): null

2020-05-20 01:36:39 - [TEST_STEP][PASSED] - testObjects.add(objectSubFolder + fileNames[i]): null

2020-05-20 01:36:39 - [TEST_STEP][PASSED] - for (String obj : testObjects): Object 'Object Repository/Web RoomMe.id\Community Page\Community Registration\Textfield Mobile Number' is visible

2020-05-20 01:36:39 - [TEST_STEP][PASSED] - verifyElementVisible(findTestObject(obj)): Object 'Object Repository/Web RoomMe.id\Community Page\Community Registration\Button Submit' is visible

2020-05-20 01:36:40 - [MESSAGE][PASSED] - Object 'Object Repository/Web RoomMe.id\Community Page\Community Registration\Button Submit' is visible

2020-05-20 01:36:40 - [TEST_STEP][PASSED] - verifyElementVisible(findTestObject(obj)): Object 'Object Repository/Web RoomMe.id\Community Page\Community Registration\Dropdown Interest Default' is visible

2020-05-20 01:36:40 - [MESSAGE][PASSED] - Object 'Object Repository/Web RoomMe.id\Community Page\Community Registration\Dropdown Interest Default' is visible

2020-05-20 01:36:40 - [TEST_STEP][PASSED] - verifyElementVisible(findTestObject(obj)): Object 'Object Repository/Web RoomMe.id\Community Page\Community Registration\Dropdown Interest' is visible

2020-05-20 01:36:40 - [MESSAGE][PASSED] - Object 'Object Repository/Web RoomMe.id\Community Page\Community Registration\Dropdown Interest' is visible

2020-05-20 01:36:40 - [TEST_STEP][PASSED] - verifyElementVisible(findTestObject(obj)): Object 'Object Repository/Web RoomMe.id\Community Page\Community Registration\Image 2020 RoomMe All Right Reserved' is visible

2020-05-20 01:36:41 - [MESSAGE][PASSED] - Object 'Object Repository/Web RoomMe.id\Community Page\Community Registration\Image 2020 RoomMe All Right Reserved' is visible

2020-05-20 01:36:41 - [TEST_STEP][PASSED] - verifyElementVisible(findTestObject(obj)): Object 'Object Repository/Web RoomMe.id\Community Page\Community Registration\RadioButton Female' is visible

2020-05-20 01:36:42 - [MESSAGE][PASSED] - Object 'Object Repository/Web RoomMe.id\Community Page\Community Registration\RadioButton Female' is visible

2020-05-20 01:36:42 - [TEST_STEP][PASSED] - verifyElementVisible(findTestObject(obj)): Object 'Object Repository/Web RoomMe.id\Community Page\Community Registration\RadioButton Male' is visible

2020-05-20 01:36:42 - [MESSAGE][PASSED] - Object 'Object Repository/Web RoomMe.id\Community Page\Community Registration\RadioButton Male' is visible

2020-05-20 01:36:42 - [TEST_STEP][PASSED] - verifyElementVisible(findTestObject(obj)): Object 'Object Repository/Web RoomMe.id\Community Page\Community Registration\Text Birthdate' is visible

2020-05-20 01:36:43 - [MESSAGE][PASSED] - Object 'Object Repository/Web RoomMe.id\Community Page\Community Registration\Text Birthdate' is visible

2020-05-20 01:36:43 - [TEST_STEP][PASSED] - verifyElementVisible(findTestObject(obj)): Object 'Object Repository/Web RoomMe.id\Community Page\Community Registration\Text Community Registration' is visible

2020-05-20 01:36:43 - [MESSAGE][PASSED] - Object 'Object Repository/Web RoomMe.id\Community Page\Community Registration\Text Community Registration' is visible

2020-05-20 01:36:43 - [TEST_STEP][PASSED] - verifyElementVisible(findTestObject(obj)): Object 'Object Repository/Web RoomMe.id\Community Page\Community Registration\Text Email Address' is visible

2020-05-20 01:36:43 - [MESSAGE][PASSED] - Object 'Object Repository/Web RoomMe.id\Community Page\Community Registration\Text Email Address' is visible

2020-05-20 01:36:43 - [TEST_STEP][PASSED] - verifyElementVisible(findTestObject(obj)): Object 'Object Repository/Web RoomMe.id\Community Page\Community Registration\Text Full Name' is visible

2020-05-20 01:36:44 - [MESSAGE][PASSED] - Object 'Object Repository/Web RoomMe.id\Community Page\Community Registration\Text Full Name' is visible

2020-05-20 01:36:44 - [TEST_STEP][PASSED] - verifyElementVisible(findTestObject(obj)): Object 'Object Repository/Web RoomMe.id\Community Page\Community Registration\Text Gender' is visible

2020-05-20 01:36:44 - [MESSAGE][PASSED] - Object 'Object Repository/Web RoomMe.id\Community Page\Community Registration\Text Gender' is visible

2020-05-20 01:36:44 - [TEST_STEP][PASSED] - verifyElementVisible(findTestObject(obj)): Object 'Object Repository/Web RoomMe.id\Community Page\Community Registration\Text Interest' is visible

2020-05-20 01:36:44 - [MESSAGE][PASSED] - Object 'Object Repository/Web RoomMe.id\Community Page\Community Registration\Text Interest' is visible

2020-05-20 01:36:44 - [TEST_STEP][PASSED] - verifyElementVisible(findTestObject(obj)): Object 'Object Repository/Web RoomMe.id\Community Page\Community Registration\Text Mobile Number' is visible

2020-05-20 01:36:45 - [MESSAGE][PASSED] - Object 'Object Repository/Web RoomMe.id\Community Page\Community Registration\Text Mobile Number' is visible

2020-05-20 01:36:45 - [TEST_STEP][PASSED] - verifyElementVisible(findTestObject(obj)): Object 'Object Repository/Web RoomMe.id\Community Page\Community Registration\Text The minimum age allowed is 17 years' is visible

2020-05-20 01:36:45 - [MESSAGE][PASSED] - Object 'Object Repository/Web RoomMe.id\Community Page\Community Registration\Text The minimum age allowed is 17 years' is visible

2020-05-20 01:36:45 - [TEST_STEP][PASSED] - verifyElementVisible(findTestObject(obj)): Object 'Object Repository/Web RoomMe.id\Community Page\Community Registration\Textfield Email Address' is visible

2020-05-20 01:36:45 - [MESSAGE][PASSED] - Object 'Object Repository/Web RoomMe.id\Community Page\Community Registration\Textfield Email Address' is visible

2020-05-20 01:36:45 - [TEST_STEP][PASSED] - verifyElementVisible(findTestObject(obj)): Object 'Object Repository/Web RoomMe.id\Community Page\Community Registration\Textfield Full Name' is visible

2020-05-20 01:36:46 - [MESSAGE][PASSED] - Object 'Object Repository/Web RoomMe.id\Community Page\Community Registration\Textfield Full Name' is visible

2020-05-20 01:36:46 - [TEST_STEP][PASSED] - verifyElementVisible(findTestObject(obj)): Object 'Object Repository/Web RoomMe.id\Community Page\Community Registration\Textfield Mobile Number' is visible

2020-05-20 01:36:46 - [MESSAGE][PASSED] - Object 'Object Repository/Web RoomMe.id\Community Page\Community Registration\Textfield Mobile Number' is visible

2020-05-20 01:36:46 - [MESSAGE][PASSED] - Call Test Case 'Test Cases/Web RoomMe.id/20. Community Registration/1. Verify Registration Form' successfully

2020-05-20 01:36:46 - [TEST_STEP][PASSED] - waitForElementVisible(findTestObject("Web RoomMe.id/Community Page/Community Registration/Textfield Full Name"), 0): Object 'Object Repository/Web RoomMe.id/Community Page/Community Registration/Textfield Full Name' is visible

2020-05-20 01:36:46 - [MESSAGE][WARNING] - Timeout '0' is invalid. Using default page load timeout: '30'

2020-05-20 01:36:46 - [MESSAGE][PASSED] - Object 'Object Repository/Web RoomMe.id/Community Page/Community Registration/Textfield Full Name' is visible

2020-05-20 01:36:46 - [TEST_STEP][PASSED] - click(findTestObject("Web RoomMe.id/Community Page/Community Registration/RadioButton Male")): Object: 'Object Repository/Web RoomMe.id/Community Page/Community Registration/RadioButton Male' is clicked on

2020-05-20 01:36:47 - [MESSAGE][PASSED] - Object: 'Object Repository/Web RoomMe.id/Community Page/Community Registration/RadioButton Male' is clicked on

2020-05-20 01:36:47 - [TEST_STEP][PASSED] - click(findTestObject("Web RoomMe.id/Community Page/Community Registration/Birthdate Datepicker/Datepicker Birthdate_date (1)")): Object: 'Object Repository/Web RoomMe.id/Community Page/Community Registration/Birthdate Datepicker/Datepicker Birthdate_date (1)' is clicked on

2020-05-20 01:36:47 - [MESSAGE][PASSED] - Object: 'Object Repository/Web RoomMe.id/Community Page/Community Registration/Birthdate Datepicker/Datepicker Birthdate_date (1)' is clicked on

2020-05-20 01:36:47 - [TEST_STEP][PASSED] - click(findTestObject("Web RoomMe.id/Community Page/Community Registration/Birthdate Datepicker/Button Day 1")): Object: 'Object Repository/Web RoomMe.id/Community Page/Community Registration/Birthdate Datepicker/Button Day 1' is clicked on

2020-05-20 01:36:48 - [MESSAGE][PASSED] - Object: 'Object Repository/Web RoomMe.id/Community Page/Community Registration/Birthdate Datepicker/Button Day 1' is clicked on

2020-05-20 01:36:48 - [TEST_STEP][PASSED] - sendKeys(findTestObject("Web RoomMe.id/Community Page/Community Registration/Textfield Mobile Number"), "081234567890"): Keys '081234567890' sent to object: 'Object Repository/Web RoomMe.id/Community Page/Community Registration/Textfield Mobile Number'

2020-05-20 01:36:49 - [MESSAGE][PASSED] - Keys '081234567890' sent to object: 'Object Repository/Web RoomMe.id/Community Page/Community Registration/Textfield Mobile Number'

2020-05-20 01:36:49 - [TEST_STEP][PASSED] - sendKeys(findTestObject("Web RoomMe.id/Community Page/Community Registration/Textfield Email Address"), "faldiat" + RandomStringUtils.randomNumeric(5)): Keys 'faldiat96381' sent to object: 'Object Repository/Web RoomMe.id/Community Page/Community Registration/Textfield Email Address'

2020-05-20 01:36:50 - [MESSAGE][PASSED] - Keys 'faldiat96381' sent to object: 'Object Repository/Web RoomMe.id/Community Page/Community Registration/Textfield Email Address'

2020-05-20 01:36:50 - [TEST_STEP][PASSED] - sendKeys(findTestObject("Web RoomMe.id/Community Page/Community Registration/Textfield Email Address"), "@gmail.com"): Keys '@gmail.com' sent to object: 'Object Repository/Web RoomMe.id/Community Page/Community Registration/Textfield Email Address'

2020-05-20 01:36:50 - [MESSAGE][PASSED] - Keys '@gmail.com' sent to object: 'Object Repository/Web RoomMe.id/Community Page/Community Registration/Textfield Email Address'

2020-05-20 01:36:50 - [TEST_STEP][PASSED] - selectOptionByIndex(findTestObject("Web RoomMe.id/Community Page/Community Registration/Dropdown Interest"), "4"): All options with index in [4] are selected on object 'Object Repository/Web RoomMe.id/Community Page/Community Registration/Dropdown Interest'

2020-05-20 01:36:52 - [MESSAGE][PASSED] - All options with index in [4] are selected on object 'Object Repository/Web RoomMe.id/Community Page/Community Registration/Dropdown Interest'

2020-05-20 01:36:52 - [TEST_STEP][PASSED] - click(findTestObject("Web RoomMe.id/Community Page/Community Registration/Button Submit")): Object: 'Object Repository/Web RoomMe.id/Community Page/Community Registration/Button Submit' is clicked on

2020-05-20 01:36:52 - [MESSAGE][PASSED] - Object: 'Object Repository/Web RoomMe.id/Community Page/Community Registration/Button Submit' is clicked on

2020-05-20 01:36:52 - [TEST_STEP][PASSED] - waitForElementVisible(findTestObject("Web RoomMe.id/Community Page/Community Registration/Error Message/Text Name is required"), 0): Object 'Object Repository/Web RoomMe.id/Community Page/Community Registration/Error Message/Text Name is required' is visible

2020-05-20 01:36:52 - [MESSAGE][WARNING] - Timeout '0' is invalid. Using default page load timeout: '30'

2020-05-20 01:36:53 - [MESSAGE][PASSED] - Object 'Object Repository/Web RoomMe.id/Community Page/Community Registration/Error Message/Text Name is required' is visible

2020-05-20 01:36:53 - [TEST_STEP][PASSED] - sendKeys(findTestObject("Web RoomMe.id/Community Page/Community Registration/Textfield Full Name"), "ab"): Keys 'ab' sent to object: 'Object Repository/Web RoomMe.id/Community Page/Community Registration/Textfield Full Name'

2020-05-20 01:36:53 - [MESSAGE][PASSED] - Keys 'ab' sent to object: 'Object Repository/Web RoomMe.id/Community Page/Community Registration/Textfield Full Name'

2020-05-20 01:36:53 - [TEST_STEP][PASSED] - waitForElementVisible(findTestObject("Web RoomMe.id/Community Page/Community Registration/Error Message/Text At least input 3 characters long"), 0): Object 'Object Repository/Web RoomMe.id/Community Page/Community Registration/Error Message/Text At least input 3 characters long' is visible

2020-05-20 01:36:53 - [MESSAGE][WARNING] - Timeout '0' is invalid. Using default page load timeout: '30'

2020-05-20 01:36:54 - [MESSAGE][PASSED] - Object 'Object Repository/Web RoomMe.id/Community Page/Community Registration/Error Message/Text At least input 3 characters long' is visible

2020-05-20 01:36:54 - [TEST_STEP][PASSED] - click(findTestObject("Web RoomMe.id/Community Page/Community Registration/Button Submit")): Object: 'Object Repository/Web RoomMe.id/Community Page/Community Registration/Button Submit' is clicked on

2020-05-20 01:36:54 - [MESSAGE][PASSED] - Object: 'Object Repository/Web RoomMe.id/Community Page/Community Registration/Button Submit' is clicked on

2020-05-20 01:36:54 - [TEST_STEP][PASSED] - sendKeys(findTestObject("Web RoomMe.id/Community Page/Community Registration/Textfield Full Name"), Keys.chord(CONTROL, "a", BACK_SPACE)): Keys 'CONTROL + BACK_SPACE + a' sent to object: 'Object Repository/Web RoomMe.id/Community Page/Community Registration/Textfield Full Name'

2020-05-20 01:36:55 - [MESSAGE][PASSED] - Keys 'CONTROL + BACK_SPACE + a' sent to object: 'Object Repository/Web RoomMe.id/Community Page/Community Registration/Textfield Full Name'

2020-05-20 01:36:55 - [TEST_STEP][PASSED] - sendKeys(findTestObject("Web RoomMe.id/Community Page/Community Registration/Textfield Full Name"), "123"): Keys '123' sent to object: 'Object Repository/Web RoomMe.id/Community Page/Community Registration/Textfield Full Name'

2020-05-20 01:36:55 - [MESSAGE][PASSED] - Keys '123' sent to object: 'Object Repository/Web RoomMe.id/Community Page/Community Registration/Textfield Full Name'

2020-05-20 01:36:55 - [TEST_STEP][PASSED] - waitForElementVisible(findTestObject("Web RoomMe.id/Community Page/Community Registration/Error Message/Text Your name seems to contain incorrect characters"), 0): Object 'Object Repository/Web RoomMe.id/Community Page/Community Registration/Error Message/Text Your name seems to contain incorrect characters' is visible

2020-05-20 01:36:55 - [MESSAGE][WARNING] - Timeout '0' is invalid. Using default page load timeout: '30'

2020-05-20 01:36:56 - [MESSAGE][PASSED] - Object 'Object Repository/Web RoomMe.id/Community Page/Community Registration/Error Message/Text Your name seems to contain incorrect characters' is visible

2020-05-20 01:36:56 - [TEST_STEP][PASSED] - click(findTestObject("Web RoomMe.id/Community Page/Community Registration/Button Submit")): Object: 'Object Repository/Web RoomMe.id/Community Page/Community Registration/Button Submit' is clicked on

2020-05-20 01:36:56 - [MESSAGE][PASSED] - Object: 'Object Repository/Web RoomMe.id/Community Page/Community Registration/Button Submit' is clicked on

2020-05-20 01:36:56 - [TEST_STEP][PASSED] - sendKeys(findTestObject("Web RoomMe.id/Community Page/Community Registration/Textfield Full Name"), Keys.chord(CONTROL, "a", BACK_SPACE)): Keys 'CONTROL + BACK_SPACE + a' sent to object: 'Object Repository/Web RoomMe.id/Community Page/Community Registration/Textfield Full Name'

2020-05-20 01:36:56 - [MESSAGE][PASSED] - Keys 'CONTROL + BACK_SPACE + a' sent to object: 'Object Repository/Web RoomMe.id/Community Page/Community Registration/Textfield Full Name'

2020-05-20 01:36:56 - [TEST_STEP][PASSED] - sendKeys(findTestObject("Web RoomMe.id/Community Page/Community Registration/Textfield Full Name"), "!@#$"): Keys '!@#$' sent to object: 'Object Repository/Web RoomMe.id/Community Page/Community Registration/Textfield Full Name'

2020-05-20 01:36:57 - [MESSAGE][PASSED] - Keys '!@#$' sent to object: 'Object Repository/Web RoomMe.id/Community Page/Community Registration/Textfield Full Name'

2020-05-20 01:36:57 - [TEST_STEP][PASSED] - waitForElementVisible(findTestObject("Web RoomMe.id/Community Page/Community Registration/Error Message/Text Your name seems to contain incorrect characters"), 0): Object 'Object Repository/Web RoomMe.id/Community Page/Community Registration/Error Message/Text Your name seems to contain incorrect characters' is visible

2020-05-20 01:36:57 - [MESSAGE][WARNING] - Timeout '0' is invalid. Using default page load timeout: '30'

2020-05-20 01:36:58 - [MESSAGE][PASSED] - Object 'Object Repository/Web RoomMe.id/Community Page/Community Registration/Error Message/Text Your name seems to contain incorrect characters' is visible

2020-05-20 01:36:58 - [TEST_STEP][PASSED] - click(findTestObject("Web RoomMe.id/Community Page/Community Registration/Button Submit")): Object: 'Object Repository/Web RoomMe.id/Community Page/Community Registration/Button Submit' is clicked on

2020-05-20 01:36:58 - [MESSAGE][PASSED] - Object: 'Object Repository/Web RoomMe.id/Community Page/Community Registration/Button Submit' is clicked on

2020-05-20 01:36:58 - [TEST_STEP][PASSED] - sendKeys(findTestObject("Web RoomMe.id/Community Page/Community Registration/Textfield Full Name"), Keys.chord(CONTROL, "a", BACK_SPACE)): Keys 'CONTROL + BACK_SPACE + a' sent to object: 'Object Repository/Web RoomMe.id/Community Page/Community Registration/Textfield Full Name'

2020-05-20 01:36:58 - [MESSAGE][PASSED] - Keys 'CONTROL + BACK_SPACE + a' sent to object: 'Object Repository/Web RoomMe.id/Community Page/Community Registration/Textfield Full Name'

2020-05-20 01:36:58 - [TEST_STEP][PASSED] - sendKeys(findTestObject("Web RoomMe.id/Community Page/Community Registration/Textfield Full Name"), "abcde12345abcde12345abcde12345abcde12345abcde12345as"): Keys 'abcde12345abcde12345abcde12345abcde12345abcde12345as' sent to object: 'Object Repository/Web RoomMe.id/Community Page/Community Registration/Textfield Full Name'

2020-05-20 01:37:00 - [MESSAGE][PASSED] - Keys 'abcde12345abcde12345abcde12345abcde12345abcde12345as' sent to object: 'Object Repository/Web RoomMe.id/Community Page/Community Registration/Textfield Full Name'

2020-05-20 01:37:00 - [TEST_STEP][PASSED] - waitForElementVisible(findTestObject("Web RoomMe.id/Community Page/Community Registration/Error Message/Text Name input characters is 50"), 0): Object 'Object Repository/Web RoomMe.id/Community Page/Community Registration/Error Message/Text Name input characters is 50' is visible

2020-05-20 01:37:00 - [MESSAGE][WARNING] - Timeout '0' is invalid. Using default page load timeout: '30'

2020-05-20 01:37:00 - [MESSAGE][PASSED] - Object 'Object Repository/Web RoomMe.id/Community Page/Community Registration/Error Message/Text Name input characters is 50' is visible

2020-05-20 01:37:00 - [TEST_STEP][PASSED] - click(findTestObject("Web RoomMe.id/Community Page/Community Registration/Button Submit")): Object: 'Object Repository/Web RoomMe.id/Community Page/Community Registration/Button Submit' is clicked on

2020-05-20 01:37:00 - [MESSAGE][PASSED] - Object: 'Object Repository/Web RoomMe.id/Community Page/Community Registration/Button Submit' is clicked on

2020-05-20 01:37:00 - [TEST_STEP][PASSED] - sendKeys(findTestObject("Web RoomMe.id/Community Page/Community Registration/Textfield Full Name"), Keys.chord(CONTROL, "a", BACK_SPACE)): Keys 'CONTROL + BACK_SPACE + a' sent to object: 'Object Repository/Web RoomMe.id/Community Page/Community Registration/Textfield Full Name'

2020-05-20 01:37:01 - [MESSAGE][PASSED] - Keys 'CONTROL + BACK_SPACE + a' sent to object: 'Object Repository/Web RoomMe.id/Community Page/Community Registration/Textfield Full Name']]></system-out>
         <system-err><![CDATA[]]></system-err>
      </testcase>
      <testcase name="Test Cases/Web RoomMe.id/20. Community Registration/6. Customer Register without Select Gender" time="32.408" classname="Test Cases/Web RoomMe.id/20. Community Registration/6. Customer Register without Select Gender" status="PASSED">
         <system-out><![CDATA[2020-05-20 01:37:01 - [TEST_CASE][PASSED] - Test Cases/Web RoomMe.id/20. Community Registration/6. Customer Register without Select Gender: Test Cases/Web RoomMe.id/20. Community Registration/6. Customer Register without Select Gender

2020-05-20 01:37:01 - [TEST_STEP][PASSED] - callTestCase(findTestCase("Web RoomMe.id/6. Community/Customer Access Community Page"), [:], STOP_ON_FAILURE): Call Test Case 'Test Cases/Web RoomMe.id/6. Community/Customer Access Community Page' successfully

2020-05-20 01:37:01 - [TEST_CASE][PASSED] - Test Cases/Web RoomMe.id/6. Community/Customer Access Community Page: Test Cases/Web RoomMe.id/6. Community/Customer Access Community Page

2020-05-20 01:37:01 - [TEST_STEP][PASSED] - callTestCase(findTestCase("Web RoomMe.id/1. Homepage/1. Customer Access RoomMe Page"), [:], STOP_ON_FAILURE): Call Test Case 'Test Cases/Web RoomMe.id/1. Homepage/1. Customer Access RoomMe Page' successfully

2020-05-20 01:37:01 - [TEST_CASE][PASSED] - Test Cases/Web RoomMe.id/1. Homepage/1. Customer Access RoomMe Page: Test Cases/Web RoomMe.id/1. Homepage/1. Customer Access RoomMe Page

2020-05-20 01:37:01 - [TEST_STEP][PASSED] - openBrowser("https://web.roomme.id/"): Browser is opened with url: 'https://web.roomme.id/'

2020-05-20 01:37:01 - [MESSAGE][WARNING] - A browser is already opened. Closing browser and opening a new one

2020-05-20 01:37:02 - [MESSAGE][INFO] - Starting 'Chrome' driver

2020-05-20 01:37:11 - [MESSAGE][PASSED] - Browser is opened with url: 'https://web.roomme.id/'

2020-05-20 01:37:11 - [TEST_STEP][PASSED] - maximizeWindow(): Current window maximized

2020-05-20 01:37:13 - [MESSAGE][PASSED] - Current window maximized

2020-05-20 01:37:13 - [TEST_STEP][PASSED] - waitForPageLoad(0): Wait for page load successfully

2020-05-20 01:37:13 - [MESSAGE][WARNING] - Timeout '0' is invalid. Using default page load timeout: '30'

2020-05-20 01:37:13 - [MESSAGE][PASSED] - Wait for page load successfully

2020-05-20 01:37:13 - [MESSAGE][PASSED] - Call Test Case 'Test Cases/Web RoomMe.id/1. Homepage/1. Customer Access RoomMe Page' successfully

2020-05-20 01:37:13 - [TEST_STEP][PASSED] - waitForElementVisible(findTestObject("Web RoomMe.id/RoomMe.id Header/Button Community"), 30): Object 'Object Repository/Web RoomMe.id/RoomMe.id Header/Button Community' is visible

2020-05-20 01:37:14 - [MESSAGE][PASSED] - Object 'Object Repository/Web RoomMe.id/RoomMe.id Header/Button Community' is visible

2020-05-20 01:37:14 - [TEST_STEP][PASSED] - click(findTestObject("Web RoomMe.id/RoomMe.id Header/Button Community")): Object: 'Object Repository/Web RoomMe.id/RoomMe.id Header/Button Community' is clicked on

2020-05-20 01:37:16 - [MESSAGE][PASSED] - Object: 'Object Repository/Web RoomMe.id/RoomMe.id Header/Button Community' is clicked on

2020-05-20 01:37:16 - [TEST_STEP][PASSED] - waitForPageLoad(0): Wait for page load successfully

2020-05-20 01:37:16 - [MESSAGE][WARNING] - Timeout '0' is invalid. Using default page load timeout: '30'

2020-05-20 01:37:18 - [MESSAGE][PASSED] - Wait for page load successfully

2020-05-20 01:37:18 - [MESSAGE][PASSED] - Call Test Case 'Test Cases/Web RoomMe.id/6. Community/Customer Access Community Page' successfully

2020-05-20 01:37:18 - [TEST_STEP][PASSED] - waitForElementVisible(findTestObject("Web RoomMe.id/Community Page/Welcome Video/Button Continue on the Form Registration"), 0): Object 'Object Repository/Web RoomMe.id/Community Page/Welcome Video/Button Continue on the Form Registration' is visible

2020-05-20 01:37:18 - [MESSAGE][WARNING] - Timeout '0' is invalid. Using default page load timeout: '30'

2020-05-20 01:37:19 - [MESSAGE][PASSED] - Object 'Object Repository/Web RoomMe.id/Community Page/Welcome Video/Button Continue on the Form Registration' is visible

2020-05-20 01:37:19 - [TEST_STEP][PASSED] - click(findTestObject("Web RoomMe.id/Community Page/Welcome Video/Button Continue on the Form Registration"), STOP_ON_FAILURE): Object: 'Object Repository/Web RoomMe.id/Community Page/Welcome Video/Button Continue on the Form Registration' is clicked on

2020-05-20 01:37:19 - [MESSAGE][PASSED] - Object: 'Object Repository/Web RoomMe.id/Community Page/Welcome Video/Button Continue on the Form Registration' is clicked on

2020-05-20 01:37:19 - [TEST_STEP][PASSED] - callTestCase(findTestCase("Web RoomMe.id/20. Community Registration/1. Verify Registration Form"), [:], STOP_ON_FAILURE): Call Test Case 'Test Cases/Web RoomMe.id/20. Community Registration/1. Verify Registration Form' successfully

2020-05-20 01:37:19 - [TEST_CASE][PASSED] - Test Cases/Web RoomMe.id/20. Community Registration/1. Verify Registration Form: Test Cases/Web RoomMe.id/20. Community Registration/1. Verify Registration Form

2020-05-20 01:37:19 - [TEST_STEP][PASSED] - objectSubFolder = "Web RoomMe.id\Community Page\Community Registration\": null

2020-05-20 01:37:19 - [TEST_STEP][PASSED] - pathToObjRep = getProjectDir() + "\Object Repository\" + objectSubFolder: null

2020-05-20 01:37:19 - [TEST_STEP][PASSED] - yourObjects = new java.io.File(pathToObjRep): null

2020-05-20 01:37:19 - [TEST_STEP][PASSED] - fileNames = yourObjects.list(): null

2020-05-20 01:37:19 - [TEST_STEP][PASSED] - testObjects = new java.util.ArrayList(): null

2020-05-20 01:37:19 - [TEST_STEP][PASSED] - for ([i = 0, i < length, (i++)]): null

2020-05-20 01:37:19 - [TEST_STEP][PASSED] - if (fileNames[i].contains(".rs")): null

2020-05-20 01:37:19 - [TEST_STEP][PASSED] - if (fileNames[i].contains(".rs")): null

2020-05-20 01:37:19 - [TEST_STEP][PASSED] - fileNames[i] = fileNames[i].replace(".rs", ""): null

2020-05-20 01:37:19 - [TEST_STEP][PASSED] - testObjects.add(objectSubFolder + fileNames[i]): null

2020-05-20 01:37:19 - [TEST_STEP][PASSED] - if (fileNames[i].contains(".rs")): null

2020-05-20 01:37:19 - [TEST_STEP][PASSED] - fileNames[i] = fileNames[i].replace(".rs", ""): null

2020-05-20 01:37:19 - [TEST_STEP][PASSED] - testObjects.add(objectSubFolder + fileNames[i]): null

2020-05-20 01:37:19 - [TEST_STEP][PASSED] - if (fileNames[i].contains(".rs")): null

2020-05-20 01:37:19 - [TEST_STEP][PASSED] - fileNames[i] = fileNames[i].replace(".rs", ""): null

2020-05-20 01:37:19 - [TEST_STEP][PASSED] - testObjects.add(objectSubFolder + fileNames[i]): null

2020-05-20 01:37:19 - [TEST_STEP][PASSED] - if (fileNames[i].contains(".rs")): null

2020-05-20 01:37:19 - [TEST_STEP][PASSED] - if (fileNames[i].contains(".rs")): null

2020-05-20 01:37:19 - [TEST_STEP][PASSED] - fileNames[i] = fileNames[i].replace(".rs", ""): null

2020-05-20 01:37:19 - [TEST_STEP][PASSED] - testObjects.add(objectSubFolder + fileNames[i]): null

2020-05-20 01:37:19 - [TEST_STEP][PASSED] - if (fileNames[i].contains(".rs")): null

2020-05-20 01:37:19 - [TEST_STEP][PASSED] - fileNames[i] = fileNames[i].replace(".rs", ""): null

2020-05-20 01:37:19 - [TEST_STEP][PASSED] - testObjects.add(objectSubFolder + fileNames[i]): null

2020-05-20 01:37:19 - [TEST_STEP][PASSED] - if (fileNames[i].contains(".rs")): null

2020-05-20 01:37:19 - [TEST_STEP][PASSED] - fileNames[i] = fileNames[i].replace(".rs", ""): null

2020-05-20 01:37:19 - [TEST_STEP][PASSED] - testObjects.add(objectSubFolder + fileNames[i]): null

2020-05-20 01:37:19 - [TEST_STEP][PASSED] - if (fileNames[i].contains(".rs")): null

2020-05-20 01:37:19 - [TEST_STEP][PASSED] - if (fileNames[i].contains(".rs")): null

2020-05-20 01:37:19 - [TEST_STEP][PASSED] - fileNames[i] = fileNames[i].replace(".rs", ""): null

2020-05-20 01:37:19 - [TEST_STEP][PASSED] - testObjects.add(objectSubFolder + fileNames[i]): null

2020-05-20 01:37:19 - [TEST_STEP][PASSED] - if (fileNames[i].contains(".rs")): null

2020-05-20 01:37:19 - [TEST_STEP][PASSED] - fileNames[i] = fileNames[i].replace(".rs", ""): null

2020-05-20 01:37:19 - [TEST_STEP][PASSED] - testObjects.add(objectSubFolder + fileNames[i]): null

2020-05-20 01:37:19 - [TEST_STEP][PASSED] - if (fileNames[i].contains(".rs")): null

2020-05-20 01:37:19 - [TEST_STEP][PASSED] - fileNames[i] = fileNames[i].replace(".rs", ""): null

2020-05-20 01:37:19 - [TEST_STEP][PASSED] - testObjects.add(objectSubFolder + fileNames[i]): null

2020-05-20 01:37:19 - [TEST_STEP][PASSED] - if (fileNames[i].contains(".rs")): null

2020-05-20 01:37:19 - [TEST_STEP][PASSED] - fileNames[i] = fileNames[i].replace(".rs", ""): null

2020-05-20 01:37:19 - [TEST_STEP][PASSED] - testObjects.add(objectSubFolder + fileNames[i]): null

2020-05-20 01:37:19 - [TEST_STEP][PASSED] - if (fileNames[i].contains(".rs")): null

2020-05-20 01:37:19 - [TEST_STEP][PASSED] - fileNames[i] = fileNames[i].replace(".rs", ""): null

2020-05-20 01:37:19 - [TEST_STEP][PASSED] - testObjects.add(objectSubFolder + fileNames[i]): null

2020-05-20 01:37:19 - [TEST_STEP][PASSED] - if (fileNames[i].contains(".rs")): null

2020-05-20 01:37:19 - [TEST_STEP][PASSED] - fileNames[i] = fileNames[i].replace(".rs", ""): null

2020-05-20 01:37:19 - [TEST_STEP][PASSED] - testObjects.add(objectSubFolder + fileNames[i]): null

2020-05-20 01:37:19 - [TEST_STEP][PASSED] - if (fileNames[i].contains(".rs")): null

2020-05-20 01:37:19 - [TEST_STEP][PASSED] - fileNames[i] = fileNames[i].replace(".rs", ""): null

2020-05-20 01:37:19 - [TEST_STEP][PASSED] - testObjects.add(objectSubFolder + fileNames[i]): null

2020-05-20 01:37:19 - [TEST_STEP][PASSED] - if (fileNames[i].contains(".rs")): null

2020-05-20 01:37:19 - [TEST_STEP][PASSED] - fileNames[i] = fileNames[i].replace(".rs", ""): null

2020-05-20 01:37:19 - [TEST_STEP][PASSED] - testObjects.add(objectSubFolder + fileNames[i]): null

2020-05-20 01:37:19 - [TEST_STEP][PASSED] - if (fileNames[i].contains(".rs")): null

2020-05-20 01:37:19 - [TEST_STEP][PASSED] - fileNames[i] = fileNames[i].replace(".rs", ""): null

2020-05-20 01:37:19 - [TEST_STEP][PASSED] - testObjects.add(objectSubFolder + fileNames[i]): null

2020-05-20 01:37:19 - [TEST_STEP][PASSED] - if (fileNames[i].contains(".rs")): null

2020-05-20 01:37:19 - [TEST_STEP][PASSED] - fileNames[i] = fileNames[i].replace(".rs", ""): null

2020-05-20 01:37:19 - [TEST_STEP][PASSED] - testObjects.add(objectSubFolder + fileNames[i]): null

2020-05-20 01:37:19 - [TEST_STEP][PASSED] - if (fileNames[i].contains(".rs")): null

2020-05-20 01:37:19 - [TEST_STEP][PASSED] - fileNames[i] = fileNames[i].replace(".rs", ""): null

2020-05-20 01:37:19 - [TEST_STEP][PASSED] - testObjects.add(objectSubFolder + fileNames[i]): null

2020-05-20 01:37:19 - [TEST_STEP][PASSED] - for (String obj : testObjects): Object 'Object Repository/Web RoomMe.id\Community Page\Community Registration\Textfield Mobile Number' is visible

2020-05-20 01:37:19 - [TEST_STEP][PASSED] - verifyElementVisible(findTestObject(obj)): Object 'Object Repository/Web RoomMe.id\Community Page\Community Registration\Button Submit' is visible

2020-05-20 01:37:20 - [MESSAGE][PASSED] - Object 'Object Repository/Web RoomMe.id\Community Page\Community Registration\Button Submit' is visible

2020-05-20 01:37:20 - [TEST_STEP][PASSED] - verifyElementVisible(findTestObject(obj)): Object 'Object Repository/Web RoomMe.id\Community Page\Community Registration\Dropdown Interest Default' is visible

2020-05-20 01:37:20 - [MESSAGE][PASSED] - Object 'Object Repository/Web RoomMe.id\Community Page\Community Registration\Dropdown Interest Default' is visible

2020-05-20 01:37:20 - [TEST_STEP][PASSED] - verifyElementVisible(findTestObject(obj)): Object 'Object Repository/Web RoomMe.id\Community Page\Community Registration\Dropdown Interest' is visible

2020-05-20 01:37:21 - [MESSAGE][PASSED] - Object 'Object Repository/Web RoomMe.id\Community Page\Community Registration\Dropdown Interest' is visible

2020-05-20 01:37:21 - [TEST_STEP][PASSED] - verifyElementVisible(findTestObject(obj)): Object 'Object Repository/Web RoomMe.id\Community Page\Community Registration\Image 2020 RoomMe All Right Reserved' is visible

2020-05-20 01:37:21 - [MESSAGE][PASSED] - Object 'Object Repository/Web RoomMe.id\Community Page\Community Registration\Image 2020 RoomMe All Right Reserved' is visible

2020-05-20 01:37:21 - [TEST_STEP][PASSED] - verifyElementVisible(findTestObject(obj)): Object 'Object Repository/Web RoomMe.id\Community Page\Community Registration\RadioButton Female' is visible

2020-05-20 01:37:21 - [MESSAGE][PASSED] - Object 'Object Repository/Web RoomMe.id\Community Page\Community Registration\RadioButton Female' is visible

2020-05-20 01:37:21 - [TEST_STEP][PASSED] - verifyElementVisible(findTestObject(obj)): Object 'Object Repository/Web RoomMe.id\Community Page\Community Registration\RadioButton Male' is visible

2020-05-20 01:37:22 - [MESSAGE][PASSED] - Object 'Object Repository/Web RoomMe.id\Community Page\Community Registration\RadioButton Male' is visible

2020-05-20 01:37:22 - [TEST_STEP][PASSED] - verifyElementVisible(findTestObject(obj)): Object 'Object Repository/Web RoomMe.id\Community Page\Community Registration\Text Birthdate' is visible

2020-05-20 01:37:22 - [MESSAGE][PASSED] - Object 'Object Repository/Web RoomMe.id\Community Page\Community Registration\Text Birthdate' is visible

2020-05-20 01:37:22 - [TEST_STEP][PASSED] - verifyElementVisible(findTestObject(obj)): Object 'Object Repository/Web RoomMe.id\Community Page\Community Registration\Text Community Registration' is visible

2020-05-20 01:37:23 - [MESSAGE][PASSED] - Object 'Object Repository/Web RoomMe.id\Community Page\Community Registration\Text Community Registration' is visible

2020-05-20 01:37:23 - [TEST_STEP][PASSED] - verifyElementVisible(findTestObject(obj)): Object 'Object Repository/Web RoomMe.id\Community Page\Community Registration\Text Email Address' is visible

2020-05-20 01:37:23 - [MESSAGE][PASSED] - Object 'Object Repository/Web RoomMe.id\Community Page\Community Registration\Text Email Address' is visible

2020-05-20 01:37:23 - [TEST_STEP][PASSED] - verifyElementVisible(findTestObject(obj)): Object 'Object Repository/Web RoomMe.id\Community Page\Community Registration\Text Full Name' is visible

2020-05-20 01:37:24 - [MESSAGE][PASSED] - Object 'Object Repository/Web RoomMe.id\Community Page\Community Registration\Text Full Name' is visible

2020-05-20 01:37:24 - [TEST_STEP][PASSED] - verifyElementVisible(findTestObject(obj)): Object 'Object Repository/Web RoomMe.id\Community Page\Community Registration\Text Gender' is visible

2020-05-20 01:37:24 - [MESSAGE][PASSED] - Object 'Object Repository/Web RoomMe.id\Community Page\Community Registration\Text Gender' is visible

2020-05-20 01:37:24 - [TEST_STEP][PASSED] - verifyElementVisible(findTestObject(obj)): Object 'Object Repository/Web RoomMe.id\Community Page\Community Registration\Text Interest' is visible

2020-05-20 01:37:24 - [MESSAGE][PASSED] - Object 'Object Repository/Web RoomMe.id\Community Page\Community Registration\Text Interest' is visible

2020-05-20 01:37:24 - [TEST_STEP][PASSED] - verifyElementVisible(findTestObject(obj)): Object 'Object Repository/Web RoomMe.id\Community Page\Community Registration\Text Mobile Number' is visible

2020-05-20 01:37:25 - [MESSAGE][PASSED] - Object 'Object Repository/Web RoomMe.id\Community Page\Community Registration\Text Mobile Number' is visible

2020-05-20 01:37:25 - [TEST_STEP][PASSED] - verifyElementVisible(findTestObject(obj)): Object 'Object Repository/Web RoomMe.id\Community Page\Community Registration\Text The minimum age allowed is 17 years' is visible

2020-05-20 01:37:25 - [MESSAGE][PASSED] - Object 'Object Repository/Web RoomMe.id\Community Page\Community Registration\Text The minimum age allowed is 17 years' is visible

2020-05-20 01:37:25 - [TEST_STEP][PASSED] - verifyElementVisible(findTestObject(obj)): Object 'Object Repository/Web RoomMe.id\Community Page\Community Registration\Textfield Email Address' is visible

2020-05-20 01:37:25 - [MESSAGE][PASSED] - Object 'Object Repository/Web RoomMe.id\Community Page\Community Registration\Textfield Email Address' is visible

2020-05-20 01:37:25 - [TEST_STEP][PASSED] - verifyElementVisible(findTestObject(obj)): Object 'Object Repository/Web RoomMe.id\Community Page\Community Registration\Textfield Full Name' is visible

2020-05-20 01:37:26 - [MESSAGE][PASSED] - Object 'Object Repository/Web RoomMe.id\Community Page\Community Registration\Textfield Full Name' is visible

2020-05-20 01:37:26 - [TEST_STEP][PASSED] - verifyElementVisible(findTestObject(obj)): Object 'Object Repository/Web RoomMe.id\Community Page\Community Registration\Textfield Mobile Number' is visible

2020-05-20 01:37:26 - [MESSAGE][PASSED] - Object 'Object Repository/Web RoomMe.id\Community Page\Community Registration\Textfield Mobile Number' is visible

2020-05-20 01:37:26 - [MESSAGE][PASSED] - Call Test Case 'Test Cases/Web RoomMe.id/20. Community Registration/1. Verify Registration Form' successfully

2020-05-20 01:37:26 - [TEST_STEP][PASSED] - waitForElementVisible(findTestObject("Web RoomMe.id/Community Page/Community Registration/Textfield Full Name"), 0): Object 'Object Repository/Web RoomMe.id/Community Page/Community Registration/Textfield Full Name' is visible

2020-05-20 01:37:26 - [MESSAGE][WARNING] - Timeout '0' is invalid. Using default page load timeout: '30'

2020-05-20 01:37:27 - [MESSAGE][PASSED] - Object 'Object Repository/Web RoomMe.id/Community Page/Community Registration/Textfield Full Name' is visible

2020-05-20 01:37:27 - [TEST_STEP][PASSED] - click(findTestObject("Web RoomMe.id/Community Page/Community Registration/Birthdate Datepicker/Datepicker Birthdate_date (1)")): Object: 'Object Repository/Web RoomMe.id/Community Page/Community Registration/Birthdate Datepicker/Datepicker Birthdate_date (1)' is clicked on

2020-05-20 01:37:27 - [MESSAGE][PASSED] - Object: 'Object Repository/Web RoomMe.id/Community Page/Community Registration/Birthdate Datepicker/Datepicker Birthdate_date (1)' is clicked on

2020-05-20 01:37:27 - [TEST_STEP][PASSED] - click(findTestObject("Web RoomMe.id/Community Page/Community Registration/Birthdate Datepicker/Button Day 1")): Object: 'Object Repository/Web RoomMe.id/Community Page/Community Registration/Birthdate Datepicker/Button Day 1' is clicked on

2020-05-20 01:37:28 - [MESSAGE][PASSED] - Object: 'Object Repository/Web RoomMe.id/Community Page/Community Registration/Birthdate Datepicker/Button Day 1' is clicked on

2020-05-20 01:37:28 - [TEST_STEP][PASSED] - sendKeys(findTestObject("Web RoomMe.id/Community Page/Community Registration/Textfield Mobile Number"), "081234567890"): Keys '081234567890' sent to object: 'Object Repository/Web RoomMe.id/Community Page/Community Registration/Textfield Mobile Number'

2020-05-20 01:37:29 - [MESSAGE][PASSED] - Keys '081234567890' sent to object: 'Object Repository/Web RoomMe.id/Community Page/Community Registration/Textfield Mobile Number'

2020-05-20 01:37:29 - [TEST_STEP][PASSED] - sendKeys(findTestObject("Web RoomMe.id/Community Page/Community Registration/Textfield Email Address"), "faldiat" + RandomStringUtils.randomNumeric(5)): Keys 'faldiat90839' sent to object: 'Object Repository/Web RoomMe.id/Community Page/Community Registration/Textfield Email Address'

2020-05-20 01:37:29 - [MESSAGE][PASSED] - Keys 'faldiat90839' sent to object: 'Object Repository/Web RoomMe.id/Community Page/Community Registration/Textfield Email Address'

2020-05-20 01:37:29 - [TEST_STEP][PASSED] - sendKeys(findTestObject("Web RoomMe.id/Community Page/Community Registration/Textfield Email Address"), "@gmail.com"): Keys '@gmail.com' sent to object: 'Object Repository/Web RoomMe.id/Community Page/Community Registration/Textfield Email Address'

2020-05-20 01:37:30 - [MESSAGE][PASSED] - Keys '@gmail.com' sent to object: 'Object Repository/Web RoomMe.id/Community Page/Community Registration/Textfield Email Address'

2020-05-20 01:37:30 - [TEST_STEP][PASSED] - selectOptionByIndex(findTestObject("Web RoomMe.id/Community Page/Community Registration/Dropdown Interest"), "4"): All options with index in [4] are selected on object 'Object Repository/Web RoomMe.id/Community Page/Community Registration/Dropdown Interest'

2020-05-20 01:37:31 - [MESSAGE][PASSED] - All options with index in [4] are selected on object 'Object Repository/Web RoomMe.id/Community Page/Community Registration/Dropdown Interest'

2020-05-20 01:37:31 - [TEST_STEP][PASSED] - sendKeys(findTestObject("Web RoomMe.id/Community Page/Community Registration/Textfield Full Name"), "Faldi"): Keys 'Faldi' sent to object: 'Object Repository/Web RoomMe.id/Community Page/Community Registration/Textfield Full Name'

2020-05-20 01:37:32 - [MESSAGE][PASSED] - Keys 'Faldi' sent to object: 'Object Repository/Web RoomMe.id/Community Page/Community Registration/Textfield Full Name'

2020-05-20 01:37:32 - [TEST_STEP][PASSED] - click(findTestObject("Web RoomMe.id/Community Page/Community Registration/Button Submit")): Object: 'Object Repository/Web RoomMe.id/Community Page/Community Registration/Button Submit' is clicked on

2020-05-20 01:37:33 - [MESSAGE][PASSED] - Object: 'Object Repository/Web RoomMe.id/Community Page/Community Registration/Button Submit' is clicked on

2020-05-20 01:37:33 - [TEST_STEP][PASSED] - waitForElementVisible(findTestObject("Web RoomMe.id/Community Page/Community Registration/Error Message/Text Gender is required"), 0): Object 'Object Repository/Web RoomMe.id/Community Page/Community Registration/Error Message/Text Gender is required' is visible

2020-05-20 01:37:33 - [MESSAGE][WARNING] - Timeout '0' is invalid. Using default page load timeout: '30'

2020-05-20 01:37:33 - [MESSAGE][PASSED] - Object 'Object Repository/Web RoomMe.id/Community Page/Community Registration/Error Message/Text Gender is required' is visible]]></system-out>
         <system-err><![CDATA[]]></system-err>
      </testcase>
      <testcase name="Test Cases/Web RoomMe.id/20. Community Registration/7. Customer Input Phone Number with Invalid Data" time="35.321" classname="Test Cases/Web RoomMe.id/20. Community Registration/7. Customer Input Phone Number with Invalid Data" status="PASSED">
         <system-out><![CDATA[2020-05-20 01:37:33 - [TEST_CASE][PASSED] - Test Cases/Web RoomMe.id/20. Community Registration/7. Customer Input Phone Number with Invalid Data: Test Cases/Web RoomMe.id/20. Community Registration/7. Customer Input Phone Number with Invalid Data

2020-05-20 01:37:34 - [TEST_STEP][PASSED] - callTestCase(findTestCase("Web RoomMe.id/6. Community/Customer Access Community Page"), [:], STOP_ON_FAILURE): Call Test Case 'Test Cases/Web RoomMe.id/6. Community/Customer Access Community Page' successfully

2020-05-20 01:37:34 - [TEST_CASE][PASSED] - Test Cases/Web RoomMe.id/6. Community/Customer Access Community Page: Test Cases/Web RoomMe.id/6. Community/Customer Access Community Page

2020-05-20 01:37:34 - [TEST_STEP][PASSED] - callTestCase(findTestCase("Web RoomMe.id/1. Homepage/1. Customer Access RoomMe Page"), [:], STOP_ON_FAILURE): Call Test Case 'Test Cases/Web RoomMe.id/1. Homepage/1. Customer Access RoomMe Page' successfully

2020-05-20 01:37:34 - [TEST_CASE][PASSED] - Test Cases/Web RoomMe.id/1. Homepage/1. Customer Access RoomMe Page: Test Cases/Web RoomMe.id/1. Homepage/1. Customer Access RoomMe Page

2020-05-20 01:37:34 - [TEST_STEP][PASSED] - openBrowser("https://web.roomme.id/"): Browser is opened with url: 'https://web.roomme.id/'

2020-05-20 01:37:34 - [MESSAGE][WARNING] - A browser is already opened. Closing browser and opening a new one

2020-05-20 01:37:35 - [MESSAGE][INFO] - Starting 'Chrome' driver

2020-05-20 01:37:52 - [MESSAGE][PASSED] - Browser is opened with url: 'https://web.roomme.id/'

2020-05-20 01:37:52 - [TEST_STEP][PASSED] - maximizeWindow(): Current window maximized

2020-05-20 01:37:55 - [MESSAGE][PASSED] - Current window maximized

2020-05-20 01:37:55 - [TEST_STEP][PASSED] - waitForPageLoad(0): Wait for page load successfully

2020-05-20 01:37:55 - [MESSAGE][WARNING] - Timeout '0' is invalid. Using default page load timeout: '30'

2020-05-20 01:37:55 - [MESSAGE][PASSED] - Wait for page load successfully

2020-05-20 01:37:55 - [MESSAGE][PASSED] - Call Test Case 'Test Cases/Web RoomMe.id/1. Homepage/1. Customer Access RoomMe Page' successfully

2020-05-20 01:37:55 - [TEST_STEP][PASSED] - waitForElementVisible(findTestObject("Web RoomMe.id/RoomMe.id Header/Button Community"), 30): Object 'Object Repository/Web RoomMe.id/RoomMe.id Header/Button Community' is visible

2020-05-20 01:37:56 - [MESSAGE][PASSED] - Object 'Object Repository/Web RoomMe.id/RoomMe.id Header/Button Community' is visible

2020-05-20 01:37:56 - [TEST_STEP][PASSED] - click(findTestObject("Web RoomMe.id/RoomMe.id Header/Button Community")): Object: 'Object Repository/Web RoomMe.id/RoomMe.id Header/Button Community' is clicked on

2020-05-20 01:37:58 - [MESSAGE][PASSED] - Object: 'Object Repository/Web RoomMe.id/RoomMe.id Header/Button Community' is clicked on

2020-05-20 01:37:58 - [TEST_STEP][PASSED] - waitForPageLoad(0): Wait for page load successfully

2020-05-20 01:37:58 - [MESSAGE][WARNING] - Timeout '0' is invalid. Using default page load timeout: '30'

2020-05-20 01:37:59 - [MESSAGE][PASSED] - Wait for page load successfully

2020-05-20 01:37:59 - [MESSAGE][PASSED] - Call Test Case 'Test Cases/Web RoomMe.id/6. Community/Customer Access Community Page' successfully

2020-05-20 01:37:59 - [TEST_STEP][PASSED] - waitForElementVisible(findTestObject("Web RoomMe.id/Community Page/Welcome Video/Button Continue on the Form Registration"), 0): Object 'Object Repository/Web RoomMe.id/Community Page/Welcome Video/Button Continue on the Form Registration' is visible

2020-05-20 01:37:59 - [MESSAGE][WARNING] - Timeout '0' is invalid. Using default page load timeout: '30'

2020-05-20 01:37:59 - [MESSAGE][PASSED] - Object 'Object Repository/Web RoomMe.id/Community Page/Welcome Video/Button Continue on the Form Registration' is visible

2020-05-20 01:37:59 - [TEST_STEP][PASSED] - click(findTestObject("Web RoomMe.id/Community Page/Welcome Video/Button Continue on the Form Registration")): Object: 'Object Repository/Web RoomMe.id/Community Page/Welcome Video/Button Continue on the Form Registration' is clicked on

2020-05-20 01:38:00 - [MESSAGE][PASSED] - Object: 'Object Repository/Web RoomMe.id/Community Page/Welcome Video/Button Continue on the Form Registration' is clicked on

2020-05-20 01:38:00 - [TEST_STEP][PASSED] - waitForElementVisible(findTestObject("Web RoomMe.id/Community Page/Community Registration/Textfield Mobile Number"), 0): Object 'Object Repository/Web RoomMe.id/Community Page/Community Registration/Textfield Mobile Number' is visible

2020-05-20 01:38:00 - [MESSAGE][WARNING] - Timeout '0' is invalid. Using default page load timeout: '30'

2020-05-20 01:38:01 - [MESSAGE][PASSED] - Object 'Object Repository/Web RoomMe.id/Community Page/Community Registration/Textfield Mobile Number' is visible

2020-05-20 01:38:01 - [TEST_STEP][PASSED] - sendKeys(findTestObject("Web RoomMe.id/Community Page/Community Registration/Textfield Mobile Number"), "ab"): Keys 'ab' sent to object: 'Object Repository/Web RoomMe.id/Community Page/Community Registration/Textfield Mobile Number'

2020-05-20 01:38:01 - [MESSAGE][PASSED] - Keys 'ab' sent to object: 'Object Repository/Web RoomMe.id/Community Page/Community Registration/Textfield Mobile Number'

2020-05-20 01:38:01 - [TEST_STEP][PASSED] - waitForElementVisible(findTestObject("Web RoomMe.id/Community Page/Community Registration/Error Message/Text Phone Number contains an invalid number"), 0): Object 'Object Repository/Web RoomMe.id/Community Page/Community Registration/Error Message/Text Phone Number contains an invalid number' is visible

2020-05-20 01:38:01 - [MESSAGE][WARNING] - Timeout '0' is invalid. Using default page load timeout: '30'

2020-05-20 01:38:02 - [MESSAGE][PASSED] - Object 'Object Repository/Web RoomMe.id/Community Page/Community Registration/Error Message/Text Phone Number contains an invalid number' is visible

2020-05-20 01:38:02 - [TEST_STEP][PASSED] - sendKeys(findTestObject("Web RoomMe.id/Community Page/Community Registration/Textfield Mobile Number"), Keys.chord(CONTROL, "a", BACK_SPACE)): Keys 'CONTROL + BACK_SPACE + a' sent to object: 'Object Repository/Web RoomMe.id/Community Page/Community Registration/Textfield Mobile Number'

2020-05-20 01:38:03 - [MESSAGE][PASSED] - Keys 'CONTROL + BACK_SPACE + a' sent to object: 'Object Repository/Web RoomMe.id/Community Page/Community Registration/Textfield Mobile Number'

2020-05-20 01:38:03 - [TEST_STEP][PASSED] - sendKeys(findTestObject("Web RoomMe.id/Community Page/Community Registration/Textfield Mobile Number"), "123"): Keys '123' sent to object: 'Object Repository/Web RoomMe.id/Community Page/Community Registration/Textfield Mobile Number'

2020-05-20 01:38:04 - [MESSAGE][PASSED] - Keys '123' sent to object: 'Object Repository/Web RoomMe.id/Community Page/Community Registration/Textfield Mobile Number'

2020-05-20 01:38:04 - [TEST_STEP][PASSED] - waitForElementVisible(findTestObject("Web RoomMe.id/Community Page/Community Registration/Error Message/Text Phone Number contains an invalid number"), 0): Object 'Object Repository/Web RoomMe.id/Community Page/Community Registration/Error Message/Text Phone Number contains an invalid number' is visible

2020-05-20 01:38:04 - [MESSAGE][WARNING] - Timeout '0' is invalid. Using default page load timeout: '30'

2020-05-20 01:38:04 - [MESSAGE][PASSED] - Object 'Object Repository/Web RoomMe.id/Community Page/Community Registration/Error Message/Text Phone Number contains an invalid number' is visible

2020-05-20 01:38:04 - [TEST_STEP][PASSED] - sendKeys(findTestObject("Web RoomMe.id/Community Page/Community Registration/Textfield Mobile Number"), Keys.chord(CONTROL, "a", BACK_SPACE)): Keys 'CONTROL + BACK_SPACE + a' sent to object: 'Object Repository/Web RoomMe.id/Community Page/Community Registration/Textfield Mobile Number'

2020-05-20 01:38:05 - [MESSAGE][PASSED] - Keys 'CONTROL + BACK_SPACE + a' sent to object: 'Object Repository/Web RoomMe.id/Community Page/Community Registration/Textfield Mobile Number'

2020-05-20 01:38:05 - [TEST_STEP][PASSED] - sendKeys(findTestObject("Web RoomMe.id/Community Page/Community Registration/Textfield Mobile Number"), "!@#$"): Keys '!@#$' sent to object: 'Object Repository/Web RoomMe.id/Community Page/Community Registration/Textfield Mobile Number'

2020-05-20 01:38:05 - [MESSAGE][PASSED] - Keys '!@#$' sent to object: 'Object Repository/Web RoomMe.id/Community Page/Community Registration/Textfield Mobile Number'

2020-05-20 01:38:05 - [TEST_STEP][PASSED] - waitForElementVisible(findTestObject("Web RoomMe.id/Community Page/Community Registration/Error Message/Text Phone Number contains an invalid number"), 0): Object 'Object Repository/Web RoomMe.id/Community Page/Community Registration/Error Message/Text Phone Number contains an invalid number' is visible

2020-05-20 01:38:05 - [MESSAGE][WARNING] - Timeout '0' is invalid. Using default page load timeout: '30'

2020-05-20 01:38:06 - [MESSAGE][PASSED] - Object 'Object Repository/Web RoomMe.id/Community Page/Community Registration/Error Message/Text Phone Number contains an invalid number' is visible

2020-05-20 01:38:06 - [TEST_STEP][PASSED] - sendKeys(findTestObject("Web RoomMe.id/Community Page/Community Registration/Textfield Mobile Number"), Keys.chord(CONTROL, "a", BACK_SPACE)): Keys 'CONTROL + BACK_SPACE + a' sent to object: 'Object Repository/Web RoomMe.id/Community Page/Community Registration/Textfield Mobile Number'

2020-05-20 01:38:06 - [MESSAGE][PASSED] - Keys 'CONTROL + BACK_SPACE + a' sent to object: 'Object Repository/Web RoomMe.id/Community Page/Community Registration/Textfield Mobile Number'

2020-05-20 01:38:06 - [TEST_STEP][PASSED] - sendKeys(findTestObject("Web RoomMe.id/Community Page/Community Registration/Textfield Mobile Number"), "abcde12345abcde12345abcde12345abcde12345abcde12345as"): Keys 'abcde12345abcde12345abcde12345abcde12345abcde12345as' sent to object: 'Object Repository/Web RoomMe.id/Community Page/Community Registration/Textfield Mobile Number'

2020-05-20 01:38:07 - [MESSAGE][PASSED] - Keys 'abcde12345abcde12345abcde12345abcde12345abcde12345as' sent to object: 'Object Repository/Web RoomMe.id/Community Page/Community Registration/Textfield Mobile Number'

2020-05-20 01:38:07 - [TEST_STEP][PASSED] - waitForElementVisible(findTestObject("Web RoomMe.id/Community Page/Community Registration/Error Message/Text Phone Number contains an invalid number"), 0): Object 'Object Repository/Web RoomMe.id/Community Page/Community Registration/Error Message/Text Phone Number contains an invalid number' is visible

2020-05-20 01:38:07 - [MESSAGE][WARNING] - Timeout '0' is invalid. Using default page load timeout: '30'

2020-05-20 01:38:08 - [MESSAGE][PASSED] - Object 'Object Repository/Web RoomMe.id/Community Page/Community Registration/Error Message/Text Phone Number contains an invalid number' is visible

2020-05-20 01:38:08 - [TEST_STEP][PASSED] - sendKeys(findTestObject("Web RoomMe.id/Community Page/Community Registration/Textfield Mobile Number"), Keys.chord(CONTROL, "a", BACK_SPACE)): Keys 'CONTROL + BACK_SPACE + a' sent to object: 'Object Repository/Web RoomMe.id/Community Page/Community Registration/Textfield Mobile Number'

2020-05-20 01:38:09 - [MESSAGE][PASSED] - Keys 'CONTROL + BACK_SPACE + a' sent to object: 'Object Repository/Web RoomMe.id/Community Page/Community Registration/Textfield Mobile Number']]></system-out>
         <system-err><![CDATA[]]></system-err>
      </testcase>
      <testcase name="Test Cases/Web RoomMe.id/20. Community Registration/8. Customer Register with Invalid Mobile Number" time="38.638" classname="Test Cases/Web RoomMe.id/20. Community Registration/8. Customer Register with Invalid Mobile Number" status="PASSED">
         <system-out><![CDATA[2020-05-20 01:38:09 - [TEST_CASE][PASSED] - Test Cases/Web RoomMe.id/20. Community Registration/8. Customer Register with Invalid Mobile Number: Test Cases/Web RoomMe.id/20. Community Registration/8. Customer Register with Invalid Mobile Number

2020-05-20 01:38:09 - [TEST_STEP][PASSED] - callTestCase(findTestCase("Web RoomMe.id/6. Community/Customer Access Community Page"), [:], STOP_ON_FAILURE): Call Test Case 'Test Cases/Web RoomMe.id/6. Community/Customer Access Community Page' successfully

2020-05-20 01:38:09 - [TEST_CASE][PASSED] - Test Cases/Web RoomMe.id/6. Community/Customer Access Community Page: Test Cases/Web RoomMe.id/6. Community/Customer Access Community Page

2020-05-20 01:38:09 - [TEST_STEP][PASSED] - callTestCase(findTestCase("Web RoomMe.id/1. Homepage/1. Customer Access RoomMe Page"), [:], STOP_ON_FAILURE): Call Test Case 'Test Cases/Web RoomMe.id/1. Homepage/1. Customer Access RoomMe Page' successfully

2020-05-20 01:38:09 - [TEST_CASE][PASSED] - Test Cases/Web RoomMe.id/1. Homepage/1. Customer Access RoomMe Page: Test Cases/Web RoomMe.id/1. Homepage/1. Customer Access RoomMe Page

2020-05-20 01:38:09 - [TEST_STEP][PASSED] - openBrowser("https://web.roomme.id/"): Browser is opened with url: 'https://web.roomme.id/'

2020-05-20 01:38:09 - [MESSAGE][WARNING] - A browser is already opened. Closing browser and opening a new one

2020-05-20 01:38:10 - [MESSAGE][INFO] - Starting 'Chrome' driver

2020-05-20 01:38:17 - [MESSAGE][PASSED] - Browser is opened with url: 'https://web.roomme.id/'

2020-05-20 01:38:17 - [TEST_STEP][PASSED] - maximizeWindow(): Current window maximized

2020-05-20 01:38:20 - [MESSAGE][PASSED] - Current window maximized

2020-05-20 01:38:20 - [TEST_STEP][PASSED] - waitForPageLoad(0): Wait for page load successfully

2020-05-20 01:38:20 - [MESSAGE][WARNING] - Timeout '0' is invalid. Using default page load timeout: '30'

2020-05-20 01:38:20 - [MESSAGE][PASSED] - Wait for page load successfully

2020-05-20 01:38:20 - [MESSAGE][PASSED] - Call Test Case 'Test Cases/Web RoomMe.id/1. Homepage/1. Customer Access RoomMe Page' successfully

2020-05-20 01:38:20 - [TEST_STEP][PASSED] - waitForElementVisible(findTestObject("Web RoomMe.id/RoomMe.id Header/Button Community"), 30): Object 'Object Repository/Web RoomMe.id/RoomMe.id Header/Button Community' is visible

2020-05-20 01:38:20 - [MESSAGE][PASSED] - Object 'Object Repository/Web RoomMe.id/RoomMe.id Header/Button Community' is visible

2020-05-20 01:38:20 - [TEST_STEP][PASSED] - click(findTestObject("Web RoomMe.id/RoomMe.id Header/Button Community")): Object: 'Object Repository/Web RoomMe.id/RoomMe.id Header/Button Community' is clicked on

2020-05-20 01:38:22 - [MESSAGE][PASSED] - Object: 'Object Repository/Web RoomMe.id/RoomMe.id Header/Button Community' is clicked on

2020-05-20 01:38:22 - [TEST_STEP][PASSED] - waitForPageLoad(0): Wait for page load successfully

2020-05-20 01:38:22 - [MESSAGE][WARNING] - Timeout '0' is invalid. Using default page load timeout: '30'

2020-05-20 01:38:24 - [MESSAGE][PASSED] - Wait for page load successfully

2020-05-20 01:38:24 - [MESSAGE][PASSED] - Call Test Case 'Test Cases/Web RoomMe.id/6. Community/Customer Access Community Page' successfully

2020-05-20 01:38:24 - [TEST_STEP][PASSED] - waitForElementVisible(findTestObject("Web RoomMe.id/Community Page/Welcome Video/Button Continue on the Form Registration"), 0): Object 'Object Repository/Web RoomMe.id/Community Page/Welcome Video/Button Continue on the Form Registration' is visible

2020-05-20 01:38:24 - [MESSAGE][WARNING] - Timeout '0' is invalid. Using default page load timeout: '30'

2020-05-20 01:38:25 - [MESSAGE][PASSED] - Object 'Object Repository/Web RoomMe.id/Community Page/Welcome Video/Button Continue on the Form Registration' is visible

2020-05-20 01:38:25 - [TEST_STEP][PASSED] - click(findTestObject("Web RoomMe.id/Community Page/Welcome Video/Button Continue on the Form Registration"), STOP_ON_FAILURE): Object: 'Object Repository/Web RoomMe.id/Community Page/Welcome Video/Button Continue on the Form Registration' is clicked on

2020-05-20 01:38:25 - [MESSAGE][PASSED] - Object: 'Object Repository/Web RoomMe.id/Community Page/Welcome Video/Button Continue on the Form Registration' is clicked on

2020-05-20 01:38:25 - [TEST_STEP][PASSED] - callTestCase(findTestCase("Web RoomMe.id/20. Community Registration/1. Verify Registration Form"), [:], STOP_ON_FAILURE): Call Test Case 'Test Cases/Web RoomMe.id/20. Community Registration/1. Verify Registration Form' successfully

2020-05-20 01:38:25 - [TEST_CASE][PASSED] - Test Cases/Web RoomMe.id/20. Community Registration/1. Verify Registration Form: Test Cases/Web RoomMe.id/20. Community Registration/1. Verify Registration Form

2020-05-20 01:38:25 - [TEST_STEP][PASSED] - objectSubFolder = "Web RoomMe.id\Community Page\Community Registration\": null

2020-05-20 01:38:25 - [TEST_STEP][PASSED] - pathToObjRep = getProjectDir() + "\Object Repository\" + objectSubFolder: null

2020-05-20 01:38:25 - [TEST_STEP][PASSED] - yourObjects = new java.io.File(pathToObjRep): null

2020-05-20 01:38:25 - [TEST_STEP][PASSED] - fileNames = yourObjects.list(): null

2020-05-20 01:38:25 - [TEST_STEP][PASSED] - testObjects = new java.util.ArrayList(): null

2020-05-20 01:38:25 - [TEST_STEP][PASSED] - for ([i = 0, i < length, (i++)]): null

2020-05-20 01:38:25 - [TEST_STEP][PASSED] - if (fileNames[i].contains(".rs")): null

2020-05-20 01:38:25 - [TEST_STEP][PASSED] - if (fileNames[i].contains(".rs")): null

2020-05-20 01:38:25 - [TEST_STEP][PASSED] - fileNames[i] = fileNames[i].replace(".rs", ""): null

2020-05-20 01:38:25 - [TEST_STEP][PASSED] - testObjects.add(objectSubFolder + fileNames[i]): null

2020-05-20 01:38:25 - [TEST_STEP][PASSED] - if (fileNames[i].contains(".rs")): null

2020-05-20 01:38:25 - [TEST_STEP][PASSED] - fileNames[i] = fileNames[i].replace(".rs", ""): null

2020-05-20 01:38:25 - [TEST_STEP][PASSED] - testObjects.add(objectSubFolder + fileNames[i]): null

2020-05-20 01:38:25 - [TEST_STEP][PASSED] - if (fileNames[i].contains(".rs")): null

2020-05-20 01:38:25 - [TEST_STEP][PASSED] - fileNames[i] = fileNames[i].replace(".rs", ""): null

2020-05-20 01:38:25 - [TEST_STEP][PASSED] - testObjects.add(objectSubFolder + fileNames[i]): null

2020-05-20 01:38:25 - [TEST_STEP][PASSED] - if (fileNames[i].contains(".rs")): null

2020-05-20 01:38:25 - [TEST_STEP][PASSED] - if (fileNames[i].contains(".rs")): null

2020-05-20 01:38:25 - [TEST_STEP][PASSED] - fileNames[i] = fileNames[i].replace(".rs", ""): null

2020-05-20 01:38:25 - [TEST_STEP][PASSED] - testObjects.add(objectSubFolder + fileNames[i]): null

2020-05-20 01:38:25 - [TEST_STEP][PASSED] - if (fileNames[i].contains(".rs")): null

2020-05-20 01:38:25 - [TEST_STEP][PASSED] - fileNames[i] = fileNames[i].replace(".rs", ""): null

2020-05-20 01:38:25 - [TEST_STEP][PASSED] - testObjects.add(objectSubFolder + fileNames[i]): null

2020-05-20 01:38:25 - [TEST_STEP][PASSED] - if (fileNames[i].contains(".rs")): null

2020-05-20 01:38:25 - [TEST_STEP][PASSED] - fileNames[i] = fileNames[i].replace(".rs", ""): null

2020-05-20 01:38:25 - [TEST_STEP][PASSED] - testObjects.add(objectSubFolder + fileNames[i]): null

2020-05-20 01:38:25 - [TEST_STEP][PASSED] - if (fileNames[i].contains(".rs")): null

2020-05-20 01:38:25 - [TEST_STEP][PASSED] - if (fileNames[i].contains(".rs")): null

2020-05-20 01:38:25 - [TEST_STEP][PASSED] - fileNames[i] = fileNames[i].replace(".rs", ""): null

2020-05-20 01:38:25 - [TEST_STEP][PASSED] - testObjects.add(objectSubFolder + fileNames[i]): null

2020-05-20 01:38:25 - [TEST_STEP][PASSED] - if (fileNames[i].contains(".rs")): null

2020-05-20 01:38:25 - [TEST_STEP][PASSED] - fileNames[i] = fileNames[i].replace(".rs", ""): null

2020-05-20 01:38:25 - [TEST_STEP][PASSED] - testObjects.add(objectSubFolder + fileNames[i]): null

2020-05-20 01:38:25 - [TEST_STEP][PASSED] - if (fileNames[i].contains(".rs")): null

2020-05-20 01:38:25 - [TEST_STEP][PASSED] - fileNames[i] = fileNames[i].replace(".rs", ""): null

2020-05-20 01:38:25 - [TEST_STEP][PASSED] - testObjects.add(objectSubFolder + fileNames[i]): null

2020-05-20 01:38:25 - [TEST_STEP][PASSED] - if (fileNames[i].contains(".rs")): null

2020-05-20 01:38:25 - [TEST_STEP][PASSED] - fileNames[i] = fileNames[i].replace(".rs", ""): null

2020-05-20 01:38:25 - [TEST_STEP][PASSED] - testObjects.add(objectSubFolder + fileNames[i]): null

2020-05-20 01:38:25 - [TEST_STEP][PASSED] - if (fileNames[i].contains(".rs")): null

2020-05-20 01:38:25 - [TEST_STEP][PASSED] - fileNames[i] = fileNames[i].replace(".rs", ""): null

2020-05-20 01:38:25 - [TEST_STEP][PASSED] - testObjects.add(objectSubFolder + fileNames[i]): null

2020-05-20 01:38:25 - [TEST_STEP][PASSED] - if (fileNames[i].contains(".rs")): null

2020-05-20 01:38:25 - [TEST_STEP][PASSED] - fileNames[i] = fileNames[i].replace(".rs", ""): null

2020-05-20 01:38:25 - [TEST_STEP][PASSED] - testObjects.add(objectSubFolder + fileNames[i]): null

2020-05-20 01:38:25 - [TEST_STEP][PASSED] - if (fileNames[i].contains(".rs")): null

2020-05-20 01:38:25 - [TEST_STEP][PASSED] - fileNames[i] = fileNames[i].replace(".rs", ""): null

2020-05-20 01:38:25 - [TEST_STEP][PASSED] - testObjects.add(objectSubFolder + fileNames[i]): null

2020-05-20 01:38:25 - [TEST_STEP][PASSED] - if (fileNames[i].contains(".rs")): null

2020-05-20 01:38:25 - [TEST_STEP][PASSED] - fileNames[i] = fileNames[i].replace(".rs", ""): null

2020-05-20 01:38:25 - [TEST_STEP][PASSED] - testObjects.add(objectSubFolder + fileNames[i]): null

2020-05-20 01:38:25 - [TEST_STEP][PASSED] - if (fileNames[i].contains(".rs")): null

2020-05-20 01:38:25 - [TEST_STEP][PASSED] - fileNames[i] = fileNames[i].replace(".rs", ""): null

2020-05-20 01:38:25 - [TEST_STEP][PASSED] - testObjects.add(objectSubFolder + fileNames[i]): null

2020-05-20 01:38:25 - [TEST_STEP][PASSED] - if (fileNames[i].contains(".rs")): null

2020-05-20 01:38:25 - [TEST_STEP][PASSED] - fileNames[i] = fileNames[i].replace(".rs", ""): null

2020-05-20 01:38:25 - [TEST_STEP][PASSED] - testObjects.add(objectSubFolder + fileNames[i]): null

2020-05-20 01:38:25 - [TEST_STEP][PASSED] - if (fileNames[i].contains(".rs")): null

2020-05-20 01:38:25 - [TEST_STEP][PASSED] - fileNames[i] = fileNames[i].replace(".rs", ""): null

2020-05-20 01:38:25 - [TEST_STEP][PASSED] - testObjects.add(objectSubFolder + fileNames[i]): null

2020-05-20 01:38:25 - [TEST_STEP][PASSED] - for (String obj : testObjects): Object 'Object Repository/Web RoomMe.id\Community Page\Community Registration\Textfield Mobile Number' is visible

2020-05-20 01:38:25 - [TEST_STEP][PASSED] - verifyElementVisible(findTestObject(obj)): Object 'Object Repository/Web RoomMe.id\Community Page\Community Registration\Button Submit' is visible

2020-05-20 01:38:26 - [MESSAGE][PASSED] - Object 'Object Repository/Web RoomMe.id\Community Page\Community Registration\Button Submit' is visible

2020-05-20 01:38:26 - [TEST_STEP][PASSED] - verifyElementVisible(findTestObject(obj)): Object 'Object Repository/Web RoomMe.id\Community Page\Community Registration\Dropdown Interest Default' is visible

2020-05-20 01:38:26 - [MESSAGE][PASSED] - Object 'Object Repository/Web RoomMe.id\Community Page\Community Registration\Dropdown Interest Default' is visible

2020-05-20 01:38:26 - [TEST_STEP][PASSED] - verifyElementVisible(findTestObject(obj)): Object 'Object Repository/Web RoomMe.id\Community Page\Community Registration\Dropdown Interest' is visible

2020-05-20 01:38:27 - [MESSAGE][PASSED] - Object 'Object Repository/Web RoomMe.id\Community Page\Community Registration\Dropdown Interest' is visible

2020-05-20 01:38:27 - [TEST_STEP][PASSED] - verifyElementVisible(findTestObject(obj)): Object 'Object Repository/Web RoomMe.id\Community Page\Community Registration\Image 2020 RoomMe All Right Reserved' is visible

2020-05-20 01:38:27 - [MESSAGE][PASSED] - Object 'Object Repository/Web RoomMe.id\Community Page\Community Registration\Image 2020 RoomMe All Right Reserved' is visible

2020-05-20 01:38:27 - [TEST_STEP][PASSED] - verifyElementVisible(findTestObject(obj)): Object 'Object Repository/Web RoomMe.id\Community Page\Community Registration\RadioButton Female' is visible

2020-05-20 01:38:27 - [MESSAGE][PASSED] - Object 'Object Repository/Web RoomMe.id\Community Page\Community Registration\RadioButton Female' is visible

2020-05-20 01:38:27 - [TEST_STEP][PASSED] - verifyElementVisible(findTestObject(obj)): Object 'Object Repository/Web RoomMe.id\Community Page\Community Registration\RadioButton Male' is visible

2020-05-20 01:38:28 - [MESSAGE][PASSED] - Object 'Object Repository/Web RoomMe.id\Community Page\Community Registration\RadioButton Male' is visible

2020-05-20 01:38:28 - [TEST_STEP][PASSED] - verifyElementVisible(findTestObject(obj)): Object 'Object Repository/Web RoomMe.id\Community Page\Community Registration\Text Birthdate' is visible

2020-05-20 01:38:29 - [MESSAGE][PASSED] - Object 'Object Repository/Web RoomMe.id\Community Page\Community Registration\Text Birthdate' is visible

2020-05-20 01:38:29 - [TEST_STEP][PASSED] - verifyElementVisible(findTestObject(obj)): Object 'Object Repository/Web RoomMe.id\Community Page\Community Registration\Text Community Registration' is visible

2020-05-20 01:38:29 - [MESSAGE][PASSED] - Object 'Object Repository/Web RoomMe.id\Community Page\Community Registration\Text Community Registration' is visible

2020-05-20 01:38:29 - [TEST_STEP][PASSED] - verifyElementVisible(findTestObject(obj)): Object 'Object Repository/Web RoomMe.id\Community Page\Community Registration\Text Email Address' is visible

2020-05-20 01:38:29 - [MESSAGE][PASSED] - Object 'Object Repository/Web RoomMe.id\Community Page\Community Registration\Text Email Address' is visible

2020-05-20 01:38:29 - [TEST_STEP][PASSED] - verifyElementVisible(findTestObject(obj)): Object 'Object Repository/Web RoomMe.id\Community Page\Community Registration\Text Full Name' is visible

2020-05-20 01:38:30 - [MESSAGE][PASSED] - Object 'Object Repository/Web RoomMe.id\Community Page\Community Registration\Text Full Name' is visible

2020-05-20 01:38:30 - [TEST_STEP][PASSED] - verifyElementVisible(findTestObject(obj)): Object 'Object Repository/Web RoomMe.id\Community Page\Community Registration\Text Gender' is visible

2020-05-20 01:38:30 - [MESSAGE][PASSED] - Object 'Object Repository/Web RoomMe.id\Community Page\Community Registration\Text Gender' is visible

2020-05-20 01:38:30 - [TEST_STEP][PASSED] - verifyElementVisible(findTestObject(obj)): Object 'Object Repository/Web RoomMe.id\Community Page\Community Registration\Text Interest' is visible

2020-05-20 01:38:30 - [MESSAGE][PASSED] - Object 'Object Repository/Web RoomMe.id\Community Page\Community Registration\Text Interest' is visible

2020-05-20 01:38:30 - [TEST_STEP][PASSED] - verifyElementVisible(findTestObject(obj)): Object 'Object Repository/Web RoomMe.id\Community Page\Community Registration\Text Mobile Number' is visible

2020-05-20 01:38:31 - [MESSAGE][PASSED] - Object 'Object Repository/Web RoomMe.id\Community Page\Community Registration\Text Mobile Number' is visible

2020-05-20 01:38:31 - [TEST_STEP][PASSED] - verifyElementVisible(findTestObject(obj)): Object 'Object Repository/Web RoomMe.id\Community Page\Community Registration\Text The minimum age allowed is 17 years' is visible

2020-05-20 01:38:31 - [MESSAGE][PASSED] - Object 'Object Repository/Web RoomMe.id\Community Page\Community Registration\Text The minimum age allowed is 17 years' is visible

2020-05-20 01:38:31 - [TEST_STEP][PASSED] - verifyElementVisible(findTestObject(obj)): Object 'Object Repository/Web RoomMe.id\Community Page\Community Registration\Textfield Email Address' is visible

2020-05-20 01:38:31 - [MESSAGE][PASSED] - Object 'Object Repository/Web RoomMe.id\Community Page\Community Registration\Textfield Email Address' is visible

2020-05-20 01:38:31 - [TEST_STEP][PASSED] - verifyElementVisible(findTestObject(obj)): Object 'Object Repository/Web RoomMe.id\Community Page\Community Registration\Textfield Full Name' is visible

2020-05-20 01:38:32 - [MESSAGE][PASSED] - Object 'Object Repository/Web RoomMe.id\Community Page\Community Registration\Textfield Full Name' is visible

2020-05-20 01:38:32 - [TEST_STEP][PASSED] - verifyElementVisible(findTestObject(obj)): Object 'Object Repository/Web RoomMe.id\Community Page\Community Registration\Textfield Mobile Number' is visible

2020-05-20 01:38:32 - [MESSAGE][PASSED] - Object 'Object Repository/Web RoomMe.id\Community Page\Community Registration\Textfield Mobile Number' is visible

2020-05-20 01:38:32 - [MESSAGE][PASSED] - Call Test Case 'Test Cases/Web RoomMe.id/20. Community Registration/1. Verify Registration Form' successfully

2020-05-20 01:38:32 - [TEST_STEP][PASSED] - waitForElementVisible(findTestObject("Web RoomMe.id/Community Page/Community Registration/Textfield Full Name"), 0): Object 'Object Repository/Web RoomMe.id/Community Page/Community Registration/Textfield Full Name' is visible

2020-05-20 01:38:32 - [MESSAGE][WARNING] - Timeout '0' is invalid. Using default page load timeout: '30'

2020-05-20 01:38:32 - [MESSAGE][PASSED] - Object 'Object Repository/Web RoomMe.id/Community Page/Community Registration/Textfield Full Name' is visible

2020-05-20 01:38:32 - [TEST_STEP][PASSED] - sendKeys(findTestObject("Web RoomMe.id/Community Page/Community Registration/Textfield Full Name"), "Faldi"): Keys 'Faldi' sent to object: 'Object Repository/Web RoomMe.id/Community Page/Community Registration/Textfield Full Name'

2020-05-20 01:38:33 - [MESSAGE][PASSED] - Keys 'Faldi' sent to object: 'Object Repository/Web RoomMe.id/Community Page/Community Registration/Textfield Full Name'

2020-05-20 01:38:33 - [TEST_STEP][PASSED] - click(findTestObject("Web RoomMe.id/Community Page/Community Registration/RadioButton Male")): Object: 'Object Repository/Web RoomMe.id/Community Page/Community Registration/RadioButton Male' is clicked on

2020-05-20 01:38:33 - [MESSAGE][PASSED] - Object: 'Object Repository/Web RoomMe.id/Community Page/Community Registration/RadioButton Male' is clicked on

2020-05-20 01:38:33 - [TEST_STEP][PASSED] - click(findTestObject("Web RoomMe.id/Community Page/Community Registration/Birthdate Datepicker/Datepicker Birthdate_date (1)")): Object: 'Object Repository/Web RoomMe.id/Community Page/Community Registration/Birthdate Datepicker/Datepicker Birthdate_date (1)' is clicked on

2020-05-20 01:38:34 - [MESSAGE][PASSED] - Object: 'Object Repository/Web RoomMe.id/Community Page/Community Registration/Birthdate Datepicker/Datepicker Birthdate_date (1)' is clicked on

2020-05-20 01:38:34 - [TEST_STEP][PASSED] - click(findTestObject("Web RoomMe.id/Community Page/Community Registration/Birthdate Datepicker/Button Day 1")): Object: 'Object Repository/Web RoomMe.id/Community Page/Community Registration/Birthdate Datepicker/Button Day 1' is clicked on

2020-05-20 01:38:35 - [MESSAGE][PASSED] - Object: 'Object Repository/Web RoomMe.id/Community Page/Community Registration/Birthdate Datepicker/Button Day 1' is clicked on

2020-05-20 01:38:35 - [TEST_STEP][PASSED] - sendKeys(findTestObject("Web RoomMe.id/Community Page/Community Registration/Textfield Email Address"), "faldiat" + RandomStringUtils.randomNumeric(5)): Keys 'faldiat72155' sent to object: 'Object Repository/Web RoomMe.id/Community Page/Community Registration/Textfield Email Address'

2020-05-20 01:38:36 - [MESSAGE][PASSED] - Keys 'faldiat72155' sent to object: 'Object Repository/Web RoomMe.id/Community Page/Community Registration/Textfield Email Address'

2020-05-20 01:38:36 - [TEST_STEP][PASSED] - sendKeys(findTestObject("Web RoomMe.id/Community Page/Community Registration/Textfield Email Address"), "@gmail.com"): Keys '@gmail.com' sent to object: 'Object Repository/Web RoomMe.id/Community Page/Community Registration/Textfield Email Address'

2020-05-20 01:38:36 - [MESSAGE][PASSED] - Keys '@gmail.com' sent to object: 'Object Repository/Web RoomMe.id/Community Page/Community Registration/Textfield Email Address'

2020-05-20 01:38:36 - [TEST_STEP][PASSED] - selectOptionByIndex(findTestObject("Web RoomMe.id/Community Page/Community Registration/Dropdown Interest"), "4"): All options with index in [4] are selected on object 'Object Repository/Web RoomMe.id/Community Page/Community Registration/Dropdown Interest'

2020-05-20 01:38:38 - [MESSAGE][PASSED] - All options with index in [4] are selected on object 'Object Repository/Web RoomMe.id/Community Page/Community Registration/Dropdown Interest'

2020-05-20 01:38:38 - [TEST_STEP][PASSED] - click(findTestObject("Web RoomMe.id/Community Page/Community Registration/Button Submit")): Object: 'Object Repository/Web RoomMe.id/Community Page/Community Registration/Button Submit' is clicked on

2020-05-20 01:38:38 - [MESSAGE][PASSED] - Object: 'Object Repository/Web RoomMe.id/Community Page/Community Registration/Button Submit' is clicked on

2020-05-20 01:38:38 - [TEST_STEP][PASSED] - waitForElementVisible(findTestObject("Web RoomMe.id/Community Page/Community Registration/Error Message/Text Phone is required"), 0): Object 'Object Repository/Web RoomMe.id/Community Page/Community Registration/Error Message/Text Phone is required' is visible

2020-05-20 01:38:38 - [MESSAGE][WARNING] - Timeout '0' is invalid. Using default page load timeout: '30'

2020-05-20 01:38:39 - [MESSAGE][PASSED] - Object 'Object Repository/Web RoomMe.id/Community Page/Community Registration/Error Message/Text Phone is required' is visible

2020-05-20 01:38:39 - [TEST_STEP][PASSED] - sendKeys(findTestObject("Web RoomMe.id/Community Page/Community Registration/Textfield Mobile Number"), "ab"): Keys 'ab' sent to object: 'Object Repository/Web RoomMe.id/Community Page/Community Registration/Textfield Mobile Number'

2020-05-20 01:38:39 - [MESSAGE][PASSED] - Keys 'ab' sent to object: 'Object Repository/Web RoomMe.id/Community Page/Community Registration/Textfield Mobile Number'

2020-05-20 01:38:39 - [TEST_STEP][PASSED] - waitForElementVisible(findTestObject("Web RoomMe.id/Community Page/Community Registration/Error Message/Text Phone Number contains an invalid number"), 0): Object 'Object Repository/Web RoomMe.id/Community Page/Community Registration/Error Message/Text Phone Number contains an invalid number' is visible

2020-05-20 01:38:39 - [MESSAGE][WARNING] - Timeout '0' is invalid. Using default page load timeout: '30'

2020-05-20 01:38:40 - [MESSAGE][PASSED] - Object 'Object Repository/Web RoomMe.id/Community Page/Community Registration/Error Message/Text Phone Number contains an invalid number' is visible

2020-05-20 01:38:40 - [TEST_STEP][PASSED] - click(findTestObject("Web RoomMe.id/Community Page/Community Registration/Button Submit")): Object: 'Object Repository/Web RoomMe.id/Community Page/Community Registration/Button Submit' is clicked on

2020-05-20 01:38:40 - [MESSAGE][PASSED] - Object: 'Object Repository/Web RoomMe.id/Community Page/Community Registration/Button Submit' is clicked on

2020-05-20 01:38:40 - [TEST_STEP][PASSED] - sendKeys(findTestObject("Web RoomMe.id/Community Page/Community Registration/Textfield Mobile Number"), Keys.chord(CONTROL, "a", BACK_SPACE)): Keys 'CONTROL + BACK_SPACE + a' sent to object: 'Object Repository/Web RoomMe.id/Community Page/Community Registration/Textfield Mobile Number'

2020-05-20 01:38:41 - [MESSAGE][PASSED] - Keys 'CONTROL + BACK_SPACE + a' sent to object: 'Object Repository/Web RoomMe.id/Community Page/Community Registration/Textfield Mobile Number'

2020-05-20 01:38:41 - [TEST_STEP][PASSED] - sendKeys(findTestObject("Web RoomMe.id/Community Page/Community Registration/Textfield Mobile Number"), "123"): Keys '123' sent to object: 'Object Repository/Web RoomMe.id/Community Page/Community Registration/Textfield Mobile Number'

2020-05-20 01:38:41 - [MESSAGE][PASSED] - Keys '123' sent to object: 'Object Repository/Web RoomMe.id/Community Page/Community Registration/Textfield Mobile Number'

2020-05-20 01:38:41 - [TEST_STEP][PASSED] - waitForElementVisible(findTestObject("Web RoomMe.id/Community Page/Community Registration/Error Message/Text Phone Number contains an invalid number"), 0): Object 'Object Repository/Web RoomMe.id/Community Page/Community Registration/Error Message/Text Phone Number contains an invalid number' is visible

2020-05-20 01:38:41 - [MESSAGE][WARNING] - Timeout '0' is invalid. Using default page load timeout: '30'

2020-05-20 01:38:42 - [MESSAGE][PASSED] - Object 'Object Repository/Web RoomMe.id/Community Page/Community Registration/Error Message/Text Phone Number contains an invalid number' is visible

2020-05-20 01:38:42 - [TEST_STEP][PASSED] - click(findTestObject("Web RoomMe.id/Community Page/Community Registration/Button Submit")): Object: 'Object Repository/Web RoomMe.id/Community Page/Community Registration/Button Submit' is clicked on

2020-05-20 01:38:42 - [MESSAGE][PASSED] - Object: 'Object Repository/Web RoomMe.id/Community Page/Community Registration/Button Submit' is clicked on

2020-05-20 01:38:42 - [TEST_STEP][PASSED] - sendKeys(findTestObject("Web RoomMe.id/Community Page/Community Registration/Textfield Mobile Number"), Keys.chord(CONTROL, "a", BACK_SPACE)): Keys 'CONTROL + BACK_SPACE + a' sent to object: 'Object Repository/Web RoomMe.id/Community Page/Community Registration/Textfield Mobile Number'

2020-05-20 01:38:43 - [MESSAGE][PASSED] - Keys 'CONTROL + BACK_SPACE + a' sent to object: 'Object Repository/Web RoomMe.id/Community Page/Community Registration/Textfield Mobile Number'

2020-05-20 01:38:43 - [TEST_STEP][PASSED] - sendKeys(findTestObject("Web RoomMe.id/Community Page/Community Registration/Textfield Mobile Number"), "!@#$"): Keys '!@#$' sent to object: 'Object Repository/Web RoomMe.id/Community Page/Community Registration/Textfield Mobile Number'

2020-05-20 01:38:43 - [MESSAGE][PASSED] - Keys '!@#$' sent to object: 'Object Repository/Web RoomMe.id/Community Page/Community Registration/Textfield Mobile Number'

2020-05-20 01:38:43 - [TEST_STEP][PASSED] - waitForElementVisible(findTestObject("Web RoomMe.id/Community Page/Community Registration/Error Message/Text Phone Number contains an invalid number"), 0): Object 'Object Repository/Web RoomMe.id/Community Page/Community Registration/Error Message/Text Phone Number contains an invalid number' is visible

2020-05-20 01:38:43 - [MESSAGE][WARNING] - Timeout '0' is invalid. Using default page load timeout: '30'

2020-05-20 01:38:44 - [MESSAGE][PASSED] - Object 'Object Repository/Web RoomMe.id/Community Page/Community Registration/Error Message/Text Phone Number contains an invalid number' is visible

2020-05-20 01:38:44 - [TEST_STEP][PASSED] - click(findTestObject("Web RoomMe.id/Community Page/Community Registration/Button Submit")): Object: 'Object Repository/Web RoomMe.id/Community Page/Community Registration/Button Submit' is clicked on

2020-05-20 01:38:44 - [MESSAGE][PASSED] - Object: 'Object Repository/Web RoomMe.id/Community Page/Community Registration/Button Submit' is clicked on

2020-05-20 01:38:44 - [TEST_STEP][PASSED] - sendKeys(findTestObject("Web RoomMe.id/Community Page/Community Registration/Textfield Mobile Number"), Keys.chord(CONTROL, "a", BACK_SPACE)): Keys 'CONTROL + BACK_SPACE + a' sent to object: 'Object Repository/Web RoomMe.id/Community Page/Community Registration/Textfield Mobile Number'

2020-05-20 01:38:45 - [MESSAGE][PASSED] - Keys 'CONTROL + BACK_SPACE + a' sent to object: 'Object Repository/Web RoomMe.id/Community Page/Community Registration/Textfield Mobile Number'

2020-05-20 01:38:45 - [TEST_STEP][PASSED] - sendKeys(findTestObject("Web RoomMe.id/Community Page/Community Registration/Textfield Mobile Number"), "abcde12345abcde12345abcde12345abcde12345abcde12345as"): Keys 'abcde12345abcde12345abcde12345abcde12345abcde12345as' sent to object: 'Object Repository/Web RoomMe.id/Community Page/Community Registration/Textfield Mobile Number'

2020-05-20 01:38:46 - [MESSAGE][PASSED] - Keys 'abcde12345abcde12345abcde12345abcde12345abcde12345as' sent to object: 'Object Repository/Web RoomMe.id/Community Page/Community Registration/Textfield Mobile Number'

2020-05-20 01:38:46 - [TEST_STEP][PASSED] - waitForElementVisible(findTestObject("Web RoomMe.id/Community Page/Community Registration/Error Message/Text Phone Number contains an invalid number"), 0): Object 'Object Repository/Web RoomMe.id/Community Page/Community Registration/Error Message/Text Phone Number contains an invalid number' is visible

2020-05-20 01:38:46 - [MESSAGE][WARNING] - Timeout '0' is invalid. Using default page load timeout: '30'

2020-05-20 01:38:47 - [MESSAGE][PASSED] - Object 'Object Repository/Web RoomMe.id/Community Page/Community Registration/Error Message/Text Phone Number contains an invalid number' is visible

2020-05-20 01:38:47 - [TEST_STEP][PASSED] - click(findTestObject("Web RoomMe.id/Community Page/Community Registration/Button Submit")): Object: 'Object Repository/Web RoomMe.id/Community Page/Community Registration/Button Submit' is clicked on

2020-05-20 01:38:47 - [MESSAGE][PASSED] - Object: 'Object Repository/Web RoomMe.id/Community Page/Community Registration/Button Submit' is clicked on]]></system-out>
         <system-err><![CDATA[]]></system-err>
      </testcase>
      <testcase name="Test Cases/Web RoomMe.id/20. Community Registration/9. Customer Input Email Address with Invalid Data" time="31.058" classname="Test Cases/Web RoomMe.id/20. Community Registration/9. Customer Input Email Address with Invalid Data" status="PASSED">
         <system-out><![CDATA[2020-05-20 01:38:47 - [TEST_CASE][PASSED] - Test Cases/Web RoomMe.id/20. Community Registration/9. Customer Input Email Address with Invalid Data: Test Cases/Web RoomMe.id/20. Community Registration/9. Customer Input Email Address with Invalid Data

2020-05-20 01:38:47 - [TEST_STEP][PASSED] - callTestCase(findTestCase("Web RoomMe.id/6. Community/Customer Access Community Page"), [:], STOP_ON_FAILURE): Call Test Case 'Test Cases/Web RoomMe.id/6. Community/Customer Access Community Page' successfully

2020-05-20 01:38:48 - [TEST_CASE][PASSED] - Test Cases/Web RoomMe.id/6. Community/Customer Access Community Page: Test Cases/Web RoomMe.id/6. Community/Customer Access Community Page

2020-05-20 01:38:48 - [TEST_STEP][PASSED] - callTestCase(findTestCase("Web RoomMe.id/1. Homepage/1. Customer Access RoomMe Page"), [:], STOP_ON_FAILURE): Call Test Case 'Test Cases/Web RoomMe.id/1. Homepage/1. Customer Access RoomMe Page' successfully

2020-05-20 01:38:48 - [TEST_CASE][PASSED] - Test Cases/Web RoomMe.id/1. Homepage/1. Customer Access RoomMe Page: Test Cases/Web RoomMe.id/1. Homepage/1. Customer Access RoomMe Page

2020-05-20 01:38:48 - [TEST_STEP][PASSED] - openBrowser("https://web.roomme.id/"): Browser is opened with url: 'https://web.roomme.id/'

2020-05-20 01:38:48 - [MESSAGE][WARNING] - A browser is already opened. Closing browser and opening a new one

2020-05-20 01:38:48 - [MESSAGE][INFO] - Starting 'Chrome' driver

2020-05-20 01:38:55 - [MESSAGE][PASSED] - Browser is opened with url: 'https://web.roomme.id/'

2020-05-20 01:38:55 - [TEST_STEP][PASSED] - maximizeWindow(): Current window maximized

2020-05-20 01:38:57 - [MESSAGE][PASSED] - Current window maximized

2020-05-20 01:38:57 - [TEST_STEP][PASSED] - waitForPageLoad(0): Wait for page load successfully

2020-05-20 01:38:57 - [MESSAGE][WARNING] - Timeout '0' is invalid. Using default page load timeout: '30'

2020-05-20 01:38:57 - [MESSAGE][PASSED] - Wait for page load successfully

2020-05-20 01:38:57 - [MESSAGE][PASSED] - Call Test Case 'Test Cases/Web RoomMe.id/1. Homepage/1. Customer Access RoomMe Page' successfully

2020-05-20 01:38:57 - [TEST_STEP][PASSED] - waitForElementVisible(findTestObject("Web RoomMe.id/RoomMe.id Header/Button Community"), 30): Object 'Object Repository/Web RoomMe.id/RoomMe.id Header/Button Community' is visible

2020-05-20 01:38:58 - [MESSAGE][PASSED] - Object 'Object Repository/Web RoomMe.id/RoomMe.id Header/Button Community' is visible

2020-05-20 01:38:58 - [TEST_STEP][PASSED] - click(findTestObject("Web RoomMe.id/RoomMe.id Header/Button Community")): Object: 'Object Repository/Web RoomMe.id/RoomMe.id Header/Button Community' is clicked on

2020-05-20 01:39:00 - [MESSAGE][PASSED] - Object: 'Object Repository/Web RoomMe.id/RoomMe.id Header/Button Community' is clicked on

2020-05-20 01:39:00 - [TEST_STEP][PASSED] - waitForPageLoad(0): Wait for page load successfully

2020-05-20 01:39:00 - [MESSAGE][WARNING] - Timeout '0' is invalid. Using default page load timeout: '30'

2020-05-20 01:39:02 - [MESSAGE][PASSED] - Wait for page load successfully

2020-05-20 01:39:02 - [MESSAGE][PASSED] - Call Test Case 'Test Cases/Web RoomMe.id/6. Community/Customer Access Community Page' successfully

2020-05-20 01:39:02 - [TEST_STEP][PASSED] - waitForElementVisible(findTestObject("Web RoomMe.id/Community Page/Welcome Video/Button Continue on the Form Registration"), 0): Object 'Object Repository/Web RoomMe.id/Community Page/Welcome Video/Button Continue on the Form Registration' is visible

2020-05-20 01:39:02 - [MESSAGE][WARNING] - Timeout '0' is invalid. Using default page load timeout: '30'

2020-05-20 01:39:03 - [MESSAGE][PASSED] - Object 'Object Repository/Web RoomMe.id/Community Page/Welcome Video/Button Continue on the Form Registration' is visible

2020-05-20 01:39:03 - [TEST_STEP][PASSED] - click(findTestObject("Web RoomMe.id/Community Page/Welcome Video/Button Continue on the Form Registration")): Object: 'Object Repository/Web RoomMe.id/Community Page/Welcome Video/Button Continue on the Form Registration' is clicked on

2020-05-20 01:39:03 - [MESSAGE][PASSED] - Object: 'Object Repository/Web RoomMe.id/Community Page/Welcome Video/Button Continue on the Form Registration' is clicked on

2020-05-20 01:39:03 - [TEST_STEP][PASSED] - waitForElementVisible(findTestObject("Web RoomMe.id/Community Page/Community Registration/Textfield Email Address"), 0): Object 'Object Repository/Web RoomMe.id/Community Page/Community Registration/Textfield Email Address' is visible

2020-05-20 01:39:03 - [MESSAGE][WARNING] - Timeout '0' is invalid. Using default page load timeout: '30'

2020-05-20 01:39:04 - [MESSAGE][PASSED] - Object 'Object Repository/Web RoomMe.id/Community Page/Community Registration/Textfield Email Address' is visible

2020-05-20 01:39:04 - [TEST_STEP][PASSED] - sendKeys(findTestObject("Web RoomMe.id/Community Page/Community Registration/Textfield Email Address"), "ab"): Keys 'ab' sent to object: 'Object Repository/Web RoomMe.id/Community Page/Community Registration/Textfield Email Address'

2020-05-20 01:39:04 - [MESSAGE][PASSED] - Keys 'ab' sent to object: 'Object Repository/Web RoomMe.id/Community Page/Community Registration/Textfield Email Address'

2020-05-20 01:39:04 - [TEST_STEP][PASSED] - waitForElementVisible(findTestObject("Web RoomMe.id/Community Page/Community Registration/Error Message/Text Email is not valid"), 0): Object 'Object Repository/Web RoomMe.id/Community Page/Community Registration/Error Message/Text Email is not valid' is visible

2020-05-20 01:39:04 - [MESSAGE][WARNING] - Timeout '0' is invalid. Using default page load timeout: '30'

2020-05-20 01:39:05 - [MESSAGE][PASSED] - Object 'Object Repository/Web RoomMe.id/Community Page/Community Registration/Error Message/Text Email is not valid' is visible

2020-05-20 01:39:05 - [TEST_STEP][PASSED] - sendKeys(findTestObject("Web RoomMe.id/Community Page/Community Registration/Textfield Email Address"), Keys.chord(CONTROL, "a", BACK_SPACE)): Keys 'CONTROL + BACK_SPACE + a' sent to object: 'Object Repository/Web RoomMe.id/Community Page/Community Registration/Textfield Email Address'

2020-05-20 01:39:05 - [MESSAGE][PASSED] - Keys 'CONTROL + BACK_SPACE + a' sent to object: 'Object Repository/Web RoomMe.id/Community Page/Community Registration/Textfield Email Address'

2020-05-20 01:39:05 - [TEST_STEP][PASSED] - sendKeys(findTestObject("Web RoomMe.id/Community Page/Community Registration/Textfield Email Address"), "123"): Keys '123' sent to object: 'Object Repository/Web RoomMe.id/Community Page/Community Registration/Textfield Email Address'

2020-05-20 01:39:06 - [MESSAGE][PASSED] - Keys '123' sent to object: 'Object Repository/Web RoomMe.id/Community Page/Community Registration/Textfield Email Address'

2020-05-20 01:39:06 - [TEST_STEP][PASSED] - waitForElementVisible(findTestObject("Web RoomMe.id/Community Page/Community Registration/Error Message/Text Email is not valid"), 0): Object 'Object Repository/Web RoomMe.id/Community Page/Community Registration/Error Message/Text Email is not valid' is visible

2020-05-20 01:39:06 - [MESSAGE][WARNING] - Timeout '0' is invalid. Using default page load timeout: '30'

2020-05-20 01:39:07 - [MESSAGE][PASSED] - Object 'Object Repository/Web RoomMe.id/Community Page/Community Registration/Error Message/Text Email is not valid' is visible

2020-05-20 01:39:07 - [TEST_STEP][PASSED] - sendKeys(findTestObject("Web RoomMe.id/Community Page/Community Registration/Textfield Email Address"), Keys.chord(CONTROL, "a", BACK_SPACE)): Keys 'CONTROL + BACK_SPACE + a' sent to object: 'Object Repository/Web RoomMe.id/Community Page/Community Registration/Textfield Email Address'

2020-05-20 01:39:07 - [MESSAGE][PASSED] - Keys 'CONTROL + BACK_SPACE + a' sent to object: 'Object Repository/Web RoomMe.id/Community Page/Community Registration/Textfield Email Address'

2020-05-20 01:39:07 - [TEST_STEP][PASSED] - sendKeys(findTestObject("Web RoomMe.id/Community Page/Community Registration/Textfield Email Address"), "!@#$"): Keys '!@#$' sent to object: 'Object Repository/Web RoomMe.id/Community Page/Community Registration/Textfield Email Address'

2020-05-20 01:39:08 - [MESSAGE][PASSED] - Keys '!@#$' sent to object: 'Object Repository/Web RoomMe.id/Community Page/Community Registration/Textfield Email Address'

2020-05-20 01:39:08 - [TEST_STEP][PASSED] - waitForElementVisible(findTestObject("Web RoomMe.id/Community Page/Community Registration/Error Message/Text Email is not valid"), 0): Object 'Object Repository/Web RoomMe.id/Community Page/Community Registration/Error Message/Text Email is not valid' is visible

2020-05-20 01:39:08 - [MESSAGE][WARNING] - Timeout '0' is invalid. Using default page load timeout: '30'

2020-05-20 01:39:09 - [MESSAGE][PASSED] - Object 'Object Repository/Web RoomMe.id/Community Page/Community Registration/Error Message/Text Email is not valid' is visible

2020-05-20 01:39:09 - [TEST_STEP][PASSED] - sendKeys(findTestObject("Web RoomMe.id/Community Page/Community Registration/Textfield Email Address"), Keys.chord(CONTROL, "a", BACK_SPACE)): Keys 'CONTROL + BACK_SPACE + a' sent to object: 'Object Repository/Web RoomMe.id/Community Page/Community Registration/Textfield Email Address'

2020-05-20 01:39:09 - [MESSAGE][PASSED] - Keys 'CONTROL + BACK_SPACE + a' sent to object: 'Object Repository/Web RoomMe.id/Community Page/Community Registration/Textfield Email Address'

2020-05-20 01:39:09 - [TEST_STEP][PASSED] - sendKeys(findTestObject("Web RoomMe.id/Community Page/Community Registration/Textfield Email Address"), "abcde12345abcde12345abcde12345abcde12345abcde12345as"): Keys 'abcde12345abcde12345abcde12345abcde12345abcde12345as' sent to object: 'Object Repository/Web RoomMe.id/Community Page/Community Registration/Textfield Email Address'

2020-05-20 01:39:10 - [MESSAGE][PASSED] - Keys 'abcde12345abcde12345abcde12345abcde12345abcde12345as' sent to object: 'Object Repository/Web RoomMe.id/Community Page/Community Registration/Textfield Email Address'

2020-05-20 01:39:10 - [TEST_STEP][PASSED] - waitForElementVisible(findTestObject("Web RoomMe.id/Community Page/Community Registration/Error Message/Text Email is not valid"), 0): Object 'Object Repository/Web RoomMe.id/Community Page/Community Registration/Error Message/Text Email is not valid' is visible

2020-05-20 01:39:10 - [MESSAGE][WARNING] - Timeout '0' is invalid. Using default page load timeout: '30'

2020-05-20 01:39:11 - [MESSAGE][PASSED] - Object 'Object Repository/Web RoomMe.id/Community Page/Community Registration/Error Message/Text Email is not valid' is visible

2020-05-20 01:39:11 - [TEST_STEP][PASSED] - sendKeys(findTestObject("Web RoomMe.id/Community Page/Community Registration/Textfield Email Address"), Keys.chord(CONTROL, "a", BACK_SPACE)): Keys 'CONTROL + BACK_SPACE + a' sent to object: 'Object Repository/Web RoomMe.id/Community Page/Community Registration/Textfield Email Address'

2020-05-20 01:39:11 - [MESSAGE][PASSED] - Keys 'CONTROL + BACK_SPACE + a' sent to object: 'Object Repository/Web RoomMe.id/Community Page/Community Registration/Textfield Email Address'

2020-05-20 01:39:11 - [TEST_STEP][PASSED] - sendKeys(findTestObject("Web RoomMe.id/Community Page/Community Registration/Textfield Email Address"), "asd@"): Keys 'asd@' sent to object: 'Object Repository/Web RoomMe.id/Community Page/Community Registration/Textfield Email Address'

2020-05-20 01:39:12 - [MESSAGE][PASSED] - Keys 'asd@' sent to object: 'Object Repository/Web RoomMe.id/Community Page/Community Registration/Textfield Email Address'

2020-05-20 01:39:12 - [TEST_STEP][PASSED] - waitForElementVisible(findTestObject("Web RoomMe.id/Community Page/Community Registration/Error Message/Text Email is not valid"), 0): Object 'Object Repository/Web RoomMe.id/Community Page/Community Registration/Error Message/Text Email is not valid' is visible

2020-05-20 01:39:12 - [MESSAGE][WARNING] - Timeout '0' is invalid. Using default page load timeout: '30'

2020-05-20 01:39:13 - [MESSAGE][PASSED] - Object 'Object Repository/Web RoomMe.id/Community Page/Community Registration/Error Message/Text Email is not valid' is visible

2020-05-20 01:39:13 - [TEST_STEP][PASSED] - sendKeys(findTestObject("Web RoomMe.id/Community Page/Community Registration/Textfield Email Address"), Keys.chord(CONTROL, "a", BACK_SPACE)): Keys 'CONTROL + BACK_SPACE + a' sent to object: 'Object Repository/Web RoomMe.id/Community Page/Community Registration/Textfield Email Address'

2020-05-20 01:39:13 - [MESSAGE][PASSED] - Keys 'CONTROL + BACK_SPACE + a' sent to object: 'Object Repository/Web RoomMe.id/Community Page/Community Registration/Textfield Email Address'

2020-05-20 01:39:13 - [TEST_STEP][PASSED] - sendKeys(findTestObject("Web RoomMe.id/Community Page/Community Registration/Textfield Email Address"), "asd@get"): Keys 'asd@get' sent to object: 'Object Repository/Web RoomMe.id/Community Page/Community Registration/Textfield Email Address'

2020-05-20 01:39:14 - [MESSAGE][PASSED] - Keys 'asd@get' sent to object: 'Object Repository/Web RoomMe.id/Community Page/Community Registration/Textfield Email Address'

2020-05-20 01:39:14 - [TEST_STEP][PASSED] - waitForElementVisible(findTestObject("Web RoomMe.id/Community Page/Community Registration/Error Message/Text Email is not valid"), 0): Object 'Object Repository/Web RoomMe.id/Community Page/Community Registration/Error Message/Text Email is not valid' is visible

2020-05-20 01:39:14 - [MESSAGE][WARNING] - Timeout '0' is invalid. Using default page load timeout: '30'

2020-05-20 01:39:14 - [MESSAGE][PASSED] - Object 'Object Repository/Web RoomMe.id/Community Page/Community Registration/Error Message/Text Email is not valid' is visible

2020-05-20 01:39:14 - [TEST_STEP][PASSED] - sendKeys(findTestObject("Web RoomMe.id/Community Page/Community Registration/Textfield Email Address"), Keys.chord(CONTROL, "a", BACK_SPACE)): Keys 'CONTROL + BACK_SPACE + a' sent to object: 'Object Repository/Web RoomMe.id/Community Page/Community Registration/Textfield Email Address'

2020-05-20 01:39:15 - [MESSAGE][PASSED] - Keys 'CONTROL + BACK_SPACE + a' sent to object: 'Object Repository/Web RoomMe.id/Community Page/Community Registration/Textfield Email Address'

2020-05-20 01:39:15 - [TEST_STEP][PASSED] - sendKeys(findTestObject("Web RoomMe.id/Community Page/Community Registration/Textfield Email Address"), "asd@get."): Keys 'asd@get.' sent to object: 'Object Repository/Web RoomMe.id/Community Page/Community Registration/Textfield Email Address'

2020-05-20 01:39:16 - [MESSAGE][PASSED] - Keys 'asd@get.' sent to object: 'Object Repository/Web RoomMe.id/Community Page/Community Registration/Textfield Email Address'

2020-05-20 01:39:16 - [TEST_STEP][PASSED] - waitForElementVisible(findTestObject("Web RoomMe.id/Community Page/Community Registration/Error Message/Text Email is not valid"), 0): Object 'Object Repository/Web RoomMe.id/Community Page/Community Registration/Error Message/Text Email is not valid' is visible

2020-05-20 01:39:16 - [MESSAGE][WARNING] - Timeout '0' is invalid. Using default page load timeout: '30'

2020-05-20 01:39:16 - [MESSAGE][PASSED] - Object 'Object Repository/Web RoomMe.id/Community Page/Community Registration/Error Message/Text Email is not valid' is visible

2020-05-20 01:39:16 - [TEST_STEP][PASSED] - sendKeys(findTestObject("Web RoomMe.id/Community Page/Community Registration/Textfield Email Address"), Keys.chord(CONTROL, "a", BACK_SPACE)): Keys 'CONTROL + BACK_SPACE + a' sent to object: 'Object Repository/Web RoomMe.id/Community Page/Community Registration/Textfield Email Address'

2020-05-20 01:39:17 - [MESSAGE][PASSED] - Keys 'CONTROL + BACK_SPACE + a' sent to object: 'Object Repository/Web RoomMe.id/Community Page/Community Registration/Textfield Email Address'

2020-05-20 01:39:17 - [TEST_STEP][PASSED] - sendKeys(findTestObject("Web RoomMe.id/Community Page/Community Registration/Textfield Email Address"), "asd@get.c"): Keys 'asd@get.c' sent to object: 'Object Repository/Web RoomMe.id/Community Page/Community Registration/Textfield Email Address'

2020-05-20 01:39:17 - [MESSAGE][PASSED] - Keys 'asd@get.c' sent to object: 'Object Repository/Web RoomMe.id/Community Page/Community Registration/Textfield Email Address'

2020-05-20 01:39:17 - [TEST_STEP][PASSED] - waitForElementVisible(findTestObject("Web RoomMe.id/Community Page/Community Registration/Error Message/Text Email is not valid"), 0): Object 'Object Repository/Web RoomMe.id/Community Page/Community Registration/Error Message/Text Email is not valid' is visible

2020-05-20 01:39:17 - [MESSAGE][WARNING] - Timeout '0' is invalid. Using default page load timeout: '30'

2020-05-20 01:39:18 - [MESSAGE][PASSED] - Object 'Object Repository/Web RoomMe.id/Community Page/Community Registration/Error Message/Text Email is not valid' is visible]]></system-out>
         <system-err><![CDATA[]]></system-err>
      </testcase>
      <system-out><![CDATA[2020-05-20 01:28:00 - [TEST_SUITE][FAILED] - Customer Register in Community Page: Test Cases/Web RoomMe.id/20. Community Registration/1. Verify Registration Form FAILED.
Reason:
com.kms.katalon.core.exception.StepFailedException: Unable to verify object 'Object Repository/Web RoomMe.id\Community Page\Community Registration\Button Submit' is visible
	at com.kms.katalon.core.webui.keyword.internal.WebUIKeywordMain.stepFailed(WebUIKeywordMain.groovy:64)
	at com.kms.katalon.core.webui.keyword.internal.WebUIKeywordMain.runKeyword(WebUIKeywordMain.groovy:26)
	at com.kms.katalon.core.webui.keyword.builtin.VerifyElementVisibleKeyword.verifyElementVisible(VerifyElementVisibleKeyword.groovy:97)
	at com.kms.katalon.core.webui.keyword.builtin.VerifyElementVisibleKeyword.execute(VerifyElementVisibleKeyword.groovy:67)
	at com.kms.katalon.core.keyword.internal.KeywordExecutor.executeKeywordForPlatform(KeywordExecutor.groovy:60)
	at com.kms.katalon.core.webui.keyword.WebUiBuiltInKeywords.verifyElementVisible(WebUiBuiltInKeywords.groovy:372)
	at com.kms.katalon.core.webui.keyword.WebUiBuiltInKeywords$verifyElementVisible.call(Unknown Source)
	at 1. Verify Registration Form.run(1. Verify Registration Form:38)
	at com.kms.katalon.core.main.ScriptEngine.run(ScriptEngine.java:194)
	at com.kms.katalon.core.main.ScriptEngine.runScriptAsRawText(ScriptEngine.java:119)
	at com.kms.katalon.core.main.TestCaseExecutor.runScript(TestCaseExecutor.java:337)
	at com.kms.katalon.core.main.TestCaseExecutor.doExecute(TestCaseExecutor.java:328)
	at com.kms.katalon.core.main.TestCaseExecutor.processExecutionPhase(TestCaseExecutor.java:307)
	at com.kms.katalon.core.main.TestCaseExecutor.accessMainPhase(TestCaseExecutor.java:299)
	at com.kms.katalon.core.main.TestCaseExecutor.execute(TestCaseExecutor.java:233)
	at com.kms.katalon.core.main.TestSuiteExecutor.accessTestCaseMainPhase(TestSuiteExecutor.java:169)
	at com.kms.katalon.core.main.TestSuiteExecutor.accessTestSuiteMainPhase(TestSuiteExecutor.java:142)
	at com.kms.katalon.core.main.TestSuiteExecutor.execute(TestSuiteExecutor.java:91)
	at com.kms.katalon.core.main.TestCaseMain.startTestSuite(TestCaseMain.java:157)
	at com.kms.katalon.core.main.TestCaseMain$startTestSuite$0.call(Unknown Source)
	at TempTestSuite1589912870282.run(TempTestSuite1589912870282.groovy:36)
Caused by: com.kms.katalon.core.webui.exception.BrowserNotOpenedException: Browser is not opened
Build info: version: '3.141.59', revision: 'e82be7d358', time: '2018-11-14T08:25:53'
System info: host: 'LENNONOVO', ip: '192.168.1.14', os.name: 'Windows 10', os.arch: 'amd64', os.version: '10.0', java.version: '1.8.0_181'
Driver info: driver.version: unknown
	at com.kms.katalon.core.webui.driver.DriverFactory.verifyWebDriverIsOpen(DriverFactory.java:786)
	at com.kms.katalon.core.webui.driver.DriverFactory.verifyWebDriver(DriverFactory.java:771)
	at com.kms.katalon.core.webui.driver.DriverFactory.getWebDriver(DriverFactory.java:757)
	at com.kms.katalon.core.webui.common.WebUiCommonHelper.findWebElements(WebUiCommonHelper.java:712)
	at com.kms.katalon.core.webui.common.WebUiCommonHelper.findWebElement(WebUiCommonHelper.java:1109)
	at com.kms.katalon.core.webui.keyword.internal.WebUIAbstractKeyword.findWebElement(WebUIAbstractKeyword.groovy:27)
	at com.kms.katalon.core.webui.keyword.builtin.VerifyElementVisibleKeyword$_verifyElementVisible_closure1.doCall(VerifyElementVisibleKeyword.groovy:78)
	at com.kms.katalon.core.webui.keyword.builtin.VerifyElementVisibleKeyword$_verifyElementVisible_closure1.call(VerifyElementVisibleKeyword.groovy)
	at com.kms.katalon.core.webui.keyword.internal.WebUIKeywordMain.runKeyword(WebUIKeywordMain.groovy:20)
	... 19 more]]></system-out>
      <system-err><![CDATA[2020-05-20 01:28:00 - [TEST_SUITE][FAILED] - Customer Register in Community Page: Test Cases/Web RoomMe.id/20. Community Registration/1. Verify Registration Form FAILED.
Reason:
com.kms.katalon.core.exception.StepFailedException: Unable to verify object 'Object Repository/Web RoomMe.id\Community Page\Community Registration\Button Submit' is visible
	at com.kms.katalon.core.webui.keyword.internal.WebUIKeywordMain.stepFailed(WebUIKeywordMain.groovy:64)
	at com.kms.katalon.core.webui.keyword.internal.WebUIKeywordMain.runKeyword(WebUIKeywordMain.groovy:26)
	at com.kms.katalon.core.webui.keyword.builtin.VerifyElementVisibleKeyword.verifyElementVisible(VerifyElementVisibleKeyword.groovy:97)
	at com.kms.katalon.core.webui.keyword.builtin.VerifyElementVisibleKeyword.execute(VerifyElementVisibleKeyword.groovy:67)
	at com.kms.katalon.core.keyword.internal.KeywordExecutor.executeKeywordForPlatform(KeywordExecutor.groovy:60)
	at com.kms.katalon.core.webui.keyword.WebUiBuiltInKeywords.verifyElementVisible(WebUiBuiltInKeywords.groovy:372)
	at com.kms.katalon.core.webui.keyword.WebUiBuiltInKeywords$verifyElementVisible.call(Unknown Source)
	at 1. Verify Registration Form.run(1. Verify Registration Form:38)
	at com.kms.katalon.core.main.ScriptEngine.run(ScriptEngine.java:194)
	at com.kms.katalon.core.main.ScriptEngine.runScriptAsRawText(ScriptEngine.java:119)
	at com.kms.katalon.core.main.TestCaseExecutor.runScript(TestCaseExecutor.java:337)
	at com.kms.katalon.core.main.TestCaseExecutor.doExecute(TestCaseExecutor.java:328)
	at com.kms.katalon.core.main.TestCaseExecutor.processExecutionPhase(TestCaseExecutor.java:307)
	at com.kms.katalon.core.main.TestCaseExecutor.accessMainPhase(TestCaseExecutor.java:299)
	at com.kms.katalon.core.main.TestCaseExecutor.execute(TestCaseExecutor.java:233)
	at com.kms.katalon.core.main.TestSuiteExecutor.accessTestCaseMainPhase(TestSuiteExecutor.java:169)
	at com.kms.katalon.core.main.TestSuiteExecutor.accessTestSuiteMainPhase(TestSuiteExecutor.java:142)
	at com.kms.katalon.core.main.TestSuiteExecutor.execute(TestSuiteExecutor.java:91)
	at com.kms.katalon.core.main.TestCaseMain.startTestSuite(TestCaseMain.java:157)
	at com.kms.katalon.core.main.TestCaseMain$startTestSuite$0.call(Unknown Source)
	at TempTestSuite1589912870282.run(TempTestSuite1589912870282.groovy:36)
Caused by: com.kms.katalon.core.webui.exception.BrowserNotOpenedException: Browser is not opened
Build info: version: '3.141.59', revision: 'e82be7d358', time: '2018-11-14T08:25:53'
System info: host: 'LENNONOVO', ip: '192.168.1.14', os.name: 'Windows 10', os.arch: 'amd64', os.version: '10.0', java.version: '1.8.0_181'
Driver info: driver.version: unknown
	at com.kms.katalon.core.webui.driver.DriverFactory.verifyWebDriverIsOpen(DriverFactory.java:786)
	at com.kms.katalon.core.webui.driver.DriverFactory.verifyWebDriver(DriverFactory.java:771)
	at com.kms.katalon.core.webui.driver.DriverFactory.getWebDriver(DriverFactory.java:757)
	at com.kms.katalon.core.webui.common.WebUiCommonHelper.findWebElements(WebUiCommonHelper.java:712)
	at com.kms.katalon.core.webui.common.WebUiCommonHelper.findWebElement(WebUiCommonHelper.java:1109)
	at com.kms.katalon.core.webui.keyword.internal.WebUIAbstractKeyword.findWebElement(WebUIAbstractKeyword.groovy:27)
	at com.kms.katalon.core.webui.keyword.builtin.VerifyElementVisibleKeyword$_verifyElementVisible_closure1.doCall(VerifyElementVisibleKeyword.groovy:78)
	at com.kms.katalon.core.webui.keyword.builtin.VerifyElementVisibleKeyword$_verifyElementVisible_closure1.call(VerifyElementVisibleKeyword.groovy)
	at com.kms.katalon.core.webui.keyword.internal.WebUIKeywordMain.runKeyword(WebUIKeywordMain.groovy:20)
	... 19 more]]></system-err>
   </testsuite>
</testsuites>
