<?xml version="1.0" encoding="UTF-8"?>
<testsuites name="Customer Login" time="41.639" tests="2" failures="0" errors="0">
   <testsuite name="Customer Login" tests="2" failures="0" errors="0" time="41.639" timestamp="2020-02-27 16:08:45" hostname="Win 10 - LENNONOVO" id="Test Suites/Web RoomMe.id/Customer Login">
      <properties>
         <property name="deviceName" value=""/>
         <property name="devicePlatform" value=""/>
         <property name="logFolder" value="C:\\Users\\Faldi\\Katalon Studio\\RoomMe\\Reports\\20200227_160843\\Web RoomMe.id\\Customer Login\\20200227_160843"/>
         <property name="logFiles" value="C:\\Users\\Faldi\\Katalon Studio\\RoomMe\\Reports\\20200227_160843\\Web RoomMe.id\\Customer Login\\20200227_160843\\execution0.log"/>
         <property name="attachments" value=""/>
         <property name="hostName" value="Win 10 - LENNONOVO"/>
         <property name="os" value="Windows 10 64bit"/>
         <property name="katalonVersion" value="7.2.1.1"/>
         <property name="browser" value="Chrome 80.0.3987.100"/>
         <property name="hostAddress" value="10.241.84.162"/>
         <property name="sessionId" value="17d898f533c598662a9e4bf1f40196a9"/>
         <property name="seleniumVersion" value="3.141.59"/>
         <property name="proxyInformation" value="ProxyInformation{proxyOption=NO_PROXY, proxyServerType=HTTP, password=, proxyServerAddress=, proxyServerPort=0, executionList=}"/>
         <property name="platform" value="Windows 10"/>
      </properties>
      <testcase name="Test Cases/Web RoomMe.id/Verify Homepage" time="20.727" classname="Test Cases/Web RoomMe.id/Verify Homepage" status="PASSED">
         <system-out><![CDATA[2020-02-27 16:08:45 - [TEST_CASE][PASSED] - Test Cases/Web RoomMe.id/Verify Homepage: Test Cases/Web RoomMe.id/Verify Homepage

2020-02-27 16:08:45 - [TEST_STEP][PASSED] - openBrowser(""): Browser is opened with url: ''

2020-02-27 16:08:45 - [MESSAGE][INFO] - Starting 'Chrome' driver

2020-02-27 16:08:45 - [MESSAGE][INFO] - Action delay is set to 0 seconds

2020-02-27 16:08:51 - [MESSAGE][PASSED] - Browser is opened with url: ''

2020-02-27 16:08:51 - [TEST_STEP][PASSED] - navigateToUrl("https://web.roomme.id/"): Navigate to 'https://web.roomme.id/' successfully

2020-02-27 16:08:57 - [MESSAGE][PASSED] - Navigate to 'https://web.roomme.id/' successfully

2020-02-27 16:08:57 - [TEST_STEP][PASSED] - maximizeWindow(): Current window maximized

2020-02-27 16:09:01 - [MESSAGE][PASSED] - Current window maximized

2020-02-27 16:09:01 - [TEST_STEP][PASSED] - verifyElementVisible(findTestObject("Web RoomMe.id/RoomMe.id Homepage/Image Logo Header")): Object 'Object Repository/Web RoomMe.id/RoomMe.id Homepage/Image Logo Header' is visible

2020-02-27 16:09:02 - [MESSAGE][PASSED] - Object 'Object Repository/Web RoomMe.id/RoomMe.id Homepage/Image Logo Header' is visible

2020-02-27 16:09:02 - [TEST_STEP][PASSED] - verifyElementVisible(findTestObject("Web RoomMe.id/RoomMe.id Homepage/Button  Community")): Object 'Object Repository/Web RoomMe.id/RoomMe.id Homepage/Button  Community' is visible

2020-02-27 16:09:02 - [MESSAGE][PASSED] - Object 'Object Repository/Web RoomMe.id/RoomMe.id Homepage/Button  Community' is visible

2020-02-27 16:09:02 - [TEST_STEP][PASSED] - verifyElementVisible(findTestObject("Web RoomMe.id/RoomMe.id Homepage/Button Promo")): Object 'Object Repository/Web RoomMe.id/RoomMe.id Homepage/Button Promo' is visible

2020-02-27 16:09:02 - [MESSAGE][PASSED] - Object 'Object Repository/Web RoomMe.id/RoomMe.id Homepage/Button Promo' is visible

2020-02-27 16:09:02 - [TEST_STEP][PASSED] - verifyElementVisible(findTestObject("Web RoomMe.id/RoomMe.id Homepage/Button List Your Unit Here")): Object 'Object Repository/Web RoomMe.id/RoomMe.id Homepage/Button List Your Unit Here' is visible

2020-02-27 16:09:03 - [MESSAGE][PASSED] - Object 'Object Repository/Web RoomMe.id/RoomMe.id Homepage/Button List Your Unit Here' is visible

2020-02-27 16:09:03 - [TEST_STEP][PASSED] - verifyElementVisible(findTestObject("Web RoomMe.id/RoomMe.id Homepage/Button Sign In")): Object 'Object Repository/Web RoomMe.id/RoomMe.id Homepage/Button Sign In' is visible

2020-02-27 16:09:03 - [MESSAGE][PASSED] - Object 'Object Repository/Web RoomMe.id/RoomMe.id Homepage/Button Sign In' is visible

2020-02-27 16:09:03 - [TEST_STEP][PASSED] - verifyElementVisible(findTestObject("Web RoomMe.id/RoomMe.id Homepage/Button Sign Up")): Object 'Object Repository/Web RoomMe.id/RoomMe.id Homepage/Button Sign Up' is visible

2020-02-27 16:09:03 - [MESSAGE][PASSED] - Object 'Object Repository/Web RoomMe.id/RoomMe.id Homepage/Button Sign Up' is visible

2020-02-27 16:09:03 - [TEST_STEP][PASSED] - verifyElementVisible(findTestObject("Web RoomMe.id/RoomMe.id Homepage/Image Thumbnail Promo")): Object 'Object Repository/Web RoomMe.id/RoomMe.id Homepage/Image Thumbnail Promo' is visible

2020-02-27 16:09:04 - [MESSAGE][PASSED] - Object 'Object Repository/Web RoomMe.id/RoomMe.id Homepage/Image Thumbnail Promo' is visible

2020-02-27 16:09:04 - [TEST_STEP][PASSED] - verifyElementVisible(findTestObject("Web RoomMe.id/RoomMe.id Homepage/Field Search Box")): Object 'Object Repository/Web RoomMe.id/RoomMe.id Homepage/Field Search Box' is visible

2020-02-27 16:09:04 - [MESSAGE][PASSED] - Object 'Object Repository/Web RoomMe.id/RoomMe.id Homepage/Field Search Box' is visible

2020-02-27 16:09:04 - [TEST_STEP][PASSED] - verifyElementVisible(findTestObject("Web RoomMe.id/RoomMe.id Homepage/Field Amenities")): Object 'Object Repository/Web RoomMe.id/RoomMe.id Homepage/Field Amenities' is visible

2020-02-27 16:09:04 - [MESSAGE][PASSED] - Object 'Object Repository/Web RoomMe.id/RoomMe.id Homepage/Field Amenities' is visible

2020-02-27 16:09:04 - [TEST_STEP][PASSED] - verifyElementVisible(findTestObject("Web RoomMe.id/RoomMe.id Homepage/Field Connect to Instagram")): Object 'Object Repository/Web RoomMe.id/RoomMe.id Homepage/Field Connect to Instagram' is visible

2020-02-27 16:09:05 - [MESSAGE][PASSED] - Object 'Object Repository/Web RoomMe.id/RoomMe.id Homepage/Field Connect to Instagram' is visible

2020-02-27 16:09:05 - [TEST_STEP][PASSED] - verifyElementVisible(findTestObject("Web RoomMe.id/RoomMe.id Homepage/Field Reccomended Kost")): Object 'Object Repository/Web RoomMe.id/RoomMe.id Homepage/Field Reccomended Kost' is visible

2020-02-27 16:09:05 - [MESSAGE][PASSED] - Object 'Object Repository/Web RoomMe.id/RoomMe.id Homepage/Field Reccomended Kost' is visible

2020-02-27 16:09:05 - [TEST_STEP][PASSED] - verifyElementVisible(findTestObject("Web RoomMe.id/RoomMe.id Homepage/Field Footer")): Object 'Object Repository/Web RoomMe.id/RoomMe.id Homepage/Field Footer' is visible

2020-02-27 16:09:05 - [MESSAGE][PASSED] - Object 'Object Repository/Web RoomMe.id/RoomMe.id Homepage/Field Footer' is visible

2020-02-27 16:09:05 - [TEST_STEP][PASSED] - verifyElementVisible(findTestObject("Web RoomMe.id/RoomMe.id Homepage/Image Logo Footer")): Object 'Object Repository/Web RoomMe.id/RoomMe.id Homepage/Image Logo Footer' is visible

2020-02-27 16:09:05 - [MESSAGE][PASSED] - Object 'Object Repository/Web RoomMe.id/RoomMe.id Homepage/Image Logo Footer' is visible]]></system-out>
         <system-err><![CDATA[]]></system-err>
      </testcase>
      <testcase name="Test Cases/Web RoomMe.id/Customer Login" time="20.318" classname="Test Cases/Web RoomMe.id/Customer Login" status="PASSED">
         <system-out><![CDATA[2020-02-27 16:09:05 - [TEST_CASE][PASSED] - Test Cases/Web RoomMe.id/Customer Login: Test Cases/Web RoomMe.id/Customer Login

2020-02-27 16:09:06 - [TEST_STEP][PASSED] - openBrowser(""): Browser is opened with url: ''

2020-02-27 16:09:06 - [MESSAGE][WARNING] - A browser is already opened. Closing browser and opening a new one

2020-02-27 16:09:06 - [MESSAGE][INFO] - Starting 'Chrome' driver

2020-02-27 16:09:11 - [MESSAGE][PASSED] - Browser is opened with url: ''

2020-02-27 16:09:11 - [TEST_STEP][PASSED] - navigateToUrl("https://web.roomme.id/"): Navigate to 'https://web.roomme.id/' successfully

2020-02-27 16:09:16 - [MESSAGE][PASSED] - Navigate to 'https://web.roomme.id/' successfully

2020-02-27 16:09:16 - [TEST_STEP][PASSED] - maximizeWindow(): Current window maximized

2020-02-27 16:09:21 - [MESSAGE][PASSED] - Current window maximized

2020-02-27 16:09:21 - [TEST_STEP][PASSED] - click(findTestObject("Web RoomMe.id/Sign In Menu/Button Sign In (Homepage)")): Object: 'Object Repository/Web RoomMe.id/Sign In Menu/Button Sign In (Homepage)' is clicked on

2020-02-27 16:09:21 - [MESSAGE][PASSED] - Object: 'Object Repository/Web RoomMe.id/Sign In Menu/Button Sign In (Homepage)' is clicked on

2020-02-27 16:09:21 - [TEST_STEP][PASSED] - verifyElementVisible(findTestObject("Web RoomMe.id/Sign In Menu/Textfield Email")): Object 'Object Repository/Web RoomMe.id/Sign In Menu/Textfield Email' is visible

2020-02-27 16:09:21 - [MESSAGE][PASSED] - Object 'Object Repository/Web RoomMe.id/Sign In Menu/Textfield Email' is visible

2020-02-27 16:09:21 - [TEST_STEP][PASSED] - verifyElementVisible(findTestObject("Web RoomMe.id/Sign In Menu/Textfield Password")): Object 'Object Repository/Web RoomMe.id/Sign In Menu/Textfield Password' is visible

2020-02-27 16:09:22 - [MESSAGE][PASSED] - Object 'Object Repository/Web RoomMe.id/Sign In Menu/Textfield Password' is visible

2020-02-27 16:09:22 - [TEST_STEP][PASSED] - verifyElementVisible(findTestObject("Web RoomMe.id/Sign In Menu/Button Sign In")): Object 'Object Repository/Web RoomMe.id/Sign In Menu/Button Sign In' is visible

2020-02-27 16:09:22 - [MESSAGE][PASSED] - Object 'Object Repository/Web RoomMe.id/Sign In Menu/Button Sign In' is visible

2020-02-27 16:09:22 - [TEST_STEP][PASSED] - verifyElementVisible(findTestObject("Web RoomMe.id/Sign In Menu/Button Forgot Password")): Object 'Object Repository/Web RoomMe.id/Sign In Menu/Button Forgot Password' is visible

2020-02-27 16:09:22 - [MESSAGE][PASSED] - Object 'Object Repository/Web RoomMe.id/Sign In Menu/Button Forgot Password' is visible

2020-02-27 16:09:22 - [TEST_STEP][PASSED] - setText(findTestObject("Web RoomMe.id/Sign In Menu/Textfield Email"), "hurujy@getnada.com"): Text 'hurujy@getnada.com' is set on object 'Object Repository/Web RoomMe.id/Sign In Menu/Textfield Email'

2020-02-27 16:09:23 - [MESSAGE][PASSED] - Text 'hurujy@getnada.com' is set on object 'Object Repository/Web RoomMe.id/Sign In Menu/Textfield Email'

2020-02-27 16:09:23 - [TEST_STEP][PASSED] - setEncryptedText(findTestObject("Web RoomMe.id/Sign In Menu/Textfield Password"), "aeHFOx8jV/A="): Text ****** has been set on object 'Object Repository/Web RoomMe.id/Sign In Menu/Textfield Password'

2020-02-27 16:09:24 - [MESSAGE][PASSED] - Text ****** has been set on object 'Object Repository/Web RoomMe.id/Sign In Menu/Textfield Password'

2020-02-27 16:09:24 - [TEST_STEP][PASSED] - click(findTestObject("Web RoomMe.id/Sign In Menu/Button Sign In")): Object: 'Object Repository/Web RoomMe.id/Sign In Menu/Button Sign In' is clicked on

2020-02-27 16:09:24 - [MESSAGE][PASSED] - Object: 'Object Repository/Web RoomMe.id/Sign In Menu/Button Sign In' is clicked on

2020-02-27 16:09:24 - [TEST_STEP][PASSED] - verifyElementVisible(findTestObject("Web RoomMe.id/Sign In Menu/Pop Up You have successfully signed in")): Object 'Object Repository/Web RoomMe.id/Sign In Menu/Pop Up You have successfully signed in' is visible

2020-02-27 16:09:25 - [MESSAGE][PASSED] - Object 'Object Repository/Web RoomMe.id/Sign In Menu/Pop Up You have successfully signed in' is visible

2020-02-27 16:09:25 - [TEST_STEP][PASSED] - verifyElementVisible(findTestObject("Web RoomMe.id/Sign In Menu/Button User Menu")): Object 'Object Repository/Web RoomMe.id/Sign In Menu/Button User Menu' is visible

2020-02-27 16:09:25 - [MESSAGE][PASSED] - Object 'Object Repository/Web RoomMe.id/Sign In Menu/Button User Menu' is visible

2020-02-27 16:09:25 - [TEST_STEP][PASSED] - closeBrowser(): Browser is closed

2020-02-27 16:09:26 - [MESSAGE][PASSED] - Browser is closed]]></system-out>
         <system-err><![CDATA[]]></system-err>
      </testcase>
      <system-out><![CDATA[2020-02-27 16:08:45 - [TEST_SUITE][PASSED] - Customer Login: Test Cases/Web RoomMe.id/Customer Login]]></system-out>
      <system-err><![CDATA[]]></system-err>
   </testsuite>
</testsuites>
