<?xml version="1.0" encoding="UTF-8"?>
<testsuites name="Customer Access Community Page" time="43.65" tests="2" failures="0" errors="0">
   <testsuite name="Customer Access Community Page" tests="2" failures="0" errors="0" time="43.65" timestamp="2020-05-12 14:42:36" hostname="Win 10 - LENNONOVO" id="Test Suites/Web RoomMe.id/Customer Access Community Page">
      <properties>
         <property name="deviceName" value=""/>
         <property name="devicePlatform" value=""/>
         <property name="logFolder" value="C:\\Users\\Faldi\\Katalon Studio\\katalonroomme-master\\Reports\\20200512_143510\\Web RoomMe.id\\Customer Access Community Page\\20200512_143517"/>
         <property name="logFiles" value="C:\\Users\\Faldi\\Katalon Studio\\katalonroomme-master\\Reports\\20200512_143510\\Web RoomMe.id\\Customer Access Community Page\\20200512_143517\\execution0.log"/>
         <property name="attachments" value=""/>
         <property name="hostName" value="Win 10 - LENNONOVO"/>
         <property name="os" value="Windows 10 64bit"/>
         <property name="katalonVersion" value="7.1.1.1"/>
         <property name="browser" value="Chrome 81.0.4044.138"/>
         <property name="hostAddress" value="192.168.1.14"/>
         <property name="sessionId" value="3ecd3ab9d51f4bf541efa667ba9c39c5"/>
         <property name="seleniumVersion" value="3.141.59"/>
         <property name="proxyInformation" value="ProxyInformation{proxyOption=NO_PROXY, proxyServerType=HTTP, password=, proxyServerAddress=, proxyServerPort=0}"/>
         <property name="platform" value="Windows 10"/>
      </properties>
      <testcase name="Test Cases/Web RoomMe.id/6. Community/1. Customer Access Community Page From Header" time="21.205" classname="Test Cases/Web RoomMe.id/6. Community/1. Customer Access Community Page From Header" status="PASSED">
         <system-out><![CDATA[2020-05-12 14:42:36 - [TEST_CASE][PASSED] - Test Cases/Web RoomMe.id/6. Community/1. Customer Access Community Page From Header: Test Cases/Web RoomMe.id/6. Community/1. Customer Access Community Page From Header

2020-05-12 14:42:37 - [TEST_STEP][PASSED] - callTestCase(findTestCase("Web RoomMe.id/1. Homepage/1. Customer Access RoomMe Page"), [:], STOP_ON_FAILURE): Call Test Case 'Test Cases/Web RoomMe.id/1. Homepage/1. Customer Access RoomMe Page' successfully

2020-05-12 14:42:38 - [TEST_CASE][PASSED] - Test Cases/Web RoomMe.id/1. Homepage/1. Customer Access RoomMe Page: Test Cases/Web RoomMe.id/1. Homepage/1. Customer Access RoomMe Page

2020-05-12 14:42:38 - [TEST_STEP][PASSED] - openBrowser("https://web.roomme.id/"): Browser is opened with url: 'https://web.roomme.id/'

2020-05-12 14:42:39 - [MESSAGE][INFO] - Starting 'Chrome' driver

2020-05-12 14:42:39 - [MESSAGE][INFO] - Action delay is set to 0 seconds

2020-05-12 14:42:49 - [MESSAGE][PASSED] - Browser is opened with url: 'https://web.roomme.id/'

2020-05-12 14:42:49 - [TEST_STEP][PASSED] - maximizeWindow(): Current window maximized

2020-05-12 14:42:51 - [MESSAGE][PASSED] - Current window maximized

2020-05-12 14:42:51 - [TEST_STEP][PASSED] - waitForPageLoad(0): Wait for page load successfully

2020-05-12 14:42:52 - [MESSAGE][WARNING] - Timeout '0' is invalid. Using default page load timeout: '30'

2020-05-12 14:42:52 - [MESSAGE][PASSED] - Wait for page load successfully

2020-05-12 14:42:52 - [MESSAGE][PASSED] - Call Test Case 'Test Cases/Web RoomMe.id/1. Homepage/1. Customer Access RoomMe Page' successfully

2020-05-12 14:42:52 - [TEST_STEP][PASSED] - waitForElementVisible(findTestObject("Web RoomMe.id/RoomMe.id Header/Button Community"), 30): Object 'Object Repository/Web RoomMe.id/RoomMe.id Header/Button Community' is visible

2020-05-12 14:42:52 - [MESSAGE][PASSED] - Object 'Object Repository/Web RoomMe.id/RoomMe.id Header/Button Community' is visible

2020-05-12 14:42:52 - [TEST_STEP][PASSED] - click(findTestObject("Web RoomMe.id/RoomMe.id Header/Button Community")): Object: 'Object Repository/Web RoomMe.id/RoomMe.id Header/Button Community' is clicked on

2020-05-12 14:42:56 - [MESSAGE][PASSED] - Object: 'Object Repository/Web RoomMe.id/RoomMe.id Header/Button Community' is clicked on

2020-05-12 14:42:56 - [TEST_STEP][PASSED] - waitForPageLoad(0): Wait for page load successfully

2020-05-12 14:42:56 - [MESSAGE][WARNING] - Timeout '0' is invalid. Using default page load timeout: '30'

2020-05-12 14:42:56 - [MESSAGE][PASSED] - Wait for page load successfully

2020-05-12 14:42:56 - [TEST_STEP][PASSED] - waitForElementVisible(findTestObject("Web RoomMe.id/Community Page/Community Registration/Text Community Registration"), 30): Object 'Object Repository/Web RoomMe.id/Community Page/Community Registration/Text Community Registration' is visible

2020-05-12 14:42:57 - [MESSAGE][PASSED] - Object 'Object Repository/Web RoomMe.id/Community Page/Community Registration/Text Community Registration' is visible]]></system-out>
         <system-err><![CDATA[]]></system-err>
      </testcase>
      <testcase name="Test Cases/Web RoomMe.id/6. Community/2. Customer Access Community Page From Homepage Section" time="20.651" classname="Test Cases/Web RoomMe.id/6. Community/2. Customer Access Community Page From Homepage Section" status="PASSED">
         <system-out><![CDATA[2020-05-12 14:42:57 - [TEST_CASE][PASSED] - Test Cases/Web RoomMe.id/6. Community/2. Customer Access Community Page From Homepage Section: Test Cases/Web RoomMe.id/6. Community/2. Customer Access Community Page From Homepage Section

2020-05-12 14:42:58 - [TEST_STEP][PASSED] - callTestCase(findTestCase("Web RoomMe.id/1. Homepage/1. Customer Access RoomMe Page"), [:], STOP_ON_FAILURE): Call Test Case 'Test Cases/Web RoomMe.id/1. Homepage/1. Customer Access RoomMe Page' successfully

2020-05-12 14:42:58 - [TEST_CASE][PASSED] - Test Cases/Web RoomMe.id/1. Homepage/1. Customer Access RoomMe Page: Test Cases/Web RoomMe.id/1. Homepage/1. Customer Access RoomMe Page

2020-05-12 14:42:58 - [TEST_STEP][PASSED] - openBrowser("https://web.roomme.id/"): Browser is opened with url: 'https://web.roomme.id/'

2020-05-12 14:42:58 - [MESSAGE][WARNING] - A browser is already opened. Closing browser and opening a new one

2020-05-12 14:42:59 - [MESSAGE][INFO] - Starting 'Chrome' driver

2020-05-12 14:43:09 - [MESSAGE][PASSED] - Browser is opened with url: 'https://web.roomme.id/'

2020-05-12 14:43:09 - [TEST_STEP][PASSED] - maximizeWindow(): Current window maximized

2020-05-12 14:43:12 - [MESSAGE][PASSED] - Current window maximized

2020-05-12 14:43:12 - [TEST_STEP][PASSED] - waitForPageLoad(0): Wait for page load successfully

2020-05-12 14:43:12 - [MESSAGE][WARNING] - Timeout '0' is invalid. Using default page load timeout: '30'

2020-05-12 14:43:12 - [MESSAGE][PASSED] - Wait for page load successfully

2020-05-12 14:43:12 - [MESSAGE][PASSED] - Call Test Case 'Test Cases/Web RoomMe.id/1. Homepage/1. Customer Access RoomMe Page' successfully

2020-05-12 14:43:12 - [TEST_STEP][PASSED] - waitForElementVisible(findTestObject("Web RoomMe.id/RoomMe.id Homepage/Button Explore Community"), 30): Object 'Object Repository/Web RoomMe.id/RoomMe.id Homepage/Button Explore Community' is visible

2020-05-12 14:43:13 - [MESSAGE][PASSED] - Object 'Object Repository/Web RoomMe.id/RoomMe.id Homepage/Button Explore Community' is visible

2020-05-12 14:43:13 - [TEST_STEP][PASSED] - click(findTestObject("Web RoomMe.id/RoomMe.id Homepage/Button Explore Community")): Object: 'Object Repository/Web RoomMe.id/RoomMe.id Homepage/Button Explore Community' is clicked on

2020-05-12 14:43:16 - [MESSAGE][PASSED] - Object: 'Object Repository/Web RoomMe.id/RoomMe.id Homepage/Button Explore Community' is clicked on

2020-05-12 14:43:16 - [TEST_STEP][PASSED] - waitForPageLoad(0): Wait for page load successfully

2020-05-12 14:43:16 - [MESSAGE][WARNING] - Timeout '0' is invalid. Using default page load timeout: '30'

2020-05-12 14:43:16 - [MESSAGE][PASSED] - Wait for page load successfully

2020-05-12 14:43:16 - [TEST_STEP][PASSED] - waitForElementVisible(findTestObject("Web RoomMe.id/Community Page/Community Registration/Text Community Registration"), 30): Object 'Object Repository/Web RoomMe.id/Community Page/Community Registration/Text Community Registration' is visible

2020-05-12 14:43:18 - [MESSAGE][PASSED] - Object 'Object Repository/Web RoomMe.id/Community Page/Community Registration/Text Community Registration' is visible]]></system-out>
         <system-err><![CDATA[]]></system-err>
      </testcase>
      <system-out><![CDATA[2020-05-12 14:42:36 - [TEST_SUITE][PASSED] - Customer Access Community Page: Test Cases/Web RoomMe.id/6. Community/2. Customer Access Community Page From Homepage Section]]></system-out>
      <system-err><![CDATA[]]></system-err>
   </testsuite>
</testsuites>
