<?xml version="1.0" encoding="UTF-8"?>
<testsuites name="Customer Sign Up" time="254.437" tests="8" failures="0" errors="0">
   <testsuite name="Customer Sign Up" tests="8" failures="0" errors="0" time="254.437" timestamp="2020-06-01 02:00:16" hostname="Faldi - Alienware-X51" id="Test Suites/Web RoomMe.id/Customer Sign Up">
      <properties>
         <property name="deviceName" value=""/>
         <property name="devicePlatform" value=""/>
         <property name="logFolder" value="C:\\Users\\Faldi\\Katalon Studio\\katalonroomme\\Reports\\20200601_015955\\Web RoomMe.id\\Customer Sign Up\\20200601_015956"/>
         <property name="logFiles" value="C:\\Users\\Faldi\\Katalon Studio\\katalonroomme\\Reports\\20200601_015955\\Web RoomMe.id\\Customer Sign Up\\20200601_015956\\execution0.log"/>
         <property name="attachments" value=""/>
         <property name="hostName" value="Faldi - Alienware-X51"/>
         <property name="os" value="Windows 10 64bit"/>
         <property name="katalonVersion" value="7.2.9.1"/>
         <property name="browser" value="Chrome 83.0.4103.61"/>
         <property name="hostAddress" value="192.168.1.5"/>
         <property name="sessionId" value="4c87a57c3b00a52a4821aea06c244024"/>
         <property name="seleniumVersion" value="3.141.59"/>
         <property name="proxyInformation" value="ProxyInformation{proxyOption=NO_PROXY, proxyServerType=HTTP, password=, proxyServerAddress=, proxyServerPort=0, executionList=}"/>
         <property name="platform" value="Windows 10"/>
      </properties>
      <testcase name="Test Cases/Web RoomMe.id/2. Sign Up/1. Sign Up with Valid Data" time="32.583" classname="Test Cases/Web RoomMe.id/2. Sign Up/1. Sign Up with Valid Data" status="PASSED">
         <system-out><![CDATA[2020-06-01 02:00:16 - [TEST_CASE][PASSED] - Test Cases/Web RoomMe.id/2. Sign Up/1. Sign Up with Valid Data: Test Cases/Web RoomMe.id/2. Sign Up/1. Sign Up with Valid Data

2020-06-01 02:00:17 - [TEST_STEP][PASSED] - callTestCase(findTestCase("Web RoomMe.id/1. Homepage/1. Customer Access RoomMe Page"), [:], STOP_ON_FAILURE): Call Test Case 'Test Cases/Web RoomMe.id/1. Homepage/1. Customer Access RoomMe Page' successfully

2020-06-01 02:00:17 - [TEST_CASE][PASSED] - Test Cases/Web RoomMe.id/1. Homepage/1. Customer Access RoomMe Page: Test Cases/Web RoomMe.id/1. Homepage/1. Customer Access RoomMe Page

2020-06-01 02:00:17 - [TEST_STEP][PASSED] - openBrowser(url): Browser is opened with url: 'roomme.id'

2020-06-01 02:00:17 - [MESSAGE][INFO] - Starting 'Chrome' driver

2020-06-01 02:00:17 - [MESSAGE][INFO] - Action delay is set to 0 seconds

2020-06-01 02:00:29 - [MESSAGE][PASSED] - Browser is opened with url: 'roomme.id'

2020-06-01 02:00:29 - [TEST_STEP][PASSED] - maximizeWindow(): Current window maximized

2020-06-01 02:00:31 - [MESSAGE][PASSED] - Current window maximized

2020-06-01 02:00:31 - [TEST_STEP][PASSED] - waitForPageLoad(0): Wait for page load successfully

2020-06-01 02:00:31 - [MESSAGE][WARNING] - Timeout '0' is invalid. Using default page load timeout: '60'

2020-06-01 02:00:31 - [MESSAGE][PASSED] - Wait for page load successfully

2020-06-01 02:00:31 - [MESSAGE][PASSED] - Call Test Case 'Test Cases/Web RoomMe.id/1. Homepage/1. Customer Access RoomMe Page' successfully

2020-06-01 02:00:31 - [TEST_STEP][PASSED] - callTestCase(findTestCase("Web RoomMe.id/1. Homepage/2. Verify Header RoomMe.id"), [:], STOP_ON_FAILURE): Call Test Case 'Test Cases/Web RoomMe.id/1. Homepage/2. Verify Header RoomMe.id' successfully

2020-06-01 02:00:31 - [TEST_CASE][PASSED] - Test Cases/Web RoomMe.id/1. Homepage/2. Verify Header RoomMe.id: Test Cases/Web RoomMe.id/1. Homepage/2. Verify Header RoomMe.id

2020-06-01 02:00:32 - [TEST_STEP][PASSED] - objectSubFolder = "Web RoomMe.id\RoomMe.id Header\": null

2020-06-01 02:00:32 - [TEST_STEP][PASSED] - pathToObjRep = getProjectDir() + "\Object Repository\" + objectSubFolder: null

2020-06-01 02:00:32 - [TEST_STEP][PASSED] - yourObjects = new java.io.File(pathToObjRep): null

2020-06-01 02:00:32 - [TEST_STEP][PASSED] - fileNames = yourObjects.list(): null

2020-06-01 02:00:32 - [TEST_STEP][PASSED] - testObjects = new java.util.ArrayList(): null

2020-06-01 02:00:32 - [TEST_STEP][PASSED] - for ([i = 0, i < length, (i++)]): null

2020-06-01 02:00:32 - [TEST_STEP][PASSED] - if (fileNames[i].contains(".rs")): null

2020-06-01 02:00:32 - [TEST_STEP][PASSED] - if (fileNames[i].contains(".rs")): null

2020-06-01 02:00:32 - [TEST_STEP][PASSED] - fileNames[i] = fileNames[i].replace(".rs", ""): null

2020-06-01 02:00:32 - [TEST_STEP][PASSED] - testObjects.add(objectSubFolder + fileNames[i]): null

2020-06-01 02:00:32 - [TEST_STEP][PASSED] - if (fileNames[i].contains(".rs")): null

2020-06-01 02:00:32 - [TEST_STEP][PASSED] - fileNames[i] = fileNames[i].replace(".rs", ""): null

2020-06-01 02:00:32 - [TEST_STEP][PASSED] - testObjects.add(objectSubFolder + fileNames[i]): null

2020-06-01 02:00:32 - [TEST_STEP][PASSED] - if (fileNames[i].contains(".rs")): null

2020-06-01 02:00:32 - [TEST_STEP][PASSED] - fileNames[i] = fileNames[i].replace(".rs", ""): null

2020-06-01 02:00:32 - [TEST_STEP][PASSED] - testObjects.add(objectSubFolder + fileNames[i]): null

2020-06-01 02:00:32 - [TEST_STEP][PASSED] - if (fileNames[i].contains(".rs")): null

2020-06-01 02:00:32 - [TEST_STEP][PASSED] - fileNames[i] = fileNames[i].replace(".rs", ""): null

2020-06-01 02:00:32 - [TEST_STEP][PASSED] - testObjects.add(objectSubFolder + fileNames[i]): null

2020-06-01 02:00:32 - [TEST_STEP][PASSED] - if (fileNames[i].contains(".rs")): null

2020-06-01 02:00:32 - [TEST_STEP][PASSED] - for (String obj : testObjects): Object 'Object Repository/Web RoomMe.id\RoomMe.id Header\Image Header Logo' is visible

2020-06-01 02:00:32 - [TEST_STEP][PASSED] - verifyElementVisible(findTestObject(obj)): Object 'Object Repository/Web RoomMe.id\RoomMe.id Header\Button Are You Landlord' is visible

2020-06-01 02:00:32 - [MESSAGE][PASSED] - Object 'Object Repository/Web RoomMe.id\RoomMe.id Header\Button Are You Landlord' is visible

2020-06-01 02:00:32 - [TEST_STEP][PASSED] - verifyElementVisible(findTestObject(obj)): Object 'Object Repository/Web RoomMe.id\RoomMe.id Header\Button Community' is visible

2020-06-01 02:00:33 - [MESSAGE][PASSED] - Object 'Object Repository/Web RoomMe.id\RoomMe.id Header\Button Community' is visible

2020-06-01 02:00:33 - [TEST_STEP][PASSED] - verifyElementVisible(findTestObject(obj)): Object 'Object Repository/Web RoomMe.id\RoomMe.id Header\Button Sign In' is visible

2020-06-01 02:00:33 - [MESSAGE][PASSED] - Object 'Object Repository/Web RoomMe.id\RoomMe.id Header\Button Sign In' is visible

2020-06-01 02:00:33 - [TEST_STEP][PASSED] - verifyElementVisible(findTestObject(obj)): Object 'Object Repository/Web RoomMe.id\RoomMe.id Header\Image Header Logo' is visible

2020-06-01 02:00:33 - [MESSAGE][PASSED] - Object 'Object Repository/Web RoomMe.id\RoomMe.id Header\Image Header Logo' is visible

2020-06-01 02:00:33 - [MESSAGE][PASSED] - Call Test Case 'Test Cases/Web RoomMe.id/1. Homepage/2. Verify Header RoomMe.id' successfully

2020-06-01 02:00:33 - [TEST_STEP][PASSED] - click(findTestObject("Web RoomMe.id/RoomMe.id Header/Button Sign In")): Object: 'Object Repository/Web RoomMe.id/RoomMe.id Header/Button Sign In' is clicked on

2020-06-01 02:00:34 - [MESSAGE][PASSED] - Object: 'Object Repository/Web RoomMe.id/RoomMe.id Header/Button Sign In' is clicked on

2020-06-01 02:00:34 - [TEST_STEP][PASSED] - waitForElementVisible(findTestObject("Web RoomMe.id/Sign In Menu/Button Sign Up"), 0): Object 'Object Repository/Web RoomMe.id/Sign In Menu/Button Sign Up' is visible

2020-06-01 02:00:34 - [MESSAGE][WARNING] - Timeout '0' is invalid. Using default page load timeout: '60'

2020-06-01 02:00:34 - [MESSAGE][PASSED] - Object 'Object Repository/Web RoomMe.id/Sign In Menu/Button Sign Up' is visible

2020-06-01 02:00:34 - [TEST_STEP][PASSED] - click(findTestObject("Web RoomMe.id/Sign In Menu/Button Sign Up")): Object: 'Object Repository/Web RoomMe.id/Sign In Menu/Button Sign Up' is clicked on

2020-06-01 02:00:35 - [MESSAGE][PASSED] - Object: 'Object Repository/Web RoomMe.id/Sign In Menu/Button Sign Up' is clicked on

2020-06-01 02:00:35 - [TEST_STEP][PASSED] - callTestCase(findTestCase("Web RoomMe.id/2. Sign Up/Verify Sign Up Menu"), [:], STOP_ON_FAILURE): Call Test Case 'Test Cases/Web RoomMe.id/2. Sign Up/Verify Sign Up Menu' successfully

2020-06-01 02:00:35 - [TEST_CASE][PASSED] - Test Cases/Web RoomMe.id/2. Sign Up/Verify Sign Up Menu: Test Cases/Web RoomMe.id/2. Sign Up/Verify Sign Up Menu

2020-06-01 02:00:35 - [TEST_STEP][PASSED] - objectSubFolder = "Web RoomMe.id\Sign Up Menu\": null

2020-06-01 02:00:35 - [TEST_STEP][PASSED] - pathToObjRep = getProjectDir() + "\Object Repository\" + objectSubFolder: null

2020-06-01 02:00:35 - [TEST_STEP][PASSED] - yourObjects = new java.io.File(pathToObjRep): null

2020-06-01 02:00:35 - [TEST_STEP][PASSED] - fileNames = yourObjects.list(): null

2020-06-01 02:00:35 - [TEST_STEP][PASSED] - testObjects = new java.util.ArrayList(): null

2020-06-01 02:00:35 - [TEST_STEP][PASSED] - for ([i = 0, i < length, (i++)]): null

2020-06-01 02:00:35 - [TEST_STEP][PASSED] - if (fileNames[i].contains(".rs")): null

2020-06-01 02:00:35 - [TEST_STEP][PASSED] - fileNames[i] = fileNames[i].replace(".rs", ""): null

2020-06-01 02:00:35 - [TEST_STEP][PASSED] - testObjects.add(objectSubFolder + fileNames[i]): null

2020-06-01 02:00:35 - [TEST_STEP][PASSED] - if (fileNames[i].contains(".rs")): null

2020-06-01 02:00:35 - [TEST_STEP][PASSED] - fileNames[i] = fileNames[i].replace(".rs", ""): null

2020-06-01 02:00:35 - [TEST_STEP][PASSED] - testObjects.add(objectSubFolder + fileNames[i]): null

2020-06-01 02:00:35 - [TEST_STEP][PASSED] - if (fileNames[i].contains(".rs")): null

2020-06-01 02:00:35 - [TEST_STEP][PASSED] - if (fileNames[i].contains(".rs")): null

2020-06-01 02:00:35 - [TEST_STEP][PASSED] - fileNames[i] = fileNames[i].replace(".rs", ""): null

2020-06-01 02:00:35 - [TEST_STEP][PASSED] - testObjects.add(objectSubFolder + fileNames[i]): null

2020-06-01 02:00:35 - [TEST_STEP][PASSED] - if (fileNames[i].contains(".rs")): null

2020-06-01 02:00:35 - [TEST_STEP][PASSED] - if (fileNames[i].contains(".rs")): null

2020-06-01 02:00:35 - [TEST_STEP][PASSED] - fileNames[i] = fileNames[i].replace(".rs", ""): null

2020-06-01 02:00:35 - [TEST_STEP][PASSED] - testObjects.add(objectSubFolder + fileNames[i]): null

2020-06-01 02:00:35 - [TEST_STEP][PASSED] - if (fileNames[i].contains(".rs")): null

2020-06-01 02:00:35 - [TEST_STEP][PASSED] - fileNames[i] = fileNames[i].replace(".rs", ""): null

2020-06-01 02:00:35 - [TEST_STEP][PASSED] - testObjects.add(objectSubFolder + fileNames[i]): null

2020-06-01 02:00:35 - [TEST_STEP][PASSED] - if (fileNames[i].contains(".rs")): null

2020-06-01 02:00:35 - [TEST_STEP][PASSED] - fileNames[i] = fileNames[i].replace(".rs", ""): null

2020-06-01 02:00:35 - [TEST_STEP][PASSED] - testObjects.add(objectSubFolder + fileNames[i]): null

2020-06-01 02:00:35 - [TEST_STEP][PASSED] - if (fileNames[i].contains(".rs")): null

2020-06-01 02:00:35 - [TEST_STEP][PASSED] - fileNames[i] = fileNames[i].replace(".rs", ""): null

2020-06-01 02:00:35 - [TEST_STEP][PASSED] - testObjects.add(objectSubFolder + fileNames[i]): null

2020-06-01 02:00:35 - [TEST_STEP][PASSED] - if (fileNames[i].contains(".rs")): null

2020-06-01 02:00:35 - [TEST_STEP][PASSED] - fileNames[i] = fileNames[i].replace(".rs", ""): null

2020-06-01 02:00:35 - [TEST_STEP][PASSED] - testObjects.add(objectSubFolder + fileNames[i]): null

2020-06-01 02:00:35 - [TEST_STEP][PASSED] - if (fileNames[i].contains(".rs")): null

2020-06-01 02:00:35 - [TEST_STEP][PASSED] - fileNames[i] = fileNames[i].replace(".rs", ""): null

2020-06-01 02:00:35 - [TEST_STEP][PASSED] - testObjects.add(objectSubFolder + fileNames[i]): null

2020-06-01 02:00:35 - [TEST_STEP][PASSED] - if (fileNames[i].contains(".rs")): null

2020-06-01 02:00:35 - [TEST_STEP][PASSED] - fileNames[i] = fileNames[i].replace(".rs", ""): null

2020-06-01 02:00:35 - [TEST_STEP][PASSED] - testObjects.add(objectSubFolder + fileNames[i]): null

2020-06-01 02:00:35 - [TEST_STEP][PASSED] - if (fileNames[i].contains(".rs")): null

2020-06-01 02:00:35 - [TEST_STEP][PASSED] - fileNames[i] = fileNames[i].replace(".rs", ""): null

2020-06-01 02:00:35 - [TEST_STEP][PASSED] - testObjects.add(objectSubFolder + fileNames[i]): null

2020-06-01 02:00:35 - [TEST_STEP][PASSED] - if (fileNames[i].contains(".rs")): null

2020-06-01 02:00:35 - [TEST_STEP][PASSED] - fileNames[i] = fileNames[i].replace(".rs", ""): null

2020-06-01 02:00:35 - [TEST_STEP][PASSED] - testObjects.add(objectSubFolder + fileNames[i]): null

2020-06-01 02:00:35 - [TEST_STEP][PASSED] - if (fileNames[i].contains(".rs")): null

2020-06-01 02:00:35 - [TEST_STEP][PASSED] - fileNames[i] = fileNames[i].replace(".rs", ""): null

2020-06-01 02:00:35 - [TEST_STEP][PASSED] - testObjects.add(objectSubFolder + fileNames[i]): null

2020-06-01 02:00:35 - [TEST_STEP][PASSED] - for (String obj : testObjects): Object 'Object Repository/Web RoomMe.id\Sign Up Menu\Textfield Phone Number' is visible

2020-06-01 02:00:35 - [TEST_STEP][PASSED] - verifyElementVisible(findTestObject(obj)): Object 'Object Repository/Web RoomMe.id\Sign Up Menu\Button Sign In' is visible

2020-06-01 02:00:36 - [MESSAGE][PASSED] - Object 'Object Repository/Web RoomMe.id\Sign Up Menu\Button Sign In' is visible

2020-06-01 02:00:36 - [TEST_STEP][PASSED] - verifyElementVisible(findTestObject(obj)): Object 'Object Repository/Web RoomMe.id\Sign Up Menu\Button Sign Up' is visible

2020-06-01 02:00:36 - [MESSAGE][PASSED] - Object 'Object Repository/Web RoomMe.id\Sign Up Menu\Button Sign Up' is visible

2020-06-01 02:00:36 - [TEST_STEP][PASSED] - verifyElementVisible(findTestObject(obj)): Object 'Object Repository/Web RoomMe.id\Sign Up Menu\Name Textfield' is visible

2020-06-01 02:00:36 - [MESSAGE][PASSED] - Object 'Object Repository/Web RoomMe.id\Sign Up Menu\Name Textfield' is visible

2020-06-01 02:00:36 - [TEST_STEP][PASSED] - verifyElementVisible(findTestObject(obj)): Object 'Object Repository/Web RoomMe.id\Sign Up Menu\Text Are you have an account' is visible

2020-06-01 02:00:37 - [MESSAGE][PASSED] - Object 'Object Repository/Web RoomMe.id\Sign Up Menu\Text Are you have an account' is visible

2020-06-01 02:00:37 - [TEST_STEP][PASSED] - verifyElementVisible(findTestObject(obj)): Object 'Object Repository/Web RoomMe.id\Sign Up Menu\Text Confirm Password' is visible

2020-06-01 02:00:37 - [MESSAGE][PASSED] - Object 'Object Repository/Web RoomMe.id\Sign Up Menu\Text Confirm Password' is visible

2020-06-01 02:00:37 - [TEST_STEP][PASSED] - verifyElementVisible(findTestObject(obj)): Object 'Object Repository/Web RoomMe.id\Sign Up Menu\Text Email Address' is visible

2020-06-01 02:00:37 - [MESSAGE][PASSED] - Object 'Object Repository/Web RoomMe.id\Sign Up Menu\Text Email Address' is visible

2020-06-01 02:00:37 - [TEST_STEP][PASSED] - verifyElementVisible(findTestObject(obj)): Object 'Object Repository/Web RoomMe.id\Sign Up Menu\Text Full Name' is visible

2020-06-01 02:00:38 - [MESSAGE][PASSED] - Object 'Object Repository/Web RoomMe.id\Sign Up Menu\Text Full Name' is visible

2020-06-01 02:00:38 - [TEST_STEP][PASSED] - verifyElementVisible(findTestObject(obj)): Object 'Object Repository/Web RoomMe.id\Sign Up Menu\Text Password' is visible

2020-06-01 02:00:38 - [MESSAGE][PASSED] - Object 'Object Repository/Web RoomMe.id\Sign Up Menu\Text Password' is visible

2020-06-01 02:00:38 - [TEST_STEP][PASSED] - verifyElementVisible(findTestObject(obj)): Object 'Object Repository/Web RoomMe.id\Sign Up Menu\Text Phone Number' is visible

2020-06-01 02:00:38 - [MESSAGE][PASSED] - Object 'Object Repository/Web RoomMe.id\Sign Up Menu\Text Phone Number' is visible

2020-06-01 02:00:38 - [TEST_STEP][PASSED] - verifyElementVisible(findTestObject(obj)): Object 'Object Repository/Web RoomMe.id\Sign Up Menu\Textfield Confirm Password' is visible

2020-06-01 02:00:39 - [MESSAGE][PASSED] - Object 'Object Repository/Web RoomMe.id\Sign Up Menu\Textfield Confirm Password' is visible

2020-06-01 02:00:39 - [TEST_STEP][PASSED] - verifyElementVisible(findTestObject(obj)): Object 'Object Repository/Web RoomMe.id\Sign Up Menu\Textfield Email' is visible

2020-06-01 02:00:39 - [MESSAGE][PASSED] - Object 'Object Repository/Web RoomMe.id\Sign Up Menu\Textfield Email' is visible

2020-06-01 02:00:39 - [TEST_STEP][PASSED] - verifyElementVisible(findTestObject(obj)): Object 'Object Repository/Web RoomMe.id\Sign Up Menu\Textfield Password' is visible

2020-06-01 02:00:39 - [MESSAGE][PASSED] - Object 'Object Repository/Web RoomMe.id\Sign Up Menu\Textfield Password' is visible

2020-06-01 02:00:39 - [TEST_STEP][PASSED] - verifyElementVisible(findTestObject(obj)): Object 'Object Repository/Web RoomMe.id\Sign Up Menu\Textfield Phone Number' is visible

2020-06-01 02:00:40 - [MESSAGE][PASSED] - Object 'Object Repository/Web RoomMe.id\Sign Up Menu\Textfield Phone Number' is visible

2020-06-01 02:00:40 - [MESSAGE][PASSED] - Call Test Case 'Test Cases/Web RoomMe.id/2. Sign Up/Verify Sign Up Menu' successfully

2020-06-01 02:00:40 - [TEST_STEP][PASSED] - waitForElementVisible(findTestObject("Web RoomMe.id/Sign Up Menu/Name Textfield"), 0): Object 'Object Repository/Web RoomMe.id/Sign Up Menu/Name Textfield' is visible

2020-06-01 02:00:40 - [MESSAGE][WARNING] - Timeout '0' is invalid. Using default page load timeout: '60'

2020-06-01 02:00:40 - [MESSAGE][PASSED] - Object 'Object Repository/Web RoomMe.id/Sign Up Menu/Name Textfield' is visible

2020-06-01 02:00:40 - [TEST_STEP][PASSED] - setText(findTestObject("Web RoomMe.id/Sign Up Menu/Name Textfield"), "Faldi Test AT"): Text 'Faldi Test AT' is set on object 'Object Repository/Web RoomMe.id/Sign Up Menu/Name Textfield'

2020-06-01 02:00:41 - [MESSAGE][PASSED] - Text 'Faldi Test AT' is set on object 'Object Repository/Web RoomMe.id/Sign Up Menu/Name Textfield'

2020-06-01 02:00:41 - [TEST_STEP][PASSED] - setText(findTestObject("Web RoomMe.id/Sign Up Menu/Textfield Email"), "faldiat" + RandomStringUtils.randomNumeric(5)): Text 'faldiat73357' is set on object 'Object Repository/Web RoomMe.id/Sign Up Menu/Textfield Email'

2020-06-01 02:00:42 - [MESSAGE][PASSED] - Text 'faldiat73357' is set on object 'Object Repository/Web RoomMe.id/Sign Up Menu/Textfield Email'

2020-06-01 02:00:42 - [TEST_STEP][PASSED] - sendKeys(findTestObject("Web RoomMe.id/Sign Up Menu/Textfield Email"), "@gmail.com"): Keys '@gmail.com' sent to object: 'Object Repository/Web RoomMe.id/Sign Up Menu/Textfield Email'

2020-06-01 02:00:42 - [MESSAGE][PASSED] - Keys '@gmail.com' sent to object: 'Object Repository/Web RoomMe.id/Sign Up Menu/Textfield Email'

2020-06-01 02:00:42 - [TEST_STEP][PASSED] - setText(findTestObject("Web RoomMe.id/Sign Up Menu/Textfield Phone Number"), "081234567890"): Text '081234567890' is set on object 'Object Repository/Web RoomMe.id/Sign Up Menu/Textfield Phone Number'

2020-06-01 02:00:44 - [MESSAGE][PASSED] - Text '081234567890' is set on object 'Object Repository/Web RoomMe.id/Sign Up Menu/Textfield Phone Number'

2020-06-01 02:00:44 - [TEST_STEP][PASSED] - setEncryptedText(findTestObject("Web RoomMe.id/Sign Up Menu/Textfield Password"), "da8fEzhczGg="): Text ****** has been set on object 'Object Repository/Web RoomMe.id/Sign Up Menu/Textfield Password'

2020-06-01 02:00:44 - [MESSAGE][PASSED] - Text ****** has been set on object 'Object Repository/Web RoomMe.id/Sign Up Menu/Textfield Password'

2020-06-01 02:00:44 - [TEST_STEP][PASSED] - setEncryptedText(findTestObject("Web RoomMe.id/Sign Up Menu/Textfield Confirm Password"), "da8fEzhczGg="): Text ****** has been set on object 'Object Repository/Web RoomMe.id/Sign Up Menu/Textfield Confirm Password'

2020-06-01 02:00:45 - [MESSAGE][PASSED] - Text ****** has been set on object 'Object Repository/Web RoomMe.id/Sign Up Menu/Textfield Confirm Password'

2020-06-01 02:00:45 - [TEST_STEP][PASSED] - click(findTestObject("Web RoomMe.id/Sign Up Menu/Button Sign Up")): Object: 'Object Repository/Web RoomMe.id/Sign Up Menu/Button Sign Up' is clicked on

2020-06-01 02:00:45 - [MESSAGE][PASSED] - Object: 'Object Repository/Web RoomMe.id/Sign Up Menu/Button Sign Up' is clicked on

2020-06-01 02:00:45 - [TEST_STEP][PASSED] - waitForElementVisible(findTestObject("Web RoomMe.id/Sign Up Menu/Success Sign Up/Button Close"), 0): Object 'Object Repository/Web RoomMe.id/Sign Up Menu/Success Sign Up/Button Close' is visible

2020-06-01 02:00:46 - [MESSAGE][WARNING] - Timeout '0' is invalid. Using default page load timeout: '60'

2020-06-01 02:00:47 - [MESSAGE][PASSED] - Object 'Object Repository/Web RoomMe.id/Sign Up Menu/Success Sign Up/Button Close' is visible

2020-06-01 02:00:47 - [TEST_STEP][PASSED] - waitForElementVisible(findTestObject("Web RoomMe.id/Sign Up Menu/Success Sign Up/Icon RoomMe"), 0): Object 'Object Repository/Web RoomMe.id/Sign Up Menu/Success Sign Up/Icon RoomMe' is visible

2020-06-01 02:00:47 - [MESSAGE][WARNING] - Timeout '0' is invalid. Using default page load timeout: '60'

2020-06-01 02:00:48 - [MESSAGE][PASSED] - Object 'Object Repository/Web RoomMe.id/Sign Up Menu/Success Sign Up/Icon RoomMe' is visible

2020-06-01 02:00:48 - [TEST_STEP][PASSED] - waitForElementVisible(findTestObject("Web RoomMe.id/Sign Up Menu/Success Sign Up/Text Welcome to RoomMe"), 0): Object 'Object Repository/Web RoomMe.id/Sign Up Menu/Success Sign Up/Text Welcome to RoomMe' is visible

2020-06-01 02:00:48 - [MESSAGE][WARNING] - Timeout '0' is invalid. Using default page load timeout: '60'

2020-06-01 02:00:48 - [MESSAGE][PASSED] - Object 'Object Repository/Web RoomMe.id/Sign Up Menu/Success Sign Up/Text Welcome to RoomMe' is visible

2020-06-01 02:00:48 - [TEST_STEP][PASSED] - waitForElementVisible(findTestObject("Web RoomMe.id/Sign Up Menu/Success Sign Up/Text Thank you Youve successfully signed up"), 0): Object 'Object Repository/Web RoomMe.id/Sign Up Menu/Success Sign Up/Text Thank you Youve successfully signed up' is visible

2020-06-01 02:00:48 - [MESSAGE][WARNING] - Timeout '0' is invalid. Using default page load timeout: '60'

2020-06-01 02:00:48 - [MESSAGE][PASSED] - Object 'Object Repository/Web RoomMe.id/Sign Up Menu/Success Sign Up/Text Thank you Youve successfully signed up' is visible

2020-06-01 02:00:48 - [TEST_STEP][PASSED] - waitForElementVisible(findTestObject("Web RoomMe.id/Sign Up Menu/Success Sign Up/Text Please check your email for activation"), 0): Object 'Object Repository/Web RoomMe.id/Sign Up Menu/Success Sign Up/Text Please check your email for activation' is visible

2020-06-01 02:00:48 - [MESSAGE][WARNING] - Timeout '0' is invalid. Using default page load timeout: '60'

2020-06-01 02:00:49 - [MESSAGE][PASSED] - Object 'Object Repository/Web RoomMe.id/Sign Up Menu/Success Sign Up/Text Please check your email for activation' is visible]]></system-out>
         <system-err><![CDATA[]]></system-err>
      </testcase>
      <testcase name="Test Cases/Web RoomMe.id/2. Sign Up/2. Sign Up With Blank Data" time="24.443" classname="Test Cases/Web RoomMe.id/2. Sign Up/2. Sign Up With Blank Data" status="PASSED">
         <system-out><![CDATA[2020-06-01 02:00:49 - [TEST_CASE][PASSED] - Test Cases/Web RoomMe.id/2. Sign Up/2. Sign Up With Blank Data: Test Cases/Web RoomMe.id/2. Sign Up/2. Sign Up With Blank Data

2020-06-01 02:00:49 - [TEST_STEP][PASSED] - callTestCase(findTestCase("Web RoomMe.id/1. Homepage/1. Customer Access RoomMe Page"), [:], STOP_ON_FAILURE): Call Test Case 'Test Cases/Web RoomMe.id/1. Homepage/1. Customer Access RoomMe Page' successfully

2020-06-01 02:00:49 - [TEST_CASE][PASSED] - Test Cases/Web RoomMe.id/1. Homepage/1. Customer Access RoomMe Page: Test Cases/Web RoomMe.id/1. Homepage/1. Customer Access RoomMe Page

2020-06-01 02:00:49 - [TEST_STEP][PASSED] - openBrowser(url): Browser is opened with url: 'roomme.id'

2020-06-01 02:00:49 - [MESSAGE][WARNING] - A browser is already opened. Closing browser and opening a new one

2020-06-01 02:00:50 - [MESSAGE][INFO] - Starting 'Chrome' driver

2020-06-01 02:01:01 - [MESSAGE][PASSED] - Browser is opened with url: 'roomme.id'

2020-06-01 02:01:01 - [TEST_STEP][PASSED] - maximizeWindow(): Current window maximized

2020-06-01 02:01:03 - [MESSAGE][PASSED] - Current window maximized

2020-06-01 02:01:03 - [TEST_STEP][PASSED] - waitForPageLoad(0): Wait for page load successfully

2020-06-01 02:01:03 - [MESSAGE][WARNING] - Timeout '0' is invalid. Using default page load timeout: '60'

2020-06-01 02:01:03 - [MESSAGE][PASSED] - Wait for page load successfully

2020-06-01 02:01:03 - [MESSAGE][PASSED] - Call Test Case 'Test Cases/Web RoomMe.id/1. Homepage/1. Customer Access RoomMe Page' successfully

2020-06-01 02:01:03 - [TEST_STEP][PASSED] - callTestCase(findTestCase("Web RoomMe.id/1. Homepage/2. Verify Header RoomMe.id"), [:], STOP_ON_FAILURE): Call Test Case 'Test Cases/Web RoomMe.id/1. Homepage/2. Verify Header RoomMe.id' successfully

2020-06-01 02:01:04 - [TEST_CASE][PASSED] - Test Cases/Web RoomMe.id/1. Homepage/2. Verify Header RoomMe.id: Test Cases/Web RoomMe.id/1. Homepage/2. Verify Header RoomMe.id

2020-06-01 02:01:04 - [TEST_STEP][PASSED] - objectSubFolder = "Web RoomMe.id\RoomMe.id Header\": null

2020-06-01 02:01:04 - [TEST_STEP][PASSED] - pathToObjRep = getProjectDir() + "\Object Repository\" + objectSubFolder: null

2020-06-01 02:01:04 - [TEST_STEP][PASSED] - yourObjects = new java.io.File(pathToObjRep): null

2020-06-01 02:01:04 - [TEST_STEP][PASSED] - fileNames = yourObjects.list(): null

2020-06-01 02:01:04 - [TEST_STEP][PASSED] - testObjects = new java.util.ArrayList(): null

2020-06-01 02:01:04 - [TEST_STEP][PASSED] - for ([i = 0, i < length, (i++)]): null

2020-06-01 02:01:04 - [TEST_STEP][PASSED] - if (fileNames[i].contains(".rs")): null

2020-06-01 02:01:04 - [TEST_STEP][PASSED] - if (fileNames[i].contains(".rs")): null

2020-06-01 02:01:04 - [TEST_STEP][PASSED] - fileNames[i] = fileNames[i].replace(".rs", ""): null

2020-06-01 02:01:04 - [TEST_STEP][PASSED] - testObjects.add(objectSubFolder + fileNames[i]): null

2020-06-01 02:01:04 - [TEST_STEP][PASSED] - if (fileNames[i].contains(".rs")): null

2020-06-01 02:01:04 - [TEST_STEP][PASSED] - fileNames[i] = fileNames[i].replace(".rs", ""): null

2020-06-01 02:01:04 - [TEST_STEP][PASSED] - testObjects.add(objectSubFolder + fileNames[i]): null

2020-06-01 02:01:04 - [TEST_STEP][PASSED] - if (fileNames[i].contains(".rs")): null

2020-06-01 02:01:04 - [TEST_STEP][PASSED] - fileNames[i] = fileNames[i].replace(".rs", ""): null

2020-06-01 02:01:04 - [TEST_STEP][PASSED] - testObjects.add(objectSubFolder + fileNames[i]): null

2020-06-01 02:01:04 - [TEST_STEP][PASSED] - if (fileNames[i].contains(".rs")): null

2020-06-01 02:01:04 - [TEST_STEP][PASSED] - fileNames[i] = fileNames[i].replace(".rs", ""): null

2020-06-01 02:01:04 - [TEST_STEP][PASSED] - testObjects.add(objectSubFolder + fileNames[i]): null

2020-06-01 02:01:04 - [TEST_STEP][PASSED] - if (fileNames[i].contains(".rs")): null

2020-06-01 02:01:04 - [TEST_STEP][PASSED] - for (String obj : testObjects): Object 'Object Repository/Web RoomMe.id\RoomMe.id Header\Image Header Logo' is visible

2020-06-01 02:01:04 - [TEST_STEP][PASSED] - verifyElementVisible(findTestObject(obj)): Object 'Object Repository/Web RoomMe.id\RoomMe.id Header\Button Are You Landlord' is visible

2020-06-01 02:01:04 - [MESSAGE][PASSED] - Object 'Object Repository/Web RoomMe.id\RoomMe.id Header\Button Are You Landlord' is visible

2020-06-01 02:01:04 - [TEST_STEP][PASSED] - verifyElementVisible(findTestObject(obj)): Object 'Object Repository/Web RoomMe.id\RoomMe.id Header\Button Community' is visible

2020-06-01 02:01:04 - [MESSAGE][PASSED] - Object 'Object Repository/Web RoomMe.id\RoomMe.id Header\Button Community' is visible

2020-06-01 02:01:04 - [TEST_STEP][PASSED] - verifyElementVisible(findTestObject(obj)): Object 'Object Repository/Web RoomMe.id\RoomMe.id Header\Button Sign In' is visible

2020-06-01 02:01:04 - [MESSAGE][PASSED] - Object 'Object Repository/Web RoomMe.id\RoomMe.id Header\Button Sign In' is visible

2020-06-01 02:01:04 - [TEST_STEP][PASSED] - verifyElementVisible(findTestObject(obj)): Object 'Object Repository/Web RoomMe.id\RoomMe.id Header\Image Header Logo' is visible

2020-06-01 02:01:05 - [MESSAGE][PASSED] - Object 'Object Repository/Web RoomMe.id\RoomMe.id Header\Image Header Logo' is visible

2020-06-01 02:01:05 - [MESSAGE][PASSED] - Call Test Case 'Test Cases/Web RoomMe.id/1. Homepage/2. Verify Header RoomMe.id' successfully

2020-06-01 02:01:05 - [TEST_STEP][PASSED] - click(findTestObject("Web RoomMe.id/RoomMe.id Header/Button Sign In")): Object: 'Object Repository/Web RoomMe.id/RoomMe.id Header/Button Sign In' is clicked on

2020-06-01 02:01:05 - [MESSAGE][PASSED] - Object: 'Object Repository/Web RoomMe.id/RoomMe.id Header/Button Sign In' is clicked on

2020-06-01 02:01:05 - [TEST_STEP][PASSED] - waitForElementVisible(findTestObject("Web RoomMe.id/Sign In Menu/Button Sign Up"), 0): Object 'Object Repository/Web RoomMe.id/Sign In Menu/Button Sign Up' is visible

2020-06-01 02:01:05 - [MESSAGE][WARNING] - Timeout '0' is invalid. Using default page load timeout: '60'

2020-06-01 02:01:06 - [MESSAGE][PASSED] - Object 'Object Repository/Web RoomMe.id/Sign In Menu/Button Sign Up' is visible

2020-06-01 02:01:06 - [TEST_STEP][PASSED] - click(findTestObject("Web RoomMe.id/Sign In Menu/Button Sign Up")): Object: 'Object Repository/Web RoomMe.id/Sign In Menu/Button Sign Up' is clicked on

2020-06-01 02:01:06 - [MESSAGE][PASSED] - Object: 'Object Repository/Web RoomMe.id/Sign In Menu/Button Sign Up' is clicked on

2020-06-01 02:01:06 - [TEST_STEP][PASSED] - callTestCase(findTestCase("Web RoomMe.id/2. Sign Up/Verify Sign Up Menu"), [:], STOP_ON_FAILURE): Call Test Case 'Test Cases/Web RoomMe.id/2. Sign Up/Verify Sign Up Menu' successfully

2020-06-01 02:01:06 - [TEST_CASE][PASSED] - Test Cases/Web RoomMe.id/2. Sign Up/Verify Sign Up Menu: Test Cases/Web RoomMe.id/2. Sign Up/Verify Sign Up Menu

2020-06-01 02:01:06 - [TEST_STEP][PASSED] - objectSubFolder = "Web RoomMe.id\Sign Up Menu\": null

2020-06-01 02:01:06 - [TEST_STEP][PASSED] - pathToObjRep = getProjectDir() + "\Object Repository\" + objectSubFolder: null

2020-06-01 02:01:06 - [TEST_STEP][PASSED] - yourObjects = new java.io.File(pathToObjRep): null

2020-06-01 02:01:06 - [TEST_STEP][PASSED] - fileNames = yourObjects.list(): null

2020-06-01 02:01:06 - [TEST_STEP][PASSED] - testObjects = new java.util.ArrayList(): null

2020-06-01 02:01:06 - [TEST_STEP][PASSED] - for ([i = 0, i < length, (i++)]): null

2020-06-01 02:01:06 - [TEST_STEP][PASSED] - if (fileNames[i].contains(".rs")): null

2020-06-01 02:01:06 - [TEST_STEP][PASSED] - fileNames[i] = fileNames[i].replace(".rs", ""): null

2020-06-01 02:01:06 - [TEST_STEP][PASSED] - testObjects.add(objectSubFolder + fileNames[i]): null

2020-06-01 02:01:06 - [TEST_STEP][PASSED] - if (fileNames[i].contains(".rs")): null

2020-06-01 02:01:06 - [TEST_STEP][PASSED] - fileNames[i] = fileNames[i].replace(".rs", ""): null

2020-06-01 02:01:06 - [TEST_STEP][PASSED] - testObjects.add(objectSubFolder + fileNames[i]): null

2020-06-01 02:01:06 - [TEST_STEP][PASSED] - if (fileNames[i].contains(".rs")): null

2020-06-01 02:01:06 - [TEST_STEP][PASSED] - if (fileNames[i].contains(".rs")): null

2020-06-01 02:01:06 - [TEST_STEP][PASSED] - fileNames[i] = fileNames[i].replace(".rs", ""): null

2020-06-01 02:01:06 - [TEST_STEP][PASSED] - testObjects.add(objectSubFolder + fileNames[i]): null

2020-06-01 02:01:06 - [TEST_STEP][PASSED] - if (fileNames[i].contains(".rs")): null

2020-06-01 02:01:06 - [TEST_STEP][PASSED] - if (fileNames[i].contains(".rs")): null

2020-06-01 02:01:06 - [TEST_STEP][PASSED] - fileNames[i] = fileNames[i].replace(".rs", ""): null

2020-06-01 02:01:06 - [TEST_STEP][PASSED] - testObjects.add(objectSubFolder + fileNames[i]): null

2020-06-01 02:01:06 - [TEST_STEP][PASSED] - if (fileNames[i].contains(".rs")): null

2020-06-01 02:01:06 - [TEST_STEP][PASSED] - fileNames[i] = fileNames[i].replace(".rs", ""): null

2020-06-01 02:01:06 - [TEST_STEP][PASSED] - testObjects.add(objectSubFolder + fileNames[i]): null

2020-06-01 02:01:06 - [TEST_STEP][PASSED] - if (fileNames[i].contains(".rs")): null

2020-06-01 02:01:06 - [TEST_STEP][PASSED] - fileNames[i] = fileNames[i].replace(".rs", ""): null

2020-06-01 02:01:06 - [TEST_STEP][PASSED] - testObjects.add(objectSubFolder + fileNames[i]): null

2020-06-01 02:01:06 - [TEST_STEP][PASSED] - if (fileNames[i].contains(".rs")): null

2020-06-01 02:01:06 - [TEST_STEP][PASSED] - fileNames[i] = fileNames[i].replace(".rs", ""): null

2020-06-01 02:01:06 - [TEST_STEP][PASSED] - testObjects.add(objectSubFolder + fileNames[i]): null

2020-06-01 02:01:06 - [TEST_STEP][PASSED] - if (fileNames[i].contains(".rs")): null

2020-06-01 02:01:06 - [TEST_STEP][PASSED] - fileNames[i] = fileNames[i].replace(".rs", ""): null

2020-06-01 02:01:06 - [TEST_STEP][PASSED] - testObjects.add(objectSubFolder + fileNames[i]): null

2020-06-01 02:01:06 - [TEST_STEP][PASSED] - if (fileNames[i].contains(".rs")): null

2020-06-01 02:01:06 - [TEST_STEP][PASSED] - fileNames[i] = fileNames[i].replace(".rs", ""): null

2020-06-01 02:01:06 - [TEST_STEP][PASSED] - testObjects.add(objectSubFolder + fileNames[i]): null

2020-06-01 02:01:06 - [TEST_STEP][PASSED] - if (fileNames[i].contains(".rs")): null

2020-06-01 02:01:06 - [TEST_STEP][PASSED] - fileNames[i] = fileNames[i].replace(".rs", ""): null

2020-06-01 02:01:06 - [TEST_STEP][PASSED] - testObjects.add(objectSubFolder + fileNames[i]): null

2020-06-01 02:01:06 - [TEST_STEP][PASSED] - if (fileNames[i].contains(".rs")): null

2020-06-01 02:01:06 - [TEST_STEP][PASSED] - fileNames[i] = fileNames[i].replace(".rs", ""): null

2020-06-01 02:01:06 - [TEST_STEP][PASSED] - testObjects.add(objectSubFolder + fileNames[i]): null

2020-06-01 02:01:06 - [TEST_STEP][PASSED] - if (fileNames[i].contains(".rs")): null

2020-06-01 02:01:06 - [TEST_STEP][PASSED] - fileNames[i] = fileNames[i].replace(".rs", ""): null

2020-06-01 02:01:06 - [TEST_STEP][PASSED] - testObjects.add(objectSubFolder + fileNames[i]): null

2020-06-01 02:01:06 - [TEST_STEP][PASSED] - if (fileNames[i].contains(".rs")): null

2020-06-01 02:01:06 - [TEST_STEP][PASSED] - fileNames[i] = fileNames[i].replace(".rs", ""): null

2020-06-01 02:01:06 - [TEST_STEP][PASSED] - testObjects.add(objectSubFolder + fileNames[i]): null

2020-06-01 02:01:06 - [TEST_STEP][PASSED] - for (String obj : testObjects): Object 'Object Repository/Web RoomMe.id\Sign Up Menu\Textfield Phone Number' is visible

2020-06-01 02:01:06 - [TEST_STEP][PASSED] - verifyElementVisible(findTestObject(obj)): Object 'Object Repository/Web RoomMe.id\Sign Up Menu\Button Sign In' is visible

2020-06-01 02:01:07 - [MESSAGE][PASSED] - Object 'Object Repository/Web RoomMe.id\Sign Up Menu\Button Sign In' is visible

2020-06-01 02:01:07 - [TEST_STEP][PASSED] - verifyElementVisible(findTestObject(obj)): Object 'Object Repository/Web RoomMe.id\Sign Up Menu\Button Sign Up' is visible

2020-06-01 02:01:08 - [MESSAGE][PASSED] - Object 'Object Repository/Web RoomMe.id\Sign Up Menu\Button Sign Up' is visible

2020-06-01 02:01:08 - [TEST_STEP][PASSED] - verifyElementVisible(findTestObject(obj)): Object 'Object Repository/Web RoomMe.id\Sign Up Menu\Name Textfield' is visible

2020-06-01 02:01:08 - [MESSAGE][PASSED] - Object 'Object Repository/Web RoomMe.id\Sign Up Menu\Name Textfield' is visible

2020-06-01 02:01:08 - [TEST_STEP][PASSED] - verifyElementVisible(findTestObject(obj)): Object 'Object Repository/Web RoomMe.id\Sign Up Menu\Text Are you have an account' is visible

2020-06-01 02:01:09 - [MESSAGE][PASSED] - Object 'Object Repository/Web RoomMe.id\Sign Up Menu\Text Are you have an account' is visible

2020-06-01 02:01:09 - [TEST_STEP][PASSED] - verifyElementVisible(findTestObject(obj)): Object 'Object Repository/Web RoomMe.id\Sign Up Menu\Text Confirm Password' is visible

2020-06-01 02:01:09 - [MESSAGE][PASSED] - Object 'Object Repository/Web RoomMe.id\Sign Up Menu\Text Confirm Password' is visible

2020-06-01 02:01:09 - [TEST_STEP][PASSED] - verifyElementVisible(findTestObject(obj)): Object 'Object Repository/Web RoomMe.id\Sign Up Menu\Text Email Address' is visible

2020-06-01 02:01:09 - [MESSAGE][PASSED] - Object 'Object Repository/Web RoomMe.id\Sign Up Menu\Text Email Address' is visible

2020-06-01 02:01:09 - [TEST_STEP][PASSED] - verifyElementVisible(findTestObject(obj)): Object 'Object Repository/Web RoomMe.id\Sign Up Menu\Text Full Name' is visible

2020-06-01 02:01:09 - [MESSAGE][PASSED] - Object 'Object Repository/Web RoomMe.id\Sign Up Menu\Text Full Name' is visible

2020-06-01 02:01:09 - [TEST_STEP][PASSED] - verifyElementVisible(findTestObject(obj)): Object 'Object Repository/Web RoomMe.id\Sign Up Menu\Text Password' is visible

2020-06-01 02:01:10 - [MESSAGE][PASSED] - Object 'Object Repository/Web RoomMe.id\Sign Up Menu\Text Password' is visible

2020-06-01 02:01:10 - [TEST_STEP][PASSED] - verifyElementVisible(findTestObject(obj)): Object 'Object Repository/Web RoomMe.id\Sign Up Menu\Text Phone Number' is visible

2020-06-01 02:01:10 - [MESSAGE][PASSED] - Object 'Object Repository/Web RoomMe.id\Sign Up Menu\Text Phone Number' is visible

2020-06-01 02:01:10 - [TEST_STEP][PASSED] - verifyElementVisible(findTestObject(obj)): Object 'Object Repository/Web RoomMe.id\Sign Up Menu\Textfield Confirm Password' is visible

2020-06-01 02:01:10 - [MESSAGE][PASSED] - Object 'Object Repository/Web RoomMe.id\Sign Up Menu\Textfield Confirm Password' is visible

2020-06-01 02:01:10 - [TEST_STEP][PASSED] - verifyElementVisible(findTestObject(obj)): Object 'Object Repository/Web RoomMe.id\Sign Up Menu\Textfield Email' is visible

2020-06-01 02:01:11 - [MESSAGE][PASSED] - Object 'Object Repository/Web RoomMe.id\Sign Up Menu\Textfield Email' is visible

2020-06-01 02:01:11 - [TEST_STEP][PASSED] - verifyElementVisible(findTestObject(obj)): Object 'Object Repository/Web RoomMe.id\Sign Up Menu\Textfield Password' is visible

2020-06-01 02:01:11 - [MESSAGE][PASSED] - Object 'Object Repository/Web RoomMe.id\Sign Up Menu\Textfield Password' is visible

2020-06-01 02:01:11 - [TEST_STEP][PASSED] - verifyElementVisible(findTestObject(obj)): Object 'Object Repository/Web RoomMe.id\Sign Up Menu\Textfield Phone Number' is visible

2020-06-01 02:01:11 - [MESSAGE][PASSED] - Object 'Object Repository/Web RoomMe.id\Sign Up Menu\Textfield Phone Number' is visible

2020-06-01 02:01:11 - [MESSAGE][PASSED] - Call Test Case 'Test Cases/Web RoomMe.id/2. Sign Up/Verify Sign Up Menu' successfully

2020-06-01 02:01:11 - [TEST_STEP][PASSED] - click(findTestObject("Web RoomMe.id/Sign Up Menu/Button Sign Up")): Object: 'Object Repository/Web RoomMe.id/Sign Up Menu/Button Sign Up' is clicked on

2020-06-01 02:01:12 - [MESSAGE][PASSED] - Object: 'Object Repository/Web RoomMe.id/Sign Up Menu/Button Sign Up' is clicked on

2020-06-01 02:01:12 - [TEST_STEP][PASSED] - waitForElementVisible(findTestObject("Web RoomMe.id/Sign Up Menu/Error Message/Text Name is required"), 30, STOP_ON_FAILURE): Object 'Object Repository/Web RoomMe.id/Sign Up Menu/Error Message/Text Name is required' is visible

2020-06-01 02:01:12 - [MESSAGE][PASSED] - Object 'Object Repository/Web RoomMe.id/Sign Up Menu/Error Message/Text Name is required' is visible

2020-06-01 02:01:12 - [TEST_STEP][PASSED] - waitForElementVisible(findTestObject("Web RoomMe.id/Sign Up Menu/Error Message/Text Email is required"), 30, STOP_ON_FAILURE): Object 'Object Repository/Web RoomMe.id/Sign Up Menu/Error Message/Text Email is required' is visible

2020-06-01 02:01:13 - [MESSAGE][PASSED] - Object 'Object Repository/Web RoomMe.id/Sign Up Menu/Error Message/Text Email is required' is visible

2020-06-01 02:01:13 - [TEST_STEP][PASSED] - waitForElementVisible(findTestObject("Web RoomMe.id/Sign Up Menu/Error Message/Text Phone is required"), 30, STOP_ON_FAILURE): Object 'Object Repository/Web RoomMe.id/Sign Up Menu/Error Message/Text Phone is required' is visible

2020-06-01 02:01:13 - [MESSAGE][PASSED] - Object 'Object Repository/Web RoomMe.id/Sign Up Menu/Error Message/Text Phone is required' is visible

2020-06-01 02:01:13 - [TEST_STEP][PASSED] - waitForElementVisible(findTestObject("Web RoomMe.id/Sign Up Menu/Error Message/Text Password is required"), 30, STOP_ON_FAILURE): Object 'Object Repository/Web RoomMe.id/Sign Up Menu/Error Message/Text Password is required' is visible

2020-06-01 02:01:13 - [MESSAGE][PASSED] - Object 'Object Repository/Web RoomMe.id/Sign Up Menu/Error Message/Text Password is required' is visible]]></system-out>
         <system-err><![CDATA[]]></system-err>
      </testcase>
      <testcase name="Test Cases/Web RoomMe.id/2. Sign Up/3. Customer Input Name Field with Invalid Format" time="29.985" classname="Test Cases/Web RoomMe.id/2. Sign Up/3. Customer Input Name Field with Invalid Format" status="PASSED">
         <system-out><![CDATA[2020-06-01 02:01:13 - [TEST_CASE][PASSED] - Test Cases/Web RoomMe.id/2. Sign Up/3. Customer Input Name Field with Invalid Format: Test Cases/Web RoomMe.id/2. Sign Up/3. Customer Input Name Field with Invalid Format

2020-06-01 02:01:14 - [TEST_STEP][PASSED] - callTestCase(findTestCase("Web RoomMe.id/1. Homepage/1. Customer Access RoomMe Page"), [:], STOP_ON_FAILURE): Call Test Case 'Test Cases/Web RoomMe.id/1. Homepage/1. Customer Access RoomMe Page' successfully

2020-06-01 02:01:14 - [TEST_CASE][PASSED] - Test Cases/Web RoomMe.id/1. Homepage/1. Customer Access RoomMe Page: Test Cases/Web RoomMe.id/1. Homepage/1. Customer Access RoomMe Page

2020-06-01 02:01:14 - [TEST_STEP][PASSED] - openBrowser(url): Browser is opened with url: 'roomme.id'

2020-06-01 02:01:14 - [MESSAGE][WARNING] - A browser is already opened. Closing browser and opening a new one

2020-06-01 02:01:15 - [MESSAGE][INFO] - Starting 'Chrome' driver

2020-06-01 02:01:24 - [MESSAGE][PASSED] - Browser is opened with url: 'roomme.id'

2020-06-01 02:01:24 - [TEST_STEP][PASSED] - maximizeWindow(): Current window maximized

2020-06-01 02:01:26 - [MESSAGE][PASSED] - Current window maximized

2020-06-01 02:01:26 - [TEST_STEP][PASSED] - waitForPageLoad(0): Wait for page load successfully

2020-06-01 02:01:26 - [MESSAGE][WARNING] - Timeout '0' is invalid. Using default page load timeout: '60'

2020-06-01 02:01:26 - [MESSAGE][PASSED] - Wait for page load successfully

2020-06-01 02:01:26 - [MESSAGE][PASSED] - Call Test Case 'Test Cases/Web RoomMe.id/1. Homepage/1. Customer Access RoomMe Page' successfully

2020-06-01 02:01:26 - [TEST_STEP][PASSED] - callTestCase(findTestCase("Web RoomMe.id/1. Homepage/2. Verify Header RoomMe.id"), [:], STOP_ON_FAILURE): Call Test Case 'Test Cases/Web RoomMe.id/1. Homepage/2. Verify Header RoomMe.id' successfully

2020-06-01 02:01:26 - [TEST_CASE][PASSED] - Test Cases/Web RoomMe.id/1. Homepage/2. Verify Header RoomMe.id: Test Cases/Web RoomMe.id/1. Homepage/2. Verify Header RoomMe.id

2020-06-01 02:01:26 - [TEST_STEP][PASSED] - objectSubFolder = "Web RoomMe.id\RoomMe.id Header\": null

2020-06-01 02:01:26 - [TEST_STEP][PASSED] - pathToObjRep = getProjectDir() + "\Object Repository\" + objectSubFolder: null

2020-06-01 02:01:26 - [TEST_STEP][PASSED] - yourObjects = new java.io.File(pathToObjRep): null

2020-06-01 02:01:26 - [TEST_STEP][PASSED] - fileNames = yourObjects.list(): null

2020-06-01 02:01:26 - [TEST_STEP][PASSED] - testObjects = new java.util.ArrayList(): null

2020-06-01 02:01:26 - [TEST_STEP][PASSED] - for ([i = 0, i < length, (i++)]): null

2020-06-01 02:01:26 - [TEST_STEP][PASSED] - if (fileNames[i].contains(".rs")): null

2020-06-01 02:01:26 - [TEST_STEP][PASSED] - if (fileNames[i].contains(".rs")): null

2020-06-01 02:01:26 - [TEST_STEP][PASSED] - fileNames[i] = fileNames[i].replace(".rs", ""): null

2020-06-01 02:01:26 - [TEST_STEP][PASSED] - testObjects.add(objectSubFolder + fileNames[i]): null

2020-06-01 02:01:26 - [TEST_STEP][PASSED] - if (fileNames[i].contains(".rs")): null

2020-06-01 02:01:26 - [TEST_STEP][PASSED] - fileNames[i] = fileNames[i].replace(".rs", ""): null

2020-06-01 02:01:26 - [TEST_STEP][PASSED] - testObjects.add(objectSubFolder + fileNames[i]): null

2020-06-01 02:01:26 - [TEST_STEP][PASSED] - if (fileNames[i].contains(".rs")): null

2020-06-01 02:01:26 - [TEST_STEP][PASSED] - fileNames[i] = fileNames[i].replace(".rs", ""): null

2020-06-01 02:01:26 - [TEST_STEP][PASSED] - testObjects.add(objectSubFolder + fileNames[i]): null

2020-06-01 02:01:26 - [TEST_STEP][PASSED] - if (fileNames[i].contains(".rs")): null

2020-06-01 02:01:26 - [TEST_STEP][PASSED] - fileNames[i] = fileNames[i].replace(".rs", ""): null

2020-06-01 02:01:26 - [TEST_STEP][PASSED] - testObjects.add(objectSubFolder + fileNames[i]): null

2020-06-01 02:01:26 - [TEST_STEP][PASSED] - if (fileNames[i].contains(".rs")): null

2020-06-01 02:01:26 - [TEST_STEP][PASSED] - for (String obj : testObjects): Object 'Object Repository/Web RoomMe.id\RoomMe.id Header\Image Header Logo' is visible

2020-06-01 02:01:26 - [TEST_STEP][PASSED] - verifyElementVisible(findTestObject(obj)): Object 'Object Repository/Web RoomMe.id\RoomMe.id Header\Button Are You Landlord' is visible

2020-06-01 02:01:27 - [MESSAGE][PASSED] - Object 'Object Repository/Web RoomMe.id\RoomMe.id Header\Button Are You Landlord' is visible

2020-06-01 02:01:27 - [TEST_STEP][PASSED] - verifyElementVisible(findTestObject(obj)): Object 'Object Repository/Web RoomMe.id\RoomMe.id Header\Button Community' is visible

2020-06-01 02:01:27 - [MESSAGE][PASSED] - Object 'Object Repository/Web RoomMe.id\RoomMe.id Header\Button Community' is visible

2020-06-01 02:01:27 - [TEST_STEP][PASSED] - verifyElementVisible(findTestObject(obj)): Object 'Object Repository/Web RoomMe.id\RoomMe.id Header\Button Sign In' is visible

2020-06-01 02:01:27 - [MESSAGE][PASSED] - Object 'Object Repository/Web RoomMe.id\RoomMe.id Header\Button Sign In' is visible

2020-06-01 02:01:27 - [TEST_STEP][PASSED] - verifyElementVisible(findTestObject(obj)): Object 'Object Repository/Web RoomMe.id\RoomMe.id Header\Image Header Logo' is visible

2020-06-01 02:01:28 - [MESSAGE][PASSED] - Object 'Object Repository/Web RoomMe.id\RoomMe.id Header\Image Header Logo' is visible

2020-06-01 02:01:28 - [MESSAGE][PASSED] - Call Test Case 'Test Cases/Web RoomMe.id/1. Homepage/2. Verify Header RoomMe.id' successfully

2020-06-01 02:01:28 - [TEST_STEP][PASSED] - click(findTestObject("Web RoomMe.id/RoomMe.id Header/Button Sign In")): Object: 'Object Repository/Web RoomMe.id/RoomMe.id Header/Button Sign In' is clicked on

2020-06-01 02:01:28 - [MESSAGE][PASSED] - Object: 'Object Repository/Web RoomMe.id/RoomMe.id Header/Button Sign In' is clicked on

2020-06-01 02:01:28 - [TEST_STEP][PASSED] - waitForElementVisible(findTestObject("Web RoomMe.id/Sign In Menu/Button Sign Up"), 0): Object 'Object Repository/Web RoomMe.id/Sign In Menu/Button Sign Up' is visible

2020-06-01 02:01:28 - [MESSAGE][WARNING] - Timeout '0' is invalid. Using default page load timeout: '60'

2020-06-01 02:01:29 - [MESSAGE][PASSED] - Object 'Object Repository/Web RoomMe.id/Sign In Menu/Button Sign Up' is visible

2020-06-01 02:01:29 - [TEST_STEP][PASSED] - click(findTestObject("Web RoomMe.id/Sign In Menu/Button Sign Up")): Object: 'Object Repository/Web RoomMe.id/Sign In Menu/Button Sign Up' is clicked on

2020-06-01 02:01:29 - [MESSAGE][PASSED] - Object: 'Object Repository/Web RoomMe.id/Sign In Menu/Button Sign Up' is clicked on

2020-06-01 02:01:29 - [TEST_STEP][PASSED] - callTestCase(findTestCase("Web RoomMe.id/2. Sign Up/Verify Sign Up Menu"), [:], STOP_ON_FAILURE): Call Test Case 'Test Cases/Web RoomMe.id/2. Sign Up/Verify Sign Up Menu' successfully

2020-06-01 02:01:29 - [TEST_CASE][PASSED] - Test Cases/Web RoomMe.id/2. Sign Up/Verify Sign Up Menu: Test Cases/Web RoomMe.id/2. Sign Up/Verify Sign Up Menu

2020-06-01 02:01:29 - [TEST_STEP][PASSED] - objectSubFolder = "Web RoomMe.id\Sign Up Menu\": null

2020-06-01 02:01:29 - [TEST_STEP][PASSED] - pathToObjRep = getProjectDir() + "\Object Repository\" + objectSubFolder: null

2020-06-01 02:01:29 - [TEST_STEP][PASSED] - yourObjects = new java.io.File(pathToObjRep): null

2020-06-01 02:01:29 - [TEST_STEP][PASSED] - fileNames = yourObjects.list(): null

2020-06-01 02:01:29 - [TEST_STEP][PASSED] - testObjects = new java.util.ArrayList(): null

2020-06-01 02:01:29 - [TEST_STEP][PASSED] - for ([i = 0, i < length, (i++)]): null

2020-06-01 02:01:29 - [TEST_STEP][PASSED] - if (fileNames[i].contains(".rs")): null

2020-06-01 02:01:29 - [TEST_STEP][PASSED] - fileNames[i] = fileNames[i].replace(".rs", ""): null

2020-06-01 02:01:29 - [TEST_STEP][PASSED] - testObjects.add(objectSubFolder + fileNames[i]): null

2020-06-01 02:01:29 - [TEST_STEP][PASSED] - if (fileNames[i].contains(".rs")): null

2020-06-01 02:01:29 - [TEST_STEP][PASSED] - fileNames[i] = fileNames[i].replace(".rs", ""): null

2020-06-01 02:01:29 - [TEST_STEP][PASSED] - testObjects.add(objectSubFolder + fileNames[i]): null

2020-06-01 02:01:29 - [TEST_STEP][PASSED] - if (fileNames[i].contains(".rs")): null

2020-06-01 02:01:29 - [TEST_STEP][PASSED] - if (fileNames[i].contains(".rs")): null

2020-06-01 02:01:29 - [TEST_STEP][PASSED] - fileNames[i] = fileNames[i].replace(".rs", ""): null

2020-06-01 02:01:29 - [TEST_STEP][PASSED] - testObjects.add(objectSubFolder + fileNames[i]): null

2020-06-01 02:01:29 - [TEST_STEP][PASSED] - if (fileNames[i].contains(".rs")): null

2020-06-01 02:01:29 - [TEST_STEP][PASSED] - if (fileNames[i].contains(".rs")): null

2020-06-01 02:01:29 - [TEST_STEP][PASSED] - fileNames[i] = fileNames[i].replace(".rs", ""): null

2020-06-01 02:01:29 - [TEST_STEP][PASSED] - testObjects.add(objectSubFolder + fileNames[i]): null

2020-06-01 02:01:29 - [TEST_STEP][PASSED] - if (fileNames[i].contains(".rs")): null

2020-06-01 02:01:29 - [TEST_STEP][PASSED] - fileNames[i] = fileNames[i].replace(".rs", ""): null

2020-06-01 02:01:29 - [TEST_STEP][PASSED] - testObjects.add(objectSubFolder + fileNames[i]): null

2020-06-01 02:01:29 - [TEST_STEP][PASSED] - if (fileNames[i].contains(".rs")): null

2020-06-01 02:01:29 - [TEST_STEP][PASSED] - fileNames[i] = fileNames[i].replace(".rs", ""): null

2020-06-01 02:01:29 - [TEST_STEP][PASSED] - testObjects.add(objectSubFolder + fileNames[i]): null

2020-06-01 02:01:29 - [TEST_STEP][PASSED] - if (fileNames[i].contains(".rs")): null

2020-06-01 02:01:29 - [TEST_STEP][PASSED] - fileNames[i] = fileNames[i].replace(".rs", ""): null

2020-06-01 02:01:29 - [TEST_STEP][PASSED] - testObjects.add(objectSubFolder + fileNames[i]): null

2020-06-01 02:01:29 - [TEST_STEP][PASSED] - if (fileNames[i].contains(".rs")): null

2020-06-01 02:01:29 - [TEST_STEP][PASSED] - fileNames[i] = fileNames[i].replace(".rs", ""): null

2020-06-01 02:01:29 - [TEST_STEP][PASSED] - testObjects.add(objectSubFolder + fileNames[i]): null

2020-06-01 02:01:29 - [TEST_STEP][PASSED] - if (fileNames[i].contains(".rs")): null

2020-06-01 02:01:29 - [TEST_STEP][PASSED] - fileNames[i] = fileNames[i].replace(".rs", ""): null

2020-06-01 02:01:29 - [TEST_STEP][PASSED] - testObjects.add(objectSubFolder + fileNames[i]): null

2020-06-01 02:01:29 - [TEST_STEP][PASSED] - if (fileNames[i].contains(".rs")): null

2020-06-01 02:01:29 - [TEST_STEP][PASSED] - fileNames[i] = fileNames[i].replace(".rs", ""): null

2020-06-01 02:01:29 - [TEST_STEP][PASSED] - testObjects.add(objectSubFolder + fileNames[i]): null

2020-06-01 02:01:29 - [TEST_STEP][PASSED] - if (fileNames[i].contains(".rs")): null

2020-06-01 02:01:29 - [TEST_STEP][PASSED] - fileNames[i] = fileNames[i].replace(".rs", ""): null

2020-06-01 02:01:29 - [TEST_STEP][PASSED] - testObjects.add(objectSubFolder + fileNames[i]): null

2020-06-01 02:01:29 - [TEST_STEP][PASSED] - if (fileNames[i].contains(".rs")): null

2020-06-01 02:01:29 - [TEST_STEP][PASSED] - fileNames[i] = fileNames[i].replace(".rs", ""): null

2020-06-01 02:01:29 - [TEST_STEP][PASSED] - testObjects.add(objectSubFolder + fileNames[i]): null

2020-06-01 02:01:29 - [TEST_STEP][PASSED] - if (fileNames[i].contains(".rs")): null

2020-06-01 02:01:29 - [TEST_STEP][PASSED] - fileNames[i] = fileNames[i].replace(".rs", ""): null

2020-06-01 02:01:29 - [TEST_STEP][PASSED] - testObjects.add(objectSubFolder + fileNames[i]): null

2020-06-01 02:01:29 - [TEST_STEP][PASSED] - for (String obj : testObjects): Object 'Object Repository/Web RoomMe.id\Sign Up Menu\Textfield Phone Number' is visible

2020-06-01 02:01:29 - [TEST_STEP][PASSED] - verifyElementVisible(findTestObject(obj)): Object 'Object Repository/Web RoomMe.id\Sign Up Menu\Button Sign In' is visible

2020-06-01 02:01:30 - [MESSAGE][PASSED] - Object 'Object Repository/Web RoomMe.id\Sign Up Menu\Button Sign In' is visible

2020-06-01 02:01:30 - [TEST_STEP][PASSED] - verifyElementVisible(findTestObject(obj)): Object 'Object Repository/Web RoomMe.id\Sign Up Menu\Button Sign Up' is visible

2020-06-01 02:01:30 - [MESSAGE][PASSED] - Object 'Object Repository/Web RoomMe.id\Sign Up Menu\Button Sign Up' is visible

2020-06-01 02:01:30 - [TEST_STEP][PASSED] - verifyElementVisible(findTestObject(obj)): Object 'Object Repository/Web RoomMe.id\Sign Up Menu\Name Textfield' is visible

2020-06-01 02:01:30 - [MESSAGE][PASSED] - Object 'Object Repository/Web RoomMe.id\Sign Up Menu\Name Textfield' is visible

2020-06-01 02:01:30 - [TEST_STEP][PASSED] - verifyElementVisible(findTestObject(obj)): Object 'Object Repository/Web RoomMe.id\Sign Up Menu\Text Are you have an account' is visible

2020-06-01 02:01:31 - [MESSAGE][PASSED] - Object 'Object Repository/Web RoomMe.id\Sign Up Menu\Text Are you have an account' is visible

2020-06-01 02:01:31 - [TEST_STEP][PASSED] - verifyElementVisible(findTestObject(obj)): Object 'Object Repository/Web RoomMe.id\Sign Up Menu\Text Confirm Password' is visible

2020-06-01 02:01:32 - [MESSAGE][PASSED] - Object 'Object Repository/Web RoomMe.id\Sign Up Menu\Text Confirm Password' is visible

2020-06-01 02:01:32 - [TEST_STEP][PASSED] - verifyElementVisible(findTestObject(obj)): Object 'Object Repository/Web RoomMe.id\Sign Up Menu\Text Email Address' is visible

2020-06-01 02:01:32 - [MESSAGE][PASSED] - Object 'Object Repository/Web RoomMe.id\Sign Up Menu\Text Email Address' is visible

2020-06-01 02:01:32 - [TEST_STEP][PASSED] - verifyElementVisible(findTestObject(obj)): Object 'Object Repository/Web RoomMe.id\Sign Up Menu\Text Full Name' is visible

2020-06-01 02:01:32 - [MESSAGE][PASSED] - Object 'Object Repository/Web RoomMe.id\Sign Up Menu\Text Full Name' is visible

2020-06-01 02:01:32 - [TEST_STEP][PASSED] - verifyElementVisible(findTestObject(obj)): Object 'Object Repository/Web RoomMe.id\Sign Up Menu\Text Password' is visible

2020-06-01 02:01:33 - [MESSAGE][PASSED] - Object 'Object Repository/Web RoomMe.id\Sign Up Menu\Text Password' is visible

2020-06-01 02:01:33 - [TEST_STEP][PASSED] - verifyElementVisible(findTestObject(obj)): Object 'Object Repository/Web RoomMe.id\Sign Up Menu\Text Phone Number' is visible

2020-06-01 02:01:33 - [MESSAGE][PASSED] - Object 'Object Repository/Web RoomMe.id\Sign Up Menu\Text Phone Number' is visible

2020-06-01 02:01:33 - [TEST_STEP][PASSED] - verifyElementVisible(findTestObject(obj)): Object 'Object Repository/Web RoomMe.id\Sign Up Menu\Textfield Confirm Password' is visible

2020-06-01 02:01:33 - [MESSAGE][PASSED] - Object 'Object Repository/Web RoomMe.id\Sign Up Menu\Textfield Confirm Password' is visible

2020-06-01 02:01:33 - [TEST_STEP][PASSED] - verifyElementVisible(findTestObject(obj)): Object 'Object Repository/Web RoomMe.id\Sign Up Menu\Textfield Email' is visible

2020-06-01 02:01:34 - [MESSAGE][PASSED] - Object 'Object Repository/Web RoomMe.id\Sign Up Menu\Textfield Email' is visible

2020-06-01 02:01:34 - [TEST_STEP][PASSED] - verifyElementVisible(findTestObject(obj)): Object 'Object Repository/Web RoomMe.id\Sign Up Menu\Textfield Password' is visible

2020-06-01 02:01:34 - [MESSAGE][PASSED] - Object 'Object Repository/Web RoomMe.id\Sign Up Menu\Textfield Password' is visible

2020-06-01 02:01:34 - [TEST_STEP][PASSED] - verifyElementVisible(findTestObject(obj)): Object 'Object Repository/Web RoomMe.id\Sign Up Menu\Textfield Phone Number' is visible

2020-06-01 02:01:34 - [MESSAGE][PASSED] - Object 'Object Repository/Web RoomMe.id\Sign Up Menu\Textfield Phone Number' is visible

2020-06-01 02:01:34 - [MESSAGE][PASSED] - Call Test Case 'Test Cases/Web RoomMe.id/2. Sign Up/Verify Sign Up Menu' successfully

2020-06-01 02:01:34 - [TEST_STEP][PASSED] - waitForElementVisible(findTestObject("Web RoomMe.id/Sign Up Menu/Name Textfield"), 30, STOP_ON_FAILURE): Object 'Object Repository/Web RoomMe.id/Sign Up Menu/Name Textfield' is visible

2020-06-01 02:01:34 - [MESSAGE][PASSED] - Object 'Object Repository/Web RoomMe.id/Sign Up Menu/Name Textfield' is visible

2020-06-01 02:01:34 - [TEST_STEP][PASSED] - setText(findTestObject("Web RoomMe.id/Sign Up Menu/Name Textfield"), "ab"): Text 'ab' is set on object 'Object Repository/Web RoomMe.id/Sign Up Menu/Name Textfield'

2020-06-01 02:01:35 - [MESSAGE][PASSED] - Text 'ab' is set on object 'Object Repository/Web RoomMe.id/Sign Up Menu/Name Textfield'

2020-06-01 02:01:35 - [TEST_STEP][PASSED] - waitForElementVisible(findTestObject("Web RoomMe.id/Sign Up Menu/Error Message/Text At least input 3 characters long"), 30, STOP_ON_FAILURE): Object 'Object Repository/Web RoomMe.id/Sign Up Menu/Error Message/Text At least input 3 characters long' is visible

2020-06-01 02:01:36 - [MESSAGE][PASSED] - Object 'Object Repository/Web RoomMe.id/Sign Up Menu/Error Message/Text At least input 3 characters long' is visible

2020-06-01 02:01:36 - [TEST_STEP][PASSED] - sendKeys(findTestObject("Web RoomMe.id/Sign Up Menu/Name Textfield"), Keys.chord(CONTROL, "a", BACK_SPACE)): Keys 'CONTROL + BACK_SPACE + a' sent to object: 'Object Repository/Web RoomMe.id/Sign Up Menu/Name Textfield'

2020-06-01 02:01:37 - [MESSAGE][PASSED] - Keys 'CONTROL + BACK_SPACE + a' sent to object: 'Object Repository/Web RoomMe.id/Sign Up Menu/Name Textfield'

2020-06-01 02:01:37 - [TEST_STEP][PASSED] - setText(findTestObject("Web RoomMe.id/Sign Up Menu/Name Textfield"), "Abcde Abcde Abcde Abcde Abcde Abcde Abcde Abcde 123"): Text 'Abcde Abcde Abcde Abcde Abcde Abcde Abcde Abcde 123' is set on object 'Object Repository/Web RoomMe.id/Sign Up Menu/Name Textfield'

2020-06-01 02:01:38 - [MESSAGE][PASSED] - Text 'Abcde Abcde Abcde Abcde Abcde Abcde Abcde Abcde 123' is set on object 'Object Repository/Web RoomMe.id/Sign Up Menu/Name Textfield'

2020-06-01 02:01:38 - [TEST_STEP][PASSED] - waitForElementVisible(findTestObject("Web RoomMe.id/Sign Up Menu/Error Message/Text Name Input Character is 50"), 30, STOP_ON_FAILURE): Object 'Object Repository/Web RoomMe.id/Sign Up Menu/Error Message/Text Name Input Character is 50' is visible

2020-06-01 02:01:39 - [MESSAGE][PASSED] - Object 'Object Repository/Web RoomMe.id/Sign Up Menu/Error Message/Text Name Input Character is 50' is visible

2020-06-01 02:01:39 - [TEST_STEP][PASSED] - sendKeys(findTestObject("Web RoomMe.id/Sign Up Menu/Name Textfield"), Keys.chord(CONTROL, "a", BACK_SPACE)): Keys 'CONTROL + BACK_SPACE + a' sent to object: 'Object Repository/Web RoomMe.id/Sign Up Menu/Name Textfield'

2020-06-01 02:01:39 - [MESSAGE][PASSED] - Keys 'CONTROL + BACK_SPACE + a' sent to object: 'Object Repository/Web RoomMe.id/Sign Up Menu/Name Textfield'

2020-06-01 02:01:39 - [TEST_STEP][PASSED] - setText(findTestObject("Web RoomMe.id/Sign Up Menu/Name Textfield"), "abc1"): Text 'abc1' is set on object 'Object Repository/Web RoomMe.id/Sign Up Menu/Name Textfield'

2020-06-01 02:01:40 - [MESSAGE][PASSED] - Text 'abc1' is set on object 'Object Repository/Web RoomMe.id/Sign Up Menu/Name Textfield'

2020-06-01 02:01:40 - [TEST_STEP][PASSED] - waitForElementVisible(findTestObject("Web RoomMe.id/Sign Up Menu/Error Message/Text Your name seems to contain incorrect characters"), 30, STOP_ON_FAILURE): Object 'Object Repository/Web RoomMe.id/Sign Up Menu/Error Message/Text Your name seems to contain incorrect characters' is visible

2020-06-01 02:01:41 - [MESSAGE][PASSED] - Object 'Object Repository/Web RoomMe.id/Sign Up Menu/Error Message/Text Your name seems to contain incorrect characters' is visible

2020-06-01 02:01:41 - [TEST_STEP][PASSED] - sendKeys(findTestObject("Web RoomMe.id/Sign Up Menu/Name Textfield"), Keys.chord(CONTROL, "a", BACK_SPACE)): Keys 'CONTROL + BACK_SPACE + a' sent to object: 'Object Repository/Web RoomMe.id/Sign Up Menu/Name Textfield'

2020-06-01 02:01:41 - [MESSAGE][PASSED] - Keys 'CONTROL + BACK_SPACE + a' sent to object: 'Object Repository/Web RoomMe.id/Sign Up Menu/Name Textfield'

2020-06-01 02:01:41 - [TEST_STEP][PASSED] - setText(findTestObject("Web RoomMe.id/Sign Up Menu/Name Textfield"), "abc!@#"): Text 'abc!@#' is set on object 'Object Repository/Web RoomMe.id/Sign Up Menu/Name Textfield'

2020-06-01 02:01:42 - [MESSAGE][PASSED] - Text 'abc!@#' is set on object 'Object Repository/Web RoomMe.id/Sign Up Menu/Name Textfield'

2020-06-01 02:01:42 - [TEST_STEP][PASSED] - waitForElementVisible(findTestObject("Web RoomMe.id/Sign Up Menu/Error Message/Text Your name seems to contain incorrect characters"), 30, STOP_ON_FAILURE): Object 'Object Repository/Web RoomMe.id/Sign Up Menu/Error Message/Text Your name seems to contain incorrect characters' is visible

2020-06-01 02:01:43 - [MESSAGE][PASSED] - Object 'Object Repository/Web RoomMe.id/Sign Up Menu/Error Message/Text Your name seems to contain incorrect characters' is visible]]></system-out>
         <system-err><![CDATA[]]></system-err>
      </testcase>
      <testcase name="Test Cases/Web RoomMe.id/2. Sign Up/4. Customer Input Email with Invalid Format" time="44.966" classname="Test Cases/Web RoomMe.id/2. Sign Up/4. Customer Input Email with Invalid Format" status="PASSED">
         <system-out><![CDATA[2020-06-01 02:01:43 - [TEST_CASE][PASSED] - Test Cases/Web RoomMe.id/2. Sign Up/4. Customer Input Email with Invalid Format: Test Cases/Web RoomMe.id/2. Sign Up/4. Customer Input Email with Invalid Format

2020-06-01 02:01:43 - [TEST_STEP][PASSED] - callTestCase(findTestCase("Web RoomMe.id/1. Homepage/1. Customer Access RoomMe Page"), [:], STOP_ON_FAILURE): Call Test Case 'Test Cases/Web RoomMe.id/1. Homepage/1. Customer Access RoomMe Page' successfully

2020-06-01 02:01:44 - [TEST_CASE][PASSED] - Test Cases/Web RoomMe.id/1. Homepage/1. Customer Access RoomMe Page: Test Cases/Web RoomMe.id/1. Homepage/1. Customer Access RoomMe Page

2020-06-01 02:01:44 - [TEST_STEP][PASSED] - openBrowser(url): Browser is opened with url: 'roomme.id'

2020-06-01 02:01:44 - [MESSAGE][WARNING] - A browser is already opened. Closing browser and opening a new one

2020-06-01 02:01:44 - [MESSAGE][INFO] - Starting 'Chrome' driver

2020-06-01 02:02:06 - [MESSAGE][PASSED] - Browser is opened with url: 'roomme.id'

2020-06-01 02:02:06 - [TEST_STEP][PASSED] - maximizeWindow(): Current window maximized

2020-06-01 02:02:08 - [MESSAGE][PASSED] - Current window maximized

2020-06-01 02:02:08 - [TEST_STEP][PASSED] - waitForPageLoad(0): Wait for page load successfully

2020-06-01 02:02:08 - [MESSAGE][WARNING] - Timeout '0' is invalid. Using default page load timeout: '60'

2020-06-01 02:02:08 - [MESSAGE][PASSED] - Wait for page load successfully

2020-06-01 02:02:08 - [MESSAGE][PASSED] - Call Test Case 'Test Cases/Web RoomMe.id/1. Homepage/1. Customer Access RoomMe Page' successfully

2020-06-01 02:02:08 - [TEST_STEP][PASSED] - callTestCase(findTestCase("Web RoomMe.id/1. Homepage/2. Verify Header RoomMe.id"), [:], STOP_ON_FAILURE): Call Test Case 'Test Cases/Web RoomMe.id/1. Homepage/2. Verify Header RoomMe.id' successfully

2020-06-01 02:02:08 - [TEST_CASE][PASSED] - Test Cases/Web RoomMe.id/1. Homepage/2. Verify Header RoomMe.id: Test Cases/Web RoomMe.id/1. Homepage/2. Verify Header RoomMe.id

2020-06-01 02:02:08 - [TEST_STEP][PASSED] - objectSubFolder = "Web RoomMe.id\RoomMe.id Header\": null

2020-06-01 02:02:08 - [TEST_STEP][PASSED] - pathToObjRep = getProjectDir() + "\Object Repository\" + objectSubFolder: null

2020-06-01 02:02:08 - [TEST_STEP][PASSED] - yourObjects = new java.io.File(pathToObjRep): null

2020-06-01 02:02:08 - [TEST_STEP][PASSED] - fileNames = yourObjects.list(): null

2020-06-01 02:02:08 - [TEST_STEP][PASSED] - testObjects = new java.util.ArrayList(): null

2020-06-01 02:02:08 - [TEST_STEP][PASSED] - for ([i = 0, i < length, (i++)]): null

2020-06-01 02:02:08 - [TEST_STEP][PASSED] - if (fileNames[i].contains(".rs")): null

2020-06-01 02:02:08 - [TEST_STEP][PASSED] - if (fileNames[i].contains(".rs")): null

2020-06-01 02:02:08 - [TEST_STEP][PASSED] - fileNames[i] = fileNames[i].replace(".rs", ""): null

2020-06-01 02:02:08 - [TEST_STEP][PASSED] - testObjects.add(objectSubFolder + fileNames[i]): null

2020-06-01 02:02:08 - [TEST_STEP][PASSED] - if (fileNames[i].contains(".rs")): null

2020-06-01 02:02:08 - [TEST_STEP][PASSED] - fileNames[i] = fileNames[i].replace(".rs", ""): null

2020-06-01 02:02:08 - [TEST_STEP][PASSED] - testObjects.add(objectSubFolder + fileNames[i]): null

2020-06-01 02:02:08 - [TEST_STEP][PASSED] - if (fileNames[i].contains(".rs")): null

2020-06-01 02:02:08 - [TEST_STEP][PASSED] - fileNames[i] = fileNames[i].replace(".rs", ""): null

2020-06-01 02:02:08 - [TEST_STEP][PASSED] - testObjects.add(objectSubFolder + fileNames[i]): null

2020-06-01 02:02:08 - [TEST_STEP][PASSED] - if (fileNames[i].contains(".rs")): null

2020-06-01 02:02:08 - [TEST_STEP][PASSED] - fileNames[i] = fileNames[i].replace(".rs", ""): null

2020-06-01 02:02:08 - [TEST_STEP][PASSED] - testObjects.add(objectSubFolder + fileNames[i]): null

2020-06-01 02:02:08 - [TEST_STEP][PASSED] - if (fileNames[i].contains(".rs")): null

2020-06-01 02:02:08 - [TEST_STEP][PASSED] - for (String obj : testObjects): Object 'Object Repository/Web RoomMe.id\RoomMe.id Header\Image Header Logo' is visible

2020-06-01 02:02:08 - [TEST_STEP][PASSED] - verifyElementVisible(findTestObject(obj)): Object 'Object Repository/Web RoomMe.id\RoomMe.id Header\Button Are You Landlord' is visible

2020-06-01 02:02:08 - [MESSAGE][PASSED] - Object 'Object Repository/Web RoomMe.id\RoomMe.id Header\Button Are You Landlord' is visible

2020-06-01 02:02:08 - [TEST_STEP][PASSED] - verifyElementVisible(findTestObject(obj)): Object 'Object Repository/Web RoomMe.id\RoomMe.id Header\Button Community' is visible

2020-06-01 02:02:09 - [MESSAGE][PASSED] - Object 'Object Repository/Web RoomMe.id\RoomMe.id Header\Button Community' is visible

2020-06-01 02:02:09 - [TEST_STEP][PASSED] - verifyElementVisible(findTestObject(obj)): Object 'Object Repository/Web RoomMe.id\RoomMe.id Header\Button Sign In' is visible

2020-06-01 02:02:09 - [MESSAGE][PASSED] - Object 'Object Repository/Web RoomMe.id\RoomMe.id Header\Button Sign In' is visible

2020-06-01 02:02:09 - [TEST_STEP][PASSED] - verifyElementVisible(findTestObject(obj)): Object 'Object Repository/Web RoomMe.id\RoomMe.id Header\Image Header Logo' is visible

2020-06-01 02:02:09 - [MESSAGE][PASSED] - Object 'Object Repository/Web RoomMe.id\RoomMe.id Header\Image Header Logo' is visible

2020-06-01 02:02:09 - [MESSAGE][PASSED] - Call Test Case 'Test Cases/Web RoomMe.id/1. Homepage/2. Verify Header RoomMe.id' successfully

2020-06-01 02:02:09 - [TEST_STEP][PASSED] - click(findTestObject("Web RoomMe.id/RoomMe.id Header/Button Sign In")): Object: 'Object Repository/Web RoomMe.id/RoomMe.id Header/Button Sign In' is clicked on

2020-06-01 02:02:10 - [MESSAGE][PASSED] - Object: 'Object Repository/Web RoomMe.id/RoomMe.id Header/Button Sign In' is clicked on

2020-06-01 02:02:10 - [TEST_STEP][PASSED] - waitForElementVisible(findTestObject("Web RoomMe.id/Sign In Menu/Button Sign Up"), 0): Object 'Object Repository/Web RoomMe.id/Sign In Menu/Button Sign Up' is visible

2020-06-01 02:02:10 - [MESSAGE][WARNING] - Timeout '0' is invalid. Using default page load timeout: '60'

2020-06-01 02:02:10 - [MESSAGE][PASSED] - Object 'Object Repository/Web RoomMe.id/Sign In Menu/Button Sign Up' is visible

2020-06-01 02:02:10 - [TEST_STEP][PASSED] - click(findTestObject("Web RoomMe.id/Sign In Menu/Button Sign Up")): Object: 'Object Repository/Web RoomMe.id/Sign In Menu/Button Sign Up' is clicked on

2020-06-01 02:02:11 - [MESSAGE][PASSED] - Object: 'Object Repository/Web RoomMe.id/Sign In Menu/Button Sign Up' is clicked on

2020-06-01 02:02:11 - [TEST_STEP][PASSED] - callTestCase(findTestCase("Web RoomMe.id/2. Sign Up/Verify Sign Up Menu"), [:], STOP_ON_FAILURE): Call Test Case 'Test Cases/Web RoomMe.id/2. Sign Up/Verify Sign Up Menu' successfully

2020-06-01 02:02:11 - [TEST_CASE][PASSED] - Test Cases/Web RoomMe.id/2. Sign Up/Verify Sign Up Menu: Test Cases/Web RoomMe.id/2. Sign Up/Verify Sign Up Menu

2020-06-01 02:02:11 - [TEST_STEP][PASSED] - objectSubFolder = "Web RoomMe.id\Sign Up Menu\": null

2020-06-01 02:02:11 - [TEST_STEP][PASSED] - pathToObjRep = getProjectDir() + "\Object Repository\" + objectSubFolder: null

2020-06-01 02:02:11 - [TEST_STEP][PASSED] - yourObjects = new java.io.File(pathToObjRep): null

2020-06-01 02:02:11 - [TEST_STEP][PASSED] - fileNames = yourObjects.list(): null

2020-06-01 02:02:11 - [TEST_STEP][PASSED] - testObjects = new java.util.ArrayList(): null

2020-06-01 02:02:11 - [TEST_STEP][PASSED] - for ([i = 0, i < length, (i++)]): null

2020-06-01 02:02:11 - [TEST_STEP][PASSED] - if (fileNames[i].contains(".rs")): null

2020-06-01 02:02:11 - [TEST_STEP][PASSED] - fileNames[i] = fileNames[i].replace(".rs", ""): null

2020-06-01 02:02:11 - [TEST_STEP][PASSED] - testObjects.add(objectSubFolder + fileNames[i]): null

2020-06-01 02:02:11 - [TEST_STEP][PASSED] - if (fileNames[i].contains(".rs")): null

2020-06-01 02:02:11 - [TEST_STEP][PASSED] - fileNames[i] = fileNames[i].replace(".rs", ""): null

2020-06-01 02:02:11 - [TEST_STEP][PASSED] - testObjects.add(objectSubFolder + fileNames[i]): null

2020-06-01 02:02:11 - [TEST_STEP][PASSED] - if (fileNames[i].contains(".rs")): null

2020-06-01 02:02:11 - [TEST_STEP][PASSED] - if (fileNames[i].contains(".rs")): null

2020-06-01 02:02:11 - [TEST_STEP][PASSED] - fileNames[i] = fileNames[i].replace(".rs", ""): null

2020-06-01 02:02:11 - [TEST_STEP][PASSED] - testObjects.add(objectSubFolder + fileNames[i]): null

2020-06-01 02:02:11 - [TEST_STEP][PASSED] - if (fileNames[i].contains(".rs")): null

2020-06-01 02:02:11 - [TEST_STEP][PASSED] - if (fileNames[i].contains(".rs")): null

2020-06-01 02:02:11 - [TEST_STEP][PASSED] - fileNames[i] = fileNames[i].replace(".rs", ""): null

2020-06-01 02:02:11 - [TEST_STEP][PASSED] - testObjects.add(objectSubFolder + fileNames[i]): null

2020-06-01 02:02:11 - [TEST_STEP][PASSED] - if (fileNames[i].contains(".rs")): null

2020-06-01 02:02:11 - [TEST_STEP][PASSED] - fileNames[i] = fileNames[i].replace(".rs", ""): null

2020-06-01 02:02:11 - [TEST_STEP][PASSED] - testObjects.add(objectSubFolder + fileNames[i]): null

2020-06-01 02:02:11 - [TEST_STEP][PASSED] - if (fileNames[i].contains(".rs")): null

2020-06-01 02:02:11 - [TEST_STEP][PASSED] - fileNames[i] = fileNames[i].replace(".rs", ""): null

2020-06-01 02:02:11 - [TEST_STEP][PASSED] - testObjects.add(objectSubFolder + fileNames[i]): null

2020-06-01 02:02:11 - [TEST_STEP][PASSED] - if (fileNames[i].contains(".rs")): null

2020-06-01 02:02:11 - [TEST_STEP][PASSED] - fileNames[i] = fileNames[i].replace(".rs", ""): null

2020-06-01 02:02:11 - [TEST_STEP][PASSED] - testObjects.add(objectSubFolder + fileNames[i]): null

2020-06-01 02:02:11 - [TEST_STEP][PASSED] - if (fileNames[i].contains(".rs")): null

2020-06-01 02:02:11 - [TEST_STEP][PASSED] - fileNames[i] = fileNames[i].replace(".rs", ""): null

2020-06-01 02:02:11 - [TEST_STEP][PASSED] - testObjects.add(objectSubFolder + fileNames[i]): null

2020-06-01 02:02:11 - [TEST_STEP][PASSED] - if (fileNames[i].contains(".rs")): null

2020-06-01 02:02:11 - [TEST_STEP][PASSED] - fileNames[i] = fileNames[i].replace(".rs", ""): null

2020-06-01 02:02:11 - [TEST_STEP][PASSED] - testObjects.add(objectSubFolder + fileNames[i]): null

2020-06-01 02:02:11 - [TEST_STEP][PASSED] - if (fileNames[i].contains(".rs")): null

2020-06-01 02:02:11 - [TEST_STEP][PASSED] - fileNames[i] = fileNames[i].replace(".rs", ""): null

2020-06-01 02:02:11 - [TEST_STEP][PASSED] - testObjects.add(objectSubFolder + fileNames[i]): null

2020-06-01 02:02:11 - [TEST_STEP][PASSED] - if (fileNames[i].contains(".rs")): null

2020-06-01 02:02:11 - [TEST_STEP][PASSED] - fileNames[i] = fileNames[i].replace(".rs", ""): null

2020-06-01 02:02:11 - [TEST_STEP][PASSED] - testObjects.add(objectSubFolder + fileNames[i]): null

2020-06-01 02:02:11 - [TEST_STEP][PASSED] - if (fileNames[i].contains(".rs")): null

2020-06-01 02:02:11 - [TEST_STEP][PASSED] - fileNames[i] = fileNames[i].replace(".rs", ""): null

2020-06-01 02:02:11 - [TEST_STEP][PASSED] - testObjects.add(objectSubFolder + fileNames[i]): null

2020-06-01 02:02:11 - [TEST_STEP][PASSED] - if (fileNames[i].contains(".rs")): null

2020-06-01 02:02:11 - [TEST_STEP][PASSED] - fileNames[i] = fileNames[i].replace(".rs", ""): null

2020-06-01 02:02:11 - [TEST_STEP][PASSED] - testObjects.add(objectSubFolder + fileNames[i]): null

2020-06-01 02:02:11 - [TEST_STEP][PASSED] - for (String obj : testObjects): Object 'Object Repository/Web RoomMe.id\Sign Up Menu\Textfield Phone Number' is visible

2020-06-01 02:02:11 - [TEST_STEP][PASSED] - verifyElementVisible(findTestObject(obj)): Object 'Object Repository/Web RoomMe.id\Sign Up Menu\Button Sign In' is visible

2020-06-01 02:02:11 - [MESSAGE][PASSED] - Object 'Object Repository/Web RoomMe.id\Sign Up Menu\Button Sign In' is visible

2020-06-01 02:02:11 - [TEST_STEP][PASSED] - verifyElementVisible(findTestObject(obj)): Object 'Object Repository/Web RoomMe.id\Sign Up Menu\Button Sign Up' is visible

2020-06-01 02:02:11 - [MESSAGE][PASSED] - Object 'Object Repository/Web RoomMe.id\Sign Up Menu\Button Sign Up' is visible

2020-06-01 02:02:11 - [TEST_STEP][PASSED] - verifyElementVisible(findTestObject(obj)): Object 'Object Repository/Web RoomMe.id\Sign Up Menu\Name Textfield' is visible

2020-06-01 02:02:12 - [MESSAGE][PASSED] - Object 'Object Repository/Web RoomMe.id\Sign Up Menu\Name Textfield' is visible

2020-06-01 02:02:12 - [TEST_STEP][PASSED] - verifyElementVisible(findTestObject(obj)): Object 'Object Repository/Web RoomMe.id\Sign Up Menu\Text Are you have an account' is visible

2020-06-01 02:02:12 - [MESSAGE][PASSED] - Object 'Object Repository/Web RoomMe.id\Sign Up Menu\Text Are you have an account' is visible

2020-06-01 02:02:12 - [TEST_STEP][PASSED] - verifyElementVisible(findTestObject(obj)): Object 'Object Repository/Web RoomMe.id\Sign Up Menu\Text Confirm Password' is visible

2020-06-01 02:02:12 - [MESSAGE][PASSED] - Object 'Object Repository/Web RoomMe.id\Sign Up Menu\Text Confirm Password' is visible

2020-06-01 02:02:12 - [TEST_STEP][PASSED] - verifyElementVisible(findTestObject(obj)): Object 'Object Repository/Web RoomMe.id\Sign Up Menu\Text Email Address' is visible

2020-06-01 02:02:13 - [MESSAGE][PASSED] - Object 'Object Repository/Web RoomMe.id\Sign Up Menu\Text Email Address' is visible

2020-06-01 02:02:13 - [TEST_STEP][PASSED] - verifyElementVisible(findTestObject(obj)): Object 'Object Repository/Web RoomMe.id\Sign Up Menu\Text Full Name' is visible

2020-06-01 02:02:13 - [MESSAGE][PASSED] - Object 'Object Repository/Web RoomMe.id\Sign Up Menu\Text Full Name' is visible

2020-06-01 02:02:13 - [TEST_STEP][PASSED] - verifyElementVisible(findTestObject(obj)): Object 'Object Repository/Web RoomMe.id\Sign Up Menu\Text Password' is visible

2020-06-01 02:02:13 - [MESSAGE][PASSED] - Object 'Object Repository/Web RoomMe.id\Sign Up Menu\Text Password' is visible

2020-06-01 02:02:13 - [TEST_STEP][PASSED] - verifyElementVisible(findTestObject(obj)): Object 'Object Repository/Web RoomMe.id\Sign Up Menu\Text Phone Number' is visible

2020-06-01 02:02:14 - [MESSAGE][PASSED] - Object 'Object Repository/Web RoomMe.id\Sign Up Menu\Text Phone Number' is visible

2020-06-01 02:02:14 - [TEST_STEP][PASSED] - verifyElementVisible(findTestObject(obj)): Object 'Object Repository/Web RoomMe.id\Sign Up Menu\Textfield Confirm Password' is visible

2020-06-01 02:02:15 - [MESSAGE][PASSED] - Object 'Object Repository/Web RoomMe.id\Sign Up Menu\Textfield Confirm Password' is visible

2020-06-01 02:02:15 - [TEST_STEP][PASSED] - verifyElementVisible(findTestObject(obj)): Object 'Object Repository/Web RoomMe.id\Sign Up Menu\Textfield Email' is visible

2020-06-01 02:02:15 - [MESSAGE][PASSED] - Object 'Object Repository/Web RoomMe.id\Sign Up Menu\Textfield Email' is visible

2020-06-01 02:02:15 - [TEST_STEP][PASSED] - verifyElementVisible(findTestObject(obj)): Object 'Object Repository/Web RoomMe.id\Sign Up Menu\Textfield Password' is visible

2020-06-01 02:02:16 - [MESSAGE][PASSED] - Object 'Object Repository/Web RoomMe.id\Sign Up Menu\Textfield Password' is visible

2020-06-01 02:02:16 - [TEST_STEP][PASSED] - verifyElementVisible(findTestObject(obj)): Object 'Object Repository/Web RoomMe.id\Sign Up Menu\Textfield Phone Number' is visible

2020-06-01 02:02:16 - [MESSAGE][PASSED] - Object 'Object Repository/Web RoomMe.id\Sign Up Menu\Textfield Phone Number' is visible

2020-06-01 02:02:16 - [MESSAGE][PASSED] - Call Test Case 'Test Cases/Web RoomMe.id/2. Sign Up/Verify Sign Up Menu' successfully

2020-06-01 02:02:16 - [TEST_STEP][PASSED] - waitForElementVisible(findTestObject("Web RoomMe.id/Sign Up Menu/Textfield Email"), 30, STOP_ON_FAILURE): Object 'Object Repository/Web RoomMe.id/Sign Up Menu/Textfield Email' is visible

2020-06-01 02:02:17 - [MESSAGE][PASSED] - Object 'Object Repository/Web RoomMe.id/Sign Up Menu/Textfield Email' is visible

2020-06-01 02:02:17 - [TEST_STEP][PASSED] - setText(findTestObject("Web RoomMe.id/Sign Up Menu/Textfield Email"), "abc123"): Text 'abc123' is set on object 'Object Repository/Web RoomMe.id/Sign Up Menu/Textfield Email'

2020-06-01 02:02:17 - [MESSAGE][PASSED] - Text 'abc123' is set on object 'Object Repository/Web RoomMe.id/Sign Up Menu/Textfield Email'

2020-06-01 02:02:17 - [TEST_STEP][PASSED] - waitForElementVisible(findTestObject("Web RoomMe.id/Sign Up Menu/Error Message/Text Email is not valid"), 30, STOP_ON_FAILURE): Object 'Object Repository/Web RoomMe.id/Sign Up Menu/Error Message/Text Email is not valid' is visible

2020-06-01 02:02:18 - [MESSAGE][PASSED] - Object 'Object Repository/Web RoomMe.id/Sign Up Menu/Error Message/Text Email is not valid' is visible

2020-06-01 02:02:18 - [TEST_STEP][PASSED] - sendKeys(findTestObject("Web RoomMe.id/Sign Up Menu/Textfield Email"), Keys.chord(CONTROL, "a", BACK_SPACE)): Keys 'CONTROL + BACK_SPACE + a' sent to object: 'Object Repository/Web RoomMe.id/Sign Up Menu/Textfield Email'

2020-06-01 02:02:19 - [MESSAGE][PASSED] - Keys 'CONTROL + BACK_SPACE + a' sent to object: 'Object Repository/Web RoomMe.id/Sign Up Menu/Textfield Email'

2020-06-01 02:02:19 - [TEST_STEP][PASSED] - setText(findTestObject("Web RoomMe.id/Sign Up Menu/Textfield Email"), "abc 123"): Text 'abc 123' is set on object 'Object Repository/Web RoomMe.id/Sign Up Menu/Textfield Email'

2020-06-01 02:02:20 - [MESSAGE][PASSED] - Text 'abc 123' is set on object 'Object Repository/Web RoomMe.id/Sign Up Menu/Textfield Email'

2020-06-01 02:02:20 - [TEST_STEP][PASSED] - waitForElementVisible(findTestObject("Web RoomMe.id/Sign Up Menu/Error Message/Text Email is not valid"), 30, STOP_ON_FAILURE): Object 'Object Repository/Web RoomMe.id/Sign Up Menu/Error Message/Text Email is not valid' is visible

2020-06-01 02:02:20 - [MESSAGE][PASSED] - Object 'Object Repository/Web RoomMe.id/Sign Up Menu/Error Message/Text Email is not valid' is visible

2020-06-01 02:02:20 - [TEST_STEP][PASSED] - sendKeys(findTestObject("Web RoomMe.id/Sign Up Menu/Textfield Email"), Keys.chord(CONTROL, "a", BACK_SPACE)): Keys 'CONTROL + BACK_SPACE + a' sent to object: 'Object Repository/Web RoomMe.id/Sign Up Menu/Textfield Email'

2020-06-01 02:02:21 - [MESSAGE][PASSED] - Keys 'CONTROL + BACK_SPACE + a' sent to object: 'Object Repository/Web RoomMe.id/Sign Up Menu/Textfield Email'

2020-06-01 02:02:21 - [TEST_STEP][PASSED] - setText(findTestObject("Web RoomMe.id/Sign Up Menu/Textfield Email"), "!@#$$!@"): Text '!@#$$!@' is set on object 'Object Repository/Web RoomMe.id/Sign Up Menu/Textfield Email'

2020-06-01 02:02:22 - [MESSAGE][PASSED] - Text '!@#$$!@' is set on object 'Object Repository/Web RoomMe.id/Sign Up Menu/Textfield Email'

2020-06-01 02:02:22 - [TEST_STEP][PASSED] - waitForElementVisible(findTestObject("Web RoomMe.id/Sign Up Menu/Error Message/Text Email is not valid"), 30, STOP_ON_FAILURE): Object 'Object Repository/Web RoomMe.id/Sign Up Menu/Error Message/Text Email is not valid' is visible

2020-06-01 02:02:23 - [MESSAGE][PASSED] - Object 'Object Repository/Web RoomMe.id/Sign Up Menu/Error Message/Text Email is not valid' is visible

2020-06-01 02:02:23 - [TEST_STEP][PASSED] - sendKeys(findTestObject("Web RoomMe.id/Sign Up Menu/Textfield Email"), Keys.chord(CONTROL, "a", BACK_SPACE)): Keys 'CONTROL + BACK_SPACE + a' sent to object: 'Object Repository/Web RoomMe.id/Sign Up Menu/Textfield Email'

2020-06-01 02:02:23 - [MESSAGE][PASSED] - Keys 'CONTROL + BACK_SPACE + a' sent to object: 'Object Repository/Web RoomMe.id/Sign Up Menu/Textfield Email'

2020-06-01 02:02:23 - [TEST_STEP][PASSED] - setText(findTestObject("Web RoomMe.id/Sign Up Menu/Textfield Email"), "ab@gmail"): Text 'ab@gmail' is set on object 'Object Repository/Web RoomMe.id/Sign Up Menu/Textfield Email'

2020-06-01 02:02:24 - [MESSAGE][PASSED] - Text 'ab@gmail' is set on object 'Object Repository/Web RoomMe.id/Sign Up Menu/Textfield Email'

2020-06-01 02:02:24 - [TEST_STEP][PASSED] - waitForElementVisible(findTestObject("Web RoomMe.id/Sign Up Menu/Error Message/Text Email is not valid"), 30, STOP_ON_FAILURE): Object 'Object Repository/Web RoomMe.id/Sign Up Menu/Error Message/Text Email is not valid' is visible

2020-06-01 02:02:25 - [MESSAGE][PASSED] - Object 'Object Repository/Web RoomMe.id/Sign Up Menu/Error Message/Text Email is not valid' is visible

2020-06-01 02:02:25 - [TEST_STEP][PASSED] - sendKeys(findTestObject("Web RoomMe.id/Sign Up Menu/Textfield Email"), Keys.chord(CONTROL, "a", BACK_SPACE)): Keys 'CONTROL + BACK_SPACE + a' sent to object: 'Object Repository/Web RoomMe.id/Sign Up Menu/Textfield Email'

2020-06-01 02:02:25 - [MESSAGE][PASSED] - Keys 'CONTROL + BACK_SPACE + a' sent to object: 'Object Repository/Web RoomMe.id/Sign Up Menu/Textfield Email'

2020-06-01 02:02:25 - [TEST_STEP][PASSED] - setText(findTestObject("Web RoomMe.id/Sign Up Menu/Textfield Email"), "ab@.com"): Text 'ab@.com' is set on object 'Object Repository/Web RoomMe.id/Sign Up Menu/Textfield Email'

2020-06-01 02:02:26 - [MESSAGE][PASSED] - Text 'ab@.com' is set on object 'Object Repository/Web RoomMe.id/Sign Up Menu/Textfield Email'

2020-06-01 02:02:26 - [TEST_STEP][PASSED] - waitForElementVisible(findTestObject("Web RoomMe.id/Sign Up Menu/Error Message/Text Email is not valid"), 30, STOP_ON_FAILURE): Object 'Object Repository/Web RoomMe.id/Sign Up Menu/Error Message/Text Email is not valid' is visible

2020-06-01 02:02:26 - [MESSAGE][PASSED] - Object 'Object Repository/Web RoomMe.id/Sign Up Menu/Error Message/Text Email is not valid' is visible

2020-06-01 02:02:26 - [TEST_STEP][PASSED] - sendKeys(findTestObject("Web RoomMe.id/Sign Up Menu/Textfield Email"), Keys.chord(CONTROL, "a", BACK_SPACE)): Keys 'CONTROL + BACK_SPACE + a' sent to object: 'Object Repository/Web RoomMe.id/Sign Up Menu/Textfield Email'

2020-06-01 02:02:26 - [MESSAGE][PASSED] - Keys 'CONTROL + BACK_SPACE + a' sent to object: 'Object Repository/Web RoomMe.id/Sign Up Menu/Textfield Email'

2020-06-01 02:02:26 - [TEST_STEP][PASSED] - setText(findTestObject("Web RoomMe.id/Sign Up Menu/Textfield Email"), "abc 1 2 3@ac.com"): Text 'abc 1 2 3@ac.com' is set on object 'Object Repository/Web RoomMe.id/Sign Up Menu/Textfield Email'

2020-06-01 02:02:27 - [MESSAGE][PASSED] - Text 'abc 1 2 3@ac.com' is set on object 'Object Repository/Web RoomMe.id/Sign Up Menu/Textfield Email'

2020-06-01 02:02:27 - [TEST_STEP][PASSED] - waitForElementVisible(findTestObject("Web RoomMe.id/Sign Up Menu/Error Message/Text Email is not valid"), 30, STOP_ON_FAILURE): Object 'Object Repository/Web RoomMe.id/Sign Up Menu/Error Message/Text Email is not valid' is visible

2020-06-01 02:02:28 - [MESSAGE][PASSED] - Object 'Object Repository/Web RoomMe.id/Sign Up Menu/Error Message/Text Email is not valid' is visible

2020-06-01 02:02:28 - [TEST_STEP][PASSED] - sendKeys(findTestObject("Web RoomMe.id/Sign Up Menu/Textfield Email"), Keys.chord(CONTROL, "a", BACK_SPACE)): Keys 'CONTROL + BACK_SPACE + a' sent to object: 'Object Repository/Web RoomMe.id/Sign Up Menu/Textfield Email'

2020-06-01 02:02:28 - [MESSAGE][PASSED] - Keys 'CONTROL + BACK_SPACE + a' sent to object: 'Object Repository/Web RoomMe.id/Sign Up Menu/Textfield Email']]></system-out>
         <system-err><![CDATA[]]></system-err>
      </testcase>
      <testcase name="Test Cases/Web RoomMe.id/2. Sign Up/5. Customer Input Phone Number with Invalid Format" time="31.231" classname="Test Cases/Web RoomMe.id/2. Sign Up/5. Customer Input Phone Number with Invalid Format" status="PASSED">
         <system-out><![CDATA[2020-06-01 02:02:28 - [TEST_CASE][PASSED] - Test Cases/Web RoomMe.id/2. Sign Up/5. Customer Input Phone Number with Invalid Format: Test Cases/Web RoomMe.id/2. Sign Up/5. Customer Input Phone Number with Invalid Format

2020-06-01 02:02:28 - [TEST_STEP][PASSED] - callTestCase(findTestCase("Web RoomMe.id/1. Homepage/1. Customer Access RoomMe Page"), [:], STOP_ON_FAILURE): Call Test Case 'Test Cases/Web RoomMe.id/1. Homepage/1. Customer Access RoomMe Page' successfully

2020-06-01 02:02:28 - [TEST_CASE][PASSED] - Test Cases/Web RoomMe.id/1. Homepage/1. Customer Access RoomMe Page: Test Cases/Web RoomMe.id/1. Homepage/1. Customer Access RoomMe Page

2020-06-01 02:02:28 - [TEST_STEP][PASSED] - openBrowser(url): Browser is opened with url: 'roomme.id'

2020-06-01 02:02:28 - [MESSAGE][WARNING] - A browser is already opened. Closing browser and opening a new one

2020-06-01 02:02:29 - [MESSAGE][INFO] - Starting 'Chrome' driver

2020-06-01 02:02:41 - [MESSAGE][PASSED] - Browser is opened with url: 'roomme.id'

2020-06-01 02:02:41 - [TEST_STEP][PASSED] - maximizeWindow(): Current window maximized

2020-06-01 02:02:43 - [MESSAGE][PASSED] - Current window maximized

2020-06-01 02:02:43 - [TEST_STEP][PASSED] - waitForPageLoad(0): Wait for page load successfully

2020-06-01 02:02:43 - [MESSAGE][WARNING] - Timeout '0' is invalid. Using default page load timeout: '60'

2020-06-01 02:02:43 - [MESSAGE][PASSED] - Wait for page load successfully

2020-06-01 02:02:43 - [MESSAGE][PASSED] - Call Test Case 'Test Cases/Web RoomMe.id/1. Homepage/1. Customer Access RoomMe Page' successfully

2020-06-01 02:02:43 - [TEST_STEP][PASSED] - callTestCase(findTestCase("Web RoomMe.id/1. Homepage/2. Verify Header RoomMe.id"), [:], STOP_ON_FAILURE): Call Test Case 'Test Cases/Web RoomMe.id/1. Homepage/2. Verify Header RoomMe.id' successfully

2020-06-01 02:02:43 - [TEST_CASE][PASSED] - Test Cases/Web RoomMe.id/1. Homepage/2. Verify Header RoomMe.id: Test Cases/Web RoomMe.id/1. Homepage/2. Verify Header RoomMe.id

2020-06-01 02:02:43 - [TEST_STEP][PASSED] - objectSubFolder = "Web RoomMe.id\RoomMe.id Header\": null

2020-06-01 02:02:43 - [TEST_STEP][PASSED] - pathToObjRep = getProjectDir() + "\Object Repository\" + objectSubFolder: null

2020-06-01 02:02:43 - [TEST_STEP][PASSED] - yourObjects = new java.io.File(pathToObjRep): null

2020-06-01 02:02:43 - [TEST_STEP][PASSED] - fileNames = yourObjects.list(): null

2020-06-01 02:02:43 - [TEST_STEP][PASSED] - testObjects = new java.util.ArrayList(): null

2020-06-01 02:02:43 - [TEST_STEP][PASSED] - for ([i = 0, i < length, (i++)]): null

2020-06-01 02:02:43 - [TEST_STEP][PASSED] - if (fileNames[i].contains(".rs")): null

2020-06-01 02:02:43 - [TEST_STEP][PASSED] - if (fileNames[i].contains(".rs")): null

2020-06-01 02:02:43 - [TEST_STEP][PASSED] - fileNames[i] = fileNames[i].replace(".rs", ""): null

2020-06-01 02:02:43 - [TEST_STEP][PASSED] - testObjects.add(objectSubFolder + fileNames[i]): null

2020-06-01 02:02:43 - [TEST_STEP][PASSED] - if (fileNames[i].contains(".rs")): null

2020-06-01 02:02:43 - [TEST_STEP][PASSED] - fileNames[i] = fileNames[i].replace(".rs", ""): null

2020-06-01 02:02:43 - [TEST_STEP][PASSED] - testObjects.add(objectSubFolder + fileNames[i]): null

2020-06-01 02:02:43 - [TEST_STEP][PASSED] - if (fileNames[i].contains(".rs")): null

2020-06-01 02:02:43 - [TEST_STEP][PASSED] - fileNames[i] = fileNames[i].replace(".rs", ""): null

2020-06-01 02:02:43 - [TEST_STEP][PASSED] - testObjects.add(objectSubFolder + fileNames[i]): null

2020-06-01 02:02:43 - [TEST_STEP][PASSED] - if (fileNames[i].contains(".rs")): null

2020-06-01 02:02:43 - [TEST_STEP][PASSED] - fileNames[i] = fileNames[i].replace(".rs", ""): null

2020-06-01 02:02:43 - [TEST_STEP][PASSED] - testObjects.add(objectSubFolder + fileNames[i]): null

2020-06-01 02:02:43 - [TEST_STEP][PASSED] - if (fileNames[i].contains(".rs")): null

2020-06-01 02:02:43 - [TEST_STEP][PASSED] - for (String obj : testObjects): Object 'Object Repository/Web RoomMe.id\RoomMe.id Header\Image Header Logo' is visible

2020-06-01 02:02:43 - [TEST_STEP][PASSED] - verifyElementVisible(findTestObject(obj)): Object 'Object Repository/Web RoomMe.id\RoomMe.id Header\Button Are You Landlord' is visible

2020-06-01 02:02:44 - [MESSAGE][PASSED] - Object 'Object Repository/Web RoomMe.id\RoomMe.id Header\Button Are You Landlord' is visible

2020-06-01 02:02:44 - [TEST_STEP][PASSED] - verifyElementVisible(findTestObject(obj)): Object 'Object Repository/Web RoomMe.id\RoomMe.id Header\Button Community' is visible

2020-06-01 02:02:44 - [MESSAGE][PASSED] - Object 'Object Repository/Web RoomMe.id\RoomMe.id Header\Button Community' is visible

2020-06-01 02:02:44 - [TEST_STEP][PASSED] - verifyElementVisible(findTestObject(obj)): Object 'Object Repository/Web RoomMe.id\RoomMe.id Header\Button Sign In' is visible

2020-06-01 02:02:44 - [MESSAGE][PASSED] - Object 'Object Repository/Web RoomMe.id\RoomMe.id Header\Button Sign In' is visible

2020-06-01 02:02:44 - [TEST_STEP][PASSED] - verifyElementVisible(findTestObject(obj)): Object 'Object Repository/Web RoomMe.id\RoomMe.id Header\Image Header Logo' is visible

2020-06-01 02:02:45 - [MESSAGE][PASSED] - Object 'Object Repository/Web RoomMe.id\RoomMe.id Header\Image Header Logo' is visible

2020-06-01 02:02:45 - [MESSAGE][PASSED] - Call Test Case 'Test Cases/Web RoomMe.id/1. Homepage/2. Verify Header RoomMe.id' successfully

2020-06-01 02:02:45 - [TEST_STEP][PASSED] - click(findTestObject("Web RoomMe.id/RoomMe.id Header/Button Sign In")): Object: 'Object Repository/Web RoomMe.id/RoomMe.id Header/Button Sign In' is clicked on

2020-06-01 02:02:45 - [MESSAGE][PASSED] - Object: 'Object Repository/Web RoomMe.id/RoomMe.id Header/Button Sign In' is clicked on

2020-06-01 02:02:45 - [TEST_STEP][PASSED] - waitForElementVisible(findTestObject("Web RoomMe.id/Sign In Menu/Button Sign Up"), 0): Object 'Object Repository/Web RoomMe.id/Sign In Menu/Button Sign Up' is visible

2020-06-01 02:02:45 - [MESSAGE][WARNING] - Timeout '0' is invalid. Using default page load timeout: '60'

2020-06-01 02:02:45 - [MESSAGE][PASSED] - Object 'Object Repository/Web RoomMe.id/Sign In Menu/Button Sign Up' is visible

2020-06-01 02:02:45 - [TEST_STEP][PASSED] - click(findTestObject("Web RoomMe.id/Sign In Menu/Button Sign Up")): Object: 'Object Repository/Web RoomMe.id/Sign In Menu/Button Sign Up' is clicked on

2020-06-01 02:02:46 - [MESSAGE][PASSED] - Object: 'Object Repository/Web RoomMe.id/Sign In Menu/Button Sign Up' is clicked on

2020-06-01 02:02:46 - [TEST_STEP][PASSED] - callTestCase(findTestCase("Web RoomMe.id/2. Sign Up/Verify Sign Up Menu"), [:], STOP_ON_FAILURE): Call Test Case 'Test Cases/Web RoomMe.id/2. Sign Up/Verify Sign Up Menu' successfully

2020-06-01 02:02:46 - [TEST_CASE][PASSED] - Test Cases/Web RoomMe.id/2. Sign Up/Verify Sign Up Menu: Test Cases/Web RoomMe.id/2. Sign Up/Verify Sign Up Menu

2020-06-01 02:02:46 - [TEST_STEP][PASSED] - objectSubFolder = "Web RoomMe.id\Sign Up Menu\": null

2020-06-01 02:02:46 - [TEST_STEP][PASSED] - pathToObjRep = getProjectDir() + "\Object Repository\" + objectSubFolder: null

2020-06-01 02:02:46 - [TEST_STEP][PASSED] - yourObjects = new java.io.File(pathToObjRep): null

2020-06-01 02:02:46 - [TEST_STEP][PASSED] - fileNames = yourObjects.list(): null

2020-06-01 02:02:46 - [TEST_STEP][PASSED] - testObjects = new java.util.ArrayList(): null

2020-06-01 02:02:46 - [TEST_STEP][PASSED] - for ([i = 0, i < length, (i++)]): null

2020-06-01 02:02:46 - [TEST_STEP][PASSED] - if (fileNames[i].contains(".rs")): null

2020-06-01 02:02:46 - [TEST_STEP][PASSED] - fileNames[i] = fileNames[i].replace(".rs", ""): null

2020-06-01 02:02:46 - [TEST_STEP][PASSED] - testObjects.add(objectSubFolder + fileNames[i]): null

2020-06-01 02:02:46 - [TEST_STEP][PASSED] - if (fileNames[i].contains(".rs")): null

2020-06-01 02:02:46 - [TEST_STEP][PASSED] - fileNames[i] = fileNames[i].replace(".rs", ""): null

2020-06-01 02:02:46 - [TEST_STEP][PASSED] - testObjects.add(objectSubFolder + fileNames[i]): null

2020-06-01 02:02:46 - [TEST_STEP][PASSED] - if (fileNames[i].contains(".rs")): null

2020-06-01 02:02:46 - [TEST_STEP][PASSED] - if (fileNames[i].contains(".rs")): null

2020-06-01 02:02:46 - [TEST_STEP][PASSED] - fileNames[i] = fileNames[i].replace(".rs", ""): null

2020-06-01 02:02:46 - [TEST_STEP][PASSED] - testObjects.add(objectSubFolder + fileNames[i]): null

2020-06-01 02:02:46 - [TEST_STEP][PASSED] - if (fileNames[i].contains(".rs")): null

2020-06-01 02:02:46 - [TEST_STEP][PASSED] - if (fileNames[i].contains(".rs")): null

2020-06-01 02:02:46 - [TEST_STEP][PASSED] - fileNames[i] = fileNames[i].replace(".rs", ""): null

2020-06-01 02:02:46 - [TEST_STEP][PASSED] - testObjects.add(objectSubFolder + fileNames[i]): null

2020-06-01 02:02:46 - [TEST_STEP][PASSED] - if (fileNames[i].contains(".rs")): null

2020-06-01 02:02:46 - [TEST_STEP][PASSED] - fileNames[i] = fileNames[i].replace(".rs", ""): null

2020-06-01 02:02:46 - [TEST_STEP][PASSED] - testObjects.add(objectSubFolder + fileNames[i]): null

2020-06-01 02:02:46 - [TEST_STEP][PASSED] - if (fileNames[i].contains(".rs")): null

2020-06-01 02:02:46 - [TEST_STEP][PASSED] - fileNames[i] = fileNames[i].replace(".rs", ""): null

2020-06-01 02:02:46 - [TEST_STEP][PASSED] - testObjects.add(objectSubFolder + fileNames[i]): null

2020-06-01 02:02:46 - [TEST_STEP][PASSED] - if (fileNames[i].contains(".rs")): null

2020-06-01 02:02:46 - [TEST_STEP][PASSED] - fileNames[i] = fileNames[i].replace(".rs", ""): null

2020-06-01 02:02:46 - [TEST_STEP][PASSED] - testObjects.add(objectSubFolder + fileNames[i]): null

2020-06-01 02:02:46 - [TEST_STEP][PASSED] - if (fileNames[i].contains(".rs")): null

2020-06-01 02:02:46 - [TEST_STEP][PASSED] - fileNames[i] = fileNames[i].replace(".rs", ""): null

2020-06-01 02:02:46 - [TEST_STEP][PASSED] - testObjects.add(objectSubFolder + fileNames[i]): null

2020-06-01 02:02:46 - [TEST_STEP][PASSED] - if (fileNames[i].contains(".rs")): null

2020-06-01 02:02:46 - [TEST_STEP][PASSED] - fileNames[i] = fileNames[i].replace(".rs", ""): null

2020-06-01 02:02:46 - [TEST_STEP][PASSED] - testObjects.add(objectSubFolder + fileNames[i]): null

2020-06-01 02:02:46 - [TEST_STEP][PASSED] - if (fileNames[i].contains(".rs")): null

2020-06-01 02:02:46 - [TEST_STEP][PASSED] - fileNames[i] = fileNames[i].replace(".rs", ""): null

2020-06-01 02:02:46 - [TEST_STEP][PASSED] - testObjects.add(objectSubFolder + fileNames[i]): null

2020-06-01 02:02:46 - [TEST_STEP][PASSED] - if (fileNames[i].contains(".rs")): null

2020-06-01 02:02:46 - [TEST_STEP][PASSED] - fileNames[i] = fileNames[i].replace(".rs", ""): null

2020-06-01 02:02:46 - [TEST_STEP][PASSED] - testObjects.add(objectSubFolder + fileNames[i]): null

2020-06-01 02:02:46 - [TEST_STEP][PASSED] - if (fileNames[i].contains(".rs")): null

2020-06-01 02:02:46 - [TEST_STEP][PASSED] - fileNames[i] = fileNames[i].replace(".rs", ""): null

2020-06-01 02:02:46 - [TEST_STEP][PASSED] - testObjects.add(objectSubFolder + fileNames[i]): null

2020-06-01 02:02:46 - [TEST_STEP][PASSED] - if (fileNames[i].contains(".rs")): null

2020-06-01 02:02:46 - [TEST_STEP][PASSED] - fileNames[i] = fileNames[i].replace(".rs", ""): null

2020-06-01 02:02:46 - [TEST_STEP][PASSED] - testObjects.add(objectSubFolder + fileNames[i]): null

2020-06-01 02:02:46 - [TEST_STEP][PASSED] - for (String obj : testObjects): Object 'Object Repository/Web RoomMe.id\Sign Up Menu\Textfield Phone Number' is visible

2020-06-01 02:02:46 - [TEST_STEP][PASSED] - verifyElementVisible(findTestObject(obj)): Object 'Object Repository/Web RoomMe.id\Sign Up Menu\Button Sign In' is visible

2020-06-01 02:02:46 - [MESSAGE][PASSED] - Object 'Object Repository/Web RoomMe.id\Sign Up Menu\Button Sign In' is visible

2020-06-01 02:02:46 - [TEST_STEP][PASSED] - verifyElementVisible(findTestObject(obj)): Object 'Object Repository/Web RoomMe.id\Sign Up Menu\Button Sign Up' is visible

2020-06-01 02:02:47 - [MESSAGE][PASSED] - Object 'Object Repository/Web RoomMe.id\Sign Up Menu\Button Sign Up' is visible

2020-06-01 02:02:47 - [TEST_STEP][PASSED] - verifyElementVisible(findTestObject(obj)): Object 'Object Repository/Web RoomMe.id\Sign Up Menu\Name Textfield' is visible

2020-06-01 02:02:48 - [MESSAGE][PASSED] - Object 'Object Repository/Web RoomMe.id\Sign Up Menu\Name Textfield' is visible

2020-06-01 02:02:48 - [TEST_STEP][PASSED] - verifyElementVisible(findTestObject(obj)): Object 'Object Repository/Web RoomMe.id\Sign Up Menu\Text Are you have an account' is visible

2020-06-01 02:02:48 - [MESSAGE][PASSED] - Object 'Object Repository/Web RoomMe.id\Sign Up Menu\Text Are you have an account' is visible

2020-06-01 02:02:48 - [TEST_STEP][PASSED] - verifyElementVisible(findTestObject(obj)): Object 'Object Repository/Web RoomMe.id\Sign Up Menu\Text Confirm Password' is visible

2020-06-01 02:02:48 - [MESSAGE][PASSED] - Object 'Object Repository/Web RoomMe.id\Sign Up Menu\Text Confirm Password' is visible

2020-06-01 02:02:48 - [TEST_STEP][PASSED] - verifyElementVisible(findTestObject(obj)): Object 'Object Repository/Web RoomMe.id\Sign Up Menu\Text Email Address' is visible

2020-06-01 02:02:49 - [MESSAGE][PASSED] - Object 'Object Repository/Web RoomMe.id\Sign Up Menu\Text Email Address' is visible

2020-06-01 02:02:49 - [TEST_STEP][PASSED] - verifyElementVisible(findTestObject(obj)): Object 'Object Repository/Web RoomMe.id\Sign Up Menu\Text Full Name' is visible

2020-06-01 02:02:49 - [MESSAGE][PASSED] - Object 'Object Repository/Web RoomMe.id\Sign Up Menu\Text Full Name' is visible

2020-06-01 02:02:49 - [TEST_STEP][PASSED] - verifyElementVisible(findTestObject(obj)): Object 'Object Repository/Web RoomMe.id\Sign Up Menu\Text Password' is visible

2020-06-01 02:02:49 - [MESSAGE][PASSED] - Object 'Object Repository/Web RoomMe.id\Sign Up Menu\Text Password' is visible

2020-06-01 02:02:49 - [TEST_STEP][PASSED] - verifyElementVisible(findTestObject(obj)): Object 'Object Repository/Web RoomMe.id\Sign Up Menu\Text Phone Number' is visible

2020-06-01 02:02:50 - [MESSAGE][PASSED] - Object 'Object Repository/Web RoomMe.id\Sign Up Menu\Text Phone Number' is visible

2020-06-01 02:02:50 - [TEST_STEP][PASSED] - verifyElementVisible(findTestObject(obj)): Object 'Object Repository/Web RoomMe.id\Sign Up Menu\Textfield Confirm Password' is visible

2020-06-01 02:02:50 - [MESSAGE][PASSED] - Object 'Object Repository/Web RoomMe.id\Sign Up Menu\Textfield Confirm Password' is visible

2020-06-01 02:02:50 - [TEST_STEP][PASSED] - verifyElementVisible(findTestObject(obj)): Object 'Object Repository/Web RoomMe.id\Sign Up Menu\Textfield Email' is visible

2020-06-01 02:02:50 - [MESSAGE][PASSED] - Object 'Object Repository/Web RoomMe.id\Sign Up Menu\Textfield Email' is visible

2020-06-01 02:02:50 - [TEST_STEP][PASSED] - verifyElementVisible(findTestObject(obj)): Object 'Object Repository/Web RoomMe.id\Sign Up Menu\Textfield Password' is visible

2020-06-01 02:02:50 - [MESSAGE][PASSED] - Object 'Object Repository/Web RoomMe.id\Sign Up Menu\Textfield Password' is visible

2020-06-01 02:02:50 - [TEST_STEP][PASSED] - verifyElementVisible(findTestObject(obj)): Object 'Object Repository/Web RoomMe.id\Sign Up Menu\Textfield Phone Number' is visible

2020-06-01 02:02:51 - [MESSAGE][PASSED] - Object 'Object Repository/Web RoomMe.id\Sign Up Menu\Textfield Phone Number' is visible

2020-06-01 02:02:51 - [MESSAGE][PASSED] - Call Test Case 'Test Cases/Web RoomMe.id/2. Sign Up/Verify Sign Up Menu' successfully

2020-06-01 02:02:51 - [TEST_STEP][PASSED] - waitForElementVisible(findTestObject("Web RoomMe.id/Sign Up Menu/Textfield Phone Number"), 30, STOP_ON_FAILURE): Object 'Object Repository/Web RoomMe.id/Sign Up Menu/Textfield Phone Number' is visible

2020-06-01 02:02:51 - [MESSAGE][PASSED] - Object 'Object Repository/Web RoomMe.id/Sign Up Menu/Textfield Phone Number' is visible

2020-06-01 02:02:51 - [TEST_STEP][PASSED] - setText(findTestObject("Web RoomMe.id/Sign Up Menu/Textfield Phone Number"), "abcdefghij"): Text 'abcdefghij' is set on object 'Object Repository/Web RoomMe.id/Sign Up Menu/Textfield Phone Number'

2020-06-01 02:02:52 - [MESSAGE][PASSED] - Text 'abcdefghij' is set on object 'Object Repository/Web RoomMe.id/Sign Up Menu/Textfield Phone Number'

2020-06-01 02:02:52 - [TEST_STEP][PASSED] - waitForElementVisible(findTestObject("Web RoomMe.id/Sign Up Menu/Error Message/Text Invalid phone number"), 30, STOP_ON_FAILURE): Object 'Object Repository/Web RoomMe.id/Sign Up Menu/Error Message/Text Invalid phone number' is visible

2020-06-01 02:02:53 - [MESSAGE][PASSED] - Object 'Object Repository/Web RoomMe.id/Sign Up Menu/Error Message/Text Invalid phone number' is visible

2020-06-01 02:02:53 - [TEST_STEP][PASSED] - sendKeys(findTestObject("Web RoomMe.id/Sign Up Menu/Textfield Phone Number"), Keys.chord(CONTROL, "a", BACK_SPACE)): Keys 'CONTROL + BACK_SPACE + a' sent to object: 'Object Repository/Web RoomMe.id/Sign Up Menu/Textfield Phone Number'

2020-06-01 02:02:53 - [MESSAGE][PASSED] - Keys 'CONTROL + BACK_SPACE + a' sent to object: 'Object Repository/Web RoomMe.id/Sign Up Menu/Textfield Phone Number'

2020-06-01 02:02:53 - [TEST_STEP][PASSED] - setText(findTestObject("Web RoomMe.id/Sign Up Menu/Textfield Phone Number"), "12345abcde"): Text '12345abcde' is set on object 'Object Repository/Web RoomMe.id/Sign Up Menu/Textfield Phone Number'

2020-06-01 02:02:54 - [MESSAGE][PASSED] - Text '12345abcde' is set on object 'Object Repository/Web RoomMe.id/Sign Up Menu/Textfield Phone Number'

2020-06-01 02:02:54 - [TEST_STEP][PASSED] - waitForElementVisible(findTestObject("Web RoomMe.id/Sign Up Menu/Error Message/Text Invalid phone number"), 30, STOP_ON_FAILURE): Object 'Object Repository/Web RoomMe.id/Sign Up Menu/Error Message/Text Invalid phone number' is visible

2020-06-01 02:02:55 - [MESSAGE][PASSED] - Object 'Object Repository/Web RoomMe.id/Sign Up Menu/Error Message/Text Invalid phone number' is visible

2020-06-01 02:02:55 - [TEST_STEP][PASSED] - sendKeys(findTestObject("Web RoomMe.id/Sign Up Menu/Textfield Phone Number"), Keys.chord(CONTROL, "a", BACK_SPACE)): Keys 'CONTROL + BACK_SPACE + a' sent to object: 'Object Repository/Web RoomMe.id/Sign Up Menu/Textfield Phone Number'

2020-06-01 02:02:55 - [MESSAGE][PASSED] - Keys 'CONTROL + BACK_SPACE + a' sent to object: 'Object Repository/Web RoomMe.id/Sign Up Menu/Textfield Phone Number'

2020-06-01 02:02:55 - [TEST_STEP][PASSED] - setText(findTestObject("Web RoomMe.id/Sign Up Menu/Textfield Phone Number"), "08123456 7890"): Text '08123456 7890' is set on object 'Object Repository/Web RoomMe.id/Sign Up Menu/Textfield Phone Number'

2020-06-01 02:02:56 - [MESSAGE][PASSED] - Text '08123456 7890' is set on object 'Object Repository/Web RoomMe.id/Sign Up Menu/Textfield Phone Number'

2020-06-01 02:02:56 - [TEST_STEP][PASSED] - waitForElementVisible(findTestObject("Web RoomMe.id/Sign Up Menu/Error Message/Text Invalid phone number"), 30, STOP_ON_FAILURE): Object 'Object Repository/Web RoomMe.id/Sign Up Menu/Error Message/Text Invalid phone number' is visible

2020-06-01 02:02:57 - [MESSAGE][PASSED] - Object 'Object Repository/Web RoomMe.id/Sign Up Menu/Error Message/Text Invalid phone number' is visible

2020-06-01 02:02:57 - [TEST_STEP][PASSED] - sendKeys(findTestObject("Web RoomMe.id/Sign Up Menu/Textfield Phone Number"), Keys.chord(CONTROL, "a", BACK_SPACE)): Keys 'CONTROL + BACK_SPACE + a' sent to object: 'Object Repository/Web RoomMe.id/Sign Up Menu/Textfield Phone Number'

2020-06-01 02:02:57 - [MESSAGE][PASSED] - Keys 'CONTROL + BACK_SPACE + a' sent to object: 'Object Repository/Web RoomMe.id/Sign Up Menu/Textfield Phone Number'

2020-06-01 02:02:57 - [TEST_STEP][PASSED] - setText(findTestObject("Web RoomMe.id/Sign Up Menu/Textfield Phone Number"), "!@#$%^&*()"): Text '!@#$%^&*()' is set on object 'Object Repository/Web RoomMe.id/Sign Up Menu/Textfield Phone Number'

2020-06-01 02:02:58 - [MESSAGE][PASSED] - Text '!@#$%^&*()' is set on object 'Object Repository/Web RoomMe.id/Sign Up Menu/Textfield Phone Number'

2020-06-01 02:02:58 - [TEST_STEP][PASSED] - waitForElementVisible(findTestObject("Web RoomMe.id/Sign Up Menu/Error Message/Text Invalid phone number"), 30, STOP_ON_FAILURE): Object 'Object Repository/Web RoomMe.id/Sign Up Menu/Error Message/Text Invalid phone number' is visible

2020-06-01 02:02:59 - [MESSAGE][PASSED] - Object 'Object Repository/Web RoomMe.id/Sign Up Menu/Error Message/Text Invalid phone number' is visible

2020-06-01 02:02:59 - [TEST_STEP][PASSED] - sendKeys(findTestObject("Web RoomMe.id/Sign Up Menu/Textfield Phone Number"), Keys.chord(CONTROL, "a", BACK_SPACE)): Keys 'CONTROL + BACK_SPACE + a' sent to object: 'Object Repository/Web RoomMe.id/Sign Up Menu/Textfield Phone Number'

2020-06-01 02:02:59 - [MESSAGE][PASSED] - Keys 'CONTROL + BACK_SPACE + a' sent to object: 'Object Repository/Web RoomMe.id/Sign Up Menu/Textfield Phone Number']]></system-out>
         <system-err><![CDATA[]]></system-err>
      </testcase>
      <testcase name="Test Cases/Web RoomMe.id/2. Sign Up/6. Customer Input Password with Invalid Format" time="35.397" classname="Test Cases/Web RoomMe.id/2. Sign Up/6. Customer Input Password with Invalid Format" status="PASSED">
         <system-out><![CDATA[2020-06-01 02:02:59 - [TEST_CASE][PASSED] - Test Cases/Web RoomMe.id/2. Sign Up/6. Customer Input Password with Invalid Format: Test Cases/Web RoomMe.id/2. Sign Up/6. Customer Input Password with Invalid Format

2020-06-01 02:03:00 - [TEST_STEP][PASSED] - callTestCase(findTestCase("Web RoomMe.id/1. Homepage/1. Customer Access RoomMe Page"), [:], STOP_ON_FAILURE): Call Test Case 'Test Cases/Web RoomMe.id/1. Homepage/1. Customer Access RoomMe Page' successfully

2020-06-01 02:03:00 - [TEST_CASE][PASSED] - Test Cases/Web RoomMe.id/1. Homepage/1. Customer Access RoomMe Page: Test Cases/Web RoomMe.id/1. Homepage/1. Customer Access RoomMe Page

2020-06-01 02:03:00 - [TEST_STEP][PASSED] - openBrowser(url): Browser is opened with url: 'roomme.id'

2020-06-01 02:03:00 - [MESSAGE][WARNING] - A browser is already opened. Closing browser and opening a new one

2020-06-01 02:03:00 - [MESSAGE][INFO] - Starting 'Chrome' driver

2020-06-01 02:03:14 - [MESSAGE][PASSED] - Browser is opened with url: 'roomme.id'

2020-06-01 02:03:14 - [TEST_STEP][PASSED] - maximizeWindow(): Current window maximized

2020-06-01 02:03:16 - [MESSAGE][PASSED] - Current window maximized

2020-06-01 02:03:16 - [TEST_STEP][PASSED] - waitForPageLoad(0): Wait for page load successfully

2020-06-01 02:03:16 - [MESSAGE][WARNING] - Timeout '0' is invalid. Using default page load timeout: '60'

2020-06-01 02:03:16 - [MESSAGE][PASSED] - Wait for page load successfully

2020-06-01 02:03:16 - [MESSAGE][PASSED] - Call Test Case 'Test Cases/Web RoomMe.id/1. Homepage/1. Customer Access RoomMe Page' successfully

2020-06-01 02:03:16 - [TEST_STEP][PASSED] - callTestCase(findTestCase("Web RoomMe.id/1. Homepage/2. Verify Header RoomMe.id"), [:], STOP_ON_FAILURE): Call Test Case 'Test Cases/Web RoomMe.id/1. Homepage/2. Verify Header RoomMe.id' successfully

2020-06-01 02:03:16 - [TEST_CASE][PASSED] - Test Cases/Web RoomMe.id/1. Homepage/2. Verify Header RoomMe.id: Test Cases/Web RoomMe.id/1. Homepage/2. Verify Header RoomMe.id

2020-06-01 02:03:16 - [TEST_STEP][PASSED] - objectSubFolder = "Web RoomMe.id\RoomMe.id Header\": null

2020-06-01 02:03:16 - [TEST_STEP][PASSED] - pathToObjRep = getProjectDir() + "\Object Repository\" + objectSubFolder: null

2020-06-01 02:03:16 - [TEST_STEP][PASSED] - yourObjects = new java.io.File(pathToObjRep): null

2020-06-01 02:03:16 - [TEST_STEP][PASSED] - fileNames = yourObjects.list(): null

2020-06-01 02:03:16 - [TEST_STEP][PASSED] - testObjects = new java.util.ArrayList(): null

2020-06-01 02:03:16 - [TEST_STEP][PASSED] - for ([i = 0, i < length, (i++)]): null

2020-06-01 02:03:16 - [TEST_STEP][PASSED] - if (fileNames[i].contains(".rs")): null

2020-06-01 02:03:16 - [TEST_STEP][PASSED] - if (fileNames[i].contains(".rs")): null

2020-06-01 02:03:16 - [TEST_STEP][PASSED] - fileNames[i] = fileNames[i].replace(".rs", ""): null

2020-06-01 02:03:16 - [TEST_STEP][PASSED] - testObjects.add(objectSubFolder + fileNames[i]): null

2020-06-01 02:03:16 - [TEST_STEP][PASSED] - if (fileNames[i].contains(".rs")): null

2020-06-01 02:03:16 - [TEST_STEP][PASSED] - fileNames[i] = fileNames[i].replace(".rs", ""): null

2020-06-01 02:03:16 - [TEST_STEP][PASSED] - testObjects.add(objectSubFolder + fileNames[i]): null

2020-06-01 02:03:16 - [TEST_STEP][PASSED] - if (fileNames[i].contains(".rs")): null

2020-06-01 02:03:16 - [TEST_STEP][PASSED] - fileNames[i] = fileNames[i].replace(".rs", ""): null

2020-06-01 02:03:16 - [TEST_STEP][PASSED] - testObjects.add(objectSubFolder + fileNames[i]): null

2020-06-01 02:03:16 - [TEST_STEP][PASSED] - if (fileNames[i].contains(".rs")): null

2020-06-01 02:03:16 - [TEST_STEP][PASSED] - fileNames[i] = fileNames[i].replace(".rs", ""): null

2020-06-01 02:03:16 - [TEST_STEP][PASSED] - testObjects.add(objectSubFolder + fileNames[i]): null

2020-06-01 02:03:16 - [TEST_STEP][PASSED] - if (fileNames[i].contains(".rs")): null

2020-06-01 02:03:16 - [TEST_STEP][PASSED] - for (String obj : testObjects): Object 'Object Repository/Web RoomMe.id\RoomMe.id Header\Image Header Logo' is visible

2020-06-01 02:03:16 - [TEST_STEP][PASSED] - verifyElementVisible(findTestObject(obj)): Object 'Object Repository/Web RoomMe.id\RoomMe.id Header\Button Are You Landlord' is visible

2020-06-01 02:03:16 - [MESSAGE][PASSED] - Object 'Object Repository/Web RoomMe.id\RoomMe.id Header\Button Are You Landlord' is visible

2020-06-01 02:03:16 - [TEST_STEP][PASSED] - verifyElementVisible(findTestObject(obj)): Object 'Object Repository/Web RoomMe.id\RoomMe.id Header\Button Community' is visible

2020-06-01 02:03:17 - [MESSAGE][PASSED] - Object 'Object Repository/Web RoomMe.id\RoomMe.id Header\Button Community' is visible

2020-06-01 02:03:17 - [TEST_STEP][PASSED] - verifyElementVisible(findTestObject(obj)): Object 'Object Repository/Web RoomMe.id\RoomMe.id Header\Button Sign In' is visible

2020-06-01 02:03:17 - [MESSAGE][PASSED] - Object 'Object Repository/Web RoomMe.id\RoomMe.id Header\Button Sign In' is visible

2020-06-01 02:03:17 - [TEST_STEP][PASSED] - verifyElementVisible(findTestObject(obj)): Object 'Object Repository/Web RoomMe.id\RoomMe.id Header\Image Header Logo' is visible

2020-06-01 02:03:17 - [MESSAGE][PASSED] - Object 'Object Repository/Web RoomMe.id\RoomMe.id Header\Image Header Logo' is visible

2020-06-01 02:03:17 - [MESSAGE][PASSED] - Call Test Case 'Test Cases/Web RoomMe.id/1. Homepage/2. Verify Header RoomMe.id' successfully

2020-06-01 02:03:17 - [TEST_STEP][PASSED] - click(findTestObject("Web RoomMe.id/RoomMe.id Header/Button Sign In")): Object: 'Object Repository/Web RoomMe.id/RoomMe.id Header/Button Sign In' is clicked on

2020-06-01 02:03:18 - [MESSAGE][PASSED] - Object: 'Object Repository/Web RoomMe.id/RoomMe.id Header/Button Sign In' is clicked on

2020-06-01 02:03:18 - [TEST_STEP][PASSED] - waitForElementVisible(findTestObject("Web RoomMe.id/Sign In Menu/Button Sign Up"), 0): Object 'Object Repository/Web RoomMe.id/Sign In Menu/Button Sign Up' is visible

2020-06-01 02:03:18 - [MESSAGE][WARNING] - Timeout '0' is invalid. Using default page load timeout: '60'

2020-06-01 02:03:18 - [MESSAGE][PASSED] - Object 'Object Repository/Web RoomMe.id/Sign In Menu/Button Sign Up' is visible

2020-06-01 02:03:18 - [TEST_STEP][PASSED] - click(findTestObject("Web RoomMe.id/Sign In Menu/Button Sign Up")): Object: 'Object Repository/Web RoomMe.id/Sign In Menu/Button Sign Up' is clicked on

2020-06-01 02:03:19 - [MESSAGE][PASSED] - Object: 'Object Repository/Web RoomMe.id/Sign In Menu/Button Sign Up' is clicked on

2020-06-01 02:03:19 - [TEST_STEP][PASSED] - callTestCase(findTestCase("Web RoomMe.id/2. Sign Up/Verify Sign Up Menu"), [:], STOP_ON_FAILURE): Call Test Case 'Test Cases/Web RoomMe.id/2. Sign Up/Verify Sign Up Menu' successfully

2020-06-01 02:03:19 - [TEST_CASE][PASSED] - Test Cases/Web RoomMe.id/2. Sign Up/Verify Sign Up Menu: Test Cases/Web RoomMe.id/2. Sign Up/Verify Sign Up Menu

2020-06-01 02:03:19 - [TEST_STEP][PASSED] - objectSubFolder = "Web RoomMe.id\Sign Up Menu\": null

2020-06-01 02:03:19 - [TEST_STEP][PASSED] - pathToObjRep = getProjectDir() + "\Object Repository\" + objectSubFolder: null

2020-06-01 02:03:19 - [TEST_STEP][PASSED] - yourObjects = new java.io.File(pathToObjRep): null

2020-06-01 02:03:19 - [TEST_STEP][PASSED] - fileNames = yourObjects.list(): null

2020-06-01 02:03:19 - [TEST_STEP][PASSED] - testObjects = new java.util.ArrayList(): null

2020-06-01 02:03:19 - [TEST_STEP][PASSED] - for ([i = 0, i < length, (i++)]): null

2020-06-01 02:03:19 - [TEST_STEP][PASSED] - if (fileNames[i].contains(".rs")): null

2020-06-01 02:03:19 - [TEST_STEP][PASSED] - fileNames[i] = fileNames[i].replace(".rs", ""): null

2020-06-01 02:03:19 - [TEST_STEP][PASSED] - testObjects.add(objectSubFolder + fileNames[i]): null

2020-06-01 02:03:19 - [TEST_STEP][PASSED] - if (fileNames[i].contains(".rs")): null

2020-06-01 02:03:19 - [TEST_STEP][PASSED] - fileNames[i] = fileNames[i].replace(".rs", ""): null

2020-06-01 02:03:19 - [TEST_STEP][PASSED] - testObjects.add(objectSubFolder + fileNames[i]): null

2020-06-01 02:03:19 - [TEST_STEP][PASSED] - if (fileNames[i].contains(".rs")): null

2020-06-01 02:03:19 - [TEST_STEP][PASSED] - if (fileNames[i].contains(".rs")): null

2020-06-01 02:03:19 - [TEST_STEP][PASSED] - fileNames[i] = fileNames[i].replace(".rs", ""): null

2020-06-01 02:03:19 - [TEST_STEP][PASSED] - testObjects.add(objectSubFolder + fileNames[i]): null

2020-06-01 02:03:19 - [TEST_STEP][PASSED] - if (fileNames[i].contains(".rs")): null

2020-06-01 02:03:19 - [TEST_STEP][PASSED] - if (fileNames[i].contains(".rs")): null

2020-06-01 02:03:19 - [TEST_STEP][PASSED] - fileNames[i] = fileNames[i].replace(".rs", ""): null

2020-06-01 02:03:19 - [TEST_STEP][PASSED] - testObjects.add(objectSubFolder + fileNames[i]): null

2020-06-01 02:03:19 - [TEST_STEP][PASSED] - if (fileNames[i].contains(".rs")): null

2020-06-01 02:03:19 - [TEST_STEP][PASSED] - fileNames[i] = fileNames[i].replace(".rs", ""): null

2020-06-01 02:03:19 - [TEST_STEP][PASSED] - testObjects.add(objectSubFolder + fileNames[i]): null

2020-06-01 02:03:19 - [TEST_STEP][PASSED] - if (fileNames[i].contains(".rs")): null

2020-06-01 02:03:19 - [TEST_STEP][PASSED] - fileNames[i] = fileNames[i].replace(".rs", ""): null

2020-06-01 02:03:19 - [TEST_STEP][PASSED] - testObjects.add(objectSubFolder + fileNames[i]): null

2020-06-01 02:03:19 - [TEST_STEP][PASSED] - if (fileNames[i].contains(".rs")): null

2020-06-01 02:03:19 - [TEST_STEP][PASSED] - fileNames[i] = fileNames[i].replace(".rs", ""): null

2020-06-01 02:03:19 - [TEST_STEP][PASSED] - testObjects.add(objectSubFolder + fileNames[i]): null

2020-06-01 02:03:19 - [TEST_STEP][PASSED] - if (fileNames[i].contains(".rs")): null

2020-06-01 02:03:19 - [TEST_STEP][PASSED] - fileNames[i] = fileNames[i].replace(".rs", ""): null

2020-06-01 02:03:19 - [TEST_STEP][PASSED] - testObjects.add(objectSubFolder + fileNames[i]): null

2020-06-01 02:03:19 - [TEST_STEP][PASSED] - if (fileNames[i].contains(".rs")): null

2020-06-01 02:03:19 - [TEST_STEP][PASSED] - fileNames[i] = fileNames[i].replace(".rs", ""): null

2020-06-01 02:03:19 - [TEST_STEP][PASSED] - testObjects.add(objectSubFolder + fileNames[i]): null

2020-06-01 02:03:19 - [TEST_STEP][PASSED] - if (fileNames[i].contains(".rs")): null

2020-06-01 02:03:19 - [TEST_STEP][PASSED] - fileNames[i] = fileNames[i].replace(".rs", ""): null

2020-06-01 02:03:19 - [TEST_STEP][PASSED] - testObjects.add(objectSubFolder + fileNames[i]): null

2020-06-01 02:03:19 - [TEST_STEP][PASSED] - if (fileNames[i].contains(".rs")): null

2020-06-01 02:03:19 - [TEST_STEP][PASSED] - fileNames[i] = fileNames[i].replace(".rs", ""): null

2020-06-01 02:03:19 - [TEST_STEP][PASSED] - testObjects.add(objectSubFolder + fileNames[i]): null

2020-06-01 02:03:19 - [TEST_STEP][PASSED] - if (fileNames[i].contains(".rs")): null

2020-06-01 02:03:19 - [TEST_STEP][PASSED] - fileNames[i] = fileNames[i].replace(".rs", ""): null

2020-06-01 02:03:19 - [TEST_STEP][PASSED] - testObjects.add(objectSubFolder + fileNames[i]): null

2020-06-01 02:03:19 - [TEST_STEP][PASSED] - if (fileNames[i].contains(".rs")): null

2020-06-01 02:03:19 - [TEST_STEP][PASSED] - fileNames[i] = fileNames[i].replace(".rs", ""): null

2020-06-01 02:03:19 - [TEST_STEP][PASSED] - testObjects.add(objectSubFolder + fileNames[i]): null

2020-06-01 02:03:19 - [TEST_STEP][PASSED] - for (String obj : testObjects): Object 'Object Repository/Web RoomMe.id\Sign Up Menu\Textfield Phone Number' is visible

2020-06-01 02:03:19 - [TEST_STEP][PASSED] - verifyElementVisible(findTestObject(obj)): Object 'Object Repository/Web RoomMe.id\Sign Up Menu\Button Sign In' is visible

2020-06-01 02:03:19 - [MESSAGE][PASSED] - Object 'Object Repository/Web RoomMe.id\Sign Up Menu\Button Sign In' is visible

2020-06-01 02:03:19 - [TEST_STEP][PASSED] - verifyElementVisible(findTestObject(obj)): Object 'Object Repository/Web RoomMe.id\Sign Up Menu\Button Sign Up' is visible

2020-06-01 02:03:20 - [MESSAGE][PASSED] - Object 'Object Repository/Web RoomMe.id\Sign Up Menu\Button Sign Up' is visible

2020-06-01 02:03:20 - [TEST_STEP][PASSED] - verifyElementVisible(findTestObject(obj)): Object 'Object Repository/Web RoomMe.id\Sign Up Menu\Name Textfield' is visible

2020-06-01 02:03:20 - [MESSAGE][PASSED] - Object 'Object Repository/Web RoomMe.id\Sign Up Menu\Name Textfield' is visible

2020-06-01 02:03:20 - [TEST_STEP][PASSED] - verifyElementVisible(findTestObject(obj)): Object 'Object Repository/Web RoomMe.id\Sign Up Menu\Text Are you have an account' is visible

2020-06-01 02:03:20 - [MESSAGE][PASSED] - Object 'Object Repository/Web RoomMe.id\Sign Up Menu\Text Are you have an account' is visible

2020-06-01 02:03:20 - [TEST_STEP][PASSED] - verifyElementVisible(findTestObject(obj)): Object 'Object Repository/Web RoomMe.id\Sign Up Menu\Text Confirm Password' is visible

2020-06-01 02:03:21 - [MESSAGE][PASSED] - Object 'Object Repository/Web RoomMe.id\Sign Up Menu\Text Confirm Password' is visible

2020-06-01 02:03:21 - [TEST_STEP][PASSED] - verifyElementVisible(findTestObject(obj)): Object 'Object Repository/Web RoomMe.id\Sign Up Menu\Text Email Address' is visible

2020-06-01 02:03:21 - [MESSAGE][PASSED] - Object 'Object Repository/Web RoomMe.id\Sign Up Menu\Text Email Address' is visible

2020-06-01 02:03:21 - [TEST_STEP][PASSED] - verifyElementVisible(findTestObject(obj)): Object 'Object Repository/Web RoomMe.id\Sign Up Menu\Text Full Name' is visible

2020-06-01 02:03:21 - [MESSAGE][PASSED] - Object 'Object Repository/Web RoomMe.id\Sign Up Menu\Text Full Name' is visible

2020-06-01 02:03:21 - [TEST_STEP][PASSED] - verifyElementVisible(findTestObject(obj)): Object 'Object Repository/Web RoomMe.id\Sign Up Menu\Text Password' is visible

2020-06-01 02:03:22 - [MESSAGE][PASSED] - Object 'Object Repository/Web RoomMe.id\Sign Up Menu\Text Password' is visible

2020-06-01 02:03:22 - [TEST_STEP][PASSED] - verifyElementVisible(findTestObject(obj)): Object 'Object Repository/Web RoomMe.id\Sign Up Menu\Text Phone Number' is visible

2020-06-01 02:03:22 - [MESSAGE][PASSED] - Object 'Object Repository/Web RoomMe.id\Sign Up Menu\Text Phone Number' is visible

2020-06-01 02:03:22 - [TEST_STEP][PASSED] - verifyElementVisible(findTestObject(obj)): Object 'Object Repository/Web RoomMe.id\Sign Up Menu\Textfield Confirm Password' is visible

2020-06-01 02:03:22 - [MESSAGE][PASSED] - Object 'Object Repository/Web RoomMe.id\Sign Up Menu\Textfield Confirm Password' is visible

2020-06-01 02:03:22 - [TEST_STEP][PASSED] - verifyElementVisible(findTestObject(obj)): Object 'Object Repository/Web RoomMe.id\Sign Up Menu\Textfield Email' is visible

2020-06-01 02:03:23 - [MESSAGE][PASSED] - Object 'Object Repository/Web RoomMe.id\Sign Up Menu\Textfield Email' is visible

2020-06-01 02:03:23 - [TEST_STEP][PASSED] - verifyElementVisible(findTestObject(obj)): Object 'Object Repository/Web RoomMe.id\Sign Up Menu\Textfield Password' is visible

2020-06-01 02:03:23 - [MESSAGE][PASSED] - Object 'Object Repository/Web RoomMe.id\Sign Up Menu\Textfield Password' is visible

2020-06-01 02:03:23 - [TEST_STEP][PASSED] - verifyElementVisible(findTestObject(obj)): Object 'Object Repository/Web RoomMe.id\Sign Up Menu\Textfield Phone Number' is visible

2020-06-01 02:03:23 - [MESSAGE][PASSED] - Object 'Object Repository/Web RoomMe.id\Sign Up Menu\Textfield Phone Number' is visible

2020-06-01 02:03:23 - [MESSAGE][PASSED] - Call Test Case 'Test Cases/Web RoomMe.id/2. Sign Up/Verify Sign Up Menu' successfully

2020-06-01 02:03:23 - [TEST_STEP][PASSED] - waitForElementVisible(findTestObject("Web RoomMe.id/Sign Up Menu/Textfield Password"), 30, STOP_ON_FAILURE): Object 'Object Repository/Web RoomMe.id/Sign Up Menu/Textfield Password' is visible

2020-06-01 02:03:24 - [MESSAGE][PASSED] - Object 'Object Repository/Web RoomMe.id/Sign Up Menu/Textfield Password' is visible

2020-06-01 02:03:24 - [TEST_STEP][PASSED] - setText(findTestObject("Web RoomMe.id/Sign Up Menu/Textfield Password"), "abc"): Text 'abc' is set on object 'Object Repository/Web RoomMe.id/Sign Up Menu/Textfield Password'

2020-06-01 02:03:25 - [MESSAGE][PASSED] - Text 'abc' is set on object 'Object Repository/Web RoomMe.id/Sign Up Menu/Textfield Password'

2020-06-01 02:03:25 - [TEST_STEP][PASSED] - waitForElementVisible(findTestObject("Web RoomMe.id/Sign Up Menu/Error Message/Text Minimum Password Required is 6 Characters"), 0): Object 'Object Repository/Web RoomMe.id/Sign Up Menu/Error Message/Text Minimum Password Required is 6 Characters' is visible

2020-06-01 02:03:25 - [MESSAGE][WARNING] - Timeout '0' is invalid. Using default page load timeout: '60'

2020-06-01 02:03:26 - [MESSAGE][PASSED] - Object 'Object Repository/Web RoomMe.id/Sign Up Menu/Error Message/Text Minimum Password Required is 6 Characters' is visible

2020-06-01 02:03:26 - [TEST_STEP][PASSED] - sendKeys(findTestObject("Web RoomMe.id/Sign Up Menu/Textfield Password"), Keys.chord(CONTROL, "a", BACK_SPACE)): Keys 'CONTROL + BACK_SPACE + a' sent to object: 'Object Repository/Web RoomMe.id/Sign Up Menu/Textfield Password'

2020-06-01 02:03:26 - [MESSAGE][PASSED] - Keys 'CONTROL + BACK_SPACE + a' sent to object: 'Object Repository/Web RoomMe.id/Sign Up Menu/Textfield Password'

2020-06-01 02:03:26 - [TEST_STEP][PASSED] - setText(findTestObject("Web RoomMe.id/Sign Up Menu/Textfield Password"), "123"): Text '123' is set on object 'Object Repository/Web RoomMe.id/Sign Up Menu/Textfield Password'

2020-06-01 02:03:27 - [MESSAGE][PASSED] - Text '123' is set on object 'Object Repository/Web RoomMe.id/Sign Up Menu/Textfield Password'

2020-06-01 02:03:27 - [TEST_STEP][PASSED] - waitForElementVisible(findTestObject("Web RoomMe.id/Sign Up Menu/Error Message/Text Minimum Password Required is 6 Characters"), 0): Object 'Object Repository/Web RoomMe.id/Sign Up Menu/Error Message/Text Minimum Password Required is 6 Characters' is visible

2020-06-01 02:03:27 - [MESSAGE][WARNING] - Timeout '0' is invalid. Using default page load timeout: '60'

2020-06-01 02:03:28 - [MESSAGE][PASSED] - Object 'Object Repository/Web RoomMe.id/Sign Up Menu/Error Message/Text Minimum Password Required is 6 Characters' is visible

2020-06-01 02:03:28 - [TEST_STEP][PASSED] - sendKeys(findTestObject("Web RoomMe.id/Sign Up Menu/Textfield Password"), Keys.chord(CONTROL, "a", BACK_SPACE)): Keys 'CONTROL + BACK_SPACE + a' sent to object: 'Object Repository/Web RoomMe.id/Sign Up Menu/Textfield Password'

2020-06-01 02:03:28 - [MESSAGE][PASSED] - Keys 'CONTROL + BACK_SPACE + a' sent to object: 'Object Repository/Web RoomMe.id/Sign Up Menu/Textfield Password'

2020-06-01 02:03:28 - [TEST_STEP][PASSED] - setText(findTestObject("Web RoomMe.id/Sign Up Menu/Textfield Password"), "!@#"): Text '!@#' is set on object 'Object Repository/Web RoomMe.id/Sign Up Menu/Textfield Password'

2020-06-01 02:03:29 - [MESSAGE][PASSED] - Text '!@#' is set on object 'Object Repository/Web RoomMe.id/Sign Up Menu/Textfield Password'

2020-06-01 02:03:29 - [TEST_STEP][PASSED] - waitForElementVisible(findTestObject("Web RoomMe.id/Sign Up Menu/Error Message/Text Minimum Password Required is 6 Characters"), 0): Object 'Object Repository/Web RoomMe.id/Sign Up Menu/Error Message/Text Minimum Password Required is 6 Characters' is visible

2020-06-01 02:03:29 - [MESSAGE][WARNING] - Timeout '0' is invalid. Using default page load timeout: '60'

2020-06-01 02:03:30 - [MESSAGE][PASSED] - Object 'Object Repository/Web RoomMe.id/Sign Up Menu/Error Message/Text Minimum Password Required is 6 Characters' is visible

2020-06-01 02:03:30 - [TEST_STEP][PASSED] - sendKeys(findTestObject("Web RoomMe.id/Sign Up Menu/Textfield Password"), Keys.chord(CONTROL, "a", BACK_SPACE)): Keys 'CONTROL + BACK_SPACE + a' sent to object: 'Object Repository/Web RoomMe.id/Sign Up Menu/Textfield Password'

2020-06-01 02:03:30 - [MESSAGE][PASSED] - Keys 'CONTROL + BACK_SPACE + a' sent to object: 'Object Repository/Web RoomMe.id/Sign Up Menu/Textfield Password'

2020-06-01 02:03:30 - [TEST_STEP][PASSED] - sendKeys(findTestObject("Web RoomMe.id/Sign Up Menu/Textfield Password"), "       "): Keys '       ' sent to object: 'Object Repository/Web RoomMe.id/Sign Up Menu/Textfield Password'

2020-06-01 02:03:31 - [MESSAGE][PASSED] - Keys '       ' sent to object: 'Object Repository/Web RoomMe.id/Sign Up Menu/Textfield Password'

2020-06-01 02:03:31 - [TEST_STEP][PASSED] - waitForElementVisible(findTestObject("Web RoomMe.id/Sign Up Menu/Error Message/Text Password is required"), 0): Object 'Object Repository/Web RoomMe.id/Sign Up Menu/Error Message/Text Password is required' is visible

2020-06-01 02:03:31 - [MESSAGE][WARNING] - Timeout '0' is invalid. Using default page load timeout: '60'

2020-06-01 02:03:32 - [MESSAGE][PASSED] - Object 'Object Repository/Web RoomMe.id/Sign Up Menu/Error Message/Text Password is required' is visible

2020-06-01 02:03:32 - [TEST_STEP][PASSED] - sendKeys(findTestObject("Web RoomMe.id/Sign Up Menu/Textfield Password"), Keys.chord(CONTROL, "a", BACK_SPACE)): Keys 'CONTROL + BACK_SPACE + a' sent to object: 'Object Repository/Web RoomMe.id/Sign Up Menu/Textfield Password'

2020-06-01 02:03:32 - [MESSAGE][PASSED] - Keys 'CONTROL + BACK_SPACE + a' sent to object: 'Object Repository/Web RoomMe.id/Sign Up Menu/Textfield Password'

2020-06-01 02:03:32 - [TEST_STEP][PASSED] - setText(findTestObject("Web RoomMe.id/Sign Up Menu/Textfield Password"), "abcde1234512345"): Text 'abcde1234512345' is set on object 'Object Repository/Web RoomMe.id/Sign Up Menu/Textfield Password'

2020-06-01 02:03:33 - [MESSAGE][PASSED] - Text 'abcde1234512345' is set on object 'Object Repository/Web RoomMe.id/Sign Up Menu/Textfield Password'

2020-06-01 02:03:33 - [TEST_STEP][PASSED] - waitForElementVisible(findTestObject("Web RoomMe.id/Sign Up Menu/Error Message/Text Limit Password Characters has Reached"), 0): Object 'Object Repository/Web RoomMe.id/Sign Up Menu/Error Message/Text Limit Password Characters has Reached' is visible

2020-06-01 02:03:33 - [MESSAGE][WARNING] - Timeout '0' is invalid. Using default page load timeout: '60'

2020-06-01 02:03:35 - [MESSAGE][PASSED] - Object 'Object Repository/Web RoomMe.id/Sign Up Menu/Error Message/Text Limit Password Characters has Reached' is visible

2020-06-01 02:03:35 - [TEST_STEP][PASSED] - sendKeys(findTestObject("Web RoomMe.id/Sign Up Menu/Textfield Password"), Keys.chord(CONTROL, "a", BACK_SPACE)): Keys 'CONTROL + BACK_SPACE + a' sent to object: 'Object Repository/Web RoomMe.id/Sign Up Menu/Textfield Password'

2020-06-01 02:03:35 - [MESSAGE][PASSED] - Keys 'CONTROL + BACK_SPACE + a' sent to object: 'Object Repository/Web RoomMe.id/Sign Up Menu/Textfield Password']]></system-out>
         <system-err><![CDATA[]]></system-err>
      </testcase>
      <testcase name="Test Cases/Web RoomMe.id/2. Sign Up/7. Customer Input Confirm Password with Invalid Format" time="24.092" classname="Test Cases/Web RoomMe.id/2. Sign Up/7. Customer Input Confirm Password with Invalid Format" status="PASSED">
         <system-out><![CDATA[2020-06-01 02:03:35 - [TEST_CASE][PASSED] - Test Cases/Web RoomMe.id/2. Sign Up/7. Customer Input Confirm Password with Invalid Format: Test Cases/Web RoomMe.id/2. Sign Up/7. Customer Input Confirm Password with Invalid Format

2020-06-01 02:03:35 - [TEST_STEP][PASSED] - callTestCase(findTestCase("Web RoomMe.id/1. Homepage/1. Customer Access RoomMe Page"), [:], STOP_ON_FAILURE): Call Test Case 'Test Cases/Web RoomMe.id/1. Homepage/1. Customer Access RoomMe Page' successfully

2020-06-01 02:03:35 - [TEST_CASE][PASSED] - Test Cases/Web RoomMe.id/1. Homepage/1. Customer Access RoomMe Page: Test Cases/Web RoomMe.id/1. Homepage/1. Customer Access RoomMe Page

2020-06-01 02:03:35 - [TEST_STEP][PASSED] - openBrowser(url): Browser is opened with url: 'roomme.id'

2020-06-01 02:03:35 - [MESSAGE][WARNING] - A browser is already opened. Closing browser and opening a new one

2020-06-01 02:03:36 - [MESSAGE][INFO] - Starting 'Chrome' driver

2020-06-01 02:03:46 - [MESSAGE][PASSED] - Browser is opened with url: 'roomme.id'

2020-06-01 02:03:46 - [TEST_STEP][PASSED] - maximizeWindow(): Current window maximized

2020-06-01 02:03:48 - [MESSAGE][PASSED] - Current window maximized

2020-06-01 02:03:48 - [TEST_STEP][PASSED] - waitForPageLoad(0): Wait for page load successfully

2020-06-01 02:03:49 - [MESSAGE][WARNING] - Timeout '0' is invalid. Using default page load timeout: '60'

2020-06-01 02:03:49 - [MESSAGE][PASSED] - Wait for page load successfully

2020-06-01 02:03:49 - [MESSAGE][PASSED] - Call Test Case 'Test Cases/Web RoomMe.id/1. Homepage/1. Customer Access RoomMe Page' successfully

2020-06-01 02:03:49 - [TEST_STEP][PASSED] - callTestCase(findTestCase("Web RoomMe.id/1. Homepage/2. Verify Header RoomMe.id"), [:], STOP_ON_FAILURE): Call Test Case 'Test Cases/Web RoomMe.id/1. Homepage/2. Verify Header RoomMe.id' successfully

2020-06-01 02:03:49 - [TEST_CASE][PASSED] - Test Cases/Web RoomMe.id/1. Homepage/2. Verify Header RoomMe.id: Test Cases/Web RoomMe.id/1. Homepage/2. Verify Header RoomMe.id

2020-06-01 02:03:49 - [TEST_STEP][PASSED] - objectSubFolder = "Web RoomMe.id\RoomMe.id Header\": null

2020-06-01 02:03:49 - [TEST_STEP][PASSED] - pathToObjRep = getProjectDir() + "\Object Repository\" + objectSubFolder: null

2020-06-01 02:03:49 - [TEST_STEP][PASSED] - yourObjects = new java.io.File(pathToObjRep): null

2020-06-01 02:03:49 - [TEST_STEP][PASSED] - fileNames = yourObjects.list(): null

2020-06-01 02:03:49 - [TEST_STEP][PASSED] - testObjects = new java.util.ArrayList(): null

2020-06-01 02:03:49 - [TEST_STEP][PASSED] - for ([i = 0, i < length, (i++)]): null

2020-06-01 02:03:49 - [TEST_STEP][PASSED] - if (fileNames[i].contains(".rs")): null

2020-06-01 02:03:49 - [TEST_STEP][PASSED] - if (fileNames[i].contains(".rs")): null

2020-06-01 02:03:49 - [TEST_STEP][PASSED] - fileNames[i] = fileNames[i].replace(".rs", ""): null

2020-06-01 02:03:49 - [TEST_STEP][PASSED] - testObjects.add(objectSubFolder + fileNames[i]): null

2020-06-01 02:03:49 - [TEST_STEP][PASSED] - if (fileNames[i].contains(".rs")): null

2020-06-01 02:03:49 - [TEST_STEP][PASSED] - fileNames[i] = fileNames[i].replace(".rs", ""): null

2020-06-01 02:03:49 - [TEST_STEP][PASSED] - testObjects.add(objectSubFolder + fileNames[i]): null

2020-06-01 02:03:49 - [TEST_STEP][PASSED] - if (fileNames[i].contains(".rs")): null

2020-06-01 02:03:49 - [TEST_STEP][PASSED] - fileNames[i] = fileNames[i].replace(".rs", ""): null

2020-06-01 02:03:49 - [TEST_STEP][PASSED] - testObjects.add(objectSubFolder + fileNames[i]): null

2020-06-01 02:03:49 - [TEST_STEP][PASSED] - if (fileNames[i].contains(".rs")): null

2020-06-01 02:03:49 - [TEST_STEP][PASSED] - fileNames[i] = fileNames[i].replace(".rs", ""): null

2020-06-01 02:03:49 - [TEST_STEP][PASSED] - testObjects.add(objectSubFolder + fileNames[i]): null

2020-06-01 02:03:49 - [TEST_STEP][PASSED] - if (fileNames[i].contains(".rs")): null

2020-06-01 02:03:49 - [TEST_STEP][PASSED] - for (String obj : testObjects): Object 'Object Repository/Web RoomMe.id\RoomMe.id Header\Image Header Logo' is visible

2020-06-01 02:03:49 - [TEST_STEP][PASSED] - verifyElementVisible(findTestObject(obj)): Object 'Object Repository/Web RoomMe.id\RoomMe.id Header\Button Are You Landlord' is visible

2020-06-01 02:03:49 - [MESSAGE][PASSED] - Object 'Object Repository/Web RoomMe.id\RoomMe.id Header\Button Are You Landlord' is visible

2020-06-01 02:03:49 - [TEST_STEP][PASSED] - verifyElementVisible(findTestObject(obj)): Object 'Object Repository/Web RoomMe.id\RoomMe.id Header\Button Community' is visible

2020-06-01 02:03:49 - [MESSAGE][PASSED] - Object 'Object Repository/Web RoomMe.id\RoomMe.id Header\Button Community' is visible

2020-06-01 02:03:49 - [TEST_STEP][PASSED] - verifyElementVisible(findTestObject(obj)): Object 'Object Repository/Web RoomMe.id\RoomMe.id Header\Button Sign In' is visible

2020-06-01 02:03:50 - [MESSAGE][PASSED] - Object 'Object Repository/Web RoomMe.id\RoomMe.id Header\Button Sign In' is visible

2020-06-01 02:03:50 - [TEST_STEP][PASSED] - verifyElementVisible(findTestObject(obj)): Object 'Object Repository/Web RoomMe.id\RoomMe.id Header\Image Header Logo' is visible

2020-06-01 02:03:50 - [MESSAGE][PASSED] - Object 'Object Repository/Web RoomMe.id\RoomMe.id Header\Image Header Logo' is visible

2020-06-01 02:03:50 - [MESSAGE][PASSED] - Call Test Case 'Test Cases/Web RoomMe.id/1. Homepage/2. Verify Header RoomMe.id' successfully

2020-06-01 02:03:50 - [TEST_STEP][PASSED] - click(findTestObject("Web RoomMe.id/RoomMe.id Header/Button Sign In")): Object: 'Object Repository/Web RoomMe.id/RoomMe.id Header/Button Sign In' is clicked on

2020-06-01 02:03:50 - [MESSAGE][PASSED] - Object: 'Object Repository/Web RoomMe.id/RoomMe.id Header/Button Sign In' is clicked on

2020-06-01 02:03:50 - [TEST_STEP][PASSED] - waitForElementVisible(findTestObject("Web RoomMe.id/Sign In Menu/Button Sign Up"), 0): Object 'Object Repository/Web RoomMe.id/Sign In Menu/Button Sign Up' is visible

2020-06-01 02:03:50 - [MESSAGE][WARNING] - Timeout '0' is invalid. Using default page load timeout: '60'

2020-06-01 02:03:51 - [MESSAGE][PASSED] - Object 'Object Repository/Web RoomMe.id/Sign In Menu/Button Sign Up' is visible

2020-06-01 02:03:51 - [TEST_STEP][PASSED] - click(findTestObject("Web RoomMe.id/Sign In Menu/Button Sign Up")): Object: 'Object Repository/Web RoomMe.id/Sign In Menu/Button Sign Up' is clicked on

2020-06-01 02:03:51 - [MESSAGE][PASSED] - Object: 'Object Repository/Web RoomMe.id/Sign In Menu/Button Sign Up' is clicked on

2020-06-01 02:03:51 - [TEST_STEP][PASSED] - callTestCase(findTestCase("Web RoomMe.id/2. Sign Up/Verify Sign Up Menu"), [:], STOP_ON_FAILURE): Call Test Case 'Test Cases/Web RoomMe.id/2. Sign Up/Verify Sign Up Menu' successfully

2020-06-01 02:03:51 - [TEST_CASE][PASSED] - Test Cases/Web RoomMe.id/2. Sign Up/Verify Sign Up Menu: Test Cases/Web RoomMe.id/2. Sign Up/Verify Sign Up Menu

2020-06-01 02:03:51 - [TEST_STEP][PASSED] - objectSubFolder = "Web RoomMe.id\Sign Up Menu\": null

2020-06-01 02:03:51 - [TEST_STEP][PASSED] - pathToObjRep = getProjectDir() + "\Object Repository\" + objectSubFolder: null

2020-06-01 02:03:51 - [TEST_STEP][PASSED] - yourObjects = new java.io.File(pathToObjRep): null

2020-06-01 02:03:51 - [TEST_STEP][PASSED] - fileNames = yourObjects.list(): null

2020-06-01 02:03:51 - [TEST_STEP][PASSED] - testObjects = new java.util.ArrayList(): null

2020-06-01 02:03:51 - [TEST_STEP][PASSED] - for ([i = 0, i < length, (i++)]): null

2020-06-01 02:03:51 - [TEST_STEP][PASSED] - if (fileNames[i].contains(".rs")): null

2020-06-01 02:03:51 - [TEST_STEP][PASSED] - fileNames[i] = fileNames[i].replace(".rs", ""): null

2020-06-01 02:03:51 - [TEST_STEP][PASSED] - testObjects.add(objectSubFolder + fileNames[i]): null

2020-06-01 02:03:51 - [TEST_STEP][PASSED] - if (fileNames[i].contains(".rs")): null

2020-06-01 02:03:51 - [TEST_STEP][PASSED] - fileNames[i] = fileNames[i].replace(".rs", ""): null

2020-06-01 02:03:51 - [TEST_STEP][PASSED] - testObjects.add(objectSubFolder + fileNames[i]): null

2020-06-01 02:03:51 - [TEST_STEP][PASSED] - if (fileNames[i].contains(".rs")): null

2020-06-01 02:03:51 - [TEST_STEP][PASSED] - if (fileNames[i].contains(".rs")): null

2020-06-01 02:03:51 - [TEST_STEP][PASSED] - fileNames[i] = fileNames[i].replace(".rs", ""): null

2020-06-01 02:03:51 - [TEST_STEP][PASSED] - testObjects.add(objectSubFolder + fileNames[i]): null

2020-06-01 02:03:51 - [TEST_STEP][PASSED] - if (fileNames[i].contains(".rs")): null

2020-06-01 02:03:51 - [TEST_STEP][PASSED] - if (fileNames[i].contains(".rs")): null

2020-06-01 02:03:51 - [TEST_STEP][PASSED] - fileNames[i] = fileNames[i].replace(".rs", ""): null

2020-06-01 02:03:51 - [TEST_STEP][PASSED] - testObjects.add(objectSubFolder + fileNames[i]): null

2020-06-01 02:03:51 - [TEST_STEP][PASSED] - if (fileNames[i].contains(".rs")): null

2020-06-01 02:03:51 - [TEST_STEP][PASSED] - fileNames[i] = fileNames[i].replace(".rs", ""): null

2020-06-01 02:03:51 - [TEST_STEP][PASSED] - testObjects.add(objectSubFolder + fileNames[i]): null

2020-06-01 02:03:51 - [TEST_STEP][PASSED] - if (fileNames[i].contains(".rs")): null

2020-06-01 02:03:51 - [TEST_STEP][PASSED] - fileNames[i] = fileNames[i].replace(".rs", ""): null

2020-06-01 02:03:51 - [TEST_STEP][PASSED] - testObjects.add(objectSubFolder + fileNames[i]): null

2020-06-01 02:03:51 - [TEST_STEP][PASSED] - if (fileNames[i].contains(".rs")): null

2020-06-01 02:03:51 - [TEST_STEP][PASSED] - fileNames[i] = fileNames[i].replace(".rs", ""): null

2020-06-01 02:03:51 - [TEST_STEP][PASSED] - testObjects.add(objectSubFolder + fileNames[i]): null

2020-06-01 02:03:51 - [TEST_STEP][PASSED] - if (fileNames[i].contains(".rs")): null

2020-06-01 02:03:51 - [TEST_STEP][PASSED] - fileNames[i] = fileNames[i].replace(".rs", ""): null

2020-06-01 02:03:51 - [TEST_STEP][PASSED] - testObjects.add(objectSubFolder + fileNames[i]): null

2020-06-01 02:03:51 - [TEST_STEP][PASSED] - if (fileNames[i].contains(".rs")): null

2020-06-01 02:03:51 - [TEST_STEP][PASSED] - fileNames[i] = fileNames[i].replace(".rs", ""): null

2020-06-01 02:03:51 - [TEST_STEP][PASSED] - testObjects.add(objectSubFolder + fileNames[i]): null

2020-06-01 02:03:51 - [TEST_STEP][PASSED] - if (fileNames[i].contains(".rs")): null

2020-06-01 02:03:51 - [TEST_STEP][PASSED] - fileNames[i] = fileNames[i].replace(".rs", ""): null

2020-06-01 02:03:51 - [TEST_STEP][PASSED] - testObjects.add(objectSubFolder + fileNames[i]): null

2020-06-01 02:03:51 - [TEST_STEP][PASSED] - if (fileNames[i].contains(".rs")): null

2020-06-01 02:03:51 - [TEST_STEP][PASSED] - fileNames[i] = fileNames[i].replace(".rs", ""): null

2020-06-01 02:03:51 - [TEST_STEP][PASSED] - testObjects.add(objectSubFolder + fileNames[i]): null

2020-06-01 02:03:51 - [TEST_STEP][PASSED] - if (fileNames[i].contains(".rs")): null

2020-06-01 02:03:51 - [TEST_STEP][PASSED] - fileNames[i] = fileNames[i].replace(".rs", ""): null

2020-06-01 02:03:51 - [TEST_STEP][PASSED] - testObjects.add(objectSubFolder + fileNames[i]): null

2020-06-01 02:03:51 - [TEST_STEP][PASSED] - if (fileNames[i].contains(".rs")): null

2020-06-01 02:03:51 - [TEST_STEP][PASSED] - fileNames[i] = fileNames[i].replace(".rs", ""): null

2020-06-01 02:03:51 - [TEST_STEP][PASSED] - testObjects.add(objectSubFolder + fileNames[i]): null

2020-06-01 02:03:51 - [TEST_STEP][PASSED] - for (String obj : testObjects): Object 'Object Repository/Web RoomMe.id\Sign Up Menu\Textfield Phone Number' is visible

2020-06-01 02:03:51 - [TEST_STEP][PASSED] - verifyElementVisible(findTestObject(obj)): Object 'Object Repository/Web RoomMe.id\Sign Up Menu\Button Sign In' is visible

2020-06-01 02:03:52 - [MESSAGE][PASSED] - Object 'Object Repository/Web RoomMe.id\Sign Up Menu\Button Sign In' is visible

2020-06-01 02:03:52 - [TEST_STEP][PASSED] - verifyElementVisible(findTestObject(obj)): Object 'Object Repository/Web RoomMe.id\Sign Up Menu\Button Sign Up' is visible

2020-06-01 02:03:52 - [MESSAGE][PASSED] - Object 'Object Repository/Web RoomMe.id\Sign Up Menu\Button Sign Up' is visible

2020-06-01 02:03:52 - [TEST_STEP][PASSED] - verifyElementVisible(findTestObject(obj)): Object 'Object Repository/Web RoomMe.id\Sign Up Menu\Name Textfield' is visible

2020-06-01 02:03:52 - [MESSAGE][PASSED] - Object 'Object Repository/Web RoomMe.id\Sign Up Menu\Name Textfield' is visible

2020-06-01 02:03:52 - [TEST_STEP][PASSED] - verifyElementVisible(findTestObject(obj)): Object 'Object Repository/Web RoomMe.id\Sign Up Menu\Text Are you have an account' is visible

2020-06-01 02:03:53 - [MESSAGE][PASSED] - Object 'Object Repository/Web RoomMe.id\Sign Up Menu\Text Are you have an account' is visible

2020-06-01 02:03:53 - [TEST_STEP][PASSED] - verifyElementVisible(findTestObject(obj)): Object 'Object Repository/Web RoomMe.id\Sign Up Menu\Text Confirm Password' is visible

2020-06-01 02:03:53 - [MESSAGE][PASSED] - Object 'Object Repository/Web RoomMe.id\Sign Up Menu\Text Confirm Password' is visible

2020-06-01 02:03:53 - [TEST_STEP][PASSED] - verifyElementVisible(findTestObject(obj)): Object 'Object Repository/Web RoomMe.id\Sign Up Menu\Text Email Address' is visible

2020-06-01 02:03:53 - [MESSAGE][PASSED] - Object 'Object Repository/Web RoomMe.id\Sign Up Menu\Text Email Address' is visible

2020-06-01 02:03:53 - [TEST_STEP][PASSED] - verifyElementVisible(findTestObject(obj)): Object 'Object Repository/Web RoomMe.id\Sign Up Menu\Text Full Name' is visible

2020-06-01 02:03:53 - [MESSAGE][PASSED] - Object 'Object Repository/Web RoomMe.id\Sign Up Menu\Text Full Name' is visible

2020-06-01 02:03:53 - [TEST_STEP][PASSED] - verifyElementVisible(findTestObject(obj)): Object 'Object Repository/Web RoomMe.id\Sign Up Menu\Text Password' is visible

2020-06-01 02:03:54 - [MESSAGE][PASSED] - Object 'Object Repository/Web RoomMe.id\Sign Up Menu\Text Password' is visible

2020-06-01 02:03:54 - [TEST_STEP][PASSED] - verifyElementVisible(findTestObject(obj)): Object 'Object Repository/Web RoomMe.id\Sign Up Menu\Text Phone Number' is visible

2020-06-01 02:03:55 - [MESSAGE][PASSED] - Object 'Object Repository/Web RoomMe.id\Sign Up Menu\Text Phone Number' is visible

2020-06-01 02:03:55 - [TEST_STEP][PASSED] - verifyElementVisible(findTestObject(obj)): Object 'Object Repository/Web RoomMe.id\Sign Up Menu\Textfield Confirm Password' is visible

2020-06-01 02:03:55 - [MESSAGE][PASSED] - Object 'Object Repository/Web RoomMe.id\Sign Up Menu\Textfield Confirm Password' is visible

2020-06-01 02:03:55 - [TEST_STEP][PASSED] - verifyElementVisible(findTestObject(obj)): Object 'Object Repository/Web RoomMe.id\Sign Up Menu\Textfield Email' is visible

2020-06-01 02:03:55 - [MESSAGE][PASSED] - Object 'Object Repository/Web RoomMe.id\Sign Up Menu\Textfield Email' is visible

2020-06-01 02:03:55 - [TEST_STEP][PASSED] - verifyElementVisible(findTestObject(obj)): Object 'Object Repository/Web RoomMe.id\Sign Up Menu\Textfield Password' is visible

2020-06-01 02:03:56 - [MESSAGE][PASSED] - Object 'Object Repository/Web RoomMe.id\Sign Up Menu\Textfield Password' is visible

2020-06-01 02:03:56 - [TEST_STEP][PASSED] - verifyElementVisible(findTestObject(obj)): Object 'Object Repository/Web RoomMe.id\Sign Up Menu\Textfield Phone Number' is visible

2020-06-01 02:03:56 - [MESSAGE][PASSED] - Object 'Object Repository/Web RoomMe.id\Sign Up Menu\Textfield Phone Number' is visible

2020-06-01 02:03:56 - [MESSAGE][PASSED] - Call Test Case 'Test Cases/Web RoomMe.id/2. Sign Up/Verify Sign Up Menu' successfully

2020-06-01 02:03:56 - [TEST_STEP][PASSED] - waitForElementVisible(findTestObject("Web RoomMe.id/Sign Up Menu/Textfield Confirm Password"), 30, STOP_ON_FAILURE): Object 'Object Repository/Web RoomMe.id/Sign Up Menu/Textfield Confirm Password' is visible

2020-06-01 02:03:56 - [MESSAGE][PASSED] - Object 'Object Repository/Web RoomMe.id/Sign Up Menu/Textfield Confirm Password' is visible

2020-06-01 02:03:56 - [TEST_STEP][PASSED] - waitForElementVisible(findTestObject("Web RoomMe.id/Sign Up Menu/Textfield Password"), 30, STOP_ON_FAILURE): Object 'Object Repository/Web RoomMe.id/Sign Up Menu/Textfield Password' is visible

2020-06-01 02:03:57 - [MESSAGE][PASSED] - Object 'Object Repository/Web RoomMe.id/Sign Up Menu/Textfield Password' is visible

2020-06-01 02:03:57 - [TEST_STEP][PASSED] - setText(findTestObject("Web RoomMe.id/Sign Up Menu/Textfield Password"), "Abc123!"): Text 'Abc123!' is set on object 'Object Repository/Web RoomMe.id/Sign Up Menu/Textfield Password'

2020-06-01 02:03:57 - [MESSAGE][PASSED] - Text 'Abc123!' is set on object 'Object Repository/Web RoomMe.id/Sign Up Menu/Textfield Password'

2020-06-01 02:03:57 - [TEST_STEP][PASSED] - setText(findTestObject("Web RoomMe.id/Sign Up Menu/Textfield Confirm Password"), "abcdef"): Text 'abcdef' is set on object 'Object Repository/Web RoomMe.id/Sign Up Menu/Textfield Confirm Password'

2020-06-01 02:03:59 - [MESSAGE][PASSED] - Text 'abcdef' is set on object 'Object Repository/Web RoomMe.id/Sign Up Menu/Textfield Confirm Password'

2020-06-01 02:03:59 - [TEST_STEP][PASSED] - waitForElementVisible(findTestObject("Web RoomMe.id/Sign Up Menu/Error Message/Text Password and confirmation password dont match"), 0): Object 'Object Repository/Web RoomMe.id/Sign Up Menu/Error Message/Text Password and confirmation password dont match' is visible

2020-06-01 02:03:59 - [MESSAGE][WARNING] - Timeout '0' is invalid. Using default page load timeout: '60'

2020-06-01 02:03:59 - [MESSAGE][PASSED] - Object 'Object Repository/Web RoomMe.id/Sign Up Menu/Error Message/Text Password and confirmation password dont match' is visible]]></system-out>
         <system-err><![CDATA[]]></system-err>
      </testcase>
      <testcase name="Test Cases/Web RoomMe.id/2. Sign Up/8. Sign Up with Already Registered Email" time="29.965" classname="Test Cases/Web RoomMe.id/2. Sign Up/8. Sign Up with Already Registered Email" status="PASSED">
         <system-out><![CDATA[2020-06-01 02:03:59 - [TEST_CASE][PASSED] - Test Cases/Web RoomMe.id/2. Sign Up/8. Sign Up with Already Registered Email: Test Cases/Web RoomMe.id/2. Sign Up/8. Sign Up with Already Registered Email

2020-06-01 02:03:59 - [TEST_STEP][PASSED] - callTestCase(findTestCase("Web RoomMe.id/1. Homepage/1. Customer Access RoomMe Page"), [:], STOP_ON_FAILURE): Call Test Case 'Test Cases/Web RoomMe.id/1. Homepage/1. Customer Access RoomMe Page' successfully

2020-06-01 02:03:59 - [TEST_CASE][PASSED] - Test Cases/Web RoomMe.id/1. Homepage/1. Customer Access RoomMe Page: Test Cases/Web RoomMe.id/1. Homepage/1. Customer Access RoomMe Page

2020-06-01 02:03:59 - [TEST_STEP][PASSED] - openBrowser(url): Browser is opened with url: 'roomme.id'

2020-06-01 02:03:59 - [MESSAGE][WARNING] - A browser is already opened. Closing browser and opening a new one

2020-06-01 02:04:02 - [MESSAGE][INFO] - Starting 'Chrome' driver

2020-06-01 02:04:13 - [MESSAGE][PASSED] - Browser is opened with url: 'roomme.id'

2020-06-01 02:04:13 - [TEST_STEP][PASSED] - maximizeWindow(): Current window maximized

2020-06-01 02:04:15 - [MESSAGE][PASSED] - Current window maximized

2020-06-01 02:04:15 - [TEST_STEP][PASSED] - waitForPageLoad(0): Wait for page load successfully

2020-06-01 02:04:15 - [MESSAGE][WARNING] - Timeout '0' is invalid. Using default page load timeout: '60'

2020-06-01 02:04:15 - [MESSAGE][PASSED] - Wait for page load successfully

2020-06-01 02:04:15 - [MESSAGE][PASSED] - Call Test Case 'Test Cases/Web RoomMe.id/1. Homepage/1. Customer Access RoomMe Page' successfully

2020-06-01 02:04:15 - [TEST_STEP][PASSED] - callTestCase(findTestCase("Web RoomMe.id/1. Homepage/2. Verify Header RoomMe.id"), [:], STOP_ON_FAILURE): Call Test Case 'Test Cases/Web RoomMe.id/1. Homepage/2. Verify Header RoomMe.id' successfully

2020-06-01 02:04:15 - [TEST_CASE][PASSED] - Test Cases/Web RoomMe.id/1. Homepage/2. Verify Header RoomMe.id: Test Cases/Web RoomMe.id/1. Homepage/2. Verify Header RoomMe.id

2020-06-01 02:04:15 - [TEST_STEP][PASSED] - objectSubFolder = "Web RoomMe.id\RoomMe.id Header\": null

2020-06-01 02:04:15 - [TEST_STEP][PASSED] - pathToObjRep = getProjectDir() + "\Object Repository\" + objectSubFolder: null

2020-06-01 02:04:15 - [TEST_STEP][PASSED] - yourObjects = new java.io.File(pathToObjRep): null

2020-06-01 02:04:15 - [TEST_STEP][PASSED] - fileNames = yourObjects.list(): null

2020-06-01 02:04:15 - [TEST_STEP][PASSED] - testObjects = new java.util.ArrayList(): null

2020-06-01 02:04:15 - [TEST_STEP][PASSED] - for ([i = 0, i < length, (i++)]): null

2020-06-01 02:04:15 - [TEST_STEP][PASSED] - if (fileNames[i].contains(".rs")): null

2020-06-01 02:04:15 - [TEST_STEP][PASSED] - if (fileNames[i].contains(".rs")): null

2020-06-01 02:04:15 - [TEST_STEP][PASSED] - fileNames[i] = fileNames[i].replace(".rs", ""): null

2020-06-01 02:04:15 - [TEST_STEP][PASSED] - testObjects.add(objectSubFolder + fileNames[i]): null

2020-06-01 02:04:15 - [TEST_STEP][PASSED] - if (fileNames[i].contains(".rs")): null

2020-06-01 02:04:15 - [TEST_STEP][PASSED] - fileNames[i] = fileNames[i].replace(".rs", ""): null

2020-06-01 02:04:15 - [TEST_STEP][PASSED] - testObjects.add(objectSubFolder + fileNames[i]): null

2020-06-01 02:04:15 - [TEST_STEP][PASSED] - if (fileNames[i].contains(".rs")): null

2020-06-01 02:04:15 - [TEST_STEP][PASSED] - fileNames[i] = fileNames[i].replace(".rs", ""): null

2020-06-01 02:04:15 - [TEST_STEP][PASSED] - testObjects.add(objectSubFolder + fileNames[i]): null

2020-06-01 02:04:15 - [TEST_STEP][PASSED] - if (fileNames[i].contains(".rs")): null

2020-06-01 02:04:15 - [TEST_STEP][PASSED] - fileNames[i] = fileNames[i].replace(".rs", ""): null

2020-06-01 02:04:15 - [TEST_STEP][PASSED] - testObjects.add(objectSubFolder + fileNames[i]): null

2020-06-01 02:04:15 - [TEST_STEP][PASSED] - if (fileNames[i].contains(".rs")): null

2020-06-01 02:04:15 - [TEST_STEP][PASSED] - for (String obj : testObjects): Object 'Object Repository/Web RoomMe.id\RoomMe.id Header\Image Header Logo' is visible

2020-06-01 02:04:15 - [TEST_STEP][PASSED] - verifyElementVisible(findTestObject(obj)): Object 'Object Repository/Web RoomMe.id\RoomMe.id Header\Button Are You Landlord' is visible

2020-06-01 02:04:16 - [MESSAGE][PASSED] - Object 'Object Repository/Web RoomMe.id\RoomMe.id Header\Button Are You Landlord' is visible

2020-06-01 02:04:16 - [TEST_STEP][PASSED] - verifyElementVisible(findTestObject(obj)): Object 'Object Repository/Web RoomMe.id\RoomMe.id Header\Button Community' is visible

2020-06-01 02:04:16 - [MESSAGE][PASSED] - Object 'Object Repository/Web RoomMe.id\RoomMe.id Header\Button Community' is visible

2020-06-01 02:04:16 - [TEST_STEP][PASSED] - verifyElementVisible(findTestObject(obj)): Object 'Object Repository/Web RoomMe.id\RoomMe.id Header\Button Sign In' is visible

2020-06-01 02:04:16 - [MESSAGE][PASSED] - Object 'Object Repository/Web RoomMe.id\RoomMe.id Header\Button Sign In' is visible

2020-06-01 02:04:17 - [TEST_STEP][PASSED] - verifyElementVisible(findTestObject(obj)): Object 'Object Repository/Web RoomMe.id\RoomMe.id Header\Image Header Logo' is visible

2020-06-01 02:04:17 - [MESSAGE][PASSED] - Object 'Object Repository/Web RoomMe.id\RoomMe.id Header\Image Header Logo' is visible

2020-06-01 02:04:17 - [MESSAGE][PASSED] - Call Test Case 'Test Cases/Web RoomMe.id/1. Homepage/2. Verify Header RoomMe.id' successfully

2020-06-01 02:04:17 - [TEST_STEP][PASSED] - click(findTestObject("Web RoomMe.id/RoomMe.id Header/Button Sign In")): Object: 'Object Repository/Web RoomMe.id/RoomMe.id Header/Button Sign In' is clicked on

2020-06-01 02:04:17 - [MESSAGE][PASSED] - Object: 'Object Repository/Web RoomMe.id/RoomMe.id Header/Button Sign In' is clicked on

2020-06-01 02:04:17 - [TEST_STEP][PASSED] - waitForElementVisible(findTestObject("Web RoomMe.id/Sign In Menu/Button Sign Up"), 0): Object 'Object Repository/Web RoomMe.id/Sign In Menu/Button Sign Up' is visible

2020-06-01 02:04:17 - [MESSAGE][WARNING] - Timeout '0' is invalid. Using default page load timeout: '60'

2020-06-01 02:04:18 - [MESSAGE][PASSED] - Object 'Object Repository/Web RoomMe.id/Sign In Menu/Button Sign Up' is visible

2020-06-01 02:04:18 - [TEST_STEP][PASSED] - click(findTestObject("Web RoomMe.id/Sign In Menu/Button Sign Up")): Object: 'Object Repository/Web RoomMe.id/Sign In Menu/Button Sign Up' is clicked on

2020-06-01 02:04:18 - [MESSAGE][PASSED] - Object: 'Object Repository/Web RoomMe.id/Sign In Menu/Button Sign Up' is clicked on

2020-06-01 02:04:18 - [TEST_STEP][PASSED] - callTestCase(findTestCase("Web RoomMe.id/2. Sign Up/Verify Sign Up Menu"), [:], STOP_ON_FAILURE): Call Test Case 'Test Cases/Web RoomMe.id/2. Sign Up/Verify Sign Up Menu' successfully

2020-06-01 02:04:18 - [TEST_CASE][PASSED] - Test Cases/Web RoomMe.id/2. Sign Up/Verify Sign Up Menu: Test Cases/Web RoomMe.id/2. Sign Up/Verify Sign Up Menu

2020-06-01 02:04:18 - [TEST_STEP][PASSED] - objectSubFolder = "Web RoomMe.id\Sign Up Menu\": null

2020-06-01 02:04:18 - [TEST_STEP][PASSED] - pathToObjRep = getProjectDir() + "\Object Repository\" + objectSubFolder: null

2020-06-01 02:04:18 - [TEST_STEP][PASSED] - yourObjects = new java.io.File(pathToObjRep): null

2020-06-01 02:04:18 - [TEST_STEP][PASSED] - fileNames = yourObjects.list(): null

2020-06-01 02:04:18 - [TEST_STEP][PASSED] - testObjects = new java.util.ArrayList(): null

2020-06-01 02:04:18 - [TEST_STEP][PASSED] - for ([i = 0, i < length, (i++)]): null

2020-06-01 02:04:18 - [TEST_STEP][PASSED] - if (fileNames[i].contains(".rs")): null

2020-06-01 02:04:18 - [TEST_STEP][PASSED] - fileNames[i] = fileNames[i].replace(".rs", ""): null

2020-06-01 02:04:18 - [TEST_STEP][PASSED] - testObjects.add(objectSubFolder + fileNames[i]): null

2020-06-01 02:04:18 - [TEST_STEP][PASSED] - if (fileNames[i].contains(".rs")): null

2020-06-01 02:04:18 - [TEST_STEP][PASSED] - fileNames[i] = fileNames[i].replace(".rs", ""): null

2020-06-01 02:04:18 - [TEST_STEP][PASSED] - testObjects.add(objectSubFolder + fileNames[i]): null

2020-06-01 02:04:18 - [TEST_STEP][PASSED] - if (fileNames[i].contains(".rs")): null

2020-06-01 02:04:18 - [TEST_STEP][PASSED] - if (fileNames[i].contains(".rs")): null

2020-06-01 02:04:18 - [TEST_STEP][PASSED] - fileNames[i] = fileNames[i].replace(".rs", ""): null

2020-06-01 02:04:18 - [TEST_STEP][PASSED] - testObjects.add(objectSubFolder + fileNames[i]): null

2020-06-01 02:04:18 - [TEST_STEP][PASSED] - if (fileNames[i].contains(".rs")): null

2020-06-01 02:04:18 - [TEST_STEP][PASSED] - if (fileNames[i].contains(".rs")): null

2020-06-01 02:04:18 - [TEST_STEP][PASSED] - fileNames[i] = fileNames[i].replace(".rs", ""): null

2020-06-01 02:04:18 - [TEST_STEP][PASSED] - testObjects.add(objectSubFolder + fileNames[i]): null

2020-06-01 02:04:18 - [TEST_STEP][PASSED] - if (fileNames[i].contains(".rs")): null

2020-06-01 02:04:18 - [TEST_STEP][PASSED] - fileNames[i] = fileNames[i].replace(".rs", ""): null

2020-06-01 02:04:18 - [TEST_STEP][PASSED] - testObjects.add(objectSubFolder + fileNames[i]): null

2020-06-01 02:04:18 - [TEST_STEP][PASSED] - if (fileNames[i].contains(".rs")): null

2020-06-01 02:04:18 - [TEST_STEP][PASSED] - fileNames[i] = fileNames[i].replace(".rs", ""): null

2020-06-01 02:04:18 - [TEST_STEP][PASSED] - testObjects.add(objectSubFolder + fileNames[i]): null

2020-06-01 02:04:18 - [TEST_STEP][PASSED] - if (fileNames[i].contains(".rs")): null

2020-06-01 02:04:18 - [TEST_STEP][PASSED] - fileNames[i] = fileNames[i].replace(".rs", ""): null

2020-06-01 02:04:18 - [TEST_STEP][PASSED] - testObjects.add(objectSubFolder + fileNames[i]): null

2020-06-01 02:04:18 - [TEST_STEP][PASSED] - if (fileNames[i].contains(".rs")): null

2020-06-01 02:04:18 - [TEST_STEP][PASSED] - fileNames[i] = fileNames[i].replace(".rs", ""): null

2020-06-01 02:04:18 - [TEST_STEP][PASSED] - testObjects.add(objectSubFolder + fileNames[i]): null

2020-06-01 02:04:18 - [TEST_STEP][PASSED] - if (fileNames[i].contains(".rs")): null

2020-06-01 02:04:18 - [TEST_STEP][PASSED] - fileNames[i] = fileNames[i].replace(".rs", ""): null

2020-06-01 02:04:18 - [TEST_STEP][PASSED] - testObjects.add(objectSubFolder + fileNames[i]): null

2020-06-01 02:04:18 - [TEST_STEP][PASSED] - if (fileNames[i].contains(".rs")): null

2020-06-01 02:04:18 - [TEST_STEP][PASSED] - fileNames[i] = fileNames[i].replace(".rs", ""): null

2020-06-01 02:04:18 - [TEST_STEP][PASSED] - testObjects.add(objectSubFolder + fileNames[i]): null

2020-06-01 02:04:18 - [TEST_STEP][PASSED] - if (fileNames[i].contains(".rs")): null

2020-06-01 02:04:18 - [TEST_STEP][PASSED] - fileNames[i] = fileNames[i].replace(".rs", ""): null

2020-06-01 02:04:18 - [TEST_STEP][PASSED] - testObjects.add(objectSubFolder + fileNames[i]): null

2020-06-01 02:04:18 - [TEST_STEP][PASSED] - if (fileNames[i].contains(".rs")): null

2020-06-01 02:04:18 - [TEST_STEP][PASSED] - fileNames[i] = fileNames[i].replace(".rs", ""): null

2020-06-01 02:04:18 - [TEST_STEP][PASSED] - testObjects.add(objectSubFolder + fileNames[i]): null

2020-06-01 02:04:18 - [TEST_STEP][PASSED] - if (fileNames[i].contains(".rs")): null

2020-06-01 02:04:18 - [TEST_STEP][PASSED] - fileNames[i] = fileNames[i].replace(".rs", ""): null

2020-06-01 02:04:18 - [TEST_STEP][PASSED] - testObjects.add(objectSubFolder + fileNames[i]): null

2020-06-01 02:04:18 - [TEST_STEP][PASSED] - for (String obj : testObjects): Object 'Object Repository/Web RoomMe.id\Sign Up Menu\Textfield Phone Number' is visible

2020-06-01 02:04:18 - [TEST_STEP][PASSED] - verifyElementVisible(findTestObject(obj)): Object 'Object Repository/Web RoomMe.id\Sign Up Menu\Button Sign In' is visible

2020-06-01 02:04:19 - [MESSAGE][PASSED] - Object 'Object Repository/Web RoomMe.id\Sign Up Menu\Button Sign In' is visible

2020-06-01 02:04:19 - [TEST_STEP][PASSED] - verifyElementVisible(findTestObject(obj)): Object 'Object Repository/Web RoomMe.id\Sign Up Menu\Button Sign Up' is visible

2020-06-01 02:04:19 - [MESSAGE][PASSED] - Object 'Object Repository/Web RoomMe.id\Sign Up Menu\Button Sign Up' is visible

2020-06-01 02:04:19 - [TEST_STEP][PASSED] - verifyElementVisible(findTestObject(obj)): Object 'Object Repository/Web RoomMe.id\Sign Up Menu\Name Textfield' is visible

2020-06-01 02:04:19 - [MESSAGE][PASSED] - Object 'Object Repository/Web RoomMe.id\Sign Up Menu\Name Textfield' is visible

2020-06-01 02:04:19 - [TEST_STEP][PASSED] - verifyElementVisible(findTestObject(obj)): Object 'Object Repository/Web RoomMe.id\Sign Up Menu\Text Are you have an account' is visible

2020-06-01 02:04:20 - [MESSAGE][PASSED] - Object 'Object Repository/Web RoomMe.id\Sign Up Menu\Text Are you have an account' is visible

2020-06-01 02:04:20 - [TEST_STEP][PASSED] - verifyElementVisible(findTestObject(obj)): Object 'Object Repository/Web RoomMe.id\Sign Up Menu\Text Confirm Password' is visible

2020-06-01 02:04:20 - [MESSAGE][PASSED] - Object 'Object Repository/Web RoomMe.id\Sign Up Menu\Text Confirm Password' is visible

2020-06-01 02:04:20 - [TEST_STEP][PASSED] - verifyElementVisible(findTestObject(obj)): Object 'Object Repository/Web RoomMe.id\Sign Up Menu\Text Email Address' is visible

2020-06-01 02:04:20 - [MESSAGE][PASSED] - Object 'Object Repository/Web RoomMe.id\Sign Up Menu\Text Email Address' is visible

2020-06-01 02:04:20 - [TEST_STEP][PASSED] - verifyElementVisible(findTestObject(obj)): Object 'Object Repository/Web RoomMe.id\Sign Up Menu\Text Full Name' is visible

2020-06-01 02:04:21 - [MESSAGE][PASSED] - Object 'Object Repository/Web RoomMe.id\Sign Up Menu\Text Full Name' is visible

2020-06-01 02:04:21 - [TEST_STEP][PASSED] - verifyElementVisible(findTestObject(obj)): Object 'Object Repository/Web RoomMe.id\Sign Up Menu\Text Password' is visible

2020-06-01 02:04:21 - [MESSAGE][PASSED] - Object 'Object Repository/Web RoomMe.id\Sign Up Menu\Text Password' is visible

2020-06-01 02:04:21 - [TEST_STEP][PASSED] - verifyElementVisible(findTestObject(obj)): Object 'Object Repository/Web RoomMe.id\Sign Up Menu\Text Phone Number' is visible

2020-06-01 02:04:21 - [MESSAGE][PASSED] - Object 'Object Repository/Web RoomMe.id\Sign Up Menu\Text Phone Number' is visible

2020-06-01 02:04:21 - [TEST_STEP][PASSED] - verifyElementVisible(findTestObject(obj)): Object 'Object Repository/Web RoomMe.id\Sign Up Menu\Textfield Confirm Password' is visible

2020-06-01 02:04:22 - [MESSAGE][PASSED] - Object 'Object Repository/Web RoomMe.id\Sign Up Menu\Textfield Confirm Password' is visible

2020-06-01 02:04:22 - [TEST_STEP][PASSED] - verifyElementVisible(findTestObject(obj)): Object 'Object Repository/Web RoomMe.id\Sign Up Menu\Textfield Email' is visible

2020-06-01 02:04:22 - [MESSAGE][PASSED] - Object 'Object Repository/Web RoomMe.id\Sign Up Menu\Textfield Email' is visible

2020-06-01 02:04:22 - [TEST_STEP][PASSED] - verifyElementVisible(findTestObject(obj)): Object 'Object Repository/Web RoomMe.id\Sign Up Menu\Textfield Password' is visible

2020-06-01 02:04:22 - [MESSAGE][PASSED] - Object 'Object Repository/Web RoomMe.id\Sign Up Menu\Textfield Password' is visible

2020-06-01 02:04:22 - [TEST_STEP][PASSED] - verifyElementVisible(findTestObject(obj)): Object 'Object Repository/Web RoomMe.id\Sign Up Menu\Textfield Phone Number' is visible

2020-06-01 02:04:23 - [MESSAGE][PASSED] - Object 'Object Repository/Web RoomMe.id\Sign Up Menu\Textfield Phone Number' is visible

2020-06-01 02:04:23 - [MESSAGE][PASSED] - Call Test Case 'Test Cases/Web RoomMe.id/2. Sign Up/Verify Sign Up Menu' successfully

2020-06-01 02:04:23 - [TEST_STEP][PASSED] - waitForElementVisible(findTestObject("Web RoomMe.id/Sign Up Menu/Name Textfield"), 0): Object 'Object Repository/Web RoomMe.id/Sign Up Menu/Name Textfield' is visible

2020-06-01 02:04:23 - [MESSAGE][WARNING] - Timeout '0' is invalid. Using default page load timeout: '60'

2020-06-01 02:04:23 - [MESSAGE][PASSED] - Object 'Object Repository/Web RoomMe.id/Sign Up Menu/Name Textfield' is visible

2020-06-01 02:04:23 - [TEST_STEP][PASSED] - setText(findTestObject("Web RoomMe.id/Sign Up Menu/Name Textfield"), "Faldi Test AT"): Text 'Faldi Test AT' is set on object 'Object Repository/Web RoomMe.id/Sign Up Menu/Name Textfield'

2020-06-01 02:04:24 - [MESSAGE][PASSED] - Text 'Faldi Test AT' is set on object 'Object Repository/Web RoomMe.id/Sign Up Menu/Name Textfield'

2020-06-01 02:04:24 - [TEST_STEP][NOT_RUN] - getAttribute(findTestObject("Web RoomMe.id/Sign Up Menu/Name Textfield"), "tag"): NOT_RUN: getAttribute(findTestObject("Web RoomMe.id/Sign Up Menu/Name Textfield"), "tag")

2020-06-01 02:04:24 - [MESSAGE][NOT_RUN] - NOT_RUN: getAttribute(findTestObject("Web RoomMe.id/Sign Up Menu/Name Textfield"), "tag")

2020-06-01 02:04:24 - [TEST_STEP][NOT_RUN] - namauser = concatenate(findTestObject("Web RoomMe.id/Sign Up Menu/Name Textfield")): NOT_RUN: namauser = concatenate(findTestObject("Web RoomMe.id/Sign Up Menu/Name Textfield"))

2020-06-01 02:04:24 - [MESSAGE][NOT_RUN] - NOT_RUN: namauser = concatenate(findTestObject("Web RoomMe.id/Sign Up Menu/Name Textfield"))

2020-06-01 02:04:24 - [TEST_STEP][PASSED] - setText(findTestObject("Web RoomMe.id/Sign Up Menu/Textfield Email"), "faldidev@getnada.com"): Text 'faldidev@getnada.com' is set on object 'Object Repository/Web RoomMe.id/Sign Up Menu/Textfield Email'

2020-06-01 02:04:25 - [MESSAGE][PASSED] - Text 'faldidev@getnada.com' is set on object 'Object Repository/Web RoomMe.id/Sign Up Menu/Textfield Email'

2020-06-01 02:04:25 - [TEST_STEP][PASSED] - setText(findTestObject("Web RoomMe.id/Sign Up Menu/Textfield Phone Number"), "081234567890"): Text '081234567890' is set on object 'Object Repository/Web RoomMe.id/Sign Up Menu/Textfield Phone Number'

2020-06-01 02:04:26 - [MESSAGE][PASSED] - Text '081234567890' is set on object 'Object Repository/Web RoomMe.id/Sign Up Menu/Textfield Phone Number'

2020-06-01 02:04:26 - [TEST_STEP][PASSED] - setEncryptedText(findTestObject("Web RoomMe.id/Sign Up Menu/Textfield Password"), "da8fEzhczGg="): Text ****** has been set on object 'Object Repository/Web RoomMe.id/Sign Up Menu/Textfield Password'

2020-06-01 02:04:27 - [MESSAGE][PASSED] - Text ****** has been set on object 'Object Repository/Web RoomMe.id/Sign Up Menu/Textfield Password'

2020-06-01 02:04:27 - [TEST_STEP][PASSED] - setEncryptedText(findTestObject("Web RoomMe.id/Sign Up Menu/Textfield Confirm Password"), "da8fEzhczGg="): Text ****** has been set on object 'Object Repository/Web RoomMe.id/Sign Up Menu/Textfield Confirm Password'

2020-06-01 02:04:28 - [MESSAGE][PASSED] - Text ****** has been set on object 'Object Repository/Web RoomMe.id/Sign Up Menu/Textfield Confirm Password'

2020-06-01 02:04:28 - [TEST_STEP][PASSED] - click(findTestObject("Web RoomMe.id/Sign Up Menu/Button Sign Up")): Object: 'Object Repository/Web RoomMe.id/Sign Up Menu/Button Sign Up' is clicked on

2020-06-01 02:04:28 - [MESSAGE][PASSED] - Object: 'Object Repository/Web RoomMe.id/Sign Up Menu/Button Sign Up' is clicked on

2020-06-01 02:04:28 - [TEST_STEP][PASSED] - waitForElementVisible(findTestObject("Web RoomMe.id/Sign Up Menu/Error Message/Text Email already registered"), 0): Object 'Object Repository/Web RoomMe.id/Sign Up Menu/Error Message/Text Email already registered' is visible

2020-06-01 02:04:28 - [MESSAGE][WARNING] - Timeout '0' is invalid. Using default page load timeout: '60'

2020-06-01 02:04:29 - [MESSAGE][PASSED] - Object 'Object Repository/Web RoomMe.id/Sign Up Menu/Error Message/Text Email already registered' is visible]]></system-out>
         <system-err><![CDATA[]]></system-err>
      </testcase>
      <system-out><![CDATA[2020-06-01 02:00:16 - [TEST_SUITE][PASSED] - Customer Sign Up: Test Cases/Web RoomMe.id/2. Sign Up/8. Sign Up with Already Registered Email]]></system-out>
      <system-err><![CDATA[]]></system-err>
   </testsuite>
</testsuites>
