<?xml version="1.0" encoding="UTF-8"?>
<testsuites name="Customer Access Landlord Page" time="241.476" tests="8" failures="0" errors="0">
   <testsuite name="Customer Access Landlord Page" tests="8" failures="0" errors="0" time="241.476" timestamp="2020-05-12 14:41:39" hostname="Win 10 - LENNONOVO" id="Test Suites/Web RoomMe.id/Customer Access Landlord Page">
      <properties>
         <property name="deviceName" value=""/>
         <property name="devicePlatform" value=""/>
         <property name="logFolder" value="C:\\Users\\Faldi\\Katalon Studio\\katalonroomme-master\\Reports\\20200512_143510\\Web RoomMe.id\\Customer Access Landlord Page\\20200512_143516"/>
         <property name="logFiles" value="C:\\Users\\Faldi\\Katalon Studio\\katalonroomme-master\\Reports\\20200512_143510\\Web RoomMe.id\\Customer Access Landlord Page\\20200512_143516\\execution0.log"/>
         <property name="attachments" value=""/>
         <property name="hostName" value="Win 10 - LENNONOVO"/>
         <property name="os" value="Windows 10 64bit"/>
         <property name="katalonVersion" value="7.1.1.1"/>
         <property name="browser" value="Chrome 81.0.4044.138"/>
         <property name="hostAddress" value="192.168.1.14"/>
         <property name="sessionId" value="e9217122a229bbe6b63191714c254806"/>
         <property name="seleniumVersion" value="3.141.59"/>
         <property name="proxyInformation" value="ProxyInformation{proxyOption=NO_PROXY, proxyServerType=HTTP, password=, proxyServerAddress=, proxyServerPort=0}"/>
         <property name="platform" value="Windows 10"/>
      </properties>
      <testcase name="Test Cases/Web RoomMe.id/7. Landlord/1. Customer Access Landlord Page From Header" time="34.741" classname="Test Cases/Web RoomMe.id/7. Landlord/1. Customer Access Landlord Page From Header" status="PASSED">
         <system-out><![CDATA[2020-05-12 14:41:40 - [TEST_CASE][PASSED] - Test Cases/Web RoomMe.id/7. Landlord/1. Customer Access Landlord Page From Header: Test Cases/Web RoomMe.id/7. Landlord/1. Customer Access Landlord Page From Header

2020-05-12 14:41:41 - [TEST_STEP][PASSED] - callTestCase(findTestCase("Web RoomMe.id/1. Homepage/1. Customer Access RoomMe Page"), [:], STOP_ON_FAILURE): Call Test Case 'Test Cases/Web RoomMe.id/1. Homepage/1. Customer Access RoomMe Page' successfully

2020-05-12 14:41:41 - [TEST_CASE][PASSED] - Test Cases/Web RoomMe.id/1. Homepage/1. Customer Access RoomMe Page: Test Cases/Web RoomMe.id/1. Homepage/1. Customer Access RoomMe Page

2020-05-12 14:41:42 - [TEST_STEP][PASSED] - openBrowser("https://web.roomme.id/"): Browser is opened with url: 'https://web.roomme.id/'

2020-05-12 14:41:43 - [MESSAGE][INFO] - Starting 'Chrome' driver

2020-05-12 14:41:43 - [MESSAGE][INFO] - Action delay is set to 0 seconds

2020-05-12 14:41:56 - [MESSAGE][PASSED] - Browser is opened with url: 'https://web.roomme.id/'

2020-05-12 14:41:56 - [TEST_STEP][PASSED] - maximizeWindow(): Current window maximized

2020-05-12 14:42:00 - [MESSAGE][PASSED] - Current window maximized

2020-05-12 14:42:00 - [TEST_STEP][PASSED] - waitForPageLoad(0): Wait for page load successfully

2020-05-12 14:42:00 - [MESSAGE][WARNING] - Timeout '0' is invalid. Using default page load timeout: '30'

2020-05-12 14:42:00 - [MESSAGE][PASSED] - Wait for page load successfully

2020-05-12 14:42:00 - [MESSAGE][PASSED] - Call Test Case 'Test Cases/Web RoomMe.id/1. Homepage/1. Customer Access RoomMe Page' successfully

2020-05-12 14:42:00 - [TEST_STEP][PASSED] - waitForElementVisible(findTestObject("Web RoomMe.id/RoomMe.id Header/Button Are You Landlord"), 30): Object 'Object Repository/Web RoomMe.id/RoomMe.id Header/Button Are You Landlord' is visible

2020-05-12 14:42:01 - [MESSAGE][PASSED] - Object 'Object Repository/Web RoomMe.id/RoomMe.id Header/Button Are You Landlord' is visible

2020-05-12 14:42:01 - [TEST_STEP][PASSED] - click(findTestObject("Web RoomMe.id/RoomMe.id Header/Button Are You Landlord")): Object: 'Object Repository/Web RoomMe.id/RoomMe.id Header/Button Are You Landlord' is clicked on

2020-05-12 14:42:04 - [MESSAGE][PASSED] - Object: 'Object Repository/Web RoomMe.id/RoomMe.id Header/Button Are You Landlord' is clicked on

2020-05-12 14:42:04 - [TEST_STEP][PASSED] - waitForPageLoad(0): Wait for page load successfully

2020-05-12 14:42:04 - [MESSAGE][WARNING] - Timeout '0' is invalid. Using default page load timeout: '30'

2020-05-12 14:42:04 - [MESSAGE][PASSED] - Wait for page load successfully

2020-05-12 14:42:04 - [TEST_STEP][PASSED] - waitForElementVisible(findTestObject("Web RoomMe.id/RoomMe.id Landlord Page/Image Landlord"), 30): Object 'Object Repository/Web RoomMe.id/RoomMe.id Landlord Page/Image Landlord' is visible

2020-05-12 14:42:05 - [MESSAGE][PASSED] - Object 'Object Repository/Web RoomMe.id/RoomMe.id Landlord Page/Image Landlord' is visible

2020-05-12 14:42:05 - [TEST_STEP][PASSED] - callTestCase(findTestCase("Web RoomMe.id/7. Landlord/Verify Landlord Page"), [:], STOP_ON_FAILURE): Call Test Case 'Test Cases/Web RoomMe.id/7. Landlord/Verify Landlord Page' successfully

2020-05-12 14:42:05 - [TEST_CASE][PASSED] - Test Cases/Web RoomMe.id/7. Landlord/Verify Landlord Page: Test Cases/Web RoomMe.id/7. Landlord/Verify Landlord Page

2020-05-12 14:42:06 - [TEST_STEP][PASSED] - objectSubFolder = "Web RoomMe.id\RoomMe.id Landlord Page\": null

2020-05-12 14:42:06 - [TEST_STEP][PASSED] - pathToObjRep = getProjectDir() + "\Object Repository\" + objectSubFolder: null

2020-05-12 14:42:06 - [TEST_STEP][PASSED] - yourObjects = new java.io.File(pathToObjRep): null

2020-05-12 14:42:06 - [TEST_STEP][PASSED] - fileNames = yourObjects.list(): null

2020-05-12 14:42:06 - [TEST_STEP][PASSED] - testObjects = new java.util.ArrayList(): null

2020-05-12 14:42:06 - [TEST_STEP][PASSED] - for ([i = 0, i < length, (i++)]): null

2020-05-12 14:42:06 - [TEST_STEP][PASSED] - if (fileNames[i].contains(".rs")): null

2020-05-12 14:42:06 - [TEST_STEP][PASSED] - if (fileNames[i].contains(".rs")): null

2020-05-12 14:42:06 - [TEST_STEP][PASSED] - fileNames[i] = fileNames[i].replace(".rs", ""): null

2020-05-12 14:42:06 - [TEST_STEP][PASSED] - testObjects.add(objectSubFolder + fileNames[i]): null

2020-05-12 14:42:06 - [TEST_STEP][PASSED] - if (fileNames[i].contains(".rs")): null

2020-05-12 14:42:06 - [TEST_STEP][PASSED] - if (fileNames[i].contains(".rs")): null

2020-05-12 14:42:06 - [TEST_STEP][PASSED] - fileNames[i] = fileNames[i].replace(".rs", ""): null

2020-05-12 14:42:06 - [TEST_STEP][PASSED] - testObjects.add(objectSubFolder + fileNames[i]): null

2020-05-12 14:42:06 - [TEST_STEP][PASSED] - if (fileNames[i].contains(".rs")): null

2020-05-12 14:42:06 - [TEST_STEP][PASSED] - if (fileNames[i].contains(".rs")): null

2020-05-12 14:42:06 - [TEST_STEP][PASSED] - fileNames[i] = fileNames[i].replace(".rs", ""): null

2020-05-12 14:42:06 - [TEST_STEP][PASSED] - testObjects.add(objectSubFolder + fileNames[i]): null

2020-05-12 14:42:06 - [TEST_STEP][PASSED] - if (fileNames[i].contains(".rs")): null

2020-05-12 14:42:06 - [TEST_STEP][PASSED] - fileNames[i] = fileNames[i].replace(".rs", ""): null

2020-05-12 14:42:06 - [TEST_STEP][PASSED] - testObjects.add(objectSubFolder + fileNames[i]): null

2020-05-12 14:42:06 - [TEST_STEP][PASSED] - if (fileNames[i].contains(".rs")): null

2020-05-12 14:42:06 - [TEST_STEP][PASSED] - fileNames[i] = fileNames[i].replace(".rs", ""): null

2020-05-12 14:42:06 - [TEST_STEP][PASSED] - testObjects.add(objectSubFolder + fileNames[i]): null

2020-05-12 14:42:06 - [TEST_STEP][PASSED] - if (fileNames[i].contains(".rs")): null

2020-05-12 14:42:06 - [TEST_STEP][PASSED] - fileNames[i] = fileNames[i].replace(".rs", ""): null

2020-05-12 14:42:06 - [TEST_STEP][PASSED] - testObjects.add(objectSubFolder + fileNames[i]): null

2020-05-12 14:42:06 - [TEST_STEP][PASSED] - if (fileNames[i].contains(".rs")): null

2020-05-12 14:42:06 - [TEST_STEP][PASSED] - fileNames[i] = fileNames[i].replace(".rs", ""): null

2020-05-12 14:42:06 - [TEST_STEP][PASSED] - testObjects.add(objectSubFolder + fileNames[i]): null

2020-05-12 14:42:06 - [TEST_STEP][PASSED] - if (fileNames[i].contains(".rs")): null

2020-05-12 14:42:06 - [TEST_STEP][PASSED] - fileNames[i] = fileNames[i].replace(".rs", ""): null

2020-05-12 14:42:06 - [TEST_STEP][PASSED] - testObjects.add(objectSubFolder + fileNames[i]): null

2020-05-12 14:42:06 - [TEST_STEP][PASSED] - if (fileNames[i].contains(".rs")): null

2020-05-12 14:42:06 - [TEST_STEP][PASSED] - fileNames[i] = fileNames[i].replace(".rs", ""): null

2020-05-12 14:42:06 - [TEST_STEP][PASSED] - testObjects.add(objectSubFolder + fileNames[i]): null

2020-05-12 14:42:06 - [TEST_STEP][PASSED] - if (fileNames[i].contains(".rs")): null

2020-05-12 14:42:06 - [TEST_STEP][PASSED] - fileNames[i] = fileNames[i].replace(".rs", ""): null

2020-05-12 14:42:06 - [TEST_STEP][PASSED] - testObjects.add(objectSubFolder + fileNames[i]): null

2020-05-12 14:42:06 - [TEST_STEP][PASSED] - if (fileNames[i].contains(".rs")): null

2020-05-12 14:42:06 - [TEST_STEP][PASSED] - fileNames[i] = fileNames[i].replace(".rs", ""): null

2020-05-12 14:42:06 - [TEST_STEP][PASSED] - testObjects.add(objectSubFolder + fileNames[i]): null

2020-05-12 14:42:06 - [TEST_STEP][PASSED] - if (fileNames[i].contains(".rs")): null

2020-05-12 14:42:06 - [TEST_STEP][PASSED] - fileNames[i] = fileNames[i].replace(".rs", ""): null

2020-05-12 14:42:06 - [TEST_STEP][PASSED] - testObjects.add(objectSubFolder + fileNames[i]): null

2020-05-12 14:42:06 - [TEST_STEP][PASSED] - if (fileNames[i].contains(".rs")): null

2020-05-12 14:42:06 - [TEST_STEP][PASSED] - fileNames[i] = fileNames[i].replace(".rs", ""): null

2020-05-12 14:42:06 - [TEST_STEP][PASSED] - testObjects.add(objectSubFolder + fileNames[i]): null

2020-05-12 14:42:06 - [TEST_STEP][PASSED] - if (fileNames[i].contains(".rs")): null

2020-05-12 14:42:06 - [TEST_STEP][PASSED] - fileNames[i] = fileNames[i].replace(".rs", ""): null

2020-05-12 14:42:06 - [TEST_STEP][PASSED] - testObjects.add(objectSubFolder + fileNames[i]): null

2020-05-12 14:42:06 - [TEST_STEP][PASSED] - if (fileNames[i].contains(".rs")): null

2020-05-12 14:42:06 - [TEST_STEP][PASSED] - fileNames[i] = fileNames[i].replace(".rs", ""): null

2020-05-12 14:42:06 - [TEST_STEP][PASSED] - testObjects.add(objectSubFolder + fileNames[i]): null

2020-05-12 14:42:06 - [TEST_STEP][PASSED] - for (String obj : testObjects): Object 'Object Repository/Web RoomMe.id\RoomMe.id Landlord Page\Textfield Phone Number' is visible

2020-05-12 14:42:06 - [TEST_STEP][PASSED] - verifyElementVisible(findTestObject(obj)): Object 'Object Repository/Web RoomMe.id\RoomMe.id Landlord Page\Button Submit' is visible

2020-05-12 14:42:07 - [MESSAGE][PASSED] - Object 'Object Repository/Web RoomMe.id\RoomMe.id Landlord Page\Button Submit' is visible

2020-05-12 14:42:07 - [TEST_STEP][PASSED] - verifyElementVisible(findTestObject(obj)): Object 'Object Repository/Web RoomMe.id\RoomMe.id Landlord Page\Image Landlord' is visible

2020-05-12 14:42:08 - [MESSAGE][PASSED] - Object 'Object Repository/Web RoomMe.id\RoomMe.id Landlord Page\Image Landlord' is visible

2020-05-12 14:42:08 - [TEST_STEP][PASSED] - verifyElementVisible(findTestObject(obj)): Object 'Object Repository/Web RoomMe.id\RoomMe.id Landlord Page\Text 4 Easy Steps to Become Landlord' is visible

2020-05-12 14:42:08 - [MESSAGE][PASSED] - Object 'Object Repository/Web RoomMe.id\RoomMe.id Landlord Page\Text 4 Easy Steps to Become Landlord' is visible

2020-05-12 14:42:08 - [TEST_STEP][PASSED] - verifyElementVisible(findTestObject(obj)): Object 'Object Repository/Web RoomMe.id\RoomMe.id Landlord Page\Text Complete all the necessary document' is visible

2020-05-12 14:42:09 - [MESSAGE][PASSED] - Object 'Object Repository/Web RoomMe.id\RoomMe.id Landlord Page\Text Complete all the necessary document' is visible

2020-05-12 14:42:09 - [TEST_STEP][PASSED] - verifyElementVisible(findTestObject(obj)): Object 'Object Repository/Web RoomMe.id\RoomMe.id Landlord Page\Text Contract Agreement' is visible

2020-05-12 14:42:10 - [MESSAGE][PASSED] - Object 'Object Repository/Web RoomMe.id\RoomMe.id Landlord Page\Text Contract Agreement' is visible

2020-05-12 14:42:10 - [TEST_STEP][PASSED] - verifyElementVisible(findTestObject(obj)): Object 'Object Repository/Web RoomMe.id\RoomMe.id Landlord Page\Text Fill Out Our Form' is visible

2020-05-12 14:42:10 - [MESSAGE][PASSED] - Object 'Object Repository/Web RoomMe.id\RoomMe.id Landlord Page\Text Fill Out Our Form' is visible

2020-05-12 14:42:10 - [TEST_STEP][PASSED] - verifyElementVisible(findTestObject(obj)): Object 'Object Repository/Web RoomMe.id\RoomMe.id Landlord Page\Text Get Promoted' is visible

2020-05-12 14:42:11 - [MESSAGE][PASSED] - Object 'Object Repository/Web RoomMe.id\RoomMe.id Landlord Page\Text Get Promoted' is visible

2020-05-12 14:42:11 - [TEST_STEP][PASSED] - verifyElementVisible(findTestObject(obj)): Object 'Object Repository/Web RoomMe.id\RoomMe.id Landlord Page\Text List your property at RoomMe' is visible

2020-05-12 14:42:11 - [MESSAGE][PASSED] - Object 'Object Repository/Web RoomMe.id\RoomMe.id Landlord Page\Text List your property at RoomMe' is visible

2020-05-12 14:42:11 - [TEST_STEP][PASSED] - verifyElementVisible(findTestObject(obj)): Object 'Object Repository/Web RoomMe.id\RoomMe.id Landlord Page\Text Our staff will be in touch with you and schedule a site visit' is visible

2020-05-12 14:42:12 - [MESSAGE][PASSED] - Object 'Object Repository/Web RoomMe.id\RoomMe.id Landlord Page\Text Our staff will be in touch with you and schedule a site visit' is visible

2020-05-12 14:42:12 - [TEST_STEP][PASSED] - verifyElementVisible(findTestObject(obj)): Object 'Object Repository/Web RoomMe.id\RoomMe.id Landlord Page\Text Please share your contact info and we will share the details' is visible

2020-05-12 14:42:12 - [MESSAGE][PASSED] - Object 'Object Repository/Web RoomMe.id\RoomMe.id Landlord Page\Text Please share your contact info and we will share the details' is visible

2020-05-12 14:42:12 - [TEST_STEP][PASSED] - verifyElementVisible(findTestObject(obj)): Object 'Object Repository/Web RoomMe.id\RoomMe.id Landlord Page\Text Register Your Unit' is visible

2020-05-12 14:42:12 - [MESSAGE][PASSED] - Object 'Object Repository/Web RoomMe.id\RoomMe.id Landlord Page\Text Register Your Unit' is visible

2020-05-12 14:42:12 - [TEST_STEP][PASSED] - verifyElementVisible(findTestObject(obj)): Object 'Object Repository/Web RoomMe.id\RoomMe.id Landlord Page\Text Sit back Relax and Get Popular' is visible

2020-05-12 14:42:13 - [MESSAGE][PASSED] - Object 'Object Repository/Web RoomMe.id\RoomMe.id Landlord Page\Text Sit back Relax and Get Popular' is visible

2020-05-12 14:42:13 - [TEST_STEP][PASSED] - verifyElementVisible(findTestObject(obj)): Object 'Object Repository/Web RoomMe.id\RoomMe.id Landlord Page\Text Wait For Visit' is visible

2020-05-12 14:42:14 - [MESSAGE][PASSED] - Object 'Object Repository/Web RoomMe.id\RoomMe.id Landlord Page\Text Wait For Visit' is visible

2020-05-12 14:42:14 - [TEST_STEP][PASSED] - verifyElementVisible(findTestObject(obj)): Object 'Object Repository/Web RoomMe.id\RoomMe.id Landlord Page\Textfield Name' is visible

2020-05-12 14:42:14 - [MESSAGE][PASSED] - Object 'Object Repository/Web RoomMe.id\RoomMe.id Landlord Page\Textfield Name' is visible

2020-05-12 14:42:14 - [TEST_STEP][PASSED] - verifyElementVisible(findTestObject(obj)): Object 'Object Repository/Web RoomMe.id\RoomMe.id Landlord Page\Textfield Phone Number' is visible

2020-05-12 14:42:14 - [MESSAGE][PASSED] - Object 'Object Repository/Web RoomMe.id\RoomMe.id Landlord Page\Textfield Phone Number' is visible

2020-05-12 14:42:14 - [MESSAGE][PASSED] - Call Test Case 'Test Cases/Web RoomMe.id/7. Landlord/Verify Landlord Page' successfully]]></system-out>
         <system-err><![CDATA[]]></system-err>
      </testcase>
      <testcase name="Test Cases/Web RoomMe.id/7. Landlord/2. Customer Access Landlord Page From Homepage Section" time="33.927" classname="Test Cases/Web RoomMe.id/7. Landlord/2. Customer Access Landlord Page From Homepage Section" status="PASSED">
         <system-out><![CDATA[2020-05-12 14:42:14 - [TEST_CASE][PASSED] - Test Cases/Web RoomMe.id/7. Landlord/2. Customer Access Landlord Page From Homepage Section: Test Cases/Web RoomMe.id/7. Landlord/2. Customer Access Landlord Page From Homepage Section

2020-05-12 14:42:15 - [TEST_STEP][PASSED] - callTestCase(findTestCase("Web RoomMe.id/1. Homepage/1. Customer Access RoomMe Page"), [:], STOP_ON_FAILURE): Call Test Case 'Test Cases/Web RoomMe.id/1. Homepage/1. Customer Access RoomMe Page' successfully

2020-05-12 14:42:15 - [TEST_CASE][PASSED] - Test Cases/Web RoomMe.id/1. Homepage/1. Customer Access RoomMe Page: Test Cases/Web RoomMe.id/1. Homepage/1. Customer Access RoomMe Page

2020-05-12 14:42:15 - [TEST_STEP][PASSED] - openBrowser("https://web.roomme.id/"): Browser is opened with url: 'https://web.roomme.id/'

2020-05-12 14:42:15 - [MESSAGE][WARNING] - A browser is already opened. Closing browser and opening a new one

2020-05-12 14:42:16 - [MESSAGE][INFO] - Starting 'Chrome' driver

2020-05-12 14:42:34 - [MESSAGE][PASSED] - Browser is opened with url: 'https://web.roomme.id/'

2020-05-12 14:42:34 - [TEST_STEP][PASSED] - maximizeWindow(): Current window maximized

2020-05-12 14:42:37 - [MESSAGE][PASSED] - Current window maximized

2020-05-12 14:42:37 - [TEST_STEP][PASSED] - waitForPageLoad(0): Wait for page load successfully

2020-05-12 14:42:37 - [MESSAGE][WARNING] - Timeout '0' is invalid. Using default page load timeout: '30'

2020-05-12 14:42:37 - [MESSAGE][PASSED] - Wait for page load successfully

2020-05-12 14:42:37 - [MESSAGE][PASSED] - Call Test Case 'Test Cases/Web RoomMe.id/1. Homepage/1. Customer Access RoomMe Page' successfully

2020-05-12 14:42:37 - [TEST_STEP][PASSED] - waitForElementVisible(findTestObject("Web RoomMe.id/RoomMe.id Homepage/Button Get Started"), 30): Object 'Object Repository/Web RoomMe.id/RoomMe.id Homepage/Button Get Started' is visible

2020-05-12 14:42:38 - [MESSAGE][PASSED] - Object 'Object Repository/Web RoomMe.id/RoomMe.id Homepage/Button Get Started' is visible

2020-05-12 14:42:38 - [TEST_STEP][PASSED] - click(findTestObject("Web RoomMe.id/RoomMe.id Homepage/Button Get Started")): Object: 'Object Repository/Web RoomMe.id/RoomMe.id Homepage/Button Get Started' is clicked on

2020-05-12 14:42:41 - [MESSAGE][PASSED] - Object: 'Object Repository/Web RoomMe.id/RoomMe.id Homepage/Button Get Started' is clicked on

2020-05-12 14:42:41 - [TEST_STEP][PASSED] - waitForPageLoad(0): Wait for page load successfully

2020-05-12 14:42:41 - [MESSAGE][WARNING] - Timeout '0' is invalid. Using default page load timeout: '30'

2020-05-12 14:42:41 - [MESSAGE][PASSED] - Wait for page load successfully

2020-05-12 14:42:41 - [TEST_STEP][PASSED] - waitForElementVisible(findTestObject("Web RoomMe.id/RoomMe.id Landlord Page/Image Landlord"), 30): Object 'Object Repository/Web RoomMe.id/RoomMe.id Landlord Page/Image Landlord' is visible

2020-05-12 14:42:41 - [MESSAGE][PASSED] - Object 'Object Repository/Web RoomMe.id/RoomMe.id Landlord Page/Image Landlord' is visible

2020-05-12 14:42:41 - [TEST_STEP][PASSED] - callTestCase(findTestCase("Web RoomMe.id/7. Landlord/Verify Landlord Page"), [:], STOP_ON_FAILURE): Call Test Case 'Test Cases/Web RoomMe.id/7. Landlord/Verify Landlord Page' successfully

2020-05-12 14:42:41 - [TEST_CASE][PASSED] - Test Cases/Web RoomMe.id/7. Landlord/Verify Landlord Page: Test Cases/Web RoomMe.id/7. Landlord/Verify Landlord Page

2020-05-12 14:42:41 - [TEST_STEP][PASSED] - objectSubFolder = "Web RoomMe.id\RoomMe.id Landlord Page\": null

2020-05-12 14:42:41 - [TEST_STEP][PASSED] - pathToObjRep = getProjectDir() + "\Object Repository\" + objectSubFolder: null

2020-05-12 14:42:41 - [TEST_STEP][PASSED] - yourObjects = new java.io.File(pathToObjRep): null

2020-05-12 14:42:41 - [TEST_STEP][PASSED] - fileNames = yourObjects.list(): null

2020-05-12 14:42:41 - [TEST_STEP][PASSED] - testObjects = new java.util.ArrayList(): null

2020-05-12 14:42:41 - [TEST_STEP][PASSED] - for ([i = 0, i < length, (i++)]): null

2020-05-12 14:42:41 - [TEST_STEP][PASSED] - if (fileNames[i].contains(".rs")): null

2020-05-12 14:42:41 - [TEST_STEP][PASSED] - if (fileNames[i].contains(".rs")): null

2020-05-12 14:42:41 - [TEST_STEP][PASSED] - fileNames[i] = fileNames[i].replace(".rs", ""): null

2020-05-12 14:42:41 - [TEST_STEP][PASSED] - testObjects.add(objectSubFolder + fileNames[i]): null

2020-05-12 14:42:41 - [TEST_STEP][PASSED] - if (fileNames[i].contains(".rs")): null

2020-05-12 14:42:41 - [TEST_STEP][PASSED] - if (fileNames[i].contains(".rs")): null

2020-05-12 14:42:41 - [TEST_STEP][PASSED] - fileNames[i] = fileNames[i].replace(".rs", ""): null

2020-05-12 14:42:41 - [TEST_STEP][PASSED] - testObjects.add(objectSubFolder + fileNames[i]): null

2020-05-12 14:42:41 - [TEST_STEP][PASSED] - if (fileNames[i].contains(".rs")): null

2020-05-12 14:42:41 - [TEST_STEP][PASSED] - if (fileNames[i].contains(".rs")): null

2020-05-12 14:42:41 - [TEST_STEP][PASSED] - fileNames[i] = fileNames[i].replace(".rs", ""): null

2020-05-12 14:42:41 - [TEST_STEP][PASSED] - testObjects.add(objectSubFolder + fileNames[i]): null

2020-05-12 14:42:41 - [TEST_STEP][PASSED] - if (fileNames[i].contains(".rs")): null

2020-05-12 14:42:41 - [TEST_STEP][PASSED] - fileNames[i] = fileNames[i].replace(".rs", ""): null

2020-05-12 14:42:41 - [TEST_STEP][PASSED] - testObjects.add(objectSubFolder + fileNames[i]): null

2020-05-12 14:42:41 - [TEST_STEP][PASSED] - if (fileNames[i].contains(".rs")): null

2020-05-12 14:42:41 - [TEST_STEP][PASSED] - fileNames[i] = fileNames[i].replace(".rs", ""): null

2020-05-12 14:42:41 - [TEST_STEP][PASSED] - testObjects.add(objectSubFolder + fileNames[i]): null

2020-05-12 14:42:41 - [TEST_STEP][PASSED] - if (fileNames[i].contains(".rs")): null

2020-05-12 14:42:41 - [TEST_STEP][PASSED] - fileNames[i] = fileNames[i].replace(".rs", ""): null

2020-05-12 14:42:41 - [TEST_STEP][PASSED] - testObjects.add(objectSubFolder + fileNames[i]): null

2020-05-12 14:42:41 - [TEST_STEP][PASSED] - if (fileNames[i].contains(".rs")): null

2020-05-12 14:42:41 - [TEST_STEP][PASSED] - fileNames[i] = fileNames[i].replace(".rs", ""): null

2020-05-12 14:42:41 - [TEST_STEP][PASSED] - testObjects.add(objectSubFolder + fileNames[i]): null

2020-05-12 14:42:41 - [TEST_STEP][PASSED] - if (fileNames[i].contains(".rs")): null

2020-05-12 14:42:41 - [TEST_STEP][PASSED] - fileNames[i] = fileNames[i].replace(".rs", ""): null

2020-05-12 14:42:41 - [TEST_STEP][PASSED] - testObjects.add(objectSubFolder + fileNames[i]): null

2020-05-12 14:42:41 - [TEST_STEP][PASSED] - if (fileNames[i].contains(".rs")): null

2020-05-12 14:42:41 - [TEST_STEP][PASSED] - fileNames[i] = fileNames[i].replace(".rs", ""): null

2020-05-12 14:42:41 - [TEST_STEP][PASSED] - testObjects.add(objectSubFolder + fileNames[i]): null

2020-05-12 14:42:41 - [TEST_STEP][PASSED] - if (fileNames[i].contains(".rs")): null

2020-05-12 14:42:41 - [TEST_STEP][PASSED] - fileNames[i] = fileNames[i].replace(".rs", ""): null

2020-05-12 14:42:41 - [TEST_STEP][PASSED] - testObjects.add(objectSubFolder + fileNames[i]): null

2020-05-12 14:42:41 - [TEST_STEP][PASSED] - if (fileNames[i].contains(".rs")): null

2020-05-12 14:42:41 - [TEST_STEP][PASSED] - fileNames[i] = fileNames[i].replace(".rs", ""): null

2020-05-12 14:42:41 - [TEST_STEP][PASSED] - testObjects.add(objectSubFolder + fileNames[i]): null

2020-05-12 14:42:41 - [TEST_STEP][PASSED] - if (fileNames[i].contains(".rs")): null

2020-05-12 14:42:41 - [TEST_STEP][PASSED] - fileNames[i] = fileNames[i].replace(".rs", ""): null

2020-05-12 14:42:41 - [TEST_STEP][PASSED] - testObjects.add(objectSubFolder + fileNames[i]): null

2020-05-12 14:42:41 - [TEST_STEP][PASSED] - if (fileNames[i].contains(".rs")): null

2020-05-12 14:42:41 - [TEST_STEP][PASSED] - fileNames[i] = fileNames[i].replace(".rs", ""): null

2020-05-12 14:42:41 - [TEST_STEP][PASSED] - testObjects.add(objectSubFolder + fileNames[i]): null

2020-05-12 14:42:41 - [TEST_STEP][PASSED] - if (fileNames[i].contains(".rs")): null

2020-05-12 14:42:41 - [TEST_STEP][PASSED] - fileNames[i] = fileNames[i].replace(".rs", ""): null

2020-05-12 14:42:41 - [TEST_STEP][PASSED] - testObjects.add(objectSubFolder + fileNames[i]): null

2020-05-12 14:42:41 - [TEST_STEP][PASSED] - if (fileNames[i].contains(".rs")): null

2020-05-12 14:42:41 - [TEST_STEP][PASSED] - fileNames[i] = fileNames[i].replace(".rs", ""): null

2020-05-12 14:42:41 - [TEST_STEP][PASSED] - testObjects.add(objectSubFolder + fileNames[i]): null

2020-05-12 14:42:41 - [TEST_STEP][PASSED] - for (String obj : testObjects): Object 'Object Repository/Web RoomMe.id\RoomMe.id Landlord Page\Textfield Phone Number' is visible

2020-05-12 14:42:41 - [TEST_STEP][PASSED] - verifyElementVisible(findTestObject(obj)): Object 'Object Repository/Web RoomMe.id\RoomMe.id Landlord Page\Button Submit' is visible

2020-05-12 14:42:42 - [MESSAGE][PASSED] - Object 'Object Repository/Web RoomMe.id\RoomMe.id Landlord Page\Button Submit' is visible

2020-05-12 14:42:42 - [TEST_STEP][PASSED] - verifyElementVisible(findTestObject(obj)): Object 'Object Repository/Web RoomMe.id\RoomMe.id Landlord Page\Image Landlord' is visible

2020-05-12 14:42:42 - [MESSAGE][PASSED] - Object 'Object Repository/Web RoomMe.id\RoomMe.id Landlord Page\Image Landlord' is visible

2020-05-12 14:42:42 - [TEST_STEP][PASSED] - verifyElementVisible(findTestObject(obj)): Object 'Object Repository/Web RoomMe.id\RoomMe.id Landlord Page\Text 4 Easy Steps to Become Landlord' is visible

2020-05-12 14:42:43 - [MESSAGE][PASSED] - Object 'Object Repository/Web RoomMe.id\RoomMe.id Landlord Page\Text 4 Easy Steps to Become Landlord' is visible

2020-05-12 14:42:43 - [TEST_STEP][PASSED] - verifyElementVisible(findTestObject(obj)): Object 'Object Repository/Web RoomMe.id\RoomMe.id Landlord Page\Text Complete all the necessary document' is visible

2020-05-12 14:42:43 - [MESSAGE][PASSED] - Object 'Object Repository/Web RoomMe.id\RoomMe.id Landlord Page\Text Complete all the necessary document' is visible

2020-05-12 14:42:43 - [TEST_STEP][PASSED] - verifyElementVisible(findTestObject(obj)): Object 'Object Repository/Web RoomMe.id\RoomMe.id Landlord Page\Text Contract Agreement' is visible

2020-05-12 14:42:44 - [MESSAGE][PASSED] - Object 'Object Repository/Web RoomMe.id\RoomMe.id Landlord Page\Text Contract Agreement' is visible

2020-05-12 14:42:44 - [TEST_STEP][PASSED] - verifyElementVisible(findTestObject(obj)): Object 'Object Repository/Web RoomMe.id\RoomMe.id Landlord Page\Text Fill Out Our Form' is visible

2020-05-12 14:42:44 - [MESSAGE][PASSED] - Object 'Object Repository/Web RoomMe.id\RoomMe.id Landlord Page\Text Fill Out Our Form' is visible

2020-05-12 14:42:44 - [TEST_STEP][PASSED] - verifyElementVisible(findTestObject(obj)): Object 'Object Repository/Web RoomMe.id\RoomMe.id Landlord Page\Text Get Promoted' is visible

2020-05-12 14:42:45 - [MESSAGE][PASSED] - Object 'Object Repository/Web RoomMe.id\RoomMe.id Landlord Page\Text Get Promoted' is visible

2020-05-12 14:42:45 - [TEST_STEP][PASSED] - verifyElementVisible(findTestObject(obj)): Object 'Object Repository/Web RoomMe.id\RoomMe.id Landlord Page\Text List your property at RoomMe' is visible

2020-05-12 14:42:46 - [MESSAGE][PASSED] - Object 'Object Repository/Web RoomMe.id\RoomMe.id Landlord Page\Text List your property at RoomMe' is visible

2020-05-12 14:42:46 - [TEST_STEP][PASSED] - verifyElementVisible(findTestObject(obj)): Object 'Object Repository/Web RoomMe.id\RoomMe.id Landlord Page\Text Our staff will be in touch with you and schedule a site visit' is visible

2020-05-12 14:42:46 - [MESSAGE][PASSED] - Object 'Object Repository/Web RoomMe.id\RoomMe.id Landlord Page\Text Our staff will be in touch with you and schedule a site visit' is visible

2020-05-12 14:42:46 - [TEST_STEP][PASSED] - verifyElementVisible(findTestObject(obj)): Object 'Object Repository/Web RoomMe.id\RoomMe.id Landlord Page\Text Please share your contact info and we will share the details' is visible

2020-05-12 14:42:46 - [MESSAGE][PASSED] - Object 'Object Repository/Web RoomMe.id\RoomMe.id Landlord Page\Text Please share your contact info and we will share the details' is visible

2020-05-12 14:42:46 - [TEST_STEP][PASSED] - verifyElementVisible(findTestObject(obj)): Object 'Object Repository/Web RoomMe.id\RoomMe.id Landlord Page\Text Register Your Unit' is visible

2020-05-12 14:42:47 - [MESSAGE][PASSED] - Object 'Object Repository/Web RoomMe.id\RoomMe.id Landlord Page\Text Register Your Unit' is visible

2020-05-12 14:42:47 - [TEST_STEP][PASSED] - verifyElementVisible(findTestObject(obj)): Object 'Object Repository/Web RoomMe.id\RoomMe.id Landlord Page\Text Sit back Relax and Get Popular' is visible

2020-05-12 14:42:47 - [MESSAGE][PASSED] - Object 'Object Repository/Web RoomMe.id\RoomMe.id Landlord Page\Text Sit back Relax and Get Popular' is visible

2020-05-12 14:42:47 - [TEST_STEP][PASSED] - verifyElementVisible(findTestObject(obj)): Object 'Object Repository/Web RoomMe.id\RoomMe.id Landlord Page\Text Wait For Visit' is visible

2020-05-12 14:42:48 - [MESSAGE][PASSED] - Object 'Object Repository/Web RoomMe.id\RoomMe.id Landlord Page\Text Wait For Visit' is visible

2020-05-12 14:42:48 - [TEST_STEP][PASSED] - verifyElementVisible(findTestObject(obj)): Object 'Object Repository/Web RoomMe.id\RoomMe.id Landlord Page\Textfield Name' is visible

2020-05-12 14:42:48 - [MESSAGE][PASSED] - Object 'Object Repository/Web RoomMe.id\RoomMe.id Landlord Page\Textfield Name' is visible

2020-05-12 14:42:48 - [TEST_STEP][PASSED] - verifyElementVisible(findTestObject(obj)): Object 'Object Repository/Web RoomMe.id\RoomMe.id Landlord Page\Textfield Phone Number' is visible

2020-05-12 14:42:48 - [MESSAGE][PASSED] - Object 'Object Repository/Web RoomMe.id\RoomMe.id Landlord Page\Textfield Phone Number' is visible

2020-05-12 14:42:48 - [MESSAGE][PASSED] - Call Test Case 'Test Cases/Web RoomMe.id/7. Landlord/Verify Landlord Page' successfully]]></system-out>
         <system-err><![CDATA[]]></system-err>
      </testcase>
      <testcase name="Test Cases/Web RoomMe.id/7. Landlord/3. Customer Submit Contact With Valid Data" time="30.716" classname="Test Cases/Web RoomMe.id/7. Landlord/3. Customer Submit Contact With Valid Data" status="PASSED">
         <system-out><![CDATA[2020-05-12 14:42:48 - [TEST_CASE][PASSED] - Test Cases/Web RoomMe.id/7. Landlord/3. Customer Submit Contact With Valid Data: Test Cases/Web RoomMe.id/7. Landlord/3. Customer Submit Contact With Valid Data

2020-05-12 14:42:49 - [TEST_STEP][PASSED] - callTestCase(findTestCase("Web RoomMe.id/7. Landlord/1. Customer Access Landlord Page From Header"), [:], STOP_ON_FAILURE): Call Test Case 'Test Cases/Web RoomMe.id/7. Landlord/1. Customer Access Landlord Page From Header' successfully

2020-05-12 14:42:49 - [TEST_CASE][PASSED] - Test Cases/Web RoomMe.id/7. Landlord/1. Customer Access Landlord Page From Header: Test Cases/Web RoomMe.id/7. Landlord/1. Customer Access Landlord Page From Header

2020-05-12 14:42:49 - [TEST_STEP][PASSED] - callTestCase(findTestCase("Web RoomMe.id/1. Homepage/1. Customer Access RoomMe Page"), [:], STOP_ON_FAILURE): Call Test Case 'Test Cases/Web RoomMe.id/1. Homepage/1. Customer Access RoomMe Page' successfully

2020-05-12 14:42:49 - [TEST_CASE][PASSED] - Test Cases/Web RoomMe.id/1. Homepage/1. Customer Access RoomMe Page: Test Cases/Web RoomMe.id/1. Homepage/1. Customer Access RoomMe Page

2020-05-12 14:42:49 - [TEST_STEP][PASSED] - openBrowser("https://web.roomme.id/"): Browser is opened with url: 'https://web.roomme.id/'

2020-05-12 14:42:49 - [MESSAGE][WARNING] - A browser is already opened. Closing browser and opening a new one

2020-05-12 14:42:50 - [MESSAGE][INFO] - Starting 'Chrome' driver

2020-05-12 14:42:58 - [MESSAGE][PASSED] - Browser is opened with url: 'https://web.roomme.id/'

2020-05-12 14:42:58 - [TEST_STEP][PASSED] - maximizeWindow(): Current window maximized

2020-05-12 14:43:01 - [MESSAGE][PASSED] - Current window maximized

2020-05-12 14:43:01 - [TEST_STEP][PASSED] - waitForPageLoad(0): Wait for page load successfully

2020-05-12 14:43:01 - [MESSAGE][WARNING] - Timeout '0' is invalid. Using default page load timeout: '30'

2020-05-12 14:43:01 - [MESSAGE][PASSED] - Wait for page load successfully

2020-05-12 14:43:01 - [MESSAGE][PASSED] - Call Test Case 'Test Cases/Web RoomMe.id/1. Homepage/1. Customer Access RoomMe Page' successfully

2020-05-12 14:43:01 - [TEST_STEP][PASSED] - waitForElementVisible(findTestObject("Web RoomMe.id/RoomMe.id Header/Button Are You Landlord"), 30): Object 'Object Repository/Web RoomMe.id/RoomMe.id Header/Button Are You Landlord' is visible

2020-05-12 14:43:01 - [MESSAGE][PASSED] - Object 'Object Repository/Web RoomMe.id/RoomMe.id Header/Button Are You Landlord' is visible

2020-05-12 14:43:01 - [TEST_STEP][PASSED] - click(findTestObject("Web RoomMe.id/RoomMe.id Header/Button Are You Landlord")): Object: 'Object Repository/Web RoomMe.id/RoomMe.id Header/Button Are You Landlord' is clicked on

2020-05-12 14:43:05 - [MESSAGE][PASSED] - Object: 'Object Repository/Web RoomMe.id/RoomMe.id Header/Button Are You Landlord' is clicked on

2020-05-12 14:43:05 - [TEST_STEP][PASSED] - waitForPageLoad(0): Wait for page load successfully

2020-05-12 14:43:05 - [MESSAGE][WARNING] - Timeout '0' is invalid. Using default page load timeout: '30'

2020-05-12 14:43:05 - [MESSAGE][PASSED] - Wait for page load successfully

2020-05-12 14:43:05 - [TEST_STEP][PASSED] - waitForElementVisible(findTestObject("Web RoomMe.id/RoomMe.id Landlord Page/Image Landlord"), 30): Object 'Object Repository/Web RoomMe.id/RoomMe.id Landlord Page/Image Landlord' is visible

2020-05-12 14:43:05 - [MESSAGE][PASSED] - Object 'Object Repository/Web RoomMe.id/RoomMe.id Landlord Page/Image Landlord' is visible

2020-05-12 14:43:05 - [TEST_STEP][PASSED] - callTestCase(findTestCase("Web RoomMe.id/7. Landlord/Verify Landlord Page"), [:], STOP_ON_FAILURE): Call Test Case 'Test Cases/Web RoomMe.id/7. Landlord/Verify Landlord Page' successfully

2020-05-12 14:43:05 - [TEST_CASE][PASSED] - Test Cases/Web RoomMe.id/7. Landlord/Verify Landlord Page: Test Cases/Web RoomMe.id/7. Landlord/Verify Landlord Page

2020-05-12 14:43:05 - [TEST_STEP][PASSED] - objectSubFolder = "Web RoomMe.id\RoomMe.id Landlord Page\": null

2020-05-12 14:43:05 - [TEST_STEP][PASSED] - pathToObjRep = getProjectDir() + "\Object Repository\" + objectSubFolder: null

2020-05-12 14:43:05 - [TEST_STEP][PASSED] - yourObjects = new java.io.File(pathToObjRep): null

2020-05-12 14:43:05 - [TEST_STEP][PASSED] - fileNames = yourObjects.list(): null

2020-05-12 14:43:05 - [TEST_STEP][PASSED] - testObjects = new java.util.ArrayList(): null

2020-05-12 14:43:05 - [TEST_STEP][PASSED] - for ([i = 0, i < length, (i++)]): null

2020-05-12 14:43:05 - [TEST_STEP][PASSED] - if (fileNames[i].contains(".rs")): null

2020-05-12 14:43:05 - [TEST_STEP][PASSED] - if (fileNames[i].contains(".rs")): null

2020-05-12 14:43:05 - [TEST_STEP][PASSED] - fileNames[i] = fileNames[i].replace(".rs", ""): null

2020-05-12 14:43:05 - [TEST_STEP][PASSED] - testObjects.add(objectSubFolder + fileNames[i]): null

2020-05-12 14:43:05 - [TEST_STEP][PASSED] - if (fileNames[i].contains(".rs")): null

2020-05-12 14:43:05 - [TEST_STEP][PASSED] - if (fileNames[i].contains(".rs")): null

2020-05-12 14:43:05 - [TEST_STEP][PASSED] - fileNames[i] = fileNames[i].replace(".rs", ""): null

2020-05-12 14:43:05 - [TEST_STEP][PASSED] - testObjects.add(objectSubFolder + fileNames[i]): null

2020-05-12 14:43:05 - [TEST_STEP][PASSED] - if (fileNames[i].contains(".rs")): null

2020-05-12 14:43:05 - [TEST_STEP][PASSED] - if (fileNames[i].contains(".rs")): null

2020-05-12 14:43:05 - [TEST_STEP][PASSED] - fileNames[i] = fileNames[i].replace(".rs", ""): null

2020-05-12 14:43:05 - [TEST_STEP][PASSED] - testObjects.add(objectSubFolder + fileNames[i]): null

2020-05-12 14:43:05 - [TEST_STEP][PASSED] - if (fileNames[i].contains(".rs")): null

2020-05-12 14:43:05 - [TEST_STEP][PASSED] - fileNames[i] = fileNames[i].replace(".rs", ""): null

2020-05-12 14:43:05 - [TEST_STEP][PASSED] - testObjects.add(objectSubFolder + fileNames[i]): null

2020-05-12 14:43:05 - [TEST_STEP][PASSED] - if (fileNames[i].contains(".rs")): null

2020-05-12 14:43:05 - [TEST_STEP][PASSED] - fileNames[i] = fileNames[i].replace(".rs", ""): null

2020-05-12 14:43:05 - [TEST_STEP][PASSED] - testObjects.add(objectSubFolder + fileNames[i]): null

2020-05-12 14:43:05 - [TEST_STEP][PASSED] - if (fileNames[i].contains(".rs")): null

2020-05-12 14:43:05 - [TEST_STEP][PASSED] - fileNames[i] = fileNames[i].replace(".rs", ""): null

2020-05-12 14:43:05 - [TEST_STEP][PASSED] - testObjects.add(objectSubFolder + fileNames[i]): null

2020-05-12 14:43:05 - [TEST_STEP][PASSED] - if (fileNames[i].contains(".rs")): null

2020-05-12 14:43:05 - [TEST_STEP][PASSED] - fileNames[i] = fileNames[i].replace(".rs", ""): null

2020-05-12 14:43:05 - [TEST_STEP][PASSED] - testObjects.add(objectSubFolder + fileNames[i]): null

2020-05-12 14:43:05 - [TEST_STEP][PASSED] - if (fileNames[i].contains(".rs")): null

2020-05-12 14:43:05 - [TEST_STEP][PASSED] - fileNames[i] = fileNames[i].replace(".rs", ""): null

2020-05-12 14:43:05 - [TEST_STEP][PASSED] - testObjects.add(objectSubFolder + fileNames[i]): null

2020-05-12 14:43:05 - [TEST_STEP][PASSED] - if (fileNames[i].contains(".rs")): null

2020-05-12 14:43:05 - [TEST_STEP][PASSED] - fileNames[i] = fileNames[i].replace(".rs", ""): null

2020-05-12 14:43:05 - [TEST_STEP][PASSED] - testObjects.add(objectSubFolder + fileNames[i]): null

2020-05-12 14:43:05 - [TEST_STEP][PASSED] - if (fileNames[i].contains(".rs")): null

2020-05-12 14:43:05 - [TEST_STEP][PASSED] - fileNames[i] = fileNames[i].replace(".rs", ""): null

2020-05-12 14:43:05 - [TEST_STEP][PASSED] - testObjects.add(objectSubFolder + fileNames[i]): null

2020-05-12 14:43:05 - [TEST_STEP][PASSED] - if (fileNames[i].contains(".rs")): null

2020-05-12 14:43:05 - [TEST_STEP][PASSED] - fileNames[i] = fileNames[i].replace(".rs", ""): null

2020-05-12 14:43:05 - [TEST_STEP][PASSED] - testObjects.add(objectSubFolder + fileNames[i]): null

2020-05-12 14:43:05 - [TEST_STEP][PASSED] - if (fileNames[i].contains(".rs")): null

2020-05-12 14:43:05 - [TEST_STEP][PASSED] - fileNames[i] = fileNames[i].replace(".rs", ""): null

2020-05-12 14:43:05 - [TEST_STEP][PASSED] - testObjects.add(objectSubFolder + fileNames[i]): null

2020-05-12 14:43:05 - [TEST_STEP][PASSED] - if (fileNames[i].contains(".rs")): null

2020-05-12 14:43:05 - [TEST_STEP][PASSED] - fileNames[i] = fileNames[i].replace(".rs", ""): null

2020-05-12 14:43:05 - [TEST_STEP][PASSED] - testObjects.add(objectSubFolder + fileNames[i]): null

2020-05-12 14:43:05 - [TEST_STEP][PASSED] - if (fileNames[i].contains(".rs")): null

2020-05-12 14:43:05 - [TEST_STEP][PASSED] - fileNames[i] = fileNames[i].replace(".rs", ""): null

2020-05-12 14:43:05 - [TEST_STEP][PASSED] - testObjects.add(objectSubFolder + fileNames[i]): null

2020-05-12 14:43:05 - [TEST_STEP][PASSED] - if (fileNames[i].contains(".rs")): null

2020-05-12 14:43:05 - [TEST_STEP][PASSED] - fileNames[i] = fileNames[i].replace(".rs", ""): null

2020-05-12 14:43:05 - [TEST_STEP][PASSED] - testObjects.add(objectSubFolder + fileNames[i]): null

2020-05-12 14:43:05 - [TEST_STEP][PASSED] - for (String obj : testObjects): Object 'Object Repository/Web RoomMe.id\RoomMe.id Landlord Page\Textfield Phone Number' is visible

2020-05-12 14:43:05 - [TEST_STEP][PASSED] - verifyElementVisible(findTestObject(obj)): Object 'Object Repository/Web RoomMe.id\RoomMe.id Landlord Page\Button Submit' is visible

2020-05-12 14:43:06 - [MESSAGE][PASSED] - Object 'Object Repository/Web RoomMe.id\RoomMe.id Landlord Page\Button Submit' is visible

2020-05-12 14:43:06 - [TEST_STEP][PASSED] - verifyElementVisible(findTestObject(obj)): Object 'Object Repository/Web RoomMe.id\RoomMe.id Landlord Page\Image Landlord' is visible

2020-05-12 14:43:06 - [MESSAGE][PASSED] - Object 'Object Repository/Web RoomMe.id\RoomMe.id Landlord Page\Image Landlord' is visible

2020-05-12 14:43:06 - [TEST_STEP][PASSED] - verifyElementVisible(findTestObject(obj)): Object 'Object Repository/Web RoomMe.id\RoomMe.id Landlord Page\Text 4 Easy Steps to Become Landlord' is visible

2020-05-12 14:43:07 - [MESSAGE][PASSED] - Object 'Object Repository/Web RoomMe.id\RoomMe.id Landlord Page\Text 4 Easy Steps to Become Landlord' is visible

2020-05-12 14:43:07 - [TEST_STEP][PASSED] - verifyElementVisible(findTestObject(obj)): Object 'Object Repository/Web RoomMe.id\RoomMe.id Landlord Page\Text Complete all the necessary document' is visible

2020-05-12 14:43:07 - [MESSAGE][PASSED] - Object 'Object Repository/Web RoomMe.id\RoomMe.id Landlord Page\Text Complete all the necessary document' is visible

2020-05-12 14:43:07 - [TEST_STEP][PASSED] - verifyElementVisible(findTestObject(obj)): Object 'Object Repository/Web RoomMe.id\RoomMe.id Landlord Page\Text Contract Agreement' is visible

2020-05-12 14:43:08 - [MESSAGE][PASSED] - Object 'Object Repository/Web RoomMe.id\RoomMe.id Landlord Page\Text Contract Agreement' is visible

2020-05-12 14:43:08 - [TEST_STEP][PASSED] - verifyElementVisible(findTestObject(obj)): Object 'Object Repository/Web RoomMe.id\RoomMe.id Landlord Page\Text Fill Out Our Form' is visible

2020-05-12 14:43:08 - [MESSAGE][PASSED] - Object 'Object Repository/Web RoomMe.id\RoomMe.id Landlord Page\Text Fill Out Our Form' is visible

2020-05-12 14:43:08 - [TEST_STEP][PASSED] - verifyElementVisible(findTestObject(obj)): Object 'Object Repository/Web RoomMe.id\RoomMe.id Landlord Page\Text Get Promoted' is visible

2020-05-12 14:43:10 - [MESSAGE][PASSED] - Object 'Object Repository/Web RoomMe.id\RoomMe.id Landlord Page\Text Get Promoted' is visible

2020-05-12 14:43:10 - [TEST_STEP][PASSED] - verifyElementVisible(findTestObject(obj)): Object 'Object Repository/Web RoomMe.id\RoomMe.id Landlord Page\Text List your property at RoomMe' is visible

2020-05-12 14:43:10 - [MESSAGE][PASSED] - Object 'Object Repository/Web RoomMe.id\RoomMe.id Landlord Page\Text List your property at RoomMe' is visible

2020-05-12 14:43:10 - [TEST_STEP][PASSED] - verifyElementVisible(findTestObject(obj)): Object 'Object Repository/Web RoomMe.id\RoomMe.id Landlord Page\Text Our staff will be in touch with you and schedule a site visit' is visible

2020-05-12 14:43:11 - [MESSAGE][PASSED] - Object 'Object Repository/Web RoomMe.id\RoomMe.id Landlord Page\Text Our staff will be in touch with you and schedule a site visit' is visible

2020-05-12 14:43:11 - [TEST_STEP][PASSED] - verifyElementVisible(findTestObject(obj)): Object 'Object Repository/Web RoomMe.id\RoomMe.id Landlord Page\Text Please share your contact info and we will share the details' is visible

2020-05-12 14:43:11 - [MESSAGE][PASSED] - Object 'Object Repository/Web RoomMe.id\RoomMe.id Landlord Page\Text Please share your contact info and we will share the details' is visible

2020-05-12 14:43:11 - [TEST_STEP][PASSED] - verifyElementVisible(findTestObject(obj)): Object 'Object Repository/Web RoomMe.id\RoomMe.id Landlord Page\Text Register Your Unit' is visible

2020-05-12 14:43:12 - [MESSAGE][PASSED] - Object 'Object Repository/Web RoomMe.id\RoomMe.id Landlord Page\Text Register Your Unit' is visible

2020-05-12 14:43:12 - [TEST_STEP][PASSED] - verifyElementVisible(findTestObject(obj)): Object 'Object Repository/Web RoomMe.id\RoomMe.id Landlord Page\Text Sit back Relax and Get Popular' is visible

2020-05-12 14:43:12 - [MESSAGE][PASSED] - Object 'Object Repository/Web RoomMe.id\RoomMe.id Landlord Page\Text Sit back Relax and Get Popular' is visible

2020-05-12 14:43:12 - [TEST_STEP][PASSED] - verifyElementVisible(findTestObject(obj)): Object 'Object Repository/Web RoomMe.id\RoomMe.id Landlord Page\Text Wait For Visit' is visible

2020-05-12 14:43:13 - [MESSAGE][PASSED] - Object 'Object Repository/Web RoomMe.id\RoomMe.id Landlord Page\Text Wait For Visit' is visible

2020-05-12 14:43:13 - [TEST_STEP][PASSED] - verifyElementVisible(findTestObject(obj)): Object 'Object Repository/Web RoomMe.id\RoomMe.id Landlord Page\Textfield Name' is visible

2020-05-12 14:43:13 - [MESSAGE][PASSED] - Object 'Object Repository/Web RoomMe.id\RoomMe.id Landlord Page\Textfield Name' is visible

2020-05-12 14:43:13 - [TEST_STEP][PASSED] - verifyElementVisible(findTestObject(obj)): Object 'Object Repository/Web RoomMe.id\RoomMe.id Landlord Page\Textfield Phone Number' is visible

2020-05-12 14:43:14 - [MESSAGE][PASSED] - Object 'Object Repository/Web RoomMe.id\RoomMe.id Landlord Page\Textfield Phone Number' is visible

2020-05-12 14:43:14 - [MESSAGE][PASSED] - Call Test Case 'Test Cases/Web RoomMe.id/7. Landlord/Verify Landlord Page' successfully

2020-05-12 14:43:14 - [MESSAGE][PASSED] - Call Test Case 'Test Cases/Web RoomMe.id/7. Landlord/1. Customer Access Landlord Page From Header' successfully

2020-05-12 14:43:14 - [TEST_STEP][PASSED] - waitForElementVisible(findTestObject("Web RoomMe.id/RoomMe.id Landlord Page/Textfield Name"), 0): Object 'Object Repository/Web RoomMe.id/RoomMe.id Landlord Page/Textfield Name' is visible

2020-05-12 14:43:14 - [MESSAGE][WARNING] - Timeout '0' is invalid. Using default page load timeout: '30'

2020-05-12 14:43:15 - [MESSAGE][PASSED] - Object 'Object Repository/Web RoomMe.id/RoomMe.id Landlord Page/Textfield Name' is visible

2020-05-12 14:43:15 - [TEST_STEP][PASSED] - sendKeys(findTestObject("Web RoomMe.id/RoomMe.id Landlord Page/Textfield Name"), "Faldi AT"): Keys 'Faldi AT' sent to object: 'Object Repository/Web RoomMe.id/RoomMe.id Landlord Page/Textfield Name'

2020-05-12 14:43:15 - [MESSAGE][PASSED] - Keys 'Faldi AT' sent to object: 'Object Repository/Web RoomMe.id/RoomMe.id Landlord Page/Textfield Name'

2020-05-12 14:43:15 - [TEST_STEP][PASSED] - waitForElementVisible(findTestObject("Web RoomMe.id/RoomMe.id Landlord Page/Textfield Phone Number"), 0): Object 'Object Repository/Web RoomMe.id/RoomMe.id Landlord Page/Textfield Phone Number' is visible

2020-05-12 14:43:15 - [MESSAGE][WARNING] - Timeout '0' is invalid. Using default page load timeout: '30'

2020-05-12 14:43:16 - [MESSAGE][PASSED] - Object 'Object Repository/Web RoomMe.id/RoomMe.id Landlord Page/Textfield Phone Number' is visible

2020-05-12 14:43:16 - [TEST_STEP][PASSED] - sendKeys(findTestObject("Web RoomMe.id/RoomMe.id Landlord Page/Textfield Phone Number"), "08123456789"): Keys '08123456789' sent to object: 'Object Repository/Web RoomMe.id/RoomMe.id Landlord Page/Textfield Phone Number'

2020-05-12 14:43:17 - [MESSAGE][PASSED] - Keys '08123456789' sent to object: 'Object Repository/Web RoomMe.id/RoomMe.id Landlord Page/Textfield Phone Number'

2020-05-12 14:43:17 - [TEST_STEP][PASSED] - click(findTestObject("Web RoomMe.id/RoomMe.id Landlord Page/Button Submit")): Object: 'Object Repository/Web RoomMe.id/RoomMe.id Landlord Page/Button Submit' is clicked on

2020-05-12 14:43:17 - [MESSAGE][PASSED] - Object: 'Object Repository/Web RoomMe.id/RoomMe.id Landlord Page/Button Submit' is clicked on

2020-05-12 14:43:17 - [TEST_STEP][PASSED] - waitForElementVisible(findTestObject("Web RoomMe.id/RoomMe.id Landlord Page/Success Message/Image Toast Success"), 0): Object 'Object Repository/Web RoomMe.id/RoomMe.id Landlord Page/Success Message/Image Toast Success' is visible

2020-05-12 14:43:17 - [MESSAGE][WARNING] - Timeout '0' is invalid. Using default page load timeout: '30'

2020-05-12 14:43:19 - [MESSAGE][PASSED] - Object 'Object Repository/Web RoomMe.id/RoomMe.id Landlord Page/Success Message/Image Toast Success' is visible

2020-05-12 14:43:19 - [TEST_STEP][PASSED] - waitForElementVisible(findTestObject("Web RoomMe.id/RoomMe.id Landlord Page/Success Message/Text We will contact you through phone call"), 0): Object 'Object Repository/Web RoomMe.id/RoomMe.id Landlord Page/Success Message/Text We will contact you through phone call' is visible

2020-05-12 14:43:19 - [MESSAGE][WARNING] - Timeout '0' is invalid. Using default page load timeout: '30'

2020-05-12 14:43:19 - [MESSAGE][PASSED] - Object 'Object Repository/Web RoomMe.id/RoomMe.id Landlord Page/Success Message/Text We will contact you through phone call' is visible]]></system-out>
         <system-err><![CDATA[]]></system-err>
      </testcase>
      <testcase name="Test Cases/Web RoomMe.id/7. Landlord/4. Input Your Name With Valid Data" time="27.458" classname="Test Cases/Web RoomMe.id/7. Landlord/4. Input Your Name With Valid Data" status="PASSED">
         <system-out><![CDATA[2020-05-12 14:43:19 - [TEST_CASE][PASSED] - Test Cases/Web RoomMe.id/7. Landlord/4. Input Your Name With Valid Data: Test Cases/Web RoomMe.id/7. Landlord/4. Input Your Name With Valid Data

2020-05-12 14:43:19 - [TEST_STEP][PASSED] - callTestCase(findTestCase("Web RoomMe.id/7. Landlord/1. Customer Access Landlord Page From Header"), [:], STOP_ON_FAILURE): Call Test Case 'Test Cases/Web RoomMe.id/7. Landlord/1. Customer Access Landlord Page From Header' successfully

2020-05-12 14:43:19 - [TEST_CASE][PASSED] - Test Cases/Web RoomMe.id/7. Landlord/1. Customer Access Landlord Page From Header: Test Cases/Web RoomMe.id/7. Landlord/1. Customer Access Landlord Page From Header

2020-05-12 14:43:19 - [TEST_STEP][PASSED] - callTestCase(findTestCase("Web RoomMe.id/1. Homepage/1. Customer Access RoomMe Page"), [:], STOP_ON_FAILURE): Call Test Case 'Test Cases/Web RoomMe.id/1. Homepage/1. Customer Access RoomMe Page' successfully

2020-05-12 14:43:20 - [TEST_CASE][PASSED] - Test Cases/Web RoomMe.id/1. Homepage/1. Customer Access RoomMe Page: Test Cases/Web RoomMe.id/1. Homepage/1. Customer Access RoomMe Page

2020-05-12 14:43:20 - [TEST_STEP][PASSED] - openBrowser("https://web.roomme.id/"): Browser is opened with url: 'https://web.roomme.id/'

2020-05-12 14:43:20 - [MESSAGE][WARNING] - A browser is already opened. Closing browser and opening a new one

2020-05-12 14:43:20 - [MESSAGE][INFO] - Starting 'Chrome' driver

2020-05-12 14:43:30 - [MESSAGE][PASSED] - Browser is opened with url: 'https://web.roomme.id/'

2020-05-12 14:43:30 - [TEST_STEP][PASSED] - maximizeWindow(): Current window maximized

2020-05-12 14:43:32 - [MESSAGE][PASSED] - Current window maximized

2020-05-12 14:43:32 - [TEST_STEP][PASSED] - waitForPageLoad(0): Wait for page load successfully

2020-05-12 14:43:32 - [MESSAGE][WARNING] - Timeout '0' is invalid. Using default page load timeout: '30'

2020-05-12 14:43:32 - [MESSAGE][PASSED] - Wait for page load successfully

2020-05-12 14:43:32 - [MESSAGE][PASSED] - Call Test Case 'Test Cases/Web RoomMe.id/1. Homepage/1. Customer Access RoomMe Page' successfully

2020-05-12 14:43:32 - [TEST_STEP][PASSED] - waitForElementVisible(findTestObject("Web RoomMe.id/RoomMe.id Header/Button Are You Landlord"), 30): Object 'Object Repository/Web RoomMe.id/RoomMe.id Header/Button Are You Landlord' is visible

2020-05-12 14:43:33 - [MESSAGE][PASSED] - Object 'Object Repository/Web RoomMe.id/RoomMe.id Header/Button Are You Landlord' is visible

2020-05-12 14:43:33 - [TEST_STEP][PASSED] - click(findTestObject("Web RoomMe.id/RoomMe.id Header/Button Are You Landlord")): Object: 'Object Repository/Web RoomMe.id/RoomMe.id Header/Button Are You Landlord' is clicked on

2020-05-12 14:43:35 - [MESSAGE][PASSED] - Object: 'Object Repository/Web RoomMe.id/RoomMe.id Header/Button Are You Landlord' is clicked on

2020-05-12 14:43:35 - [TEST_STEP][PASSED] - waitForPageLoad(0): Wait for page load successfully

2020-05-12 14:43:35 - [MESSAGE][WARNING] - Timeout '0' is invalid. Using default page load timeout: '30'

2020-05-12 14:43:35 - [MESSAGE][PASSED] - Wait for page load successfully

2020-05-12 14:43:35 - [TEST_STEP][PASSED] - waitForElementVisible(findTestObject("Web RoomMe.id/RoomMe.id Landlord Page/Image Landlord"), 30): Object 'Object Repository/Web RoomMe.id/RoomMe.id Landlord Page/Image Landlord' is visible

2020-05-12 14:43:36 - [MESSAGE][PASSED] - Object 'Object Repository/Web RoomMe.id/RoomMe.id Landlord Page/Image Landlord' is visible

2020-05-12 14:43:36 - [TEST_STEP][PASSED] - callTestCase(findTestCase("Web RoomMe.id/7. Landlord/Verify Landlord Page"), [:], STOP_ON_FAILURE): Call Test Case 'Test Cases/Web RoomMe.id/7. Landlord/Verify Landlord Page' successfully

2020-05-12 14:43:36 - [TEST_CASE][PASSED] - Test Cases/Web RoomMe.id/7. Landlord/Verify Landlord Page: Test Cases/Web RoomMe.id/7. Landlord/Verify Landlord Page

2020-05-12 14:43:36 - [TEST_STEP][PASSED] - objectSubFolder = "Web RoomMe.id\RoomMe.id Landlord Page\": null

2020-05-12 14:43:36 - [TEST_STEP][PASSED] - pathToObjRep = getProjectDir() + "\Object Repository\" + objectSubFolder: null

2020-05-12 14:43:36 - [TEST_STEP][PASSED] - yourObjects = new java.io.File(pathToObjRep): null

2020-05-12 14:43:36 - [TEST_STEP][PASSED] - fileNames = yourObjects.list(): null

2020-05-12 14:43:36 - [TEST_STEP][PASSED] - testObjects = new java.util.ArrayList(): null

2020-05-12 14:43:36 - [TEST_STEP][PASSED] - for ([i = 0, i < length, (i++)]): null

2020-05-12 14:43:36 - [TEST_STEP][PASSED] - if (fileNames[i].contains(".rs")): null

2020-05-12 14:43:36 - [TEST_STEP][PASSED] - if (fileNames[i].contains(".rs")): null

2020-05-12 14:43:36 - [TEST_STEP][PASSED] - fileNames[i] = fileNames[i].replace(".rs", ""): null

2020-05-12 14:43:36 - [TEST_STEP][PASSED] - testObjects.add(objectSubFolder + fileNames[i]): null

2020-05-12 14:43:36 - [TEST_STEP][PASSED] - if (fileNames[i].contains(".rs")): null

2020-05-12 14:43:36 - [TEST_STEP][PASSED] - if (fileNames[i].contains(".rs")): null

2020-05-12 14:43:36 - [TEST_STEP][PASSED] - fileNames[i] = fileNames[i].replace(".rs", ""): null

2020-05-12 14:43:36 - [TEST_STEP][PASSED] - testObjects.add(objectSubFolder + fileNames[i]): null

2020-05-12 14:43:36 - [TEST_STEP][PASSED] - if (fileNames[i].contains(".rs")): null

2020-05-12 14:43:36 - [TEST_STEP][PASSED] - if (fileNames[i].contains(".rs")): null

2020-05-12 14:43:36 - [TEST_STEP][PASSED] - fileNames[i] = fileNames[i].replace(".rs", ""): null

2020-05-12 14:43:36 - [TEST_STEP][PASSED] - testObjects.add(objectSubFolder + fileNames[i]): null

2020-05-12 14:43:36 - [TEST_STEP][PASSED] - if (fileNames[i].contains(".rs")): null

2020-05-12 14:43:36 - [TEST_STEP][PASSED] - fileNames[i] = fileNames[i].replace(".rs", ""): null

2020-05-12 14:43:36 - [TEST_STEP][PASSED] - testObjects.add(objectSubFolder + fileNames[i]): null

2020-05-12 14:43:36 - [TEST_STEP][PASSED] - if (fileNames[i].contains(".rs")): null

2020-05-12 14:43:36 - [TEST_STEP][PASSED] - fileNames[i] = fileNames[i].replace(".rs", ""): null

2020-05-12 14:43:36 - [TEST_STEP][PASSED] - testObjects.add(objectSubFolder + fileNames[i]): null

2020-05-12 14:43:36 - [TEST_STEP][PASSED] - if (fileNames[i].contains(".rs")): null

2020-05-12 14:43:36 - [TEST_STEP][PASSED] - fileNames[i] = fileNames[i].replace(".rs", ""): null

2020-05-12 14:43:36 - [TEST_STEP][PASSED] - testObjects.add(objectSubFolder + fileNames[i]): null

2020-05-12 14:43:36 - [TEST_STEP][PASSED] - if (fileNames[i].contains(".rs")): null

2020-05-12 14:43:36 - [TEST_STEP][PASSED] - fileNames[i] = fileNames[i].replace(".rs", ""): null

2020-05-12 14:43:36 - [TEST_STEP][PASSED] - testObjects.add(objectSubFolder + fileNames[i]): null

2020-05-12 14:43:36 - [TEST_STEP][PASSED] - if (fileNames[i].contains(".rs")): null

2020-05-12 14:43:36 - [TEST_STEP][PASSED] - fileNames[i] = fileNames[i].replace(".rs", ""): null

2020-05-12 14:43:36 - [TEST_STEP][PASSED] - testObjects.add(objectSubFolder + fileNames[i]): null

2020-05-12 14:43:36 - [TEST_STEP][PASSED] - if (fileNames[i].contains(".rs")): null

2020-05-12 14:43:36 - [TEST_STEP][PASSED] - fileNames[i] = fileNames[i].replace(".rs", ""): null

2020-05-12 14:43:36 - [TEST_STEP][PASSED] - testObjects.add(objectSubFolder + fileNames[i]): null

2020-05-12 14:43:36 - [TEST_STEP][PASSED] - if (fileNames[i].contains(".rs")): null

2020-05-12 14:43:36 - [TEST_STEP][PASSED] - fileNames[i] = fileNames[i].replace(".rs", ""): null

2020-05-12 14:43:36 - [TEST_STEP][PASSED] - testObjects.add(objectSubFolder + fileNames[i]): null

2020-05-12 14:43:36 - [TEST_STEP][PASSED] - if (fileNames[i].contains(".rs")): null

2020-05-12 14:43:36 - [TEST_STEP][PASSED] - fileNames[i] = fileNames[i].replace(".rs", ""): null

2020-05-12 14:43:36 - [TEST_STEP][PASSED] - testObjects.add(objectSubFolder + fileNames[i]): null

2020-05-12 14:43:36 - [TEST_STEP][PASSED] - if (fileNames[i].contains(".rs")): null

2020-05-12 14:43:36 - [TEST_STEP][PASSED] - fileNames[i] = fileNames[i].replace(".rs", ""): null

2020-05-12 14:43:36 - [TEST_STEP][PASSED] - testObjects.add(objectSubFolder + fileNames[i]): null

2020-05-12 14:43:36 - [TEST_STEP][PASSED] - if (fileNames[i].contains(".rs")): null

2020-05-12 14:43:36 - [TEST_STEP][PASSED] - fileNames[i] = fileNames[i].replace(".rs", ""): null

2020-05-12 14:43:36 - [TEST_STEP][PASSED] - testObjects.add(objectSubFolder + fileNames[i]): null

2020-05-12 14:43:36 - [TEST_STEP][PASSED] - if (fileNames[i].contains(".rs")): null

2020-05-12 14:43:36 - [TEST_STEP][PASSED] - fileNames[i] = fileNames[i].replace(".rs", ""): null

2020-05-12 14:43:36 - [TEST_STEP][PASSED] - testObjects.add(objectSubFolder + fileNames[i]): null

2020-05-12 14:43:36 - [TEST_STEP][PASSED] - if (fileNames[i].contains(".rs")): null

2020-05-12 14:43:36 - [TEST_STEP][PASSED] - fileNames[i] = fileNames[i].replace(".rs", ""): null

2020-05-12 14:43:36 - [TEST_STEP][PASSED] - testObjects.add(objectSubFolder + fileNames[i]): null

2020-05-12 14:43:36 - [TEST_STEP][PASSED] - for (String obj : testObjects): Object 'Object Repository/Web RoomMe.id\RoomMe.id Landlord Page\Textfield Phone Number' is visible

2020-05-12 14:43:36 - [TEST_STEP][PASSED] - verifyElementVisible(findTestObject(obj)): Object 'Object Repository/Web RoomMe.id\RoomMe.id Landlord Page\Button Submit' is visible

2020-05-12 14:43:37 - [MESSAGE][PASSED] - Object 'Object Repository/Web RoomMe.id\RoomMe.id Landlord Page\Button Submit' is visible

2020-05-12 14:43:37 - [TEST_STEP][PASSED] - verifyElementVisible(findTestObject(obj)): Object 'Object Repository/Web RoomMe.id\RoomMe.id Landlord Page\Image Landlord' is visible

2020-05-12 14:43:37 - [MESSAGE][PASSED] - Object 'Object Repository/Web RoomMe.id\RoomMe.id Landlord Page\Image Landlord' is visible

2020-05-12 14:43:37 - [TEST_STEP][PASSED] - verifyElementVisible(findTestObject(obj)): Object 'Object Repository/Web RoomMe.id\RoomMe.id Landlord Page\Text 4 Easy Steps to Become Landlord' is visible

2020-05-12 14:43:38 - [MESSAGE][PASSED] - Object 'Object Repository/Web RoomMe.id\RoomMe.id Landlord Page\Text 4 Easy Steps to Become Landlord' is visible

2020-05-12 14:43:38 - [TEST_STEP][PASSED] - verifyElementVisible(findTestObject(obj)): Object 'Object Repository/Web RoomMe.id\RoomMe.id Landlord Page\Text Complete all the necessary document' is visible

2020-05-12 14:43:38 - [MESSAGE][PASSED] - Object 'Object Repository/Web RoomMe.id\RoomMe.id Landlord Page\Text Complete all the necessary document' is visible

2020-05-12 14:43:38 - [TEST_STEP][PASSED] - verifyElementVisible(findTestObject(obj)): Object 'Object Repository/Web RoomMe.id\RoomMe.id Landlord Page\Text Contract Agreement' is visible

2020-05-12 14:43:39 - [MESSAGE][PASSED] - Object 'Object Repository/Web RoomMe.id\RoomMe.id Landlord Page\Text Contract Agreement' is visible

2020-05-12 14:43:39 - [TEST_STEP][PASSED] - verifyElementVisible(findTestObject(obj)): Object 'Object Repository/Web RoomMe.id\RoomMe.id Landlord Page\Text Fill Out Our Form' is visible

2020-05-12 14:43:39 - [MESSAGE][PASSED] - Object 'Object Repository/Web RoomMe.id\RoomMe.id Landlord Page\Text Fill Out Our Form' is visible

2020-05-12 14:43:39 - [TEST_STEP][PASSED] - verifyElementVisible(findTestObject(obj)): Object 'Object Repository/Web RoomMe.id\RoomMe.id Landlord Page\Text Get Promoted' is visible

2020-05-12 14:43:40 - [MESSAGE][PASSED] - Object 'Object Repository/Web RoomMe.id\RoomMe.id Landlord Page\Text Get Promoted' is visible

2020-05-12 14:43:40 - [TEST_STEP][PASSED] - verifyElementVisible(findTestObject(obj)): Object 'Object Repository/Web RoomMe.id\RoomMe.id Landlord Page\Text List your property at RoomMe' is visible

2020-05-12 14:43:40 - [MESSAGE][PASSED] - Object 'Object Repository/Web RoomMe.id\RoomMe.id Landlord Page\Text List your property at RoomMe' is visible

2020-05-12 14:43:40 - [TEST_STEP][PASSED] - verifyElementVisible(findTestObject(obj)): Object 'Object Repository/Web RoomMe.id\RoomMe.id Landlord Page\Text Our staff will be in touch with you and schedule a site visit' is visible

2020-05-12 14:43:41 - [MESSAGE][PASSED] - Object 'Object Repository/Web RoomMe.id\RoomMe.id Landlord Page\Text Our staff will be in touch with you and schedule a site visit' is visible

2020-05-12 14:43:41 - [TEST_STEP][PASSED] - verifyElementVisible(findTestObject(obj)): Object 'Object Repository/Web RoomMe.id\RoomMe.id Landlord Page\Text Please share your contact info and we will share the details' is visible

2020-05-12 14:43:41 - [MESSAGE][PASSED] - Object 'Object Repository/Web RoomMe.id\RoomMe.id Landlord Page\Text Please share your contact info and we will share the details' is visible

2020-05-12 14:43:41 - [TEST_STEP][PASSED] - verifyElementVisible(findTestObject(obj)): Object 'Object Repository/Web RoomMe.id\RoomMe.id Landlord Page\Text Register Your Unit' is visible

2020-05-12 14:43:42 - [MESSAGE][PASSED] - Object 'Object Repository/Web RoomMe.id\RoomMe.id Landlord Page\Text Register Your Unit' is visible

2020-05-12 14:43:42 - [TEST_STEP][PASSED] - verifyElementVisible(findTestObject(obj)): Object 'Object Repository/Web RoomMe.id\RoomMe.id Landlord Page\Text Sit back Relax and Get Popular' is visible

2020-05-12 14:43:42 - [MESSAGE][PASSED] - Object 'Object Repository/Web RoomMe.id\RoomMe.id Landlord Page\Text Sit back Relax and Get Popular' is visible

2020-05-12 14:43:42 - [TEST_STEP][PASSED] - verifyElementVisible(findTestObject(obj)): Object 'Object Repository/Web RoomMe.id\RoomMe.id Landlord Page\Text Wait For Visit' is visible

2020-05-12 14:43:42 - [MESSAGE][PASSED] - Object 'Object Repository/Web RoomMe.id\RoomMe.id Landlord Page\Text Wait For Visit' is visible

2020-05-12 14:43:42 - [TEST_STEP][PASSED] - verifyElementVisible(findTestObject(obj)): Object 'Object Repository/Web RoomMe.id\RoomMe.id Landlord Page\Textfield Name' is visible

2020-05-12 14:43:43 - [MESSAGE][PASSED] - Object 'Object Repository/Web RoomMe.id\RoomMe.id Landlord Page\Textfield Name' is visible

2020-05-12 14:43:43 - [TEST_STEP][PASSED] - verifyElementVisible(findTestObject(obj)): Object 'Object Repository/Web RoomMe.id\RoomMe.id Landlord Page\Textfield Phone Number' is visible

2020-05-12 14:43:43 - [MESSAGE][PASSED] - Object 'Object Repository/Web RoomMe.id\RoomMe.id Landlord Page\Textfield Phone Number' is visible

2020-05-12 14:43:43 - [MESSAGE][PASSED] - Call Test Case 'Test Cases/Web RoomMe.id/7. Landlord/Verify Landlord Page' successfully

2020-05-12 14:43:43 - [MESSAGE][PASSED] - Call Test Case 'Test Cases/Web RoomMe.id/7. Landlord/1. Customer Access Landlord Page From Header' successfully

2020-05-12 14:43:43 - [TEST_STEP][PASSED] - waitForElementVisible(findTestObject("Web RoomMe.id/RoomMe.id Landlord Page/Textfield Name"), 0): Object 'Object Repository/Web RoomMe.id/RoomMe.id Landlord Page/Textfield Name' is visible

2020-05-12 14:43:43 - [MESSAGE][WARNING] - Timeout '0' is invalid. Using default page load timeout: '30'

2020-05-12 14:43:44 - [MESSAGE][PASSED] - Object 'Object Repository/Web RoomMe.id/RoomMe.id Landlord Page/Textfield Name' is visible

2020-05-12 14:43:44 - [TEST_STEP][PASSED] - sendKeys(findTestObject("Web RoomMe.id/RoomMe.id Landlord Page/Textfield Name"), "Muhamad Faldi Taufik"): Keys 'Muhamad Faldi Taufik' sent to object: 'Object Repository/Web RoomMe.id/RoomMe.id Landlord Page/Textfield Name'

2020-05-12 14:43:45 - [MESSAGE][PASSED] - Keys 'Muhamad Faldi Taufik' sent to object: 'Object Repository/Web RoomMe.id/RoomMe.id Landlord Page/Textfield Name'

2020-05-12 14:43:45 - [TEST_STEP][PASSED] - sendKeys(findTestObject("Web RoomMe.id/RoomMe.id Landlord Page/Textfield Name"), Keys.chord(CONTROL, "a", BACK_SPACE)): Keys 'CONTROL + BACK_SPACE + a' sent to object: 'Object Repository/Web RoomMe.id/RoomMe.id Landlord Page/Textfield Name'

2020-05-12 14:43:45 - [MESSAGE][PASSED] - Keys 'CONTROL + BACK_SPACE + a' sent to object: 'Object Repository/Web RoomMe.id/RoomMe.id Landlord Page/Textfield Name'

2020-05-12 14:43:45 - [TEST_STEP][PASSED] - sendKeys(findTestObject("Web RoomMe.id/RoomMe.id Landlord Page/Textfield Name"), "ABCDEABCDEABCDEABCDEABCDEABCDEABCDEABCDEABCDEABCDE"): Keys 'ABCDEABCDEABCDEABCDEABCDEABCDEABCDEABCDEABCDEABCDE' sent to object: 'Object Repository/Web RoomMe.id/RoomMe.id Landlord Page/Textfield Name'

2020-05-12 14:43:46 - [MESSAGE][PASSED] - Keys 'ABCDEABCDEABCDEABCDEABCDEABCDEABCDEABCDEABCDEABCDE' sent to object: 'Object Repository/Web RoomMe.id/RoomMe.id Landlord Page/Textfield Name']]></system-out>
         <system-err><![CDATA[]]></system-err>
      </testcase>
      <testcase name="Test Cases/Web RoomMe.id/7. Landlord/5. Input Phone Number With Valid Data" time="27.805" classname="Test Cases/Web RoomMe.id/7. Landlord/5. Input Phone Number With Valid Data" status="PASSED">
         <system-out><![CDATA[2020-05-12 14:43:47 - [TEST_CASE][PASSED] - Test Cases/Web RoomMe.id/7. Landlord/5. Input Phone Number With Valid Data: Test Cases/Web RoomMe.id/7. Landlord/5. Input Phone Number With Valid Data

2020-05-12 14:43:47 - [TEST_STEP][PASSED] - callTestCase(findTestCase("Web RoomMe.id/7. Landlord/1. Customer Access Landlord Page From Header"), [:], STOP_ON_FAILURE): Call Test Case 'Test Cases/Web RoomMe.id/7. Landlord/1. Customer Access Landlord Page From Header' successfully

2020-05-12 14:43:47 - [TEST_CASE][PASSED] - Test Cases/Web RoomMe.id/7. Landlord/1. Customer Access Landlord Page From Header: Test Cases/Web RoomMe.id/7. Landlord/1. Customer Access Landlord Page From Header

2020-05-12 14:43:47 - [TEST_STEP][PASSED] - callTestCase(findTestCase("Web RoomMe.id/1. Homepage/1. Customer Access RoomMe Page"), [:], STOP_ON_FAILURE): Call Test Case 'Test Cases/Web RoomMe.id/1. Homepage/1. Customer Access RoomMe Page' successfully

2020-05-12 14:43:47 - [TEST_CASE][PASSED] - Test Cases/Web RoomMe.id/1. Homepage/1. Customer Access RoomMe Page: Test Cases/Web RoomMe.id/1. Homepage/1. Customer Access RoomMe Page

2020-05-12 14:43:47 - [TEST_STEP][PASSED] - openBrowser("https://web.roomme.id/"): Browser is opened with url: 'https://web.roomme.id/'

2020-05-12 14:43:47 - [MESSAGE][WARNING] - A browser is already opened. Closing browser and opening a new one

2020-05-12 14:43:48 - [MESSAGE][INFO] - Starting 'Chrome' driver

2020-05-12 14:43:58 - [MESSAGE][PASSED] - Browser is opened with url: 'https://web.roomme.id/'

2020-05-12 14:43:58 - [TEST_STEP][PASSED] - maximizeWindow(): Current window maximized

2020-05-12 14:44:01 - [MESSAGE][PASSED] - Current window maximized

2020-05-12 14:44:01 - [TEST_STEP][PASSED] - waitForPageLoad(0): Wait for page load successfully

2020-05-12 14:44:01 - [MESSAGE][WARNING] - Timeout '0' is invalid. Using default page load timeout: '30'

2020-05-12 14:44:01 - [MESSAGE][PASSED] - Wait for page load successfully

2020-05-12 14:44:01 - [MESSAGE][PASSED] - Call Test Case 'Test Cases/Web RoomMe.id/1. Homepage/1. Customer Access RoomMe Page' successfully

2020-05-12 14:44:01 - [TEST_STEP][PASSED] - waitForElementVisible(findTestObject("Web RoomMe.id/RoomMe.id Header/Button Are You Landlord"), 30): Object 'Object Repository/Web RoomMe.id/RoomMe.id Header/Button Are You Landlord' is visible

2020-05-12 14:44:01 - [MESSAGE][PASSED] - Object 'Object Repository/Web RoomMe.id/RoomMe.id Header/Button Are You Landlord' is visible

2020-05-12 14:44:01 - [TEST_STEP][PASSED] - click(findTestObject("Web RoomMe.id/RoomMe.id Header/Button Are You Landlord")): Object: 'Object Repository/Web RoomMe.id/RoomMe.id Header/Button Are You Landlord' is clicked on

2020-05-12 14:44:04 - [MESSAGE][PASSED] - Object: 'Object Repository/Web RoomMe.id/RoomMe.id Header/Button Are You Landlord' is clicked on

2020-05-12 14:44:04 - [TEST_STEP][PASSED] - waitForPageLoad(0): Wait for page load successfully

2020-05-12 14:44:04 - [MESSAGE][WARNING] - Timeout '0' is invalid. Using default page load timeout: '30'

2020-05-12 14:44:04 - [MESSAGE][PASSED] - Wait for page load successfully

2020-05-12 14:44:04 - [TEST_STEP][PASSED] - waitForElementVisible(findTestObject("Web RoomMe.id/RoomMe.id Landlord Page/Image Landlord"), 30): Object 'Object Repository/Web RoomMe.id/RoomMe.id Landlord Page/Image Landlord' is visible

2020-05-12 14:44:05 - [MESSAGE][PASSED] - Object 'Object Repository/Web RoomMe.id/RoomMe.id Landlord Page/Image Landlord' is visible

2020-05-12 14:44:05 - [TEST_STEP][PASSED] - callTestCase(findTestCase("Web RoomMe.id/7. Landlord/Verify Landlord Page"), [:], STOP_ON_FAILURE): Call Test Case 'Test Cases/Web RoomMe.id/7. Landlord/Verify Landlord Page' successfully

2020-05-12 14:44:05 - [TEST_CASE][PASSED] - Test Cases/Web RoomMe.id/7. Landlord/Verify Landlord Page: Test Cases/Web RoomMe.id/7. Landlord/Verify Landlord Page

2020-05-12 14:44:05 - [TEST_STEP][PASSED] - objectSubFolder = "Web RoomMe.id\RoomMe.id Landlord Page\": null

2020-05-12 14:44:05 - [TEST_STEP][PASSED] - pathToObjRep = getProjectDir() + "\Object Repository\" + objectSubFolder: null

2020-05-12 14:44:05 - [TEST_STEP][PASSED] - yourObjects = new java.io.File(pathToObjRep): null

2020-05-12 14:44:05 - [TEST_STEP][PASSED] - fileNames = yourObjects.list(): null

2020-05-12 14:44:05 - [TEST_STEP][PASSED] - testObjects = new java.util.ArrayList(): null

2020-05-12 14:44:05 - [TEST_STEP][PASSED] - for ([i = 0, i < length, (i++)]): null

2020-05-12 14:44:05 - [TEST_STEP][PASSED] - if (fileNames[i].contains(".rs")): null

2020-05-12 14:44:05 - [TEST_STEP][PASSED] - if (fileNames[i].contains(".rs")): null

2020-05-12 14:44:05 - [TEST_STEP][PASSED] - fileNames[i] = fileNames[i].replace(".rs", ""): null

2020-05-12 14:44:05 - [TEST_STEP][PASSED] - testObjects.add(objectSubFolder + fileNames[i]): null

2020-05-12 14:44:05 - [TEST_STEP][PASSED] - if (fileNames[i].contains(".rs")): null

2020-05-12 14:44:05 - [TEST_STEP][PASSED] - if (fileNames[i].contains(".rs")): null

2020-05-12 14:44:05 - [TEST_STEP][PASSED] - fileNames[i] = fileNames[i].replace(".rs", ""): null

2020-05-12 14:44:05 - [TEST_STEP][PASSED] - testObjects.add(objectSubFolder + fileNames[i]): null

2020-05-12 14:44:05 - [TEST_STEP][PASSED] - if (fileNames[i].contains(".rs")): null

2020-05-12 14:44:05 - [TEST_STEP][PASSED] - if (fileNames[i].contains(".rs")): null

2020-05-12 14:44:05 - [TEST_STEP][PASSED] - fileNames[i] = fileNames[i].replace(".rs", ""): null

2020-05-12 14:44:05 - [TEST_STEP][PASSED] - testObjects.add(objectSubFolder + fileNames[i]): null

2020-05-12 14:44:05 - [TEST_STEP][PASSED] - if (fileNames[i].contains(".rs")): null

2020-05-12 14:44:05 - [TEST_STEP][PASSED] - fileNames[i] = fileNames[i].replace(".rs", ""): null

2020-05-12 14:44:05 - [TEST_STEP][PASSED] - testObjects.add(objectSubFolder + fileNames[i]): null

2020-05-12 14:44:05 - [TEST_STEP][PASSED] - if (fileNames[i].contains(".rs")): null

2020-05-12 14:44:05 - [TEST_STEP][PASSED] - fileNames[i] = fileNames[i].replace(".rs", ""): null

2020-05-12 14:44:05 - [TEST_STEP][PASSED] - testObjects.add(objectSubFolder + fileNames[i]): null

2020-05-12 14:44:05 - [TEST_STEP][PASSED] - if (fileNames[i].contains(".rs")): null

2020-05-12 14:44:05 - [TEST_STEP][PASSED] - fileNames[i] = fileNames[i].replace(".rs", ""): null

2020-05-12 14:44:05 - [TEST_STEP][PASSED] - testObjects.add(objectSubFolder + fileNames[i]): null

2020-05-12 14:44:05 - [TEST_STEP][PASSED] - if (fileNames[i].contains(".rs")): null

2020-05-12 14:44:05 - [TEST_STEP][PASSED] - fileNames[i] = fileNames[i].replace(".rs", ""): null

2020-05-12 14:44:05 - [TEST_STEP][PASSED] - testObjects.add(objectSubFolder + fileNames[i]): null

2020-05-12 14:44:05 - [TEST_STEP][PASSED] - if (fileNames[i].contains(".rs")): null

2020-05-12 14:44:05 - [TEST_STEP][PASSED] - fileNames[i] = fileNames[i].replace(".rs", ""): null

2020-05-12 14:44:05 - [TEST_STEP][PASSED] - testObjects.add(objectSubFolder + fileNames[i]): null

2020-05-12 14:44:05 - [TEST_STEP][PASSED] - if (fileNames[i].contains(".rs")): null

2020-05-12 14:44:05 - [TEST_STEP][PASSED] - fileNames[i] = fileNames[i].replace(".rs", ""): null

2020-05-12 14:44:05 - [TEST_STEP][PASSED] - testObjects.add(objectSubFolder + fileNames[i]): null

2020-05-12 14:44:05 - [TEST_STEP][PASSED] - if (fileNames[i].contains(".rs")): null

2020-05-12 14:44:05 - [TEST_STEP][PASSED] - fileNames[i] = fileNames[i].replace(".rs", ""): null

2020-05-12 14:44:05 - [TEST_STEP][PASSED] - testObjects.add(objectSubFolder + fileNames[i]): null

2020-05-12 14:44:05 - [TEST_STEP][PASSED] - if (fileNames[i].contains(".rs")): null

2020-05-12 14:44:05 - [TEST_STEP][PASSED] - fileNames[i] = fileNames[i].replace(".rs", ""): null

2020-05-12 14:44:05 - [TEST_STEP][PASSED] - testObjects.add(objectSubFolder + fileNames[i]): null

2020-05-12 14:44:05 - [TEST_STEP][PASSED] - if (fileNames[i].contains(".rs")): null

2020-05-12 14:44:05 - [TEST_STEP][PASSED] - fileNames[i] = fileNames[i].replace(".rs", ""): null

2020-05-12 14:44:05 - [TEST_STEP][PASSED] - testObjects.add(objectSubFolder + fileNames[i]): null

2020-05-12 14:44:05 - [TEST_STEP][PASSED] - if (fileNames[i].contains(".rs")): null

2020-05-12 14:44:05 - [TEST_STEP][PASSED] - fileNames[i] = fileNames[i].replace(".rs", ""): null

2020-05-12 14:44:05 - [TEST_STEP][PASSED] - testObjects.add(objectSubFolder + fileNames[i]): null

2020-05-12 14:44:05 - [TEST_STEP][PASSED] - if (fileNames[i].contains(".rs")): null

2020-05-12 14:44:05 - [TEST_STEP][PASSED] - fileNames[i] = fileNames[i].replace(".rs", ""): null

2020-05-12 14:44:05 - [TEST_STEP][PASSED] - testObjects.add(objectSubFolder + fileNames[i]): null

2020-05-12 14:44:05 - [TEST_STEP][PASSED] - if (fileNames[i].contains(".rs")): null

2020-05-12 14:44:05 - [TEST_STEP][PASSED] - fileNames[i] = fileNames[i].replace(".rs", ""): null

2020-05-12 14:44:05 - [TEST_STEP][PASSED] - testObjects.add(objectSubFolder + fileNames[i]): null

2020-05-12 14:44:05 - [TEST_STEP][PASSED] - for (String obj : testObjects): Object 'Object Repository/Web RoomMe.id\RoomMe.id Landlord Page\Textfield Phone Number' is visible

2020-05-12 14:44:05 - [TEST_STEP][PASSED] - verifyElementVisible(findTestObject(obj)): Object 'Object Repository/Web RoomMe.id\RoomMe.id Landlord Page\Button Submit' is visible

2020-05-12 14:44:06 - [MESSAGE][PASSED] - Object 'Object Repository/Web RoomMe.id\RoomMe.id Landlord Page\Button Submit' is visible

2020-05-12 14:44:06 - [TEST_STEP][PASSED] - verifyElementVisible(findTestObject(obj)): Object 'Object Repository/Web RoomMe.id\RoomMe.id Landlord Page\Image Landlord' is visible

2020-05-12 14:44:06 - [MESSAGE][PASSED] - Object 'Object Repository/Web RoomMe.id\RoomMe.id Landlord Page\Image Landlord' is visible

2020-05-12 14:44:06 - [TEST_STEP][PASSED] - verifyElementVisible(findTestObject(obj)): Object 'Object Repository/Web RoomMe.id\RoomMe.id Landlord Page\Text 4 Easy Steps to Become Landlord' is visible

2020-05-12 14:44:06 - [MESSAGE][PASSED] - Object 'Object Repository/Web RoomMe.id\RoomMe.id Landlord Page\Text 4 Easy Steps to Become Landlord' is visible

2020-05-12 14:44:06 - [TEST_STEP][PASSED] - verifyElementVisible(findTestObject(obj)): Object 'Object Repository/Web RoomMe.id\RoomMe.id Landlord Page\Text Complete all the necessary document' is visible

2020-05-12 14:44:07 - [MESSAGE][PASSED] - Object 'Object Repository/Web RoomMe.id\RoomMe.id Landlord Page\Text Complete all the necessary document' is visible

2020-05-12 14:44:07 - [TEST_STEP][PASSED] - verifyElementVisible(findTestObject(obj)): Object 'Object Repository/Web RoomMe.id\RoomMe.id Landlord Page\Text Contract Agreement' is visible

2020-05-12 14:44:07 - [MESSAGE][PASSED] - Object 'Object Repository/Web RoomMe.id\RoomMe.id Landlord Page\Text Contract Agreement' is visible

2020-05-12 14:44:07 - [TEST_STEP][PASSED] - verifyElementVisible(findTestObject(obj)): Object 'Object Repository/Web RoomMe.id\RoomMe.id Landlord Page\Text Fill Out Our Form' is visible

2020-05-12 14:44:08 - [MESSAGE][PASSED] - Object 'Object Repository/Web RoomMe.id\RoomMe.id Landlord Page\Text Fill Out Our Form' is visible

2020-05-12 14:44:08 - [TEST_STEP][PASSED] - verifyElementVisible(findTestObject(obj)): Object 'Object Repository/Web RoomMe.id\RoomMe.id Landlord Page\Text Get Promoted' is visible

2020-05-12 14:44:09 - [MESSAGE][PASSED] - Object 'Object Repository/Web RoomMe.id\RoomMe.id Landlord Page\Text Get Promoted' is visible

2020-05-12 14:44:09 - [TEST_STEP][PASSED] - verifyElementVisible(findTestObject(obj)): Object 'Object Repository/Web RoomMe.id\RoomMe.id Landlord Page\Text List your property at RoomMe' is visible

2020-05-12 14:44:09 - [MESSAGE][PASSED] - Object 'Object Repository/Web RoomMe.id\RoomMe.id Landlord Page\Text List your property at RoomMe' is visible

2020-05-12 14:44:09 - [TEST_STEP][PASSED] - verifyElementVisible(findTestObject(obj)): Object 'Object Repository/Web RoomMe.id\RoomMe.id Landlord Page\Text Our staff will be in touch with you and schedule a site visit' is visible

2020-05-12 14:44:10 - [MESSAGE][PASSED] - Object 'Object Repository/Web RoomMe.id\RoomMe.id Landlord Page\Text Our staff will be in touch with you and schedule a site visit' is visible

2020-05-12 14:44:10 - [TEST_STEP][PASSED] - verifyElementVisible(findTestObject(obj)): Object 'Object Repository/Web RoomMe.id\RoomMe.id Landlord Page\Text Please share your contact info and we will share the details' is visible

2020-05-12 14:44:10 - [MESSAGE][PASSED] - Object 'Object Repository/Web RoomMe.id\RoomMe.id Landlord Page\Text Please share your contact info and we will share the details' is visible

2020-05-12 14:44:10 - [TEST_STEP][PASSED] - verifyElementVisible(findTestObject(obj)): Object 'Object Repository/Web RoomMe.id\RoomMe.id Landlord Page\Text Register Your Unit' is visible

2020-05-12 14:44:10 - [MESSAGE][PASSED] - Object 'Object Repository/Web RoomMe.id\RoomMe.id Landlord Page\Text Register Your Unit' is visible

2020-05-12 14:44:10 - [TEST_STEP][PASSED] - verifyElementVisible(findTestObject(obj)): Object 'Object Repository/Web RoomMe.id\RoomMe.id Landlord Page\Text Sit back Relax and Get Popular' is visible

2020-05-12 14:44:11 - [MESSAGE][PASSED] - Object 'Object Repository/Web RoomMe.id\RoomMe.id Landlord Page\Text Sit back Relax and Get Popular' is visible

2020-05-12 14:44:11 - [TEST_STEP][PASSED] - verifyElementVisible(findTestObject(obj)): Object 'Object Repository/Web RoomMe.id\RoomMe.id Landlord Page\Text Wait For Visit' is visible

2020-05-12 14:44:11 - [MESSAGE][PASSED] - Object 'Object Repository/Web RoomMe.id\RoomMe.id Landlord Page\Text Wait For Visit' is visible

2020-05-12 14:44:11 - [TEST_STEP][PASSED] - verifyElementVisible(findTestObject(obj)): Object 'Object Repository/Web RoomMe.id\RoomMe.id Landlord Page\Textfield Name' is visible

2020-05-12 14:44:12 - [MESSAGE][PASSED] - Object 'Object Repository/Web RoomMe.id\RoomMe.id Landlord Page\Textfield Name' is visible

2020-05-12 14:44:12 - [TEST_STEP][PASSED] - verifyElementVisible(findTestObject(obj)): Object 'Object Repository/Web RoomMe.id\RoomMe.id Landlord Page\Textfield Phone Number' is visible

2020-05-12 14:44:12 - [MESSAGE][PASSED] - Object 'Object Repository/Web RoomMe.id\RoomMe.id Landlord Page\Textfield Phone Number' is visible

2020-05-12 14:44:12 - [MESSAGE][PASSED] - Call Test Case 'Test Cases/Web RoomMe.id/7. Landlord/Verify Landlord Page' successfully

2020-05-12 14:44:12 - [MESSAGE][PASSED] - Call Test Case 'Test Cases/Web RoomMe.id/7. Landlord/1. Customer Access Landlord Page From Header' successfully

2020-05-12 14:44:12 - [TEST_STEP][PASSED] - waitForElementVisible(findTestObject("Web RoomMe.id/RoomMe.id Landlord Page/Textfield Phone Number"), 0): Object 'Object Repository/Web RoomMe.id/RoomMe.id Landlord Page/Textfield Phone Number' is visible

2020-05-12 14:44:12 - [MESSAGE][WARNING] - Timeout '0' is invalid. Using default page load timeout: '30'

2020-05-12 14:44:13 - [MESSAGE][PASSED] - Object 'Object Repository/Web RoomMe.id/RoomMe.id Landlord Page/Textfield Phone Number' is visible

2020-05-12 14:44:13 - [TEST_STEP][PASSED] - sendKeys(findTestObject("Web RoomMe.id/RoomMe.id Landlord Page/Textfield Phone Number"), "1234567890"): Keys '1234567890' sent to object: 'Object Repository/Web RoomMe.id/RoomMe.id Landlord Page/Textfield Phone Number'

2020-05-12 14:44:13 - [MESSAGE][PASSED] - Keys '1234567890' sent to object: 'Object Repository/Web RoomMe.id/RoomMe.id Landlord Page/Textfield Phone Number'

2020-05-12 14:44:13 - [TEST_STEP][PASSED] - sendKeys(findTestObject("Web RoomMe.id/RoomMe.id Landlord Page/Textfield Phone Number"), Keys.chord(CONTROL, "a", BACK_SPACE)): Keys 'CONTROL + BACK_SPACE + a' sent to object: 'Object Repository/Web RoomMe.id/RoomMe.id Landlord Page/Textfield Phone Number'

2020-05-12 14:44:14 - [MESSAGE][PASSED] - Keys 'CONTROL + BACK_SPACE + a' sent to object: 'Object Repository/Web RoomMe.id/RoomMe.id Landlord Page/Textfield Phone Number'

2020-05-12 14:44:14 - [TEST_STEP][PASSED] - sendKeys(findTestObject("Web RoomMe.id/RoomMe.id Landlord Page/Textfield Phone Number"), "0812345678901"): Keys '0812345678901' sent to object: 'Object Repository/Web RoomMe.id/RoomMe.id Landlord Page/Textfield Phone Number'

2020-05-12 14:44:14 - [MESSAGE][PASSED] - Keys '0812345678901' sent to object: 'Object Repository/Web RoomMe.id/RoomMe.id Landlord Page/Textfield Phone Number']]></system-out>
         <system-err><![CDATA[]]></system-err>
      </testcase>
      <testcase name="Test Cases/Web RoomMe.id/7. Landlord/6. Customer Input Your Name With Invalid Data" time="33.053" classname="Test Cases/Web RoomMe.id/7. Landlord/6. Customer Input Your Name With Invalid Data" status="PASSED">
         <system-out><![CDATA[2020-05-12 14:44:14 - [TEST_CASE][PASSED] - Test Cases/Web RoomMe.id/7. Landlord/6. Customer Input Your Name With Invalid Data: Test Cases/Web RoomMe.id/7. Landlord/6. Customer Input Your Name With Invalid Data

2020-05-12 14:44:15 - [TEST_STEP][PASSED] - callTestCase(findTestCase("Web RoomMe.id/7. Landlord/1. Customer Access Landlord Page From Header"), [:], STOP_ON_FAILURE): Call Test Case 'Test Cases/Web RoomMe.id/7. Landlord/1. Customer Access Landlord Page From Header' successfully

2020-05-12 14:44:15 - [TEST_CASE][PASSED] - Test Cases/Web RoomMe.id/7. Landlord/1. Customer Access Landlord Page From Header: Test Cases/Web RoomMe.id/7. Landlord/1. Customer Access Landlord Page From Header

2020-05-12 14:44:15 - [TEST_STEP][PASSED] - callTestCase(findTestCase("Web RoomMe.id/1. Homepage/1. Customer Access RoomMe Page"), [:], STOP_ON_FAILURE): Call Test Case 'Test Cases/Web RoomMe.id/1. Homepage/1. Customer Access RoomMe Page' successfully

2020-05-12 14:44:15 - [TEST_CASE][PASSED] - Test Cases/Web RoomMe.id/1. Homepage/1. Customer Access RoomMe Page: Test Cases/Web RoomMe.id/1. Homepage/1. Customer Access RoomMe Page

2020-05-12 14:44:15 - [TEST_STEP][PASSED] - openBrowser("https://web.roomme.id/"): Browser is opened with url: 'https://web.roomme.id/'

2020-05-12 14:44:15 - [MESSAGE][WARNING] - A browser is already opened. Closing browser and opening a new one

2020-05-12 14:44:16 - [MESSAGE][INFO] - Starting 'Chrome' driver

2020-05-12 14:44:26 - [MESSAGE][PASSED] - Browser is opened with url: 'https://web.roomme.id/'

2020-05-12 14:44:26 - [TEST_STEP][PASSED] - maximizeWindow(): Current window maximized

2020-05-12 14:44:29 - [MESSAGE][PASSED] - Current window maximized

2020-05-12 14:44:29 - [TEST_STEP][PASSED] - waitForPageLoad(0): Wait for page load successfully

2020-05-12 14:44:29 - [MESSAGE][WARNING] - Timeout '0' is invalid. Using default page load timeout: '30'

2020-05-12 14:44:29 - [MESSAGE][PASSED] - Wait for page load successfully

2020-05-12 14:44:29 - [MESSAGE][PASSED] - Call Test Case 'Test Cases/Web RoomMe.id/1. Homepage/1. Customer Access RoomMe Page' successfully

2020-05-12 14:44:29 - [TEST_STEP][PASSED] - waitForElementVisible(findTestObject("Web RoomMe.id/RoomMe.id Header/Button Are You Landlord"), 30): Object 'Object Repository/Web RoomMe.id/RoomMe.id Header/Button Are You Landlord' is visible

2020-05-12 14:44:29 - [MESSAGE][PASSED] - Object 'Object Repository/Web RoomMe.id/RoomMe.id Header/Button Are You Landlord' is visible

2020-05-12 14:44:29 - [TEST_STEP][PASSED] - click(findTestObject("Web RoomMe.id/RoomMe.id Header/Button Are You Landlord")): Object: 'Object Repository/Web RoomMe.id/RoomMe.id Header/Button Are You Landlord' is clicked on

2020-05-12 14:44:32 - [MESSAGE][PASSED] - Object: 'Object Repository/Web RoomMe.id/RoomMe.id Header/Button Are You Landlord' is clicked on

2020-05-12 14:44:32 - [TEST_STEP][PASSED] - waitForPageLoad(0): Wait for page load successfully

2020-05-12 14:44:32 - [MESSAGE][WARNING] - Timeout '0' is invalid. Using default page load timeout: '30'

2020-05-12 14:44:32 - [MESSAGE][PASSED] - Wait for page load successfully

2020-05-12 14:44:32 - [TEST_STEP][PASSED] - waitForElementVisible(findTestObject("Web RoomMe.id/RoomMe.id Landlord Page/Image Landlord"), 30): Object 'Object Repository/Web RoomMe.id/RoomMe.id Landlord Page/Image Landlord' is visible

2020-05-12 14:44:33 - [MESSAGE][PASSED] - Object 'Object Repository/Web RoomMe.id/RoomMe.id Landlord Page/Image Landlord' is visible

2020-05-12 14:44:33 - [TEST_STEP][PASSED] - callTestCase(findTestCase("Web RoomMe.id/7. Landlord/Verify Landlord Page"), [:], STOP_ON_FAILURE): Call Test Case 'Test Cases/Web RoomMe.id/7. Landlord/Verify Landlord Page' successfully

2020-05-12 14:44:33 - [TEST_CASE][PASSED] - Test Cases/Web RoomMe.id/7. Landlord/Verify Landlord Page: Test Cases/Web RoomMe.id/7. Landlord/Verify Landlord Page

2020-05-12 14:44:33 - [TEST_STEP][PASSED] - objectSubFolder = "Web RoomMe.id\RoomMe.id Landlord Page\": null

2020-05-12 14:44:33 - [TEST_STEP][PASSED] - pathToObjRep = getProjectDir() + "\Object Repository\" + objectSubFolder: null

2020-05-12 14:44:33 - [TEST_STEP][PASSED] - yourObjects = new java.io.File(pathToObjRep): null

2020-05-12 14:44:33 - [TEST_STEP][PASSED] - fileNames = yourObjects.list(): null

2020-05-12 14:44:33 - [TEST_STEP][PASSED] - testObjects = new java.util.ArrayList(): null

2020-05-12 14:44:33 - [TEST_STEP][PASSED] - for ([i = 0, i < length, (i++)]): null

2020-05-12 14:44:33 - [TEST_STEP][PASSED] - if (fileNames[i].contains(".rs")): null

2020-05-12 14:44:33 - [TEST_STEP][PASSED] - if (fileNames[i].contains(".rs")): null

2020-05-12 14:44:33 - [TEST_STEP][PASSED] - fileNames[i] = fileNames[i].replace(".rs", ""): null

2020-05-12 14:44:33 - [TEST_STEP][PASSED] - testObjects.add(objectSubFolder + fileNames[i]): null

2020-05-12 14:44:33 - [TEST_STEP][PASSED] - if (fileNames[i].contains(".rs")): null

2020-05-12 14:44:33 - [TEST_STEP][PASSED] - if (fileNames[i].contains(".rs")): null

2020-05-12 14:44:33 - [TEST_STEP][PASSED] - fileNames[i] = fileNames[i].replace(".rs", ""): null

2020-05-12 14:44:33 - [TEST_STEP][PASSED] - testObjects.add(objectSubFolder + fileNames[i]): null

2020-05-12 14:44:33 - [TEST_STEP][PASSED] - if (fileNames[i].contains(".rs")): null

2020-05-12 14:44:33 - [TEST_STEP][PASSED] - if (fileNames[i].contains(".rs")): null

2020-05-12 14:44:33 - [TEST_STEP][PASSED] - fileNames[i] = fileNames[i].replace(".rs", ""): null

2020-05-12 14:44:33 - [TEST_STEP][PASSED] - testObjects.add(objectSubFolder + fileNames[i]): null

2020-05-12 14:44:33 - [TEST_STEP][PASSED] - if (fileNames[i].contains(".rs")): null

2020-05-12 14:44:33 - [TEST_STEP][PASSED] - fileNames[i] = fileNames[i].replace(".rs", ""): null

2020-05-12 14:44:33 - [TEST_STEP][PASSED] - testObjects.add(objectSubFolder + fileNames[i]): null

2020-05-12 14:44:33 - [TEST_STEP][PASSED] - if (fileNames[i].contains(".rs")): null

2020-05-12 14:44:33 - [TEST_STEP][PASSED] - fileNames[i] = fileNames[i].replace(".rs", ""): null

2020-05-12 14:44:33 - [TEST_STEP][PASSED] - testObjects.add(objectSubFolder + fileNames[i]): null

2020-05-12 14:44:33 - [TEST_STEP][PASSED] - if (fileNames[i].contains(".rs")): null

2020-05-12 14:44:33 - [TEST_STEP][PASSED] - fileNames[i] = fileNames[i].replace(".rs", ""): null

2020-05-12 14:44:33 - [TEST_STEP][PASSED] - testObjects.add(objectSubFolder + fileNames[i]): null

2020-05-12 14:44:33 - [TEST_STEP][PASSED] - if (fileNames[i].contains(".rs")): null

2020-05-12 14:44:33 - [TEST_STEP][PASSED] - fileNames[i] = fileNames[i].replace(".rs", ""): null

2020-05-12 14:44:33 - [TEST_STEP][PASSED] - testObjects.add(objectSubFolder + fileNames[i]): null

2020-05-12 14:44:33 - [TEST_STEP][PASSED] - if (fileNames[i].contains(".rs")): null

2020-05-12 14:44:33 - [TEST_STEP][PASSED] - fileNames[i] = fileNames[i].replace(".rs", ""): null

2020-05-12 14:44:33 - [TEST_STEP][PASSED] - testObjects.add(objectSubFolder + fileNames[i]): null

2020-05-12 14:44:33 - [TEST_STEP][PASSED] - if (fileNames[i].contains(".rs")): null

2020-05-12 14:44:33 - [TEST_STEP][PASSED] - fileNames[i] = fileNames[i].replace(".rs", ""): null

2020-05-12 14:44:33 - [TEST_STEP][PASSED] - testObjects.add(objectSubFolder + fileNames[i]): null

2020-05-12 14:44:33 - [TEST_STEP][PASSED] - if (fileNames[i].contains(".rs")): null

2020-05-12 14:44:33 - [TEST_STEP][PASSED] - fileNames[i] = fileNames[i].replace(".rs", ""): null

2020-05-12 14:44:33 - [TEST_STEP][PASSED] - testObjects.add(objectSubFolder + fileNames[i]): null

2020-05-12 14:44:33 - [TEST_STEP][PASSED] - if (fileNames[i].contains(".rs")): null

2020-05-12 14:44:33 - [TEST_STEP][PASSED] - fileNames[i] = fileNames[i].replace(".rs", ""): null

2020-05-12 14:44:33 - [TEST_STEP][PASSED] - testObjects.add(objectSubFolder + fileNames[i]): null

2020-05-12 14:44:33 - [TEST_STEP][PASSED] - if (fileNames[i].contains(".rs")): null

2020-05-12 14:44:33 - [TEST_STEP][PASSED] - fileNames[i] = fileNames[i].replace(".rs", ""): null

2020-05-12 14:44:33 - [TEST_STEP][PASSED] - testObjects.add(objectSubFolder + fileNames[i]): null

2020-05-12 14:44:33 - [TEST_STEP][PASSED] - if (fileNames[i].contains(".rs")): null

2020-05-12 14:44:33 - [TEST_STEP][PASSED] - fileNames[i] = fileNames[i].replace(".rs", ""): null

2020-05-12 14:44:33 - [TEST_STEP][PASSED] - testObjects.add(objectSubFolder + fileNames[i]): null

2020-05-12 14:44:33 - [TEST_STEP][PASSED] - if (fileNames[i].contains(".rs")): null

2020-05-12 14:44:33 - [TEST_STEP][PASSED] - fileNames[i] = fileNames[i].replace(".rs", ""): null

2020-05-12 14:44:33 - [TEST_STEP][PASSED] - testObjects.add(objectSubFolder + fileNames[i]): null

2020-05-12 14:44:33 - [TEST_STEP][PASSED] - if (fileNames[i].contains(".rs")): null

2020-05-12 14:44:33 - [TEST_STEP][PASSED] - fileNames[i] = fileNames[i].replace(".rs", ""): null

2020-05-12 14:44:33 - [TEST_STEP][PASSED] - testObjects.add(objectSubFolder + fileNames[i]): null

2020-05-12 14:44:33 - [TEST_STEP][PASSED] - for (String obj : testObjects): Object 'Object Repository/Web RoomMe.id\RoomMe.id Landlord Page\Textfield Phone Number' is visible

2020-05-12 14:44:33 - [TEST_STEP][PASSED] - verifyElementVisible(findTestObject(obj)): Object 'Object Repository/Web RoomMe.id\RoomMe.id Landlord Page\Button Submit' is visible

2020-05-12 14:44:33 - [MESSAGE][PASSED] - Object 'Object Repository/Web RoomMe.id\RoomMe.id Landlord Page\Button Submit' is visible

2020-05-12 14:44:33 - [TEST_STEP][PASSED] - verifyElementVisible(findTestObject(obj)): Object 'Object Repository/Web RoomMe.id\RoomMe.id Landlord Page\Image Landlord' is visible

2020-05-12 14:44:34 - [MESSAGE][PASSED] - Object 'Object Repository/Web RoomMe.id\RoomMe.id Landlord Page\Image Landlord' is visible

2020-05-12 14:44:34 - [TEST_STEP][PASSED] - verifyElementVisible(findTestObject(obj)): Object 'Object Repository/Web RoomMe.id\RoomMe.id Landlord Page\Text 4 Easy Steps to Become Landlord' is visible

2020-05-12 14:44:35 - [MESSAGE][PASSED] - Object 'Object Repository/Web RoomMe.id\RoomMe.id Landlord Page\Text 4 Easy Steps to Become Landlord' is visible

2020-05-12 14:44:35 - [TEST_STEP][PASSED] - verifyElementVisible(findTestObject(obj)): Object 'Object Repository/Web RoomMe.id\RoomMe.id Landlord Page\Text Complete all the necessary document' is visible

2020-05-12 14:44:35 - [MESSAGE][PASSED] - Object 'Object Repository/Web RoomMe.id\RoomMe.id Landlord Page\Text Complete all the necessary document' is visible

2020-05-12 14:44:35 - [TEST_STEP][PASSED] - verifyElementVisible(findTestObject(obj)): Object 'Object Repository/Web RoomMe.id\RoomMe.id Landlord Page\Text Contract Agreement' is visible

2020-05-12 14:44:35 - [MESSAGE][PASSED] - Object 'Object Repository/Web RoomMe.id\RoomMe.id Landlord Page\Text Contract Agreement' is visible

2020-05-12 14:44:35 - [TEST_STEP][PASSED] - verifyElementVisible(findTestObject(obj)): Object 'Object Repository/Web RoomMe.id\RoomMe.id Landlord Page\Text Fill Out Our Form' is visible

2020-05-12 14:44:36 - [MESSAGE][PASSED] - Object 'Object Repository/Web RoomMe.id\RoomMe.id Landlord Page\Text Fill Out Our Form' is visible

2020-05-12 14:44:36 - [TEST_STEP][PASSED] - verifyElementVisible(findTestObject(obj)): Object 'Object Repository/Web RoomMe.id\RoomMe.id Landlord Page\Text Get Promoted' is visible

2020-05-12 14:44:36 - [MESSAGE][PASSED] - Object 'Object Repository/Web RoomMe.id\RoomMe.id Landlord Page\Text Get Promoted' is visible

2020-05-12 14:44:36 - [TEST_STEP][PASSED] - verifyElementVisible(findTestObject(obj)): Object 'Object Repository/Web RoomMe.id\RoomMe.id Landlord Page\Text List your property at RoomMe' is visible

2020-05-12 14:44:37 - [MESSAGE][PASSED] - Object 'Object Repository/Web RoomMe.id\RoomMe.id Landlord Page\Text List your property at RoomMe' is visible

2020-05-12 14:44:37 - [TEST_STEP][PASSED] - verifyElementVisible(findTestObject(obj)): Object 'Object Repository/Web RoomMe.id\RoomMe.id Landlord Page\Text Our staff will be in touch with you and schedule a site visit' is visible

2020-05-12 14:44:37 - [MESSAGE][PASSED] - Object 'Object Repository/Web RoomMe.id\RoomMe.id Landlord Page\Text Our staff will be in touch with you and schedule a site visit' is visible

2020-05-12 14:44:37 - [TEST_STEP][PASSED] - verifyElementVisible(findTestObject(obj)): Object 'Object Repository/Web RoomMe.id\RoomMe.id Landlord Page\Text Please share your contact info and we will share the details' is visible

2020-05-12 14:44:37 - [MESSAGE][PASSED] - Object 'Object Repository/Web RoomMe.id\RoomMe.id Landlord Page\Text Please share your contact info and we will share the details' is visible

2020-05-12 14:44:37 - [TEST_STEP][PASSED] - verifyElementVisible(findTestObject(obj)): Object 'Object Repository/Web RoomMe.id\RoomMe.id Landlord Page\Text Register Your Unit' is visible

2020-05-12 14:44:38 - [MESSAGE][PASSED] - Object 'Object Repository/Web RoomMe.id\RoomMe.id Landlord Page\Text Register Your Unit' is visible

2020-05-12 14:44:38 - [TEST_STEP][PASSED] - verifyElementVisible(findTestObject(obj)): Object 'Object Repository/Web RoomMe.id\RoomMe.id Landlord Page\Text Sit back Relax and Get Popular' is visible

2020-05-12 14:44:38 - [MESSAGE][PASSED] - Object 'Object Repository/Web RoomMe.id\RoomMe.id Landlord Page\Text Sit back Relax and Get Popular' is visible

2020-05-12 14:44:38 - [TEST_STEP][PASSED] - verifyElementVisible(findTestObject(obj)): Object 'Object Repository/Web RoomMe.id\RoomMe.id Landlord Page\Text Wait For Visit' is visible

2020-05-12 14:44:38 - [MESSAGE][PASSED] - Object 'Object Repository/Web RoomMe.id\RoomMe.id Landlord Page\Text Wait For Visit' is visible

2020-05-12 14:44:38 - [TEST_STEP][PASSED] - verifyElementVisible(findTestObject(obj)): Object 'Object Repository/Web RoomMe.id\RoomMe.id Landlord Page\Textfield Name' is visible

2020-05-12 14:44:39 - [MESSAGE][PASSED] - Object 'Object Repository/Web RoomMe.id\RoomMe.id Landlord Page\Textfield Name' is visible

2020-05-12 14:44:39 - [TEST_STEP][PASSED] - verifyElementVisible(findTestObject(obj)): Object 'Object Repository/Web RoomMe.id\RoomMe.id Landlord Page\Textfield Phone Number' is visible

2020-05-12 14:44:39 - [MESSAGE][PASSED] - Object 'Object Repository/Web RoomMe.id\RoomMe.id Landlord Page\Textfield Phone Number' is visible

2020-05-12 14:44:39 - [MESSAGE][PASSED] - Call Test Case 'Test Cases/Web RoomMe.id/7. Landlord/Verify Landlord Page' successfully

2020-05-12 14:44:39 - [MESSAGE][PASSED] - Call Test Case 'Test Cases/Web RoomMe.id/7. Landlord/1. Customer Access Landlord Page From Header' successfully

2020-05-12 14:44:39 - [TEST_STEP][PASSED] - waitForElementVisible(findTestObject("Web RoomMe.id/RoomMe.id Landlord Page/Textfield Name"), 0): Object 'Object Repository/Web RoomMe.id/RoomMe.id Landlord Page/Textfield Name' is visible

2020-05-12 14:44:39 - [MESSAGE][WARNING] - Timeout '0' is invalid. Using default page load timeout: '30'

2020-05-12 14:44:40 - [MESSAGE][PASSED] - Object 'Object Repository/Web RoomMe.id/RoomMe.id Landlord Page/Textfield Name' is visible

2020-05-12 14:44:40 - [TEST_STEP][PASSED] - sendKeys(findTestObject("Web RoomMe.id/RoomMe.id Landlord Page/Textfield Name"), "ab"): Keys 'ab' sent to object: 'Object Repository/Web RoomMe.id/RoomMe.id Landlord Page/Textfield Name'

2020-05-12 14:44:40 - [MESSAGE][PASSED] - Keys 'ab' sent to object: 'Object Repository/Web RoomMe.id/RoomMe.id Landlord Page/Textfield Name'

2020-05-12 14:44:40 - [TEST_STEP][PASSED] - waitForElementVisible(findTestObject("Web RoomMe.id/RoomMe.id Landlord Page/Error Message/Text At least input 3 characters long"), 0): Object 'Object Repository/Web RoomMe.id/RoomMe.id Landlord Page/Error Message/Text At least input 3 characters long' is visible

2020-05-12 14:44:40 - [MESSAGE][WARNING] - Timeout '0' is invalid. Using default page load timeout: '30'

2020-05-12 14:44:41 - [MESSAGE][PASSED] - Object 'Object Repository/Web RoomMe.id/RoomMe.id Landlord Page/Error Message/Text At least input 3 characters long' is visible

2020-05-12 14:44:41 - [TEST_STEP][PASSED] - sendKeys(findTestObject("Web RoomMe.id/RoomMe.id Landlord Page/Textfield Name"), Keys.chord(CONTROL, "a", BACK_SPACE)): Keys 'CONTROL + BACK_SPACE + a' sent to object: 'Object Repository/Web RoomMe.id/RoomMe.id Landlord Page/Textfield Name'

2020-05-12 14:44:41 - [MESSAGE][PASSED] - Keys 'CONTROL + BACK_SPACE + a' sent to object: 'Object Repository/Web RoomMe.id/RoomMe.id Landlord Page/Textfield Name'

2020-05-12 14:44:41 - [TEST_STEP][PASSED] - sendKeys(findTestObject("Web RoomMe.id/RoomMe.id Landlord Page/Textfield Name"), "ab1"): Keys 'ab1' sent to object: 'Object Repository/Web RoomMe.id/RoomMe.id Landlord Page/Textfield Name'

2020-05-12 14:44:42 - [MESSAGE][PASSED] - Keys 'ab1' sent to object: 'Object Repository/Web RoomMe.id/RoomMe.id Landlord Page/Textfield Name'

2020-05-12 14:44:42 - [TEST_STEP][PASSED] - waitForElementVisible(findTestObject("Web RoomMe.id/RoomMe.id Landlord Page/Error Message/Text Your name seems to contain incorrect characters"), 0): Object 'Object Repository/Web RoomMe.id/RoomMe.id Landlord Page/Error Message/Text Your name seems to contain incorrect characters' is visible

2020-05-12 14:44:42 - [MESSAGE][WARNING] - Timeout '0' is invalid. Using default page load timeout: '30'

2020-05-12 14:44:43 - [MESSAGE][PASSED] - Object 'Object Repository/Web RoomMe.id/RoomMe.id Landlord Page/Error Message/Text Your name seems to contain incorrect characters' is visible

2020-05-12 14:44:43 - [TEST_STEP][PASSED] - sendKeys(findTestObject("Web RoomMe.id/RoomMe.id Landlord Page/Textfield Name"), Keys.chord(CONTROL, "a", BACK_SPACE)): Keys 'CONTROL + BACK_SPACE + a' sent to object: 'Object Repository/Web RoomMe.id/RoomMe.id Landlord Page/Textfield Name'

2020-05-12 14:44:43 - [MESSAGE][PASSED] - Keys 'CONTROL + BACK_SPACE + a' sent to object: 'Object Repository/Web RoomMe.id/RoomMe.id Landlord Page/Textfield Name'

2020-05-12 14:44:43 - [TEST_STEP][PASSED] - sendKeys(findTestObject("Web RoomMe.id/RoomMe.id Landlord Page/Textfield Name"), "faldi "): Keys 'faldi ' sent to object: 'Object Repository/Web RoomMe.id/RoomMe.id Landlord Page/Textfield Name'

2020-05-12 14:44:44 - [MESSAGE][PASSED] - Keys 'faldi ' sent to object: 'Object Repository/Web RoomMe.id/RoomMe.id Landlord Page/Textfield Name'

2020-05-12 14:44:44 - [TEST_STEP][PASSED] - waitForElementVisible(findTestObject("Web RoomMe.id/RoomMe.id Landlord Page/Error Message/Text Your name seems to contain incorrect characters"), 0): Object 'Object Repository/Web RoomMe.id/RoomMe.id Landlord Page/Error Message/Text Your name seems to contain incorrect characters' is visible

2020-05-12 14:44:44 - [MESSAGE][WARNING] - Timeout '0' is invalid. Using default page load timeout: '30'

2020-05-12 14:44:44 - [MESSAGE][PASSED] - Object 'Object Repository/Web RoomMe.id/RoomMe.id Landlord Page/Error Message/Text Your name seems to contain incorrect characters' is visible

2020-05-12 14:44:44 - [TEST_STEP][PASSED] - sendKeys(findTestObject("Web RoomMe.id/RoomMe.id Landlord Page/Textfield Name"), Keys.chord(CONTROL, "a", BACK_SPACE)): Keys 'CONTROL + BACK_SPACE + a' sent to object: 'Object Repository/Web RoomMe.id/RoomMe.id Landlord Page/Textfield Name'

2020-05-12 14:44:45 - [MESSAGE][PASSED] - Keys 'CONTROL + BACK_SPACE + a' sent to object: 'Object Repository/Web RoomMe.id/RoomMe.id Landlord Page/Textfield Name'

2020-05-12 14:44:45 - [TEST_STEP][PASSED] - sendKeys(findTestObject("Web RoomMe.id/RoomMe.id Landlord Page/Textfield Name"), "ABCDEABCDEABCDEABCDEABCDEABCDEABCDEABCDEABCDEABCDEa"): Keys 'ABCDEABCDEABCDEABCDEABCDEABCDEABCDEABCDEABCDEABCDEa' sent to object: 'Object Repository/Web RoomMe.id/RoomMe.id Landlord Page/Textfield Name'

2020-05-12 14:44:46 - [MESSAGE][PASSED] - Keys 'ABCDEABCDEABCDEABCDEABCDEABCDEABCDEABCDEABCDEABCDEa' sent to object: 'Object Repository/Web RoomMe.id/RoomMe.id Landlord Page/Textfield Name'

2020-05-12 14:44:46 - [TEST_STEP][PASSED] - waitForElementVisible(findTestObject("Web RoomMe.id/RoomMe.id Landlord Page/Error Message/Text Maximum input 50 characters long"), 0): Object 'Object Repository/Web RoomMe.id/RoomMe.id Landlord Page/Error Message/Text Maximum input 50 characters long' is visible

2020-05-12 14:44:46 - [MESSAGE][WARNING] - Timeout '0' is invalid. Using default page load timeout: '30'

2020-05-12 14:44:47 - [MESSAGE][PASSED] - Object 'Object Repository/Web RoomMe.id/RoomMe.id Landlord Page/Error Message/Text Maximum input 50 characters long' is visible

2020-05-12 14:44:47 - [TEST_STEP][PASSED] - sendKeys(findTestObject("Web RoomMe.id/RoomMe.id Landlord Page/Textfield Name"), Keys.chord(CONTROL, "a", BACK_SPACE)): Keys 'CONTROL + BACK_SPACE + a' sent to object: 'Object Repository/Web RoomMe.id/RoomMe.id Landlord Page/Textfield Name'

2020-05-12 14:44:47 - [MESSAGE][PASSED] - Keys 'CONTROL + BACK_SPACE + a' sent to object: 'Object Repository/Web RoomMe.id/RoomMe.id Landlord Page/Textfield Name'

2020-05-12 14:44:47 - [TEST_STEP][PASSED] - waitForElementVisible(findTestObject("Web RoomMe.id/RoomMe.id Landlord Page/Error Message/Text Name is required"), 0): Object 'Object Repository/Web RoomMe.id/RoomMe.id Landlord Page/Error Message/Text Name is required' is visible

2020-05-12 14:44:47 - [MESSAGE][WARNING] - Timeout '0' is invalid. Using default page load timeout: '30'

2020-05-12 14:44:47 - [MESSAGE][PASSED] - Object 'Object Repository/Web RoomMe.id/RoomMe.id Landlord Page/Error Message/Text Name is required' is visible]]></system-out>
         <system-err><![CDATA[]]></system-err>
      </testcase>
      <testcase name="Test Cases/Web RoomMe.id/7. Landlord/7. Customer Input Phone Number With Invalid Data" time="28.425" classname="Test Cases/Web RoomMe.id/7. Landlord/7. Customer Input Phone Number With Invalid Data" status="PASSED">
         <system-out><![CDATA[2020-05-12 14:44:47 - [TEST_CASE][PASSED] - Test Cases/Web RoomMe.id/7. Landlord/7. Customer Input Phone Number With Invalid Data: Test Cases/Web RoomMe.id/7. Landlord/7. Customer Input Phone Number With Invalid Data

2020-05-12 14:44:48 - [TEST_STEP][PASSED] - callTestCase(findTestCase("Web RoomMe.id/7. Landlord/1. Customer Access Landlord Page From Header"), [:], STOP_ON_FAILURE): Call Test Case 'Test Cases/Web RoomMe.id/7. Landlord/1. Customer Access Landlord Page From Header' successfully

2020-05-12 14:44:48 - [TEST_CASE][PASSED] - Test Cases/Web RoomMe.id/7. Landlord/1. Customer Access Landlord Page From Header: Test Cases/Web RoomMe.id/7. Landlord/1. Customer Access Landlord Page From Header

2020-05-12 14:44:48 - [TEST_STEP][PASSED] - callTestCase(findTestCase("Web RoomMe.id/1. Homepage/1. Customer Access RoomMe Page"), [:], STOP_ON_FAILURE): Call Test Case 'Test Cases/Web RoomMe.id/1. Homepage/1. Customer Access RoomMe Page' successfully

2020-05-12 14:44:48 - [TEST_CASE][PASSED] - Test Cases/Web RoomMe.id/1. Homepage/1. Customer Access RoomMe Page: Test Cases/Web RoomMe.id/1. Homepage/1. Customer Access RoomMe Page

2020-05-12 14:44:48 - [TEST_STEP][PASSED] - openBrowser("https://web.roomme.id/"): Browser is opened with url: 'https://web.roomme.id/'

2020-05-12 14:44:48 - [MESSAGE][WARNING] - A browser is already opened. Closing browser and opening a new one

2020-05-12 14:44:49 - [MESSAGE][INFO] - Starting 'Chrome' driver

2020-05-12 14:44:57 - [MESSAGE][PASSED] - Browser is opened with url: 'https://web.roomme.id/'

2020-05-12 14:44:57 - [TEST_STEP][PASSED] - maximizeWindow(): Current window maximized

2020-05-12 14:45:00 - [MESSAGE][PASSED] - Current window maximized

2020-05-12 14:45:00 - [TEST_STEP][PASSED] - waitForPageLoad(0): Wait for page load successfully

2020-05-12 14:45:00 - [MESSAGE][WARNING] - Timeout '0' is invalid. Using default page load timeout: '30'

2020-05-12 14:45:00 - [MESSAGE][PASSED] - Wait for page load successfully

2020-05-12 14:45:00 - [MESSAGE][PASSED] - Call Test Case 'Test Cases/Web RoomMe.id/1. Homepage/1. Customer Access RoomMe Page' successfully

2020-05-12 14:45:00 - [TEST_STEP][PASSED] - waitForElementVisible(findTestObject("Web RoomMe.id/RoomMe.id Header/Button Are You Landlord"), 30): Object 'Object Repository/Web RoomMe.id/RoomMe.id Header/Button Are You Landlord' is visible

2020-05-12 14:45:01 - [MESSAGE][PASSED] - Object 'Object Repository/Web RoomMe.id/RoomMe.id Header/Button Are You Landlord' is visible

2020-05-12 14:45:01 - [TEST_STEP][PASSED] - click(findTestObject("Web RoomMe.id/RoomMe.id Header/Button Are You Landlord")): Object: 'Object Repository/Web RoomMe.id/RoomMe.id Header/Button Are You Landlord' is clicked on

2020-05-12 14:45:05 - [MESSAGE][PASSED] - Object: 'Object Repository/Web RoomMe.id/RoomMe.id Header/Button Are You Landlord' is clicked on

2020-05-12 14:45:05 - [TEST_STEP][PASSED] - waitForPageLoad(0): Wait for page load successfully

2020-05-12 14:45:05 - [MESSAGE][WARNING] - Timeout '0' is invalid. Using default page load timeout: '30'

2020-05-12 14:45:05 - [MESSAGE][PASSED] - Wait for page load successfully

2020-05-12 14:45:05 - [TEST_STEP][PASSED] - waitForElementVisible(findTestObject("Web RoomMe.id/RoomMe.id Landlord Page/Image Landlord"), 30): Object 'Object Repository/Web RoomMe.id/RoomMe.id Landlord Page/Image Landlord' is visible

2020-05-12 14:45:05 - [MESSAGE][PASSED] - Object 'Object Repository/Web RoomMe.id/RoomMe.id Landlord Page/Image Landlord' is visible

2020-05-12 14:45:05 - [TEST_STEP][PASSED] - callTestCase(findTestCase("Web RoomMe.id/7. Landlord/Verify Landlord Page"), [:], STOP_ON_FAILURE): Call Test Case 'Test Cases/Web RoomMe.id/7. Landlord/Verify Landlord Page' successfully

2020-05-12 14:45:05 - [TEST_CASE][PASSED] - Test Cases/Web RoomMe.id/7. Landlord/Verify Landlord Page: Test Cases/Web RoomMe.id/7. Landlord/Verify Landlord Page

2020-05-12 14:45:05 - [TEST_STEP][PASSED] - objectSubFolder = "Web RoomMe.id\RoomMe.id Landlord Page\": null

2020-05-12 14:45:05 - [TEST_STEP][PASSED] - pathToObjRep = getProjectDir() + "\Object Repository\" + objectSubFolder: null

2020-05-12 14:45:05 - [TEST_STEP][PASSED] - yourObjects = new java.io.File(pathToObjRep): null

2020-05-12 14:45:05 - [TEST_STEP][PASSED] - fileNames = yourObjects.list(): null

2020-05-12 14:45:05 - [TEST_STEP][PASSED] - testObjects = new java.util.ArrayList(): null

2020-05-12 14:45:05 - [TEST_STEP][PASSED] - for ([i = 0, i < length, (i++)]): null

2020-05-12 14:45:05 - [TEST_STEP][PASSED] - if (fileNames[i].contains(".rs")): null

2020-05-12 14:45:05 - [TEST_STEP][PASSED] - if (fileNames[i].contains(".rs")): null

2020-05-12 14:45:05 - [TEST_STEP][PASSED] - fileNames[i] = fileNames[i].replace(".rs", ""): null

2020-05-12 14:45:05 - [TEST_STEP][PASSED] - testObjects.add(objectSubFolder + fileNames[i]): null

2020-05-12 14:45:05 - [TEST_STEP][PASSED] - if (fileNames[i].contains(".rs")): null

2020-05-12 14:45:05 - [TEST_STEP][PASSED] - if (fileNames[i].contains(".rs")): null

2020-05-12 14:45:05 - [TEST_STEP][PASSED] - fileNames[i] = fileNames[i].replace(".rs", ""): null

2020-05-12 14:45:05 - [TEST_STEP][PASSED] - testObjects.add(objectSubFolder + fileNames[i]): null

2020-05-12 14:45:05 - [TEST_STEP][PASSED] - if (fileNames[i].contains(".rs")): null

2020-05-12 14:45:05 - [TEST_STEP][PASSED] - if (fileNames[i].contains(".rs")): null

2020-05-12 14:45:05 - [TEST_STEP][PASSED] - fileNames[i] = fileNames[i].replace(".rs", ""): null

2020-05-12 14:45:05 - [TEST_STEP][PASSED] - testObjects.add(objectSubFolder + fileNames[i]): null

2020-05-12 14:45:05 - [TEST_STEP][PASSED] - if (fileNames[i].contains(".rs")): null

2020-05-12 14:45:05 - [TEST_STEP][PASSED] - fileNames[i] = fileNames[i].replace(".rs", ""): null

2020-05-12 14:45:05 - [TEST_STEP][PASSED] - testObjects.add(objectSubFolder + fileNames[i]): null

2020-05-12 14:45:05 - [TEST_STEP][PASSED] - if (fileNames[i].contains(".rs")): null

2020-05-12 14:45:05 - [TEST_STEP][PASSED] - fileNames[i] = fileNames[i].replace(".rs", ""): null

2020-05-12 14:45:05 - [TEST_STEP][PASSED] - testObjects.add(objectSubFolder + fileNames[i]): null

2020-05-12 14:45:05 - [TEST_STEP][PASSED] - if (fileNames[i].contains(".rs")): null

2020-05-12 14:45:05 - [TEST_STEP][PASSED] - fileNames[i] = fileNames[i].replace(".rs", ""): null

2020-05-12 14:45:05 - [TEST_STEP][PASSED] - testObjects.add(objectSubFolder + fileNames[i]): null

2020-05-12 14:45:05 - [TEST_STEP][PASSED] - if (fileNames[i].contains(".rs")): null

2020-05-12 14:45:05 - [TEST_STEP][PASSED] - fileNames[i] = fileNames[i].replace(".rs", ""): null

2020-05-12 14:45:05 - [TEST_STEP][PASSED] - testObjects.add(objectSubFolder + fileNames[i]): null

2020-05-12 14:45:05 - [TEST_STEP][PASSED] - if (fileNames[i].contains(".rs")): null

2020-05-12 14:45:05 - [TEST_STEP][PASSED] - fileNames[i] = fileNames[i].replace(".rs", ""): null

2020-05-12 14:45:05 - [TEST_STEP][PASSED] - testObjects.add(objectSubFolder + fileNames[i]): null

2020-05-12 14:45:05 - [TEST_STEP][PASSED] - if (fileNames[i].contains(".rs")): null

2020-05-12 14:45:05 - [TEST_STEP][PASSED] - fileNames[i] = fileNames[i].replace(".rs", ""): null

2020-05-12 14:45:05 - [TEST_STEP][PASSED] - testObjects.add(objectSubFolder + fileNames[i]): null

2020-05-12 14:45:05 - [TEST_STEP][PASSED] - if (fileNames[i].contains(".rs")): null

2020-05-12 14:45:05 - [TEST_STEP][PASSED] - fileNames[i] = fileNames[i].replace(".rs", ""): null

2020-05-12 14:45:05 - [TEST_STEP][PASSED] - testObjects.add(objectSubFolder + fileNames[i]): null

2020-05-12 14:45:05 - [TEST_STEP][PASSED] - if (fileNames[i].contains(".rs")): null

2020-05-12 14:45:05 - [TEST_STEP][PASSED] - fileNames[i] = fileNames[i].replace(".rs", ""): null

2020-05-12 14:45:05 - [TEST_STEP][PASSED] - testObjects.add(objectSubFolder + fileNames[i]): null

2020-05-12 14:45:05 - [TEST_STEP][PASSED] - if (fileNames[i].contains(".rs")): null

2020-05-12 14:45:05 - [TEST_STEP][PASSED] - fileNames[i] = fileNames[i].replace(".rs", ""): null

2020-05-12 14:45:05 - [TEST_STEP][PASSED] - testObjects.add(objectSubFolder + fileNames[i]): null

2020-05-12 14:45:05 - [TEST_STEP][PASSED] - if (fileNames[i].contains(".rs")): null

2020-05-12 14:45:05 - [TEST_STEP][PASSED] - fileNames[i] = fileNames[i].replace(".rs", ""): null

2020-05-12 14:45:05 - [TEST_STEP][PASSED] - testObjects.add(objectSubFolder + fileNames[i]): null

2020-05-12 14:45:05 - [TEST_STEP][PASSED] - if (fileNames[i].contains(".rs")): null

2020-05-12 14:45:05 - [TEST_STEP][PASSED] - fileNames[i] = fileNames[i].replace(".rs", ""): null

2020-05-12 14:45:05 - [TEST_STEP][PASSED] - testObjects.add(objectSubFolder + fileNames[i]): null

2020-05-12 14:45:05 - [TEST_STEP][PASSED] - if (fileNames[i].contains(".rs")): null

2020-05-12 14:45:05 - [TEST_STEP][PASSED] - fileNames[i] = fileNames[i].replace(".rs", ""): null

2020-05-12 14:45:05 - [TEST_STEP][PASSED] - testObjects.add(objectSubFolder + fileNames[i]): null

2020-05-12 14:45:05 - [TEST_STEP][PASSED] - for (String obj : testObjects): Object 'Object Repository/Web RoomMe.id\RoomMe.id Landlord Page\Textfield Phone Number' is visible

2020-05-12 14:45:05 - [TEST_STEP][PASSED] - verifyElementVisible(findTestObject(obj)): Object 'Object Repository/Web RoomMe.id\RoomMe.id Landlord Page\Button Submit' is visible

2020-05-12 14:45:06 - [MESSAGE][PASSED] - Object 'Object Repository/Web RoomMe.id\RoomMe.id Landlord Page\Button Submit' is visible

2020-05-12 14:45:06 - [TEST_STEP][PASSED] - verifyElementVisible(findTestObject(obj)): Object 'Object Repository/Web RoomMe.id\RoomMe.id Landlord Page\Image Landlord' is visible

2020-05-12 14:45:07 - [MESSAGE][PASSED] - Object 'Object Repository/Web RoomMe.id\RoomMe.id Landlord Page\Image Landlord' is visible

2020-05-12 14:45:07 - [TEST_STEP][PASSED] - verifyElementVisible(findTestObject(obj)): Object 'Object Repository/Web RoomMe.id\RoomMe.id Landlord Page\Text 4 Easy Steps to Become Landlord' is visible

2020-05-12 14:45:07 - [MESSAGE][PASSED] - Object 'Object Repository/Web RoomMe.id\RoomMe.id Landlord Page\Text 4 Easy Steps to Become Landlord' is visible

2020-05-12 14:45:07 - [TEST_STEP][PASSED] - verifyElementVisible(findTestObject(obj)): Object 'Object Repository/Web RoomMe.id\RoomMe.id Landlord Page\Text Complete all the necessary document' is visible

2020-05-12 14:45:07 - [MESSAGE][PASSED] - Object 'Object Repository/Web RoomMe.id\RoomMe.id Landlord Page\Text Complete all the necessary document' is visible

2020-05-12 14:45:07 - [TEST_STEP][PASSED] - verifyElementVisible(findTestObject(obj)): Object 'Object Repository/Web RoomMe.id\RoomMe.id Landlord Page\Text Contract Agreement' is visible

2020-05-12 14:45:08 - [MESSAGE][PASSED] - Object 'Object Repository/Web RoomMe.id\RoomMe.id Landlord Page\Text Contract Agreement' is visible

2020-05-12 14:45:08 - [TEST_STEP][PASSED] - verifyElementVisible(findTestObject(obj)): Object 'Object Repository/Web RoomMe.id\RoomMe.id Landlord Page\Text Fill Out Our Form' is visible

2020-05-12 14:45:08 - [MESSAGE][PASSED] - Object 'Object Repository/Web RoomMe.id\RoomMe.id Landlord Page\Text Fill Out Our Form' is visible

2020-05-12 14:45:08 - [TEST_STEP][PASSED] - verifyElementVisible(findTestObject(obj)): Object 'Object Repository/Web RoomMe.id\RoomMe.id Landlord Page\Text Get Promoted' is visible

2020-05-12 14:45:08 - [MESSAGE][PASSED] - Object 'Object Repository/Web RoomMe.id\RoomMe.id Landlord Page\Text Get Promoted' is visible

2020-05-12 14:45:08 - [TEST_STEP][PASSED] - verifyElementVisible(findTestObject(obj)): Object 'Object Repository/Web RoomMe.id\RoomMe.id Landlord Page\Text List your property at RoomMe' is visible

2020-05-12 14:45:09 - [MESSAGE][PASSED] - Object 'Object Repository/Web RoomMe.id\RoomMe.id Landlord Page\Text List your property at RoomMe' is visible

2020-05-12 14:45:09 - [TEST_STEP][PASSED] - verifyElementVisible(findTestObject(obj)): Object 'Object Repository/Web RoomMe.id\RoomMe.id Landlord Page\Text Our staff will be in touch with you and schedule a site visit' is visible

2020-05-12 14:45:09 - [MESSAGE][PASSED] - Object 'Object Repository/Web RoomMe.id\RoomMe.id Landlord Page\Text Our staff will be in touch with you and schedule a site visit' is visible

2020-05-12 14:45:09 - [TEST_STEP][PASSED] - verifyElementVisible(findTestObject(obj)): Object 'Object Repository/Web RoomMe.id\RoomMe.id Landlord Page\Text Please share your contact info and we will share the details' is visible

2020-05-12 14:45:10 - [MESSAGE][PASSED] - Object 'Object Repository/Web RoomMe.id\RoomMe.id Landlord Page\Text Please share your contact info and we will share the details' is visible

2020-05-12 14:45:10 - [TEST_STEP][PASSED] - verifyElementVisible(findTestObject(obj)): Object 'Object Repository/Web RoomMe.id\RoomMe.id Landlord Page\Text Register Your Unit' is visible

2020-05-12 14:45:10 - [MESSAGE][PASSED] - Object 'Object Repository/Web RoomMe.id\RoomMe.id Landlord Page\Text Register Your Unit' is visible

2020-05-12 14:45:10 - [TEST_STEP][PASSED] - verifyElementVisible(findTestObject(obj)): Object 'Object Repository/Web RoomMe.id\RoomMe.id Landlord Page\Text Sit back Relax and Get Popular' is visible

2020-05-12 14:45:11 - [MESSAGE][PASSED] - Object 'Object Repository/Web RoomMe.id\RoomMe.id Landlord Page\Text Sit back Relax and Get Popular' is visible

2020-05-12 14:45:11 - [TEST_STEP][PASSED] - verifyElementVisible(findTestObject(obj)): Object 'Object Repository/Web RoomMe.id\RoomMe.id Landlord Page\Text Wait For Visit' is visible

2020-05-12 14:45:11 - [MESSAGE][PASSED] - Object 'Object Repository/Web RoomMe.id\RoomMe.id Landlord Page\Text Wait For Visit' is visible

2020-05-12 14:45:11 - [TEST_STEP][PASSED] - verifyElementVisible(findTestObject(obj)): Object 'Object Repository/Web RoomMe.id\RoomMe.id Landlord Page\Textfield Name' is visible

2020-05-12 14:45:11 - [MESSAGE][PASSED] - Object 'Object Repository/Web RoomMe.id\RoomMe.id Landlord Page\Textfield Name' is visible

2020-05-12 14:45:11 - [TEST_STEP][PASSED] - verifyElementVisible(findTestObject(obj)): Object 'Object Repository/Web RoomMe.id\RoomMe.id Landlord Page\Textfield Phone Number' is visible

2020-05-12 14:45:12 - [MESSAGE][PASSED] - Object 'Object Repository/Web RoomMe.id\RoomMe.id Landlord Page\Textfield Phone Number' is visible

2020-05-12 14:45:12 - [MESSAGE][PASSED] - Call Test Case 'Test Cases/Web RoomMe.id/7. Landlord/Verify Landlord Page' successfully

2020-05-12 14:45:12 - [MESSAGE][PASSED] - Call Test Case 'Test Cases/Web RoomMe.id/7. Landlord/1. Customer Access Landlord Page From Header' successfully

2020-05-12 14:45:12 - [TEST_STEP][PASSED] - waitForElementVisible(findTestObject("Web RoomMe.id/RoomMe.id Landlord Page/Textfield Phone Number"), 0): Object 'Object Repository/Web RoomMe.id/RoomMe.id Landlord Page/Textfield Phone Number' is visible

2020-05-12 14:45:12 - [MESSAGE][WARNING] - Timeout '0' is invalid. Using default page load timeout: '30'

2020-05-12 14:45:12 - [MESSAGE][PASSED] - Object 'Object Repository/Web RoomMe.id/RoomMe.id Landlord Page/Textfield Phone Number' is visible

2020-05-12 14:45:12 - [TEST_STEP][PASSED] - sendKeys(findTestObject("Web RoomMe.id/RoomMe.id Landlord Page/Textfield Phone Number"), "123"): Keys '123' sent to object: 'Object Repository/Web RoomMe.id/RoomMe.id Landlord Page/Textfield Phone Number'

2020-05-12 14:45:13 - [MESSAGE][PASSED] - Keys '123' sent to object: 'Object Repository/Web RoomMe.id/RoomMe.id Landlord Page/Textfield Phone Number'

2020-05-12 14:45:13 - [TEST_STEP][PASSED] - waitForElementVisible(findTestObject("Web RoomMe.id/RoomMe.id Landlord Page/Error Message/Text Mobile number contains at least 10 Digits"), 0): Object 'Object Repository/Web RoomMe.id/RoomMe.id Landlord Page/Error Message/Text Mobile number contains at least 10 Digits' is visible

2020-05-12 14:45:13 - [MESSAGE][WARNING] - Timeout '0' is invalid. Using default page load timeout: '30'

2020-05-12 14:45:13 - [MESSAGE][PASSED] - Object 'Object Repository/Web RoomMe.id/RoomMe.id Landlord Page/Error Message/Text Mobile number contains at least 10 Digits' is visible

2020-05-12 14:45:13 - [TEST_STEP][PASSED] - sendKeys(findTestObject("Web RoomMe.id/RoomMe.id Landlord Page/Textfield Phone Number"), Keys.chord(CONTROL, "a", BACK_SPACE)): Keys 'CONTROL + BACK_SPACE + a' sent to object: 'Object Repository/Web RoomMe.id/RoomMe.id Landlord Page/Textfield Phone Number'

2020-05-12 14:45:14 - [MESSAGE][PASSED] - Keys 'CONTROL + BACK_SPACE + a' sent to object: 'Object Repository/Web RoomMe.id/RoomMe.id Landlord Page/Textfield Phone Number'

2020-05-12 14:45:14 - [TEST_STEP][PASSED] - sendKeys(findTestObject("Web RoomMe.id/RoomMe.id Landlord Page/Textfield Phone Number"), "0123456789012"): Keys '0123456789012' sent to object: 'Object Repository/Web RoomMe.id/RoomMe.id Landlord Page/Textfield Phone Number'

2020-05-12 14:45:14 - [MESSAGE][PASSED] - Keys '0123456789012' sent to object: 'Object Repository/Web RoomMe.id/RoomMe.id Landlord Page/Textfield Phone Number'

2020-05-12 14:45:14 - [TEST_STEP][PASSED] - waitForElementVisible(findTestObject("Web RoomMe.id/RoomMe.id Landlord Page/Error Message/Text Mobile number is invalid"), 0): Object 'Object Repository/Web RoomMe.id/RoomMe.id Landlord Page/Error Message/Text Mobile number is invalid' is visible

2020-05-12 14:45:15 - [MESSAGE][WARNING] - Timeout '0' is invalid. Using default page load timeout: '30'

2020-05-12 14:45:15 - [MESSAGE][PASSED] - Object 'Object Repository/Web RoomMe.id/RoomMe.id Landlord Page/Error Message/Text Mobile number is invalid' is visible

2020-05-12 14:45:15 - [TEST_STEP][PASSED] - sendKeys(findTestObject("Web RoomMe.id/RoomMe.id Landlord Page/Textfield Phone Number"), Keys.chord(CONTROL, "a", BACK_SPACE)): Keys 'CONTROL + BACK_SPACE + a' sent to object: 'Object Repository/Web RoomMe.id/RoomMe.id Landlord Page/Textfield Phone Number'

2020-05-12 14:45:15 - [MESSAGE][PASSED] - Keys 'CONTROL + BACK_SPACE + a' sent to object: 'Object Repository/Web RoomMe.id/RoomMe.id Landlord Page/Textfield Phone Number'

2020-05-12 14:45:15 - [TEST_STEP][PASSED] - waitForElementVisible(findTestObject("Web RoomMe.id/RoomMe.id Landlord Page/Error Message/Text Mobile number is required"), 0): Object 'Object Repository/Web RoomMe.id/RoomMe.id Landlord Page/Error Message/Text Mobile number is required' is visible

2020-05-12 14:45:15 - [MESSAGE][WARNING] - Timeout '0' is invalid. Using default page load timeout: '30'

2020-05-12 14:45:16 - [MESSAGE][PASSED] - Object 'Object Repository/Web RoomMe.id/RoomMe.id Landlord Page/Error Message/Text Mobile number is required' is visible]]></system-out>
         <system-err><![CDATA[]]></system-err>
      </testcase>
      <testcase name="Test Cases/Web RoomMe.id/7. Landlord/8. Customer Submit Contact With Invalid Data" time="22.225" classname="Test Cases/Web RoomMe.id/7. Landlord/8. Customer Submit Contact With Invalid Data" status="PASSED">
         <system-out><![CDATA[2020-05-12 14:45:16 - [TEST_CASE][PASSED] - Test Cases/Web RoomMe.id/7. Landlord/8. Customer Submit Contact With Invalid Data: Test Cases/Web RoomMe.id/7. Landlord/8. Customer Submit Contact With Invalid Data

2020-05-12 14:45:16 - [TEST_STEP][PASSED] - callTestCase(findTestCase("Web RoomMe.id/7. Landlord/1. Customer Access Landlord Page From Header"), [:], STOP_ON_FAILURE): Call Test Case 'Test Cases/Web RoomMe.id/7. Landlord/1. Customer Access Landlord Page From Header' successfully

2020-05-12 14:45:16 - [TEST_CASE][PASSED] - Test Cases/Web RoomMe.id/7. Landlord/1. Customer Access Landlord Page From Header: Test Cases/Web RoomMe.id/7. Landlord/1. Customer Access Landlord Page From Header

2020-05-12 14:45:16 - [TEST_STEP][PASSED] - callTestCase(findTestCase("Web RoomMe.id/1. Homepage/1. Customer Access RoomMe Page"), [:], STOP_ON_FAILURE): Call Test Case 'Test Cases/Web RoomMe.id/1. Homepage/1. Customer Access RoomMe Page' successfully

2020-05-12 14:45:16 - [TEST_CASE][PASSED] - Test Cases/Web RoomMe.id/1. Homepage/1. Customer Access RoomMe Page: Test Cases/Web RoomMe.id/1. Homepage/1. Customer Access RoomMe Page

2020-05-12 14:45:16 - [TEST_STEP][PASSED] - openBrowser("https://web.roomme.id/"): Browser is opened with url: 'https://web.roomme.id/'

2020-05-12 14:45:16 - [MESSAGE][WARNING] - A browser is already opened. Closing browser and opening a new one

2020-05-12 14:45:17 - [MESSAGE][INFO] - Starting 'Chrome' driver

2020-05-12 14:45:24 - [MESSAGE][PASSED] - Browser is opened with url: 'https://web.roomme.id/'

2020-05-12 14:45:24 - [TEST_STEP][PASSED] - maximizeWindow(): Current window maximized

2020-05-12 14:45:26 - [MESSAGE][PASSED] - Current window maximized

2020-05-12 14:45:26 - [TEST_STEP][PASSED] - waitForPageLoad(0): Wait for page load successfully

2020-05-12 14:45:26 - [MESSAGE][WARNING] - Timeout '0' is invalid. Using default page load timeout: '30'

2020-05-12 14:45:27 - [MESSAGE][PASSED] - Wait for page load successfully

2020-05-12 14:45:27 - [MESSAGE][PASSED] - Call Test Case 'Test Cases/Web RoomMe.id/1. Homepage/1. Customer Access RoomMe Page' successfully

2020-05-12 14:45:27 - [TEST_STEP][PASSED] - waitForElementVisible(findTestObject("Web RoomMe.id/RoomMe.id Header/Button Are You Landlord"), 30): Object 'Object Repository/Web RoomMe.id/RoomMe.id Header/Button Are You Landlord' is visible

2020-05-12 14:45:27 - [MESSAGE][PASSED] - Object 'Object Repository/Web RoomMe.id/RoomMe.id Header/Button Are You Landlord' is visible

2020-05-12 14:45:27 - [TEST_STEP][PASSED] - click(findTestObject("Web RoomMe.id/RoomMe.id Header/Button Are You Landlord")): Object: 'Object Repository/Web RoomMe.id/RoomMe.id Header/Button Are You Landlord' is clicked on

2020-05-12 14:45:29 - [MESSAGE][PASSED] - Object: 'Object Repository/Web RoomMe.id/RoomMe.id Header/Button Are You Landlord' is clicked on

2020-05-12 14:45:29 - [TEST_STEP][PASSED] - waitForPageLoad(0): Wait for page load successfully

2020-05-12 14:45:29 - [MESSAGE][WARNING] - Timeout '0' is invalid. Using default page load timeout: '30'

2020-05-12 14:45:29 - [MESSAGE][PASSED] - Wait for page load successfully

2020-05-12 14:45:29 - [TEST_STEP][PASSED] - waitForElementVisible(findTestObject("Web RoomMe.id/RoomMe.id Landlord Page/Image Landlord"), 30): Object 'Object Repository/Web RoomMe.id/RoomMe.id Landlord Page/Image Landlord' is visible

2020-05-12 14:45:30 - [MESSAGE][PASSED] - Object 'Object Repository/Web RoomMe.id/RoomMe.id Landlord Page/Image Landlord' is visible

2020-05-12 14:45:30 - [TEST_STEP][PASSED] - callTestCase(findTestCase("Web RoomMe.id/7. Landlord/Verify Landlord Page"), [:], STOP_ON_FAILURE): Call Test Case 'Test Cases/Web RoomMe.id/7. Landlord/Verify Landlord Page' successfully

2020-05-12 14:45:30 - [TEST_CASE][PASSED] - Test Cases/Web RoomMe.id/7. Landlord/Verify Landlord Page: Test Cases/Web RoomMe.id/7. Landlord/Verify Landlord Page

2020-05-12 14:45:30 - [TEST_STEP][PASSED] - objectSubFolder = "Web RoomMe.id\RoomMe.id Landlord Page\": null

2020-05-12 14:45:30 - [TEST_STEP][PASSED] - pathToObjRep = getProjectDir() + "\Object Repository\" + objectSubFolder: null

2020-05-12 14:45:30 - [TEST_STEP][PASSED] - yourObjects = new java.io.File(pathToObjRep): null

2020-05-12 14:45:30 - [TEST_STEP][PASSED] - fileNames = yourObjects.list(): null

2020-05-12 14:45:30 - [TEST_STEP][PASSED] - testObjects = new java.util.ArrayList(): null

2020-05-12 14:45:30 - [TEST_STEP][PASSED] - for ([i = 0, i < length, (i++)]): null

2020-05-12 14:45:30 - [TEST_STEP][PASSED] - if (fileNames[i].contains(".rs")): null

2020-05-12 14:45:30 - [TEST_STEP][PASSED] - if (fileNames[i].contains(".rs")): null

2020-05-12 14:45:30 - [TEST_STEP][PASSED] - fileNames[i] = fileNames[i].replace(".rs", ""): null

2020-05-12 14:45:30 - [TEST_STEP][PASSED] - testObjects.add(objectSubFolder + fileNames[i]): null

2020-05-12 14:45:30 - [TEST_STEP][PASSED] - if (fileNames[i].contains(".rs")): null

2020-05-12 14:45:30 - [TEST_STEP][PASSED] - if (fileNames[i].contains(".rs")): null

2020-05-12 14:45:30 - [TEST_STEP][PASSED] - fileNames[i] = fileNames[i].replace(".rs", ""): null

2020-05-12 14:45:30 - [TEST_STEP][PASSED] - testObjects.add(objectSubFolder + fileNames[i]): null

2020-05-12 14:45:30 - [TEST_STEP][PASSED] - if (fileNames[i].contains(".rs")): null

2020-05-12 14:45:30 - [TEST_STEP][PASSED] - if (fileNames[i].contains(".rs")): null

2020-05-12 14:45:30 - [TEST_STEP][PASSED] - fileNames[i] = fileNames[i].replace(".rs", ""): null

2020-05-12 14:45:30 - [TEST_STEP][PASSED] - testObjects.add(objectSubFolder + fileNames[i]): null

2020-05-12 14:45:30 - [TEST_STEP][PASSED] - if (fileNames[i].contains(".rs")): null

2020-05-12 14:45:30 - [TEST_STEP][PASSED] - fileNames[i] = fileNames[i].replace(".rs", ""): null

2020-05-12 14:45:30 - [TEST_STEP][PASSED] - testObjects.add(objectSubFolder + fileNames[i]): null

2020-05-12 14:45:30 - [TEST_STEP][PASSED] - if (fileNames[i].contains(".rs")): null

2020-05-12 14:45:30 - [TEST_STEP][PASSED] - fileNames[i] = fileNames[i].replace(".rs", ""): null

2020-05-12 14:45:30 - [TEST_STEP][PASSED] - testObjects.add(objectSubFolder + fileNames[i]): null

2020-05-12 14:45:30 - [TEST_STEP][PASSED] - if (fileNames[i].contains(".rs")): null

2020-05-12 14:45:30 - [TEST_STEP][PASSED] - fileNames[i] = fileNames[i].replace(".rs", ""): null

2020-05-12 14:45:30 - [TEST_STEP][PASSED] - testObjects.add(objectSubFolder + fileNames[i]): null

2020-05-12 14:45:30 - [TEST_STEP][PASSED] - if (fileNames[i].contains(".rs")): null

2020-05-12 14:45:30 - [TEST_STEP][PASSED] - fileNames[i] = fileNames[i].replace(".rs", ""): null

2020-05-12 14:45:30 - [TEST_STEP][PASSED] - testObjects.add(objectSubFolder + fileNames[i]): null

2020-05-12 14:45:30 - [TEST_STEP][PASSED] - if (fileNames[i].contains(".rs")): null

2020-05-12 14:45:30 - [TEST_STEP][PASSED] - fileNames[i] = fileNames[i].replace(".rs", ""): null

2020-05-12 14:45:30 - [TEST_STEP][PASSED] - testObjects.add(objectSubFolder + fileNames[i]): null

2020-05-12 14:45:30 - [TEST_STEP][PASSED] - if (fileNames[i].contains(".rs")): null

2020-05-12 14:45:30 - [TEST_STEP][PASSED] - fileNames[i] = fileNames[i].replace(".rs", ""): null

2020-05-12 14:45:30 - [TEST_STEP][PASSED] - testObjects.add(objectSubFolder + fileNames[i]): null

2020-05-12 14:45:30 - [TEST_STEP][PASSED] - if (fileNames[i].contains(".rs")): null

2020-05-12 14:45:30 - [TEST_STEP][PASSED] - fileNames[i] = fileNames[i].replace(".rs", ""): null

2020-05-12 14:45:30 - [TEST_STEP][PASSED] - testObjects.add(objectSubFolder + fileNames[i]): null

2020-05-12 14:45:30 - [TEST_STEP][PASSED] - if (fileNames[i].contains(".rs")): null

2020-05-12 14:45:30 - [TEST_STEP][PASSED] - fileNames[i] = fileNames[i].replace(".rs", ""): null

2020-05-12 14:45:30 - [TEST_STEP][PASSED] - testObjects.add(objectSubFolder + fileNames[i]): null

2020-05-12 14:45:30 - [TEST_STEP][PASSED] - if (fileNames[i].contains(".rs")): null

2020-05-12 14:45:30 - [TEST_STEP][PASSED] - fileNames[i] = fileNames[i].replace(".rs", ""): null

2020-05-12 14:45:30 - [TEST_STEP][PASSED] - testObjects.add(objectSubFolder + fileNames[i]): null

2020-05-12 14:45:30 - [TEST_STEP][PASSED] - if (fileNames[i].contains(".rs")): null

2020-05-12 14:45:30 - [TEST_STEP][PASSED] - fileNames[i] = fileNames[i].replace(".rs", ""): null

2020-05-12 14:45:30 - [TEST_STEP][PASSED] - testObjects.add(objectSubFolder + fileNames[i]): null

2020-05-12 14:45:30 - [TEST_STEP][PASSED] - if (fileNames[i].contains(".rs")): null

2020-05-12 14:45:30 - [TEST_STEP][PASSED] - fileNames[i] = fileNames[i].replace(".rs", ""): null

2020-05-12 14:45:30 - [TEST_STEP][PASSED] - testObjects.add(objectSubFolder + fileNames[i]): null

2020-05-12 14:45:30 - [TEST_STEP][PASSED] - if (fileNames[i].contains(".rs")): null

2020-05-12 14:45:30 - [TEST_STEP][PASSED] - fileNames[i] = fileNames[i].replace(".rs", ""): null

2020-05-12 14:45:30 - [TEST_STEP][PASSED] - testObjects.add(objectSubFolder + fileNames[i]): null

2020-05-12 14:45:30 - [TEST_STEP][PASSED] - for (String obj : testObjects): Object 'Object Repository/Web RoomMe.id\RoomMe.id Landlord Page\Textfield Phone Number' is visible

2020-05-12 14:45:30 - [TEST_STEP][PASSED] - verifyElementVisible(findTestObject(obj)): Object 'Object Repository/Web RoomMe.id\RoomMe.id Landlord Page\Button Submit' is visible

2020-05-12 14:45:30 - [MESSAGE][PASSED] - Object 'Object Repository/Web RoomMe.id\RoomMe.id Landlord Page\Button Submit' is visible

2020-05-12 14:45:30 - [TEST_STEP][PASSED] - verifyElementVisible(findTestObject(obj)): Object 'Object Repository/Web RoomMe.id\RoomMe.id Landlord Page\Image Landlord' is visible

2020-05-12 14:45:31 - [MESSAGE][PASSED] - Object 'Object Repository/Web RoomMe.id\RoomMe.id Landlord Page\Image Landlord' is visible

2020-05-12 14:45:31 - [TEST_STEP][PASSED] - verifyElementVisible(findTestObject(obj)): Object 'Object Repository/Web RoomMe.id\RoomMe.id Landlord Page\Text 4 Easy Steps to Become Landlord' is visible

2020-05-12 14:45:31 - [MESSAGE][PASSED] - Object 'Object Repository/Web RoomMe.id\RoomMe.id Landlord Page\Text 4 Easy Steps to Become Landlord' is visible

2020-05-12 14:45:31 - [TEST_STEP][PASSED] - verifyElementVisible(findTestObject(obj)): Object 'Object Repository/Web RoomMe.id\RoomMe.id Landlord Page\Text Complete all the necessary document' is visible

2020-05-12 14:45:31 - [MESSAGE][PASSED] - Object 'Object Repository/Web RoomMe.id\RoomMe.id Landlord Page\Text Complete all the necessary document' is visible

2020-05-12 14:45:31 - [TEST_STEP][PASSED] - verifyElementVisible(findTestObject(obj)): Object 'Object Repository/Web RoomMe.id\RoomMe.id Landlord Page\Text Contract Agreement' is visible

2020-05-12 14:45:32 - [MESSAGE][PASSED] - Object 'Object Repository/Web RoomMe.id\RoomMe.id Landlord Page\Text Contract Agreement' is visible

2020-05-12 14:45:32 - [TEST_STEP][PASSED] - verifyElementVisible(findTestObject(obj)): Object 'Object Repository/Web RoomMe.id\RoomMe.id Landlord Page\Text Fill Out Our Form' is visible

2020-05-12 14:45:32 - [MESSAGE][PASSED] - Object 'Object Repository/Web RoomMe.id\RoomMe.id Landlord Page\Text Fill Out Our Form' is visible

2020-05-12 14:45:32 - [TEST_STEP][PASSED] - verifyElementVisible(findTestObject(obj)): Object 'Object Repository/Web RoomMe.id\RoomMe.id Landlord Page\Text Get Promoted' is visible

2020-05-12 14:45:32 - [MESSAGE][PASSED] - Object 'Object Repository/Web RoomMe.id\RoomMe.id Landlord Page\Text Get Promoted' is visible

2020-05-12 14:45:32 - [TEST_STEP][PASSED] - verifyElementVisible(findTestObject(obj)): Object 'Object Repository/Web RoomMe.id\RoomMe.id Landlord Page\Text List your property at RoomMe' is visible

2020-05-12 14:45:33 - [MESSAGE][PASSED] - Object 'Object Repository/Web RoomMe.id\RoomMe.id Landlord Page\Text List your property at RoomMe' is visible

2020-05-12 14:45:33 - [TEST_STEP][PASSED] - verifyElementVisible(findTestObject(obj)): Object 'Object Repository/Web RoomMe.id\RoomMe.id Landlord Page\Text Our staff will be in touch with you and schedule a site visit' is visible

2020-05-12 14:45:34 - [MESSAGE][PASSED] - Object 'Object Repository/Web RoomMe.id\RoomMe.id Landlord Page\Text Our staff will be in touch with you and schedule a site visit' is visible

2020-05-12 14:45:34 - [TEST_STEP][PASSED] - verifyElementVisible(findTestObject(obj)): Object 'Object Repository/Web RoomMe.id\RoomMe.id Landlord Page\Text Please share your contact info and we will share the details' is visible

2020-05-12 14:45:34 - [MESSAGE][PASSED] - Object 'Object Repository/Web RoomMe.id\RoomMe.id Landlord Page\Text Please share your contact info and we will share the details' is visible

2020-05-12 14:45:34 - [TEST_STEP][PASSED] - verifyElementVisible(findTestObject(obj)): Object 'Object Repository/Web RoomMe.id\RoomMe.id Landlord Page\Text Register Your Unit' is visible

2020-05-12 14:45:35 - [MESSAGE][PASSED] - Object 'Object Repository/Web RoomMe.id\RoomMe.id Landlord Page\Text Register Your Unit' is visible

2020-05-12 14:45:35 - [TEST_STEP][PASSED] - verifyElementVisible(findTestObject(obj)): Object 'Object Repository/Web RoomMe.id\RoomMe.id Landlord Page\Text Sit back Relax and Get Popular' is visible

2020-05-12 14:45:35 - [MESSAGE][PASSED] - Object 'Object Repository/Web RoomMe.id\RoomMe.id Landlord Page\Text Sit back Relax and Get Popular' is visible

2020-05-12 14:45:35 - [TEST_STEP][PASSED] - verifyElementVisible(findTestObject(obj)): Object 'Object Repository/Web RoomMe.id\RoomMe.id Landlord Page\Text Wait For Visit' is visible

2020-05-12 14:45:35 - [MESSAGE][PASSED] - Object 'Object Repository/Web RoomMe.id\RoomMe.id Landlord Page\Text Wait For Visit' is visible

2020-05-12 14:45:35 - [TEST_STEP][PASSED] - verifyElementVisible(findTestObject(obj)): Object 'Object Repository/Web RoomMe.id\RoomMe.id Landlord Page\Textfield Name' is visible

2020-05-12 14:45:36 - [MESSAGE][PASSED] - Object 'Object Repository/Web RoomMe.id\RoomMe.id Landlord Page\Textfield Name' is visible

2020-05-12 14:45:36 - [TEST_STEP][PASSED] - verifyElementVisible(findTestObject(obj)): Object 'Object Repository/Web RoomMe.id\RoomMe.id Landlord Page\Textfield Phone Number' is visible

2020-05-12 14:45:36 - [MESSAGE][PASSED] - Object 'Object Repository/Web RoomMe.id\RoomMe.id Landlord Page\Textfield Phone Number' is visible

2020-05-12 14:45:36 - [MESSAGE][PASSED] - Call Test Case 'Test Cases/Web RoomMe.id/7. Landlord/Verify Landlord Page' successfully

2020-05-12 14:45:36 - [MESSAGE][PASSED] - Call Test Case 'Test Cases/Web RoomMe.id/7. Landlord/1. Customer Access Landlord Page From Header' successfully

2020-05-12 14:45:36 - [TEST_STEP][PASSED] - waitForElementVisible(findTestObject("Web RoomMe.id/RoomMe.id Landlord Page/Button Submit"), 0): Object 'Object Repository/Web RoomMe.id/RoomMe.id Landlord Page/Button Submit' is visible

2020-05-12 14:45:36 - [MESSAGE][WARNING] - Timeout '0' is invalid. Using default page load timeout: '30'

2020-05-12 14:45:37 - [MESSAGE][PASSED] - Object 'Object Repository/Web RoomMe.id/RoomMe.id Landlord Page/Button Submit' is visible

2020-05-12 14:45:37 - [TEST_STEP][PASSED] - click(findTestObject("Web RoomMe.id/RoomMe.id Landlord Page/Button Submit")): Object: 'Object Repository/Web RoomMe.id/RoomMe.id Landlord Page/Button Submit' is clicked on

2020-05-12 14:45:37 - [MESSAGE][PASSED] - Object: 'Object Repository/Web RoomMe.id/RoomMe.id Landlord Page/Button Submit' is clicked on

2020-05-12 14:45:37 - [TEST_STEP][PASSED] - waitForElementVisible(findTestObject("Web RoomMe.id/RoomMe.id Landlord Page/Error Message/Text Name is required"), 0): Object 'Object Repository/Web RoomMe.id/RoomMe.id Landlord Page/Error Message/Text Name is required' is visible

2020-05-12 14:45:37 - [MESSAGE][WARNING] - Timeout '0' is invalid. Using default page load timeout: '30'

2020-05-12 14:45:38 - [MESSAGE][PASSED] - Object 'Object Repository/Web RoomMe.id/RoomMe.id Landlord Page/Error Message/Text Name is required' is visible

2020-05-12 14:45:38 - [TEST_STEP][PASSED] - waitForElementVisible(findTestObject("Web RoomMe.id/RoomMe.id Landlord Page/Error Message/Text Mobile number is required"), 0): Object 'Object Repository/Web RoomMe.id/RoomMe.id Landlord Page/Error Message/Text Mobile number is required' is visible

2020-05-12 14:45:38 - [MESSAGE][WARNING] - Timeout '0' is invalid. Using default page load timeout: '30'

2020-05-12 14:45:38 - [MESSAGE][PASSED] - Object 'Object Repository/Web RoomMe.id/RoomMe.id Landlord Page/Error Message/Text Mobile number is required' is visible]]></system-out>
         <system-err><![CDATA[]]></system-err>
      </testcase>
      <system-out><![CDATA[2020-05-12 14:41:39 - [TEST_SUITE][PASSED] - Customer Access Landlord Page: Test Cases/Web RoomMe.id/7. Landlord/8. Customer Submit Contact With Invalid Data]]></system-out>
      <system-err><![CDATA[]]></system-err>
   </testsuite>
</testsuites>
