<?xml version="1.0" encoding="UTF-8"?>
<testsuites name="Customer Login" time="205.114" tests="6" failures="0" errors="0">
   <testsuite name="Customer Login" tests="6" failures="0" errors="0" time="205.114" timestamp="2020-04-03 06:39:54" hostname="Win 10 - LENNONOVO" id="Test Suites/Web RoomMe.id/Customer Login">
      <properties>
         <property name="deviceName" value=""/>
         <property name="devicePlatform" value=""/>
         <property name="logFolder" value="C:\\Users\\Faldi\\Katalon Studio\\katalonroomme-master\\Reports\\20200403_063946\\Web RoomMe.id\\Customer Login\\20200403_063946"/>
         <property name="logFiles" value="C:\\Users\\Faldi\\Katalon Studio\\katalonroomme-master\\Reports\\20200403_063946\\Web RoomMe.id\\Customer Login\\20200403_063946\\execution0.log"/>
         <property name="attachments" value=""/>
         <property name="hostName" value="Win 10 - LENNONOVO"/>
         <property name="os" value="Windows 10 64bit"/>
         <property name="katalonVersion" value="7.2.6.1"/>
         <property name="browser" value="Chrome 80.0.3987.149"/>
         <property name="hostAddress" value="192.168.1.15"/>
         <property name="sessionId" value="dedcf35d2817058b124c5c31891cd22c"/>
         <property name="seleniumVersion" value="3.141.59"/>
         <property name="proxyInformation" value="ProxyInformation{proxyOption=NO_PROXY, proxyServerType=HTTP, password=, proxyServerAddress=, proxyServerPort=0, executionList=}"/>
         <property name="platform" value="Windows 10"/>
      </properties>
      <testcase name="Test Cases/Web RoomMe.id/3. Sign In/1. Login With Valid Credential" time="95.699" classname="Test Cases/Web RoomMe.id/3. Sign In/1. Login With Valid Credential" status="PASSED">
         <system-out><![CDATA[2020-04-03 06:39:54 - [TEST_CASE][PASSED] - Test Cases/Web RoomMe.id/3. Sign In/1. Login With Valid Credential: Test Cases/Web RoomMe.id/3. Sign In/1. Login With Valid Credential]]></system-out>
         <system-err><![CDATA[]]></system-err>
      </testcase>
      <testcase name="Test Cases/Web RoomMe.id/3. Sign In/2. Login With Not Registered Email" time="19.452" classname="Test Cases/Web RoomMe.id/3. Sign In/2. Login With Not Registered Email" status="PASSED">
         <system-out><![CDATA[2020-04-03 06:41:30 - [TEST_CASE][PASSED] - Test Cases/Web RoomMe.id/3. Sign In/2. Login With Not Registered Email: Test Cases/Web RoomMe.id/3. Sign In/2. Login With Not Registered Email]]></system-out>
         <system-err><![CDATA[]]></system-err>
      </testcase>
      <testcase name="Test Cases/Web RoomMe.id/3. Sign In/3. Input Email With Incorrect Email Format" time="21.634" classname="Test Cases/Web RoomMe.id/3. Sign In/3. Input Email With Incorrect Email Format" status="PASSED">
         <system-out><![CDATA[2020-04-03 06:41:49 - [TEST_CASE][PASSED] - Test Cases/Web RoomMe.id/3. Sign In/3. Input Email With Incorrect Email Format: Test Cases/Web RoomMe.id/3. Sign In/3. Input Email With Incorrect Email Format]]></system-out>
         <system-err><![CDATA[]]></system-err>
      </testcase>
      <testcase name="Test Cases/Web RoomMe.id/3. Sign In/4. Login With Wrong Password" time="18.61" classname="Test Cases/Web RoomMe.id/3. Sign In/4. Login With Wrong Password" status="PASSED">
         <system-out><![CDATA[2020-04-03 06:42:11 - [TEST_CASE][PASSED] - Test Cases/Web RoomMe.id/3. Sign In/4. Login With Wrong Password: Test Cases/Web RoomMe.id/3. Sign In/4. Login With Wrong Password]]></system-out>
         <system-err><![CDATA[]]></system-err>
      </testcase>
      <testcase name="Test Cases/Web RoomMe.id/3. Sign In/5. Input Password With Less Than 6 Character" time="20.046" classname="Test Cases/Web RoomMe.id/3. Sign In/5. Input Password With Less Than 6 Character" status="PASSED">
         <system-out><![CDATA[2020-04-03 06:42:30 - [TEST_CASE][PASSED] - Test Cases/Web RoomMe.id/3. Sign In/5. Input Password With Less Than 6 Character: Test Cases/Web RoomMe.id/3. Sign In/5. Input Password With Less Than 6 Character]]></system-out>
         <system-err><![CDATA[]]></system-err>
      </testcase>
      <testcase name="Test Cases/Web RoomMe.id/3. Sign In/6. Input Password With Space Character" time="20.123" classname="Test Cases/Web RoomMe.id/3. Sign In/6. Input Password With Space Character" status="PASSED">
         <system-out><![CDATA[2020-04-03 06:42:50 - [TEST_CASE][PASSED] - Test Cases/Web RoomMe.id/3. Sign In/6. Input Password With Space Character: Test Cases/Web RoomMe.id/3. Sign In/6. Input Password With Space Character]]></system-out>
         <system-err><![CDATA[]]></system-err>
      </testcase>
      <system-out><![CDATA[2020-04-03 06:39:54 - [TEST_SUITE][PASSED] - Customer Login: Test Cases/Web RoomMe.id/3. Sign In/6. Input Password With Space Character]]></system-out>
      <system-err><![CDATA[]]></system-err>
   </testsuite>
</testsuites>
