<?xml version="1.0" encoding="UTF-8"?>
<testsuites name="Customer Sign Up" time="388.638" tests="8" failures="2" errors="0">
   <testsuite name="Customer Sign Up" tests="8" failures="2" errors="0" time="388.638" timestamp="2020-04-28 05:51:45" hostname="Win 10 - LENNONOVO" id="Test Suites/Web RoomMe.id/Customer Sign Up">
      <properties>
         <property name="deviceName" value=""/>
         <property name="devicePlatform" value=""/>
         <property name="logFolder" value="C:\\Users\\Faldi\\Katalon Studio\\katalonroomme-master\\Reports\\20200428_054757\\Web RoomMe.id\\Customer Sign Up\\20200428_054759"/>
         <property name="logFiles" value="C:\\Users\\Faldi\\Katalon Studio\\katalonroomme-master\\Reports\\20200428_054757\\Web RoomMe.id\\Customer Sign Up\\20200428_054759\\execution0.log"/>
         <property name="attachments" value="C:\\Users\\Faldi\\Katalon Studio\\katalonroomme-master\\Reports\\20200428_054757\\Web RoomMe.id\\Customer Sign Up\\20200428_054759\\1588028203956.png, C:\\Users\\Faldi\\Katalon Studio\\katalonroomme-master\\Reports\\20200428_054757\\Web RoomMe.id\\Customer Sign Up\\20200428_054759\\1588028254488.png, C:\\Users\\Faldi\\Katalon Studio\\katalonroomme-master\\Reports\\20200428_054757\\Web RoomMe.id\\Customer Sign Up\\20200428_054759\\1588028254985.png"/>
         <property name="hostName" value="Win 10 - LENNONOVO"/>
         <property name="os" value="Windows 10 64bit"/>
         <property name="katalonVersion" value="7.0.0.1"/>
         <property name="browser" value="Chrome 81.0.4044.122"/>
         <property name="hostAddress" value="192.168.1.2"/>
         <property name="sessionId" value="e9bd5f63b429de1e59f351a6fc1cb485"/>
         <property name="seleniumVersion" value="3.141.59"/>
         <property name="proxyInformation" value="ProxyInformation{proxyOption=NO_PROXY, proxyServerType=HTTP, password=, proxyServerAddress=, proxyServerPort=0}"/>
         <property name="platform" value="Windows 10"/>
      </properties>
      <testcase name="Test Cases/Web RoomMe.id/2. Sign Up/1. Sign Up with Valid Data" time="29.794" classname="Test Cases/Web RoomMe.id/2. Sign Up/1. Sign Up with Valid Data" status="PASSED">
         <system-out><![CDATA[2020-04-28 05:51:45 - [TEST_CASE][PASSED] - Test Cases/Web RoomMe.id/2. Sign Up/1. Sign Up with Valid Data: Test Cases/Web RoomMe.id/2. Sign Up/1. Sign Up with Valid Data

2020-04-28 05:51:46 - [TEST_STEP][PASSED] - callTestCase(findTestCase("Web RoomMe.id/1. Homepage/1. Customer Access RoomMe Page"), [:], STOP_ON_FAILURE): Call Test Case 'Test Cases/Web RoomMe.id/1. Homepage/1. Customer Access RoomMe Page' successfully

2020-04-28 05:51:46 - [TEST_CASE][PASSED] - Test Cases/Web RoomMe.id/1. Homepage/1. Customer Access RoomMe Page: Test Cases/Web RoomMe.id/1. Homepage/1. Customer Access RoomMe Page

2020-04-28 05:51:47 - [TEST_STEP][PASSED] - openBrowser("https://web.roomme.id/"): Browser is opened with url: 'https://web.roomme.id/'

2020-04-28 05:51:47 - [MESSAGE][INFO] - Starting 'Chrome' driver

2020-04-28 05:51:47 - [MESSAGE][INFO] - Action delay is set to 0 seconds

2020-04-28 05:51:55 - [MESSAGE][PASSED] - Browser is opened with url: 'https://web.roomme.id/'

2020-04-28 05:51:55 - [TEST_STEP][PASSED] - maximizeWindow(): Current window maximized

2020-04-28 05:51:58 - [MESSAGE][PASSED] - Current window maximized

2020-04-28 05:51:58 - [TEST_STEP][PASSED] - waitForPageLoad(0): Wait for page load successfully

2020-04-28 05:51:58 - [MESSAGE][WARNING] - Timeout '0' is invalid. Using default page load timeout: '30'

2020-04-28 05:51:58 - [MESSAGE][PASSED] - Wait for page load successfully

2020-04-28 05:51:58 - [MESSAGE][PASSED] - Call Test Case 'Test Cases/Web RoomMe.id/1. Homepage/1. Customer Access RoomMe Page' successfully

2020-04-28 05:51:58 - [TEST_STEP][PASSED] - callTestCase(findTestCase("Web RoomMe.id/1. Homepage/2. Verify Header RoomMe.id"), [:], STOP_ON_FAILURE): Call Test Case 'Test Cases/Web RoomMe.id/1. Homepage/2. Verify Header RoomMe.id' successfully

2020-04-28 05:51:58 - [TEST_CASE][PASSED] - Test Cases/Web RoomMe.id/1. Homepage/2. Verify Header RoomMe.id: Test Cases/Web RoomMe.id/1. Homepage/2. Verify Header RoomMe.id

2020-04-28 05:51:58 - [TEST_STEP][PASSED] - objectSubFolder = "Web RoomMe.id\RoomMe.id Header\": null

2020-04-28 05:51:58 - [TEST_STEP][PASSED] - pathToObjRep = getProjectDir() + "\Object Repository\" + objectSubFolder: null

2020-04-28 05:51:58 - [TEST_STEP][PASSED] - yourObjects = new java.io.File(pathToObjRep): null

2020-04-28 05:51:58 - [TEST_STEP][PASSED] - fileNames = yourObjects.list(): null

2020-04-28 05:51:58 - [TEST_STEP][PASSED] - testObjects = new java.util.ArrayList(): null

2020-04-28 05:51:58 - [TEST_STEP][PASSED] - for ([i = 0, i < length, (i++)]): null

2020-04-28 05:51:58 - [TEST_STEP][PASSED] - if (fileNames[i].contains(".rs")): null

2020-04-28 05:51:58 - [TEST_STEP][PASSED] - if (fileNames[i].contains(".rs")): null

2020-04-28 05:51:58 - [TEST_STEP][PASSED] - fileNames[i] = fileNames[i].replace(".rs", ""): null

2020-04-28 05:51:58 - [TEST_STEP][PASSED] - testObjects.add(objectSubFolder + fileNames[i]): null

2020-04-28 05:51:58 - [TEST_STEP][PASSED] - if (fileNames[i].contains(".rs")): null

2020-04-28 05:51:58 - [TEST_STEP][PASSED] - fileNames[i] = fileNames[i].replace(".rs", ""): null

2020-04-28 05:51:58 - [TEST_STEP][PASSED] - testObjects.add(objectSubFolder + fileNames[i]): null

2020-04-28 05:51:58 - [TEST_STEP][PASSED] - if (fileNames[i].contains(".rs")): null

2020-04-28 05:51:58 - [TEST_STEP][PASSED] - fileNames[i] = fileNames[i].replace(".rs", ""): null

2020-04-28 05:51:58 - [TEST_STEP][PASSED] - testObjects.add(objectSubFolder + fileNames[i]): null

2020-04-28 05:51:58 - [TEST_STEP][PASSED] - if (fileNames[i].contains(".rs")): null

2020-04-28 05:51:58 - [TEST_STEP][PASSED] - fileNames[i] = fileNames[i].replace(".rs", ""): null

2020-04-28 05:51:58 - [TEST_STEP][PASSED] - testObjects.add(objectSubFolder + fileNames[i]): null

2020-04-28 05:51:58 - [TEST_STEP][PASSED] - if (fileNames[i].contains(".rs")): null

2020-04-28 05:51:58 - [TEST_STEP][PASSED] - for (String obj : testObjects): Object 'Object Repository/Web RoomMe.id\RoomMe.id Header\Image Header Logo' is visible

2020-04-28 05:51:58 - [TEST_STEP][PASSED] - verifyElementVisible(findTestObject(obj)): Object 'Object Repository/Web RoomMe.id\RoomMe.id Header\Button Are You Landlord' is visible

2020-04-28 05:51:59 - [MESSAGE][PASSED] - Object 'Object Repository/Web RoomMe.id\RoomMe.id Header\Button Are You Landlord' is visible

2020-04-28 05:51:59 - [TEST_STEP][PASSED] - verifyElementVisible(findTestObject(obj)): Object 'Object Repository/Web RoomMe.id\RoomMe.id Header\Button Community' is visible

2020-04-28 05:51:59 - [MESSAGE][PASSED] - Object 'Object Repository/Web RoomMe.id\RoomMe.id Header\Button Community' is visible

2020-04-28 05:51:59 - [TEST_STEP][PASSED] - verifyElementVisible(findTestObject(obj)): Object 'Object Repository/Web RoomMe.id\RoomMe.id Header\Button Sign In' is visible

2020-04-28 05:52:00 - [MESSAGE][PASSED] - Object 'Object Repository/Web RoomMe.id\RoomMe.id Header\Button Sign In' is visible

2020-04-28 05:52:00 - [TEST_STEP][PASSED] - verifyElementVisible(findTestObject(obj)): Object 'Object Repository/Web RoomMe.id\RoomMe.id Header\Image Header Logo' is visible

2020-04-28 05:52:00 - [MESSAGE][PASSED] - Object 'Object Repository/Web RoomMe.id\RoomMe.id Header\Image Header Logo' is visible

2020-04-28 05:52:00 - [MESSAGE][PASSED] - Call Test Case 'Test Cases/Web RoomMe.id/1. Homepage/2. Verify Header RoomMe.id' successfully

2020-04-28 05:52:00 - [TEST_STEP][PASSED] - click(findTestObject("Web RoomMe.id/RoomMe.id Header/Button Sign In")): Object: 'Object Repository/Web RoomMe.id/RoomMe.id Header/Button Sign In' is clicked on

2020-04-28 05:52:01 - [MESSAGE][PASSED] - Object: 'Object Repository/Web RoomMe.id/RoomMe.id Header/Button Sign In' is clicked on

2020-04-28 05:52:01 - [TEST_STEP][PASSED] - waitForElementVisible(findTestObject("Web RoomMe.id/Sign In Menu/Button Sign Up"), 0): Object 'Object Repository/Web RoomMe.id/Sign In Menu/Button Sign Up' is visible

2020-04-28 05:52:01 - [MESSAGE][WARNING] - Timeout '0' is invalid. Using default page load timeout: '30'

2020-04-28 05:52:01 - [MESSAGE][PASSED] - Object 'Object Repository/Web RoomMe.id/Sign In Menu/Button Sign Up' is visible

2020-04-28 05:52:01 - [TEST_STEP][PASSED] - click(findTestObject("Web RoomMe.id/Sign In Menu/Button Sign Up")): Object: 'Object Repository/Web RoomMe.id/Sign In Menu/Button Sign Up' is clicked on

2020-04-28 05:52:02 - [MESSAGE][PASSED] - Object: 'Object Repository/Web RoomMe.id/Sign In Menu/Button Sign Up' is clicked on

2020-04-28 05:52:02 - [TEST_STEP][PASSED] - callTestCase(findTestCase("Web RoomMe.id/2. Sign Up/Verify Sign Up Menu"), [:], STOP_ON_FAILURE): Call Test Case 'Test Cases/Web RoomMe.id/2. Sign Up/Verify Sign Up Menu' successfully

2020-04-28 05:52:02 - [TEST_CASE][PASSED] - Test Cases/Web RoomMe.id/2. Sign Up/Verify Sign Up Menu: Test Cases/Web RoomMe.id/2. Sign Up/Verify Sign Up Menu

2020-04-28 05:52:03 - [TEST_STEP][PASSED] - objectSubFolder = "Web RoomMe.id\Sign Up Menu\": null

2020-04-28 05:52:03 - [TEST_STEP][PASSED] - pathToObjRep = getProjectDir() + "\Object Repository\" + objectSubFolder: null

2020-04-28 05:52:03 - [TEST_STEP][PASSED] - yourObjects = new java.io.File(pathToObjRep): null

2020-04-28 05:52:03 - [TEST_STEP][PASSED] - fileNames = yourObjects.list(): null

2020-04-28 05:52:03 - [TEST_STEP][PASSED] - testObjects = new java.util.ArrayList(): null

2020-04-28 05:52:03 - [TEST_STEP][PASSED] - for ([i = 0, i < length, (i++)]): null

2020-04-28 05:52:03 - [TEST_STEP][PASSED] - if (fileNames[i].contains(".rs")): null

2020-04-28 05:52:03 - [TEST_STEP][PASSED] - fileNames[i] = fileNames[i].replace(".rs", ""): null

2020-04-28 05:52:03 - [TEST_STEP][PASSED] - testObjects.add(objectSubFolder + fileNames[i]): null

2020-04-28 05:52:03 - [TEST_STEP][PASSED] - if (fileNames[i].contains(".rs")): null

2020-04-28 05:52:03 - [TEST_STEP][PASSED] - fileNames[i] = fileNames[i].replace(".rs", ""): null

2020-04-28 05:52:03 - [TEST_STEP][PASSED] - testObjects.add(objectSubFolder + fileNames[i]): null

2020-04-28 05:52:03 - [TEST_STEP][PASSED] - if (fileNames[i].contains(".rs")): null

2020-04-28 05:52:03 - [TEST_STEP][PASSED] - if (fileNames[i].contains(".rs")): null

2020-04-28 05:52:03 - [TEST_STEP][PASSED] - fileNames[i] = fileNames[i].replace(".rs", ""): null

2020-04-28 05:52:03 - [TEST_STEP][PASSED] - testObjects.add(objectSubFolder + fileNames[i]): null

2020-04-28 05:52:03 - [TEST_STEP][PASSED] - if (fileNames[i].contains(".rs")): null

2020-04-28 05:52:03 - [TEST_STEP][PASSED] - if (fileNames[i].contains(".rs")): null

2020-04-28 05:52:03 - [TEST_STEP][PASSED] - fileNames[i] = fileNames[i].replace(".rs", ""): null

2020-04-28 05:52:03 - [TEST_STEP][PASSED] - testObjects.add(objectSubFolder + fileNames[i]): null

2020-04-28 05:52:03 - [TEST_STEP][PASSED] - if (fileNames[i].contains(".rs")): null

2020-04-28 05:52:03 - [TEST_STEP][PASSED] - fileNames[i] = fileNames[i].replace(".rs", ""): null

2020-04-28 05:52:03 - [TEST_STEP][PASSED] - testObjects.add(objectSubFolder + fileNames[i]): null

2020-04-28 05:52:03 - [TEST_STEP][PASSED] - if (fileNames[i].contains(".rs")): null

2020-04-28 05:52:03 - [TEST_STEP][PASSED] - fileNames[i] = fileNames[i].replace(".rs", ""): null

2020-04-28 05:52:03 - [TEST_STEP][PASSED] - testObjects.add(objectSubFolder + fileNames[i]): null

2020-04-28 05:52:03 - [TEST_STEP][PASSED] - if (fileNames[i].contains(".rs")): null

2020-04-28 05:52:03 - [TEST_STEP][PASSED] - fileNames[i] = fileNames[i].replace(".rs", ""): null

2020-04-28 05:52:03 - [TEST_STEP][PASSED] - testObjects.add(objectSubFolder + fileNames[i]): null

2020-04-28 05:52:03 - [TEST_STEP][PASSED] - if (fileNames[i].contains(".rs")): null

2020-04-28 05:52:03 - [TEST_STEP][PASSED] - fileNames[i] = fileNames[i].replace(".rs", ""): null

2020-04-28 05:52:03 - [TEST_STEP][PASSED] - testObjects.add(objectSubFolder + fileNames[i]): null

2020-04-28 05:52:03 - [TEST_STEP][PASSED] - if (fileNames[i].contains(".rs")): null

2020-04-28 05:52:03 - [TEST_STEP][PASSED] - fileNames[i] = fileNames[i].replace(".rs", ""): null

2020-04-28 05:52:03 - [TEST_STEP][PASSED] - testObjects.add(objectSubFolder + fileNames[i]): null

2020-04-28 05:52:03 - [TEST_STEP][PASSED] - if (fileNames[i].contains(".rs")): null

2020-04-28 05:52:03 - [TEST_STEP][PASSED] - fileNames[i] = fileNames[i].replace(".rs", ""): null

2020-04-28 05:52:03 - [TEST_STEP][PASSED] - testObjects.add(objectSubFolder + fileNames[i]): null

2020-04-28 05:52:03 - [TEST_STEP][PASSED] - if (fileNames[i].contains(".rs")): null

2020-04-28 05:52:03 - [TEST_STEP][PASSED] - fileNames[i] = fileNames[i].replace(".rs", ""): null

2020-04-28 05:52:03 - [TEST_STEP][PASSED] - testObjects.add(objectSubFolder + fileNames[i]): null

2020-04-28 05:52:03 - [TEST_STEP][PASSED] - if (fileNames[i].contains(".rs")): null

2020-04-28 05:52:03 - [TEST_STEP][PASSED] - fileNames[i] = fileNames[i].replace(".rs", ""): null

2020-04-28 05:52:03 - [TEST_STEP][PASSED] - testObjects.add(objectSubFolder + fileNames[i]): null

2020-04-28 05:52:03 - [TEST_STEP][PASSED] - if (fileNames[i].contains(".rs")): null

2020-04-28 05:52:03 - [TEST_STEP][PASSED] - fileNames[i] = fileNames[i].replace(".rs", ""): null

2020-04-28 05:52:03 - [TEST_STEP][PASSED] - testObjects.add(objectSubFolder + fileNames[i]): null

2020-04-28 05:52:03 - [TEST_STEP][PASSED] - for (String obj : testObjects): Object 'Object Repository/Web RoomMe.id\Sign Up Menu\Textfield Phone Number' is visible

2020-04-28 05:52:03 - [TEST_STEP][PASSED] - verifyElementVisible(findTestObject(obj)): Object 'Object Repository/Web RoomMe.id\Sign Up Menu\Button Sign In' is visible

2020-04-28 05:52:03 - [MESSAGE][PASSED] - Object 'Object Repository/Web RoomMe.id\Sign Up Menu\Button Sign In' is visible

2020-04-28 05:52:03 - [TEST_STEP][PASSED] - verifyElementVisible(findTestObject(obj)): Object 'Object Repository/Web RoomMe.id\Sign Up Menu\Button Sign Up' is visible

2020-04-28 05:52:03 - [MESSAGE][PASSED] - Object 'Object Repository/Web RoomMe.id\Sign Up Menu\Button Sign Up' is visible

2020-04-28 05:52:03 - [TEST_STEP][PASSED] - verifyElementVisible(findTestObject(obj)): Object 'Object Repository/Web RoomMe.id\Sign Up Menu\Name Textfield' is visible

2020-04-28 05:52:04 - [MESSAGE][PASSED] - Object 'Object Repository/Web RoomMe.id\Sign Up Menu\Name Textfield' is visible

2020-04-28 05:52:04 - [TEST_STEP][PASSED] - verifyElementVisible(findTestObject(obj)): Object 'Object Repository/Web RoomMe.id\Sign Up Menu\Text Are you have an account' is visible

2020-04-28 05:52:04 - [MESSAGE][PASSED] - Object 'Object Repository/Web RoomMe.id\Sign Up Menu\Text Are you have an account' is visible

2020-04-28 05:52:04 - [TEST_STEP][PASSED] - verifyElementVisible(findTestObject(obj)): Object 'Object Repository/Web RoomMe.id\Sign Up Menu\Text Confirm Password' is visible

2020-04-28 05:52:05 - [MESSAGE][PASSED] - Object 'Object Repository/Web RoomMe.id\Sign Up Menu\Text Confirm Password' is visible

2020-04-28 05:52:05 - [TEST_STEP][PASSED] - verifyElementVisible(findTestObject(obj)): Object 'Object Repository/Web RoomMe.id\Sign Up Menu\Text Email Address' is visible

2020-04-28 05:52:05 - [MESSAGE][PASSED] - Object 'Object Repository/Web RoomMe.id\Sign Up Menu\Text Email Address' is visible

2020-04-28 05:52:05 - [TEST_STEP][PASSED] - verifyElementVisible(findTestObject(obj)): Object 'Object Repository/Web RoomMe.id\Sign Up Menu\Text Full Name' is visible

2020-04-28 05:52:06 - [MESSAGE][PASSED] - Object 'Object Repository/Web RoomMe.id\Sign Up Menu\Text Full Name' is visible

2020-04-28 05:52:06 - [TEST_STEP][PASSED] - verifyElementVisible(findTestObject(obj)): Object 'Object Repository/Web RoomMe.id\Sign Up Menu\Text Password' is visible

2020-04-28 05:52:06 - [MESSAGE][PASSED] - Object 'Object Repository/Web RoomMe.id\Sign Up Menu\Text Password' is visible

2020-04-28 05:52:06 - [TEST_STEP][PASSED] - verifyElementVisible(findTestObject(obj)): Object 'Object Repository/Web RoomMe.id\Sign Up Menu\Text Phone Number' is visible

2020-04-28 05:52:07 - [MESSAGE][PASSED] - Object 'Object Repository/Web RoomMe.id\Sign Up Menu\Text Phone Number' is visible

2020-04-28 05:52:07 - [TEST_STEP][PASSED] - verifyElementVisible(findTestObject(obj)): Object 'Object Repository/Web RoomMe.id\Sign Up Menu\Textfield Confirm Password' is visible

2020-04-28 05:52:07 - [MESSAGE][PASSED] - Object 'Object Repository/Web RoomMe.id\Sign Up Menu\Textfield Confirm Password' is visible

2020-04-28 05:52:07 - [TEST_STEP][PASSED] - verifyElementVisible(findTestObject(obj)): Object 'Object Repository/Web RoomMe.id\Sign Up Menu\Textfield Email' is visible

2020-04-28 05:52:08 - [MESSAGE][PASSED] - Object 'Object Repository/Web RoomMe.id\Sign Up Menu\Textfield Email' is visible

2020-04-28 05:52:08 - [TEST_STEP][PASSED] - verifyElementVisible(findTestObject(obj)): Object 'Object Repository/Web RoomMe.id\Sign Up Menu\Textfield Password' is visible

2020-04-28 05:52:08 - [MESSAGE][PASSED] - Object 'Object Repository/Web RoomMe.id\Sign Up Menu\Textfield Password' is visible

2020-04-28 05:52:08 - [TEST_STEP][PASSED] - verifyElementVisible(findTestObject(obj)): Object 'Object Repository/Web RoomMe.id\Sign Up Menu\Textfield Phone Number' is visible

2020-04-28 05:52:08 - [MESSAGE][PASSED] - Object 'Object Repository/Web RoomMe.id\Sign Up Menu\Textfield Phone Number' is visible

2020-04-28 05:52:08 - [MESSAGE][PASSED] - Call Test Case 'Test Cases/Web RoomMe.id/2. Sign Up/Verify Sign Up Menu' successfully

2020-04-28 05:52:08 - [TEST_STEP][PASSED] - waitForElementVisible(findTestObject("Web RoomMe.id/Sign Up Menu/Name Textfield"), 0): Object 'Object Repository/Web RoomMe.id/Sign Up Menu/Name Textfield' is visible

2020-04-28 05:52:09 - [MESSAGE][WARNING] - Timeout '0' is invalid. Using default page load timeout: '30'

2020-04-28 05:52:09 - [MESSAGE][PASSED] - Object 'Object Repository/Web RoomMe.id/Sign Up Menu/Name Textfield' is visible

2020-04-28 05:52:09 - [TEST_STEP][PASSED] - setText(findTestObject("Web RoomMe.id/Sign Up Menu/Name Textfield"), "Faldi Test AT"): Text 'Faldi Test AT' is set on object 'Object Repository/Web RoomMe.id/Sign Up Menu/Name Textfield'

2020-04-28 05:52:10 - [MESSAGE][PASSED] - Text 'Faldi Test AT' is set on object 'Object Repository/Web RoomMe.id/Sign Up Menu/Name Textfield'

2020-04-28 05:52:10 - [TEST_STEP][NOT_RUN] - getAttribute(findTestObject("Web RoomMe.id/Sign Up Menu/Name Textfield"), "tag"): NOT_RUN: getAttribute(findTestObject("Web RoomMe.id/Sign Up Menu/Name Textfield"), "tag")

2020-04-28 05:52:10 - [MESSAGE][NOT_RUN] - NOT_RUN: getAttribute(findTestObject("Web RoomMe.id/Sign Up Menu/Name Textfield"), "tag")

2020-04-28 05:52:10 - [TEST_STEP][NOT_RUN] - namauser = concatenate(findTestObject("Web RoomMe.id/Sign Up Menu/Name Textfield")): NOT_RUN: namauser = concatenate(findTestObject("Web RoomMe.id/Sign Up Menu/Name Textfield"))

2020-04-28 05:52:10 - [MESSAGE][NOT_RUN] - NOT_RUN: namauser = concatenate(findTestObject("Web RoomMe.id/Sign Up Menu/Name Textfield"))

2020-04-28 05:52:10 - [TEST_STEP][PASSED] - setText(findTestObject("Web RoomMe.id/Sign Up Menu/Textfield Email"), "faldiat" + RandomStringUtils.randomNumeric(5)): Text 'faldiat96373' is set on object 'Object Repository/Web RoomMe.id/Sign Up Menu/Textfield Email'

2020-04-28 05:52:11 - [MESSAGE][PASSED] - Text 'faldiat96373' is set on object 'Object Repository/Web RoomMe.id/Sign Up Menu/Textfield Email'

2020-04-28 05:52:11 - [TEST_STEP][PASSED] - sendKeys(findTestObject("Web RoomMe.id/Sign Up Menu/Textfield Email"), "@gmail.com"): Keys '@gmail.com' sent to object: 'Object Repository/Web RoomMe.id/Sign Up Menu/Textfield Email'

2020-04-28 05:52:11 - [MESSAGE][PASSED] - Keys '@gmail.com' sent to object: 'Object Repository/Web RoomMe.id/Sign Up Menu/Textfield Email'

2020-04-28 05:52:11 - [TEST_STEP][PASSED] - setText(findTestObject("Web RoomMe.id/Sign Up Menu/Textfield Phone Number"), "081234567890"): Text '081234567890' is set on object 'Object Repository/Web RoomMe.id/Sign Up Menu/Textfield Phone Number'

2020-04-28 05:52:12 - [MESSAGE][PASSED] - Text '081234567890' is set on object 'Object Repository/Web RoomMe.id/Sign Up Menu/Textfield Phone Number'

2020-04-28 05:52:12 - [TEST_STEP][PASSED] - setEncryptedText(findTestObject("Web RoomMe.id/Sign Up Menu/Textfield Password"), "da8fEzhczGg="): Text ****** has been set on object 'Object Repository/Web RoomMe.id/Sign Up Menu/Textfield Password'

2020-04-28 05:52:13 - [MESSAGE][PASSED] - Text ****** has been set on object 'Object Repository/Web RoomMe.id/Sign Up Menu/Textfield Password'

2020-04-28 05:52:13 - [TEST_STEP][PASSED] - setEncryptedText(findTestObject("Web RoomMe.id/Sign Up Menu/Textfield Confirm Password"), "da8fEzhczGg="): Text ****** has been set on object 'Object Repository/Web RoomMe.id/Sign Up Menu/Textfield Confirm Password'

2020-04-28 05:52:14 - [MESSAGE][PASSED] - Text ****** has been set on object 'Object Repository/Web RoomMe.id/Sign Up Menu/Textfield Confirm Password'

2020-04-28 05:52:14 - [TEST_STEP][PASSED] - click(findTestObject("Web RoomMe.id/Sign Up Menu/Button Sign Up")): Object: 'Object Repository/Web RoomMe.id/Sign Up Menu/Button Sign Up' is clicked on

2020-04-28 05:52:15 - [MESSAGE][PASSED] - Object: 'Object Repository/Web RoomMe.id/Sign Up Menu/Button Sign Up' is clicked on

2020-04-28 05:52:15 - [TEST_STEP][NOT_RUN] - waitForPageLoad(0): NOT_RUN: waitForPageLoad(0)

2020-04-28 05:52:15 - [MESSAGE][NOT_RUN] - NOT_RUN: waitForPageLoad(0)

2020-04-28 05:52:15 - [TEST_STEP][NOT_RUN] - verifyElementVisible(findTestObject("Web RoomMe.id/Sign Up Menu/Success Sign Up/Button Close")): NOT_RUN: verifyElementVisible(findTestObject("Web RoomMe.id/Sign Up Menu/Success Sign Up/Button Close"))

2020-04-28 05:52:15 - [MESSAGE][NOT_RUN] - NOT_RUN: verifyElementVisible(findTestObject("Web RoomMe.id/Sign Up Menu/Success Sign Up/Button Close"))

2020-04-28 05:52:15 - [TEST_STEP][NOT_RUN] - verifyElementVisible(findTestObject("Web RoomMe.id/Sign Up Menu/Success Sign Up/Image Logo RoomMe")): NOT_RUN: verifyElementVisible(findTestObject("Web RoomMe.id/Sign Up Menu/Success Sign Up/Image Logo RoomMe"))

2020-04-28 05:52:15 - [MESSAGE][NOT_RUN] - NOT_RUN: verifyElementVisible(findTestObject("Web RoomMe.id/Sign Up Menu/Success Sign Up/Image Logo RoomMe"))

2020-04-28 05:52:15 - [TEST_STEP][NOT_RUN] - verifyElementVisible(findTestObject("Web RoomMe.id/Sign Up Menu/Success Sign Up/Text Welcome to RoomMe")): NOT_RUN: verifyElementVisible(findTestObject("Web RoomMe.id/Sign Up Menu/Success Sign Up/Text Welcome to RoomMe"))

2020-04-28 05:52:15 - [MESSAGE][NOT_RUN] - NOT_RUN: verifyElementVisible(findTestObject("Web RoomMe.id/Sign Up Menu/Success Sign Up/Text Welcome to RoomMe"))

2020-04-28 05:52:15 - [TEST_STEP][NOT_RUN] - verifyElementVisible(findTestObject("Web RoomMe.id/Sign Up Menu/Success Sign Up/Text User Full Name")): NOT_RUN: verifyElementVisible(findTestObject("Web RoomMe.id/Sign Up Menu/Success Sign Up/Text User Full Name"))

2020-04-28 05:52:15 - [MESSAGE][NOT_RUN] - NOT_RUN: verifyElementVisible(findTestObject("Web RoomMe.id/Sign Up Menu/Success Sign Up/Text User Full Name"))

2020-04-28 05:52:15 - [TEST_STEP][NOT_RUN] - verifyElementText(findTestObject("Web RoomMe.id/Sign Up Menu/Success Sign Up/Text User Full Name"), namauser): NOT_RUN: verifyElementText(findTestObject("Web RoomMe.id/Sign Up Menu/Success Sign Up/Text User Full Name"), namauser)

2020-04-28 05:52:15 - [MESSAGE][NOT_RUN] - NOT_RUN: verifyElementText(findTestObject("Web RoomMe.id/Sign Up Menu/Success Sign Up/Text User Full Name"), namauser)

2020-04-28 05:52:15 - [TEST_STEP][NOT_RUN] - verifyElementVisible(findTestObject("Web RoomMe.id/Sign Up Menu/Success Sign Up/Text Thank you Youve successfully signed up")): NOT_RUN: verifyElementVisible(findTestObject("Web RoomMe.id/Sign Up Menu/Success Sign Up/Text Thank you Youve successfully signed up"))

2020-04-28 05:52:15 - [MESSAGE][NOT_RUN] - NOT_RUN: verifyElementVisible(findTestObject("Web RoomMe.id/Sign Up Menu/Success Sign Up/Text Thank you Youve successfully signed up"))

2020-04-28 05:52:15 - [TEST_STEP][NOT_RUN] - verifyElementVisible(findTestObject("Web RoomMe.id/Sign Up Menu/Success Sign Up/Text Please check your email for activation")): NOT_RUN: verifyElementVisible(findTestObject("Web RoomMe.id/Sign Up Menu/Success Sign Up/Text Please check your email for activation"))

2020-04-28 05:52:15 - [MESSAGE][NOT_RUN] - NOT_RUN: verifyElementVisible(findTestObject("Web RoomMe.id/Sign Up Menu/Success Sign Up/Text Please check your email for activation"))]]></system-out>
         <system-err><![CDATA[]]></system-err>
      </testcase>
      <testcase name="Test Cases/Web RoomMe.id/2. Sign Up/5. Customer Input Phone Number with Invalid Format" time="27.211" classname="Test Cases/Web RoomMe.id/2. Sign Up/5. Customer Input Phone Number with Invalid Format" status="PASSED">
         <system-out><![CDATA[2020-04-28 05:52:15 - [TEST_CASE][PASSED] - Test Cases/Web RoomMe.id/2. Sign Up/5. Customer Input Phone Number with Invalid Format: Test Cases/Web RoomMe.id/2. Sign Up/5. Customer Input Phone Number with Invalid Format

2020-04-28 05:52:16 - [TEST_STEP][PASSED] - callTestCase(findTestCase("Web RoomMe.id/1. Homepage/1. Customer Access RoomMe Page"), [:], STOP_ON_FAILURE): Call Test Case 'Test Cases/Web RoomMe.id/1. Homepage/1. Customer Access RoomMe Page' successfully

2020-04-28 05:52:16 - [TEST_CASE][PASSED] - Test Cases/Web RoomMe.id/1. Homepage/1. Customer Access RoomMe Page: Test Cases/Web RoomMe.id/1. Homepage/1. Customer Access RoomMe Page

2020-04-28 05:52:16 - [TEST_STEP][PASSED] - openBrowser("https://web.roomme.id/"): Browser is opened with url: 'https://web.roomme.id/'

2020-04-28 05:52:16 - [MESSAGE][WARNING] - A browser is already opened. Closing browser and opening a new one

2020-04-28 05:52:16 - [MESSAGE][INFO] - Starting 'Chrome' driver

2020-04-28 05:52:23 - [MESSAGE][PASSED] - Browser is opened with url: 'https://web.roomme.id/'

2020-04-28 05:52:23 - [TEST_STEP][PASSED] - maximizeWindow(): Current window maximized

2020-04-28 05:52:26 - [MESSAGE][PASSED] - Current window maximized

2020-04-28 05:52:26 - [TEST_STEP][PASSED] - waitForPageLoad(0): Wait for page load successfully

2020-04-28 05:52:26 - [MESSAGE][WARNING] - Timeout '0' is invalid. Using default page load timeout: '30'

2020-04-28 05:52:26 - [MESSAGE][PASSED] - Wait for page load successfully

2020-04-28 05:52:26 - [MESSAGE][PASSED] - Call Test Case 'Test Cases/Web RoomMe.id/1. Homepage/1. Customer Access RoomMe Page' successfully

2020-04-28 05:52:26 - [TEST_STEP][PASSED] - callTestCase(findTestCase("Web RoomMe.id/1. Homepage/2. Verify Header RoomMe.id"), [:], STOP_ON_FAILURE): Call Test Case 'Test Cases/Web RoomMe.id/1. Homepage/2. Verify Header RoomMe.id' successfully

2020-04-28 05:52:26 - [TEST_CASE][PASSED] - Test Cases/Web RoomMe.id/1. Homepage/2. Verify Header RoomMe.id: Test Cases/Web RoomMe.id/1. Homepage/2. Verify Header RoomMe.id

2020-04-28 05:52:26 - [TEST_STEP][PASSED] - objectSubFolder = "Web RoomMe.id\RoomMe.id Header\": null

2020-04-28 05:52:26 - [TEST_STEP][PASSED] - pathToObjRep = getProjectDir() + "\Object Repository\" + objectSubFolder: null

2020-04-28 05:52:26 - [TEST_STEP][PASSED] - yourObjects = new java.io.File(pathToObjRep): null

2020-04-28 05:52:26 - [TEST_STEP][PASSED] - fileNames = yourObjects.list(): null

2020-04-28 05:52:26 - [TEST_STEP][PASSED] - testObjects = new java.util.ArrayList(): null

2020-04-28 05:52:26 - [TEST_STEP][PASSED] - for ([i = 0, i < length, (i++)]): null

2020-04-28 05:52:26 - [TEST_STEP][PASSED] - if (fileNames[i].contains(".rs")): null

2020-04-28 05:52:26 - [TEST_STEP][PASSED] - if (fileNames[i].contains(".rs")): null

2020-04-28 05:52:26 - [TEST_STEP][PASSED] - fileNames[i] = fileNames[i].replace(".rs", ""): null

2020-04-28 05:52:26 - [TEST_STEP][PASSED] - testObjects.add(objectSubFolder + fileNames[i]): null

2020-04-28 05:52:26 - [TEST_STEP][PASSED] - if (fileNames[i].contains(".rs")): null

2020-04-28 05:52:26 - [TEST_STEP][PASSED] - fileNames[i] = fileNames[i].replace(".rs", ""): null

2020-04-28 05:52:26 - [TEST_STEP][PASSED] - testObjects.add(objectSubFolder + fileNames[i]): null

2020-04-28 05:52:26 - [TEST_STEP][PASSED] - if (fileNames[i].contains(".rs")): null

2020-04-28 05:52:26 - [TEST_STEP][PASSED] - fileNames[i] = fileNames[i].replace(".rs", ""): null

2020-04-28 05:52:26 - [TEST_STEP][PASSED] - testObjects.add(objectSubFolder + fileNames[i]): null

2020-04-28 05:52:26 - [TEST_STEP][PASSED] - if (fileNames[i].contains(".rs")): null

2020-04-28 05:52:26 - [TEST_STEP][PASSED] - fileNames[i] = fileNames[i].replace(".rs", ""): null

2020-04-28 05:52:26 - [TEST_STEP][PASSED] - testObjects.add(objectSubFolder + fileNames[i]): null

2020-04-28 05:52:26 - [TEST_STEP][PASSED] - if (fileNames[i].contains(".rs")): null

2020-04-28 05:52:26 - [TEST_STEP][PASSED] - for (String obj : testObjects): Object 'Object Repository/Web RoomMe.id\RoomMe.id Header\Image Header Logo' is visible

2020-04-28 05:52:26 - [TEST_STEP][PASSED] - verifyElementVisible(findTestObject(obj)): Object 'Object Repository/Web RoomMe.id\RoomMe.id Header\Button Are You Landlord' is visible

2020-04-28 05:52:26 - [MESSAGE][PASSED] - Object 'Object Repository/Web RoomMe.id\RoomMe.id Header\Button Are You Landlord' is visible

2020-04-28 05:52:26 - [TEST_STEP][PASSED] - verifyElementVisible(findTestObject(obj)): Object 'Object Repository/Web RoomMe.id\RoomMe.id Header\Button Community' is visible

2020-04-28 05:52:27 - [MESSAGE][PASSED] - Object 'Object Repository/Web RoomMe.id\RoomMe.id Header\Button Community' is visible

2020-04-28 05:52:27 - [TEST_STEP][PASSED] - verifyElementVisible(findTestObject(obj)): Object 'Object Repository/Web RoomMe.id\RoomMe.id Header\Button Sign In' is visible

2020-04-28 05:52:28 - [MESSAGE][PASSED] - Object 'Object Repository/Web RoomMe.id\RoomMe.id Header\Button Sign In' is visible

2020-04-28 05:52:28 - [TEST_STEP][PASSED] - verifyElementVisible(findTestObject(obj)): Object 'Object Repository/Web RoomMe.id\RoomMe.id Header\Image Header Logo' is visible

2020-04-28 05:52:28 - [MESSAGE][PASSED] - Object 'Object Repository/Web RoomMe.id\RoomMe.id Header\Image Header Logo' is visible

2020-04-28 05:52:28 - [MESSAGE][PASSED] - Call Test Case 'Test Cases/Web RoomMe.id/1. Homepage/2. Verify Header RoomMe.id' successfully

2020-04-28 05:52:28 - [TEST_STEP][PASSED] - click(findTestObject("Web RoomMe.id/RoomMe.id Header/Button Sign In")): Object: 'Object Repository/Web RoomMe.id/RoomMe.id Header/Button Sign In' is clicked on

2020-04-28 05:52:29 - [MESSAGE][PASSED] - Object: 'Object Repository/Web RoomMe.id/RoomMe.id Header/Button Sign In' is clicked on

2020-04-28 05:52:29 - [TEST_STEP][PASSED] - waitForElementVisible(findTestObject("Web RoomMe.id/Sign In Menu/Button Sign Up"), 0): Object 'Object Repository/Web RoomMe.id/Sign In Menu/Button Sign Up' is visible

2020-04-28 05:52:29 - [MESSAGE][WARNING] - Timeout '0' is invalid. Using default page load timeout: '30'

2020-04-28 05:52:29 - [MESSAGE][PASSED] - Object 'Object Repository/Web RoomMe.id/Sign In Menu/Button Sign Up' is visible

2020-04-28 05:52:29 - [TEST_STEP][PASSED] - click(findTestObject("Web RoomMe.id/Sign In Menu/Button Sign Up")): Object: 'Object Repository/Web RoomMe.id/Sign In Menu/Button Sign Up' is clicked on

2020-04-28 05:52:30 - [MESSAGE][PASSED] - Object: 'Object Repository/Web RoomMe.id/Sign In Menu/Button Sign Up' is clicked on

2020-04-28 05:52:30 - [TEST_STEP][PASSED] - callTestCase(findTestCase("Web RoomMe.id/2. Sign Up/Verify Sign Up Menu"), [:], STOP_ON_FAILURE): Call Test Case 'Test Cases/Web RoomMe.id/2. Sign Up/Verify Sign Up Menu' successfully

2020-04-28 05:52:30 - [TEST_CASE][PASSED] - Test Cases/Web RoomMe.id/2. Sign Up/Verify Sign Up Menu: Test Cases/Web RoomMe.id/2. Sign Up/Verify Sign Up Menu

2020-04-28 05:52:30 - [TEST_STEP][PASSED] - objectSubFolder = "Web RoomMe.id\Sign Up Menu\": null

2020-04-28 05:52:30 - [TEST_STEP][PASSED] - pathToObjRep = getProjectDir() + "\Object Repository\" + objectSubFolder: null

2020-04-28 05:52:30 - [TEST_STEP][PASSED] - yourObjects = new java.io.File(pathToObjRep): null

2020-04-28 05:52:30 - [TEST_STEP][PASSED] - fileNames = yourObjects.list(): null

2020-04-28 05:52:30 - [TEST_STEP][PASSED] - testObjects = new java.util.ArrayList(): null

2020-04-28 05:52:30 - [TEST_STEP][PASSED] - for ([i = 0, i < length, (i++)]): null

2020-04-28 05:52:30 - [TEST_STEP][PASSED] - if (fileNames[i].contains(".rs")): null

2020-04-28 05:52:30 - [TEST_STEP][PASSED] - fileNames[i] = fileNames[i].replace(".rs", ""): null

2020-04-28 05:52:30 - [TEST_STEP][PASSED] - testObjects.add(objectSubFolder + fileNames[i]): null

2020-04-28 05:52:30 - [TEST_STEP][PASSED] - if (fileNames[i].contains(".rs")): null

2020-04-28 05:52:30 - [TEST_STEP][PASSED] - fileNames[i] = fileNames[i].replace(".rs", ""): null

2020-04-28 05:52:30 - [TEST_STEP][PASSED] - testObjects.add(objectSubFolder + fileNames[i]): null

2020-04-28 05:52:30 - [TEST_STEP][PASSED] - if (fileNames[i].contains(".rs")): null

2020-04-28 05:52:30 - [TEST_STEP][PASSED] - if (fileNames[i].contains(".rs")): null

2020-04-28 05:52:30 - [TEST_STEP][PASSED] - fileNames[i] = fileNames[i].replace(".rs", ""): null

2020-04-28 05:52:30 - [TEST_STEP][PASSED] - testObjects.add(objectSubFolder + fileNames[i]): null

2020-04-28 05:52:30 - [TEST_STEP][PASSED] - if (fileNames[i].contains(".rs")): null

2020-04-28 05:52:30 - [TEST_STEP][PASSED] - if (fileNames[i].contains(".rs")): null

2020-04-28 05:52:30 - [TEST_STEP][PASSED] - fileNames[i] = fileNames[i].replace(".rs", ""): null

2020-04-28 05:52:30 - [TEST_STEP][PASSED] - testObjects.add(objectSubFolder + fileNames[i]): null

2020-04-28 05:52:30 - [TEST_STEP][PASSED] - if (fileNames[i].contains(".rs")): null

2020-04-28 05:52:30 - [TEST_STEP][PASSED] - fileNames[i] = fileNames[i].replace(".rs", ""): null

2020-04-28 05:52:30 - [TEST_STEP][PASSED] - testObjects.add(objectSubFolder + fileNames[i]): null

2020-04-28 05:52:30 - [TEST_STEP][PASSED] - if (fileNames[i].contains(".rs")): null

2020-04-28 05:52:30 - [TEST_STEP][PASSED] - fileNames[i] = fileNames[i].replace(".rs", ""): null

2020-04-28 05:52:30 - [TEST_STEP][PASSED] - testObjects.add(objectSubFolder + fileNames[i]): null

2020-04-28 05:52:30 - [TEST_STEP][PASSED] - if (fileNames[i].contains(".rs")): null

2020-04-28 05:52:30 - [TEST_STEP][PASSED] - fileNames[i] = fileNames[i].replace(".rs", ""): null

2020-04-28 05:52:30 - [TEST_STEP][PASSED] - testObjects.add(objectSubFolder + fileNames[i]): null

2020-04-28 05:52:30 - [TEST_STEP][PASSED] - if (fileNames[i].contains(".rs")): null

2020-04-28 05:52:30 - [TEST_STEP][PASSED] - fileNames[i] = fileNames[i].replace(".rs", ""): null

2020-04-28 05:52:30 - [TEST_STEP][PASSED] - testObjects.add(objectSubFolder + fileNames[i]): null

2020-04-28 05:52:30 - [TEST_STEP][PASSED] - if (fileNames[i].contains(".rs")): null

2020-04-28 05:52:30 - [TEST_STEP][PASSED] - fileNames[i] = fileNames[i].replace(".rs", ""): null

2020-04-28 05:52:30 - [TEST_STEP][PASSED] - testObjects.add(objectSubFolder + fileNames[i]): null

2020-04-28 05:52:30 - [TEST_STEP][PASSED] - if (fileNames[i].contains(".rs")): null

2020-04-28 05:52:30 - [TEST_STEP][PASSED] - fileNames[i] = fileNames[i].replace(".rs", ""): null

2020-04-28 05:52:30 - [TEST_STEP][PASSED] - testObjects.add(objectSubFolder + fileNames[i]): null

2020-04-28 05:52:30 - [TEST_STEP][PASSED] - if (fileNames[i].contains(".rs")): null

2020-04-28 05:52:30 - [TEST_STEP][PASSED] - fileNames[i] = fileNames[i].replace(".rs", ""): null

2020-04-28 05:52:30 - [TEST_STEP][PASSED] - testObjects.add(objectSubFolder + fileNames[i]): null

2020-04-28 05:52:30 - [TEST_STEP][PASSED] - if (fileNames[i].contains(".rs")): null

2020-04-28 05:52:30 - [TEST_STEP][PASSED] - fileNames[i] = fileNames[i].replace(".rs", ""): null

2020-04-28 05:52:30 - [TEST_STEP][PASSED] - testObjects.add(objectSubFolder + fileNames[i]): null

2020-04-28 05:52:30 - [TEST_STEP][PASSED] - if (fileNames[i].contains(".rs")): null

2020-04-28 05:52:30 - [TEST_STEP][PASSED] - fileNames[i] = fileNames[i].replace(".rs", ""): null

2020-04-28 05:52:30 - [TEST_STEP][PASSED] - testObjects.add(objectSubFolder + fileNames[i]): null

2020-04-28 05:52:30 - [TEST_STEP][PASSED] - for (String obj : testObjects): Object 'Object Repository/Web RoomMe.id\Sign Up Menu\Textfield Phone Number' is visible

2020-04-28 05:52:30 - [TEST_STEP][PASSED] - verifyElementVisible(findTestObject(obj)): Object 'Object Repository/Web RoomMe.id\Sign Up Menu\Button Sign In' is visible

2020-04-28 05:52:30 - [MESSAGE][PASSED] - Object 'Object Repository/Web RoomMe.id\Sign Up Menu\Button Sign In' is visible

2020-04-28 05:52:30 - [TEST_STEP][PASSED] - verifyElementVisible(findTestObject(obj)): Object 'Object Repository/Web RoomMe.id\Sign Up Menu\Button Sign Up' is visible

2020-04-28 05:52:31 - [MESSAGE][PASSED] - Object 'Object Repository/Web RoomMe.id\Sign Up Menu\Button Sign Up' is visible

2020-04-28 05:52:31 - [TEST_STEP][PASSED] - verifyElementVisible(findTestObject(obj)): Object 'Object Repository/Web RoomMe.id\Sign Up Menu\Name Textfield' is visible

2020-04-28 05:52:31 - [MESSAGE][PASSED] - Object 'Object Repository/Web RoomMe.id\Sign Up Menu\Name Textfield' is visible

2020-04-28 05:52:31 - [TEST_STEP][PASSED] - verifyElementVisible(findTestObject(obj)): Object 'Object Repository/Web RoomMe.id\Sign Up Menu\Text Are you have an account' is visible

2020-04-28 05:52:31 - [MESSAGE][PASSED] - Object 'Object Repository/Web RoomMe.id\Sign Up Menu\Text Are you have an account' is visible

2020-04-28 05:52:31 - [TEST_STEP][PASSED] - verifyElementVisible(findTestObject(obj)): Object 'Object Repository/Web RoomMe.id\Sign Up Menu\Text Confirm Password' is visible

2020-04-28 05:52:32 - [MESSAGE][PASSED] - Object 'Object Repository/Web RoomMe.id\Sign Up Menu\Text Confirm Password' is visible

2020-04-28 05:52:32 - [TEST_STEP][PASSED] - verifyElementVisible(findTestObject(obj)): Object 'Object Repository/Web RoomMe.id\Sign Up Menu\Text Email Address' is visible

2020-04-28 05:52:32 - [MESSAGE][PASSED] - Object 'Object Repository/Web RoomMe.id\Sign Up Menu\Text Email Address' is visible

2020-04-28 05:52:32 - [TEST_STEP][PASSED] - verifyElementVisible(findTestObject(obj)): Object 'Object Repository/Web RoomMe.id\Sign Up Menu\Text Full Name' is visible

2020-04-28 05:52:33 - [MESSAGE][PASSED] - Object 'Object Repository/Web RoomMe.id\Sign Up Menu\Text Full Name' is visible

2020-04-28 05:52:33 - [TEST_STEP][PASSED] - verifyElementVisible(findTestObject(obj)): Object 'Object Repository/Web RoomMe.id\Sign Up Menu\Text Password' is visible

2020-04-28 05:52:33 - [MESSAGE][PASSED] - Object 'Object Repository/Web RoomMe.id\Sign Up Menu\Text Password' is visible

2020-04-28 05:52:33 - [TEST_STEP][PASSED] - verifyElementVisible(findTestObject(obj)): Object 'Object Repository/Web RoomMe.id\Sign Up Menu\Text Phone Number' is visible

2020-04-28 05:52:33 - [MESSAGE][PASSED] - Object 'Object Repository/Web RoomMe.id\Sign Up Menu\Text Phone Number' is visible

2020-04-28 05:52:33 - [TEST_STEP][PASSED] - verifyElementVisible(findTestObject(obj)): Object 'Object Repository/Web RoomMe.id\Sign Up Menu\Textfield Confirm Password' is visible

2020-04-28 05:52:34 - [MESSAGE][PASSED] - Object 'Object Repository/Web RoomMe.id\Sign Up Menu\Textfield Confirm Password' is visible

2020-04-28 05:52:34 - [TEST_STEP][PASSED] - verifyElementVisible(findTestObject(obj)): Object 'Object Repository/Web RoomMe.id\Sign Up Menu\Textfield Email' is visible

2020-04-28 05:52:34 - [MESSAGE][PASSED] - Object 'Object Repository/Web RoomMe.id\Sign Up Menu\Textfield Email' is visible

2020-04-28 05:52:34 - [TEST_STEP][PASSED] - verifyElementVisible(findTestObject(obj)): Object 'Object Repository/Web RoomMe.id\Sign Up Menu\Textfield Password' is visible

2020-04-28 05:52:34 - [MESSAGE][PASSED] - Object 'Object Repository/Web RoomMe.id\Sign Up Menu\Textfield Password' is visible

2020-04-28 05:52:34 - [TEST_STEP][PASSED] - verifyElementVisible(findTestObject(obj)): Object 'Object Repository/Web RoomMe.id\Sign Up Menu\Textfield Phone Number' is visible

2020-04-28 05:52:35 - [MESSAGE][PASSED] - Object 'Object Repository/Web RoomMe.id\Sign Up Menu\Textfield Phone Number' is visible

2020-04-28 05:52:35 - [MESSAGE][PASSED] - Call Test Case 'Test Cases/Web RoomMe.id/2. Sign Up/Verify Sign Up Menu' successfully

2020-04-28 05:52:35 - [TEST_STEP][PASSED] - waitForElementVisible(findTestObject("Web RoomMe.id/Sign Up Menu/Textfield Phone Number"), 30, STOP_ON_FAILURE): Object 'Object Repository/Web RoomMe.id/Sign Up Menu/Textfield Phone Number' is visible

2020-04-28 05:52:35 - [MESSAGE][PASSED] - Object 'Object Repository/Web RoomMe.id/Sign Up Menu/Textfield Phone Number' is visible

2020-04-28 05:52:35 - [TEST_STEP][PASSED] - setText(findTestObject("Web RoomMe.id/Sign Up Menu/Textfield Phone Number"), "abcdefghij"): Text 'abcdefghij' is set on object 'Object Repository/Web RoomMe.id/Sign Up Menu/Textfield Phone Number'

2020-04-28 05:52:36 - [MESSAGE][PASSED] - Text 'abcdefghij' is set on object 'Object Repository/Web RoomMe.id/Sign Up Menu/Textfield Phone Number'

2020-04-28 05:52:36 - [TEST_STEP][PASSED] - waitForElementVisible(findTestObject("Web RoomMe.id/Sign Up Menu/Error Message/Text Invalid phone number"), 30, STOP_ON_FAILURE): Object 'Object Repository/Web RoomMe.id/Sign Up Menu/Error Message/Text Invalid phone number' is visible

2020-04-28 05:52:36 - [MESSAGE][PASSED] - Object 'Object Repository/Web RoomMe.id/Sign Up Menu/Error Message/Text Invalid phone number' is visible

2020-04-28 05:52:36 - [TEST_STEP][PASSED] - sendKeys(findTestObject("Web RoomMe.id/Sign Up Menu/Textfield Phone Number"), Keys.chord(CONTROL, "a", BACK_SPACE)): Keys 'CONTROL + BACK_SPACE + a' sent to object: 'Object Repository/Web RoomMe.id/Sign Up Menu/Textfield Phone Number'

2020-04-28 05:52:37 - [MESSAGE][PASSED] - Keys 'CONTROL + BACK_SPACE + a' sent to object: 'Object Repository/Web RoomMe.id/Sign Up Menu/Textfield Phone Number'

2020-04-28 05:52:37 - [TEST_STEP][PASSED] - setText(findTestObject("Web RoomMe.id/Sign Up Menu/Textfield Phone Number"), "12345abcde"): Text '12345abcde' is set on object 'Object Repository/Web RoomMe.id/Sign Up Menu/Textfield Phone Number'

2020-04-28 05:52:38 - [MESSAGE][PASSED] - Text '12345abcde' is set on object 'Object Repository/Web RoomMe.id/Sign Up Menu/Textfield Phone Number'

2020-04-28 05:52:38 - [TEST_STEP][PASSED] - waitForElementVisible(findTestObject("Web RoomMe.id/Sign Up Menu/Error Message/Text Invalid phone number"), 30, STOP_ON_FAILURE): Object 'Object Repository/Web RoomMe.id/Sign Up Menu/Error Message/Text Invalid phone number' is visible

2020-04-28 05:52:38 - [MESSAGE][PASSED] - Object 'Object Repository/Web RoomMe.id/Sign Up Menu/Error Message/Text Invalid phone number' is visible

2020-04-28 05:52:38 - [TEST_STEP][PASSED] - sendKeys(findTestObject("Web RoomMe.id/Sign Up Menu/Textfield Phone Number"), Keys.chord(CONTROL, "a", BACK_SPACE)): Keys 'CONTROL + BACK_SPACE + a' sent to object: 'Object Repository/Web RoomMe.id/Sign Up Menu/Textfield Phone Number'

2020-04-28 05:52:39 - [MESSAGE][PASSED] - Keys 'CONTROL + BACK_SPACE + a' sent to object: 'Object Repository/Web RoomMe.id/Sign Up Menu/Textfield Phone Number'

2020-04-28 05:52:39 - [TEST_STEP][PASSED] - setText(findTestObject("Web RoomMe.id/Sign Up Menu/Textfield Phone Number"), "08123456 7890"): Text '08123456 7890' is set on object 'Object Repository/Web RoomMe.id/Sign Up Menu/Textfield Phone Number'

2020-04-28 05:52:40 - [MESSAGE][PASSED] - Text '08123456 7890' is set on object 'Object Repository/Web RoomMe.id/Sign Up Menu/Textfield Phone Number'

2020-04-28 05:52:40 - [TEST_STEP][PASSED] - waitForElementVisible(findTestObject("Web RoomMe.id/Sign Up Menu/Error Message/Text Invalid phone number"), 30, STOP_ON_FAILURE): Object 'Object Repository/Web RoomMe.id/Sign Up Menu/Error Message/Text Invalid phone number' is visible

2020-04-28 05:52:40 - [MESSAGE][PASSED] - Object 'Object Repository/Web RoomMe.id/Sign Up Menu/Error Message/Text Invalid phone number' is visible

2020-04-28 05:52:40 - [TEST_STEP][PASSED] - sendKeys(findTestObject("Web RoomMe.id/Sign Up Menu/Textfield Phone Number"), Keys.chord(CONTROL, "a", BACK_SPACE)): Keys 'CONTROL + BACK_SPACE + a' sent to object: 'Object Repository/Web RoomMe.id/Sign Up Menu/Textfield Phone Number'

2020-04-28 05:52:40 - [MESSAGE][PASSED] - Keys 'CONTROL + BACK_SPACE + a' sent to object: 'Object Repository/Web RoomMe.id/Sign Up Menu/Textfield Phone Number'

2020-04-28 05:52:40 - [TEST_STEP][PASSED] - setText(findTestObject("Web RoomMe.id/Sign Up Menu/Textfield Phone Number"), "!@#$%^&*()"): Text '!@#$%^&*()' is set on object 'Object Repository/Web RoomMe.id/Sign Up Menu/Textfield Phone Number'

2020-04-28 05:52:41 - [MESSAGE][PASSED] - Text '!@#$%^&*()' is set on object 'Object Repository/Web RoomMe.id/Sign Up Menu/Textfield Phone Number'

2020-04-28 05:52:41 - [TEST_STEP][PASSED] - waitForElementVisible(findTestObject("Web RoomMe.id/Sign Up Menu/Error Message/Text Invalid phone number"), 30, STOP_ON_FAILURE): Object 'Object Repository/Web RoomMe.id/Sign Up Menu/Error Message/Text Invalid phone number' is visible

2020-04-28 05:52:42 - [MESSAGE][PASSED] - Object 'Object Repository/Web RoomMe.id/Sign Up Menu/Error Message/Text Invalid phone number' is visible

2020-04-28 05:52:42 - [TEST_STEP][PASSED] - sendKeys(findTestObject("Web RoomMe.id/Sign Up Menu/Textfield Phone Number"), Keys.chord(CONTROL, "a", BACK_SPACE)): Keys 'CONTROL + BACK_SPACE + a' sent to object: 'Object Repository/Web RoomMe.id/Sign Up Menu/Textfield Phone Number'

2020-04-28 05:52:42 - [MESSAGE][PASSED] - Keys 'CONTROL + BACK_SPACE + a' sent to object: 'Object Repository/Web RoomMe.id/Sign Up Menu/Textfield Phone Number']]></system-out>
         <system-err><![CDATA[]]></system-err>
      </testcase>
      <testcase name="Test Cases/Web RoomMe.id/2. Sign Up/3. Customer Input Name Field with Invalid Format" time="74.655" classname="Test Cases/Web RoomMe.id/2. Sign Up/3. Customer Input Name Field with Invalid Format" status="PASSED">
         <system-out><![CDATA[2020-04-28 05:52:42 - [TEST_CASE][PASSED] - Test Cases/Web RoomMe.id/2. Sign Up/3. Customer Input Name Field with Invalid Format: Test Cases/Web RoomMe.id/2. Sign Up/3. Customer Input Name Field with Invalid Format

2020-04-28 05:52:43 - [TEST_STEP][PASSED] - callTestCase(findTestCase("Web RoomMe.id/1. Homepage/1. Customer Access RoomMe Page"), [:], STOP_ON_FAILURE): Call Test Case 'Test Cases/Web RoomMe.id/1. Homepage/1. Customer Access RoomMe Page' successfully

2020-04-28 05:52:43 - [TEST_CASE][PASSED] - Test Cases/Web RoomMe.id/1. Homepage/1. Customer Access RoomMe Page: Test Cases/Web RoomMe.id/1. Homepage/1. Customer Access RoomMe Page

2020-04-28 05:52:43 - [TEST_STEP][PASSED] - openBrowser("https://web.roomme.id/"): Browser is opened with url: 'https://web.roomme.id/'

2020-04-28 05:52:43 - [MESSAGE][WARNING] - A browser is already opened. Closing browser and opening a new one

2020-04-28 05:52:44 - [MESSAGE][INFO] - Starting 'Chrome' driver

2020-04-28 05:52:50 - [MESSAGE][PASSED] - Browser is opened with url: 'https://web.roomme.id/'

2020-04-28 05:52:50 - [TEST_STEP][PASSED] - maximizeWindow(): Current window maximized

2020-04-28 05:52:53 - [MESSAGE][PASSED] - Current window maximized

2020-04-28 05:52:53 - [TEST_STEP][PASSED] - waitForPageLoad(0): Wait for page load successfully

2020-04-28 05:52:53 - [MESSAGE][WARNING] - Timeout '0' is invalid. Using default page load timeout: '30'

2020-04-28 05:52:53 - [MESSAGE][PASSED] - Wait for page load successfully

2020-04-28 05:52:53 - [MESSAGE][PASSED] - Call Test Case 'Test Cases/Web RoomMe.id/1. Homepage/1. Customer Access RoomMe Page' successfully

2020-04-28 05:52:53 - [TEST_STEP][PASSED] - callTestCase(findTestCase("Web RoomMe.id/1. Homepage/2. Verify Header RoomMe.id"), [:], STOP_ON_FAILURE): Call Test Case 'Test Cases/Web RoomMe.id/1. Homepage/2. Verify Header RoomMe.id' successfully

2020-04-28 05:52:53 - [TEST_CASE][PASSED] - Test Cases/Web RoomMe.id/1. Homepage/2. Verify Header RoomMe.id: Test Cases/Web RoomMe.id/1. Homepage/2. Verify Header RoomMe.id

2020-04-28 05:52:53 - [TEST_STEP][PASSED] - objectSubFolder = "Web RoomMe.id\RoomMe.id Header\": null

2020-04-28 05:52:53 - [TEST_STEP][PASSED] - pathToObjRep = getProjectDir() + "\Object Repository\" + objectSubFolder: null

2020-04-28 05:52:53 - [TEST_STEP][PASSED] - yourObjects = new java.io.File(pathToObjRep): null

2020-04-28 05:52:53 - [TEST_STEP][PASSED] - fileNames = yourObjects.list(): null

2020-04-28 05:52:53 - [TEST_STEP][PASSED] - testObjects = new java.util.ArrayList(): null

2020-04-28 05:52:53 - [TEST_STEP][PASSED] - for ([i = 0, i < length, (i++)]): null

2020-04-28 05:52:53 - [TEST_STEP][PASSED] - if (fileNames[i].contains(".rs")): null

2020-04-28 05:52:53 - [TEST_STEP][PASSED] - if (fileNames[i].contains(".rs")): null

2020-04-28 05:52:53 - [TEST_STEP][PASSED] - fileNames[i] = fileNames[i].replace(".rs", ""): null

2020-04-28 05:52:53 - [TEST_STEP][PASSED] - testObjects.add(objectSubFolder + fileNames[i]): null

2020-04-28 05:52:53 - [TEST_STEP][PASSED] - if (fileNames[i].contains(".rs")): null

2020-04-28 05:52:53 - [TEST_STEP][PASSED] - fileNames[i] = fileNames[i].replace(".rs", ""): null

2020-04-28 05:52:53 - [TEST_STEP][PASSED] - testObjects.add(objectSubFolder + fileNames[i]): null

2020-04-28 05:52:53 - [TEST_STEP][PASSED] - if (fileNames[i].contains(".rs")): null

2020-04-28 05:52:53 - [TEST_STEP][PASSED] - fileNames[i] = fileNames[i].replace(".rs", ""): null

2020-04-28 05:52:53 - [TEST_STEP][PASSED] - testObjects.add(objectSubFolder + fileNames[i]): null

2020-04-28 05:52:53 - [TEST_STEP][PASSED] - if (fileNames[i].contains(".rs")): null

2020-04-28 05:52:53 - [TEST_STEP][PASSED] - fileNames[i] = fileNames[i].replace(".rs", ""): null

2020-04-28 05:52:53 - [TEST_STEP][PASSED] - testObjects.add(objectSubFolder + fileNames[i]): null

2020-04-28 05:52:53 - [TEST_STEP][PASSED] - if (fileNames[i].contains(".rs")): null

2020-04-28 05:52:53 - [TEST_STEP][PASSED] - for (String obj : testObjects): Object 'Object Repository/Web RoomMe.id\RoomMe.id Header\Image Header Logo' is visible

2020-04-28 05:52:53 - [TEST_STEP][PASSED] - verifyElementVisible(findTestObject(obj)): Object 'Object Repository/Web RoomMe.id\RoomMe.id Header\Button Are You Landlord' is visible

2020-04-28 05:52:53 - [MESSAGE][PASSED] - Object 'Object Repository/Web RoomMe.id\RoomMe.id Header\Button Are You Landlord' is visible

2020-04-28 05:52:53 - [TEST_STEP][PASSED] - verifyElementVisible(findTestObject(obj)): Object 'Object Repository/Web RoomMe.id\RoomMe.id Header\Button Community' is visible

2020-04-28 05:52:54 - [MESSAGE][PASSED] - Object 'Object Repository/Web RoomMe.id\RoomMe.id Header\Button Community' is visible

2020-04-28 05:52:54 - [TEST_STEP][PASSED] - verifyElementVisible(findTestObject(obj)): Object 'Object Repository/Web RoomMe.id\RoomMe.id Header\Button Sign In' is visible

2020-04-28 05:52:54 - [MESSAGE][PASSED] - Object 'Object Repository/Web RoomMe.id\RoomMe.id Header\Button Sign In' is visible

2020-04-28 05:52:54 - [TEST_STEP][PASSED] - verifyElementVisible(findTestObject(obj)): Object 'Object Repository/Web RoomMe.id\RoomMe.id Header\Image Header Logo' is visible

2020-04-28 05:52:55 - [MESSAGE][PASSED] - Object 'Object Repository/Web RoomMe.id\RoomMe.id Header\Image Header Logo' is visible

2020-04-28 05:52:55 - [MESSAGE][PASSED] - Call Test Case 'Test Cases/Web RoomMe.id/1. Homepage/2. Verify Header RoomMe.id' successfully

2020-04-28 05:52:55 - [TEST_STEP][PASSED] - click(findTestObject("Web RoomMe.id/RoomMe.id Header/Button Sign In")): Object: 'Object Repository/Web RoomMe.id/RoomMe.id Header/Button Sign In' is clicked on

2020-04-28 05:52:55 - [MESSAGE][PASSED] - Object: 'Object Repository/Web RoomMe.id/RoomMe.id Header/Button Sign In' is clicked on

2020-04-28 05:52:55 - [TEST_STEP][PASSED] - waitForElementVisible(findTestObject("Web RoomMe.id/Sign In Menu/Button Sign Up"), 0): Object 'Object Repository/Web RoomMe.id/Sign In Menu/Button Sign Up' is visible

2020-04-28 05:52:55 - [MESSAGE][WARNING] - Timeout '0' is invalid. Using default page load timeout: '30'

2020-04-28 05:52:56 - [MESSAGE][PASSED] - Object 'Object Repository/Web RoomMe.id/Sign In Menu/Button Sign Up' is visible

2020-04-28 05:52:56 - [TEST_STEP][PASSED] - click(findTestObject("Web RoomMe.id/Sign In Menu/Button Sign Up")): Object: 'Object Repository/Web RoomMe.id/Sign In Menu/Button Sign Up' is clicked on

2020-04-28 05:52:57 - [MESSAGE][PASSED] - Object: 'Object Repository/Web RoomMe.id/Sign In Menu/Button Sign Up' is clicked on

2020-04-28 05:52:57 - [TEST_STEP][PASSED] - callTestCase(findTestCase("Web RoomMe.id/2. Sign Up/Verify Sign Up Menu"), [:], STOP_ON_FAILURE): Call Test Case 'Test Cases/Web RoomMe.id/2. Sign Up/Verify Sign Up Menu' successfully

2020-04-28 05:52:57 - [TEST_CASE][PASSED] - Test Cases/Web RoomMe.id/2. Sign Up/Verify Sign Up Menu: Test Cases/Web RoomMe.id/2. Sign Up/Verify Sign Up Menu

2020-04-28 05:52:57 - [TEST_STEP][PASSED] - objectSubFolder = "Web RoomMe.id\Sign Up Menu\": null

2020-04-28 05:52:57 - [TEST_STEP][PASSED] - pathToObjRep = getProjectDir() + "\Object Repository\" + objectSubFolder: null

2020-04-28 05:52:57 - [TEST_STEP][PASSED] - yourObjects = new java.io.File(pathToObjRep): null

2020-04-28 05:52:57 - [TEST_STEP][PASSED] - fileNames = yourObjects.list(): null

2020-04-28 05:52:57 - [TEST_STEP][PASSED] - testObjects = new java.util.ArrayList(): null

2020-04-28 05:52:57 - [TEST_STEP][PASSED] - for ([i = 0, i < length, (i++)]): null

2020-04-28 05:52:57 - [TEST_STEP][PASSED] - if (fileNames[i].contains(".rs")): null

2020-04-28 05:52:57 - [TEST_STEP][PASSED] - fileNames[i] = fileNames[i].replace(".rs", ""): null

2020-04-28 05:52:57 - [TEST_STEP][PASSED] - testObjects.add(objectSubFolder + fileNames[i]): null

2020-04-28 05:52:57 - [TEST_STEP][PASSED] - if (fileNames[i].contains(".rs")): null

2020-04-28 05:52:57 - [TEST_STEP][PASSED] - fileNames[i] = fileNames[i].replace(".rs", ""): null

2020-04-28 05:52:57 - [TEST_STEP][PASSED] - testObjects.add(objectSubFolder + fileNames[i]): null

2020-04-28 05:52:57 - [TEST_STEP][PASSED] - if (fileNames[i].contains(".rs")): null

2020-04-28 05:52:57 - [TEST_STEP][PASSED] - if (fileNames[i].contains(".rs")): null

2020-04-28 05:52:57 - [TEST_STEP][PASSED] - fileNames[i] = fileNames[i].replace(".rs", ""): null

2020-04-28 05:52:57 - [TEST_STEP][PASSED] - testObjects.add(objectSubFolder + fileNames[i]): null

2020-04-28 05:52:57 - [TEST_STEP][PASSED] - if (fileNames[i].contains(".rs")): null

2020-04-28 05:52:57 - [TEST_STEP][PASSED] - if (fileNames[i].contains(".rs")): null

2020-04-28 05:52:57 - [TEST_STEP][PASSED] - fileNames[i] = fileNames[i].replace(".rs", ""): null

2020-04-28 05:52:57 - [TEST_STEP][PASSED] - testObjects.add(objectSubFolder + fileNames[i]): null

2020-04-28 05:52:57 - [TEST_STEP][PASSED] - if (fileNames[i].contains(".rs")): null

2020-04-28 05:52:57 - [TEST_STEP][PASSED] - fileNames[i] = fileNames[i].replace(".rs", ""): null

2020-04-28 05:52:57 - [TEST_STEP][PASSED] - testObjects.add(objectSubFolder + fileNames[i]): null

2020-04-28 05:52:57 - [TEST_STEP][PASSED] - if (fileNames[i].contains(".rs")): null

2020-04-28 05:52:57 - [TEST_STEP][PASSED] - fileNames[i] = fileNames[i].replace(".rs", ""): null

2020-04-28 05:52:57 - [TEST_STEP][PASSED] - testObjects.add(objectSubFolder + fileNames[i]): null

2020-04-28 05:52:57 - [TEST_STEP][PASSED] - if (fileNames[i].contains(".rs")): null

2020-04-28 05:52:57 - [TEST_STEP][PASSED] - fileNames[i] = fileNames[i].replace(".rs", ""): null

2020-04-28 05:52:57 - [TEST_STEP][PASSED] - testObjects.add(objectSubFolder + fileNames[i]): null

2020-04-28 05:52:57 - [TEST_STEP][PASSED] - if (fileNames[i].contains(".rs")): null

2020-04-28 05:52:57 - [TEST_STEP][PASSED] - fileNames[i] = fileNames[i].replace(".rs", ""): null

2020-04-28 05:52:57 - [TEST_STEP][PASSED] - testObjects.add(objectSubFolder + fileNames[i]): null

2020-04-28 05:52:57 - [TEST_STEP][PASSED] - if (fileNames[i].contains(".rs")): null

2020-04-28 05:52:57 - [TEST_STEP][PASSED] - fileNames[i] = fileNames[i].replace(".rs", ""): null

2020-04-28 05:52:57 - [TEST_STEP][PASSED] - testObjects.add(objectSubFolder + fileNames[i]): null

2020-04-28 05:52:57 - [TEST_STEP][PASSED] - if (fileNames[i].contains(".rs")): null

2020-04-28 05:52:57 - [TEST_STEP][PASSED] - fileNames[i] = fileNames[i].replace(".rs", ""): null

2020-04-28 05:52:57 - [TEST_STEP][PASSED] - testObjects.add(objectSubFolder + fileNames[i]): null

2020-04-28 05:52:57 - [TEST_STEP][PASSED] - if (fileNames[i].contains(".rs")): null

2020-04-28 05:52:57 - [TEST_STEP][PASSED] - fileNames[i] = fileNames[i].replace(".rs", ""): null

2020-04-28 05:52:57 - [TEST_STEP][PASSED] - testObjects.add(objectSubFolder + fileNames[i]): null

2020-04-28 05:52:57 - [TEST_STEP][PASSED] - if (fileNames[i].contains(".rs")): null

2020-04-28 05:52:57 - [TEST_STEP][PASSED] - fileNames[i] = fileNames[i].replace(".rs", ""): null

2020-04-28 05:52:57 - [TEST_STEP][PASSED] - testObjects.add(objectSubFolder + fileNames[i]): null

2020-04-28 05:52:57 - [TEST_STEP][PASSED] - if (fileNames[i].contains(".rs")): null

2020-04-28 05:52:57 - [TEST_STEP][PASSED] - fileNames[i] = fileNames[i].replace(".rs", ""): null

2020-04-28 05:52:57 - [TEST_STEP][PASSED] - testObjects.add(objectSubFolder + fileNames[i]): null

2020-04-28 05:52:57 - [TEST_STEP][PASSED] - for (String obj : testObjects): Object 'Object Repository/Web RoomMe.id\Sign Up Menu\Textfield Phone Number' is visible

2020-04-28 05:52:57 - [TEST_STEP][PASSED] - verifyElementVisible(findTestObject(obj)): Object 'Object Repository/Web RoomMe.id\Sign Up Menu\Button Sign In' is visible

2020-04-28 05:52:57 - [MESSAGE][PASSED] - Object 'Object Repository/Web RoomMe.id\Sign Up Menu\Button Sign In' is visible

2020-04-28 05:52:57 - [TEST_STEP][PASSED] - verifyElementVisible(findTestObject(obj)): Object 'Object Repository/Web RoomMe.id\Sign Up Menu\Button Sign Up' is visible

2020-04-28 05:52:57 - [MESSAGE][PASSED] - Object 'Object Repository/Web RoomMe.id\Sign Up Menu\Button Sign Up' is visible

2020-04-28 05:52:57 - [TEST_STEP][PASSED] - verifyElementVisible(findTestObject(obj)): Object 'Object Repository/Web RoomMe.id\Sign Up Menu\Name Textfield' is visible

2020-04-28 05:52:58 - [MESSAGE][PASSED] - Object 'Object Repository/Web RoomMe.id\Sign Up Menu\Name Textfield' is visible

2020-04-28 05:52:58 - [TEST_STEP][PASSED] - verifyElementVisible(findTestObject(obj)): Object 'Object Repository/Web RoomMe.id\Sign Up Menu\Text Are you have an account' is visible

2020-04-28 05:52:58 - [MESSAGE][PASSED] - Object 'Object Repository/Web RoomMe.id\Sign Up Menu\Text Are you have an account' is visible

2020-04-28 05:52:58 - [TEST_STEP][PASSED] - verifyElementVisible(findTestObject(obj)): Object 'Object Repository/Web RoomMe.id\Sign Up Menu\Text Confirm Password' is visible

2020-04-28 05:52:59 - [MESSAGE][PASSED] - Object 'Object Repository/Web RoomMe.id\Sign Up Menu\Text Confirm Password' is visible

2020-04-28 05:52:59 - [TEST_STEP][PASSED] - verifyElementVisible(findTestObject(obj)): Object 'Object Repository/Web RoomMe.id\Sign Up Menu\Text Email Address' is visible

2020-04-28 05:52:59 - [MESSAGE][PASSED] - Object 'Object Repository/Web RoomMe.id\Sign Up Menu\Text Email Address' is visible

2020-04-28 05:52:59 - [TEST_STEP][PASSED] - verifyElementVisible(findTestObject(obj)): Object 'Object Repository/Web RoomMe.id\Sign Up Menu\Text Full Name' is visible

2020-04-28 05:52:59 - [MESSAGE][PASSED] - Object 'Object Repository/Web RoomMe.id\Sign Up Menu\Text Full Name' is visible

2020-04-28 05:52:59 - [TEST_STEP][PASSED] - verifyElementVisible(findTestObject(obj)): Object 'Object Repository/Web RoomMe.id\Sign Up Menu\Text Password' is visible

2020-04-28 05:53:00 - [MESSAGE][PASSED] - Object 'Object Repository/Web RoomMe.id\Sign Up Menu\Text Password' is visible

2020-04-28 05:53:00 - [TEST_STEP][PASSED] - verifyElementVisible(findTestObject(obj)): Object 'Object Repository/Web RoomMe.id\Sign Up Menu\Text Phone Number' is visible

2020-04-28 05:53:00 - [MESSAGE][PASSED] - Object 'Object Repository/Web RoomMe.id\Sign Up Menu\Text Phone Number' is visible

2020-04-28 05:53:00 - [TEST_STEP][PASSED] - verifyElementVisible(findTestObject(obj)): Object 'Object Repository/Web RoomMe.id\Sign Up Menu\Textfield Confirm Password' is visible

2020-04-28 05:53:00 - [MESSAGE][PASSED] - Object 'Object Repository/Web RoomMe.id\Sign Up Menu\Textfield Confirm Password' is visible

2020-04-28 05:53:00 - [TEST_STEP][PASSED] - verifyElementVisible(findTestObject(obj)): Object 'Object Repository/Web RoomMe.id\Sign Up Menu\Textfield Email' is visible

2020-04-28 05:53:01 - [MESSAGE][PASSED] - Object 'Object Repository/Web RoomMe.id\Sign Up Menu\Textfield Email' is visible

2020-04-28 05:53:01 - [TEST_STEP][PASSED] - verifyElementVisible(findTestObject(obj)): Object 'Object Repository/Web RoomMe.id\Sign Up Menu\Textfield Password' is visible

2020-04-28 05:53:01 - [MESSAGE][PASSED] - Object 'Object Repository/Web RoomMe.id\Sign Up Menu\Textfield Password' is visible

2020-04-28 05:53:01 - [TEST_STEP][PASSED] - verifyElementVisible(findTestObject(obj)): Object 'Object Repository/Web RoomMe.id\Sign Up Menu\Textfield Phone Number' is visible

2020-04-28 05:53:02 - [MESSAGE][PASSED] - Object 'Object Repository/Web RoomMe.id\Sign Up Menu\Textfield Phone Number' is visible

2020-04-28 05:53:02 - [MESSAGE][PASSED] - Call Test Case 'Test Cases/Web RoomMe.id/2. Sign Up/Verify Sign Up Menu' successfully

2020-04-28 05:53:02 - [TEST_STEP][PASSED] - waitForElementVisible(findTestObject("Web RoomMe.id/Sign Up Menu/Name Textfield"), 30, STOP_ON_FAILURE): Object 'Object Repository/Web RoomMe.id/Sign Up Menu/Name Textfield' is visible

2020-04-28 05:53:02 - [MESSAGE][PASSED] - Object 'Object Repository/Web RoomMe.id/Sign Up Menu/Name Textfield' is visible

2020-04-28 05:53:02 - [TEST_STEP][PASSED] - setText(findTestObject("Web RoomMe.id/Sign Up Menu/Name Textfield"), "ab"): Text 'ab' is set on object 'Object Repository/Web RoomMe.id/Sign Up Menu/Name Textfield'

2020-04-28 05:53:03 - [MESSAGE][PASSED] - Text 'ab' is set on object 'Object Repository/Web RoomMe.id/Sign Up Menu/Name Textfield'

2020-04-28 05:53:03 - [TEST_STEP][PASSED] - waitForElementVisible(findTestObject("Web RoomMe.id/Sign Up Menu/Error Message/Text At least input 3 characters long"), 30, STOP_ON_FAILURE): Object 'Object Repository/Web RoomMe.id/Sign Up Menu/Error Message/Text At least input 3 characters long' is visible

2020-04-28 05:53:03 - [MESSAGE][PASSED] - Object 'Object Repository/Web RoomMe.id/Sign Up Menu/Error Message/Text At least input 3 characters long' is visible

2020-04-28 05:53:03 - [TEST_STEP][PASSED] - sendKeys(findTestObject("Web RoomMe.id/Sign Up Menu/Name Textfield"), Keys.chord(CONTROL, "a", BACK_SPACE)): Keys 'CONTROL + BACK_SPACE + a' sent to object: 'Object Repository/Web RoomMe.id/Sign Up Menu/Name Textfield'

2020-04-28 05:53:04 - [MESSAGE][PASSED] - Keys 'CONTROL + BACK_SPACE + a' sent to object: 'Object Repository/Web RoomMe.id/Sign Up Menu/Name Textfield'

2020-04-28 05:53:04 - [TEST_STEP][PASSED] - setText(findTestObject("Web RoomMe.id/Sign Up Menu/Name Textfield"), "abcde abcde abcde abcde abcde abcde abcde abcde"): Text 'abcde abcde abcde abcde abcde abcde abcde abcde' is set on object 'Object Repository/Web RoomMe.id/Sign Up Menu/Name Textfield'

2020-04-28 05:53:05 - [MESSAGE][PASSED] - Text 'abcde abcde abcde abcde abcde abcde abcde abcde' is set on object 'Object Repository/Web RoomMe.id/Sign Up Menu/Name Textfield'

2020-04-28 05:53:05 - [TEST_STEP][PASSED] - waitForElementVisible(findTestObject("Web RoomMe.id/Sign Up Menu/Error Message/Text Name input characters is 20"), 30, STOP_ON_FAILURE): Web element with id: 'Object Repository/Web RoomMe.id/Sign Up Menu/Error Message/Text Name input characters is 20' located by 'By.xpath: id("dropdown-auth")/ul[@class="dropdown-menu show"]/div[1]/div[1]/div[@class="auth-dropdown-form pt-0"]/div[1]/form[@class="auth-form"]/div[1]/div[@class="form-group"]/div[@class="my-2 mt-0"]/div[@class="invalid-feedback"]/span[1]' not found

2020-04-28 05:53:53 - [MESSAGE][INFO] - Unable to find the element located by 'By.xpath: id("dropdown-auth")/ul[@class="dropdown-menu show"]/div[1]/div[1]/div[@class="auth-dropdown-form pt-0"]/div[1]/form[@class="auth-form"]/div[1]/div[@class="form-group"]/div[@class="my-2 mt-0"]/div[@class="invalid-feedback"]/span[1]'. Please recheck the objects properties to make sure the desired element is located. 

2020-04-28 05:53:53 - [MESSAGE][WARNING] - Web element with id: 'Object Repository/Web RoomMe.id/Sign Up Menu/Error Message/Text Name input characters is 20' located by 'By.xpath: id("dropdown-auth")/ul[@class="dropdown-menu show"]/div[1]/div[1]/div[@class="auth-dropdown-form pt-0"]/div[1]/form[@class="auth-form"]/div[1]/div[@class="form-group"]/div[@class="my-2 mt-0"]/div[@class="invalid-feedback"]/span[1]' not found

2020-04-28 05:53:53 - [TEST_STEP][PASSED] - sendKeys(findTestObject("Web RoomMe.id/Sign Up Menu/Name Textfield"), Keys.chord(CONTROL, "a", BACK_SPACE)): Keys 'CONTROL + BACK_SPACE + a' sent to object: 'Object Repository/Web RoomMe.id/Sign Up Menu/Name Textfield'

2020-04-28 05:53:54 - [MESSAGE][PASSED] - Keys 'CONTROL + BACK_SPACE + a' sent to object: 'Object Repository/Web RoomMe.id/Sign Up Menu/Name Textfield'

2020-04-28 05:53:54 - [TEST_STEP][PASSED] - setText(findTestObject("Web RoomMe.id/Sign Up Menu/Name Textfield"), "abc1"): Text 'abc1' is set on object 'Object Repository/Web RoomMe.id/Sign Up Menu/Name Textfield'

2020-04-28 05:53:54 - [MESSAGE][PASSED] - Text 'abc1' is set on object 'Object Repository/Web RoomMe.id/Sign Up Menu/Name Textfield'

2020-04-28 05:53:54 - [TEST_STEP][PASSED] - waitForElementVisible(findTestObject("Web RoomMe.id/Sign Up Menu/Error Message/Text Your name seems to contain incorrect characters"), 30, STOP_ON_FAILURE): Object 'Object Repository/Web RoomMe.id/Sign Up Menu/Error Message/Text Your name seems to contain incorrect characters' is visible

2020-04-28 05:53:55 - [MESSAGE][PASSED] - Object 'Object Repository/Web RoomMe.id/Sign Up Menu/Error Message/Text Your name seems to contain incorrect characters' is visible

2020-04-28 05:53:55 - [TEST_STEP][PASSED] - sendKeys(findTestObject("Web RoomMe.id/Sign Up Menu/Name Textfield"), Keys.chord(CONTROL, "a", BACK_SPACE)): Keys 'CONTROL + BACK_SPACE + a' sent to object: 'Object Repository/Web RoomMe.id/Sign Up Menu/Name Textfield'

2020-04-28 05:53:56 - [MESSAGE][PASSED] - Keys 'CONTROL + BACK_SPACE + a' sent to object: 'Object Repository/Web RoomMe.id/Sign Up Menu/Name Textfield'

2020-04-28 05:53:56 - [TEST_STEP][PASSED] - setText(findTestObject("Web RoomMe.id/Sign Up Menu/Name Textfield"), "abc!@#"): Text 'abc!@#' is set on object 'Object Repository/Web RoomMe.id/Sign Up Menu/Name Textfield'

2020-04-28 05:53:56 - [MESSAGE][PASSED] - Text 'abc!@#' is set on object 'Object Repository/Web RoomMe.id/Sign Up Menu/Name Textfield'

2020-04-28 05:53:56 - [TEST_STEP][PASSED] - waitForElementVisible(findTestObject("Web RoomMe.id/Sign Up Menu/Error Message/Text Your name seems to contain incorrect characters"), 30, STOP_ON_FAILURE): Object 'Object Repository/Web RoomMe.id/Sign Up Menu/Error Message/Text Your name seems to contain incorrect characters' is visible

2020-04-28 05:53:57 - [MESSAGE][PASSED] - Object 'Object Repository/Web RoomMe.id/Sign Up Menu/Error Message/Text Your name seems to contain incorrect characters' is visible]]></system-out>
         <system-err><![CDATA[]]></system-err>
      </testcase>
      <testcase name="Test Cases/Web RoomMe.id/2. Sign Up/4. Customer Input Email with Invalid Format" time="30.724" classname="Test Cases/Web RoomMe.id/2. Sign Up/4. Customer Input Email with Invalid Format" status="PASSED">
         <system-out><![CDATA[2020-04-28 05:53:57 - [TEST_CASE][PASSED] - Test Cases/Web RoomMe.id/2. Sign Up/4. Customer Input Email with Invalid Format: Test Cases/Web RoomMe.id/2. Sign Up/4. Customer Input Email with Invalid Format

2020-04-28 05:53:57 - [TEST_STEP][PASSED] - callTestCase(findTestCase("Web RoomMe.id/1. Homepage/1. Customer Access RoomMe Page"), [:], STOP_ON_FAILURE): Call Test Case 'Test Cases/Web RoomMe.id/1. Homepage/1. Customer Access RoomMe Page' successfully

2020-04-28 05:53:58 - [TEST_CASE][PASSED] - Test Cases/Web RoomMe.id/1. Homepage/1. Customer Access RoomMe Page: Test Cases/Web RoomMe.id/1. Homepage/1. Customer Access RoomMe Page

2020-04-28 05:53:58 - [TEST_STEP][PASSED] - openBrowser("https://web.roomme.id/"): Browser is opened with url: 'https://web.roomme.id/'

2020-04-28 05:53:58 - [MESSAGE][WARNING] - A browser is already opened. Closing browser and opening a new one

2020-04-28 05:53:58 - [MESSAGE][INFO] - Starting 'Chrome' driver

2020-04-28 05:54:05 - [MESSAGE][PASSED] - Browser is opened with url: 'https://web.roomme.id/'

2020-04-28 05:54:05 - [TEST_STEP][PASSED] - maximizeWindow(): Current window maximized

2020-04-28 05:54:07 - [MESSAGE][PASSED] - Current window maximized

2020-04-28 05:54:07 - [TEST_STEP][PASSED] - waitForPageLoad(0): Wait for page load successfully

2020-04-28 05:54:07 - [MESSAGE][WARNING] - Timeout '0' is invalid. Using default page load timeout: '30'

2020-04-28 05:54:07 - [MESSAGE][PASSED] - Wait for page load successfully

2020-04-28 05:54:07 - [MESSAGE][PASSED] - Call Test Case 'Test Cases/Web RoomMe.id/1. Homepage/1. Customer Access RoomMe Page' successfully

2020-04-28 05:54:07 - [TEST_STEP][PASSED] - callTestCase(findTestCase("Web RoomMe.id/1. Homepage/2. Verify Header RoomMe.id"), [:], STOP_ON_FAILURE): Call Test Case 'Test Cases/Web RoomMe.id/1. Homepage/2. Verify Header RoomMe.id' successfully

2020-04-28 05:54:07 - [TEST_CASE][PASSED] - Test Cases/Web RoomMe.id/1. Homepage/2. Verify Header RoomMe.id: Test Cases/Web RoomMe.id/1. Homepage/2. Verify Header RoomMe.id

2020-04-28 05:54:07 - [TEST_STEP][PASSED] - objectSubFolder = "Web RoomMe.id\RoomMe.id Header\": null

2020-04-28 05:54:07 - [TEST_STEP][PASSED] - pathToObjRep = getProjectDir() + "\Object Repository\" + objectSubFolder: null

2020-04-28 05:54:07 - [TEST_STEP][PASSED] - yourObjects = new java.io.File(pathToObjRep): null

2020-04-28 05:54:07 - [TEST_STEP][PASSED] - fileNames = yourObjects.list(): null

2020-04-28 05:54:07 - [TEST_STEP][PASSED] - testObjects = new java.util.ArrayList(): null

2020-04-28 05:54:07 - [TEST_STEP][PASSED] - for ([i = 0, i < length, (i++)]): null

2020-04-28 05:54:07 - [TEST_STEP][PASSED] - if (fileNames[i].contains(".rs")): null

2020-04-28 05:54:07 - [TEST_STEP][PASSED] - if (fileNames[i].contains(".rs")): null

2020-04-28 05:54:07 - [TEST_STEP][PASSED] - fileNames[i] = fileNames[i].replace(".rs", ""): null

2020-04-28 05:54:07 - [TEST_STEP][PASSED] - testObjects.add(objectSubFolder + fileNames[i]): null

2020-04-28 05:54:07 - [TEST_STEP][PASSED] - if (fileNames[i].contains(".rs")): null

2020-04-28 05:54:07 - [TEST_STEP][PASSED] - fileNames[i] = fileNames[i].replace(".rs", ""): null

2020-04-28 05:54:07 - [TEST_STEP][PASSED] - testObjects.add(objectSubFolder + fileNames[i]): null

2020-04-28 05:54:07 - [TEST_STEP][PASSED] - if (fileNames[i].contains(".rs")): null

2020-04-28 05:54:07 - [TEST_STEP][PASSED] - fileNames[i] = fileNames[i].replace(".rs", ""): null

2020-04-28 05:54:07 - [TEST_STEP][PASSED] - testObjects.add(objectSubFolder + fileNames[i]): null

2020-04-28 05:54:07 - [TEST_STEP][PASSED] - if (fileNames[i].contains(".rs")): null

2020-04-28 05:54:07 - [TEST_STEP][PASSED] - fileNames[i] = fileNames[i].replace(".rs", ""): null

2020-04-28 05:54:07 - [TEST_STEP][PASSED] - testObjects.add(objectSubFolder + fileNames[i]): null

2020-04-28 05:54:07 - [TEST_STEP][PASSED] - if (fileNames[i].contains(".rs")): null

2020-04-28 05:54:07 - [TEST_STEP][PASSED] - for (String obj : testObjects): Object 'Object Repository/Web RoomMe.id\RoomMe.id Header\Image Header Logo' is visible

2020-04-28 05:54:07 - [TEST_STEP][PASSED] - verifyElementVisible(findTestObject(obj)): Object 'Object Repository/Web RoomMe.id\RoomMe.id Header\Button Are You Landlord' is visible

2020-04-28 05:54:08 - [MESSAGE][PASSED] - Object 'Object Repository/Web RoomMe.id\RoomMe.id Header\Button Are You Landlord' is visible

2020-04-28 05:54:08 - [TEST_STEP][PASSED] - verifyElementVisible(findTestObject(obj)): Object 'Object Repository/Web RoomMe.id\RoomMe.id Header\Button Community' is visible

2020-04-28 05:54:08 - [MESSAGE][PASSED] - Object 'Object Repository/Web RoomMe.id\RoomMe.id Header\Button Community' is visible

2020-04-28 05:54:08 - [TEST_STEP][PASSED] - verifyElementVisible(findTestObject(obj)): Object 'Object Repository/Web RoomMe.id\RoomMe.id Header\Button Sign In' is visible

2020-04-28 05:54:09 - [MESSAGE][PASSED] - Object 'Object Repository/Web RoomMe.id\RoomMe.id Header\Button Sign In' is visible

2020-04-28 05:54:09 - [TEST_STEP][PASSED] - verifyElementVisible(findTestObject(obj)): Object 'Object Repository/Web RoomMe.id\RoomMe.id Header\Image Header Logo' is visible

2020-04-28 05:54:09 - [MESSAGE][PASSED] - Object 'Object Repository/Web RoomMe.id\RoomMe.id Header\Image Header Logo' is visible

2020-04-28 05:54:09 - [MESSAGE][PASSED] - Call Test Case 'Test Cases/Web RoomMe.id/1. Homepage/2. Verify Header RoomMe.id' successfully

2020-04-28 05:54:09 - [TEST_STEP][PASSED] - click(findTestObject("Web RoomMe.id/RoomMe.id Header/Button Sign In")): Object: 'Object Repository/Web RoomMe.id/RoomMe.id Header/Button Sign In' is clicked on

2020-04-28 05:54:10 - [MESSAGE][PASSED] - Object: 'Object Repository/Web RoomMe.id/RoomMe.id Header/Button Sign In' is clicked on

2020-04-28 05:54:10 - [TEST_STEP][PASSED] - waitForElementVisible(findTestObject("Web RoomMe.id/Sign In Menu/Button Sign Up"), 0): Object 'Object Repository/Web RoomMe.id/Sign In Menu/Button Sign Up' is visible

2020-04-28 05:54:10 - [MESSAGE][WARNING] - Timeout '0' is invalid. Using default page load timeout: '30'

2020-04-28 05:54:11 - [MESSAGE][PASSED] - Object 'Object Repository/Web RoomMe.id/Sign In Menu/Button Sign Up' is visible

2020-04-28 05:54:11 - [TEST_STEP][PASSED] - click(findTestObject("Web RoomMe.id/Sign In Menu/Button Sign Up")): Object: 'Object Repository/Web RoomMe.id/Sign In Menu/Button Sign Up' is clicked on

2020-04-28 05:54:11 - [MESSAGE][PASSED] - Object: 'Object Repository/Web RoomMe.id/Sign In Menu/Button Sign Up' is clicked on

2020-04-28 05:54:11 - [TEST_STEP][PASSED] - callTestCase(findTestCase("Web RoomMe.id/2. Sign Up/Verify Sign Up Menu"), [:], STOP_ON_FAILURE): Call Test Case 'Test Cases/Web RoomMe.id/2. Sign Up/Verify Sign Up Menu' successfully

2020-04-28 05:54:11 - [TEST_CASE][PASSED] - Test Cases/Web RoomMe.id/2. Sign Up/Verify Sign Up Menu: Test Cases/Web RoomMe.id/2. Sign Up/Verify Sign Up Menu

2020-04-28 05:54:11 - [TEST_STEP][PASSED] - objectSubFolder = "Web RoomMe.id\Sign Up Menu\": null

2020-04-28 05:54:11 - [TEST_STEP][PASSED] - pathToObjRep = getProjectDir() + "\Object Repository\" + objectSubFolder: null

2020-04-28 05:54:11 - [TEST_STEP][PASSED] - yourObjects = new java.io.File(pathToObjRep): null

2020-04-28 05:54:11 - [TEST_STEP][PASSED] - fileNames = yourObjects.list(): null

2020-04-28 05:54:11 - [TEST_STEP][PASSED] - testObjects = new java.util.ArrayList(): null

2020-04-28 05:54:11 - [TEST_STEP][PASSED] - for ([i = 0, i < length, (i++)]): null

2020-04-28 05:54:11 - [TEST_STEP][PASSED] - if (fileNames[i].contains(".rs")): null

2020-04-28 05:54:11 - [TEST_STEP][PASSED] - fileNames[i] = fileNames[i].replace(".rs", ""): null

2020-04-28 05:54:11 - [TEST_STEP][PASSED] - testObjects.add(objectSubFolder + fileNames[i]): null

2020-04-28 05:54:11 - [TEST_STEP][PASSED] - if (fileNames[i].contains(".rs")): null

2020-04-28 05:54:11 - [TEST_STEP][PASSED] - fileNames[i] = fileNames[i].replace(".rs", ""): null

2020-04-28 05:54:11 - [TEST_STEP][PASSED] - testObjects.add(objectSubFolder + fileNames[i]): null

2020-04-28 05:54:11 - [TEST_STEP][PASSED] - if (fileNames[i].contains(".rs")): null

2020-04-28 05:54:11 - [TEST_STEP][PASSED] - if (fileNames[i].contains(".rs")): null

2020-04-28 05:54:11 - [TEST_STEP][PASSED] - fileNames[i] = fileNames[i].replace(".rs", ""): null

2020-04-28 05:54:11 - [TEST_STEP][PASSED] - testObjects.add(objectSubFolder + fileNames[i]): null

2020-04-28 05:54:11 - [TEST_STEP][PASSED] - if (fileNames[i].contains(".rs")): null

2020-04-28 05:54:11 - [TEST_STEP][PASSED] - if (fileNames[i].contains(".rs")): null

2020-04-28 05:54:11 - [TEST_STEP][PASSED] - fileNames[i] = fileNames[i].replace(".rs", ""): null

2020-04-28 05:54:11 - [TEST_STEP][PASSED] - testObjects.add(objectSubFolder + fileNames[i]): null

2020-04-28 05:54:11 - [TEST_STEP][PASSED] - if (fileNames[i].contains(".rs")): null

2020-04-28 05:54:11 - [TEST_STEP][PASSED] - fileNames[i] = fileNames[i].replace(".rs", ""): null

2020-04-28 05:54:11 - [TEST_STEP][PASSED] - testObjects.add(objectSubFolder + fileNames[i]): null

2020-04-28 05:54:11 - [TEST_STEP][PASSED] - if (fileNames[i].contains(".rs")): null

2020-04-28 05:54:11 - [TEST_STEP][PASSED] - fileNames[i] = fileNames[i].replace(".rs", ""): null

2020-04-28 05:54:11 - [TEST_STEP][PASSED] - testObjects.add(objectSubFolder + fileNames[i]): null

2020-04-28 05:54:11 - [TEST_STEP][PASSED] - if (fileNames[i].contains(".rs")): null

2020-04-28 05:54:11 - [TEST_STEP][PASSED] - fileNames[i] = fileNames[i].replace(".rs", ""): null

2020-04-28 05:54:11 - [TEST_STEP][PASSED] - testObjects.add(objectSubFolder + fileNames[i]): null

2020-04-28 05:54:11 - [TEST_STEP][PASSED] - if (fileNames[i].contains(".rs")): null

2020-04-28 05:54:11 - [TEST_STEP][PASSED] - fileNames[i] = fileNames[i].replace(".rs", ""): null

2020-04-28 05:54:11 - [TEST_STEP][PASSED] - testObjects.add(objectSubFolder + fileNames[i]): null

2020-04-28 05:54:11 - [TEST_STEP][PASSED] - if (fileNames[i].contains(".rs")): null

2020-04-28 05:54:11 - [TEST_STEP][PASSED] - fileNames[i] = fileNames[i].replace(".rs", ""): null

2020-04-28 05:54:11 - [TEST_STEP][PASSED] - testObjects.add(objectSubFolder + fileNames[i]): null

2020-04-28 05:54:11 - [TEST_STEP][PASSED] - if (fileNames[i].contains(".rs")): null

2020-04-28 05:54:11 - [TEST_STEP][PASSED] - fileNames[i] = fileNames[i].replace(".rs", ""): null

2020-04-28 05:54:11 - [TEST_STEP][PASSED] - testObjects.add(objectSubFolder + fileNames[i]): null

2020-04-28 05:54:11 - [TEST_STEP][PASSED] - if (fileNames[i].contains(".rs")): null

2020-04-28 05:54:11 - [TEST_STEP][PASSED] - fileNames[i] = fileNames[i].replace(".rs", ""): null

2020-04-28 05:54:11 - [TEST_STEP][PASSED] - testObjects.add(objectSubFolder + fileNames[i]): null

2020-04-28 05:54:11 - [TEST_STEP][PASSED] - if (fileNames[i].contains(".rs")): null

2020-04-28 05:54:11 - [TEST_STEP][PASSED] - fileNames[i] = fileNames[i].replace(".rs", ""): null

2020-04-28 05:54:11 - [TEST_STEP][PASSED] - testObjects.add(objectSubFolder + fileNames[i]): null

2020-04-28 05:54:11 - [TEST_STEP][PASSED] - if (fileNames[i].contains(".rs")): null

2020-04-28 05:54:11 - [TEST_STEP][PASSED] - fileNames[i] = fileNames[i].replace(".rs", ""): null

2020-04-28 05:54:11 - [TEST_STEP][PASSED] - testObjects.add(objectSubFolder + fileNames[i]): null

2020-04-28 05:54:11 - [TEST_STEP][PASSED] - for (String obj : testObjects): Object 'Object Repository/Web RoomMe.id\Sign Up Menu\Textfield Phone Number' is visible

2020-04-28 05:54:11 - [TEST_STEP][PASSED] - verifyElementVisible(findTestObject(obj)): Object 'Object Repository/Web RoomMe.id\Sign Up Menu\Button Sign In' is visible

2020-04-28 05:54:12 - [MESSAGE][PASSED] - Object 'Object Repository/Web RoomMe.id\Sign Up Menu\Button Sign In' is visible

2020-04-28 05:54:12 - [TEST_STEP][PASSED] - verifyElementVisible(findTestObject(obj)): Object 'Object Repository/Web RoomMe.id\Sign Up Menu\Button Sign Up' is visible

2020-04-28 05:54:12 - [MESSAGE][PASSED] - Object 'Object Repository/Web RoomMe.id\Sign Up Menu\Button Sign Up' is visible

2020-04-28 05:54:12 - [TEST_STEP][PASSED] - verifyElementVisible(findTestObject(obj)): Object 'Object Repository/Web RoomMe.id\Sign Up Menu\Name Textfield' is visible

2020-04-28 05:54:12 - [MESSAGE][PASSED] - Object 'Object Repository/Web RoomMe.id\Sign Up Menu\Name Textfield' is visible

2020-04-28 05:54:12 - [TEST_STEP][PASSED] - verifyElementVisible(findTestObject(obj)): Object 'Object Repository/Web RoomMe.id\Sign Up Menu\Text Are you have an account' is visible

2020-04-28 05:54:13 - [MESSAGE][PASSED] - Object 'Object Repository/Web RoomMe.id\Sign Up Menu\Text Are you have an account' is visible

2020-04-28 05:54:13 - [TEST_STEP][PASSED] - verifyElementVisible(findTestObject(obj)): Object 'Object Repository/Web RoomMe.id\Sign Up Menu\Text Confirm Password' is visible

2020-04-28 05:54:13 - [MESSAGE][PASSED] - Object 'Object Repository/Web RoomMe.id\Sign Up Menu\Text Confirm Password' is visible

2020-04-28 05:54:13 - [TEST_STEP][PASSED] - verifyElementVisible(findTestObject(obj)): Object 'Object Repository/Web RoomMe.id\Sign Up Menu\Text Email Address' is visible

2020-04-28 05:54:14 - [MESSAGE][PASSED] - Object 'Object Repository/Web RoomMe.id\Sign Up Menu\Text Email Address' is visible

2020-04-28 05:54:14 - [TEST_STEP][PASSED] - verifyElementVisible(findTestObject(obj)): Object 'Object Repository/Web RoomMe.id\Sign Up Menu\Text Full Name' is visible

2020-04-28 05:54:14 - [MESSAGE][PASSED] - Object 'Object Repository/Web RoomMe.id\Sign Up Menu\Text Full Name' is visible

2020-04-28 05:54:14 - [TEST_STEP][PASSED] - verifyElementVisible(findTestObject(obj)): Object 'Object Repository/Web RoomMe.id\Sign Up Menu\Text Password' is visible

2020-04-28 05:54:14 - [MESSAGE][PASSED] - Object 'Object Repository/Web RoomMe.id\Sign Up Menu\Text Password' is visible

2020-04-28 05:54:14 - [TEST_STEP][PASSED] - verifyElementVisible(findTestObject(obj)): Object 'Object Repository/Web RoomMe.id\Sign Up Menu\Text Phone Number' is visible

2020-04-28 05:54:15 - [MESSAGE][PASSED] - Object 'Object Repository/Web RoomMe.id\Sign Up Menu\Text Phone Number' is visible

2020-04-28 05:54:15 - [TEST_STEP][PASSED] - verifyElementVisible(findTestObject(obj)): Object 'Object Repository/Web RoomMe.id\Sign Up Menu\Textfield Confirm Password' is visible

2020-04-28 05:54:15 - [MESSAGE][PASSED] - Object 'Object Repository/Web RoomMe.id\Sign Up Menu\Textfield Confirm Password' is visible

2020-04-28 05:54:15 - [TEST_STEP][PASSED] - verifyElementVisible(findTestObject(obj)): Object 'Object Repository/Web RoomMe.id\Sign Up Menu\Textfield Email' is visible

2020-04-28 05:54:15 - [MESSAGE][PASSED] - Object 'Object Repository/Web RoomMe.id\Sign Up Menu\Textfield Email' is visible

2020-04-28 05:54:15 - [TEST_STEP][PASSED] - verifyElementVisible(findTestObject(obj)): Object 'Object Repository/Web RoomMe.id\Sign Up Menu\Textfield Password' is visible

2020-04-28 05:54:16 - [MESSAGE][PASSED] - Object 'Object Repository/Web RoomMe.id\Sign Up Menu\Textfield Password' is visible

2020-04-28 05:54:16 - [TEST_STEP][PASSED] - verifyElementVisible(findTestObject(obj)): Object 'Object Repository/Web RoomMe.id\Sign Up Menu\Textfield Phone Number' is visible

2020-04-28 05:54:16 - [MESSAGE][PASSED] - Object 'Object Repository/Web RoomMe.id\Sign Up Menu\Textfield Phone Number' is visible

2020-04-28 05:54:16 - [MESSAGE][PASSED] - Call Test Case 'Test Cases/Web RoomMe.id/2. Sign Up/Verify Sign Up Menu' successfully

2020-04-28 05:54:16 - [TEST_STEP][PASSED] - waitForElementVisible(findTestObject("Web RoomMe.id/Sign Up Menu/Textfield Email"), 30, STOP_ON_FAILURE): Object 'Object Repository/Web RoomMe.id/Sign Up Menu/Textfield Email' is visible

2020-04-28 05:54:17 - [MESSAGE][PASSED] - Object 'Object Repository/Web RoomMe.id/Sign Up Menu/Textfield Email' is visible

2020-04-28 05:54:17 - [TEST_STEP][PASSED] - setText(findTestObject("Web RoomMe.id/Sign Up Menu/Textfield Email"), "abc123"): Text 'abc123' is set on object 'Object Repository/Web RoomMe.id/Sign Up Menu/Textfield Email'

2020-04-28 05:54:17 - [MESSAGE][PASSED] - Text 'abc123' is set on object 'Object Repository/Web RoomMe.id/Sign Up Menu/Textfield Email'

2020-04-28 05:54:17 - [TEST_STEP][PASSED] - waitForElementVisible(findTestObject("Web RoomMe.id/Sign Up Menu/Error Message/Text Email is not valid"), 30, STOP_ON_FAILURE): Object 'Object Repository/Web RoomMe.id/Sign Up Menu/Error Message/Text Email is not valid' is visible

2020-04-28 05:54:18 - [MESSAGE][PASSED] - Object 'Object Repository/Web RoomMe.id/Sign Up Menu/Error Message/Text Email is not valid' is visible

2020-04-28 05:54:18 - [TEST_STEP][PASSED] - sendKeys(findTestObject("Web RoomMe.id/Sign Up Menu/Textfield Email"), Keys.chord(CONTROL, "a", BACK_SPACE)): Keys 'CONTROL + BACK_SPACE + a' sent to object: 'Object Repository/Web RoomMe.id/Sign Up Menu/Textfield Email'

2020-04-28 05:54:19 - [MESSAGE][PASSED] - Keys 'CONTROL + BACK_SPACE + a' sent to object: 'Object Repository/Web RoomMe.id/Sign Up Menu/Textfield Email'

2020-04-28 05:54:19 - [TEST_STEP][PASSED] - setText(findTestObject("Web RoomMe.id/Sign Up Menu/Textfield Email"), "abc 123"): Text 'abc 123' is set on object 'Object Repository/Web RoomMe.id/Sign Up Menu/Textfield Email'

2020-04-28 05:54:19 - [MESSAGE][PASSED] - Text 'abc 123' is set on object 'Object Repository/Web RoomMe.id/Sign Up Menu/Textfield Email'

2020-04-28 05:54:19 - [TEST_STEP][PASSED] - waitForElementVisible(findTestObject("Web RoomMe.id/Sign Up Menu/Error Message/Text Email is not valid"), 30, STOP_ON_FAILURE): Object 'Object Repository/Web RoomMe.id/Sign Up Menu/Error Message/Text Email is not valid' is visible

2020-04-28 05:54:20 - [MESSAGE][PASSED] - Object 'Object Repository/Web RoomMe.id/Sign Up Menu/Error Message/Text Email is not valid' is visible

2020-04-28 05:54:20 - [TEST_STEP][PASSED] - sendKeys(findTestObject("Web RoomMe.id/Sign Up Menu/Textfield Email"), Keys.chord(CONTROL, "a", BACK_SPACE)): Keys 'CONTROL + BACK_SPACE + a' sent to object: 'Object Repository/Web RoomMe.id/Sign Up Menu/Textfield Email'

2020-04-28 05:54:20 - [MESSAGE][PASSED] - Keys 'CONTROL + BACK_SPACE + a' sent to object: 'Object Repository/Web RoomMe.id/Sign Up Menu/Textfield Email'

2020-04-28 05:54:20 - [TEST_STEP][PASSED] - setText(findTestObject("Web RoomMe.id/Sign Up Menu/Textfield Email"), "!@#$$!@"): Text '!@#$$!@' is set on object 'Object Repository/Web RoomMe.id/Sign Up Menu/Textfield Email'

2020-04-28 05:54:21 - [MESSAGE][PASSED] - Text '!@#$$!@' is set on object 'Object Repository/Web RoomMe.id/Sign Up Menu/Textfield Email'

2020-04-28 05:54:21 - [TEST_STEP][PASSED] - waitForElementVisible(findTestObject("Web RoomMe.id/Sign Up Menu/Error Message/Text Email is not valid"), 30, STOP_ON_FAILURE): Object 'Object Repository/Web RoomMe.id/Sign Up Menu/Error Message/Text Email is not valid' is visible

2020-04-28 05:54:22 - [MESSAGE][PASSED] - Object 'Object Repository/Web RoomMe.id/Sign Up Menu/Error Message/Text Email is not valid' is visible

2020-04-28 05:54:22 - [TEST_STEP][PASSED] - sendKeys(findTestObject("Web RoomMe.id/Sign Up Menu/Textfield Email"), Keys.chord(CONTROL, "a", BACK_SPACE)): Keys 'CONTROL + BACK_SPACE + a' sent to object: 'Object Repository/Web RoomMe.id/Sign Up Menu/Textfield Email'

2020-04-28 05:54:22 - [MESSAGE][PASSED] - Keys 'CONTROL + BACK_SPACE + a' sent to object: 'Object Repository/Web RoomMe.id/Sign Up Menu/Textfield Email'

2020-04-28 05:54:22 - [TEST_STEP][PASSED] - setText(findTestObject("Web RoomMe.id/Sign Up Menu/Textfield Email"), "ab@gmail"): Text 'ab@gmail' is set on object 'Object Repository/Web RoomMe.id/Sign Up Menu/Textfield Email'

2020-04-28 05:54:23 - [MESSAGE][PASSED] - Text 'ab@gmail' is set on object 'Object Repository/Web RoomMe.id/Sign Up Menu/Textfield Email'

2020-04-28 05:54:23 - [TEST_STEP][PASSED] - waitForElementVisible(findTestObject("Web RoomMe.id/Sign Up Menu/Error Message/Text Email is not valid"), 30, STOP_ON_FAILURE): Object 'Object Repository/Web RoomMe.id/Sign Up Menu/Error Message/Text Email is not valid' is visible

2020-04-28 05:54:24 - [MESSAGE][PASSED] - Object 'Object Repository/Web RoomMe.id/Sign Up Menu/Error Message/Text Email is not valid' is visible

2020-04-28 05:54:24 - [TEST_STEP][PASSED] - sendKeys(findTestObject("Web RoomMe.id/Sign Up Menu/Textfield Email"), Keys.chord(CONTROL, "a", BACK_SPACE)): Keys 'CONTROL + BACK_SPACE + a' sent to object: 'Object Repository/Web RoomMe.id/Sign Up Menu/Textfield Email'

2020-04-28 05:54:24 - [MESSAGE][PASSED] - Keys 'CONTROL + BACK_SPACE + a' sent to object: 'Object Repository/Web RoomMe.id/Sign Up Menu/Textfield Email'

2020-04-28 05:54:24 - [TEST_STEP][PASSED] - setText(findTestObject("Web RoomMe.id/Sign Up Menu/Textfield Email"), "ab@.com"): Text 'ab@.com' is set on object 'Object Repository/Web RoomMe.id/Sign Up Menu/Textfield Email'

2020-04-28 05:54:25 - [MESSAGE][PASSED] - Text 'ab@.com' is set on object 'Object Repository/Web RoomMe.id/Sign Up Menu/Textfield Email'

2020-04-28 05:54:25 - [TEST_STEP][PASSED] - waitForElementVisible(findTestObject("Web RoomMe.id/Sign Up Menu/Error Message/Text Email is not valid"), 30, STOP_ON_FAILURE): Object 'Object Repository/Web RoomMe.id/Sign Up Menu/Error Message/Text Email is not valid' is visible

2020-04-28 05:54:25 - [MESSAGE][PASSED] - Object 'Object Repository/Web RoomMe.id/Sign Up Menu/Error Message/Text Email is not valid' is visible

2020-04-28 05:54:25 - [TEST_STEP][PASSED] - sendKeys(findTestObject("Web RoomMe.id/Sign Up Menu/Textfield Email"), Keys.chord(CONTROL, "a", BACK_SPACE)): Keys 'CONTROL + BACK_SPACE + a' sent to object: 'Object Repository/Web RoomMe.id/Sign Up Menu/Textfield Email'

2020-04-28 05:54:26 - [MESSAGE][PASSED] - Keys 'CONTROL + BACK_SPACE + a' sent to object: 'Object Repository/Web RoomMe.id/Sign Up Menu/Textfield Email'

2020-04-28 05:54:26 - [TEST_STEP][PASSED] - setText(findTestObject("Web RoomMe.id/Sign Up Menu/Textfield Email"), "abc 1 2 3@ac.com"): Text 'abc 1 2 3@ac.com' is set on object 'Object Repository/Web RoomMe.id/Sign Up Menu/Textfield Email'

2020-04-28 05:54:27 - [MESSAGE][PASSED] - Text 'abc 1 2 3@ac.com' is set on object 'Object Repository/Web RoomMe.id/Sign Up Menu/Textfield Email'

2020-04-28 05:54:27 - [TEST_STEP][PASSED] - waitForElementVisible(findTestObject("Web RoomMe.id/Sign Up Menu/Error Message/Text Email is not valid"), 30, STOP_ON_FAILURE): Object 'Object Repository/Web RoomMe.id/Sign Up Menu/Error Message/Text Email is not valid' is visible

2020-04-28 05:54:27 - [MESSAGE][PASSED] - Object 'Object Repository/Web RoomMe.id/Sign Up Menu/Error Message/Text Email is not valid' is visible

2020-04-28 05:54:27 - [TEST_STEP][PASSED] - sendKeys(findTestObject("Web RoomMe.id/Sign Up Menu/Textfield Email"), Keys.chord(CONTROL, "a", BACK_SPACE)): Keys 'CONTROL + BACK_SPACE + a' sent to object: 'Object Repository/Web RoomMe.id/Sign Up Menu/Textfield Email'

2020-04-28 05:54:28 - [MESSAGE][PASSED] - Keys 'CONTROL + BACK_SPACE + a' sent to object: 'Object Repository/Web RoomMe.id/Sign Up Menu/Textfield Email']]></system-out>
         <system-err><![CDATA[]]></system-err>
      </testcase>
      <testcase name="Test Cases/Web RoomMe.id/2. Sign Up/5. Customer Input Phone Number with Invalid Format" time="26.819" classname="Test Cases/Web RoomMe.id/2. Sign Up/5. Customer Input Phone Number with Invalid Format" status="PASSED">
         <system-out><![CDATA[2020-04-28 05:54:28 - [TEST_CASE][PASSED] - Test Cases/Web RoomMe.id/2. Sign Up/5. Customer Input Phone Number with Invalid Format: Test Cases/Web RoomMe.id/2. Sign Up/5. Customer Input Phone Number with Invalid Format

2020-04-28 05:54:28 - [TEST_STEP][PASSED] - callTestCase(findTestCase("Web RoomMe.id/1. Homepage/1. Customer Access RoomMe Page"), [:], STOP_ON_FAILURE): Call Test Case 'Test Cases/Web RoomMe.id/1. Homepage/1. Customer Access RoomMe Page' successfully

2020-04-28 05:54:28 - [TEST_CASE][PASSED] - Test Cases/Web RoomMe.id/1. Homepage/1. Customer Access RoomMe Page: Test Cases/Web RoomMe.id/1. Homepage/1. Customer Access RoomMe Page

2020-04-28 05:54:28 - [TEST_STEP][PASSED] - openBrowser("https://web.roomme.id/"): Browser is opened with url: 'https://web.roomme.id/'

2020-04-28 05:54:28 - [MESSAGE][WARNING] - A browser is already opened. Closing browser and opening a new one

2020-04-28 05:54:29 - [MESSAGE][INFO] - Starting 'Chrome' driver

2020-04-28 05:54:35 - [MESSAGE][PASSED] - Browser is opened with url: 'https://web.roomme.id/'

2020-04-28 05:54:35 - [TEST_STEP][PASSED] - maximizeWindow(): Current window maximized

2020-04-28 05:54:38 - [MESSAGE][PASSED] - Current window maximized

2020-04-28 05:54:38 - [TEST_STEP][PASSED] - waitForPageLoad(0): Wait for page load successfully

2020-04-28 05:54:38 - [MESSAGE][WARNING] - Timeout '0' is invalid. Using default page load timeout: '30'

2020-04-28 05:54:38 - [MESSAGE][PASSED] - Wait for page load successfully

2020-04-28 05:54:38 - [MESSAGE][PASSED] - Call Test Case 'Test Cases/Web RoomMe.id/1. Homepage/1. Customer Access RoomMe Page' successfully

2020-04-28 05:54:38 - [TEST_STEP][PASSED] - callTestCase(findTestCase("Web RoomMe.id/1. Homepage/2. Verify Header RoomMe.id"), [:], STOP_ON_FAILURE): Call Test Case 'Test Cases/Web RoomMe.id/1. Homepage/2. Verify Header RoomMe.id' successfully

2020-04-28 05:54:38 - [TEST_CASE][PASSED] - Test Cases/Web RoomMe.id/1. Homepage/2. Verify Header RoomMe.id: Test Cases/Web RoomMe.id/1. Homepage/2. Verify Header RoomMe.id

2020-04-28 05:54:38 - [TEST_STEP][PASSED] - objectSubFolder = "Web RoomMe.id\RoomMe.id Header\": null

2020-04-28 05:54:38 - [TEST_STEP][PASSED] - pathToObjRep = getProjectDir() + "\Object Repository\" + objectSubFolder: null

2020-04-28 05:54:38 - [TEST_STEP][PASSED] - yourObjects = new java.io.File(pathToObjRep): null

2020-04-28 05:54:38 - [TEST_STEP][PASSED] - fileNames = yourObjects.list(): null

2020-04-28 05:54:38 - [TEST_STEP][PASSED] - testObjects = new java.util.ArrayList(): null

2020-04-28 05:54:38 - [TEST_STEP][PASSED] - for ([i = 0, i < length, (i++)]): null

2020-04-28 05:54:38 - [TEST_STEP][PASSED] - if (fileNames[i].contains(".rs")): null

2020-04-28 05:54:38 - [TEST_STEP][PASSED] - if (fileNames[i].contains(".rs")): null

2020-04-28 05:54:38 - [TEST_STEP][PASSED] - fileNames[i] = fileNames[i].replace(".rs", ""): null

2020-04-28 05:54:38 - [TEST_STEP][PASSED] - testObjects.add(objectSubFolder + fileNames[i]): null

2020-04-28 05:54:38 - [TEST_STEP][PASSED] - if (fileNames[i].contains(".rs")): null

2020-04-28 05:54:38 - [TEST_STEP][PASSED] - fileNames[i] = fileNames[i].replace(".rs", ""): null

2020-04-28 05:54:38 - [TEST_STEP][PASSED] - testObjects.add(objectSubFolder + fileNames[i]): null

2020-04-28 05:54:38 - [TEST_STEP][PASSED] - if (fileNames[i].contains(".rs")): null

2020-04-28 05:54:38 - [TEST_STEP][PASSED] - fileNames[i] = fileNames[i].replace(".rs", ""): null

2020-04-28 05:54:38 - [TEST_STEP][PASSED] - testObjects.add(objectSubFolder + fileNames[i]): null

2020-04-28 05:54:38 - [TEST_STEP][PASSED] - if (fileNames[i].contains(".rs")): null

2020-04-28 05:54:38 - [TEST_STEP][PASSED] - fileNames[i] = fileNames[i].replace(".rs", ""): null

2020-04-28 05:54:38 - [TEST_STEP][PASSED] - testObjects.add(objectSubFolder + fileNames[i]): null

2020-04-28 05:54:38 - [TEST_STEP][PASSED] - if (fileNames[i].contains(".rs")): null

2020-04-28 05:54:38 - [TEST_STEP][PASSED] - for (String obj : testObjects): Object 'Object Repository/Web RoomMe.id\RoomMe.id Header\Image Header Logo' is visible

2020-04-28 05:54:38 - [TEST_STEP][PASSED] - verifyElementVisible(findTestObject(obj)): Object 'Object Repository/Web RoomMe.id\RoomMe.id Header\Button Are You Landlord' is visible

2020-04-28 05:54:38 - [MESSAGE][PASSED] - Object 'Object Repository/Web RoomMe.id\RoomMe.id Header\Button Are You Landlord' is visible

2020-04-28 05:54:38 - [TEST_STEP][PASSED] - verifyElementVisible(findTestObject(obj)): Object 'Object Repository/Web RoomMe.id\RoomMe.id Header\Button Community' is visible

2020-04-28 05:54:38 - [MESSAGE][PASSED] - Object 'Object Repository/Web RoomMe.id\RoomMe.id Header\Button Community' is visible

2020-04-28 05:54:38 - [TEST_STEP][PASSED] - verifyElementVisible(findTestObject(obj)): Object 'Object Repository/Web RoomMe.id\RoomMe.id Header\Button Sign In' is visible

2020-04-28 05:54:39 - [MESSAGE][PASSED] - Object 'Object Repository/Web RoomMe.id\RoomMe.id Header\Button Sign In' is visible

2020-04-28 05:54:39 - [TEST_STEP][PASSED] - verifyElementVisible(findTestObject(obj)): Object 'Object Repository/Web RoomMe.id\RoomMe.id Header\Image Header Logo' is visible

2020-04-28 05:54:40 - [MESSAGE][PASSED] - Object 'Object Repository/Web RoomMe.id\RoomMe.id Header\Image Header Logo' is visible

2020-04-28 05:54:40 - [MESSAGE][PASSED] - Call Test Case 'Test Cases/Web RoomMe.id/1. Homepage/2. Verify Header RoomMe.id' successfully

2020-04-28 05:54:40 - [TEST_STEP][PASSED] - click(findTestObject("Web RoomMe.id/RoomMe.id Header/Button Sign In")): Object: 'Object Repository/Web RoomMe.id/RoomMe.id Header/Button Sign In' is clicked on

2020-04-28 05:54:40 - [MESSAGE][PASSED] - Object: 'Object Repository/Web RoomMe.id/RoomMe.id Header/Button Sign In' is clicked on

2020-04-28 05:54:40 - [TEST_STEP][PASSED] - waitForElementVisible(findTestObject("Web RoomMe.id/Sign In Menu/Button Sign Up"), 0): Object 'Object Repository/Web RoomMe.id/Sign In Menu/Button Sign Up' is visible

2020-04-28 05:54:40 - [MESSAGE][WARNING] - Timeout '0' is invalid. Using default page load timeout: '30'

2020-04-28 05:54:41 - [MESSAGE][PASSED] - Object 'Object Repository/Web RoomMe.id/Sign In Menu/Button Sign Up' is visible

2020-04-28 05:54:41 - [TEST_STEP][PASSED] - click(findTestObject("Web RoomMe.id/Sign In Menu/Button Sign Up")): Object: 'Object Repository/Web RoomMe.id/Sign In Menu/Button Sign Up' is clicked on

2020-04-28 05:54:41 - [MESSAGE][PASSED] - Object: 'Object Repository/Web RoomMe.id/Sign In Menu/Button Sign Up' is clicked on

2020-04-28 05:54:41 - [TEST_STEP][PASSED] - callTestCase(findTestCase("Web RoomMe.id/2. Sign Up/Verify Sign Up Menu"), [:], STOP_ON_FAILURE): Call Test Case 'Test Cases/Web RoomMe.id/2. Sign Up/Verify Sign Up Menu' successfully

2020-04-28 05:54:41 - [TEST_CASE][PASSED] - Test Cases/Web RoomMe.id/2. Sign Up/Verify Sign Up Menu: Test Cases/Web RoomMe.id/2. Sign Up/Verify Sign Up Menu

2020-04-28 05:54:41 - [TEST_STEP][PASSED] - objectSubFolder = "Web RoomMe.id\Sign Up Menu\": null

2020-04-28 05:54:41 - [TEST_STEP][PASSED] - pathToObjRep = getProjectDir() + "\Object Repository\" + objectSubFolder: null

2020-04-28 05:54:41 - [TEST_STEP][PASSED] - yourObjects = new java.io.File(pathToObjRep): null

2020-04-28 05:54:41 - [TEST_STEP][PASSED] - fileNames = yourObjects.list(): null

2020-04-28 05:54:41 - [TEST_STEP][PASSED] - testObjects = new java.util.ArrayList(): null

2020-04-28 05:54:41 - [TEST_STEP][PASSED] - for ([i = 0, i < length, (i++)]): null

2020-04-28 05:54:41 - [TEST_STEP][PASSED] - if (fileNames[i].contains(".rs")): null

2020-04-28 05:54:41 - [TEST_STEP][PASSED] - fileNames[i] = fileNames[i].replace(".rs", ""): null

2020-04-28 05:54:41 - [TEST_STEP][PASSED] - testObjects.add(objectSubFolder + fileNames[i]): null

2020-04-28 05:54:41 - [TEST_STEP][PASSED] - if (fileNames[i].contains(".rs")): null

2020-04-28 05:54:41 - [TEST_STEP][PASSED] - fileNames[i] = fileNames[i].replace(".rs", ""): null

2020-04-28 05:54:41 - [TEST_STEP][PASSED] - testObjects.add(objectSubFolder + fileNames[i]): null

2020-04-28 05:54:41 - [TEST_STEP][PASSED] - if (fileNames[i].contains(".rs")): null

2020-04-28 05:54:41 - [TEST_STEP][PASSED] - if (fileNames[i].contains(".rs")): null

2020-04-28 05:54:41 - [TEST_STEP][PASSED] - fileNames[i] = fileNames[i].replace(".rs", ""): null

2020-04-28 05:54:41 - [TEST_STEP][PASSED] - testObjects.add(objectSubFolder + fileNames[i]): null

2020-04-28 05:54:41 - [TEST_STEP][PASSED] - if (fileNames[i].contains(".rs")): null

2020-04-28 05:54:41 - [TEST_STEP][PASSED] - if (fileNames[i].contains(".rs")): null

2020-04-28 05:54:41 - [TEST_STEP][PASSED] - fileNames[i] = fileNames[i].replace(".rs", ""): null

2020-04-28 05:54:41 - [TEST_STEP][PASSED] - testObjects.add(objectSubFolder + fileNames[i]): null

2020-04-28 05:54:41 - [TEST_STEP][PASSED] - if (fileNames[i].contains(".rs")): null

2020-04-28 05:54:41 - [TEST_STEP][PASSED] - fileNames[i] = fileNames[i].replace(".rs", ""): null

2020-04-28 05:54:41 - [TEST_STEP][PASSED] - testObjects.add(objectSubFolder + fileNames[i]): null

2020-04-28 05:54:41 - [TEST_STEP][PASSED] - if (fileNames[i].contains(".rs")): null

2020-04-28 05:54:41 - [TEST_STEP][PASSED] - fileNames[i] = fileNames[i].replace(".rs", ""): null

2020-04-28 05:54:41 - [TEST_STEP][PASSED] - testObjects.add(objectSubFolder + fileNames[i]): null

2020-04-28 05:54:41 - [TEST_STEP][PASSED] - if (fileNames[i].contains(".rs")): null

2020-04-28 05:54:41 - [TEST_STEP][PASSED] - fileNames[i] = fileNames[i].replace(".rs", ""): null

2020-04-28 05:54:41 - [TEST_STEP][PASSED] - testObjects.add(objectSubFolder + fileNames[i]): null

2020-04-28 05:54:41 - [TEST_STEP][PASSED] - if (fileNames[i].contains(".rs")): null

2020-04-28 05:54:41 - [TEST_STEP][PASSED] - fileNames[i] = fileNames[i].replace(".rs", ""): null

2020-04-28 05:54:41 - [TEST_STEP][PASSED] - testObjects.add(objectSubFolder + fileNames[i]): null

2020-04-28 05:54:41 - [TEST_STEP][PASSED] - if (fileNames[i].contains(".rs")): null

2020-04-28 05:54:41 - [TEST_STEP][PASSED] - fileNames[i] = fileNames[i].replace(".rs", ""): null

2020-04-28 05:54:41 - [TEST_STEP][PASSED] - testObjects.add(objectSubFolder + fileNames[i]): null

2020-04-28 05:54:41 - [TEST_STEP][PASSED] - if (fileNames[i].contains(".rs")): null

2020-04-28 05:54:41 - [TEST_STEP][PASSED] - fileNames[i] = fileNames[i].replace(".rs", ""): null

2020-04-28 05:54:41 - [TEST_STEP][PASSED] - testObjects.add(objectSubFolder + fileNames[i]): null

2020-04-28 05:54:41 - [TEST_STEP][PASSED] - if (fileNames[i].contains(".rs")): null

2020-04-28 05:54:41 - [TEST_STEP][PASSED] - fileNames[i] = fileNames[i].replace(".rs", ""): null

2020-04-28 05:54:41 - [TEST_STEP][PASSED] - testObjects.add(objectSubFolder + fileNames[i]): null

2020-04-28 05:54:41 - [TEST_STEP][PASSED] - if (fileNames[i].contains(".rs")): null

2020-04-28 05:54:41 - [TEST_STEP][PASSED] - fileNames[i] = fileNames[i].replace(".rs", ""): null

2020-04-28 05:54:41 - [TEST_STEP][PASSED] - testObjects.add(objectSubFolder + fileNames[i]): null

2020-04-28 05:54:41 - [TEST_STEP][PASSED] - if (fileNames[i].contains(".rs")): null

2020-04-28 05:54:41 - [TEST_STEP][PASSED] - fileNames[i] = fileNames[i].replace(".rs", ""): null

2020-04-28 05:54:41 - [TEST_STEP][PASSED] - testObjects.add(objectSubFolder + fileNames[i]): null

2020-04-28 05:54:41 - [TEST_STEP][PASSED] - for (String obj : testObjects): Object 'Object Repository/Web RoomMe.id\Sign Up Menu\Textfield Phone Number' is visible

2020-04-28 05:54:41 - [TEST_STEP][PASSED] - verifyElementVisible(findTestObject(obj)): Object 'Object Repository/Web RoomMe.id\Sign Up Menu\Button Sign In' is visible

2020-04-28 05:54:42 - [MESSAGE][PASSED] - Object 'Object Repository/Web RoomMe.id\Sign Up Menu\Button Sign In' is visible

2020-04-28 05:54:42 - [TEST_STEP][PASSED] - verifyElementVisible(findTestObject(obj)): Object 'Object Repository/Web RoomMe.id\Sign Up Menu\Button Sign Up' is visible

2020-04-28 05:54:42 - [MESSAGE][PASSED] - Object 'Object Repository/Web RoomMe.id\Sign Up Menu\Button Sign Up' is visible

2020-04-28 05:54:42 - [TEST_STEP][PASSED] - verifyElementVisible(findTestObject(obj)): Object 'Object Repository/Web RoomMe.id\Sign Up Menu\Name Textfield' is visible

2020-04-28 05:54:43 - [MESSAGE][PASSED] - Object 'Object Repository/Web RoomMe.id\Sign Up Menu\Name Textfield' is visible

2020-04-28 05:54:43 - [TEST_STEP][PASSED] - verifyElementVisible(findTestObject(obj)): Object 'Object Repository/Web RoomMe.id\Sign Up Menu\Text Are you have an account' is visible

2020-04-28 05:54:43 - [MESSAGE][PASSED] - Object 'Object Repository/Web RoomMe.id\Sign Up Menu\Text Are you have an account' is visible

2020-04-28 05:54:43 - [TEST_STEP][PASSED] - verifyElementVisible(findTestObject(obj)): Object 'Object Repository/Web RoomMe.id\Sign Up Menu\Text Confirm Password' is visible

2020-04-28 05:54:43 - [MESSAGE][PASSED] - Object 'Object Repository/Web RoomMe.id\Sign Up Menu\Text Confirm Password' is visible

2020-04-28 05:54:43 - [TEST_STEP][PASSED] - verifyElementVisible(findTestObject(obj)): Object 'Object Repository/Web RoomMe.id\Sign Up Menu\Text Email Address' is visible

2020-04-28 05:54:44 - [MESSAGE][PASSED] - Object 'Object Repository/Web RoomMe.id\Sign Up Menu\Text Email Address' is visible

2020-04-28 05:54:44 - [TEST_STEP][PASSED] - verifyElementVisible(findTestObject(obj)): Object 'Object Repository/Web RoomMe.id\Sign Up Menu\Text Full Name' is visible

2020-04-28 05:54:44 - [MESSAGE][PASSED] - Object 'Object Repository/Web RoomMe.id\Sign Up Menu\Text Full Name' is visible

2020-04-28 05:54:44 - [TEST_STEP][PASSED] - verifyElementVisible(findTestObject(obj)): Object 'Object Repository/Web RoomMe.id\Sign Up Menu\Text Password' is visible

2020-04-28 05:54:45 - [MESSAGE][PASSED] - Object 'Object Repository/Web RoomMe.id\Sign Up Menu\Text Password' is visible

2020-04-28 05:54:45 - [TEST_STEP][PASSED] - verifyElementVisible(findTestObject(obj)): Object 'Object Repository/Web RoomMe.id\Sign Up Menu\Text Phone Number' is visible

2020-04-28 05:54:45 - [MESSAGE][PASSED] - Object 'Object Repository/Web RoomMe.id\Sign Up Menu\Text Phone Number' is visible

2020-04-28 05:54:45 - [TEST_STEP][PASSED] - verifyElementVisible(findTestObject(obj)): Object 'Object Repository/Web RoomMe.id\Sign Up Menu\Textfield Confirm Password' is visible

2020-04-28 05:54:45 - [MESSAGE][PASSED] - Object 'Object Repository/Web RoomMe.id\Sign Up Menu\Textfield Confirm Password' is visible

2020-04-28 05:54:45 - [TEST_STEP][PASSED] - verifyElementVisible(findTestObject(obj)): Object 'Object Repository/Web RoomMe.id\Sign Up Menu\Textfield Email' is visible

2020-04-28 05:54:46 - [MESSAGE][PASSED] - Object 'Object Repository/Web RoomMe.id\Sign Up Menu\Textfield Email' is visible

2020-04-28 05:54:46 - [TEST_STEP][PASSED] - verifyElementVisible(findTestObject(obj)): Object 'Object Repository/Web RoomMe.id\Sign Up Menu\Textfield Password' is visible

2020-04-28 05:54:46 - [MESSAGE][PASSED] - Object 'Object Repository/Web RoomMe.id\Sign Up Menu\Textfield Password' is visible

2020-04-28 05:54:46 - [TEST_STEP][PASSED] - verifyElementVisible(findTestObject(obj)): Object 'Object Repository/Web RoomMe.id\Sign Up Menu\Textfield Phone Number' is visible

2020-04-28 05:54:47 - [MESSAGE][PASSED] - Object 'Object Repository/Web RoomMe.id\Sign Up Menu\Textfield Phone Number' is visible

2020-04-28 05:54:47 - [MESSAGE][PASSED] - Call Test Case 'Test Cases/Web RoomMe.id/2. Sign Up/Verify Sign Up Menu' successfully

2020-04-28 05:54:47 - [TEST_STEP][PASSED] - waitForElementVisible(findTestObject("Web RoomMe.id/Sign Up Menu/Textfield Phone Number"), 30, STOP_ON_FAILURE): Object 'Object Repository/Web RoomMe.id/Sign Up Menu/Textfield Phone Number' is visible

2020-04-28 05:54:47 - [MESSAGE][PASSED] - Object 'Object Repository/Web RoomMe.id/Sign Up Menu/Textfield Phone Number' is visible

2020-04-28 05:54:47 - [TEST_STEP][PASSED] - setText(findTestObject("Web RoomMe.id/Sign Up Menu/Textfield Phone Number"), "abcdefghij"): Text 'abcdefghij' is set on object 'Object Repository/Web RoomMe.id/Sign Up Menu/Textfield Phone Number'

2020-04-28 05:54:48 - [MESSAGE][PASSED] - Text 'abcdefghij' is set on object 'Object Repository/Web RoomMe.id/Sign Up Menu/Textfield Phone Number'

2020-04-28 05:54:48 - [TEST_STEP][PASSED] - waitForElementVisible(findTestObject("Web RoomMe.id/Sign Up Menu/Error Message/Text Invalid phone number"), 30, STOP_ON_FAILURE): Object 'Object Repository/Web RoomMe.id/Sign Up Menu/Error Message/Text Invalid phone number' is visible

2020-04-28 05:54:48 - [MESSAGE][PASSED] - Object 'Object Repository/Web RoomMe.id/Sign Up Menu/Error Message/Text Invalid phone number' is visible

2020-04-28 05:54:48 - [TEST_STEP][PASSED] - sendKeys(findTestObject("Web RoomMe.id/Sign Up Menu/Textfield Phone Number"), Keys.chord(CONTROL, "a", BACK_SPACE)): Keys 'CONTROL + BACK_SPACE + a' sent to object: 'Object Repository/Web RoomMe.id/Sign Up Menu/Textfield Phone Number'

2020-04-28 05:54:49 - [MESSAGE][PASSED] - Keys 'CONTROL + BACK_SPACE + a' sent to object: 'Object Repository/Web RoomMe.id/Sign Up Menu/Textfield Phone Number'

2020-04-28 05:54:49 - [TEST_STEP][PASSED] - setText(findTestObject("Web RoomMe.id/Sign Up Menu/Textfield Phone Number"), "12345abcde"): Text '12345abcde' is set on object 'Object Repository/Web RoomMe.id/Sign Up Menu/Textfield Phone Number'

2020-04-28 05:54:50 - [MESSAGE][PASSED] - Text '12345abcde' is set on object 'Object Repository/Web RoomMe.id/Sign Up Menu/Textfield Phone Number'

2020-04-28 05:54:50 - [TEST_STEP][PASSED] - waitForElementVisible(findTestObject("Web RoomMe.id/Sign Up Menu/Error Message/Text Invalid phone number"), 30, STOP_ON_FAILURE): Object 'Object Repository/Web RoomMe.id/Sign Up Menu/Error Message/Text Invalid phone number' is visible

2020-04-28 05:54:50 - [MESSAGE][PASSED] - Object 'Object Repository/Web RoomMe.id/Sign Up Menu/Error Message/Text Invalid phone number' is visible

2020-04-28 05:54:50 - [TEST_STEP][PASSED] - sendKeys(findTestObject("Web RoomMe.id/Sign Up Menu/Textfield Phone Number"), Keys.chord(CONTROL, "a", BACK_SPACE)): Keys 'CONTROL + BACK_SPACE + a' sent to object: 'Object Repository/Web RoomMe.id/Sign Up Menu/Textfield Phone Number'

2020-04-28 05:54:51 - [MESSAGE][PASSED] - Keys 'CONTROL + BACK_SPACE + a' sent to object: 'Object Repository/Web RoomMe.id/Sign Up Menu/Textfield Phone Number'

2020-04-28 05:54:51 - [TEST_STEP][PASSED] - setText(findTestObject("Web RoomMe.id/Sign Up Menu/Textfield Phone Number"), "08123456 7890"): Text '08123456 7890' is set on object 'Object Repository/Web RoomMe.id/Sign Up Menu/Textfield Phone Number'

2020-04-28 05:54:52 - [MESSAGE][PASSED] - Text '08123456 7890' is set on object 'Object Repository/Web RoomMe.id/Sign Up Menu/Textfield Phone Number'

2020-04-28 05:54:52 - [TEST_STEP][PASSED] - waitForElementVisible(findTestObject("Web RoomMe.id/Sign Up Menu/Error Message/Text Invalid phone number"), 30, STOP_ON_FAILURE): Object 'Object Repository/Web RoomMe.id/Sign Up Menu/Error Message/Text Invalid phone number' is visible

2020-04-28 05:54:52 - [MESSAGE][PASSED] - Object 'Object Repository/Web RoomMe.id/Sign Up Menu/Error Message/Text Invalid phone number' is visible

2020-04-28 05:54:52 - [TEST_STEP][PASSED] - sendKeys(findTestObject("Web RoomMe.id/Sign Up Menu/Textfield Phone Number"), Keys.chord(CONTROL, "a", BACK_SPACE)): Keys 'CONTROL + BACK_SPACE + a' sent to object: 'Object Repository/Web RoomMe.id/Sign Up Menu/Textfield Phone Number'

2020-04-28 05:54:53 - [MESSAGE][PASSED] - Keys 'CONTROL + BACK_SPACE + a' sent to object: 'Object Repository/Web RoomMe.id/Sign Up Menu/Textfield Phone Number'

2020-04-28 05:54:53 - [TEST_STEP][PASSED] - setText(findTestObject("Web RoomMe.id/Sign Up Menu/Textfield Phone Number"), "!@#$%^&*()"): Text '!@#$%^&*()' is set on object 'Object Repository/Web RoomMe.id/Sign Up Menu/Textfield Phone Number'

2020-04-28 05:54:54 - [MESSAGE][PASSED] - Text '!@#$%^&*()' is set on object 'Object Repository/Web RoomMe.id/Sign Up Menu/Textfield Phone Number'

2020-04-28 05:54:54 - [TEST_STEP][PASSED] - waitForElementVisible(findTestObject("Web RoomMe.id/Sign Up Menu/Error Message/Text Invalid phone number"), 30, STOP_ON_FAILURE): Object 'Object Repository/Web RoomMe.id/Sign Up Menu/Error Message/Text Invalid phone number' is visible

2020-04-28 05:54:54 - [MESSAGE][PASSED] - Object 'Object Repository/Web RoomMe.id/Sign Up Menu/Error Message/Text Invalid phone number' is visible

2020-04-28 05:54:54 - [TEST_STEP][PASSED] - sendKeys(findTestObject("Web RoomMe.id/Sign Up Menu/Textfield Phone Number"), Keys.chord(CONTROL, "a", BACK_SPACE)): Keys 'CONTROL + BACK_SPACE + a' sent to object: 'Object Repository/Web RoomMe.id/Sign Up Menu/Textfield Phone Number'

2020-04-28 05:54:55 - [MESSAGE][PASSED] - Keys 'CONTROL + BACK_SPACE + a' sent to object: 'Object Repository/Web RoomMe.id/Sign Up Menu/Textfield Phone Number']]></system-out>
         <system-err><![CDATA[]]></system-err>
      </testcase>
      <testcase name="Test Cases/Web RoomMe.id/2. Sign Up/6. Customer Input Password with Invalid Format" time="111.791" classname="Test Cases/Web RoomMe.id/2. Sign Up/6. Customer Input Password with Invalid Format" status="FAILED">
         <failure type="FAILED" message="Test Cases/Web RoomMe.id/2. Sign Up/6. Customer Input Password with Invalid Format FAILED.
Reason:
com.kms.katalon.core.exception.StepFailedException: Unable to wait for object 'Object Repository/Web RoomMe.id/Sign Up Menu/Error Message/Text Password at least 6 Characters one letter of capitalize one number' to be visible
	at com.kms.katalon.core.webui.keyword.internal.WebUIKeywordMain.stepFailed(WebUIKeywordMain.groovy:64)
	at com.kms.katalon.core.webui.keyword.internal.WebUIKeywordMain.runKeyword(WebUIKeywordMain.groovy:26)
	at com.kms.katalon.core.webui.keyword.internal.WebUIKeywordMain$runKeyword.call(Unknown Source)
	at com.kms.katalon.core.webui.keyword.builtin.WaitForElementVisibleKeyword.waitForElementVisible(WaitForElementVisibleKeyword.groovy:98)
	at com.kms.katalon.core.webui.keyword.builtin.WaitForElementVisibleKeyword.execute(WaitForElementVisibleKeyword.groovy:68)
	at com.kms.katalon.core.keyword.internal.KeywordExecutor.executeKeywordForPlatform(KeywordExecutor.groovy:60)
	at com.kms.katalon.core.webui.keyword.WebUiBuiltInKeywords.waitForElementVisible(WebUiBuiltInKeywords.groovy:434)
	at com.kms.katalon.core.webui.keyword.WebUiBuiltInKeywords$waitForElementVisible$4.call(Unknown Source)
	at 6. Customer Input Password with Invalid Format.run(6. Customer Input Password with Invalid Format:42)
	at com.kms.katalon.core.main.ScriptEngine.run(ScriptEngine.java:194)
	at com.kms.katalon.core.main.ScriptEngine.runScriptAsRawText(ScriptEngine.java:119)
	at com.kms.katalon.core.main.TestCaseExecutor.runScript(TestCaseExecutor.java:337)
	at com.kms.katalon.core.main.TestCaseExecutor.doExecute(TestCaseExecutor.java:328)
	at com.kms.katalon.core.main.TestCaseExecutor.processExecutionPhase(TestCaseExecutor.java:307)
	at com.kms.katalon.core.main.TestCaseExecutor.accessMainPhase(TestCaseExecutor.java:299)
	at com.kms.katalon.core.main.TestCaseExecutor.execute(TestCaseExecutor.java:233)
	at com.kms.katalon.core.main.TestSuiteExecutor.accessTestCaseMainPhase(TestSuiteExecutor.java:169)
	at com.kms.katalon.core.main.TestSuiteExecutor.accessTestSuiteMainPhase(TestSuiteExecutor.java:142)
	at com.kms.katalon.core.main.TestSuiteExecutor.execute(TestSuiteExecutor.java:91)
	at com.kms.katalon.core.main.TestCaseMain.startTestSuite(TestCaseMain.java:157)
	at com.kms.katalon.core.main.TestCaseMain$startTestSuite$0.call(Unknown Source)
	at TempTestSuite1588027679839.run(TempTestSuite1588027679839.groovy:36)
Caused by: org.openqa.selenium.WebDriverException: disconnected: not connected to DevTools
  (Session info: chrome=81.0.4044.122)
Build info: version: '3.141.59', revision: 'e82be7d358', time: '2018-11-14T08:25:53'
System info: host: 'LENNONOVO', ip: '192.168.1.2', os.name: 'Windows 10', os.arch: 'amd64', os.version: '10.0', java.version: '1.8.0_181'
Driver info: com.kms.katalon.selenium.driver.CChromeDriver
Capabilities {acceptInsecureCerts: false, browserName: chrome, browserVersion: 81.0.4044.122, chrome: {chromedriverVersion: 81.0.4044.69 (6813546031a4b..., userDataDir: C:\Users\Faldi\AppData\Loca...}, goog:chromeOptions: {debuggerAddress: localhost:57203}, javascriptEnabled: true, networkConnectionEnabled: false, pageLoadStrategy: normal, platform: WINDOWS, platformName: WINDOWS, proxy: Proxy(), setWindowRect: true, strictFileInteractability: false, timeouts: {implicit: 0, pageLoad: 300000, script: 30000}, unhandledPromptBehavior: dismiss and notify, webauthn:virtualAuthenticators: true}
Session ID: 08d13933805840a45116fdf69d124356
*** Element info: {Using=xpath, value=id(&quot;dropdown-auth&quot;)/ul[@class=&quot;dropdown-menu show&quot;]/div[1]/div[1]/div[@class=&quot;auth-dropdown-form pt-0&quot;]/div[1]/form[@class=&quot;auth-form&quot;]/div[1]/div[@class=&quot;form-group&quot;]/div[@class=&quot;my-2&quot;]/div[@class=&quot;invalid-feedback&quot;]/span[1][count(. | //*[(text() = '
							Password at least 6 Characters, one letter of capitalize, one number and one special
							character
						' or . = '
							Password at least 6 Characters, one letter of capitalize, one number and one special
							character
						')]) = count(//*[(text() = '
							Password at least 6 Characters, one letter of capitalize, one number and one special
							character
						' or . = '
							Password at least 6 Characters, one letter of capitalize, one number and one special
							character
						')])]}
	at org.openqa.selenium.remote.http.W3CHttpResponseCodec.createException(W3CHttpResponseCodec.java:187)
	at org.openqa.selenium.remote.http.W3CHttpResponseCodec.decode(W3CHttpResponseCodec.java:122)
	at org.openqa.selenium.remote.http.W3CHttpResponseCodec.decode(W3CHttpResponseCodec.java:49)
	at org.openqa.selenium.remote.HttpCommandExecutor.execute(HttpCommandExecutor.java:158)
	at org.openqa.selenium.remote.service.DriverCommandExecutor.execute(DriverCommandExecutor.java:83)
	at org.openqa.selenium.remote.RemoteWebDriver.execute(RemoteWebDriver.java:552)
	at com.kms.katalon.selenium.driver.CChromeDriver.execute(CChromeDriver.java:19)
	at org.openqa.selenium.remote.RemoteWebDriver.findElements(RemoteWebDriver.java:353)
	at org.openqa.selenium.remote.RemoteWebDriver.findElementsByXPath(RemoteWebDriver.java:432)
	at org.openqa.selenium.By$ByXPath.findElements(By.java:348)
	at org.openqa.selenium.remote.RemoteWebDriver.findElements(RemoteWebDriver.java:311)
	at org.openqa.selenium.support.events.EventFiringWebDriver.lambda$new$1(EventFiringWebDriver.java:105)
	at com.sun.proxy.$Proxy9.findElements(Unknown Source)
	at org.openqa.selenium.support.events.EventFiringWebDriver.findElements(EventFiringWebDriver.java:182)
	at com.kms.katalon.core.webui.common.WebUiCommonHelper.findWebElements(WebUiCommonHelper.java:762)
	at com.kms.katalon.core.webui.common.WebUiCommonHelper.findWebElement(WebUiCommonHelper.java:1109)
	at com.kms.katalon.core.webui.keyword.internal.WebUIAbstractKeyword.findWebElement(WebUIAbstractKeyword.groovy:27)
	at com.kms.katalon.core.webui.keyword.internal.WebUIAbstractKeyword$findWebElement.call(Unknown Source)
	at com.kms.katalon.core.webui.keyword.builtin.WaitForElementVisibleKeyword$_waitForElementVisible_closure1.doCall(WaitForElementVisibleKeyword.groovy:79)
	at com.kms.katalon.core.webui.keyword.builtin.WaitForElementVisibleKeyword$_waitForElementVisible_closure1.doCall(WaitForElementVisibleKeyword.groovy)
	at com.kms.katalon.core.webui.keyword.internal.WebUIKeywordMain.runKeyword(WebUIKeywordMain.groovy:20)
	... 20 more
"/>
         <system-out><![CDATA[2020-04-28 05:54:55 - [TEST_CASE][FAILED] - Test Cases/Web RoomMe.id/2. Sign Up/6. Customer Input Password with Invalid Format: Test Cases/Web RoomMe.id/2. Sign Up/6. Customer Input Password with Invalid Format FAILED.
Reason:
com.kms.katalon.core.exception.StepFailedException: Unable to wait for object 'Object Repository/Web RoomMe.id/Sign Up Menu/Error Message/Text Password at least 6 Characters one letter of capitalize one number' to be visible
	at com.kms.katalon.core.webui.keyword.internal.WebUIKeywordMain.stepFailed(WebUIKeywordMain.groovy:64)
	at com.kms.katalon.core.webui.keyword.internal.WebUIKeywordMain.runKeyword(WebUIKeywordMain.groovy:26)
	at com.kms.katalon.core.webui.keyword.internal.WebUIKeywordMain$runKeyword.call(Unknown Source)
	at com.kms.katalon.core.webui.keyword.builtin.WaitForElementVisibleKeyword.waitForElementVisible(WaitForElementVisibleKeyword.groovy:98)
	at com.kms.katalon.core.webui.keyword.builtin.WaitForElementVisibleKeyword.execute(WaitForElementVisibleKeyword.groovy:68)
	at com.kms.katalon.core.keyword.internal.KeywordExecutor.executeKeywordForPlatform(KeywordExecutor.groovy:60)
	at com.kms.katalon.core.webui.keyword.WebUiBuiltInKeywords.waitForElementVisible(WebUiBuiltInKeywords.groovy:434)
	at com.kms.katalon.core.webui.keyword.WebUiBuiltInKeywords$waitForElementVisible$4.call(Unknown Source)
	at 6. Customer Input Password with Invalid Format.run(6. Customer Input Password with Invalid Format:42)
	at com.kms.katalon.core.main.ScriptEngine.run(ScriptEngine.java:194)
	at com.kms.katalon.core.main.ScriptEngine.runScriptAsRawText(ScriptEngine.java:119)
	at com.kms.katalon.core.main.TestCaseExecutor.runScript(TestCaseExecutor.java:337)
	at com.kms.katalon.core.main.TestCaseExecutor.doExecute(TestCaseExecutor.java:328)
	at com.kms.katalon.core.main.TestCaseExecutor.processExecutionPhase(TestCaseExecutor.java:307)
	at com.kms.katalon.core.main.TestCaseExecutor.accessMainPhase(TestCaseExecutor.java:299)
	at com.kms.katalon.core.main.TestCaseExecutor.execute(TestCaseExecutor.java:233)
	at com.kms.katalon.core.main.TestSuiteExecutor.accessTestCaseMainPhase(TestSuiteExecutor.java:169)
	at com.kms.katalon.core.main.TestSuiteExecutor.accessTestSuiteMainPhase(TestSuiteExecutor.java:142)
	at com.kms.katalon.core.main.TestSuiteExecutor.execute(TestSuiteExecutor.java:91)
	at com.kms.katalon.core.main.TestCaseMain.startTestSuite(TestCaseMain.java:157)
	at com.kms.katalon.core.main.TestCaseMain$startTestSuite$0.call(Unknown Source)
	at TempTestSuite1588027679839.run(TempTestSuite1588027679839.groovy:36)
Caused by: org.openqa.selenium.WebDriverException: disconnected: not connected to DevTools
  (Session info: chrome=81.0.4044.122)
Build info: version: '3.141.59', revision: 'e82be7d358', time: '2018-11-14T08:25:53'
System info: host: 'LENNONOVO', ip: '192.168.1.2', os.name: 'Windows 10', os.arch: 'amd64', os.version: '10.0', java.version: '1.8.0_181'
Driver info: com.kms.katalon.selenium.driver.CChromeDriver
Capabilities {acceptInsecureCerts: false, browserName: chrome, browserVersion: 81.0.4044.122, chrome: {chromedriverVersion: 81.0.4044.69 (6813546031a4b..., userDataDir: C:\Users\Faldi\AppData\Loca...}, goog:chromeOptions: {debuggerAddress: localhost:57203}, javascriptEnabled: true, networkConnectionEnabled: false, pageLoadStrategy: normal, platform: WINDOWS, platformName: WINDOWS, proxy: Proxy(), setWindowRect: true, strictFileInteractability: false, timeouts: {implicit: 0, pageLoad: 300000, script: 30000}, unhandledPromptBehavior: dismiss and notify, webauthn:virtualAuthenticators: true}
Session ID: 08d13933805840a45116fdf69d124356
*** Element info: {Using=xpath, value=id("dropdown-auth")/ul[@class="dropdown-menu show"]/div[1]/div[1]/div[@class="auth-dropdown-form pt-0"]/div[1]/form[@class="auth-form"]/div[1]/div[@class="form-group"]/div[@class="my-2"]/div[@class="invalid-feedback"]/span[1][count(. | //*[(text() = '
							Password at least 6 Characters, one letter of capitalize, one number and one special
							character
						' or . = '
							Password at least 6 Characters, one letter of capitalize, one number and one special
							character
						')]) = count(//*[(text() = '
							Password at least 6 Characters, one letter of capitalize, one number and one special
							character
						' or . = '
							Password at least 6 Characters, one letter of capitalize, one number and one special
							character
						')])]}
	at org.openqa.selenium.remote.http.W3CHttpResponseCodec.createException(W3CHttpResponseCodec.java:187)
	at org.openqa.selenium.remote.http.W3CHttpResponseCodec.decode(W3CHttpResponseCodec.java:122)
	at org.openqa.selenium.remote.http.W3CHttpResponseCodec.decode(W3CHttpResponseCodec.java:49)
	at org.openqa.selenium.remote.HttpCommandExecutor.execute(HttpCommandExecutor.java:158)
	at org.openqa.selenium.remote.service.DriverCommandExecutor.execute(DriverCommandExecutor.java:83)
	at org.openqa.selenium.remote.RemoteWebDriver.execute(RemoteWebDriver.java:552)
	at com.kms.katalon.selenium.driver.CChromeDriver.execute(CChromeDriver.java:19)
	at org.openqa.selenium.remote.RemoteWebDriver.findElements(RemoteWebDriver.java:353)
	at org.openqa.selenium.remote.RemoteWebDriver.findElementsByXPath(RemoteWebDriver.java:432)
	at org.openqa.selenium.By$ByXPath.findElements(By.java:348)
	at org.openqa.selenium.remote.RemoteWebDriver.findElements(RemoteWebDriver.java:311)
	at org.openqa.selenium.support.events.EventFiringWebDriver.lambda$new$1(EventFiringWebDriver.java:105)
	at com.sun.proxy.$Proxy9.findElements(Unknown Source)
	at org.openqa.selenium.support.events.EventFiringWebDriver.findElements(EventFiringWebDriver.java:182)
	at com.kms.katalon.core.webui.common.WebUiCommonHelper.findWebElements(WebUiCommonHelper.java:762)
	at com.kms.katalon.core.webui.common.WebUiCommonHelper.findWebElement(WebUiCommonHelper.java:1109)
	at com.kms.katalon.core.webui.keyword.internal.WebUIAbstractKeyword.findWebElement(WebUIAbstractKeyword.groovy:27)
	at com.kms.katalon.core.webui.keyword.internal.WebUIAbstractKeyword$findWebElement.call(Unknown Source)
	at com.kms.katalon.core.webui.keyword.builtin.WaitForElementVisibleKeyword$_waitForElementVisible_closure1.doCall(WaitForElementVisibleKeyword.groovy:79)
	at com.kms.katalon.core.webui.keyword.builtin.WaitForElementVisibleKeyword$_waitForElementVisible_closure1.doCall(WaitForElementVisibleKeyword.groovy)
	at com.kms.katalon.core.webui.keyword.internal.WebUIKeywordMain.runKeyword(WebUIKeywordMain.groovy:20)
	... 20 more


2020-04-28 05:54:55 - [TEST_STEP][PASSED] - callTestCase(findTestCase("Web RoomMe.id/1. Homepage/1. Customer Access RoomMe Page"), [:], STOP_ON_FAILURE): Call Test Case 'Test Cases/Web RoomMe.id/1. Homepage/1. Customer Access RoomMe Page' successfully

2020-04-28 05:54:55 - [TEST_CASE][PASSED] - Test Cases/Web RoomMe.id/1. Homepage/1. Customer Access RoomMe Page: Test Cases/Web RoomMe.id/1. Homepage/1. Customer Access RoomMe Page

2020-04-28 05:54:55 - [TEST_STEP][PASSED] - openBrowser("https://web.roomme.id/"): Browser is opened with url: 'https://web.roomme.id/'

2020-04-28 05:54:55 - [MESSAGE][WARNING] - A browser is already opened. Closing browser and opening a new one

2020-04-28 05:54:56 - [MESSAGE][INFO] - Starting 'Chrome' driver

2020-04-28 05:55:03 - [MESSAGE][PASSED] - Browser is opened with url: 'https://web.roomme.id/'

2020-04-28 05:55:03 - [TEST_STEP][PASSED] - maximizeWindow(): Current window maximized

2020-04-28 05:55:05 - [MESSAGE][PASSED] - Current window maximized

2020-04-28 05:55:05 - [TEST_STEP][PASSED] - waitForPageLoad(0): Wait for page load successfully

2020-04-28 05:55:05 - [MESSAGE][WARNING] - Timeout '0' is invalid. Using default page load timeout: '30'

2020-04-28 05:55:05 - [MESSAGE][PASSED] - Wait for page load successfully

2020-04-28 05:55:05 - [MESSAGE][PASSED] - Call Test Case 'Test Cases/Web RoomMe.id/1. Homepage/1. Customer Access RoomMe Page' successfully

2020-04-28 05:55:05 - [TEST_STEP][PASSED] - callTestCase(findTestCase("Web RoomMe.id/1. Homepage/2. Verify Header RoomMe.id"), [:], STOP_ON_FAILURE): Call Test Case 'Test Cases/Web RoomMe.id/1. Homepage/2. Verify Header RoomMe.id' successfully

2020-04-28 05:55:05 - [TEST_CASE][PASSED] - Test Cases/Web RoomMe.id/1. Homepage/2. Verify Header RoomMe.id: Test Cases/Web RoomMe.id/1. Homepage/2. Verify Header RoomMe.id

2020-04-28 05:55:05 - [TEST_STEP][PASSED] - objectSubFolder = "Web RoomMe.id\RoomMe.id Header\": null

2020-04-28 05:55:05 - [TEST_STEP][PASSED] - pathToObjRep = getProjectDir() + "\Object Repository\" + objectSubFolder: null

2020-04-28 05:55:05 - [TEST_STEP][PASSED] - yourObjects = new java.io.File(pathToObjRep): null

2020-04-28 05:55:05 - [TEST_STEP][PASSED] - fileNames = yourObjects.list(): null

2020-04-28 05:55:05 - [TEST_STEP][PASSED] - testObjects = new java.util.ArrayList(): null

2020-04-28 05:55:05 - [TEST_STEP][PASSED] - for ([i = 0, i < length, (i++)]): null

2020-04-28 05:55:05 - [TEST_STEP][PASSED] - if (fileNames[i].contains(".rs")): null

2020-04-28 05:55:05 - [TEST_STEP][PASSED] - if (fileNames[i].contains(".rs")): null

2020-04-28 05:55:05 - [TEST_STEP][PASSED] - fileNames[i] = fileNames[i].replace(".rs", ""): null

2020-04-28 05:55:05 - [TEST_STEP][PASSED] - testObjects.add(objectSubFolder + fileNames[i]): null

2020-04-28 05:55:05 - [TEST_STEP][PASSED] - if (fileNames[i].contains(".rs")): null

2020-04-28 05:55:05 - [TEST_STEP][PASSED] - fileNames[i] = fileNames[i].replace(".rs", ""): null

2020-04-28 05:55:05 - [TEST_STEP][PASSED] - testObjects.add(objectSubFolder + fileNames[i]): null

2020-04-28 05:55:05 - [TEST_STEP][PASSED] - if (fileNames[i].contains(".rs")): null

2020-04-28 05:55:05 - [TEST_STEP][PASSED] - fileNames[i] = fileNames[i].replace(".rs", ""): null

2020-04-28 05:55:05 - [TEST_STEP][PASSED] - testObjects.add(objectSubFolder + fileNames[i]): null

2020-04-28 05:55:05 - [TEST_STEP][PASSED] - if (fileNames[i].contains(".rs")): null

2020-04-28 05:55:05 - [TEST_STEP][PASSED] - fileNames[i] = fileNames[i].replace(".rs", ""): null

2020-04-28 05:55:05 - [TEST_STEP][PASSED] - testObjects.add(objectSubFolder + fileNames[i]): null

2020-04-28 05:55:05 - [TEST_STEP][PASSED] - if (fileNames[i].contains(".rs")): null

2020-04-28 05:55:05 - [TEST_STEP][PASSED] - for (String obj : testObjects): Object 'Object Repository/Web RoomMe.id\RoomMe.id Header\Image Header Logo' is visible

2020-04-28 05:55:05 - [TEST_STEP][PASSED] - verifyElementVisible(findTestObject(obj)): Object 'Object Repository/Web RoomMe.id\RoomMe.id Header\Button Are You Landlord' is visible

2020-04-28 05:55:06 - [MESSAGE][PASSED] - Object 'Object Repository/Web RoomMe.id\RoomMe.id Header\Button Are You Landlord' is visible

2020-04-28 05:55:06 - [TEST_STEP][PASSED] - verifyElementVisible(findTestObject(obj)): Object 'Object Repository/Web RoomMe.id\RoomMe.id Header\Button Community' is visible

2020-04-28 05:55:06 - [MESSAGE][PASSED] - Object 'Object Repository/Web RoomMe.id\RoomMe.id Header\Button Community' is visible

2020-04-28 05:55:06 - [TEST_STEP][PASSED] - verifyElementVisible(findTestObject(obj)): Object 'Object Repository/Web RoomMe.id\RoomMe.id Header\Button Sign In' is visible

2020-04-28 05:55:07 - [MESSAGE][PASSED] - Object 'Object Repository/Web RoomMe.id\RoomMe.id Header\Button Sign In' is visible

2020-04-28 05:55:07 - [TEST_STEP][PASSED] - verifyElementVisible(findTestObject(obj)): Object 'Object Repository/Web RoomMe.id\RoomMe.id Header\Image Header Logo' is visible

2020-04-28 05:55:07 - [MESSAGE][PASSED] - Object 'Object Repository/Web RoomMe.id\RoomMe.id Header\Image Header Logo' is visible

2020-04-28 05:55:07 - [MESSAGE][PASSED] - Call Test Case 'Test Cases/Web RoomMe.id/1. Homepage/2. Verify Header RoomMe.id' successfully

2020-04-28 05:55:07 - [TEST_STEP][PASSED] - click(findTestObject("Web RoomMe.id/RoomMe.id Header/Button Sign In")): Object: 'Object Repository/Web RoomMe.id/RoomMe.id Header/Button Sign In' is clicked on

2020-04-28 05:55:08 - [MESSAGE][PASSED] - Object: 'Object Repository/Web RoomMe.id/RoomMe.id Header/Button Sign In' is clicked on

2020-04-28 05:55:08 - [TEST_STEP][PASSED] - waitForElementVisible(findTestObject("Web RoomMe.id/Sign In Menu/Button Sign Up"), 0): Object 'Object Repository/Web RoomMe.id/Sign In Menu/Button Sign Up' is visible

2020-04-28 05:55:08 - [MESSAGE][WARNING] - Timeout '0' is invalid. Using default page load timeout: '30'

2020-04-28 05:55:09 - [MESSAGE][PASSED] - Object 'Object Repository/Web RoomMe.id/Sign In Menu/Button Sign Up' is visible

2020-04-28 05:55:09 - [TEST_STEP][PASSED] - click(findTestObject("Web RoomMe.id/Sign In Menu/Button Sign Up")): Object: 'Object Repository/Web RoomMe.id/Sign In Menu/Button Sign Up' is clicked on

2020-04-28 05:55:09 - [MESSAGE][PASSED] - Object: 'Object Repository/Web RoomMe.id/Sign In Menu/Button Sign Up' is clicked on

2020-04-28 05:55:09 - [TEST_STEP][PASSED] - callTestCase(findTestCase("Web RoomMe.id/2. Sign Up/Verify Sign Up Menu"), [:], STOP_ON_FAILURE): Call Test Case 'Test Cases/Web RoomMe.id/2. Sign Up/Verify Sign Up Menu' successfully

2020-04-28 05:55:09 - [TEST_CASE][PASSED] - Test Cases/Web RoomMe.id/2. Sign Up/Verify Sign Up Menu: Test Cases/Web RoomMe.id/2. Sign Up/Verify Sign Up Menu

2020-04-28 05:55:09 - [TEST_STEP][PASSED] - objectSubFolder = "Web RoomMe.id\Sign Up Menu\": null

2020-04-28 05:55:09 - [TEST_STEP][PASSED] - pathToObjRep = getProjectDir() + "\Object Repository\" + objectSubFolder: null

2020-04-28 05:55:09 - [TEST_STEP][PASSED] - yourObjects = new java.io.File(pathToObjRep): null

2020-04-28 05:55:09 - [TEST_STEP][PASSED] - fileNames = yourObjects.list(): null

2020-04-28 05:55:09 - [TEST_STEP][PASSED] - testObjects = new java.util.ArrayList(): null

2020-04-28 05:55:09 - [TEST_STEP][PASSED] - for ([i = 0, i < length, (i++)]): null

2020-04-28 05:55:09 - [TEST_STEP][PASSED] - if (fileNames[i].contains(".rs")): null

2020-04-28 05:55:09 - [TEST_STEP][PASSED] - fileNames[i] = fileNames[i].replace(".rs", ""): null

2020-04-28 05:55:09 - [TEST_STEP][PASSED] - testObjects.add(objectSubFolder + fileNames[i]): null

2020-04-28 05:55:09 - [TEST_STEP][PASSED] - if (fileNames[i].contains(".rs")): null

2020-04-28 05:55:09 - [TEST_STEP][PASSED] - fileNames[i] = fileNames[i].replace(".rs", ""): null

2020-04-28 05:55:09 - [TEST_STEP][PASSED] - testObjects.add(objectSubFolder + fileNames[i]): null

2020-04-28 05:55:09 - [TEST_STEP][PASSED] - if (fileNames[i].contains(".rs")): null

2020-04-28 05:55:09 - [TEST_STEP][PASSED] - if (fileNames[i].contains(".rs")): null

2020-04-28 05:55:09 - [TEST_STEP][PASSED] - fileNames[i] = fileNames[i].replace(".rs", ""): null

2020-04-28 05:55:09 - [TEST_STEP][PASSED] - testObjects.add(objectSubFolder + fileNames[i]): null

2020-04-28 05:55:09 - [TEST_STEP][PASSED] - if (fileNames[i].contains(".rs")): null

2020-04-28 05:55:09 - [TEST_STEP][PASSED] - if (fileNames[i].contains(".rs")): null

2020-04-28 05:55:09 - [TEST_STEP][PASSED] - fileNames[i] = fileNames[i].replace(".rs", ""): null

2020-04-28 05:55:09 - [TEST_STEP][PASSED] - testObjects.add(objectSubFolder + fileNames[i]): null

2020-04-28 05:55:09 - [TEST_STEP][PASSED] - if (fileNames[i].contains(".rs")): null

2020-04-28 05:55:09 - [TEST_STEP][PASSED] - fileNames[i] = fileNames[i].replace(".rs", ""): null

2020-04-28 05:55:09 - [TEST_STEP][PASSED] - testObjects.add(objectSubFolder + fileNames[i]): null

2020-04-28 05:55:09 - [TEST_STEP][PASSED] - if (fileNames[i].contains(".rs")): null

2020-04-28 05:55:09 - [TEST_STEP][PASSED] - fileNames[i] = fileNames[i].replace(".rs", ""): null

2020-04-28 05:55:09 - [TEST_STEP][PASSED] - testObjects.add(objectSubFolder + fileNames[i]): null

2020-04-28 05:55:09 - [TEST_STEP][PASSED] - if (fileNames[i].contains(".rs")): null

2020-04-28 05:55:09 - [TEST_STEP][PASSED] - fileNames[i] = fileNames[i].replace(".rs", ""): null

2020-04-28 05:55:09 - [TEST_STEP][PASSED] - testObjects.add(objectSubFolder + fileNames[i]): null

2020-04-28 05:55:09 - [TEST_STEP][PASSED] - if (fileNames[i].contains(".rs")): null

2020-04-28 05:55:09 - [TEST_STEP][PASSED] - fileNames[i] = fileNames[i].replace(".rs", ""): null

2020-04-28 05:55:09 - [TEST_STEP][PASSED] - testObjects.add(objectSubFolder + fileNames[i]): null

2020-04-28 05:55:09 - [TEST_STEP][PASSED] - if (fileNames[i].contains(".rs")): null

2020-04-28 05:55:09 - [TEST_STEP][PASSED] - fileNames[i] = fileNames[i].replace(".rs", ""): null

2020-04-28 05:55:09 - [TEST_STEP][PASSED] - testObjects.add(objectSubFolder + fileNames[i]): null

2020-04-28 05:55:09 - [TEST_STEP][PASSED] - if (fileNames[i].contains(".rs")): null

2020-04-28 05:55:09 - [TEST_STEP][PASSED] - fileNames[i] = fileNames[i].replace(".rs", ""): null

2020-04-28 05:55:09 - [TEST_STEP][PASSED] - testObjects.add(objectSubFolder + fileNames[i]): null

2020-04-28 05:55:09 - [TEST_STEP][PASSED] - if (fileNames[i].contains(".rs")): null

2020-04-28 05:55:09 - [TEST_STEP][PASSED] - fileNames[i] = fileNames[i].replace(".rs", ""): null

2020-04-28 05:55:09 - [TEST_STEP][PASSED] - testObjects.add(objectSubFolder + fileNames[i]): null

2020-04-28 05:55:09 - [TEST_STEP][PASSED] - if (fileNames[i].contains(".rs")): null

2020-04-28 05:55:09 - [TEST_STEP][PASSED] - fileNames[i] = fileNames[i].replace(".rs", ""): null

2020-04-28 05:55:09 - [TEST_STEP][PASSED] - testObjects.add(objectSubFolder + fileNames[i]): null

2020-04-28 05:55:09 - [TEST_STEP][PASSED] - if (fileNames[i].contains(".rs")): null

2020-04-28 05:55:09 - [TEST_STEP][PASSED] - fileNames[i] = fileNames[i].replace(".rs", ""): null

2020-04-28 05:55:09 - [TEST_STEP][PASSED] - testObjects.add(objectSubFolder + fileNames[i]): null

2020-04-28 05:55:09 - [TEST_STEP][PASSED] - for (String obj : testObjects): Object 'Object Repository/Web RoomMe.id\Sign Up Menu\Textfield Phone Number' is visible

2020-04-28 05:55:09 - [TEST_STEP][PASSED] - verifyElementVisible(findTestObject(obj)): Object 'Object Repository/Web RoomMe.id\Sign Up Menu\Button Sign In' is visible

2020-04-28 05:55:10 - [MESSAGE][PASSED] - Object 'Object Repository/Web RoomMe.id\Sign Up Menu\Button Sign In' is visible

2020-04-28 05:55:10 - [TEST_STEP][PASSED] - verifyElementVisible(findTestObject(obj)): Object 'Object Repository/Web RoomMe.id\Sign Up Menu\Button Sign Up' is visible

2020-04-28 05:55:10 - [MESSAGE][PASSED] - Object 'Object Repository/Web RoomMe.id\Sign Up Menu\Button Sign Up' is visible

2020-04-28 05:55:10 - [TEST_STEP][PASSED] - verifyElementVisible(findTestObject(obj)): Object 'Object Repository/Web RoomMe.id\Sign Up Menu\Name Textfield' is visible

2020-04-28 05:55:10 - [MESSAGE][PASSED] - Object 'Object Repository/Web RoomMe.id\Sign Up Menu\Name Textfield' is visible

2020-04-28 05:55:10 - [TEST_STEP][PASSED] - verifyElementVisible(findTestObject(obj)): Object 'Object Repository/Web RoomMe.id\Sign Up Menu\Text Are you have an account' is visible

2020-04-28 05:55:11 - [MESSAGE][PASSED] - Object 'Object Repository/Web RoomMe.id\Sign Up Menu\Text Are you have an account' is visible

2020-04-28 05:55:11 - [TEST_STEP][PASSED] - verifyElementVisible(findTestObject(obj)): Object 'Object Repository/Web RoomMe.id\Sign Up Menu\Text Confirm Password' is visible

2020-04-28 05:55:11 - [MESSAGE][PASSED] - Object 'Object Repository/Web RoomMe.id\Sign Up Menu\Text Confirm Password' is visible

2020-04-28 05:55:11 - [TEST_STEP][PASSED] - verifyElementVisible(findTestObject(obj)): Object 'Object Repository/Web RoomMe.id\Sign Up Menu\Text Email Address' is visible

2020-04-28 05:55:12 - [MESSAGE][PASSED] - Object 'Object Repository/Web RoomMe.id\Sign Up Menu\Text Email Address' is visible

2020-04-28 05:55:12 - [TEST_STEP][PASSED] - verifyElementVisible(findTestObject(obj)): Object 'Object Repository/Web RoomMe.id\Sign Up Menu\Text Full Name' is visible

2020-04-28 05:55:12 - [MESSAGE][PASSED] - Object 'Object Repository/Web RoomMe.id\Sign Up Menu\Text Full Name' is visible

2020-04-28 05:55:12 - [TEST_STEP][PASSED] - verifyElementVisible(findTestObject(obj)): Object 'Object Repository/Web RoomMe.id\Sign Up Menu\Text Password' is visible

2020-04-28 05:55:12 - [MESSAGE][PASSED] - Object 'Object Repository/Web RoomMe.id\Sign Up Menu\Text Password' is visible

2020-04-28 05:55:12 - [TEST_STEP][PASSED] - verifyElementVisible(findTestObject(obj)): Object 'Object Repository/Web RoomMe.id\Sign Up Menu\Text Phone Number' is visible

2020-04-28 05:55:13 - [MESSAGE][PASSED] - Object 'Object Repository/Web RoomMe.id\Sign Up Menu\Text Phone Number' is visible

2020-04-28 05:55:13 - [TEST_STEP][PASSED] - verifyElementVisible(findTestObject(obj)): Object 'Object Repository/Web RoomMe.id\Sign Up Menu\Textfield Confirm Password' is visible

2020-04-28 05:55:13 - [MESSAGE][PASSED] - Object 'Object Repository/Web RoomMe.id\Sign Up Menu\Textfield Confirm Password' is visible

2020-04-28 05:55:13 - [TEST_STEP][PASSED] - verifyElementVisible(findTestObject(obj)): Object 'Object Repository/Web RoomMe.id\Sign Up Menu\Textfield Email' is visible

2020-04-28 05:55:13 - [MESSAGE][PASSED] - Object 'Object Repository/Web RoomMe.id\Sign Up Menu\Textfield Email' is visible

2020-04-28 05:55:13 - [TEST_STEP][PASSED] - verifyElementVisible(findTestObject(obj)): Object 'Object Repository/Web RoomMe.id\Sign Up Menu\Textfield Password' is visible

2020-04-28 05:55:14 - [MESSAGE][PASSED] - Object 'Object Repository/Web RoomMe.id\Sign Up Menu\Textfield Password' is visible

2020-04-28 05:55:14 - [TEST_STEP][PASSED] - verifyElementVisible(findTestObject(obj)): Object 'Object Repository/Web RoomMe.id\Sign Up Menu\Textfield Phone Number' is visible

2020-04-28 05:55:14 - [MESSAGE][PASSED] - Object 'Object Repository/Web RoomMe.id\Sign Up Menu\Textfield Phone Number' is visible

2020-04-28 05:55:14 - [MESSAGE][PASSED] - Call Test Case 'Test Cases/Web RoomMe.id/2. Sign Up/Verify Sign Up Menu' successfully

2020-04-28 05:55:14 - [TEST_STEP][PASSED] - waitForElementVisible(findTestObject("Web RoomMe.id/Sign Up Menu/Textfield Password"), 30, STOP_ON_FAILURE): Object 'Object Repository/Web RoomMe.id/Sign Up Menu/Textfield Password' is visible

2020-04-28 05:55:15 - [MESSAGE][PASSED] - Object 'Object Repository/Web RoomMe.id/Sign Up Menu/Textfield Password' is visible

2020-04-28 05:55:15 - [TEST_STEP][PASSED] - setText(findTestObject("Web RoomMe.id/Sign Up Menu/Textfield Password"), "abc"): Text 'abc' is set on object 'Object Repository/Web RoomMe.id/Sign Up Menu/Textfield Password'

2020-04-28 05:55:15 - [MESSAGE][PASSED] - Text 'abc' is set on object 'Object Repository/Web RoomMe.id/Sign Up Menu/Textfield Password'

2020-04-28 05:55:15 - [TEST_STEP][PASSED] - waitForElementVisible(findTestObject("Web RoomMe.id/Sign Up Menu/Error Message/Text Password at least 6 Characters one letter of capitalize one number"), 0): Web element with id: 'Object Repository/Web RoomMe.id/Sign Up Menu/Error Message/Text Password at least 6 Characters one letter of capitalize one number' located by 'By.xpath: id("dropdown-auth")/ul[@class="dropdown-menu show"]/div[1]/div[1]/div[@class="auth-dropdown-form pt-0"]/div[1]/form[@class="auth-form"]/div[1]/div[@class="form-group"]/div[@class="my-2"]/div[@class="invalid-feedback"]/span[1][count(. | //*[(text() = '
							Password at least 6 Characters, one letter of capitalize, one number and one special
							character
						' or . = '
							Password at least 6 Characters, one letter of capitalize, one number and one special
							character
						')]) = count(//*[(text() = '
							Password at least 6 Characters, one letter of capitalize, one number and one special
							character
						' or . = '
							Password at least 6 Characters, one letter of capitalize, one number and one special
							character
						')])]' not found

2020-04-28 05:55:15 - [MESSAGE][WARNING] - Timeout '0' is invalid. Using default page load timeout: '30'

2020-04-28 05:56:08 - [MESSAGE][INFO] - Unable to find the element located by 'By.xpath: id("dropdown-auth")/ul[@class="dropdown-menu show"]/div[1]/div[1]/div[@class="auth-dropdown-form pt-0"]/div[1]/form[@class="auth-form"]/div[1]/div[@class="form-group"]/div[@class="my-2"]/div[@class="invalid-feedback"]/span[1][count(. | //*[(text() = '
							Password at least 6 Characters, one letter of capitalize, one number and one special
							character
						' or . = '
							Password at least 6 Characters, one letter of capitalize, one number and one special
							character
						')]) = count(//*[(text() = '
							Password at least 6 Characters, one letter of capitalize, one number and one special
							character
						' or . = '
							Password at least 6 Characters, one letter of capitalize, one number and one special
							character
						')])]'. Please recheck the objects properties to make sure the desired element is located. 

2020-04-28 05:56:08 - [MESSAGE][WARNING] - Web element with id: 'Object Repository/Web RoomMe.id/Sign Up Menu/Error Message/Text Password at least 6 Characters one letter of capitalize one number' located by 'By.xpath: id("dropdown-auth")/ul[@class="dropdown-menu show"]/div[1]/div[1]/div[@class="auth-dropdown-form pt-0"]/div[1]/form[@class="auth-form"]/div[1]/div[@class="form-group"]/div[@class="my-2"]/div[@class="invalid-feedback"]/span[1][count(. | //*[(text() = '
							Password at least 6 Characters, one letter of capitalize, one number and one special
							character
						' or . = '
							Password at least 6 Characters, one letter of capitalize, one number and one special
							character
						')]) = count(//*[(text() = '
							Password at least 6 Characters, one letter of capitalize, one number and one special
							character
						' or . = '
							Password at least 6 Characters, one letter of capitalize, one number and one special
							character
						')])]' not found

2020-04-28 05:56:08 - [TEST_STEP][PASSED] - sendKeys(findTestObject("Web RoomMe.id/Sign Up Menu/Textfield Password"), Keys.chord(CONTROL, "a", BACK_SPACE)): Keys 'CONTROL + BACK_SPACE + a' sent to object: 'Object Repository/Web RoomMe.id/Sign Up Menu/Textfield Password'

2020-04-28 05:56:09 - [MESSAGE][PASSED] - Keys 'CONTROL + BACK_SPACE + a' sent to object: 'Object Repository/Web RoomMe.id/Sign Up Menu/Textfield Password'

2020-04-28 05:56:09 - [TEST_STEP][PASSED] - setText(findTestObject("Web RoomMe.id/Sign Up Menu/Textfield Password"), "123"): Text '123' is set on object 'Object Repository/Web RoomMe.id/Sign Up Menu/Textfield Password'

2020-04-28 05:56:10 - [MESSAGE][PASSED] - Text '123' is set on object 'Object Repository/Web RoomMe.id/Sign Up Menu/Textfield Password'

2020-04-28 05:56:10 - [TEST_STEP][FAILED] - waitForElementVisible(findTestObject("Web RoomMe.id/Sign Up Menu/Error Message/Text Password at least 6 Characters one letter of capitalize one number"), 0): Unable to wait for object 'Object Repository/Web RoomMe.id/Sign Up Menu/Error Message/Text Password at least 6 Characters one letter of capitalize one number' to be visible (Root cause: com.kms.katalon.core.exception.StepFailedException: Unable to wait for object 'Object Repository/Web RoomMe.id/Sign Up Menu/Error Message/Text Password at least 6 Characters one letter of capitalize one number' to be visible
	at com.kms.katalon.core.webui.keyword.internal.WebUIKeywordMain.stepFailed(WebUIKeywordMain.groovy:64)
	at com.kms.katalon.core.webui.keyword.internal.WebUIKeywordMain.runKeyword(WebUIKeywordMain.groovy:26)
	at com.kms.katalon.core.webui.keyword.internal.WebUIKeywordMain$runKeyword.call(Unknown Source)
	at com.kms.katalon.core.webui.keyword.builtin.WaitForElementVisibleKeyword.waitForElementVisible(WaitForElementVisibleKeyword.groovy:98)
	at com.kms.katalon.core.webui.keyword.builtin.WaitForElementVisibleKeyword.execute(WaitForElementVisibleKeyword.groovy:68)
	at com.kms.katalon.core.keyword.internal.KeywordExecutor.executeKeywordForPlatform(KeywordExecutor.groovy:60)
	at com.kms.katalon.core.webui.keyword.WebUiBuiltInKeywords.waitForElementVisible(WebUiBuiltInKeywords.groovy:434)
	at com.kms.katalon.core.webui.keyword.WebUiBuiltInKeywords$waitForElementVisible$4.call(Unknown Source)
	at 6. Customer Input Password with Invalid Format.run(6. Customer Input Password with Invalid Format:42)
	at com.kms.katalon.core.main.ScriptEngine.run(ScriptEngine.java:194)
	at com.kms.katalon.core.main.ScriptEngine.runScriptAsRawText(ScriptEngine.java:119)
	at com.kms.katalon.core.main.TestCaseExecutor.runScript(TestCaseExecutor.java:337)
	at com.kms.katalon.core.main.TestCaseExecutor.doExecute(TestCaseExecutor.java:328)
	at com.kms.katalon.core.main.TestCaseExecutor.processExecutionPhase(TestCaseExecutor.java:307)
	at com.kms.katalon.core.main.TestCaseExecutor.accessMainPhase(TestCaseExecutor.java:299)
	at com.kms.katalon.core.main.TestCaseExecutor.execute(TestCaseExecutor.java:233)
	at com.kms.katalon.core.main.TestSuiteExecutor.accessTestCaseMainPhase(TestSuiteExecutor.java:169)
	at com.kms.katalon.core.main.TestSuiteExecutor.accessTestSuiteMainPhase(TestSuiteExecutor.java:142)
	at com.kms.katalon.core.main.TestSuiteExecutor.execute(TestSuiteExecutor.java:91)
	at com.kms.katalon.core.main.TestCaseMain.startTestSuite(TestCaseMain.java:157)
	at com.kms.katalon.core.main.TestCaseMain$startTestSuite$0.call(Unknown Source)
	at TempTestSuite1588027679839.run(TempTestSuite1588027679839.groovy:36)
Caused by: org.openqa.selenium.WebDriverException: disconnected: not connected to DevTools
  (Session info: chrome=81.0.4044.122)
Build info: version: '3.141.59', revision: 'e82be7d358', time: '2018-11-14T08:25:53'
System info: host: 'LENNONOVO', ip: '192.168.1.2', os.name: 'Windows 10', os.arch: 'amd64', os.version: '10.0', java.version: '1.8.0_181'
Driver info: com.kms.katalon.selenium.driver.CChromeDriver
Capabilities {acceptInsecureCerts: false, browserName: chrome, browserVersion: 81.0.4044.122, chrome: {chromedriverVersion: 81.0.4044.69 (6813546031a4b..., userDataDir: C:\Users\Faldi\AppData\Loca...}, goog:chromeOptions: {debuggerAddress: localhost:57203}, javascriptEnabled: true, networkConnectionEnabled: false, pageLoadStrategy: normal, platform: WINDOWS, platformName: WINDOWS, proxy: Proxy(), setWindowRect: true, strictFileInteractability: false, timeouts: {implicit: 0, pageLoad: 300000, script: 30000}, unhandledPromptBehavior: dismiss and notify, webauthn:virtualAuthenticators: true}
Session ID: 08d13933805840a45116fdf69d124356
*** Element info: {Using=xpath, value=id("dropdown-auth")/ul[@class="dropdown-menu show"]/div[1]/div[1]/div[@class="auth-dropdown-form pt-0"]/div[1]/form[@class="auth-form"]/div[1]/div[@class="form-group"]/div[@class="my-2"]/div[@class="invalid-feedback"]/span[1][count(. | //*[(text() = '
							Password at least 6 Characters, one letter of capitalize, one number and one special
							character
						' or . = '
							Password at least 6 Characters, one letter of capitalize, one number and one special
							character
						')]) = count(//*[(text() = '
							Password at least 6 Characters, one letter of capitalize, one number and one special
							character
						' or . = '
							Password at least 6 Characters, one letter of capitalize, one number and one special
							character
						')])]}
	at org.openqa.selenium.remote.http.W3CHttpResponseCodec.createException(W3CHttpResponseCodec.java:187)
	at org.openqa.selenium.remote.http.W3CHttpResponseCodec.decode(W3CHttpResponseCodec.java:122)
	at org.openqa.selenium.remote.http.W3CHttpResponseCodec.decode(W3CHttpResponseCodec.java:49)
	at org.openqa.selenium.remote.HttpCommandExecutor.execute(HttpCommandExecutor.java:158)
	at org.openqa.selenium.remote.service.DriverCommandExecutor.execute(DriverCommandExecutor.java:83)
	at org.openqa.selenium.remote.RemoteWebDriver.execute(RemoteWebDriver.java:552)
	at com.kms.katalon.selenium.driver.CChromeDriver.execute(CChromeDriver.java:19)
	at org.openqa.selenium.remote.RemoteWebDriver.findElements(RemoteWebDriver.java:353)
	at org.openqa.selenium.remote.RemoteWebDriver.findElementsByXPath(RemoteWebDriver.java:432)
	at org.openqa.selenium.By$ByXPath.findElements(By.java:348)
	at org.openqa.selenium.remote.RemoteWebDriver.findElements(RemoteWebDriver.java:311)
	at org.openqa.selenium.support.events.EventFiringWebDriver.lambda$new$1(EventFiringWebDriver.java:105)
	at com.sun.proxy.$Proxy9.findElements(Unknown Source)
	at org.openqa.selenium.support.events.EventFiringWebDriver.findElements(EventFiringWebDriver.java:182)
	at com.kms.katalon.core.webui.common.WebUiCommonHelper.findWebElements(WebUiCommonHelper.java:762)
	at com.kms.katalon.core.webui.common.WebUiCommonHelper.findWebElement(WebUiCommonHelper.java:1109)
	at com.kms.katalon.core.webui.keyword.internal.WebUIAbstractKeyword.findWebElement(WebUIAbstractKeyword.groovy:27)
	at com.kms.katalon.core.webui.keyword.internal.WebUIAbstractKeyword$findWebElement.call(Unknown Source)
	at com.kms.katalon.core.webui.keyword.builtin.WaitForElementVisibleKeyword$_waitForElementVisible_closure1.doCall(WaitForElementVisibleKeyword.groovy:79)
	at com.kms.katalon.core.webui.keyword.builtin.WaitForElementVisibleKeyword$_waitForElementVisible_closure1.doCall(WaitForElementVisibleKeyword.groovy)
	at com.kms.katalon.core.webui.keyword.internal.WebUIKeywordMain.runKeyword(WebUIKeywordMain.groovy:20)
	at com.kms.katalon.core.webui.keyword.internal.WebUIKeywordMain$runKeyword.call(Unknown Source)
	at com.kms.katalon.core.webui.keyword.builtin.WaitForElementVisibleKeyword.waitForElementVisible(WaitForElementVisibleKeyword.groovy:98)
	at com.kms.katalon.core.webui.keyword.builtin.WaitForElementVisibleKeyword.execute(WaitForElementVisibleKeyword.groovy:68)
	at com.kms.katalon.core.keyword.internal.KeywordExecutor.executeKeywordForPlatform(KeywordExecutor.groovy:60)
	at com.kms.katalon.core.webui.keyword.WebUiBuiltInKeywords.waitForElementVisible(WebUiBuiltInKeywords.groovy:434)
	at com.kms.katalon.core.webui.keyword.WebUiBuiltInKeywords$waitForElementVisible$4.call(Unknown Source)
	at Script1586326200216.run(Script1586326200216.groovy:42)
	... 13 more
)

2020-04-28 05:56:10 - [MESSAGE][WARNING] - Timeout '0' is invalid. Using default page load timeout: '30'

2020-04-28 05:56:46 - [MESSAGE][FAILED] - Unable to wait for object 'Object Repository/Web RoomMe.id/Sign Up Menu/Error Message/Text Password at least 6 Characters one letter of capitalize one number' to be visible (Root cause: com.kms.katalon.core.exception.StepFailedException: Unable to wait for object 'Object Repository/Web RoomMe.id/Sign Up Menu/Error Message/Text Password at least 6 Characters one letter of capitalize one number' to be visible
	at com.kms.katalon.core.webui.keyword.internal.WebUIKeywordMain.stepFailed(WebUIKeywordMain.groovy:64)
	at com.kms.katalon.core.webui.keyword.internal.WebUIKeywordMain.runKeyword(WebUIKeywordMain.groovy:26)
	at com.kms.katalon.core.webui.keyword.internal.WebUIKeywordMain$runKeyword.call(Unknown Source)
	at com.kms.katalon.core.webui.keyword.builtin.WaitForElementVisibleKeyword.waitForElementVisible(WaitForElementVisibleKeyword.groovy:98)
	at com.kms.katalon.core.webui.keyword.builtin.WaitForElementVisibleKeyword.execute(WaitForElementVisibleKeyword.groovy:68)
	at com.kms.katalon.core.keyword.internal.KeywordExecutor.executeKeywordForPlatform(KeywordExecutor.groovy:60)
	at com.kms.katalon.core.webui.keyword.WebUiBuiltInKeywords.waitForElementVisible(WebUiBuiltInKeywords.groovy:434)
	at com.kms.katalon.core.webui.keyword.WebUiBuiltInKeywords$waitForElementVisible$4.call(Unknown Source)
	at 6. Customer Input Password with Invalid Format.run(6. Customer Input Password with Invalid Format:42)
	at com.kms.katalon.core.main.ScriptEngine.run(ScriptEngine.java:194)
	at com.kms.katalon.core.main.ScriptEngine.runScriptAsRawText(ScriptEngine.java:119)
	at com.kms.katalon.core.main.TestCaseExecutor.runScript(TestCaseExecutor.java:337)
	at com.kms.katalon.core.main.TestCaseExecutor.doExecute(TestCaseExecutor.java:328)
	at com.kms.katalon.core.main.TestCaseExecutor.processExecutionPhase(TestCaseExecutor.java:307)
	at com.kms.katalon.core.main.TestCaseExecutor.accessMainPhase(TestCaseExecutor.java:299)
	at com.kms.katalon.core.main.TestCaseExecutor.execute(TestCaseExecutor.java:233)
	at com.kms.katalon.core.main.TestSuiteExecutor.accessTestCaseMainPhase(TestSuiteExecutor.java:169)
	at com.kms.katalon.core.main.TestSuiteExecutor.accessTestSuiteMainPhase(TestSuiteExecutor.java:142)
	at com.kms.katalon.core.main.TestSuiteExecutor.execute(TestSuiteExecutor.java:91)
	at com.kms.katalon.core.main.TestCaseMain.startTestSuite(TestCaseMain.java:157)
	at com.kms.katalon.core.main.TestCaseMain$startTestSuite$0.call(Unknown Source)
	at TempTestSuite1588027679839.run(TempTestSuite1588027679839.groovy:36)
Caused by: org.openqa.selenium.WebDriverException: disconnected: not connected to DevTools
  (Session info: chrome=81.0.4044.122)
Build info: version: '3.141.59', revision: 'e82be7d358', time: '2018-11-14T08:25:53'
System info: host: 'LENNONOVO', ip: '192.168.1.2', os.name: 'Windows 10', os.arch: 'amd64', os.version: '10.0', java.version: '1.8.0_181'
Driver info: com.kms.katalon.selenium.driver.CChromeDriver
Capabilities {acceptInsecureCerts: false, browserName: chrome, browserVersion: 81.0.4044.122, chrome: {chromedriverVersion: 81.0.4044.69 (6813546031a4b..., userDataDir: C:\Users\Faldi\AppData\Loca...}, goog:chromeOptions: {debuggerAddress: localhost:57203}, javascriptEnabled: true, networkConnectionEnabled: false, pageLoadStrategy: normal, platform: WINDOWS, platformName: WINDOWS, proxy: Proxy(), setWindowRect: true, strictFileInteractability: false, timeouts: {implicit: 0, pageLoad: 300000, script: 30000}, unhandledPromptBehavior: dismiss and notify, webauthn:virtualAuthenticators: true}
Session ID: 08d13933805840a45116fdf69d124356
*** Element info: {Using=xpath, value=id("dropdown-auth")/ul[@class="dropdown-menu show"]/div[1]/div[1]/div[@class="auth-dropdown-form pt-0"]/div[1]/form[@class="auth-form"]/div[1]/div[@class="form-group"]/div[@class="my-2"]/div[@class="invalid-feedback"]/span[1][count(. | //*[(text() = '
							Password at least 6 Characters, one letter of capitalize, one number and one special
							character
						' or . = '
							Password at least 6 Characters, one letter of capitalize, one number and one special
							character
						')]) = count(//*[(text() = '
							Password at least 6 Characters, one letter of capitalize, one number and one special
							character
						' or . = '
							Password at least 6 Characters, one letter of capitalize, one number and one special
							character
						')])]}
	at org.openqa.selenium.remote.http.W3CHttpResponseCodec.createException(W3CHttpResponseCodec.java:187)
	at org.openqa.selenium.remote.http.W3CHttpResponseCodec.decode(W3CHttpResponseCodec.java:122)
	at org.openqa.selenium.remote.http.W3CHttpResponseCodec.decode(W3CHttpResponseCodec.java:49)
	at org.openqa.selenium.remote.HttpCommandExecutor.execute(HttpCommandExecutor.java:158)
	at org.openqa.selenium.remote.service.DriverCommandExecutor.execute(DriverCommandExecutor.java:83)
	at org.openqa.selenium.remote.RemoteWebDriver.execute(RemoteWebDriver.java:552)
	at com.kms.katalon.selenium.driver.CChromeDriver.execute(CChromeDriver.java:19)
	at org.openqa.selenium.remote.RemoteWebDriver.findElements(RemoteWebDriver.java:353)
	at org.openqa.selenium.remote.RemoteWebDriver.findElementsByXPath(RemoteWebDriver.java:432)
	at org.openqa.selenium.By$ByXPath.findElements(By.java:348)
	at org.openqa.selenium.remote.RemoteWebDriver.findElements(RemoteWebDriver.java:311)
	at org.openqa.selenium.support.events.EventFiringWebDriver.lambda$new$1(EventFiringWebDriver.java:105)
	at com.sun.proxy.$Proxy9.findElements(Unknown Source)
	at org.openqa.selenium.support.events.EventFiringWebDriver.findElements(EventFiringWebDriver.java:182)
	at com.kms.katalon.core.webui.common.WebUiCommonHelper.findWebElements(WebUiCommonHelper.java:762)
	at com.kms.katalon.core.webui.common.WebUiCommonHelper.findWebElement(WebUiCommonHelper.java:1109)
	at com.kms.katalon.core.webui.keyword.internal.WebUIAbstractKeyword.findWebElement(WebUIAbstractKeyword.groovy:27)
	at com.kms.katalon.core.webui.keyword.internal.WebUIAbstractKeyword$findWebElement.call(Unknown Source)
	at com.kms.katalon.core.webui.keyword.builtin.WaitForElementVisibleKeyword$_waitForElementVisible_closure1.doCall(WaitForElementVisibleKeyword.groovy:79)
	at com.kms.katalon.core.webui.keyword.builtin.WaitForElementVisibleKeyword$_waitForElementVisible_closure1.doCall(WaitForElementVisibleKeyword.groovy)
	at com.kms.katalon.core.webui.keyword.internal.WebUIKeywordMain.runKeyword(WebUIKeywordMain.groovy:20)
	at com.kms.katalon.core.webui.keyword.internal.WebUIKeywordMain$runKeyword.call(Unknown Source)
	at com.kms.katalon.core.webui.keyword.builtin.WaitForElementVisibleKeyword.waitForElementVisible(WaitForElementVisibleKeyword.groovy:98)
	at com.kms.katalon.core.webui.keyword.builtin.WaitForElementVisibleKeyword.execute(WaitForElementVisibleKeyword.groovy:68)
	at com.kms.katalon.core.keyword.internal.KeywordExecutor.executeKeywordForPlatform(KeywordExecutor.groovy:60)
	at com.kms.katalon.core.webui.keyword.WebUiBuiltInKeywords.waitForElementVisible(WebUiBuiltInKeywords.groovy:434)
	at com.kms.katalon.core.webui.keyword.WebUiBuiltInKeywords$waitForElementVisible$4.call(Unknown Source)
	at Script1586326200216.run(Script1586326200216.groovy:42)
	... 13 more
)
[[ATTACHMENT|C:\\Users\\Faldi\\Katalon Studio\\katalonroomme-master\\Reports\\20200428_054757\\Web RoomMe.id\\Customer Sign Up\\20200428_054759\\1588028203956.png]]]]></system-out>
         <system-err><![CDATA[2020-04-28 05:54:55 - [TEST_CASE][FAILED] - Test Cases/Web RoomMe.id/2. Sign Up/6. Customer Input Password with Invalid Format: Test Cases/Web RoomMe.id/2. Sign Up/6. Customer Input Password with Invalid Format FAILED.
Reason:
com.kms.katalon.core.exception.StepFailedException: Unable to wait for object 'Object Repository/Web RoomMe.id/Sign Up Menu/Error Message/Text Password at least 6 Characters one letter of capitalize one number' to be visible
	at com.kms.katalon.core.webui.keyword.internal.WebUIKeywordMain.stepFailed(WebUIKeywordMain.groovy:64)
	at com.kms.katalon.core.webui.keyword.internal.WebUIKeywordMain.runKeyword(WebUIKeywordMain.groovy:26)
	at com.kms.katalon.core.webui.keyword.internal.WebUIKeywordMain$runKeyword.call(Unknown Source)
	at com.kms.katalon.core.webui.keyword.builtin.WaitForElementVisibleKeyword.waitForElementVisible(WaitForElementVisibleKeyword.groovy:98)
	at com.kms.katalon.core.webui.keyword.builtin.WaitForElementVisibleKeyword.execute(WaitForElementVisibleKeyword.groovy:68)
	at com.kms.katalon.core.keyword.internal.KeywordExecutor.executeKeywordForPlatform(KeywordExecutor.groovy:60)
	at com.kms.katalon.core.webui.keyword.WebUiBuiltInKeywords.waitForElementVisible(WebUiBuiltInKeywords.groovy:434)
	at com.kms.katalon.core.webui.keyword.WebUiBuiltInKeywords$waitForElementVisible$4.call(Unknown Source)
	at 6. Customer Input Password with Invalid Format.run(6. Customer Input Password with Invalid Format:42)
	at com.kms.katalon.core.main.ScriptEngine.run(ScriptEngine.java:194)
	at com.kms.katalon.core.main.ScriptEngine.runScriptAsRawText(ScriptEngine.java:119)
	at com.kms.katalon.core.main.TestCaseExecutor.runScript(TestCaseExecutor.java:337)
	at com.kms.katalon.core.main.TestCaseExecutor.doExecute(TestCaseExecutor.java:328)
	at com.kms.katalon.core.main.TestCaseExecutor.processExecutionPhase(TestCaseExecutor.java:307)
	at com.kms.katalon.core.main.TestCaseExecutor.accessMainPhase(TestCaseExecutor.java:299)
	at com.kms.katalon.core.main.TestCaseExecutor.execute(TestCaseExecutor.java:233)
	at com.kms.katalon.core.main.TestSuiteExecutor.accessTestCaseMainPhase(TestSuiteExecutor.java:169)
	at com.kms.katalon.core.main.TestSuiteExecutor.accessTestSuiteMainPhase(TestSuiteExecutor.java:142)
	at com.kms.katalon.core.main.TestSuiteExecutor.execute(TestSuiteExecutor.java:91)
	at com.kms.katalon.core.main.TestCaseMain.startTestSuite(TestCaseMain.java:157)
	at com.kms.katalon.core.main.TestCaseMain$startTestSuite$0.call(Unknown Source)
	at TempTestSuite1588027679839.run(TempTestSuite1588027679839.groovy:36)
Caused by: org.openqa.selenium.WebDriverException: disconnected: not connected to DevTools
  (Session info: chrome=81.0.4044.122)
Build info: version: '3.141.59', revision: 'e82be7d358', time: '2018-11-14T08:25:53'
System info: host: 'LENNONOVO', ip: '192.168.1.2', os.name: 'Windows 10', os.arch: 'amd64', os.version: '10.0', java.version: '1.8.0_181'
Driver info: com.kms.katalon.selenium.driver.CChromeDriver
Capabilities {acceptInsecureCerts: false, browserName: chrome, browserVersion: 81.0.4044.122, chrome: {chromedriverVersion: 81.0.4044.69 (6813546031a4b..., userDataDir: C:\Users\Faldi\AppData\Loca...}, goog:chromeOptions: {debuggerAddress: localhost:57203}, javascriptEnabled: true, networkConnectionEnabled: false, pageLoadStrategy: normal, platform: WINDOWS, platformName: WINDOWS, proxy: Proxy(), setWindowRect: true, strictFileInteractability: false, timeouts: {implicit: 0, pageLoad: 300000, script: 30000}, unhandledPromptBehavior: dismiss and notify, webauthn:virtualAuthenticators: true}
Session ID: 08d13933805840a45116fdf69d124356
*** Element info: {Using=xpath, value=id("dropdown-auth")/ul[@class="dropdown-menu show"]/div[1]/div[1]/div[@class="auth-dropdown-form pt-0"]/div[1]/form[@class="auth-form"]/div[1]/div[@class="form-group"]/div[@class="my-2"]/div[@class="invalid-feedback"]/span[1][count(. | //*[(text() = '
							Password at least 6 Characters, one letter of capitalize, one number and one special
							character
						' or . = '
							Password at least 6 Characters, one letter of capitalize, one number and one special
							character
						')]) = count(//*[(text() = '
							Password at least 6 Characters, one letter of capitalize, one number and one special
							character
						' or . = '
							Password at least 6 Characters, one letter of capitalize, one number and one special
							character
						')])]}
	at org.openqa.selenium.remote.http.W3CHttpResponseCodec.createException(W3CHttpResponseCodec.java:187)
	at org.openqa.selenium.remote.http.W3CHttpResponseCodec.decode(W3CHttpResponseCodec.java:122)
	at org.openqa.selenium.remote.http.W3CHttpResponseCodec.decode(W3CHttpResponseCodec.java:49)
	at org.openqa.selenium.remote.HttpCommandExecutor.execute(HttpCommandExecutor.java:158)
	at org.openqa.selenium.remote.service.DriverCommandExecutor.execute(DriverCommandExecutor.java:83)
	at org.openqa.selenium.remote.RemoteWebDriver.execute(RemoteWebDriver.java:552)
	at com.kms.katalon.selenium.driver.CChromeDriver.execute(CChromeDriver.java:19)
	at org.openqa.selenium.remote.RemoteWebDriver.findElements(RemoteWebDriver.java:353)
	at org.openqa.selenium.remote.RemoteWebDriver.findElementsByXPath(RemoteWebDriver.java:432)
	at org.openqa.selenium.By$ByXPath.findElements(By.java:348)
	at org.openqa.selenium.remote.RemoteWebDriver.findElements(RemoteWebDriver.java:311)
	at org.openqa.selenium.support.events.EventFiringWebDriver.lambda$new$1(EventFiringWebDriver.java:105)
	at com.sun.proxy.$Proxy9.findElements(Unknown Source)
	at org.openqa.selenium.support.events.EventFiringWebDriver.findElements(EventFiringWebDriver.java:182)
	at com.kms.katalon.core.webui.common.WebUiCommonHelper.findWebElements(WebUiCommonHelper.java:762)
	at com.kms.katalon.core.webui.common.WebUiCommonHelper.findWebElement(WebUiCommonHelper.java:1109)
	at com.kms.katalon.core.webui.keyword.internal.WebUIAbstractKeyword.findWebElement(WebUIAbstractKeyword.groovy:27)
	at com.kms.katalon.core.webui.keyword.internal.WebUIAbstractKeyword$findWebElement.call(Unknown Source)
	at com.kms.katalon.core.webui.keyword.builtin.WaitForElementVisibleKeyword$_waitForElementVisible_closure1.doCall(WaitForElementVisibleKeyword.groovy:79)
	at com.kms.katalon.core.webui.keyword.builtin.WaitForElementVisibleKeyword$_waitForElementVisible_closure1.doCall(WaitForElementVisibleKeyword.groovy)
	at com.kms.katalon.core.webui.keyword.internal.WebUIKeywordMain.runKeyword(WebUIKeywordMain.groovy:20)
	... 20 more]]></system-err>
      </testcase>
      <testcase name="Test Cases/Web RoomMe.id/2. Sign Up/7. Customer Input Confirm Password with Invalid Format" time="48.519" classname="Test Cases/Web RoomMe.id/2. Sign Up/7. Customer Input Confirm Password with Invalid Format" status="FAILED">
         <failure type="FAILED" message="Test Cases/Web RoomMe.id/2. Sign Up/7. Customer Input Confirm Password with Invalid Format FAILED.
Reason:
com.kms.katalon.core.exception.StepFailedException: Call Test Case 'Test Cases/Web RoomMe.id/1. Homepage/2. Verify Header RoomMe.id' failed
	at com.kms.katalon.core.keyword.builtin.CallTestCaseKeyword$_callTestCase_closure1.doCall(CallTestCaseKeyword.groovy:63)
	at com.kms.katalon.core.keyword.builtin.CallTestCaseKeyword$_callTestCase_closure1.call(CallTestCaseKeyword.groovy)
	at com.kms.katalon.core.keyword.internal.KeywordMain.runKeyword(KeywordMain.groovy:68)
	at com.kms.katalon.core.keyword.builtin.CallTestCaseKeyword.callTestCase(CallTestCaseKeyword.groovy:81)
	at com.kms.katalon.core.keyword.builtin.CallTestCaseKeyword.execute(CallTestCaseKeyword.groovy:44)
	at com.kms.katalon.core.keyword.internal.KeywordExecutor.executeKeywordForPlatform(KeywordExecutor.groovy:60)
	at com.kms.katalon.core.keyword.BuiltinKeywords.callTestCase(BuiltinKeywords.groovy:334)
	at 7. Customer Input Confirm Password with Invalid Format.run(7. Customer Input Confirm Password with Invalid Format:20)
	at com.kms.katalon.core.main.ScriptEngine.run(ScriptEngine.java:194)
	at com.kms.katalon.core.main.ScriptEngine.runScriptAsRawText(ScriptEngine.java:119)
	at com.kms.katalon.core.main.TestCaseExecutor.runScript(TestCaseExecutor.java:337)
	at com.kms.katalon.core.main.TestCaseExecutor.doExecute(TestCaseExecutor.java:328)
	at com.kms.katalon.core.main.TestCaseExecutor.processExecutionPhase(TestCaseExecutor.java:307)
	at com.kms.katalon.core.main.TestCaseExecutor.accessMainPhase(TestCaseExecutor.java:299)
	at com.kms.katalon.core.main.TestCaseExecutor.execute(TestCaseExecutor.java:233)
	at com.kms.katalon.core.main.TestSuiteExecutor.accessTestCaseMainPhase(TestSuiteExecutor.java:169)
	at com.kms.katalon.core.main.TestSuiteExecutor.accessTestSuiteMainPhase(TestSuiteExecutor.java:142)
	at com.kms.katalon.core.main.TestSuiteExecutor.execute(TestSuiteExecutor.java:91)
	at com.kms.katalon.core.main.TestCaseMain.startTestSuite(TestCaseMain.java:157)
	at com.kms.katalon.core.main.TestCaseMain$startTestSuite$0.call(Unknown Source)
	at TempTestSuite1588027679839.run(TempTestSuite1588027679839.groovy:36)
Caused by: com.kms.katalon.core.exception.StepFailedException: Unable to verify object 'Object Repository/Web RoomMe.id\RoomMe.id Header\Button Are You Landlord' is visible
	at com.kms.katalon.core.webui.keyword.internal.WebUIKeywordMain.stepFailed(WebUIKeywordMain.groovy:64)
	at com.kms.katalon.core.webui.keyword.internal.WebUIKeywordMain.runKeyword(WebUIKeywordMain.groovy:26)
	at com.kms.katalon.core.webui.keyword.builtin.VerifyElementVisibleKeyword.verifyElementVisible(VerifyElementVisibleKeyword.groovy:97)
	at com.kms.katalon.core.webui.keyword.builtin.VerifyElementVisibleKeyword.execute(VerifyElementVisibleKeyword.groovy:67)
	at com.kms.katalon.core.keyword.internal.KeywordExecutor.executeKeywordForPlatform(KeywordExecutor.groovy:60)
	at com.kms.katalon.core.webui.keyword.WebUiBuiltInKeywords.verifyElementVisible(WebUiBuiltInKeywords.groovy:372)
	at com.kms.katalon.core.webui.keyword.WebUiBuiltInKeywords$verifyElementVisible$2.call(Unknown Source)
	at 2. Verify Header RoomMe.id.run(2. Verify Header RoomMe.id:38)
	at com.kms.katalon.core.main.ScriptEngine.run(ScriptEngine.java:194)
	at com.kms.katalon.core.main.ScriptEngine.runScriptAsRawText(ScriptEngine.java:119)
	at com.kms.katalon.core.main.TestCaseExecutor.runScript(TestCaseExecutor.java:337)
	at com.kms.katalon.core.main.TestCaseExecutor.doExecute(TestCaseExecutor.java:328)
	at com.kms.katalon.core.main.TestCaseExecutor.processExecutionPhase(TestCaseExecutor.java:307)
	at com.kms.katalon.core.main.TestCaseExecutor.accessMainPhase(TestCaseExecutor.java:299)
	at com.kms.katalon.core.main.TestCaseExecutor.execute(TestCaseExecutor.java:233)
	at com.kms.katalon.core.main.TestCaseMain.runTestCase(TestCaseMain.java:114)
	at com.kms.katalon.core.keyword.builtin.CallTestCaseKeyword$_callTestCase_closure1.doCall(CallTestCaseKeyword.groovy:59)
	... 20 more
Caused by: com.kms.katalon.core.exception.StepFailedException: Web element with id: 'Object Repository/Web RoomMe.id\RoomMe.id Header\Button Are You Landlord' located by 'By.xpath: //div[2]/a' not found
	at com.kms.katalon.core.webui.keyword.internal.WebUIKeywordMain.stepFailed(WebUIKeywordMain.groovy:64)
	at com.kms.katalon.core.webui.keyword.builtin.VerifyElementVisibleKeyword$_verifyElementVisible_closure1.doCall(VerifyElementVisibleKeyword.groovy:89)
	at com.kms.katalon.core.webui.keyword.builtin.VerifyElementVisibleKeyword$_verifyElementVisible_closure1.call(VerifyElementVisibleKeyword.groovy)
	at com.kms.katalon.core.webui.keyword.internal.WebUIKeywordMain.runKeyword(WebUIKeywordMain.groovy:20)
	... 35 more
"/>
         <system-out><![CDATA[2020-04-28 05:56:46 - [TEST_CASE][FAILED] - Test Cases/Web RoomMe.id/2. Sign Up/7. Customer Input Confirm Password with Invalid Format: Test Cases/Web RoomMe.id/2. Sign Up/7. Customer Input Confirm Password with Invalid Format FAILED.
Reason:
com.kms.katalon.core.exception.StepFailedException: Call Test Case 'Test Cases/Web RoomMe.id/1. Homepage/2. Verify Header RoomMe.id' failed
	at com.kms.katalon.core.keyword.builtin.CallTestCaseKeyword$_callTestCase_closure1.doCall(CallTestCaseKeyword.groovy:63)
	at com.kms.katalon.core.keyword.builtin.CallTestCaseKeyword$_callTestCase_closure1.call(CallTestCaseKeyword.groovy)
	at com.kms.katalon.core.keyword.internal.KeywordMain.runKeyword(KeywordMain.groovy:68)
	at com.kms.katalon.core.keyword.builtin.CallTestCaseKeyword.callTestCase(CallTestCaseKeyword.groovy:81)
	at com.kms.katalon.core.keyword.builtin.CallTestCaseKeyword.execute(CallTestCaseKeyword.groovy:44)
	at com.kms.katalon.core.keyword.internal.KeywordExecutor.executeKeywordForPlatform(KeywordExecutor.groovy:60)
	at com.kms.katalon.core.keyword.BuiltinKeywords.callTestCase(BuiltinKeywords.groovy:334)
	at 7. Customer Input Confirm Password with Invalid Format.run(7. Customer Input Confirm Password with Invalid Format:20)
	at com.kms.katalon.core.main.ScriptEngine.run(ScriptEngine.java:194)
	at com.kms.katalon.core.main.ScriptEngine.runScriptAsRawText(ScriptEngine.java:119)
	at com.kms.katalon.core.main.TestCaseExecutor.runScript(TestCaseExecutor.java:337)
	at com.kms.katalon.core.main.TestCaseExecutor.doExecute(TestCaseExecutor.java:328)
	at com.kms.katalon.core.main.TestCaseExecutor.processExecutionPhase(TestCaseExecutor.java:307)
	at com.kms.katalon.core.main.TestCaseExecutor.accessMainPhase(TestCaseExecutor.java:299)
	at com.kms.katalon.core.main.TestCaseExecutor.execute(TestCaseExecutor.java:233)
	at com.kms.katalon.core.main.TestSuiteExecutor.accessTestCaseMainPhase(TestSuiteExecutor.java:169)
	at com.kms.katalon.core.main.TestSuiteExecutor.accessTestSuiteMainPhase(TestSuiteExecutor.java:142)
	at com.kms.katalon.core.main.TestSuiteExecutor.execute(TestSuiteExecutor.java:91)
	at com.kms.katalon.core.main.TestCaseMain.startTestSuite(TestCaseMain.java:157)
	at com.kms.katalon.core.main.TestCaseMain$startTestSuite$0.call(Unknown Source)
	at TempTestSuite1588027679839.run(TempTestSuite1588027679839.groovy:36)
Caused by: com.kms.katalon.core.exception.StepFailedException: Unable to verify object 'Object Repository/Web RoomMe.id\RoomMe.id Header\Button Are You Landlord' is visible
	at com.kms.katalon.core.webui.keyword.internal.WebUIKeywordMain.stepFailed(WebUIKeywordMain.groovy:64)
	at com.kms.katalon.core.webui.keyword.internal.WebUIKeywordMain.runKeyword(WebUIKeywordMain.groovy:26)
	at com.kms.katalon.core.webui.keyword.builtin.VerifyElementVisibleKeyword.verifyElementVisible(VerifyElementVisibleKeyword.groovy:97)
	at com.kms.katalon.core.webui.keyword.builtin.VerifyElementVisibleKeyword.execute(VerifyElementVisibleKeyword.groovy:67)
	at com.kms.katalon.core.keyword.internal.KeywordExecutor.executeKeywordForPlatform(KeywordExecutor.groovy:60)
	at com.kms.katalon.core.webui.keyword.WebUiBuiltInKeywords.verifyElementVisible(WebUiBuiltInKeywords.groovy:372)
	at com.kms.katalon.core.webui.keyword.WebUiBuiltInKeywords$verifyElementVisible$2.call(Unknown Source)
	at 2. Verify Header RoomMe.id.run(2. Verify Header RoomMe.id:38)
	at com.kms.katalon.core.main.ScriptEngine.run(ScriptEngine.java:194)
	at com.kms.katalon.core.main.ScriptEngine.runScriptAsRawText(ScriptEngine.java:119)
	at com.kms.katalon.core.main.TestCaseExecutor.runScript(TestCaseExecutor.java:337)
	at com.kms.katalon.core.main.TestCaseExecutor.doExecute(TestCaseExecutor.java:328)
	at com.kms.katalon.core.main.TestCaseExecutor.processExecutionPhase(TestCaseExecutor.java:307)
	at com.kms.katalon.core.main.TestCaseExecutor.accessMainPhase(TestCaseExecutor.java:299)
	at com.kms.katalon.core.main.TestCaseExecutor.execute(TestCaseExecutor.java:233)
	at com.kms.katalon.core.main.TestCaseMain.runTestCase(TestCaseMain.java:114)
	at com.kms.katalon.core.keyword.builtin.CallTestCaseKeyword$_callTestCase_closure1.doCall(CallTestCaseKeyword.groovy:59)
	... 20 more
Caused by: com.kms.katalon.core.exception.StepFailedException: Web element with id: 'Object Repository/Web RoomMe.id\RoomMe.id Header\Button Are You Landlord' located by 'By.xpath: //div[2]/a' not found
	at com.kms.katalon.core.webui.keyword.internal.WebUIKeywordMain.stepFailed(WebUIKeywordMain.groovy:64)
	at com.kms.katalon.core.webui.keyword.builtin.VerifyElementVisibleKeyword$_verifyElementVisible_closure1.doCall(VerifyElementVisibleKeyword.groovy:89)
	at com.kms.katalon.core.webui.keyword.builtin.VerifyElementVisibleKeyword$_verifyElementVisible_closure1.call(VerifyElementVisibleKeyword.groovy)
	at com.kms.katalon.core.webui.keyword.internal.WebUIKeywordMain.runKeyword(WebUIKeywordMain.groovy:20)
	... 35 more


2020-04-28 05:56:47 - [TEST_STEP][PASSED] - callTestCase(findTestCase("Web RoomMe.id/1. Homepage/1. Customer Access RoomMe Page"), [:], STOP_ON_FAILURE): Call Test Case 'Test Cases/Web RoomMe.id/1. Homepage/1. Customer Access RoomMe Page' successfully

2020-04-28 05:56:47 - [TEST_CASE][PASSED] - Test Cases/Web RoomMe.id/1. Homepage/1. Customer Access RoomMe Page: Test Cases/Web RoomMe.id/1. Homepage/1. Customer Access RoomMe Page

2020-04-28 05:56:47 - [TEST_STEP][PASSED] - openBrowser("https://web.roomme.id/"): Browser is opened with url: 'https://web.roomme.id/'

2020-04-28 05:56:47 - [MESSAGE][WARNING] - A browser is already opened. Closing browser and opening a new one

2020-04-28 05:56:48 - [MESSAGE][INFO] - Starting 'Chrome' driver

2020-04-28 05:57:00 - [MESSAGE][PASSED] - Browser is opened with url: 'https://web.roomme.id/'

2020-04-28 05:57:00 - [TEST_STEP][PASSED] - maximizeWindow(): Current window maximized

2020-04-28 05:57:02 - [MESSAGE][PASSED] - Current window maximized

2020-04-28 05:57:02 - [TEST_STEP][PASSED] - waitForPageLoad(0): Wait for page load successfully

2020-04-28 05:57:02 - [MESSAGE][WARNING] - Timeout '0' is invalid. Using default page load timeout: '30'

2020-04-28 05:57:02 - [MESSAGE][PASSED] - Wait for page load successfully

2020-04-28 05:57:02 - [MESSAGE][PASSED] - Call Test Case 'Test Cases/Web RoomMe.id/1. Homepage/1. Customer Access RoomMe Page' successfully

2020-04-28 05:57:02 - [TEST_STEP][FAILED] - callTestCase(findTestCase("Web RoomMe.id/1. Homepage/2. Verify Header RoomMe.id"), [:], STOP_ON_FAILURE): Unable to call Test Case 'Test Cases/Web RoomMe.id/1. Homepage/2. Verify Header RoomMe.id' (Root cause: com.kms.katalon.core.exception.StepFailedException: Call Test Case 'Test Cases/Web RoomMe.id/1. Homepage/2. Verify Header RoomMe.id' failed
	at com.kms.katalon.core.keyword.builtin.CallTestCaseKeyword$_callTestCase_closure1.doCall(CallTestCaseKeyword.groovy:63)
	at com.kms.katalon.core.keyword.builtin.CallTestCaseKeyword$_callTestCase_closure1.call(CallTestCaseKeyword.groovy)
	at com.kms.katalon.core.keyword.internal.KeywordMain.runKeyword(KeywordMain.groovy:68)
	at com.kms.katalon.core.keyword.builtin.CallTestCaseKeyword.callTestCase(CallTestCaseKeyword.groovy:81)
	at com.kms.katalon.core.keyword.builtin.CallTestCaseKeyword.execute(CallTestCaseKeyword.groovy:44)
	at com.kms.katalon.core.keyword.internal.KeywordExecutor.executeKeywordForPlatform(KeywordExecutor.groovy:60)
	at com.kms.katalon.core.keyword.BuiltinKeywords.callTestCase(BuiltinKeywords.groovy:334)
	at 7. Customer Input Confirm Password with Invalid Format.run(7. Customer Input Confirm Password with Invalid Format:20)
	at com.kms.katalon.core.main.ScriptEngine.run(ScriptEngine.java:194)
	at com.kms.katalon.core.main.ScriptEngine.runScriptAsRawText(ScriptEngine.java:119)
	at com.kms.katalon.core.main.TestCaseExecutor.runScript(TestCaseExecutor.java:337)
	at com.kms.katalon.core.main.TestCaseExecutor.doExecute(TestCaseExecutor.java:328)
	at com.kms.katalon.core.main.TestCaseExecutor.processExecutionPhase(TestCaseExecutor.java:307)
	at com.kms.katalon.core.main.TestCaseExecutor.accessMainPhase(TestCaseExecutor.java:299)
	at com.kms.katalon.core.main.TestCaseExecutor.execute(TestCaseExecutor.java:233)
	at com.kms.katalon.core.main.TestSuiteExecutor.accessTestCaseMainPhase(TestSuiteExecutor.java:169)
	at com.kms.katalon.core.main.TestSuiteExecutor.accessTestSuiteMainPhase(TestSuiteExecutor.java:142)
	at com.kms.katalon.core.main.TestSuiteExecutor.execute(TestSuiteExecutor.java:91)
	at com.kms.katalon.core.main.TestCaseMain.startTestSuite(TestCaseMain.java:157)
	at com.kms.katalon.core.main.TestCaseMain$startTestSuite$0.call(Unknown Source)
	at TempTestSuite1588027679839.run(TempTestSuite1588027679839.groovy:36)
Caused by: com.kms.katalon.core.exception.StepFailedException: Unable to verify object 'Object Repository/Web RoomMe.id\RoomMe.id Header\Button Are You Landlord' is visible
	at com.kms.katalon.core.webui.keyword.internal.WebUIKeywordMain.stepFailed(WebUIKeywordMain.groovy:64)
	at com.kms.katalon.core.webui.keyword.internal.WebUIKeywordMain.runKeyword(WebUIKeywordMain.groovy:26)
	at com.kms.katalon.core.webui.keyword.builtin.VerifyElementVisibleKeyword.verifyElementVisible(VerifyElementVisibleKeyword.groovy:97)
	at com.kms.katalon.core.webui.keyword.builtin.VerifyElementVisibleKeyword.execute(VerifyElementVisibleKeyword.groovy:67)
	at com.kms.katalon.core.keyword.internal.KeywordExecutor.executeKeywordForPlatform(KeywordExecutor.groovy:60)
	at com.kms.katalon.core.webui.keyword.WebUiBuiltInKeywords.verifyElementVisible(WebUiBuiltInKeywords.groovy:372)
	at com.kms.katalon.core.webui.keyword.WebUiBuiltInKeywords$verifyElementVisible$2.call(Unknown Source)
	at 2. Verify Header RoomMe.id.run(2. Verify Header RoomMe.id:38)
	at com.kms.katalon.core.main.ScriptEngine.run(ScriptEngine.java:194)
	at com.kms.katalon.core.main.ScriptEngine.runScriptAsRawText(ScriptEngine.java:119)
	at com.kms.katalon.core.main.TestCaseExecutor.runScript(TestCaseExecutor.java:337)
	at com.kms.katalon.core.main.TestCaseExecutor.doExecute(TestCaseExecutor.java:328)
	at com.kms.katalon.core.main.TestCaseExecutor.processExecutionPhase(TestCaseExecutor.java:307)
	at com.kms.katalon.core.main.TestCaseExecutor.accessMainPhase(TestCaseExecutor.java:299)
	at com.kms.katalon.core.main.TestCaseExecutor.execute(TestCaseExecutor.java:233)
	at com.kms.katalon.core.main.TestCaseMain.runTestCase(TestCaseMain.java:114)
	at com.kms.katalon.core.keyword.builtin.CallTestCaseKeyword$_callTestCase_closure1.doCall(CallTestCaseKeyword.groovy:59)
	... 20 more
Caused by: com.kms.katalon.core.exception.StepFailedException: Web element with id: 'Object Repository/Web RoomMe.id\RoomMe.id Header\Button Are You Landlord' located by 'By.xpath: //div[2]/a' not found
	at com.kms.katalon.core.webui.keyword.internal.WebUIKeywordMain.stepFailed(WebUIKeywordMain.groovy:64)
	at com.kms.katalon.core.webui.keyword.builtin.VerifyElementVisibleKeyword$_verifyElementVisible_closure1.doCall(VerifyElementVisibleKeyword.groovy:89)
	at com.kms.katalon.core.webui.keyword.builtin.VerifyElementVisibleKeyword$_verifyElementVisible_closure1.call(VerifyElementVisibleKeyword.groovy)
	at com.kms.katalon.core.webui.keyword.internal.WebUIKeywordMain.runKeyword(WebUIKeywordMain.groovy:20)
	... 35 more
)

2020-04-28 05:57:02 - [TEST_CASE][FAILED] - Test Cases/Web RoomMe.id/1. Homepage/2. Verify Header RoomMe.id: Test Cases/Web RoomMe.id/1. Homepage/2. Verify Header RoomMe.id FAILED.
Reason:
com.kms.katalon.core.exception.StepFailedException: Unable to verify object 'Object Repository/Web RoomMe.id\RoomMe.id Header\Button Are You Landlord' is visible
	at com.kms.katalon.core.webui.keyword.internal.WebUIKeywordMain.stepFailed(WebUIKeywordMain.groovy:64)
	at com.kms.katalon.core.webui.keyword.internal.WebUIKeywordMain.runKeyword(WebUIKeywordMain.groovy:26)
	at com.kms.katalon.core.webui.keyword.builtin.VerifyElementVisibleKeyword.verifyElementVisible(VerifyElementVisibleKeyword.groovy:97)
	at com.kms.katalon.core.webui.keyword.builtin.VerifyElementVisibleKeyword.execute(VerifyElementVisibleKeyword.groovy:67)
	at com.kms.katalon.core.keyword.internal.KeywordExecutor.executeKeywordForPlatform(KeywordExecutor.groovy:60)
	at com.kms.katalon.core.webui.keyword.WebUiBuiltInKeywords.verifyElementVisible(WebUiBuiltInKeywords.groovy:372)
	at com.kms.katalon.core.webui.keyword.WebUiBuiltInKeywords$verifyElementVisible$2.call(Unknown Source)
	at 2. Verify Header RoomMe.id.run(2. Verify Header RoomMe.id:38)
	at com.kms.katalon.core.main.ScriptEngine.run(ScriptEngine.java:194)
	at com.kms.katalon.core.main.ScriptEngine.runScriptAsRawText(ScriptEngine.java:119)
	at com.kms.katalon.core.main.TestCaseExecutor.runScript(TestCaseExecutor.java:337)
	at com.kms.katalon.core.main.TestCaseExecutor.doExecute(TestCaseExecutor.java:328)
	at com.kms.katalon.core.main.TestCaseExecutor.processExecutionPhase(TestCaseExecutor.java:307)
	at com.kms.katalon.core.main.TestCaseExecutor.accessMainPhase(TestCaseExecutor.java:299)
	at com.kms.katalon.core.main.TestCaseExecutor.execute(TestCaseExecutor.java:233)
	at com.kms.katalon.core.main.TestCaseMain.runTestCase(TestCaseMain.java:114)
	at com.kms.katalon.core.keyword.builtin.CallTestCaseKeyword$_callTestCase_closure1.doCall(CallTestCaseKeyword.groovy:59)
	at com.kms.katalon.core.keyword.builtin.CallTestCaseKeyword$_callTestCase_closure1.call(CallTestCaseKeyword.groovy)
	at com.kms.katalon.core.keyword.internal.KeywordMain.runKeyword(KeywordMain.groovy:68)
	at com.kms.katalon.core.keyword.builtin.CallTestCaseKeyword.callTestCase(CallTestCaseKeyword.groovy:81)
	at com.kms.katalon.core.keyword.builtin.CallTestCaseKeyword.execute(CallTestCaseKeyword.groovy:44)
	at com.kms.katalon.core.keyword.internal.KeywordExecutor.executeKeywordForPlatform(KeywordExecutor.groovy:60)
	at com.kms.katalon.core.keyword.BuiltinKeywords.callTestCase(BuiltinKeywords.groovy:334)
	at 7. Customer Input Confirm Password with Invalid Format.run(7. Customer Input Confirm Password with Invalid Format:20)
	at com.kms.katalon.core.main.ScriptEngine.run(ScriptEngine.java:194)
	at com.kms.katalon.core.main.ScriptEngine.runScriptAsRawText(ScriptEngine.java:119)
	at com.kms.katalon.core.main.TestCaseExecutor.runScript(TestCaseExecutor.java:337)
	at com.kms.katalon.core.main.TestCaseExecutor.doExecute(TestCaseExecutor.java:328)
	at com.kms.katalon.core.main.TestCaseExecutor.processExecutionPhase(TestCaseExecutor.java:307)
	at com.kms.katalon.core.main.TestCaseExecutor.accessMainPhase(TestCaseExecutor.java:299)
	at com.kms.katalon.core.main.TestCaseExecutor.execute(TestCaseExecutor.java:233)
	at com.kms.katalon.core.main.TestSuiteExecutor.accessTestCaseMainPhase(TestSuiteExecutor.java:169)
	at com.kms.katalon.core.main.TestSuiteExecutor.accessTestSuiteMainPhase(TestSuiteExecutor.java:142)
	at com.kms.katalon.core.main.TestSuiteExecutor.execute(TestSuiteExecutor.java:91)
	at com.kms.katalon.core.main.TestCaseMain.startTestSuite(TestCaseMain.java:157)
	at com.kms.katalon.core.main.TestCaseMain$startTestSuite$0.call(Unknown Source)
	at TempTestSuite1588027679839.run(TempTestSuite1588027679839.groovy:36)
Caused by: com.kms.katalon.core.exception.StepFailedException: Web element with id: 'Object Repository/Web RoomMe.id\RoomMe.id Header\Button Are You Landlord' located by 'By.xpath: //div[2]/a' not found
	at com.kms.katalon.core.webui.keyword.internal.WebUIKeywordMain.stepFailed(WebUIKeywordMain.groovy:64)
	at com.kms.katalon.core.webui.keyword.builtin.VerifyElementVisibleKeyword$_verifyElementVisible_closure1.doCall(VerifyElementVisibleKeyword.groovy:89)
	at com.kms.katalon.core.webui.keyword.builtin.VerifyElementVisibleKeyword$_verifyElementVisible_closure1.call(VerifyElementVisibleKeyword.groovy)
	at com.kms.katalon.core.webui.keyword.internal.WebUIKeywordMain.runKeyword(WebUIKeywordMain.groovy:20)
	... 35 more


2020-04-28 05:57:02 - [TEST_STEP][PASSED] - objectSubFolder = "Web RoomMe.id\RoomMe.id Header\": null

2020-04-28 05:57:02 - [TEST_STEP][PASSED] - pathToObjRep = getProjectDir() + "\Object Repository\" + objectSubFolder: null

2020-04-28 05:57:02 - [TEST_STEP][PASSED] - yourObjects = new java.io.File(pathToObjRep): null

2020-04-28 05:57:02 - [TEST_STEP][PASSED] - fileNames = yourObjects.list(): null

2020-04-28 05:57:02 - [TEST_STEP][PASSED] - testObjects = new java.util.ArrayList(): null

2020-04-28 05:57:02 - [TEST_STEP][PASSED] - for ([i = 0, i < length, (i++)]): null

2020-04-28 05:57:02 - [TEST_STEP][PASSED] - if (fileNames[i].contains(".rs")): null

2020-04-28 05:57:02 - [TEST_STEP][PASSED] - if (fileNames[i].contains(".rs")): null

2020-04-28 05:57:02 - [TEST_STEP][PASSED] - fileNames[i] = fileNames[i].replace(".rs", ""): null

2020-04-28 05:57:02 - [TEST_STEP][PASSED] - testObjects.add(objectSubFolder + fileNames[i]): null

2020-04-28 05:57:02 - [TEST_STEP][PASSED] - if (fileNames[i].contains(".rs")): null

2020-04-28 05:57:02 - [TEST_STEP][PASSED] - fileNames[i] = fileNames[i].replace(".rs", ""): null

2020-04-28 05:57:02 - [TEST_STEP][PASSED] - testObjects.add(objectSubFolder + fileNames[i]): null

2020-04-28 05:57:02 - [TEST_STEP][PASSED] - if (fileNames[i].contains(".rs")): null

2020-04-28 05:57:02 - [TEST_STEP][PASSED] - fileNames[i] = fileNames[i].replace(".rs", ""): null

2020-04-28 05:57:02 - [TEST_STEP][PASSED] - testObjects.add(objectSubFolder + fileNames[i]): null

2020-04-28 05:57:02 - [TEST_STEP][PASSED] - if (fileNames[i].contains(".rs")): null

2020-04-28 05:57:02 - [TEST_STEP][PASSED] - fileNames[i] = fileNames[i].replace(".rs", ""): null

2020-04-28 05:57:02 - [TEST_STEP][PASSED] - testObjects.add(objectSubFolder + fileNames[i]): null

2020-04-28 05:57:02 - [TEST_STEP][PASSED] - if (fileNames[i].contains(".rs")): null

2020-04-28 05:57:02 - [TEST_STEP][FAILED] - for (String obj : testObjects): Unable to verify object 'Object Repository/Web RoomMe.id\RoomMe.id Header\Button Are You Landlord' is visible (Root cause: com.kms.katalon.core.exception.StepFailedException: Unable to verify object 'Object Repository/Web RoomMe.id\RoomMe.id Header\Button Are You Landlord' is visible
	at com.kms.katalon.core.webui.keyword.internal.WebUIKeywordMain.stepFailed(WebUIKeywordMain.groovy:64)
	at com.kms.katalon.core.webui.keyword.internal.WebUIKeywordMain.runKeyword(WebUIKeywordMain.groovy:26)
	at com.kms.katalon.core.webui.keyword.builtin.VerifyElementVisibleKeyword.verifyElementVisible(VerifyElementVisibleKeyword.groovy:97)
	at com.kms.katalon.core.webui.keyword.builtin.VerifyElementVisibleKeyword.execute(VerifyElementVisibleKeyword.groovy:67)
	at com.kms.katalon.core.keyword.internal.KeywordExecutor.executeKeywordForPlatform(KeywordExecutor.groovy:60)
	at com.kms.katalon.core.webui.keyword.WebUiBuiltInKeywords.verifyElementVisible(WebUiBuiltInKeywords.groovy:372)
	at com.kms.katalon.core.webui.keyword.WebUiBuiltInKeywords$verifyElementVisible$2.call(Unknown Source)
	at 2. Verify Header RoomMe.id.run(2. Verify Header RoomMe.id:38)
	at com.kms.katalon.core.main.ScriptEngine.run(ScriptEngine.java:194)
	at com.kms.katalon.core.main.ScriptEngine.runScriptAsRawText(ScriptEngine.java:119)
	at com.kms.katalon.core.main.TestCaseExecutor.runScript(TestCaseExecutor.java:337)
	at com.kms.katalon.core.main.TestCaseExecutor.doExecute(TestCaseExecutor.java:328)
	at com.kms.katalon.core.main.TestCaseExecutor.processExecutionPhase(TestCaseExecutor.java:307)
	at com.kms.katalon.core.main.TestCaseExecutor.accessMainPhase(TestCaseExecutor.java:299)
	at com.kms.katalon.core.main.TestCaseExecutor.execute(TestCaseExecutor.java:233)
	at com.kms.katalon.core.main.TestCaseMain.runTestCase(TestCaseMain.java:114)
	at com.kms.katalon.core.keyword.builtin.CallTestCaseKeyword$_callTestCase_closure1.doCall(CallTestCaseKeyword.groovy:59)
	at com.kms.katalon.core.keyword.builtin.CallTestCaseKeyword$_callTestCase_closure1.call(CallTestCaseKeyword.groovy)
	at com.kms.katalon.core.keyword.internal.KeywordMain.runKeyword(KeywordMain.groovy:68)
	at com.kms.katalon.core.keyword.builtin.CallTestCaseKeyword.callTestCase(CallTestCaseKeyword.groovy:81)
	at com.kms.katalon.core.keyword.builtin.CallTestCaseKeyword.execute(CallTestCaseKeyword.groovy:44)
	at com.kms.katalon.core.keyword.internal.KeywordExecutor.executeKeywordForPlatform(KeywordExecutor.groovy:60)
	at com.kms.katalon.core.keyword.BuiltinKeywords.callTestCase(BuiltinKeywords.groovy:334)
	at 7. Customer Input Confirm Password with Invalid Format.run(7. Customer Input Confirm Password with Invalid Format:20)
	at com.kms.katalon.core.main.ScriptEngine.run(ScriptEngine.java:194)
	at com.kms.katalon.core.main.ScriptEngine.runScriptAsRawText(ScriptEngine.java:119)
	at com.kms.katalon.core.main.TestCaseExecutor.runScript(TestCaseExecutor.java:337)
	at com.kms.katalon.core.main.TestCaseExecutor.doExecute(TestCaseExecutor.java:328)
	at com.kms.katalon.core.main.TestCaseExecutor.processExecutionPhase(TestCaseExecutor.java:307)
	at com.kms.katalon.core.main.TestCaseExecutor.accessMainPhase(TestCaseExecutor.java:299)
	at com.kms.katalon.core.main.TestCaseExecutor.execute(TestCaseExecutor.java:233)
	at com.kms.katalon.core.main.TestSuiteExecutor.accessTestCaseMainPhase(TestSuiteExecutor.java:169)
	at com.kms.katalon.core.main.TestSuiteExecutor.accessTestSuiteMainPhase(TestSuiteExecutor.java:142)
	at com.kms.katalon.core.main.TestSuiteExecutor.execute(TestSuiteExecutor.java:91)
	at com.kms.katalon.core.main.TestCaseMain.startTestSuite(TestCaseMain.java:157)
	at com.kms.katalon.core.main.TestCaseMain$startTestSuite$0.call(Unknown Source)
	at TempTestSuite1588027679839.run(TempTestSuite1588027679839.groovy:36)
Caused by: com.kms.katalon.core.exception.StepFailedException: Web element with id: 'Object Repository/Web RoomMe.id\RoomMe.id Header\Button Are You Landlord' located by 'By.xpath: //div[2]/a' not found
	at com.kms.katalon.core.webui.keyword.internal.WebUIKeywordMain.stepFailed(WebUIKeywordMain.groovy:64)
	at com.kms.katalon.core.webui.keyword.builtin.VerifyElementVisibleKeyword$_verifyElementVisible_closure1.doCall(VerifyElementVisibleKeyword.groovy:89)
	at com.kms.katalon.core.webui.keyword.builtin.VerifyElementVisibleKeyword$_verifyElementVisible_closure1.call(VerifyElementVisibleKeyword.groovy)
	at com.kms.katalon.core.webui.keyword.internal.WebUIKeywordMain.runKeyword(WebUIKeywordMain.groovy:20)
	... 35 more
)

2020-04-28 05:57:02 - [TEST_STEP][FAILED] - verifyElementVisible(findTestObject(obj)): Unable to verify object 'Object Repository/Web RoomMe.id\RoomMe.id Header\Button Are You Landlord' is visible (Root cause: com.kms.katalon.core.exception.StepFailedException: Unable to verify object 'Object Repository/Web RoomMe.id\RoomMe.id Header\Button Are You Landlord' is visible
	at com.kms.katalon.core.webui.keyword.internal.WebUIKeywordMain.stepFailed(WebUIKeywordMain.groovy:64)
	at com.kms.katalon.core.webui.keyword.internal.WebUIKeywordMain.runKeyword(WebUIKeywordMain.groovy:26)
	at com.kms.katalon.core.webui.keyword.builtin.VerifyElementVisibleKeyword.verifyElementVisible(VerifyElementVisibleKeyword.groovy:97)
	at com.kms.katalon.core.webui.keyword.builtin.VerifyElementVisibleKeyword.execute(VerifyElementVisibleKeyword.groovy:67)
	at com.kms.katalon.core.keyword.internal.KeywordExecutor.executeKeywordForPlatform(KeywordExecutor.groovy:60)
	at com.kms.katalon.core.webui.keyword.WebUiBuiltInKeywords.verifyElementVisible(WebUiBuiltInKeywords.groovy:372)
	at com.kms.katalon.core.webui.keyword.WebUiBuiltInKeywords$verifyElementVisible$2.call(Unknown Source)
	at 2. Verify Header RoomMe.id.run(2. Verify Header RoomMe.id:38)
	at com.kms.katalon.core.main.ScriptEngine.run(ScriptEngine.java:194)
	at com.kms.katalon.core.main.ScriptEngine.runScriptAsRawText(ScriptEngine.java:119)
	at com.kms.katalon.core.main.TestCaseExecutor.runScript(TestCaseExecutor.java:337)
	at com.kms.katalon.core.main.TestCaseExecutor.doExecute(TestCaseExecutor.java:328)
	at com.kms.katalon.core.main.TestCaseExecutor.processExecutionPhase(TestCaseExecutor.java:307)
	at com.kms.katalon.core.main.TestCaseExecutor.accessMainPhase(TestCaseExecutor.java:299)
	at com.kms.katalon.core.main.TestCaseExecutor.execute(TestCaseExecutor.java:233)
	at com.kms.katalon.core.main.TestCaseMain.runTestCase(TestCaseMain.java:114)
	at com.kms.katalon.core.keyword.builtin.CallTestCaseKeyword$_callTestCase_closure1.doCall(CallTestCaseKeyword.groovy:59)
	at com.kms.katalon.core.keyword.builtin.CallTestCaseKeyword$_callTestCase_closure1.call(CallTestCaseKeyword.groovy)
	at com.kms.katalon.core.keyword.internal.KeywordMain.runKeyword(KeywordMain.groovy:68)
	at com.kms.katalon.core.keyword.builtin.CallTestCaseKeyword.callTestCase(CallTestCaseKeyword.groovy:81)
	at com.kms.katalon.core.keyword.builtin.CallTestCaseKeyword.execute(CallTestCaseKeyword.groovy:44)
	at com.kms.katalon.core.keyword.internal.KeywordExecutor.executeKeywordForPlatform(KeywordExecutor.groovy:60)
	at com.kms.katalon.core.keyword.BuiltinKeywords.callTestCase(BuiltinKeywords.groovy:334)
	at 7. Customer Input Confirm Password with Invalid Format.run(7. Customer Input Confirm Password with Invalid Format:20)
	at com.kms.katalon.core.main.ScriptEngine.run(ScriptEngine.java:194)
	at com.kms.katalon.core.main.ScriptEngine.runScriptAsRawText(ScriptEngine.java:119)
	at com.kms.katalon.core.main.TestCaseExecutor.runScript(TestCaseExecutor.java:337)
	at com.kms.katalon.core.main.TestCaseExecutor.doExecute(TestCaseExecutor.java:328)
	at com.kms.katalon.core.main.TestCaseExecutor.processExecutionPhase(TestCaseExecutor.java:307)
	at com.kms.katalon.core.main.TestCaseExecutor.accessMainPhase(TestCaseExecutor.java:299)
	at com.kms.katalon.core.main.TestCaseExecutor.execute(TestCaseExecutor.java:233)
	at com.kms.katalon.core.main.TestSuiteExecutor.accessTestCaseMainPhase(TestSuiteExecutor.java:169)
	at com.kms.katalon.core.main.TestSuiteExecutor.accessTestSuiteMainPhase(TestSuiteExecutor.java:142)
	at com.kms.katalon.core.main.TestSuiteExecutor.execute(TestSuiteExecutor.java:91)
	at com.kms.katalon.core.main.TestCaseMain.startTestSuite(TestCaseMain.java:157)
	at com.kms.katalon.core.main.TestCaseMain$startTestSuite$0.call(Unknown Source)
	at TempTestSuite1588027679839.run(TempTestSuite1588027679839.groovy:36)
Caused by: com.kms.katalon.core.exception.StepFailedException: Web element with id: 'Object Repository/Web RoomMe.id\RoomMe.id Header\Button Are You Landlord' located by 'By.xpath: //div[2]/a' not found
	at com.kms.katalon.core.webui.keyword.internal.WebUIKeywordMain.stepFailed(WebUIKeywordMain.groovy:64)
	at com.kms.katalon.core.webui.keyword.builtin.VerifyElementVisibleKeyword$_verifyElementVisible_closure1.doCall(VerifyElementVisibleKeyword.groovy:89)
	at com.kms.katalon.core.webui.keyword.builtin.VerifyElementVisibleKeyword$_verifyElementVisible_closure1.call(VerifyElementVisibleKeyword.groovy)
	at com.kms.katalon.core.webui.keyword.internal.WebUIKeywordMain.runKeyword(WebUIKeywordMain.groovy:20)
	... 35 more
)

2020-04-28 05:57:34 - [MESSAGE][INFO] - Unable to find the element located by 'By.xpath: //div[2]/a'. Please recheck the objects properties to make sure the desired element is located. 

2020-04-28 05:57:34 - [MESSAGE][FAILED] - Web element with id: 'Object Repository/Web RoomMe.id\RoomMe.id Header\Button Are You Landlord' located by 'By.xpath: //div[2]/a' not found (Root cause: com.kms.katalon.core.exception.StepFailedException: Web element with id: 'Object Repository/Web RoomMe.id\RoomMe.id Header\Button Are You Landlord' located by 'By.xpath: //div[2]/a' not found
	at com.kms.katalon.core.webui.keyword.internal.WebUIKeywordMain.stepFailed(WebUIKeywordMain.groovy:64)
	at com.kms.katalon.core.webui.keyword.builtin.VerifyElementVisibleKeyword$_verifyElementVisible_closure1.doCall(VerifyElementVisibleKeyword.groovy:89)
	at com.kms.katalon.core.webui.keyword.builtin.VerifyElementVisibleKeyword$_verifyElementVisible_closure1.call(VerifyElementVisibleKeyword.groovy)
	at com.kms.katalon.core.webui.keyword.internal.WebUIKeywordMain.runKeyword(WebUIKeywordMain.groovy:20)
	at com.kms.katalon.core.webui.keyword.builtin.VerifyElementVisibleKeyword.verifyElementVisible(VerifyElementVisibleKeyword.groovy:97)
	at com.kms.katalon.core.webui.keyword.builtin.VerifyElementVisibleKeyword.execute(VerifyElementVisibleKeyword.groovy:67)
	at com.kms.katalon.core.keyword.internal.KeywordExecutor.executeKeywordForPlatform(KeywordExecutor.groovy:60)
	at com.kms.katalon.core.webui.keyword.WebUiBuiltInKeywords.verifyElementVisible(WebUiBuiltInKeywords.groovy:372)
	at com.kms.katalon.core.webui.keyword.WebUiBuiltInKeywords$verifyElementVisible$2.call(Unknown Source)
	at 2. Verify Header RoomMe.id.run(2. Verify Header RoomMe.id:38)
	at com.kms.katalon.core.main.ScriptEngine.run(ScriptEngine.java:194)
	at com.kms.katalon.core.main.ScriptEngine.runScriptAsRawText(ScriptEngine.java:119)
	at com.kms.katalon.core.main.TestCaseExecutor.runScript(TestCaseExecutor.java:337)
	at com.kms.katalon.core.main.TestCaseExecutor.doExecute(TestCaseExecutor.java:328)
	at com.kms.katalon.core.main.TestCaseExecutor.processExecutionPhase(TestCaseExecutor.java:307)
	at com.kms.katalon.core.main.TestCaseExecutor.accessMainPhase(TestCaseExecutor.java:299)
	at com.kms.katalon.core.main.TestCaseExecutor.execute(TestCaseExecutor.java:233)
	at com.kms.katalon.core.main.TestCaseMain.runTestCase(TestCaseMain.java:114)
	at com.kms.katalon.core.keyword.builtin.CallTestCaseKeyword$_callTestCase_closure1.doCall(CallTestCaseKeyword.groovy:59)
	at com.kms.katalon.core.keyword.builtin.CallTestCaseKeyword$_callTestCase_closure1.call(CallTestCaseKeyword.groovy)
	at com.kms.katalon.core.keyword.internal.KeywordMain.runKeyword(KeywordMain.groovy:68)
	at com.kms.katalon.core.keyword.builtin.CallTestCaseKeyword.callTestCase(CallTestCaseKeyword.groovy:81)
	at com.kms.katalon.core.keyword.builtin.CallTestCaseKeyword.execute(CallTestCaseKeyword.groovy:44)
	at com.kms.katalon.core.keyword.internal.KeywordExecutor.executeKeywordForPlatform(KeywordExecutor.groovy:60)
	at com.kms.katalon.core.keyword.BuiltinKeywords.callTestCase(BuiltinKeywords.groovy:334)
	at 7. Customer Input Confirm Password with Invalid Format.run(7. Customer Input Confirm Password with Invalid Format:20)
	at com.kms.katalon.core.main.ScriptEngine.run(ScriptEngine.java:194)
	at com.kms.katalon.core.main.ScriptEngine.runScriptAsRawText(ScriptEngine.java:119)
	at com.kms.katalon.core.main.TestCaseExecutor.runScript(TestCaseExecutor.java:337)
	at com.kms.katalon.core.main.TestCaseExecutor.doExecute(TestCaseExecutor.java:328)
	at com.kms.katalon.core.main.TestCaseExecutor.processExecutionPhase(TestCaseExecutor.java:307)
	at com.kms.katalon.core.main.TestCaseExecutor.accessMainPhase(TestCaseExecutor.java:299)
	at com.kms.katalon.core.main.TestCaseExecutor.execute(TestCaseExecutor.java:233)
	at com.kms.katalon.core.main.TestSuiteExecutor.accessTestCaseMainPhase(TestSuiteExecutor.java:169)
	at com.kms.katalon.core.main.TestSuiteExecutor.accessTestSuiteMainPhase(TestSuiteExecutor.java:142)
	at com.kms.katalon.core.main.TestSuiteExecutor.execute(TestSuiteExecutor.java:91)
	at com.kms.katalon.core.main.TestCaseMain.startTestSuite(TestCaseMain.java:157)
	at com.kms.katalon.core.main.TestCaseMain$startTestSuite$0.call(Unknown Source)
	at TempTestSuite1588027679839.run(TempTestSuite1588027679839.groovy:36)
)
[[ATTACHMENT|C:\\Users\\Faldi\\Katalon Studio\\katalonroomme-master\\Reports\\20200428_054757\\Web RoomMe.id\\Customer Sign Up\\20200428_054759\\1588028254488.png]]

2020-04-28 05:57:35 - [MESSAGE][FAILED] - Unable to verify object 'Object Repository/Web RoomMe.id\RoomMe.id Header\Button Are You Landlord' is visible (Root cause: com.kms.katalon.core.exception.StepFailedException: Unable to verify object 'Object Repository/Web RoomMe.id\RoomMe.id Header\Button Are You Landlord' is visible
	at com.kms.katalon.core.webui.keyword.internal.WebUIKeywordMain.stepFailed(WebUIKeywordMain.groovy:64)
	at com.kms.katalon.core.webui.keyword.internal.WebUIKeywordMain.runKeyword(WebUIKeywordMain.groovy:26)
	at com.kms.katalon.core.webui.keyword.builtin.VerifyElementVisibleKeyword.verifyElementVisible(VerifyElementVisibleKeyword.groovy:97)
	at com.kms.katalon.core.webui.keyword.builtin.VerifyElementVisibleKeyword.execute(VerifyElementVisibleKeyword.groovy:67)
	at com.kms.katalon.core.keyword.internal.KeywordExecutor.executeKeywordForPlatform(KeywordExecutor.groovy:60)
	at com.kms.katalon.core.webui.keyword.WebUiBuiltInKeywords.verifyElementVisible(WebUiBuiltInKeywords.groovy:372)
	at com.kms.katalon.core.webui.keyword.WebUiBuiltInKeywords$verifyElementVisible$2.call(Unknown Source)
	at 2. Verify Header RoomMe.id.run(2. Verify Header RoomMe.id:38)
	at com.kms.katalon.core.main.ScriptEngine.run(ScriptEngine.java:194)
	at com.kms.katalon.core.main.ScriptEngine.runScriptAsRawText(ScriptEngine.java:119)
	at com.kms.katalon.core.main.TestCaseExecutor.runScript(TestCaseExecutor.java:337)
	at com.kms.katalon.core.main.TestCaseExecutor.doExecute(TestCaseExecutor.java:328)
	at com.kms.katalon.core.main.TestCaseExecutor.processExecutionPhase(TestCaseExecutor.java:307)
	at com.kms.katalon.core.main.TestCaseExecutor.accessMainPhase(TestCaseExecutor.java:299)
	at com.kms.katalon.core.main.TestCaseExecutor.execute(TestCaseExecutor.java:233)
	at com.kms.katalon.core.main.TestCaseMain.runTestCase(TestCaseMain.java:114)
	at com.kms.katalon.core.keyword.builtin.CallTestCaseKeyword$_callTestCase_closure1.doCall(CallTestCaseKeyword.groovy:59)
	at com.kms.katalon.core.keyword.builtin.CallTestCaseKeyword$_callTestCase_closure1.call(CallTestCaseKeyword.groovy)
	at com.kms.katalon.core.keyword.internal.KeywordMain.runKeyword(KeywordMain.groovy:68)
	at com.kms.katalon.core.keyword.builtin.CallTestCaseKeyword.callTestCase(CallTestCaseKeyword.groovy:81)
	at com.kms.katalon.core.keyword.builtin.CallTestCaseKeyword.execute(CallTestCaseKeyword.groovy:44)
	at com.kms.katalon.core.keyword.internal.KeywordExecutor.executeKeywordForPlatform(KeywordExecutor.groovy:60)
	at com.kms.katalon.core.keyword.BuiltinKeywords.callTestCase(BuiltinKeywords.groovy:334)
	at 7. Customer Input Confirm Password with Invalid Format.run(7. Customer Input Confirm Password with Invalid Format:20)
	at com.kms.katalon.core.main.ScriptEngine.run(ScriptEngine.java:194)
	at com.kms.katalon.core.main.ScriptEngine.runScriptAsRawText(ScriptEngine.java:119)
	at com.kms.katalon.core.main.TestCaseExecutor.runScript(TestCaseExecutor.java:337)
	at com.kms.katalon.core.main.TestCaseExecutor.doExecute(TestCaseExecutor.java:328)
	at com.kms.katalon.core.main.TestCaseExecutor.processExecutionPhase(TestCaseExecutor.java:307)
	at com.kms.katalon.core.main.TestCaseExecutor.accessMainPhase(TestCaseExecutor.java:299)
	at com.kms.katalon.core.main.TestCaseExecutor.execute(TestCaseExecutor.java:233)
	at com.kms.katalon.core.main.TestSuiteExecutor.accessTestCaseMainPhase(TestSuiteExecutor.java:169)
	at com.kms.katalon.core.main.TestSuiteExecutor.accessTestSuiteMainPhase(TestSuiteExecutor.java:142)
	at com.kms.katalon.core.main.TestSuiteExecutor.execute(TestSuiteExecutor.java:91)
	at com.kms.katalon.core.main.TestCaseMain.startTestSuite(TestCaseMain.java:157)
	at com.kms.katalon.core.main.TestCaseMain$startTestSuite$0.call(Unknown Source)
	at TempTestSuite1588027679839.run(TempTestSuite1588027679839.groovy:36)
Caused by: com.kms.katalon.core.exception.StepFailedException: Web element with id: 'Object Repository/Web RoomMe.id\RoomMe.id Header\Button Are You Landlord' located by 'By.xpath: //div[2]/a' not found
	at com.kms.katalon.core.webui.keyword.internal.WebUIKeywordMain.stepFailed(WebUIKeywordMain.groovy:64)
	at com.kms.katalon.core.webui.keyword.builtin.VerifyElementVisibleKeyword$_verifyElementVisible_closure1.doCall(VerifyElementVisibleKeyword.groovy:89)
	at com.kms.katalon.core.webui.keyword.builtin.VerifyElementVisibleKeyword$_verifyElementVisible_closure1.call(VerifyElementVisibleKeyword.groovy)
	at com.kms.katalon.core.webui.keyword.internal.WebUIKeywordMain.runKeyword(WebUIKeywordMain.groovy:20)
	... 35 more
)
[[ATTACHMENT|C:\\Users\\Faldi\\Katalon Studio\\katalonroomme-master\\Reports\\20200428_054757\\Web RoomMe.id\\Customer Sign Up\\20200428_054759\\1588028254985.png]]

2020-04-28 05:57:35 - [MESSAGE][FAILED] - Unable to call Test Case 'Test Cases/Web RoomMe.id/1. Homepage/2. Verify Header RoomMe.id' (Root cause: com.kms.katalon.core.exception.StepFailedException: Call Test Case 'Test Cases/Web RoomMe.id/1. Homepage/2. Verify Header RoomMe.id' failed
	at com.kms.katalon.core.keyword.builtin.CallTestCaseKeyword$_callTestCase_closure1.doCall(CallTestCaseKeyword.groovy:63)
	at com.kms.katalon.core.keyword.builtin.CallTestCaseKeyword$_callTestCase_closure1.call(CallTestCaseKeyword.groovy)
	at com.kms.katalon.core.keyword.internal.KeywordMain.runKeyword(KeywordMain.groovy:68)
	at com.kms.katalon.core.keyword.builtin.CallTestCaseKeyword.callTestCase(CallTestCaseKeyword.groovy:81)
	at com.kms.katalon.core.keyword.builtin.CallTestCaseKeyword.execute(CallTestCaseKeyword.groovy:44)
	at com.kms.katalon.core.keyword.internal.KeywordExecutor.executeKeywordForPlatform(KeywordExecutor.groovy:60)
	at com.kms.katalon.core.keyword.BuiltinKeywords.callTestCase(BuiltinKeywords.groovy:334)
	at 7. Customer Input Confirm Password with Invalid Format.run(7. Customer Input Confirm Password with Invalid Format:20)
	at com.kms.katalon.core.main.ScriptEngine.run(ScriptEngine.java:194)
	at com.kms.katalon.core.main.ScriptEngine.runScriptAsRawText(ScriptEngine.java:119)
	at com.kms.katalon.core.main.TestCaseExecutor.runScript(TestCaseExecutor.java:337)
	at com.kms.katalon.core.main.TestCaseExecutor.doExecute(TestCaseExecutor.java:328)
	at com.kms.katalon.core.main.TestCaseExecutor.processExecutionPhase(TestCaseExecutor.java:307)
	at com.kms.katalon.core.main.TestCaseExecutor.accessMainPhase(TestCaseExecutor.java:299)
	at com.kms.katalon.core.main.TestCaseExecutor.execute(TestCaseExecutor.java:233)
	at com.kms.katalon.core.main.TestSuiteExecutor.accessTestCaseMainPhase(TestSuiteExecutor.java:169)
	at com.kms.katalon.core.main.TestSuiteExecutor.accessTestSuiteMainPhase(TestSuiteExecutor.java:142)
	at com.kms.katalon.core.main.TestSuiteExecutor.execute(TestSuiteExecutor.java:91)
	at com.kms.katalon.core.main.TestCaseMain.startTestSuite(TestCaseMain.java:157)
	at com.kms.katalon.core.main.TestCaseMain$startTestSuite$0.call(Unknown Source)
	at TempTestSuite1588027679839.run(TempTestSuite1588027679839.groovy:36)
Caused by: com.kms.katalon.core.exception.StepFailedException: Unable to verify object 'Object Repository/Web RoomMe.id\RoomMe.id Header\Button Are You Landlord' is visible
	at com.kms.katalon.core.webui.keyword.internal.WebUIKeywordMain.stepFailed(WebUIKeywordMain.groovy:64)
	at com.kms.katalon.core.webui.keyword.internal.WebUIKeywordMain.runKeyword(WebUIKeywordMain.groovy:26)
	at com.kms.katalon.core.webui.keyword.builtin.VerifyElementVisibleKeyword.verifyElementVisible(VerifyElementVisibleKeyword.groovy:97)
	at com.kms.katalon.core.webui.keyword.builtin.VerifyElementVisibleKeyword.execute(VerifyElementVisibleKeyword.groovy:67)
	at com.kms.katalon.core.keyword.internal.KeywordExecutor.executeKeywordForPlatform(KeywordExecutor.groovy:60)
	at com.kms.katalon.core.webui.keyword.WebUiBuiltInKeywords.verifyElementVisible(WebUiBuiltInKeywords.groovy:372)
	at com.kms.katalon.core.webui.keyword.WebUiBuiltInKeywords$verifyElementVisible$2.call(Unknown Source)
	at 2. Verify Header RoomMe.id.run(2. Verify Header RoomMe.id:38)
	at com.kms.katalon.core.main.ScriptEngine.run(ScriptEngine.java:194)
	at com.kms.katalon.core.main.ScriptEngine.runScriptAsRawText(ScriptEngine.java:119)
	at com.kms.katalon.core.main.TestCaseExecutor.runScript(TestCaseExecutor.java:337)
	at com.kms.katalon.core.main.TestCaseExecutor.doExecute(TestCaseExecutor.java:328)
	at com.kms.katalon.core.main.TestCaseExecutor.processExecutionPhase(TestCaseExecutor.java:307)
	at com.kms.katalon.core.main.TestCaseExecutor.accessMainPhase(TestCaseExecutor.java:299)
	at com.kms.katalon.core.main.TestCaseExecutor.execute(TestCaseExecutor.java:233)
	at com.kms.katalon.core.main.TestCaseMain.runTestCase(TestCaseMain.java:114)
	at com.kms.katalon.core.keyword.builtin.CallTestCaseKeyword$_callTestCase_closure1.doCall(CallTestCaseKeyword.groovy:59)
	... 20 more
Caused by: com.kms.katalon.core.exception.StepFailedException: Web element with id: 'Object Repository/Web RoomMe.id\RoomMe.id Header\Button Are You Landlord' located by 'By.xpath: //div[2]/a' not found
	at com.kms.katalon.core.webui.keyword.internal.WebUIKeywordMain.stepFailed(WebUIKeywordMain.groovy:64)
	at com.kms.katalon.core.webui.keyword.builtin.VerifyElementVisibleKeyword$_verifyElementVisible_closure1.doCall(VerifyElementVisibleKeyword.groovy:89)
	at com.kms.katalon.core.webui.keyword.builtin.VerifyElementVisibleKeyword$_verifyElementVisible_closure1.call(VerifyElementVisibleKeyword.groovy)
	at com.kms.katalon.core.webui.keyword.internal.WebUIKeywordMain.runKeyword(WebUIKeywordMain.groovy:20)
	... 35 more
)]]></system-out>
         <system-err><![CDATA[2020-04-28 05:56:46 - [TEST_CASE][FAILED] - Test Cases/Web RoomMe.id/2. Sign Up/7. Customer Input Confirm Password with Invalid Format: Test Cases/Web RoomMe.id/2. Sign Up/7. Customer Input Confirm Password with Invalid Format FAILED.
Reason:
com.kms.katalon.core.exception.StepFailedException: Call Test Case 'Test Cases/Web RoomMe.id/1. Homepage/2. Verify Header RoomMe.id' failed
	at com.kms.katalon.core.keyword.builtin.CallTestCaseKeyword$_callTestCase_closure1.doCall(CallTestCaseKeyword.groovy:63)
	at com.kms.katalon.core.keyword.builtin.CallTestCaseKeyword$_callTestCase_closure1.call(CallTestCaseKeyword.groovy)
	at com.kms.katalon.core.keyword.internal.KeywordMain.runKeyword(KeywordMain.groovy:68)
	at com.kms.katalon.core.keyword.builtin.CallTestCaseKeyword.callTestCase(CallTestCaseKeyword.groovy:81)
	at com.kms.katalon.core.keyword.builtin.CallTestCaseKeyword.execute(CallTestCaseKeyword.groovy:44)
	at com.kms.katalon.core.keyword.internal.KeywordExecutor.executeKeywordForPlatform(KeywordExecutor.groovy:60)
	at com.kms.katalon.core.keyword.BuiltinKeywords.callTestCase(BuiltinKeywords.groovy:334)
	at 7. Customer Input Confirm Password with Invalid Format.run(7. Customer Input Confirm Password with Invalid Format:20)
	at com.kms.katalon.core.main.ScriptEngine.run(ScriptEngine.java:194)
	at com.kms.katalon.core.main.ScriptEngine.runScriptAsRawText(ScriptEngine.java:119)
	at com.kms.katalon.core.main.TestCaseExecutor.runScript(TestCaseExecutor.java:337)
	at com.kms.katalon.core.main.TestCaseExecutor.doExecute(TestCaseExecutor.java:328)
	at com.kms.katalon.core.main.TestCaseExecutor.processExecutionPhase(TestCaseExecutor.java:307)
	at com.kms.katalon.core.main.TestCaseExecutor.accessMainPhase(TestCaseExecutor.java:299)
	at com.kms.katalon.core.main.TestCaseExecutor.execute(TestCaseExecutor.java:233)
	at com.kms.katalon.core.main.TestSuiteExecutor.accessTestCaseMainPhase(TestSuiteExecutor.java:169)
	at com.kms.katalon.core.main.TestSuiteExecutor.accessTestSuiteMainPhase(TestSuiteExecutor.java:142)
	at com.kms.katalon.core.main.TestSuiteExecutor.execute(TestSuiteExecutor.java:91)
	at com.kms.katalon.core.main.TestCaseMain.startTestSuite(TestCaseMain.java:157)
	at com.kms.katalon.core.main.TestCaseMain$startTestSuite$0.call(Unknown Source)
	at TempTestSuite1588027679839.run(TempTestSuite1588027679839.groovy:36)
Caused by: com.kms.katalon.core.exception.StepFailedException: Unable to verify object 'Object Repository/Web RoomMe.id\RoomMe.id Header\Button Are You Landlord' is visible
	at com.kms.katalon.core.webui.keyword.internal.WebUIKeywordMain.stepFailed(WebUIKeywordMain.groovy:64)
	at com.kms.katalon.core.webui.keyword.internal.WebUIKeywordMain.runKeyword(WebUIKeywordMain.groovy:26)
	at com.kms.katalon.core.webui.keyword.builtin.VerifyElementVisibleKeyword.verifyElementVisible(VerifyElementVisibleKeyword.groovy:97)
	at com.kms.katalon.core.webui.keyword.builtin.VerifyElementVisibleKeyword.execute(VerifyElementVisibleKeyword.groovy:67)
	at com.kms.katalon.core.keyword.internal.KeywordExecutor.executeKeywordForPlatform(KeywordExecutor.groovy:60)
	at com.kms.katalon.core.webui.keyword.WebUiBuiltInKeywords.verifyElementVisible(WebUiBuiltInKeywords.groovy:372)
	at com.kms.katalon.core.webui.keyword.WebUiBuiltInKeywords$verifyElementVisible$2.call(Unknown Source)
	at 2. Verify Header RoomMe.id.run(2. Verify Header RoomMe.id:38)
	at com.kms.katalon.core.main.ScriptEngine.run(ScriptEngine.java:194)
	at com.kms.katalon.core.main.ScriptEngine.runScriptAsRawText(ScriptEngine.java:119)
	at com.kms.katalon.core.main.TestCaseExecutor.runScript(TestCaseExecutor.java:337)
	at com.kms.katalon.core.main.TestCaseExecutor.doExecute(TestCaseExecutor.java:328)
	at com.kms.katalon.core.main.TestCaseExecutor.processExecutionPhase(TestCaseExecutor.java:307)
	at com.kms.katalon.core.main.TestCaseExecutor.accessMainPhase(TestCaseExecutor.java:299)
	at com.kms.katalon.core.main.TestCaseExecutor.execute(TestCaseExecutor.java:233)
	at com.kms.katalon.core.main.TestCaseMain.runTestCase(TestCaseMain.java:114)
	at com.kms.katalon.core.keyword.builtin.CallTestCaseKeyword$_callTestCase_closure1.doCall(CallTestCaseKeyword.groovy:59)
	... 20 more
Caused by: com.kms.katalon.core.exception.StepFailedException: Web element with id: 'Object Repository/Web RoomMe.id\RoomMe.id Header\Button Are You Landlord' located by 'By.xpath: //div[2]/a' not found
	at com.kms.katalon.core.webui.keyword.internal.WebUIKeywordMain.stepFailed(WebUIKeywordMain.groovy:64)
	at com.kms.katalon.core.webui.keyword.builtin.VerifyElementVisibleKeyword$_verifyElementVisible_closure1.doCall(VerifyElementVisibleKeyword.groovy:89)
	at com.kms.katalon.core.webui.keyword.builtin.VerifyElementVisibleKeyword$_verifyElementVisible_closure1.call(VerifyElementVisibleKeyword.groovy)
	at com.kms.katalon.core.webui.keyword.internal.WebUIKeywordMain.runKeyword(WebUIKeywordMain.groovy:20)
	... 35 more]]></system-err>
      </testcase>
      <testcase name="Test Cases/Web RoomMe.id/2. Sign Up/8. Sign Up with Already Registered Email" time="24.409" classname="Test Cases/Web RoomMe.id/2. Sign Up/8. Sign Up with Already Registered Email" status="PASSED">
         <system-out><![CDATA[2020-04-28 05:57:35 - [TEST_CASE][PASSED] - Test Cases/Web RoomMe.id/2. Sign Up/8. Sign Up with Already Registered Email: Test Cases/Web RoomMe.id/2. Sign Up/8. Sign Up with Already Registered Email

2020-04-28 05:57:35 - [TEST_STEP][PASSED] - callTestCase(findTestCase("Web RoomMe.id/1. Homepage/1. Customer Access RoomMe Page"), [:], STOP_ON_FAILURE): Call Test Case 'Test Cases/Web RoomMe.id/1. Homepage/1. Customer Access RoomMe Page' successfully

2020-04-28 05:57:35 - [TEST_CASE][PASSED] - Test Cases/Web RoomMe.id/1. Homepage/1. Customer Access RoomMe Page: Test Cases/Web RoomMe.id/1. Homepage/1. Customer Access RoomMe Page

2020-04-28 05:57:35 - [TEST_STEP][PASSED] - openBrowser("https://web.roomme.id/"): Browser is opened with url: 'https://web.roomme.id/'

2020-04-28 05:57:35 - [MESSAGE][WARNING] - A browser is already opened. Closing browser and opening a new one

2020-04-28 05:57:36 - [MESSAGE][INFO] - Starting 'Chrome' driver

2020-04-28 05:57:42 - [MESSAGE][PASSED] - Browser is opened with url: 'https://web.roomme.id/'

2020-04-28 05:57:42 - [TEST_STEP][PASSED] - maximizeWindow(): Current window maximized

2020-04-28 05:57:45 - [MESSAGE][PASSED] - Current window maximized

2020-04-28 05:57:45 - [TEST_STEP][PASSED] - waitForPageLoad(0): Wait for page load successfully

2020-04-28 05:57:45 - [MESSAGE][WARNING] - Timeout '0' is invalid. Using default page load timeout: '30'

2020-04-28 05:57:45 - [MESSAGE][PASSED] - Wait for page load successfully

2020-04-28 05:57:45 - [MESSAGE][PASSED] - Call Test Case 'Test Cases/Web RoomMe.id/1. Homepage/1. Customer Access RoomMe Page' successfully

2020-04-28 05:57:45 - [TEST_STEP][PASSED] - callTestCase(findTestCase("Web RoomMe.id/1. Homepage/2. Verify Header RoomMe.id"), [:], STOP_ON_FAILURE): Call Test Case 'Test Cases/Web RoomMe.id/1. Homepage/2. Verify Header RoomMe.id' successfully

2020-04-28 05:57:45 - [TEST_CASE][PASSED] - Test Cases/Web RoomMe.id/1. Homepage/2. Verify Header RoomMe.id: Test Cases/Web RoomMe.id/1. Homepage/2. Verify Header RoomMe.id

2020-04-28 05:57:45 - [TEST_STEP][PASSED] - objectSubFolder = "Web RoomMe.id\RoomMe.id Header\": null

2020-04-28 05:57:45 - [TEST_STEP][PASSED] - pathToObjRep = getProjectDir() + "\Object Repository\" + objectSubFolder: null

2020-04-28 05:57:45 - [TEST_STEP][PASSED] - yourObjects = new java.io.File(pathToObjRep): null

2020-04-28 05:57:45 - [TEST_STEP][PASSED] - fileNames = yourObjects.list(): null

2020-04-28 05:57:45 - [TEST_STEP][PASSED] - testObjects = new java.util.ArrayList(): null

2020-04-28 05:57:45 - [TEST_STEP][PASSED] - for ([i = 0, i < length, (i++)]): null

2020-04-28 05:57:45 - [TEST_STEP][PASSED] - if (fileNames[i].contains(".rs")): null

2020-04-28 05:57:45 - [TEST_STEP][PASSED] - if (fileNames[i].contains(".rs")): null

2020-04-28 05:57:45 - [TEST_STEP][PASSED] - fileNames[i] = fileNames[i].replace(".rs", ""): null

2020-04-28 05:57:45 - [TEST_STEP][PASSED] - testObjects.add(objectSubFolder + fileNames[i]): null

2020-04-28 05:57:45 - [TEST_STEP][PASSED] - if (fileNames[i].contains(".rs")): null

2020-04-28 05:57:45 - [TEST_STEP][PASSED] - fileNames[i] = fileNames[i].replace(".rs", ""): null

2020-04-28 05:57:45 - [TEST_STEP][PASSED] - testObjects.add(objectSubFolder + fileNames[i]): null

2020-04-28 05:57:45 - [TEST_STEP][PASSED] - if (fileNames[i].contains(".rs")): null

2020-04-28 05:57:45 - [TEST_STEP][PASSED] - fileNames[i] = fileNames[i].replace(".rs", ""): null

2020-04-28 05:57:45 - [TEST_STEP][PASSED] - testObjects.add(objectSubFolder + fileNames[i]): null

2020-04-28 05:57:45 - [TEST_STEP][PASSED] - if (fileNames[i].contains(".rs")): null

2020-04-28 05:57:45 - [TEST_STEP][PASSED] - fileNames[i] = fileNames[i].replace(".rs", ""): null

2020-04-28 05:57:45 - [TEST_STEP][PASSED] - testObjects.add(objectSubFolder + fileNames[i]): null

2020-04-28 05:57:45 - [TEST_STEP][PASSED] - if (fileNames[i].contains(".rs")): null

2020-04-28 05:57:45 - [TEST_STEP][PASSED] - for (String obj : testObjects): Object 'Object Repository/Web RoomMe.id\RoomMe.id Header\Image Header Logo' is visible

2020-04-28 05:57:45 - [TEST_STEP][PASSED] - verifyElementVisible(findTestObject(obj)): Object 'Object Repository/Web RoomMe.id\RoomMe.id Header\Button Are You Landlord' is visible

2020-04-28 05:57:45 - [MESSAGE][PASSED] - Object 'Object Repository/Web RoomMe.id\RoomMe.id Header\Button Are You Landlord' is visible

2020-04-28 05:57:45 - [TEST_STEP][PASSED] - verifyElementVisible(findTestObject(obj)): Object 'Object Repository/Web RoomMe.id\RoomMe.id Header\Button Community' is visible

2020-04-28 05:57:46 - [MESSAGE][PASSED] - Object 'Object Repository/Web RoomMe.id\RoomMe.id Header\Button Community' is visible

2020-04-28 05:57:46 - [TEST_STEP][PASSED] - verifyElementVisible(findTestObject(obj)): Object 'Object Repository/Web RoomMe.id\RoomMe.id Header\Button Sign In' is visible

2020-04-28 05:57:46 - [MESSAGE][PASSED] - Object 'Object Repository/Web RoomMe.id\RoomMe.id Header\Button Sign In' is visible

2020-04-28 05:57:46 - [TEST_STEP][PASSED] - verifyElementVisible(findTestObject(obj)): Object 'Object Repository/Web RoomMe.id\RoomMe.id Header\Image Header Logo' is visible

2020-04-28 05:57:47 - [MESSAGE][PASSED] - Object 'Object Repository/Web RoomMe.id\RoomMe.id Header\Image Header Logo' is visible

2020-04-28 05:57:47 - [MESSAGE][PASSED] - Call Test Case 'Test Cases/Web RoomMe.id/1. Homepage/2. Verify Header RoomMe.id' successfully

2020-04-28 05:57:47 - [TEST_STEP][PASSED] - click(findTestObject("Web RoomMe.id/RoomMe.id Header/Button Sign In")): Object: 'Object Repository/Web RoomMe.id/RoomMe.id Header/Button Sign In' is clicked on

2020-04-28 05:57:47 - [MESSAGE][PASSED] - Object: 'Object Repository/Web RoomMe.id/RoomMe.id Header/Button Sign In' is clicked on

2020-04-28 05:57:47 - [TEST_STEP][PASSED] - waitForElementVisible(findTestObject("Web RoomMe.id/Sign In Menu/Button Sign Up"), 0): Object 'Object Repository/Web RoomMe.id/Sign In Menu/Button Sign Up' is visible

2020-04-28 05:57:47 - [MESSAGE][WARNING] - Timeout '0' is invalid. Using default page load timeout: '30'

2020-04-28 05:57:48 - [MESSAGE][PASSED] - Object 'Object Repository/Web RoomMe.id/Sign In Menu/Button Sign Up' is visible

2020-04-28 05:57:48 - [TEST_STEP][PASSED] - click(findTestObject("Web RoomMe.id/Sign In Menu/Button Sign Up")): Object: 'Object Repository/Web RoomMe.id/Sign In Menu/Button Sign Up' is clicked on

2020-04-28 05:57:48 - [MESSAGE][PASSED] - Object: 'Object Repository/Web RoomMe.id/Sign In Menu/Button Sign Up' is clicked on

2020-04-28 05:57:48 - [TEST_STEP][PASSED] - callTestCase(findTestCase("Web RoomMe.id/2. Sign Up/Verify Sign Up Menu"), [:], STOP_ON_FAILURE): Call Test Case 'Test Cases/Web RoomMe.id/2. Sign Up/Verify Sign Up Menu' successfully

2020-04-28 05:57:48 - [TEST_CASE][PASSED] - Test Cases/Web RoomMe.id/2. Sign Up/Verify Sign Up Menu: Test Cases/Web RoomMe.id/2. Sign Up/Verify Sign Up Menu

2020-04-28 05:57:48 - [TEST_STEP][PASSED] - objectSubFolder = "Web RoomMe.id\Sign Up Menu\": null

2020-04-28 05:57:48 - [TEST_STEP][PASSED] - pathToObjRep = getProjectDir() + "\Object Repository\" + objectSubFolder: null

2020-04-28 05:57:48 - [TEST_STEP][PASSED] - yourObjects = new java.io.File(pathToObjRep): null

2020-04-28 05:57:48 - [TEST_STEP][PASSED] - fileNames = yourObjects.list(): null

2020-04-28 05:57:48 - [TEST_STEP][PASSED] - testObjects = new java.util.ArrayList(): null

2020-04-28 05:57:48 - [TEST_STEP][PASSED] - for ([i = 0, i < length, (i++)]): null

2020-04-28 05:57:48 - [TEST_STEP][PASSED] - if (fileNames[i].contains(".rs")): null

2020-04-28 05:57:48 - [TEST_STEP][PASSED] - fileNames[i] = fileNames[i].replace(".rs", ""): null

2020-04-28 05:57:48 - [TEST_STEP][PASSED] - testObjects.add(objectSubFolder + fileNames[i]): null

2020-04-28 05:57:48 - [TEST_STEP][PASSED] - if (fileNames[i].contains(".rs")): null

2020-04-28 05:57:48 - [TEST_STEP][PASSED] - fileNames[i] = fileNames[i].replace(".rs", ""): null

2020-04-28 05:57:48 - [TEST_STEP][PASSED] - testObjects.add(objectSubFolder + fileNames[i]): null

2020-04-28 05:57:48 - [TEST_STEP][PASSED] - if (fileNames[i].contains(".rs")): null

2020-04-28 05:57:48 - [TEST_STEP][PASSED] - if (fileNames[i].contains(".rs")): null

2020-04-28 05:57:48 - [TEST_STEP][PASSED] - fileNames[i] = fileNames[i].replace(".rs", ""): null

2020-04-28 05:57:48 - [TEST_STEP][PASSED] - testObjects.add(objectSubFolder + fileNames[i]): null

2020-04-28 05:57:48 - [TEST_STEP][PASSED] - if (fileNames[i].contains(".rs")): null

2020-04-28 05:57:48 - [TEST_STEP][PASSED] - if (fileNames[i].contains(".rs")): null

2020-04-28 05:57:48 - [TEST_STEP][PASSED] - fileNames[i] = fileNames[i].replace(".rs", ""): null

2020-04-28 05:57:48 - [TEST_STEP][PASSED] - testObjects.add(objectSubFolder + fileNames[i]): null

2020-04-28 05:57:48 - [TEST_STEP][PASSED] - if (fileNames[i].contains(".rs")): null

2020-04-28 05:57:48 - [TEST_STEP][PASSED] - fileNames[i] = fileNames[i].replace(".rs", ""): null

2020-04-28 05:57:48 - [TEST_STEP][PASSED] - testObjects.add(objectSubFolder + fileNames[i]): null

2020-04-28 05:57:48 - [TEST_STEP][PASSED] - if (fileNames[i].contains(".rs")): null

2020-04-28 05:57:48 - [TEST_STEP][PASSED] - fileNames[i] = fileNames[i].replace(".rs", ""): null

2020-04-28 05:57:48 - [TEST_STEP][PASSED] - testObjects.add(objectSubFolder + fileNames[i]): null

2020-04-28 05:57:48 - [TEST_STEP][PASSED] - if (fileNames[i].contains(".rs")): null

2020-04-28 05:57:48 - [TEST_STEP][PASSED] - fileNames[i] = fileNames[i].replace(".rs", ""): null

2020-04-28 05:57:48 - [TEST_STEP][PASSED] - testObjects.add(objectSubFolder + fileNames[i]): null

2020-04-28 05:57:48 - [TEST_STEP][PASSED] - if (fileNames[i].contains(".rs")): null

2020-04-28 05:57:48 - [TEST_STEP][PASSED] - fileNames[i] = fileNames[i].replace(".rs", ""): null

2020-04-28 05:57:48 - [TEST_STEP][PASSED] - testObjects.add(objectSubFolder + fileNames[i]): null

2020-04-28 05:57:48 - [TEST_STEP][PASSED] - if (fileNames[i].contains(".rs")): null

2020-04-28 05:57:48 - [TEST_STEP][PASSED] - fileNames[i] = fileNames[i].replace(".rs", ""): null

2020-04-28 05:57:48 - [TEST_STEP][PASSED] - testObjects.add(objectSubFolder + fileNames[i]): null

2020-04-28 05:57:48 - [TEST_STEP][PASSED] - if (fileNames[i].contains(".rs")): null

2020-04-28 05:57:48 - [TEST_STEP][PASSED] - fileNames[i] = fileNames[i].replace(".rs", ""): null

2020-04-28 05:57:48 - [TEST_STEP][PASSED] - testObjects.add(objectSubFolder + fileNames[i]): null

2020-04-28 05:57:48 - [TEST_STEP][PASSED] - if (fileNames[i].contains(".rs")): null

2020-04-28 05:57:48 - [TEST_STEP][PASSED] - fileNames[i] = fileNames[i].replace(".rs", ""): null

2020-04-28 05:57:48 - [TEST_STEP][PASSED] - testObjects.add(objectSubFolder + fileNames[i]): null

2020-04-28 05:57:48 - [TEST_STEP][PASSED] - if (fileNames[i].contains(".rs")): null

2020-04-28 05:57:48 - [TEST_STEP][PASSED] - fileNames[i] = fileNames[i].replace(".rs", ""): null

2020-04-28 05:57:48 - [TEST_STEP][PASSED] - testObjects.add(objectSubFolder + fileNames[i]): null

2020-04-28 05:57:48 - [TEST_STEP][PASSED] - if (fileNames[i].contains(".rs")): null

2020-04-28 05:57:48 - [TEST_STEP][PASSED] - fileNames[i] = fileNames[i].replace(".rs", ""): null

2020-04-28 05:57:48 - [TEST_STEP][PASSED] - testObjects.add(objectSubFolder + fileNames[i]): null

2020-04-28 05:57:48 - [TEST_STEP][PASSED] - for (String obj : testObjects): Object 'Object Repository/Web RoomMe.id\Sign Up Menu\Textfield Phone Number' is visible

2020-04-28 05:57:48 - [TEST_STEP][PASSED] - verifyElementVisible(findTestObject(obj)): Object 'Object Repository/Web RoomMe.id\Sign Up Menu\Button Sign In' is visible

2020-04-28 05:57:49 - [MESSAGE][PASSED] - Object 'Object Repository/Web RoomMe.id\Sign Up Menu\Button Sign In' is visible

2020-04-28 05:57:49 - [TEST_STEP][PASSED] - verifyElementVisible(findTestObject(obj)): Object 'Object Repository/Web RoomMe.id\Sign Up Menu\Button Sign Up' is visible

2020-04-28 05:57:49 - [MESSAGE][PASSED] - Object 'Object Repository/Web RoomMe.id\Sign Up Menu\Button Sign Up' is visible

2020-04-28 05:57:49 - [TEST_STEP][PASSED] - verifyElementVisible(findTestObject(obj)): Object 'Object Repository/Web RoomMe.id\Sign Up Menu\Name Textfield' is visible

2020-04-28 05:57:50 - [MESSAGE][PASSED] - Object 'Object Repository/Web RoomMe.id\Sign Up Menu\Name Textfield' is visible

2020-04-28 05:57:50 - [TEST_STEP][PASSED] - verifyElementVisible(findTestObject(obj)): Object 'Object Repository/Web RoomMe.id\Sign Up Menu\Text Are you have an account' is visible

2020-04-28 05:57:50 - [MESSAGE][PASSED] - Object 'Object Repository/Web RoomMe.id\Sign Up Menu\Text Are you have an account' is visible

2020-04-28 05:57:50 - [TEST_STEP][PASSED] - verifyElementVisible(findTestObject(obj)): Object 'Object Repository/Web RoomMe.id\Sign Up Menu\Text Confirm Password' is visible

2020-04-28 05:57:50 - [MESSAGE][PASSED] - Object 'Object Repository/Web RoomMe.id\Sign Up Menu\Text Confirm Password' is visible

2020-04-28 05:57:50 - [TEST_STEP][PASSED] - verifyElementVisible(findTestObject(obj)): Object 'Object Repository/Web RoomMe.id\Sign Up Menu\Text Email Address' is visible

2020-04-28 05:57:51 - [MESSAGE][PASSED] - Object 'Object Repository/Web RoomMe.id\Sign Up Menu\Text Email Address' is visible

2020-04-28 05:57:51 - [TEST_STEP][PASSED] - verifyElementVisible(findTestObject(obj)): Object 'Object Repository/Web RoomMe.id\Sign Up Menu\Text Full Name' is visible

2020-04-28 05:57:51 - [MESSAGE][PASSED] - Object 'Object Repository/Web RoomMe.id\Sign Up Menu\Text Full Name' is visible

2020-04-28 05:57:51 - [TEST_STEP][PASSED] - verifyElementVisible(findTestObject(obj)): Object 'Object Repository/Web RoomMe.id\Sign Up Menu\Text Password' is visible

2020-04-28 05:57:51 - [MESSAGE][PASSED] - Object 'Object Repository/Web RoomMe.id\Sign Up Menu\Text Password' is visible

2020-04-28 05:57:51 - [TEST_STEP][PASSED] - verifyElementVisible(findTestObject(obj)): Object 'Object Repository/Web RoomMe.id\Sign Up Menu\Text Phone Number' is visible

2020-04-28 05:57:52 - [MESSAGE][PASSED] - Object 'Object Repository/Web RoomMe.id\Sign Up Menu\Text Phone Number' is visible

2020-04-28 05:57:52 - [TEST_STEP][PASSED] - verifyElementVisible(findTestObject(obj)): Object 'Object Repository/Web RoomMe.id\Sign Up Menu\Textfield Confirm Password' is visible

2020-04-28 05:57:52 - [MESSAGE][PASSED] - Object 'Object Repository/Web RoomMe.id\Sign Up Menu\Textfield Confirm Password' is visible

2020-04-28 05:57:52 - [TEST_STEP][PASSED] - verifyElementVisible(findTestObject(obj)): Object 'Object Repository/Web RoomMe.id\Sign Up Menu\Textfield Email' is visible

2020-04-28 05:57:52 - [MESSAGE][PASSED] - Object 'Object Repository/Web RoomMe.id\Sign Up Menu\Textfield Email' is visible

2020-04-28 05:57:52 - [TEST_STEP][PASSED] - verifyElementVisible(findTestObject(obj)): Object 'Object Repository/Web RoomMe.id\Sign Up Menu\Textfield Password' is visible

2020-04-28 05:57:53 - [MESSAGE][PASSED] - Object 'Object Repository/Web RoomMe.id\Sign Up Menu\Textfield Password' is visible

2020-04-28 05:57:53 - [TEST_STEP][PASSED] - verifyElementVisible(findTestObject(obj)): Object 'Object Repository/Web RoomMe.id\Sign Up Menu\Textfield Phone Number' is visible

2020-04-28 05:57:53 - [MESSAGE][PASSED] - Object 'Object Repository/Web RoomMe.id\Sign Up Menu\Textfield Phone Number' is visible

2020-04-28 05:57:53 - [MESSAGE][PASSED] - Call Test Case 'Test Cases/Web RoomMe.id/2. Sign Up/Verify Sign Up Menu' successfully

2020-04-28 05:57:53 - [TEST_STEP][PASSED] - waitForElementVisible(findTestObject("Web RoomMe.id/Sign Up Menu/Name Textfield"), 0): Object 'Object Repository/Web RoomMe.id/Sign Up Menu/Name Textfield' is visible

2020-04-28 05:57:53 - [MESSAGE][WARNING] - Timeout '0' is invalid. Using default page load timeout: '30'

2020-04-28 05:57:53 - [MESSAGE][PASSED] - Object 'Object Repository/Web RoomMe.id/Sign Up Menu/Name Textfield' is visible

2020-04-28 05:57:53 - [TEST_STEP][PASSED] - setText(findTestObject("Web RoomMe.id/Sign Up Menu/Name Textfield"), "Faldi Test AT"): Text 'Faldi Test AT' is set on object 'Object Repository/Web RoomMe.id/Sign Up Menu/Name Textfield'

2020-04-28 05:57:54 - [MESSAGE][PASSED] - Text 'Faldi Test AT' is set on object 'Object Repository/Web RoomMe.id/Sign Up Menu/Name Textfield'

2020-04-28 05:57:54 - [TEST_STEP][NOT_RUN] - getAttribute(findTestObject("Web RoomMe.id/Sign Up Menu/Name Textfield"), "tag"): NOT_RUN: getAttribute(findTestObject("Web RoomMe.id/Sign Up Menu/Name Textfield"), "tag")

2020-04-28 05:57:54 - [MESSAGE][NOT_RUN] - NOT_RUN: getAttribute(findTestObject("Web RoomMe.id/Sign Up Menu/Name Textfield"), "tag")

2020-04-28 05:57:54 - [TEST_STEP][NOT_RUN] - namauser = concatenate(findTestObject("Web RoomMe.id/Sign Up Menu/Name Textfield")): NOT_RUN: namauser = concatenate(findTestObject("Web RoomMe.id/Sign Up Menu/Name Textfield"))

2020-04-28 05:57:54 - [MESSAGE][NOT_RUN] - NOT_RUN: namauser = concatenate(findTestObject("Web RoomMe.id/Sign Up Menu/Name Textfield"))

2020-04-28 05:57:54 - [TEST_STEP][PASSED] - setText(findTestObject("Web RoomMe.id/Sign Up Menu/Textfield Email"), "hurujy@getnada.com"): Text 'hurujy@getnada.com' is set on object 'Object Repository/Web RoomMe.id/Sign Up Menu/Textfield Email'

2020-04-28 05:57:55 - [MESSAGE][PASSED] - Text 'hurujy@getnada.com' is set on object 'Object Repository/Web RoomMe.id/Sign Up Menu/Textfield Email'

2020-04-28 05:57:55 - [TEST_STEP][PASSED] - setText(findTestObject("Web RoomMe.id/Sign Up Menu/Textfield Phone Number"), "081234567890"): Text '081234567890' is set on object 'Object Repository/Web RoomMe.id/Sign Up Menu/Textfield Phone Number'

2020-04-28 05:57:55 - [MESSAGE][PASSED] - Text '081234567890' is set on object 'Object Repository/Web RoomMe.id/Sign Up Menu/Textfield Phone Number'

2020-04-28 05:57:55 - [TEST_STEP][PASSED] - setEncryptedText(findTestObject("Web RoomMe.id/Sign Up Menu/Textfield Password"), "da8fEzhczGg="): Text ****** has been set on object 'Object Repository/Web RoomMe.id/Sign Up Menu/Textfield Password'

2020-04-28 05:57:56 - [MESSAGE][PASSED] - Text ****** has been set on object 'Object Repository/Web RoomMe.id/Sign Up Menu/Textfield Password'

2020-04-28 05:57:56 - [TEST_STEP][PASSED] - setEncryptedText(findTestObject("Web RoomMe.id/Sign Up Menu/Textfield Confirm Password"), "da8fEzhczGg="): Text ****** has been set on object 'Object Repository/Web RoomMe.id/Sign Up Menu/Textfield Confirm Password'

2020-04-28 05:57:57 - [MESSAGE][PASSED] - Text ****** has been set on object 'Object Repository/Web RoomMe.id/Sign Up Menu/Textfield Confirm Password'

2020-04-28 05:57:57 - [TEST_STEP][PASSED] - click(findTestObject("Web RoomMe.id/Sign Up Menu/Button Sign Up")): Object: 'Object Repository/Web RoomMe.id/Sign Up Menu/Button Sign Up' is clicked on

2020-04-28 05:57:57 - [MESSAGE][PASSED] - Object: 'Object Repository/Web RoomMe.id/Sign Up Menu/Button Sign Up' is clicked on

2020-04-28 05:57:57 - [TEST_STEP][PASSED] - mouseOver(findTestObject("Web RoomMe.id/Sign Up Menu/Error Message/Toast User is Registered")): Object: 'Object Repository/Web RoomMe.id/Sign Up Menu/Error Message/Toast User is Registered' is hovered

2020-04-28 05:57:59 - [MESSAGE][PASSED] - Object: 'Object Repository/Web RoomMe.id/Sign Up Menu/Error Message/Toast User is Registered' is hovered

2020-04-28 05:57:59 - [TEST_STEP][PASSED] - waitForElementVisible(findTestObject("Web RoomMe.id/Sign Up Menu/Error Message/Toast User is Registered"), 0): Object 'Object Repository/Web RoomMe.id/Sign Up Menu/Error Message/Toast User is Registered' is visible

2020-04-28 05:57:59 - [MESSAGE][WARNING] - Timeout '0' is invalid. Using default page load timeout: '30'

2020-04-28 05:57:59 - [MESSAGE][PASSED] - Object 'Object Repository/Web RoomMe.id/Sign Up Menu/Error Message/Toast User is Registered' is visible]]></system-out>
         <system-err><![CDATA[]]></system-err>
      </testcase>
      <system-out><![CDATA[2020-04-28 05:51:45 - [TEST_SUITE][FAILED] - Customer Sign Up: Test Cases/Web RoomMe.id/2. Sign Up/6. Customer Input Password with Invalid Format FAILED.
Reason:
com.kms.katalon.core.exception.StepFailedException: Unable to wait for object 'Object Repository/Web RoomMe.id/Sign Up Menu/Error Message/Text Password at least 6 Characters one letter of capitalize one number' to be visible
	at com.kms.katalon.core.webui.keyword.internal.WebUIKeywordMain.stepFailed(WebUIKeywordMain.groovy:64)
	at com.kms.katalon.core.webui.keyword.internal.WebUIKeywordMain.runKeyword(WebUIKeywordMain.groovy:26)
	at com.kms.katalon.core.webui.keyword.internal.WebUIKeywordMain$runKeyword.call(Unknown Source)
	at com.kms.katalon.core.webui.keyword.builtin.WaitForElementVisibleKeyword.waitForElementVisible(WaitForElementVisibleKeyword.groovy:98)
	at com.kms.katalon.core.webui.keyword.builtin.WaitForElementVisibleKeyword.execute(WaitForElementVisibleKeyword.groovy:68)
	at com.kms.katalon.core.keyword.internal.KeywordExecutor.executeKeywordForPlatform(KeywordExecutor.groovy:60)
	at com.kms.katalon.core.webui.keyword.WebUiBuiltInKeywords.waitForElementVisible(WebUiBuiltInKeywords.groovy:434)
	at com.kms.katalon.core.webui.keyword.WebUiBuiltInKeywords$waitForElementVisible$4.call(Unknown Source)
	at 6. Customer Input Password with Invalid Format.run(6. Customer Input Password with Invalid Format:42)
	at com.kms.katalon.core.main.ScriptEngine.run(ScriptEngine.java:194)
	at com.kms.katalon.core.main.ScriptEngine.runScriptAsRawText(ScriptEngine.java:119)
	at com.kms.katalon.core.main.TestCaseExecutor.runScript(TestCaseExecutor.java:337)
	at com.kms.katalon.core.main.TestCaseExecutor.doExecute(TestCaseExecutor.java:328)
	at com.kms.katalon.core.main.TestCaseExecutor.processExecutionPhase(TestCaseExecutor.java:307)
	at com.kms.katalon.core.main.TestCaseExecutor.accessMainPhase(TestCaseExecutor.java:299)
	at com.kms.katalon.core.main.TestCaseExecutor.execute(TestCaseExecutor.java:233)
	at com.kms.katalon.core.main.TestSuiteExecutor.accessTestCaseMainPhase(TestSuiteExecutor.java:169)
	at com.kms.katalon.core.main.TestSuiteExecutor.accessTestSuiteMainPhase(TestSuiteExecutor.java:142)
	at com.kms.katalon.core.main.TestSuiteExecutor.execute(TestSuiteExecutor.java:91)
	at com.kms.katalon.core.main.TestCaseMain.startTestSuite(TestCaseMain.java:157)
	at com.kms.katalon.core.main.TestCaseMain$startTestSuite$0.call(Unknown Source)
	at TempTestSuite1588027679839.run(TempTestSuite1588027679839.groovy:36)
Caused by: org.openqa.selenium.WebDriverException: disconnected: not connected to DevTools
  (Session info: chrome=81.0.4044.122)
Build info: version: '3.141.59', revision: 'e82be7d358', time: '2018-11-14T08:25:53'
System info: host: 'LENNONOVO', ip: '192.168.1.2', os.name: 'Windows 10', os.arch: 'amd64', os.version: '10.0', java.version: '1.8.0_181'
Driver info: com.kms.katalon.selenium.driver.CChromeDriver
Capabilities {acceptInsecureCerts: false, browserName: chrome, browserVersion: 81.0.4044.122, chrome: {chromedriverVersion: 81.0.4044.69 (6813546031a4b..., userDataDir: C:\Users\Faldi\AppData\Loca...}, goog:chromeOptions: {debuggerAddress: localhost:57203}, javascriptEnabled: true, networkConnectionEnabled: false, pageLoadStrategy: normal, platform: WINDOWS, platformName: WINDOWS, proxy: Proxy(), setWindowRect: true, strictFileInteractability: false, timeouts: {implicit: 0, pageLoad: 300000, script: 30000}, unhandledPromptBehavior: dismiss and notify, webauthn:virtualAuthenticators: true}
Session ID: 08d13933805840a45116fdf69d124356
*** Element info: {Using=xpath, value=id("dropdown-auth")/ul[@class="dropdown-menu show"]/div[1]/div[1]/div[@class="auth-dropdown-form pt-0"]/div[1]/form[@class="auth-form"]/div[1]/div[@class="form-group"]/div[@class="my-2"]/div[@class="invalid-feedback"]/span[1][count(. | //*[(text() = '
							Password at least 6 Characters, one letter of capitalize, one number and one special
							character
						' or . = '
							Password at least 6 Characters, one letter of capitalize, one number and one special
							character
						')]) = count(//*[(text() = '
							Password at least 6 Characters, one letter of capitalize, one number and one special
							character
						' or . = '
							Password at least 6 Characters, one letter of capitalize, one number and one special
							character
						')])]}
	at org.openqa.selenium.remote.http.W3CHttpResponseCodec.createException(W3CHttpResponseCodec.java:187)
	at org.openqa.selenium.remote.http.W3CHttpResponseCodec.decode(W3CHttpResponseCodec.java:122)
	at org.openqa.selenium.remote.http.W3CHttpResponseCodec.decode(W3CHttpResponseCodec.java:49)
	at org.openqa.selenium.remote.HttpCommandExecutor.execute(HttpCommandExecutor.java:158)
	at org.openqa.selenium.remote.service.DriverCommandExecutor.execute(DriverCommandExecutor.java:83)
	at org.openqa.selenium.remote.RemoteWebDriver.execute(RemoteWebDriver.java:552)
	at com.kms.katalon.selenium.driver.CChromeDriver.execute(CChromeDriver.java:19)
	at org.openqa.selenium.remote.RemoteWebDriver.findElements(RemoteWebDriver.java:353)
	at org.openqa.selenium.remote.RemoteWebDriver.findElementsByXPath(RemoteWebDriver.java:432)
	at org.openqa.selenium.By$ByXPath.findElements(By.java:348)
	at org.openqa.selenium.remote.RemoteWebDriver.findElements(RemoteWebDriver.java:311)
	at org.openqa.selenium.support.events.EventFiringWebDriver.lambda$new$1(EventFiringWebDriver.java:105)
	at com.sun.proxy.$Proxy9.findElements(Unknown Source)
	at org.openqa.selenium.support.events.EventFiringWebDriver.findElements(EventFiringWebDriver.java:182)
	at com.kms.katalon.core.webui.common.WebUiCommonHelper.findWebElements(WebUiCommonHelper.java:762)
	at com.kms.katalon.core.webui.common.WebUiCommonHelper.findWebElement(WebUiCommonHelper.java:1109)
	at com.kms.katalon.core.webui.keyword.internal.WebUIAbstractKeyword.findWebElement(WebUIAbstractKeyword.groovy:27)
	at com.kms.katalon.core.webui.keyword.internal.WebUIAbstractKeyword$findWebElement.call(Unknown Source)
	at com.kms.katalon.core.webui.keyword.builtin.WaitForElementVisibleKeyword$_waitForElementVisible_closure1.doCall(WaitForElementVisibleKeyword.groovy:79)
	at com.kms.katalon.core.webui.keyword.builtin.WaitForElementVisibleKeyword$_waitForElementVisible_closure1.doCall(WaitForElementVisibleKeyword.groovy)
	at com.kms.katalon.core.webui.keyword.internal.WebUIKeywordMain.runKeyword(WebUIKeywordMain.groovy:20)
	... 20 more]]></system-out>
      <system-err><![CDATA[2020-04-28 05:51:45 - [TEST_SUITE][FAILED] - Customer Sign Up: Test Cases/Web RoomMe.id/2. Sign Up/6. Customer Input Password with Invalid Format FAILED.
Reason:
com.kms.katalon.core.exception.StepFailedException: Unable to wait for object 'Object Repository/Web RoomMe.id/Sign Up Menu/Error Message/Text Password at least 6 Characters one letter of capitalize one number' to be visible
	at com.kms.katalon.core.webui.keyword.internal.WebUIKeywordMain.stepFailed(WebUIKeywordMain.groovy:64)
	at com.kms.katalon.core.webui.keyword.internal.WebUIKeywordMain.runKeyword(WebUIKeywordMain.groovy:26)
	at com.kms.katalon.core.webui.keyword.internal.WebUIKeywordMain$runKeyword.call(Unknown Source)
	at com.kms.katalon.core.webui.keyword.builtin.WaitForElementVisibleKeyword.waitForElementVisible(WaitForElementVisibleKeyword.groovy:98)
	at com.kms.katalon.core.webui.keyword.builtin.WaitForElementVisibleKeyword.execute(WaitForElementVisibleKeyword.groovy:68)
	at com.kms.katalon.core.keyword.internal.KeywordExecutor.executeKeywordForPlatform(KeywordExecutor.groovy:60)
	at com.kms.katalon.core.webui.keyword.WebUiBuiltInKeywords.waitForElementVisible(WebUiBuiltInKeywords.groovy:434)
	at com.kms.katalon.core.webui.keyword.WebUiBuiltInKeywords$waitForElementVisible$4.call(Unknown Source)
	at 6. Customer Input Password with Invalid Format.run(6. Customer Input Password with Invalid Format:42)
	at com.kms.katalon.core.main.ScriptEngine.run(ScriptEngine.java:194)
	at com.kms.katalon.core.main.ScriptEngine.runScriptAsRawText(ScriptEngine.java:119)
	at com.kms.katalon.core.main.TestCaseExecutor.runScript(TestCaseExecutor.java:337)
	at com.kms.katalon.core.main.TestCaseExecutor.doExecute(TestCaseExecutor.java:328)
	at com.kms.katalon.core.main.TestCaseExecutor.processExecutionPhase(TestCaseExecutor.java:307)
	at com.kms.katalon.core.main.TestCaseExecutor.accessMainPhase(TestCaseExecutor.java:299)
	at com.kms.katalon.core.main.TestCaseExecutor.execute(TestCaseExecutor.java:233)
	at com.kms.katalon.core.main.TestSuiteExecutor.accessTestCaseMainPhase(TestSuiteExecutor.java:169)
	at com.kms.katalon.core.main.TestSuiteExecutor.accessTestSuiteMainPhase(TestSuiteExecutor.java:142)
	at com.kms.katalon.core.main.TestSuiteExecutor.execute(TestSuiteExecutor.java:91)
	at com.kms.katalon.core.main.TestCaseMain.startTestSuite(TestCaseMain.java:157)
	at com.kms.katalon.core.main.TestCaseMain$startTestSuite$0.call(Unknown Source)
	at TempTestSuite1588027679839.run(TempTestSuite1588027679839.groovy:36)
Caused by: org.openqa.selenium.WebDriverException: disconnected: not connected to DevTools
  (Session info: chrome=81.0.4044.122)
Build info: version: '3.141.59', revision: 'e82be7d358', time: '2018-11-14T08:25:53'
System info: host: 'LENNONOVO', ip: '192.168.1.2', os.name: 'Windows 10', os.arch: 'amd64', os.version: '10.0', java.version: '1.8.0_181'
Driver info: com.kms.katalon.selenium.driver.CChromeDriver
Capabilities {acceptInsecureCerts: false, browserName: chrome, browserVersion: 81.0.4044.122, chrome: {chromedriverVersion: 81.0.4044.69 (6813546031a4b..., userDataDir: C:\Users\Faldi\AppData\Loca...}, goog:chromeOptions: {debuggerAddress: localhost:57203}, javascriptEnabled: true, networkConnectionEnabled: false, pageLoadStrategy: normal, platform: WINDOWS, platformName: WINDOWS, proxy: Proxy(), setWindowRect: true, strictFileInteractability: false, timeouts: {implicit: 0, pageLoad: 300000, script: 30000}, unhandledPromptBehavior: dismiss and notify, webauthn:virtualAuthenticators: true}
Session ID: 08d13933805840a45116fdf69d124356
*** Element info: {Using=xpath, value=id("dropdown-auth")/ul[@class="dropdown-menu show"]/div[1]/div[1]/div[@class="auth-dropdown-form pt-0"]/div[1]/form[@class="auth-form"]/div[1]/div[@class="form-group"]/div[@class="my-2"]/div[@class="invalid-feedback"]/span[1][count(. | //*[(text() = '
							Password at least 6 Characters, one letter of capitalize, one number and one special
							character
						' or . = '
							Password at least 6 Characters, one letter of capitalize, one number and one special
							character
						')]) = count(//*[(text() = '
							Password at least 6 Characters, one letter of capitalize, one number and one special
							character
						' or . = '
							Password at least 6 Characters, one letter of capitalize, one number and one special
							character
						')])]}
	at org.openqa.selenium.remote.http.W3CHttpResponseCodec.createException(W3CHttpResponseCodec.java:187)
	at org.openqa.selenium.remote.http.W3CHttpResponseCodec.decode(W3CHttpResponseCodec.java:122)
	at org.openqa.selenium.remote.http.W3CHttpResponseCodec.decode(W3CHttpResponseCodec.java:49)
	at org.openqa.selenium.remote.HttpCommandExecutor.execute(HttpCommandExecutor.java:158)
	at org.openqa.selenium.remote.service.DriverCommandExecutor.execute(DriverCommandExecutor.java:83)
	at org.openqa.selenium.remote.RemoteWebDriver.execute(RemoteWebDriver.java:552)
	at com.kms.katalon.selenium.driver.CChromeDriver.execute(CChromeDriver.java:19)
	at org.openqa.selenium.remote.RemoteWebDriver.findElements(RemoteWebDriver.java:353)
	at org.openqa.selenium.remote.RemoteWebDriver.findElementsByXPath(RemoteWebDriver.java:432)
	at org.openqa.selenium.By$ByXPath.findElements(By.java:348)
	at org.openqa.selenium.remote.RemoteWebDriver.findElements(RemoteWebDriver.java:311)
	at org.openqa.selenium.support.events.EventFiringWebDriver.lambda$new$1(EventFiringWebDriver.java:105)
	at com.sun.proxy.$Proxy9.findElements(Unknown Source)
	at org.openqa.selenium.support.events.EventFiringWebDriver.findElements(EventFiringWebDriver.java:182)
	at com.kms.katalon.core.webui.common.WebUiCommonHelper.findWebElements(WebUiCommonHelper.java:762)
	at com.kms.katalon.core.webui.common.WebUiCommonHelper.findWebElement(WebUiCommonHelper.java:1109)
	at com.kms.katalon.core.webui.keyword.internal.WebUIAbstractKeyword.findWebElement(WebUIAbstractKeyword.groovy:27)
	at com.kms.katalon.core.webui.keyword.internal.WebUIAbstractKeyword$findWebElement.call(Unknown Source)
	at com.kms.katalon.core.webui.keyword.builtin.WaitForElementVisibleKeyword$_waitForElementVisible_closure1.doCall(WaitForElementVisibleKeyword.groovy:79)
	at com.kms.katalon.core.webui.keyword.builtin.WaitForElementVisibleKeyword$_waitForElementVisible_closure1.doCall(WaitForElementVisibleKeyword.groovy)
	at com.kms.katalon.core.webui.keyword.internal.WebUIKeywordMain.runKeyword(WebUIKeywordMain.groovy:20)
	... 20 more]]></system-err>
   </testsuite>
</testsuites>
