<?xml version="1.0" encoding="UTF-8"?>
<testsuites name="Customer Access About RooMe Page" time="44.138" tests="4" failures="0" errors="0">
   <testsuite name="Customer Access About RooMe Page" tests="4" failures="0" errors="0" time="44.138" timestamp="2020-04-13 14:38:31" hostname="Win 10 - LENNONOVO" id="Test Suites/Web RoomMe.id/Customer Access About RooMe Page">
      <properties>
         <property name="deviceName" value=""/>
         <property name="devicePlatform" value=""/>
         <property name="logFolder" value="C:\\Users\\Faldi\\Katalon Studio\\katalonroomme-master\\Reports\\20200413_143824\\Web RoomMe.id\\Customer Access About RooMe Page\\20200413_143824"/>
         <property name="logFiles" value="C:\\Users\\Faldi\\Katalon Studio\\katalonroomme-master\\Reports\\20200413_143824\\Web RoomMe.id\\Customer Access About RooMe Page\\20200413_143824\\execution0.log"/>
         <property name="attachments" value=""/>
         <property name="hostName" value="Win 10 - LENNONOVO"/>
         <property name="os" value="Windows 10 64bit"/>
         <property name="katalonVersion" value="7.2.6.1"/>
         <property name="browser" value="Chrome 80.0.3987.163"/>
         <property name="hostAddress" value="192.168.1.15"/>
         <property name="sessionId" value="818434b95a5b8c28f8ec0a2d95c1d518"/>
         <property name="seleniumVersion" value="3.141.59"/>
         <property name="proxyInformation" value="ProxyInformation{proxyOption=NO_PROXY, proxyServerType=HTTP, password=, proxyServerAddress=, proxyServerPort=0, executionList=}"/>
         <property name="platform" value="Windows 10"/>
      </properties>
      <testcase name="Test Cases/Web RoomMe.id/5. About RoomMe/Customer Access About Us Page" time="19.023" classname="Test Cases/Web RoomMe.id/5. About RoomMe/Customer Access About Us Page" status="PASSED">
         <system-out><![CDATA[2020-04-13 14:38:31 - [TEST_CASE][PASSED] - Test Cases/Web RoomMe.id/5. About RoomMe/Customer Access About Us Page: Test Cases/Web RoomMe.id/5. About RoomMe/Customer Access About Us Page

2020-04-13 14:38:31 - [TEST_STEP][PASSED] - callTestCase(findTestCase("Web RoomMe.id/1. Homepage/1. Customer Access RoomMe Page"), [:], STOP_ON_FAILURE): Call Test Case 'Test Cases/Web RoomMe.id/1. Homepage/1. Customer Access RoomMe Page' successfully

2020-04-13 14:38:32 - [TEST_CASE][PASSED] - Test Cases/Web RoomMe.id/1. Homepage/1. Customer Access RoomMe Page: Test Cases/Web RoomMe.id/1. Homepage/1. Customer Access RoomMe Page

2020-04-13 14:38:32 - [TEST_STEP][PASSED] - openBrowser("https://web.roomme.id/"): Browser is opened with url: 'https://web.roomme.id/'

2020-04-13 14:38:32 - [MESSAGE][INFO] - Starting 'Chrome (headless)' driver

2020-04-13 14:38:32 - [MESSAGE][INFO] - Action delay is set to 0 seconds

2020-04-13 14:38:42 - [MESSAGE][PASSED] - Browser is opened with url: 'https://web.roomme.id/'

2020-04-13 14:38:42 - [TEST_STEP][PASSED] - maximizeWindow(): Current window maximized

2020-04-13 14:38:46 - [MESSAGE][PASSED] - Current window maximized

2020-04-13 14:38:46 - [TEST_STEP][PASSED] - waitForPageLoad(0): Wait for page load successfully

2020-04-13 14:38:46 - [MESSAGE][WARNING] - Timeout '0' is invalid. Using default page load timeout: '60'

2020-04-13 14:38:46 - [MESSAGE][PASSED] - Wait for page load successfully

2020-04-13 14:38:46 - [MESSAGE][PASSED] - Call Test Case 'Test Cases/Web RoomMe.id/1. Homepage/1. Customer Access RoomMe Page' successfully

2020-04-13 14:38:46 - [TEST_STEP][PASSED] - verifyElementVisible(findTestObject("Web RoomMe.id/RoomMe.id Footer/Button About Us")): Object 'Object Repository/Web RoomMe.id/RoomMe.id Footer/Button About Us' is visible

2020-04-13 14:38:46 - [MESSAGE][PASSED] - Object 'Object Repository/Web RoomMe.id/RoomMe.id Footer/Button About Us' is visible

2020-04-13 14:38:46 - [TEST_STEP][PASSED] - click(findTestObject("Web RoomMe.id/RoomMe.id Footer/Button About Us")): Object: 'Object Repository/Web RoomMe.id/RoomMe.id Footer/Button About Us' is clicked on

2020-04-13 14:38:48 - [MESSAGE][PASSED] - Object: 'Object Repository/Web RoomMe.id/RoomMe.id Footer/Button About Us' is clicked on

2020-04-13 14:38:48 - [TEST_STEP][NOT_RUN] - callTestCase(findTestCase("Web RoomMe.id/1. Homepage/2. Verify Header RoomMe.id"), [:], STOP_ON_FAILURE): NOT_RUN: callTestCase(findTestCase("Web RoomMe.id/1. Homepage/2. Verify Header RoomMe.id"), [:], STOP_ON_FAILURE)

2020-04-13 14:38:48 - [MESSAGE][NOT_RUN] - NOT_RUN: callTestCase(findTestCase("Web RoomMe.id/1. Homepage/2. Verify Header RoomMe.id"), [:], STOP_ON_FAILURE)

2020-04-13 14:38:48 - [TEST_STEP][PASSED] - callTestCase(findTestCase("Web RoomMe.id/5. About RoomMe/Verify About Us Page"), [:], STOP_ON_FAILURE): Call Test Case 'Test Cases/Web RoomMe.id/5. About RoomMe/Verify About Us Page' successfully

2020-04-13 14:38:48 - [TEST_CASE][PASSED] - Test Cases/Web RoomMe.id/5. About RoomMe/Verify About Us Page: Test Cases/Web RoomMe.id/5. About RoomMe/Verify About Us Page

2020-04-13 14:38:48 - [TEST_STEP][PASSED] - objectSubFolder = "Web RoomMe.id\RoomMe.id About Us Page\": null

2020-04-13 14:38:48 - [TEST_STEP][PASSED] - pathToObjRep = getProjectDir() + "\Object Repository\" + objectSubFolder: null

2020-04-13 14:38:48 - [TEST_STEP][PASSED] - yourObjects = new java.io.File(pathToObjRep): null

2020-04-13 14:38:48 - [TEST_STEP][PASSED] - fileNames = yourObjects.list(): null

2020-04-13 14:38:48 - [TEST_STEP][PASSED] - testObjects = new java.util.ArrayList(): null

2020-04-13 14:38:48 - [TEST_STEP][PASSED] - for ([i = 0, i < length, (i++)]): null

2020-04-13 14:38:48 - [TEST_STEP][PASSED] - if (fileNames[i].contains(".rs")): null

2020-04-13 14:38:48 - [TEST_STEP][PASSED] - if (fileNames[i].contains(".rs")): null

2020-04-13 14:38:48 - [TEST_STEP][PASSED] - fileNames[i] = fileNames[i].replace(".rs", ""): null

2020-04-13 14:38:48 - [TEST_STEP][PASSED] - testObjects.add(objectSubFolder + fileNames[i]): null

2020-04-13 14:38:48 - [TEST_STEP][PASSED] - if (fileNames[i].contains(".rs")): null

2020-04-13 14:38:48 - [TEST_STEP][PASSED] - fileNames[i] = fileNames[i].replace(".rs", ""): null

2020-04-13 14:38:48 - [TEST_STEP][PASSED] - testObjects.add(objectSubFolder + fileNames[i]): null

2020-04-13 14:38:48 - [TEST_STEP][PASSED] - if (fileNames[i].contains(".rs")): null

2020-04-13 14:38:48 - [TEST_STEP][PASSED] - fileNames[i] = fileNames[i].replace(".rs", ""): null

2020-04-13 14:38:48 - [TEST_STEP][PASSED] - testObjects.add(objectSubFolder + fileNames[i]): null

2020-04-13 14:38:48 - [TEST_STEP][PASSED] - if (fileNames[i].contains(".rs")): null

2020-04-13 14:38:48 - [TEST_STEP][PASSED] - fileNames[i] = fileNames[i].replace(".rs", ""): null

2020-04-13 14:38:48 - [TEST_STEP][PASSED] - testObjects.add(objectSubFolder + fileNames[i]): null

2020-04-13 14:38:48 - [TEST_STEP][PASSED] - if (fileNames[i].contains(".rs")): null

2020-04-13 14:38:48 - [TEST_STEP][PASSED] - fileNames[i] = fileNames[i].replace(".rs", ""): null

2020-04-13 14:38:48 - [TEST_STEP][PASSED] - testObjects.add(objectSubFolder + fileNames[i]): null

2020-04-13 14:38:48 - [TEST_STEP][PASSED] - if (fileNames[i].contains(".rs")): null

2020-04-13 14:38:48 - [TEST_STEP][PASSED] - fileNames[i] = fileNames[i].replace(".rs", ""): null

2020-04-13 14:38:48 - [TEST_STEP][PASSED] - testObjects.add(objectSubFolder + fileNames[i]): null

2020-04-13 14:38:48 - [TEST_STEP][PASSED] - if (fileNames[i].contains(".rs")): null

2020-04-13 14:38:48 - [TEST_STEP][PASSED] - fileNames[i] = fileNames[i].replace(".rs", ""): null

2020-04-13 14:38:48 - [TEST_STEP][PASSED] - testObjects.add(objectSubFolder + fileNames[i]): null

2020-04-13 14:38:48 - [TEST_STEP][PASSED] - if (fileNames[i].contains(".rs")): null

2020-04-13 14:38:48 - [TEST_STEP][PASSED] - fileNames[i] = fileNames[i].replace(".rs", ""): null

2020-04-13 14:38:48 - [TEST_STEP][PASSED] - testObjects.add(objectSubFolder + fileNames[i]): null

2020-04-13 14:38:48 - [TEST_STEP][PASSED] - if (fileNames[i].contains(".rs")): null

2020-04-13 14:38:48 - [TEST_STEP][PASSED] - fileNames[i] = fileNames[i].replace(".rs", ""): null

2020-04-13 14:38:48 - [TEST_STEP][PASSED] - testObjects.add(objectSubFolder + fileNames[i]): null

2020-04-13 14:38:48 - [TEST_STEP][PASSED] - if (fileNames[i].contains(".rs")): null

2020-04-13 14:38:48 - [TEST_STEP][PASSED] - fileNames[i] = fileNames[i].replace(".rs", ""): null

2020-04-13 14:38:48 - [TEST_STEP][PASSED] - testObjects.add(objectSubFolder + fileNames[i]): null

2020-04-13 14:38:48 - [TEST_STEP][PASSED] - if (fileNames[i].contains(".rs")): null

2020-04-13 14:38:48 - [TEST_STEP][PASSED] - fileNames[i] = fileNames[i].replace(".rs", ""): null

2020-04-13 14:38:48 - [TEST_STEP][PASSED] - testObjects.add(objectSubFolder + fileNames[i]): null

2020-04-13 14:38:48 - [TEST_STEP][PASSED] - if (fileNames[i].contains(".rs")): null

2020-04-13 14:38:48 - [TEST_STEP][PASSED] - fileNames[i] = fileNames[i].replace(".rs", ""): null

2020-04-13 14:38:48 - [TEST_STEP][PASSED] - testObjects.add(objectSubFolder + fileNames[i]): null

2020-04-13 14:38:48 - [TEST_STEP][PASSED] - if (fileNames[i].contains(".rs")): null

2020-04-13 14:38:48 - [TEST_STEP][PASSED] - fileNames[i] = fileNames[i].replace(".rs", ""): null

2020-04-13 14:38:48 - [TEST_STEP][PASSED] - testObjects.add(objectSubFolder + fileNames[i]): null

2020-04-13 14:38:48 - [TEST_STEP][PASSED] - if (fileNames[i].contains(".rs")): null

2020-04-13 14:38:48 - [TEST_STEP][PASSED] - fileNames[i] = fileNames[i].replace(".rs", ""): null

2020-04-13 14:38:48 - [TEST_STEP][PASSED] - testObjects.add(objectSubFolder + fileNames[i]): null

2020-04-13 14:38:48 - [TEST_STEP][PASSED] - if (fileNames[i].contains(".rs")): null

2020-04-13 14:38:48 - [TEST_STEP][PASSED] - fileNames[i] = fileNames[i].replace(".rs", ""): null

2020-04-13 14:38:48 - [TEST_STEP][PASSED] - testObjects.add(objectSubFolder + fileNames[i]): null

2020-04-13 14:38:48 - [TEST_STEP][PASSED] - if (fileNames[i].contains(".rs")): null

2020-04-13 14:38:48 - [TEST_STEP][PASSED] - fileNames[i] = fileNames[i].replace(".rs", ""): null

2020-04-13 14:38:48 - [TEST_STEP][PASSED] - testObjects.add(objectSubFolder + fileNames[i]): null

2020-04-13 14:38:48 - [TEST_STEP][PASSED] - if (fileNames[i].contains(".rs")): null

2020-04-13 14:38:48 - [TEST_STEP][PASSED] - fileNames[i] = fileNames[i].replace(".rs", ""): null

2020-04-13 14:38:48 - [TEST_STEP][PASSED] - testObjects.add(objectSubFolder + fileNames[i]): null

2020-04-13 14:38:48 - [TEST_STEP][PASSED] - if (fileNames[i].contains(".rs")): null

2020-04-13 14:38:48 - [TEST_STEP][PASSED] - fileNames[i] = fileNames[i].replace(".rs", ""): null

2020-04-13 14:38:48 - [TEST_STEP][PASSED] - testObjects.add(objectSubFolder + fileNames[i]): null

2020-04-13 14:38:48 - [TEST_STEP][PASSED] - for (String obj : testObjects): Object 'Object Repository/Web RoomMe.id\RoomMe.id About Us Page\Text Strong Branding Promotion' is visible

2020-04-13 14:38:48 - [TEST_STEP][PASSED] - verifyElementVisible(findTestObject(obj)): Object 'Object Repository/Web RoomMe.id\RoomMe.id About Us Page\Image About Us' is visible

2020-04-13 14:38:48 - [MESSAGE][PASSED] - Object 'Object Repository/Web RoomMe.id\RoomMe.id About Us Page\Image About Us' is visible

2020-04-13 14:38:48 - [TEST_STEP][PASSED] - verifyElementVisible(findTestObject(obj)): Object 'Object Repository/Web RoomMe.id\RoomMe.id About Us Page\Text 247 TollFree Support' is visible

2020-04-13 14:38:48 - [MESSAGE][PASSED] - Object 'Object Repository/Web RoomMe.id\RoomMe.id About Us Page\Text 247 TollFree Support' is visible

2020-04-13 14:38:48 - [TEST_STEP][PASSED] - verifyElementVisible(findTestObject(obj)): Object 'Object Repository/Web RoomMe.id\RoomMe.id About Us Page\Text 247Service' is visible

2020-04-13 14:38:49 - [MESSAGE][PASSED] - Object 'Object Repository/Web RoomMe.id\RoomMe.id About Us Page\Text 247Service' is visible

2020-04-13 14:38:49 - [TEST_STEP][PASSED] - verifyElementVisible(findTestObject(obj)): Object 'Object Repository/Web RoomMe.id\RoomMe.id About Us Page\Text About Us Content 2' is visible

2020-04-13 14:38:49 - [MESSAGE][PASSED] - Object 'Object Repository/Web RoomMe.id\RoomMe.id About Us Page\Text About Us Content 2' is visible

2020-04-13 14:38:49 - [TEST_STEP][PASSED] - verifyElementVisible(findTestObject(obj)): Object 'Object Repository/Web RoomMe.id\RoomMe.id About Us Page\Text About Us Content' is visible

2020-04-13 14:38:49 - [MESSAGE][PASSED] - Object 'Object Repository/Web RoomMe.id\RoomMe.id About Us Page\Text About Us Content' is visible

2020-04-13 14:38:49 - [TEST_STEP][PASSED] - verifyElementVisible(findTestObject(obj)): Object 'Object Repository/Web RoomMe.id\RoomMe.id About Us Page\Text About Us' is visible

2020-04-13 14:38:49 - [MESSAGE][PASSED] - Object 'Object Repository/Web RoomMe.id\RoomMe.id About Us Page\Text About Us' is visible

2020-04-13 14:38:49 - [TEST_STEP][PASSED] - verifyElementVisible(findTestObject(obj)): Object 'Object Repository/Web RoomMe.id\RoomMe.id About Us Page\Text AffordablePrice' is visible

2020-04-13 14:38:49 - [MESSAGE][PASSED] - Object 'Object Repository/Web RoomMe.id\RoomMe.id About Us Page\Text AffordablePrice' is visible

2020-04-13 14:38:49 - [TEST_STEP][PASSED] - verifyElementVisible(findTestObject(obj)): Object 'Object Repository/Web RoomMe.id\RoomMe.id About Us Page\Text Best QualityGuarantee' is visible

2020-04-13 14:38:49 - [MESSAGE][PASSED] - Object 'Object Repository/Web RoomMe.id\RoomMe.id About Us Page\Text Best QualityGuarantee' is visible

2020-04-13 14:38:49 - [TEST_STEP][PASSED] - verifyElementVisible(findTestObject(obj)): Object 'Object Repository/Web RoomMe.id\RoomMe.id About Us Page\Text ComfortableLiving' is visible

2020-04-13 14:38:49 - [MESSAGE][PASSED] - Object 'Object Repository/Web RoomMe.id\RoomMe.id About Us Page\Text ComfortableLiving' is visible

2020-04-13 14:38:49 - [TEST_STEP][PASSED] - verifyElementVisible(findTestObject(obj)): Object 'Object Repository/Web RoomMe.id\RoomMe.id About Us Page\Text CostEfficient' is visible

2020-04-13 14:38:49 - [MESSAGE][PASSED] - Object 'Object Repository/Web RoomMe.id\RoomMe.id About Us Page\Text CostEfficient' is visible

2020-04-13 14:38:49 - [TEST_STEP][PASSED] - verifyElementVisible(findTestObject(obj)): Object 'Object Repository/Web RoomMe.id\RoomMe.id About Us Page\Text Get More Income Without Hassle' is visible

2020-04-13 14:38:49 - [MESSAGE][PASSED] - Object 'Object Repository/Web RoomMe.id\RoomMe.id About Us Page\Text Get More Income Without Hassle' is visible

2020-04-13 14:38:49 - [TEST_STEP][PASSED] - verifyElementVisible(findTestObject(obj)): Object 'Object Repository/Web RoomMe.id\RoomMe.id About Us Page\Text Handle Check in Check Out' is visible

2020-04-13 14:38:49 - [MESSAGE][PASSED] - Object 'Object Repository/Web RoomMe.id\RoomMe.id About Us Page\Text Handle Check in Check Out' is visible

2020-04-13 14:38:49 - [TEST_STEP][PASSED] - verifyElementVisible(findTestObject(obj)): Object 'Object Repository/Web RoomMe.id\RoomMe.id About Us Page\Text IncreaseRevenues' is visible

2020-04-13 14:38:49 - [MESSAGE][PASSED] - Object 'Object Repository/Web RoomMe.id\RoomMe.id About Us Page\Text IncreaseRevenues' is visible

2020-04-13 14:38:49 - [TEST_STEP][PASSED] - verifyElementVisible(findTestObject(obj)): Object 'Object Repository/Web RoomMe.id\RoomMe.id About Us Page\Text Initial RoutineStaff Audit' is visible

2020-04-13 14:38:50 - [MESSAGE][PASSED] - Object 'Object Repository/Web RoomMe.id\RoomMe.id About Us Page\Text Initial RoutineStaff Audit' is visible

2020-04-13 14:38:50 - [TEST_STEP][PASSED] - verifyElementVisible(findTestObject(obj)): Object 'Object Repository/Web RoomMe.id\RoomMe.id About Us Page\Text Kost Owners' is visible

2020-04-13 14:38:50 - [MESSAGE][PASSED] - Object 'Object Repository/Web RoomMe.id\RoomMe.id About Us Page\Text Kost Owners' is visible

2020-04-13 14:38:50 - [TEST_STEP][PASSED] - verifyElementVisible(findTestObject(obj)): Object 'Object Repository/Web RoomMe.id\RoomMe.id About Us Page\Text MonthlyReport' is visible

2020-04-13 14:38:50 - [MESSAGE][PASSED] - Object 'Object Repository/Web RoomMe.id\RoomMe.id About Us Page\Text MonthlyReport' is visible

2020-04-13 14:38:50 - [TEST_STEP][PASSED] - verifyElementVisible(findTestObject(obj)): Object 'Object Repository/Web RoomMe.id\RoomMe.id About Us Page\Text PropertyMaintenance' is visible

2020-04-13 14:38:50 - [MESSAGE][PASSED] - Object 'Object Repository/Web RoomMe.id\RoomMe.id About Us Page\Text PropertyMaintenance' is visible

2020-04-13 14:38:50 - [TEST_STEP][PASSED] - verifyElementVisible(findTestObject(obj)): Object 'Object Repository/Web RoomMe.id\RoomMe.id About Us Page\Text Strong Branding Promotion' is visible

2020-04-13 14:38:50 - [MESSAGE][PASSED] - Object 'Object Repository/Web RoomMe.id\RoomMe.id About Us Page\Text Strong Branding Promotion' is visible

2020-04-13 14:38:50 - [MESSAGE][PASSED] - Call Test Case 'Test Cases/Web RoomMe.id/5. About RoomMe/Verify About Us Page' successfully

2020-04-13 14:38:50 - [TEST_STEP][NOT_RUN] - callTestCase(findTestCase("Web RoomMe.id/1. Homepage/7. Verify Footer RoomMe.id"), [:], STOP_ON_FAILURE): NOT_RUN: callTestCase(findTestCase("Web RoomMe.id/1. Homepage/7. Verify Footer RoomMe.id"), [:], STOP_ON_FAILURE)

2020-04-13 14:38:50 - [MESSAGE][NOT_RUN] - NOT_RUN: callTestCase(findTestCase("Web RoomMe.id/1. Homepage/7. Verify Footer RoomMe.id"), [:], STOP_ON_FAILURE)]]></system-out>
         <system-err><![CDATA[]]></system-err>
      </testcase>
      <testcase name="Test Cases/Web RoomMe.id/5. About RoomMe/Verify About Us Page" time="1.359" classname="Test Cases/Web RoomMe.id/5. About RoomMe/Verify About Us Page" status="PASSED">
         <system-out><![CDATA[2020-04-13 14:38:50 - [TEST_CASE][PASSED] - Test Cases/Web RoomMe.id/5. About RoomMe/Verify About Us Page: Test Cases/Web RoomMe.id/5. About RoomMe/Verify About Us Page

2020-04-13 14:38:50 - [TEST_STEP][PASSED] - objectSubFolder = "Web RoomMe.id\RoomMe.id About Us Page\": null

2020-04-13 14:38:50 - [TEST_STEP][PASSED] - pathToObjRep = getProjectDir() + "\Object Repository\" + objectSubFolder: null

2020-04-13 14:38:50 - [TEST_STEP][PASSED] - yourObjects = new java.io.File(pathToObjRep): null

2020-04-13 14:38:50 - [TEST_STEP][PASSED] - fileNames = yourObjects.list(): null

2020-04-13 14:38:50 - [TEST_STEP][PASSED] - testObjects = new java.util.ArrayList(): null

2020-04-13 14:38:50 - [TEST_STEP][PASSED] - for ([i = 0, i < length, (i++)]): null

2020-04-13 14:38:50 - [TEST_STEP][PASSED] - if (fileNames[i].contains(".rs")): null

2020-04-13 14:38:50 - [TEST_STEP][PASSED] - if (fileNames[i].contains(".rs")): null

2020-04-13 14:38:50 - [TEST_STEP][PASSED] - fileNames[i] = fileNames[i].replace(".rs", ""): null

2020-04-13 14:38:50 - [TEST_STEP][PASSED] - testObjects.add(objectSubFolder + fileNames[i]): null

2020-04-13 14:38:50 - [TEST_STEP][PASSED] - if (fileNames[i].contains(".rs")): null

2020-04-13 14:38:50 - [TEST_STEP][PASSED] - fileNames[i] = fileNames[i].replace(".rs", ""): null

2020-04-13 14:38:50 - [TEST_STEP][PASSED] - testObjects.add(objectSubFolder + fileNames[i]): null

2020-04-13 14:38:50 - [TEST_STEP][PASSED] - if (fileNames[i].contains(".rs")): null

2020-04-13 14:38:50 - [TEST_STEP][PASSED] - fileNames[i] = fileNames[i].replace(".rs", ""): null

2020-04-13 14:38:50 - [TEST_STEP][PASSED] - testObjects.add(objectSubFolder + fileNames[i]): null

2020-04-13 14:38:50 - [TEST_STEP][PASSED] - if (fileNames[i].contains(".rs")): null

2020-04-13 14:38:50 - [TEST_STEP][PASSED] - fileNames[i] = fileNames[i].replace(".rs", ""): null

2020-04-13 14:38:50 - [TEST_STEP][PASSED] - testObjects.add(objectSubFolder + fileNames[i]): null

2020-04-13 14:38:50 - [TEST_STEP][PASSED] - if (fileNames[i].contains(".rs")): null

2020-04-13 14:38:50 - [TEST_STEP][PASSED] - fileNames[i] = fileNames[i].replace(".rs", ""): null

2020-04-13 14:38:50 - [TEST_STEP][PASSED] - testObjects.add(objectSubFolder + fileNames[i]): null

2020-04-13 14:38:50 - [TEST_STEP][PASSED] - if (fileNames[i].contains(".rs")): null

2020-04-13 14:38:50 - [TEST_STEP][PASSED] - fileNames[i] = fileNames[i].replace(".rs", ""): null

2020-04-13 14:38:50 - [TEST_STEP][PASSED] - testObjects.add(objectSubFolder + fileNames[i]): null

2020-04-13 14:38:50 - [TEST_STEP][PASSED] - if (fileNames[i].contains(".rs")): null

2020-04-13 14:38:50 - [TEST_STEP][PASSED] - fileNames[i] = fileNames[i].replace(".rs", ""): null

2020-04-13 14:38:50 - [TEST_STEP][PASSED] - testObjects.add(objectSubFolder + fileNames[i]): null

2020-04-13 14:38:50 - [TEST_STEP][PASSED] - if (fileNames[i].contains(".rs")): null

2020-04-13 14:38:50 - [TEST_STEP][PASSED] - fileNames[i] = fileNames[i].replace(".rs", ""): null

2020-04-13 14:38:50 - [TEST_STEP][PASSED] - testObjects.add(objectSubFolder + fileNames[i]): null

2020-04-13 14:38:50 - [TEST_STEP][PASSED] - if (fileNames[i].contains(".rs")): null

2020-04-13 14:38:50 - [TEST_STEP][PASSED] - fileNames[i] = fileNames[i].replace(".rs", ""): null

2020-04-13 14:38:50 - [TEST_STEP][PASSED] - testObjects.add(objectSubFolder + fileNames[i]): null

2020-04-13 14:38:50 - [TEST_STEP][PASSED] - if (fileNames[i].contains(".rs")): null

2020-04-13 14:38:50 - [TEST_STEP][PASSED] - fileNames[i] = fileNames[i].replace(".rs", ""): null

2020-04-13 14:38:50 - [TEST_STEP][PASSED] - testObjects.add(objectSubFolder + fileNames[i]): null

2020-04-13 14:38:50 - [TEST_STEP][PASSED] - if (fileNames[i].contains(".rs")): null

2020-04-13 14:38:50 - [TEST_STEP][PASSED] - fileNames[i] = fileNames[i].replace(".rs", ""): null

2020-04-13 14:38:50 - [TEST_STEP][PASSED] - testObjects.add(objectSubFolder + fileNames[i]): null

2020-04-13 14:38:50 - [TEST_STEP][PASSED] - if (fileNames[i].contains(".rs")): null

2020-04-13 14:38:50 - [TEST_STEP][PASSED] - fileNames[i] = fileNames[i].replace(".rs", ""): null

2020-04-13 14:38:50 - [TEST_STEP][PASSED] - testObjects.add(objectSubFolder + fileNames[i]): null

2020-04-13 14:38:50 - [TEST_STEP][PASSED] - if (fileNames[i].contains(".rs")): null

2020-04-13 14:38:50 - [TEST_STEP][PASSED] - fileNames[i] = fileNames[i].replace(".rs", ""): null

2020-04-13 14:38:50 - [TEST_STEP][PASSED] - testObjects.add(objectSubFolder + fileNames[i]): null

2020-04-13 14:38:50 - [TEST_STEP][PASSED] - if (fileNames[i].contains(".rs")): null

2020-04-13 14:38:50 - [TEST_STEP][PASSED] - fileNames[i] = fileNames[i].replace(".rs", ""): null

2020-04-13 14:38:50 - [TEST_STEP][PASSED] - testObjects.add(objectSubFolder + fileNames[i]): null

2020-04-13 14:38:50 - [TEST_STEP][PASSED] - if (fileNames[i].contains(".rs")): null

2020-04-13 14:38:50 - [TEST_STEP][PASSED] - fileNames[i] = fileNames[i].replace(".rs", ""): null

2020-04-13 14:38:50 - [TEST_STEP][PASSED] - testObjects.add(objectSubFolder + fileNames[i]): null

2020-04-13 14:38:50 - [TEST_STEP][PASSED] - if (fileNames[i].contains(".rs")): null

2020-04-13 14:38:50 - [TEST_STEP][PASSED] - fileNames[i] = fileNames[i].replace(".rs", ""): null

2020-04-13 14:38:50 - [TEST_STEP][PASSED] - testObjects.add(objectSubFolder + fileNames[i]): null

2020-04-13 14:38:50 - [TEST_STEP][PASSED] - if (fileNames[i].contains(".rs")): null

2020-04-13 14:38:50 - [TEST_STEP][PASSED] - fileNames[i] = fileNames[i].replace(".rs", ""): null

2020-04-13 14:38:50 - [TEST_STEP][PASSED] - testObjects.add(objectSubFolder + fileNames[i]): null

2020-04-13 14:38:50 - [TEST_STEP][PASSED] - if (fileNames[i].contains(".rs")): null

2020-04-13 14:38:50 - [TEST_STEP][PASSED] - fileNames[i] = fileNames[i].replace(".rs", ""): null

2020-04-13 14:38:50 - [TEST_STEP][PASSED] - testObjects.add(objectSubFolder + fileNames[i]): null

2020-04-13 14:38:50 - [TEST_STEP][PASSED] - for (String obj : testObjects): Object 'Object Repository/Web RoomMe.id\RoomMe.id About Us Page\Text Strong Branding Promotion' is visible

2020-04-13 14:38:50 - [TEST_STEP][PASSED] - verifyElementVisible(findTestObject(obj)): Object 'Object Repository/Web RoomMe.id\RoomMe.id About Us Page\Image About Us' is visible

2020-04-13 14:38:50 - [MESSAGE][PASSED] - Object 'Object Repository/Web RoomMe.id\RoomMe.id About Us Page\Image About Us' is visible

2020-04-13 14:38:50 - [TEST_STEP][PASSED] - verifyElementVisible(findTestObject(obj)): Object 'Object Repository/Web RoomMe.id\RoomMe.id About Us Page\Text 247 TollFree Support' is visible

2020-04-13 14:38:50 - [MESSAGE][PASSED] - Object 'Object Repository/Web RoomMe.id\RoomMe.id About Us Page\Text 247 TollFree Support' is visible

2020-04-13 14:38:50 - [TEST_STEP][PASSED] - verifyElementVisible(findTestObject(obj)): Object 'Object Repository/Web RoomMe.id\RoomMe.id About Us Page\Text 247Service' is visible

2020-04-13 14:38:50 - [MESSAGE][PASSED] - Object 'Object Repository/Web RoomMe.id\RoomMe.id About Us Page\Text 247Service' is visible

2020-04-13 14:38:50 - [TEST_STEP][PASSED] - verifyElementVisible(findTestObject(obj)): Object 'Object Repository/Web RoomMe.id\RoomMe.id About Us Page\Text About Us Content 2' is visible

2020-04-13 14:38:50 - [MESSAGE][PASSED] - Object 'Object Repository/Web RoomMe.id\RoomMe.id About Us Page\Text About Us Content 2' is visible

2020-04-13 14:38:50 - [TEST_STEP][PASSED] - verifyElementVisible(findTestObject(obj)): Object 'Object Repository/Web RoomMe.id\RoomMe.id About Us Page\Text About Us Content' is visible

2020-04-13 14:38:51 - [MESSAGE][PASSED] - Object 'Object Repository/Web RoomMe.id\RoomMe.id About Us Page\Text About Us Content' is visible

2020-04-13 14:38:51 - [TEST_STEP][PASSED] - verifyElementVisible(findTestObject(obj)): Object 'Object Repository/Web RoomMe.id\RoomMe.id About Us Page\Text About Us' is visible

2020-04-13 14:38:51 - [MESSAGE][PASSED] - Object 'Object Repository/Web RoomMe.id\RoomMe.id About Us Page\Text About Us' is visible

2020-04-13 14:38:51 - [TEST_STEP][PASSED] - verifyElementVisible(findTestObject(obj)): Object 'Object Repository/Web RoomMe.id\RoomMe.id About Us Page\Text AffordablePrice' is visible

2020-04-13 14:38:51 - [MESSAGE][PASSED] - Object 'Object Repository/Web RoomMe.id\RoomMe.id About Us Page\Text AffordablePrice' is visible

2020-04-13 14:38:51 - [TEST_STEP][PASSED] - verifyElementVisible(findTestObject(obj)): Object 'Object Repository/Web RoomMe.id\RoomMe.id About Us Page\Text Best QualityGuarantee' is visible

2020-04-13 14:38:51 - [MESSAGE][PASSED] - Object 'Object Repository/Web RoomMe.id\RoomMe.id About Us Page\Text Best QualityGuarantee' is visible

2020-04-13 14:38:51 - [TEST_STEP][PASSED] - verifyElementVisible(findTestObject(obj)): Object 'Object Repository/Web RoomMe.id\RoomMe.id About Us Page\Text ComfortableLiving' is visible

2020-04-13 14:38:51 - [MESSAGE][PASSED] - Object 'Object Repository/Web RoomMe.id\RoomMe.id About Us Page\Text ComfortableLiving' is visible

2020-04-13 14:38:51 - [TEST_STEP][PASSED] - verifyElementVisible(findTestObject(obj)): Object 'Object Repository/Web RoomMe.id\RoomMe.id About Us Page\Text CostEfficient' is visible

2020-04-13 14:38:51 - [MESSAGE][PASSED] - Object 'Object Repository/Web RoomMe.id\RoomMe.id About Us Page\Text CostEfficient' is visible

2020-04-13 14:38:51 - [TEST_STEP][PASSED] - verifyElementVisible(findTestObject(obj)): Object 'Object Repository/Web RoomMe.id\RoomMe.id About Us Page\Text Get More Income Without Hassle' is visible

2020-04-13 14:38:51 - [MESSAGE][PASSED] - Object 'Object Repository/Web RoomMe.id\RoomMe.id About Us Page\Text Get More Income Without Hassle' is visible

2020-04-13 14:38:51 - [TEST_STEP][PASSED] - verifyElementVisible(findTestObject(obj)): Object 'Object Repository/Web RoomMe.id\RoomMe.id About Us Page\Text Handle Check in Check Out' is visible

2020-04-13 14:38:51 - [MESSAGE][PASSED] - Object 'Object Repository/Web RoomMe.id\RoomMe.id About Us Page\Text Handle Check in Check Out' is visible

2020-04-13 14:38:51 - [TEST_STEP][PASSED] - verifyElementVisible(findTestObject(obj)): Object 'Object Repository/Web RoomMe.id\RoomMe.id About Us Page\Text IncreaseRevenues' is visible

2020-04-13 14:38:51 - [MESSAGE][PASSED] - Object 'Object Repository/Web RoomMe.id\RoomMe.id About Us Page\Text IncreaseRevenues' is visible

2020-04-13 14:38:51 - [TEST_STEP][PASSED] - verifyElementVisible(findTestObject(obj)): Object 'Object Repository/Web RoomMe.id\RoomMe.id About Us Page\Text Initial RoutineStaff Audit' is visible

2020-04-13 14:38:51 - [MESSAGE][PASSED] - Object 'Object Repository/Web RoomMe.id\RoomMe.id About Us Page\Text Initial RoutineStaff Audit' is visible

2020-04-13 14:38:51 - [TEST_STEP][PASSED] - verifyElementVisible(findTestObject(obj)): Object 'Object Repository/Web RoomMe.id\RoomMe.id About Us Page\Text Kost Owners' is visible

2020-04-13 14:38:51 - [MESSAGE][PASSED] - Object 'Object Repository/Web RoomMe.id\RoomMe.id About Us Page\Text Kost Owners' is visible

2020-04-13 14:38:51 - [TEST_STEP][PASSED] - verifyElementVisible(findTestObject(obj)): Object 'Object Repository/Web RoomMe.id\RoomMe.id About Us Page\Text MonthlyReport' is visible

2020-04-13 14:38:51 - [MESSAGE][PASSED] - Object 'Object Repository/Web RoomMe.id\RoomMe.id About Us Page\Text MonthlyReport' is visible

2020-04-13 14:38:51 - [TEST_STEP][PASSED] - verifyElementVisible(findTestObject(obj)): Object 'Object Repository/Web RoomMe.id\RoomMe.id About Us Page\Text PropertyMaintenance' is visible

2020-04-13 14:38:51 - [MESSAGE][PASSED] - Object 'Object Repository/Web RoomMe.id\RoomMe.id About Us Page\Text PropertyMaintenance' is visible

2020-04-13 14:38:51 - [TEST_STEP][PASSED] - verifyElementVisible(findTestObject(obj)): Object 'Object Repository/Web RoomMe.id\RoomMe.id About Us Page\Text Strong Branding Promotion' is visible

2020-04-13 14:38:51 - [MESSAGE][PASSED] - Object 'Object Repository/Web RoomMe.id\RoomMe.id About Us Page\Text Strong Branding Promotion' is visible]]></system-out>
         <system-err><![CDATA[]]></system-err>
      </testcase>
      <testcase name="Test Cases/Web RoomMe.id/5. About RoomMe/Customer Access Contact Us Page" time="17.191" classname="Test Cases/Web RoomMe.id/5. About RoomMe/Customer Access Contact Us Page" status="PASSED">
         <system-out><![CDATA[2020-04-13 14:38:51 - [TEST_CASE][PASSED] - Test Cases/Web RoomMe.id/5. About RoomMe/Customer Access Contact Us Page: Test Cases/Web RoomMe.id/5. About RoomMe/Customer Access Contact Us Page

2020-04-13 14:38:51 - [TEST_STEP][PASSED] - callTestCase(findTestCase("Web RoomMe.id/1. Homepage/1. Customer Access RoomMe Page"), [:], STOP_ON_FAILURE): Call Test Case 'Test Cases/Web RoomMe.id/1. Homepage/1. Customer Access RoomMe Page' successfully

2020-04-13 14:38:52 - [TEST_CASE][PASSED] - Test Cases/Web RoomMe.id/1. Homepage/1. Customer Access RoomMe Page: Test Cases/Web RoomMe.id/1. Homepage/1. Customer Access RoomMe Page

2020-04-13 14:38:52 - [TEST_STEP][PASSED] - openBrowser("https://web.roomme.id/"): Browser is opened with url: 'https://web.roomme.id/'

2020-04-13 14:38:52 - [MESSAGE][WARNING] - A browser is already opened. Closing browser and opening a new one

2020-04-13 14:38:52 - [MESSAGE][INFO] - Starting 'Chrome (headless)' driver

2020-04-13 14:39:02 - [MESSAGE][PASSED] - Browser is opened with url: 'https://web.roomme.id/'

2020-04-13 14:39:02 - [TEST_STEP][PASSED] - maximizeWindow(): Current window maximized

2020-04-13 14:39:06 - [MESSAGE][PASSED] - Current window maximized

2020-04-13 14:39:06 - [TEST_STEP][PASSED] - waitForPageLoad(0): Wait for page load successfully

2020-04-13 14:39:06 - [MESSAGE][WARNING] - Timeout '0' is invalid. Using default page load timeout: '60'

2020-04-13 14:39:06 - [MESSAGE][PASSED] - Wait for page load successfully

2020-04-13 14:39:06 - [MESSAGE][PASSED] - Call Test Case 'Test Cases/Web RoomMe.id/1. Homepage/1. Customer Access RoomMe Page' successfully

2020-04-13 14:39:06 - [TEST_STEP][PASSED] - verifyElementVisible(findTestObject("Web RoomMe.id/RoomMe.id Footer/Button Contact Us")): Object 'Object Repository/Web RoomMe.id/RoomMe.id Footer/Button Contact Us' is visible

2020-04-13 14:39:06 - [MESSAGE][PASSED] - Object 'Object Repository/Web RoomMe.id/RoomMe.id Footer/Button Contact Us' is visible

2020-04-13 14:39:06 - [TEST_STEP][PASSED] - click(findTestObject("Web RoomMe.id/RoomMe.id Footer/Button Contact Us")): Object: 'Object Repository/Web RoomMe.id/RoomMe.id Footer/Button Contact Us' is clicked on

2020-04-13 14:39:07 - [MESSAGE][PASSED] - Object: 'Object Repository/Web RoomMe.id/RoomMe.id Footer/Button Contact Us' is clicked on

2020-04-13 14:39:07 - [TEST_STEP][NOT_RUN] - callTestCase(findTestCase("Web RoomMe.id/1. Homepage/2. Verify Header RoomMe.id"), [:], STOP_ON_FAILURE): NOT_RUN: callTestCase(findTestCase("Web RoomMe.id/1. Homepage/2. Verify Header RoomMe.id"), [:], STOP_ON_FAILURE)

2020-04-13 14:39:07 - [MESSAGE][NOT_RUN] - NOT_RUN: callTestCase(findTestCase("Web RoomMe.id/1. Homepage/2. Verify Header RoomMe.id"), [:], STOP_ON_FAILURE)

2020-04-13 14:39:07 - [TEST_STEP][PASSED] - callTestCase(findTestCase("Web RoomMe.id/5. About RoomMe/Verify Contact Us Page"), [:], STOP_ON_FAILURE): Call Test Case 'Test Cases/Web RoomMe.id/5. About RoomMe/Verify Contact Us Page' successfully

2020-04-13 14:39:07 - [TEST_CASE][PASSED] - Test Cases/Web RoomMe.id/5. About RoomMe/Verify Contact Us Page: Test Cases/Web RoomMe.id/5. About RoomMe/Verify Contact Us Page

2020-04-13 14:39:07 - [TEST_STEP][PASSED] - objectSubFolder = "Web RoomMe.id\RoomMe.id Contact Us Page\": null

2020-04-13 14:39:07 - [TEST_STEP][PASSED] - pathToObjRep = getProjectDir() + "\Object Repository\" + objectSubFolder: null

2020-04-13 14:39:07 - [TEST_STEP][PASSED] - yourObjects = new java.io.File(pathToObjRep): null

2020-04-13 14:39:07 - [TEST_STEP][PASSED] - fileNames = yourObjects.list(): null

2020-04-13 14:39:07 - [TEST_STEP][PASSED] - testObjects = new java.util.ArrayList(): null

2020-04-13 14:39:07 - [TEST_STEP][PASSED] - for ([i = 0, i < length, (i++)]): null

2020-04-13 14:39:07 - [TEST_STEP][PASSED] - if (fileNames[i].contains(".rs")): null

2020-04-13 14:39:07 - [TEST_STEP][PASSED] - if (fileNames[i].contains(".rs")): null

2020-04-13 14:39:07 - [TEST_STEP][PASSED] - fileNames[i] = fileNames[i].replace(".rs", ""): null

2020-04-13 14:39:07 - [TEST_STEP][PASSED] - testObjects.add(objectSubFolder + fileNames[i]): null

2020-04-13 14:39:07 - [TEST_STEP][PASSED] - if (fileNames[i].contains(".rs")): null

2020-04-13 14:39:07 - [TEST_STEP][PASSED] - fileNames[i] = fileNames[i].replace(".rs", ""): null

2020-04-13 14:39:07 - [TEST_STEP][PASSED] - testObjects.add(objectSubFolder + fileNames[i]): null

2020-04-13 14:39:07 - [TEST_STEP][PASSED] - if (fileNames[i].contains(".rs")): null

2020-04-13 14:39:07 - [TEST_STEP][PASSED] - fileNames[i] = fileNames[i].replace(".rs", ""): null

2020-04-13 14:39:07 - [TEST_STEP][PASSED] - testObjects.add(objectSubFolder + fileNames[i]): null

2020-04-13 14:39:07 - [TEST_STEP][PASSED] - if (fileNames[i].contains(".rs")): null

2020-04-13 14:39:07 - [TEST_STEP][PASSED] - fileNames[i] = fileNames[i].replace(".rs", ""): null

2020-04-13 14:39:07 - [TEST_STEP][PASSED] - testObjects.add(objectSubFolder + fileNames[i]): null

2020-04-13 14:39:07 - [TEST_STEP][PASSED] - if (fileNames[i].contains(".rs")): null

2020-04-13 14:39:07 - [TEST_STEP][PASSED] - fileNames[i] = fileNames[i].replace(".rs", ""): null

2020-04-13 14:39:07 - [TEST_STEP][PASSED] - testObjects.add(objectSubFolder + fileNames[i]): null

2020-04-13 14:39:07 - [TEST_STEP][PASSED] - if (fileNames[i].contains(".rs")): null

2020-04-13 14:39:07 - [TEST_STEP][PASSED] - fileNames[i] = fileNames[i].replace(".rs", ""): null

2020-04-13 14:39:07 - [TEST_STEP][PASSED] - testObjects.add(objectSubFolder + fileNames[i]): null

2020-04-13 14:39:07 - [TEST_STEP][PASSED] - if (fileNames[i].contains(".rs")): null

2020-04-13 14:39:07 - [TEST_STEP][PASSED] - fileNames[i] = fileNames[i].replace(".rs", ""): null

2020-04-13 14:39:07 - [TEST_STEP][PASSED] - testObjects.add(objectSubFolder + fileNames[i]): null

2020-04-13 14:39:07 - [TEST_STEP][PASSED] - if (fileNames[i].contains(".rs")): null

2020-04-13 14:39:07 - [TEST_STEP][PASSED] - fileNames[i] = fileNames[i].replace(".rs", ""): null

2020-04-13 14:39:07 - [TEST_STEP][PASSED] - testObjects.add(objectSubFolder + fileNames[i]): null

2020-04-13 14:39:07 - [TEST_STEP][PASSED] - if (fileNames[i].contains(".rs")): null

2020-04-13 14:39:07 - [TEST_STEP][PASSED] - fileNames[i] = fileNames[i].replace(".rs", ""): null

2020-04-13 14:39:07 - [TEST_STEP][PASSED] - testObjects.add(objectSubFolder + fileNames[i]): null

2020-04-13 14:39:07 - [TEST_STEP][PASSED] - if (fileNames[i].contains(".rs")): null

2020-04-13 14:39:07 - [TEST_STEP][PASSED] - fileNames[i] = fileNames[i].replace(".rs", ""): null

2020-04-13 14:39:07 - [TEST_STEP][PASSED] - testObjects.add(objectSubFolder + fileNames[i]): null

2020-04-13 14:39:07 - [TEST_STEP][PASSED] - if (fileNames[i].contains(".rs")): null

2020-04-13 14:39:07 - [TEST_STEP][PASSED] - fileNames[i] = fileNames[i].replace(".rs", ""): null

2020-04-13 14:39:07 - [TEST_STEP][PASSED] - testObjects.add(objectSubFolder + fileNames[i]): null

2020-04-13 14:39:07 - [TEST_STEP][PASSED] - for (String obj : testObjects): Object 'Object Repository/Web RoomMe.id\RoomMe.id Contact Us Page\Text RoomMe Location Content' is visible

2020-04-13 14:39:07 - [TEST_STEP][PASSED] - verifyElementVisible(findTestObject(obj)): Object 'Object Repository/Web RoomMe.id\RoomMe.id Contact Us Page\Button Attach File' is visible

2020-04-13 14:39:07 - [MESSAGE][PASSED] - Object 'Object Repository/Web RoomMe.id\RoomMe.id Contact Us Page\Button Attach File' is visible

2020-04-13 14:39:07 - [TEST_STEP][PASSED] - verifyElementVisible(findTestObject(obj)): Object 'Object Repository/Web RoomMe.id\RoomMe.id Contact Us Page\Button Submit' is visible

2020-04-13 14:39:08 - [MESSAGE][PASSED] - Object 'Object Repository/Web RoomMe.id\RoomMe.id Contact Us Page\Button Submit' is visible

2020-04-13 14:39:08 - [TEST_STEP][PASSED] - verifyElementVisible(findTestObject(obj)): Object 'Object Repository/Web RoomMe.id\RoomMe.id Contact Us Page\Checkbox I Have my RoomMe Booking ID' is visible

2020-04-13 14:39:08 - [MESSAGE][PASSED] - Object 'Object Repository/Web RoomMe.id\RoomMe.id Contact Us Page\Checkbox I Have my RoomMe Booking ID' is visible

2020-04-13 14:39:08 - [TEST_STEP][PASSED] - verifyElementVisible(findTestObject(obj)): Object 'Object Repository/Web RoomMe.id\RoomMe.id Contact Us Page\Image Contact Us' is visible

2020-04-13 14:39:08 - [MESSAGE][PASSED] - Object 'Object Repository/Web RoomMe.id\RoomMe.id Contact Us Page\Image Contact Us' is visible

2020-04-13 14:39:08 - [TEST_STEP][PASSED] - verifyElementVisible(findTestObject(obj)): Object 'Object Repository/Web RoomMe.id\RoomMe.id Contact Us Page\Input Customer Name' is visible

2020-04-13 14:39:08 - [MESSAGE][PASSED] - Object 'Object Repository/Web RoomMe.id\RoomMe.id Contact Us Page\Input Customer Name' is visible

2020-04-13 14:39:08 - [TEST_STEP][PASSED] - verifyElementVisible(findTestObject(obj)): Object 'Object Repository/Web RoomMe.id\RoomMe.id Contact Us Page\Input Email' is visible

2020-04-13 14:39:08 - [MESSAGE][PASSED] - Object 'Object Repository/Web RoomMe.id\RoomMe.id Contact Us Page\Input Email' is visible

2020-04-13 14:39:08 - [TEST_STEP][PASSED] - verifyElementVisible(findTestObject(obj)): Object 'Object Repository/Web RoomMe.id\RoomMe.id Contact Us Page\Input Message' is visible

2020-04-13 14:39:08 - [MESSAGE][PASSED] - Object 'Object Repository/Web RoomMe.id\RoomMe.id Contact Us Page\Input Message' is visible

2020-04-13 14:39:08 - [TEST_STEP][PASSED] - verifyElementVisible(findTestObject(obj)): Object 'Object Repository/Web RoomMe.id\RoomMe.id Contact Us Page\Text Get In Touch Content' is visible

2020-04-13 14:39:08 - [MESSAGE][PASSED] - Object 'Object Repository/Web RoomMe.id\RoomMe.id Contact Us Page\Text Get In Touch Content' is visible

2020-04-13 14:39:08 - [TEST_STEP][PASSED] - verifyElementVisible(findTestObject(obj)): Object 'Object Repository/Web RoomMe.id\RoomMe.id Contact Us Page\Text Get In Touch with Us' is visible

2020-04-13 14:39:08 - [MESSAGE][PASSED] - Object 'Object Repository/Web RoomMe.id\RoomMe.id Contact Us Page\Text Get In Touch with Us' is visible

2020-04-13 14:39:08 - [TEST_STEP][PASSED] - verifyElementVisible(findTestObject(obj)): Object 'Object Repository/Web RoomMe.id\RoomMe.id Contact Us Page\Text Head Office' is visible

2020-04-13 14:39:08 - [MESSAGE][PASSED] - Object 'Object Repository/Web RoomMe.id\RoomMe.id Contact Us Page\Text Head Office' is visible

2020-04-13 14:39:08 - [TEST_STEP][PASSED] - verifyElementVisible(findTestObject(obj)): Object 'Object Repository/Web RoomMe.id\RoomMe.id Contact Us Page\Text RoomMe Location Content' is visible

2020-04-13 14:39:08 - [MESSAGE][PASSED] - Object 'Object Repository/Web RoomMe.id\RoomMe.id Contact Us Page\Text RoomMe Location Content' is visible

2020-04-13 14:39:08 - [MESSAGE][PASSED] - Call Test Case 'Test Cases/Web RoomMe.id/5. About RoomMe/Verify Contact Us Page' successfully

2020-04-13 14:39:08 - [TEST_STEP][NOT_RUN] - callTestCase(findTestCase("Web RoomMe.id/1. Homepage/7. Verify Footer RoomMe.id"), [:], STOP_ON_FAILURE): NOT_RUN: callTestCase(findTestCase("Web RoomMe.id/1. Homepage/7. Verify Footer RoomMe.id"), [:], STOP_ON_FAILURE)

2020-04-13 14:39:08 - [MESSAGE][NOT_RUN] - NOT_RUN: callTestCase(findTestCase("Web RoomMe.id/1. Homepage/7. Verify Footer RoomMe.id"), [:], STOP_ON_FAILURE)

2020-04-13 14:39:08 - [TEST_STEP][PASSED] - verifyElementText(findTestObject("Web RoomMe.id/RoomMe.id Contact Us Page/Text Get In Touch with Us"), "Get In Touch with Us"): Actual text and expected text of test object 'Object Repository/Web RoomMe.id/RoomMe.id Contact Us Page/Text Get In Touch with Us' are matched.

2020-04-13 14:39:08 - [MESSAGE][PASSED] - Actual text and expected text of test object 'Object Repository/Web RoomMe.id/RoomMe.id Contact Us Page/Text Get In Touch with Us' are matched.

2020-04-13 14:39:08 - [TEST_STEP][PASSED] - verifyElementText(findTestObject("Web RoomMe.id/RoomMe.id Contact Us Page/Text Head Office"), "Head Office"): Actual text and expected text of test object 'Object Repository/Web RoomMe.id/RoomMe.id Contact Us Page/Text Head Office' are matched.

2020-04-13 14:39:08 - [MESSAGE][PASSED] - Actual text and expected text of test object 'Object Repository/Web RoomMe.id/RoomMe.id Contact Us Page/Text Head Office' are matched.

2020-04-13 14:39:08 - [TEST_STEP][PASSED] - verifyElementText(findTestObject("Web RoomMe.id/RoomMe.id Contact Us Page/Text Get In Touch Content"), "If you have any questions, please get in touch with our friendly and knowledgable customer support team by filling out the form below."): Actual text and expected text of test object 'Object Repository/Web RoomMe.id/RoomMe.id Contact Us Page/Text Get In Touch Content' are matched.

2020-04-13 14:39:08 - [MESSAGE][PASSED] - Actual text and expected text of test object 'Object Repository/Web RoomMe.id/RoomMe.id Contact Us Page/Text Get In Touch Content' are matched.

2020-04-13 14:39:08 - [TEST_STEP][PASSED] - verifyElementText(findTestObject("Web RoomMe.id/RoomMe.id Contact Us Page/Text RoomMe Location Content"), "Jl. Tiang Bendera IV no 34 I-J, RT.7/RW.3, Roa Malaka, Kec. Tambora, Indonesia, DKI Jakarta 11230"): Actual text and expected text of test object 'Object Repository/Web RoomMe.id/RoomMe.id Contact Us Page/Text RoomMe Location Content' are matched.

2020-04-13 14:39:09 - [MESSAGE][PASSED] - Actual text and expected text of test object 'Object Repository/Web RoomMe.id/RoomMe.id Contact Us Page/Text RoomMe Location Content' are matched.]]></system-out>
         <system-err><![CDATA[]]></system-err>
      </testcase>
      <testcase name="Test Cases/Web RoomMe.id/5. About RoomMe/Verify Contact Us Page" time="0.83" classname="Test Cases/Web RoomMe.id/5. About RoomMe/Verify Contact Us Page" status="PASSED">
         <system-out><![CDATA[2020-04-13 14:39:09 - [TEST_CASE][PASSED] - Test Cases/Web RoomMe.id/5. About RoomMe/Verify Contact Us Page: Test Cases/Web RoomMe.id/5. About RoomMe/Verify Contact Us Page

2020-04-13 14:39:09 - [TEST_STEP][PASSED] - objectSubFolder = "Web RoomMe.id\RoomMe.id Contact Us Page\": null

2020-04-13 14:39:09 - [TEST_STEP][PASSED] - pathToObjRep = getProjectDir() + "\Object Repository\" + objectSubFolder: null

2020-04-13 14:39:09 - [TEST_STEP][PASSED] - yourObjects = new java.io.File(pathToObjRep): null

2020-04-13 14:39:09 - [TEST_STEP][PASSED] - fileNames = yourObjects.list(): null

2020-04-13 14:39:09 - [TEST_STEP][PASSED] - testObjects = new java.util.ArrayList(): null

2020-04-13 14:39:09 - [TEST_STEP][PASSED] - for ([i = 0, i < length, (i++)]): null

2020-04-13 14:39:09 - [TEST_STEP][PASSED] - if (fileNames[i].contains(".rs")): null

2020-04-13 14:39:09 - [TEST_STEP][PASSED] - if (fileNames[i].contains(".rs")): null

2020-04-13 14:39:09 - [TEST_STEP][PASSED] - fileNames[i] = fileNames[i].replace(".rs", ""): null

2020-04-13 14:39:09 - [TEST_STEP][PASSED] - testObjects.add(objectSubFolder + fileNames[i]): null

2020-04-13 14:39:09 - [TEST_STEP][PASSED] - if (fileNames[i].contains(".rs")): null

2020-04-13 14:39:09 - [TEST_STEP][PASSED] - fileNames[i] = fileNames[i].replace(".rs", ""): null

2020-04-13 14:39:09 - [TEST_STEP][PASSED] - testObjects.add(objectSubFolder + fileNames[i]): null

2020-04-13 14:39:09 - [TEST_STEP][PASSED] - if (fileNames[i].contains(".rs")): null

2020-04-13 14:39:09 - [TEST_STEP][PASSED] - fileNames[i] = fileNames[i].replace(".rs", ""): null

2020-04-13 14:39:09 - [TEST_STEP][PASSED] - testObjects.add(objectSubFolder + fileNames[i]): null

2020-04-13 14:39:09 - [TEST_STEP][PASSED] - if (fileNames[i].contains(".rs")): null

2020-04-13 14:39:09 - [TEST_STEP][PASSED] - fileNames[i] = fileNames[i].replace(".rs", ""): null

2020-04-13 14:39:09 - [TEST_STEP][PASSED] - testObjects.add(objectSubFolder + fileNames[i]): null

2020-04-13 14:39:09 - [TEST_STEP][PASSED] - if (fileNames[i].contains(".rs")): null

2020-04-13 14:39:09 - [TEST_STEP][PASSED] - fileNames[i] = fileNames[i].replace(".rs", ""): null

2020-04-13 14:39:09 - [TEST_STEP][PASSED] - testObjects.add(objectSubFolder + fileNames[i]): null

2020-04-13 14:39:09 - [TEST_STEP][PASSED] - if (fileNames[i].contains(".rs")): null

2020-04-13 14:39:09 - [TEST_STEP][PASSED] - fileNames[i] = fileNames[i].replace(".rs", ""): null

2020-04-13 14:39:09 - [TEST_STEP][PASSED] - testObjects.add(objectSubFolder + fileNames[i]): null

2020-04-13 14:39:09 - [TEST_STEP][PASSED] - if (fileNames[i].contains(".rs")): null

2020-04-13 14:39:09 - [TEST_STEP][PASSED] - fileNames[i] = fileNames[i].replace(".rs", ""): null

2020-04-13 14:39:09 - [TEST_STEP][PASSED] - testObjects.add(objectSubFolder + fileNames[i]): null

2020-04-13 14:39:09 - [TEST_STEP][PASSED] - if (fileNames[i].contains(".rs")): null

2020-04-13 14:39:09 - [TEST_STEP][PASSED] - fileNames[i] = fileNames[i].replace(".rs", ""): null

2020-04-13 14:39:09 - [TEST_STEP][PASSED] - testObjects.add(objectSubFolder + fileNames[i]): null

2020-04-13 14:39:09 - [TEST_STEP][PASSED] - if (fileNames[i].contains(".rs")): null

2020-04-13 14:39:09 - [TEST_STEP][PASSED] - fileNames[i] = fileNames[i].replace(".rs", ""): null

2020-04-13 14:39:09 - [TEST_STEP][PASSED] - testObjects.add(objectSubFolder + fileNames[i]): null

2020-04-13 14:39:09 - [TEST_STEP][PASSED] - if (fileNames[i].contains(".rs")): null

2020-04-13 14:39:09 - [TEST_STEP][PASSED] - fileNames[i] = fileNames[i].replace(".rs", ""): null

2020-04-13 14:39:09 - [TEST_STEP][PASSED] - testObjects.add(objectSubFolder + fileNames[i]): null

2020-04-13 14:39:09 - [TEST_STEP][PASSED] - if (fileNames[i].contains(".rs")): null

2020-04-13 14:39:09 - [TEST_STEP][PASSED] - fileNames[i] = fileNames[i].replace(".rs", ""): null

2020-04-13 14:39:09 - [TEST_STEP][PASSED] - testObjects.add(objectSubFolder + fileNames[i]): null

2020-04-13 14:39:09 - [TEST_STEP][PASSED] - for (String obj : testObjects): Object 'Object Repository/Web RoomMe.id\RoomMe.id Contact Us Page\Text RoomMe Location Content' is visible

2020-04-13 14:39:09 - [TEST_STEP][PASSED] - verifyElementVisible(findTestObject(obj)): Object 'Object Repository/Web RoomMe.id\RoomMe.id Contact Us Page\Button Attach File' is visible

2020-04-13 14:39:09 - [MESSAGE][PASSED] - Object 'Object Repository/Web RoomMe.id\RoomMe.id Contact Us Page\Button Attach File' is visible

2020-04-13 14:39:09 - [TEST_STEP][PASSED] - verifyElementVisible(findTestObject(obj)): Object 'Object Repository/Web RoomMe.id\RoomMe.id Contact Us Page\Button Submit' is visible

2020-04-13 14:39:09 - [MESSAGE][PASSED] - Object 'Object Repository/Web RoomMe.id\RoomMe.id Contact Us Page\Button Submit' is visible

2020-04-13 14:39:09 - [TEST_STEP][PASSED] - verifyElementVisible(findTestObject(obj)): Object 'Object Repository/Web RoomMe.id\RoomMe.id Contact Us Page\Checkbox I Have my RoomMe Booking ID' is visible

2020-04-13 14:39:09 - [MESSAGE][PASSED] - Object 'Object Repository/Web RoomMe.id\RoomMe.id Contact Us Page\Checkbox I Have my RoomMe Booking ID' is visible

2020-04-13 14:39:09 - [TEST_STEP][PASSED] - verifyElementVisible(findTestObject(obj)): Object 'Object Repository/Web RoomMe.id\RoomMe.id Contact Us Page\Image Contact Us' is visible

2020-04-13 14:39:09 - [MESSAGE][PASSED] - Object 'Object Repository/Web RoomMe.id\RoomMe.id Contact Us Page\Image Contact Us' is visible

2020-04-13 14:39:09 - [TEST_STEP][PASSED] - verifyElementVisible(findTestObject(obj)): Object 'Object Repository/Web RoomMe.id\RoomMe.id Contact Us Page\Input Customer Name' is visible

2020-04-13 14:39:09 - [MESSAGE][PASSED] - Object 'Object Repository/Web RoomMe.id\RoomMe.id Contact Us Page\Input Customer Name' is visible

2020-04-13 14:39:09 - [TEST_STEP][PASSED] - verifyElementVisible(findTestObject(obj)): Object 'Object Repository/Web RoomMe.id\RoomMe.id Contact Us Page\Input Email' is visible

2020-04-13 14:39:09 - [MESSAGE][PASSED] - Object 'Object Repository/Web RoomMe.id\RoomMe.id Contact Us Page\Input Email' is visible

2020-04-13 14:39:09 - [TEST_STEP][PASSED] - verifyElementVisible(findTestObject(obj)): Object 'Object Repository/Web RoomMe.id\RoomMe.id Contact Us Page\Input Message' is visible

2020-04-13 14:39:09 - [MESSAGE][PASSED] - Object 'Object Repository/Web RoomMe.id\RoomMe.id Contact Us Page\Input Message' is visible

2020-04-13 14:39:09 - [TEST_STEP][PASSED] - verifyElementVisible(findTestObject(obj)): Object 'Object Repository/Web RoomMe.id\RoomMe.id Contact Us Page\Text Get In Touch Content' is visible

2020-04-13 14:39:09 - [MESSAGE][PASSED] - Object 'Object Repository/Web RoomMe.id\RoomMe.id Contact Us Page\Text Get In Touch Content' is visible

2020-04-13 14:39:09 - [TEST_STEP][PASSED] - verifyElementVisible(findTestObject(obj)): Object 'Object Repository/Web RoomMe.id\RoomMe.id Contact Us Page\Text Get In Touch with Us' is visible

2020-04-13 14:39:09 - [MESSAGE][PASSED] - Object 'Object Repository/Web RoomMe.id\RoomMe.id Contact Us Page\Text Get In Touch with Us' is visible

2020-04-13 14:39:09 - [TEST_STEP][PASSED] - verifyElementVisible(findTestObject(obj)): Object 'Object Repository/Web RoomMe.id\RoomMe.id Contact Us Page\Text Head Office' is visible

2020-04-13 14:39:09 - [MESSAGE][PASSED] - Object 'Object Repository/Web RoomMe.id\RoomMe.id Contact Us Page\Text Head Office' is visible

2020-04-13 14:39:09 - [TEST_STEP][PASSED] - verifyElementVisible(findTestObject(obj)): Object 'Object Repository/Web RoomMe.id\RoomMe.id Contact Us Page\Text RoomMe Location Content' is visible

2020-04-13 14:39:09 - [MESSAGE][PASSED] - Object 'Object Repository/Web RoomMe.id\RoomMe.id Contact Us Page\Text RoomMe Location Content' is visible]]></system-out>
         <system-err><![CDATA[]]></system-err>
      </testcase>
      <system-out><![CDATA[2020-04-13 14:38:31 - [TEST_SUITE][PASSED] - Customer Access About RooMe Page: Test Cases/Web RoomMe.id/5. About RoomMe/Verify Contact Us Page]]></system-out>
      <system-err><![CDATA[]]></system-err>
   </testsuite>
</testsuites>
