<?xml version="1.0" encoding="UTF-8"?>
<testsuites name="Customer Register in Community Page" time="387.735" tests="11" failures="0" errors="0">
   <testsuite name="Customer Register in Community Page" tests="11" failures="0" errors="0" time="387.735" timestamp="2020-05-20 02:01:59" hostname="Win 10 - LENNONOVO" id="Test Suites/Web RoomMe.id/Customer Register in Community Page">
      <properties>
         <property name="deviceName" value=""/>
         <property name="devicePlatform" value=""/>
         <property name="logFolder" value="C:\\Users\\Faldi\\Katalon Studio\\katalonroomme-master\\Reports\\20200520_020150\\Web RoomMe.id\\Customer Register in Community Page\\20200520_020150"/>
         <property name="logFiles" value="C:\\Users\\Faldi\\Katalon Studio\\katalonroomme-master\\Reports\\20200520_020150\\Web RoomMe.id\\Customer Register in Community Page\\20200520_020150\\execution0.log"/>
         <property name="attachments" value=""/>
         <property name="hostName" value="Win 10 - LENNONOVO"/>
         <property name="os" value="Windows 10 64bit"/>
         <property name="katalonVersion" value="7.1.1.1"/>
         <property name="browser" value="Chrome 81.0.4044.138"/>
         <property name="hostAddress" value="192.168.1.14"/>
         <property name="sessionId" value="9e9070008158e9d09220cf433e63b81f"/>
         <property name="seleniumVersion" value="3.141.59"/>
         <property name="proxyInformation" value="ProxyInformation{proxyOption=NO_PROXY, proxyServerType=HTTP, password=, proxyServerAddress=, proxyServerPort=0}"/>
         <property name="platform" value="Windows 10"/>
      </properties>
      <testcase name="Test Cases/Web RoomMe.id/20. Community Registration/10. Customer Register with Registered Email" time="39.333" classname="Test Cases/Web RoomMe.id/20. Community Registration/10. Customer Register with Registered Email" status="PASSED">
         <system-out><![CDATA[2020-05-20 02:01:59 - [TEST_CASE][PASSED] - Test Cases/Web RoomMe.id/20. Community Registration/10. Customer Register with Registered Email: Test Cases/Web RoomMe.id/20. Community Registration/10. Customer Register with Registered Email

2020-05-20 02:02:00 - [TEST_STEP][PASSED] - callTestCase(findTestCase("Web RoomMe.id/1. Homepage/1. Customer Access RoomMe Page"), [:], STOP_ON_FAILURE): Call Test Case 'Test Cases/Web RoomMe.id/1. Homepage/1. Customer Access RoomMe Page' successfully

2020-05-20 02:02:00 - [TEST_CASE][PASSED] - Test Cases/Web RoomMe.id/1. Homepage/1. Customer Access RoomMe Page: Test Cases/Web RoomMe.id/1. Homepage/1. Customer Access RoomMe Page

2020-05-20 02:02:00 - [TEST_STEP][PASSED] - openBrowser("https://web.roomme.id/"): Browser is opened with url: 'https://web.roomme.id/'

2020-05-20 02:02:00 - [MESSAGE][INFO] - Starting 'Chrome' driver

2020-05-20 02:02:01 - [MESSAGE][INFO] - Action delay is set to 0 seconds

2020-05-20 02:02:15 - [MESSAGE][PASSED] - Browser is opened with url: 'https://web.roomme.id/'

2020-05-20 02:02:15 - [TEST_STEP][PASSED] - maximizeWindow(): Current window maximized

2020-05-20 02:02:18 - [MESSAGE][PASSED] - Current window maximized

2020-05-20 02:02:18 - [TEST_STEP][PASSED] - waitForPageLoad(0): Wait for page load successfully

2020-05-20 02:02:18 - [MESSAGE][WARNING] - Timeout '0' is invalid. Using default page load timeout: '30'

2020-05-20 02:02:18 - [MESSAGE][PASSED] - Wait for page load successfully

2020-05-20 02:02:18 - [MESSAGE][PASSED] - Call Test Case 'Test Cases/Web RoomMe.id/1. Homepage/1. Customer Access RoomMe Page' successfully

2020-05-20 02:02:18 - [TEST_STEP][PASSED] - waitForElementVisible(findTestObject("Web RoomMe.id/RoomMe.id Header/Button Community"), 30): Object 'Object Repository/Web RoomMe.id/RoomMe.id Header/Button Community' is visible

2020-05-20 02:02:19 - [MESSAGE][PASSED] - Object 'Object Repository/Web RoomMe.id/RoomMe.id Header/Button Community' is visible

2020-05-20 02:02:19 - [TEST_STEP][PASSED] - click(findTestObject("Web RoomMe.id/RoomMe.id Header/Button Community")): Object: 'Object Repository/Web RoomMe.id/RoomMe.id Header/Button Community' is clicked on

2020-05-20 02:02:21 - [MESSAGE][PASSED] - Object: 'Object Repository/Web RoomMe.id/RoomMe.id Header/Button Community' is clicked on

2020-05-20 02:02:21 - [TEST_STEP][PASSED] - waitForPageLoad(0): Wait for page load successfully

2020-05-20 02:02:21 - [MESSAGE][WARNING] - Timeout '0' is invalid. Using default page load timeout: '30'

2020-05-20 02:02:21 - [MESSAGE][PASSED] - Wait for page load successfully

2020-05-20 02:02:21 - [TEST_STEP][PASSED] - waitForElementVisible(findTestObject("Web RoomMe.id/Community Page/Welcome Video/Video Events RoomMe"), 0): Object 'Object Repository/Web RoomMe.id/Community Page/Welcome Video/Video Events RoomMe' is visible

2020-05-20 02:02:21 - [MESSAGE][WARNING] - Timeout '0' is invalid. Using default page load timeout: '30'

2020-05-20 02:02:22 - [MESSAGE][PASSED] - Object 'Object Repository/Web RoomMe.id/Community Page/Welcome Video/Video Events RoomMe' is visible

2020-05-20 02:02:22 - [TEST_STEP][PASSED] - waitForElementVisible(findTestObject("Web RoomMe.id/Community Page/Welcome Video/Text JOIN OUR COMMUNITY"), 0): Object 'Object Repository/Web RoomMe.id/Community Page/Welcome Video/Text JOIN OUR COMMUNITY' is visible

2020-05-20 02:02:22 - [MESSAGE][WARNING] - Timeout '0' is invalid. Using default page load timeout: '30'

2020-05-20 02:02:23 - [MESSAGE][PASSED] - Object 'Object Repository/Web RoomMe.id/Community Page/Welcome Video/Text JOIN OUR COMMUNITY' is visible

2020-05-20 02:02:23 - [TEST_STEP][PASSED] - waitForElementVisible(findTestObject("Web RoomMe.id/Community Page/Welcome Video/Text And enjoy the benefits and features"), 0): Object 'Object Repository/Web RoomMe.id/Community Page/Welcome Video/Text And enjoy the benefits and features' is visible

2020-05-20 02:02:23 - [MESSAGE][WARNING] - Timeout '0' is invalid. Using default page load timeout: '30'

2020-05-20 02:02:23 - [MESSAGE][PASSED] - Object 'Object Repository/Web RoomMe.id/Community Page/Welcome Video/Text And enjoy the benefits and features' is visible

2020-05-20 02:02:23 - [TEST_STEP][PASSED] - waitForElementVisible(findTestObject("Web RoomMe.id/Community Page/Welcome Video/Button Continue on the Form Registration"), 0): Object 'Object Repository/Web RoomMe.id/Community Page/Welcome Video/Button Continue on the Form Registration' is visible

2020-05-20 02:02:23 - [MESSAGE][WARNING] - Timeout '0' is invalid. Using default page load timeout: '30'

2020-05-20 02:02:24 - [MESSAGE][PASSED] - Object 'Object Repository/Web RoomMe.id/Community Page/Welcome Video/Button Continue on the Form Registration' is visible

2020-05-20 02:02:24 - [TEST_STEP][PASSED] - click(findTestObject("Web RoomMe.id/Community Page/Welcome Video/Button Continue on the Form Registration"), STOP_ON_FAILURE): Object: 'Object Repository/Web RoomMe.id/Community Page/Welcome Video/Button Continue on the Form Registration' is clicked on

2020-05-20 02:02:24 - [MESSAGE][PASSED] - Object: 'Object Repository/Web RoomMe.id/Community Page/Welcome Video/Button Continue on the Form Registration' is clicked on

2020-05-20 02:02:24 - [TEST_STEP][PASSED] - callTestCase(findTestCase("Web RoomMe.id/20. Community Registration/1. Verify Registration Form"), [:], STOP_ON_FAILURE): Call Test Case 'Test Cases/Web RoomMe.id/20. Community Registration/1. Verify Registration Form' successfully

2020-05-20 02:02:24 - [TEST_CASE][PASSED] - Test Cases/Web RoomMe.id/20. Community Registration/1. Verify Registration Form: Test Cases/Web RoomMe.id/20. Community Registration/1. Verify Registration Form

2020-05-20 02:02:25 - [TEST_STEP][PASSED] - objectSubFolder = "Web RoomMe.id\Community Page\Community Registration\": null

2020-05-20 02:02:25 - [TEST_STEP][PASSED] - pathToObjRep = getProjectDir() + "\Object Repository\" + objectSubFolder: null

2020-05-20 02:02:25 - [TEST_STEP][PASSED] - yourObjects = new java.io.File(pathToObjRep): null

2020-05-20 02:02:25 - [TEST_STEP][PASSED] - fileNames = yourObjects.list(): null

2020-05-20 02:02:25 - [TEST_STEP][PASSED] - testObjects = new java.util.ArrayList(): null

2020-05-20 02:02:25 - [TEST_STEP][PASSED] - for ([i = 0, i < length, (i++)]): null

2020-05-20 02:02:25 - [TEST_STEP][PASSED] - if (fileNames[i].contains(".rs")): null

2020-05-20 02:02:25 - [TEST_STEP][PASSED] - if (fileNames[i].contains(".rs")): null

2020-05-20 02:02:25 - [TEST_STEP][PASSED] - fileNames[i] = fileNames[i].replace(".rs", ""): null

2020-05-20 02:02:25 - [TEST_STEP][PASSED] - testObjects.add(objectSubFolder + fileNames[i]): null

2020-05-20 02:02:25 - [TEST_STEP][PASSED] - if (fileNames[i].contains(".rs")): null

2020-05-20 02:02:25 - [TEST_STEP][PASSED] - fileNames[i] = fileNames[i].replace(".rs", ""): null

2020-05-20 02:02:25 - [TEST_STEP][PASSED] - testObjects.add(objectSubFolder + fileNames[i]): null

2020-05-20 02:02:25 - [TEST_STEP][PASSED] - if (fileNames[i].contains(".rs")): null

2020-05-20 02:02:25 - [TEST_STEP][PASSED] - fileNames[i] = fileNames[i].replace(".rs", ""): null

2020-05-20 02:02:25 - [TEST_STEP][PASSED] - testObjects.add(objectSubFolder + fileNames[i]): null

2020-05-20 02:02:25 - [TEST_STEP][PASSED] - if (fileNames[i].contains(".rs")): null

2020-05-20 02:02:25 - [TEST_STEP][PASSED] - if (fileNames[i].contains(".rs")): null

2020-05-20 02:02:25 - [TEST_STEP][PASSED] - fileNames[i] = fileNames[i].replace(".rs", ""): null

2020-05-20 02:02:25 - [TEST_STEP][PASSED] - testObjects.add(objectSubFolder + fileNames[i]): null

2020-05-20 02:02:25 - [TEST_STEP][PASSED] - if (fileNames[i].contains(".rs")): null

2020-05-20 02:02:25 - [TEST_STEP][PASSED] - fileNames[i] = fileNames[i].replace(".rs", ""): null

2020-05-20 02:02:25 - [TEST_STEP][PASSED] - testObjects.add(objectSubFolder + fileNames[i]): null

2020-05-20 02:02:25 - [TEST_STEP][PASSED] - if (fileNames[i].contains(".rs")): null

2020-05-20 02:02:25 - [TEST_STEP][PASSED] - fileNames[i] = fileNames[i].replace(".rs", ""): null

2020-05-20 02:02:25 - [TEST_STEP][PASSED] - testObjects.add(objectSubFolder + fileNames[i]): null

2020-05-20 02:02:25 - [TEST_STEP][PASSED] - if (fileNames[i].contains(".rs")): null

2020-05-20 02:02:25 - [TEST_STEP][PASSED] - if (fileNames[i].contains(".rs")): null

2020-05-20 02:02:25 - [TEST_STEP][PASSED] - fileNames[i] = fileNames[i].replace(".rs", ""): null

2020-05-20 02:02:25 - [TEST_STEP][PASSED] - testObjects.add(objectSubFolder + fileNames[i]): null

2020-05-20 02:02:25 - [TEST_STEP][PASSED] - if (fileNames[i].contains(".rs")): null

2020-05-20 02:02:25 - [TEST_STEP][PASSED] - fileNames[i] = fileNames[i].replace(".rs", ""): null

2020-05-20 02:02:25 - [TEST_STEP][PASSED] - testObjects.add(objectSubFolder + fileNames[i]): null

2020-05-20 02:02:25 - [TEST_STEP][PASSED] - if (fileNames[i].contains(".rs")): null

2020-05-20 02:02:25 - [TEST_STEP][PASSED] - fileNames[i] = fileNames[i].replace(".rs", ""): null

2020-05-20 02:02:25 - [TEST_STEP][PASSED] - testObjects.add(objectSubFolder + fileNames[i]): null

2020-05-20 02:02:25 - [TEST_STEP][PASSED] - if (fileNames[i].contains(".rs")): null

2020-05-20 02:02:25 - [TEST_STEP][PASSED] - fileNames[i] = fileNames[i].replace(".rs", ""): null

2020-05-20 02:02:25 - [TEST_STEP][PASSED] - testObjects.add(objectSubFolder + fileNames[i]): null

2020-05-20 02:02:25 - [TEST_STEP][PASSED] - if (fileNames[i].contains(".rs")): null

2020-05-20 02:02:25 - [TEST_STEP][PASSED] - fileNames[i] = fileNames[i].replace(".rs", ""): null

2020-05-20 02:02:25 - [TEST_STEP][PASSED] - testObjects.add(objectSubFolder + fileNames[i]): null

2020-05-20 02:02:25 - [TEST_STEP][PASSED] - if (fileNames[i].contains(".rs")): null

2020-05-20 02:02:25 - [TEST_STEP][PASSED] - fileNames[i] = fileNames[i].replace(".rs", ""): null

2020-05-20 02:02:25 - [TEST_STEP][PASSED] - testObjects.add(objectSubFolder + fileNames[i]): null

2020-05-20 02:02:25 - [TEST_STEP][PASSED] - if (fileNames[i].contains(".rs")): null

2020-05-20 02:02:25 - [TEST_STEP][PASSED] - fileNames[i] = fileNames[i].replace(".rs", ""): null

2020-05-20 02:02:25 - [TEST_STEP][PASSED] - testObjects.add(objectSubFolder + fileNames[i]): null

2020-05-20 02:02:25 - [TEST_STEP][PASSED] - if (fileNames[i].contains(".rs")): null

2020-05-20 02:02:25 - [TEST_STEP][PASSED] - fileNames[i] = fileNames[i].replace(".rs", ""): null

2020-05-20 02:02:25 - [TEST_STEP][PASSED] - testObjects.add(objectSubFolder + fileNames[i]): null

2020-05-20 02:02:25 - [TEST_STEP][PASSED] - if (fileNames[i].contains(".rs")): null

2020-05-20 02:02:25 - [TEST_STEP][PASSED] - fileNames[i] = fileNames[i].replace(".rs", ""): null

2020-05-20 02:02:25 - [TEST_STEP][PASSED] - testObjects.add(objectSubFolder + fileNames[i]): null

2020-05-20 02:02:25 - [TEST_STEP][PASSED] - if (fileNames[i].contains(".rs")): null

2020-05-20 02:02:25 - [TEST_STEP][PASSED] - fileNames[i] = fileNames[i].replace(".rs", ""): null

2020-05-20 02:02:25 - [TEST_STEP][PASSED] - testObjects.add(objectSubFolder + fileNames[i]): null

2020-05-20 02:02:25 - [TEST_STEP][PASSED] - if (fileNames[i].contains(".rs")): null

2020-05-20 02:02:25 - [TEST_STEP][PASSED] - fileNames[i] = fileNames[i].replace(".rs", ""): null

2020-05-20 02:02:25 - [TEST_STEP][PASSED] - testObjects.add(objectSubFolder + fileNames[i]): null

2020-05-20 02:02:25 - [TEST_STEP][PASSED] - for (String obj : testObjects): Object 'Object Repository/Web RoomMe.id\Community Page\Community Registration\Textfield Mobile Number' is visible

2020-05-20 02:02:25 - [TEST_STEP][PASSED] - verifyElementVisible(findTestObject(obj)): Object 'Object Repository/Web RoomMe.id\Community Page\Community Registration\Button Submit' is visible

2020-05-20 02:02:25 - [MESSAGE][PASSED] - Object 'Object Repository/Web RoomMe.id\Community Page\Community Registration\Button Submit' is visible

2020-05-20 02:02:25 - [TEST_STEP][PASSED] - verifyElementVisible(findTestObject(obj)): Object 'Object Repository/Web RoomMe.id\Community Page\Community Registration\Dropdown Interest Default' is visible

2020-05-20 02:02:25 - [MESSAGE][PASSED] - Object 'Object Repository/Web RoomMe.id\Community Page\Community Registration\Dropdown Interest Default' is visible

2020-05-20 02:02:25 - [TEST_STEP][PASSED] - verifyElementVisible(findTestObject(obj)): Object 'Object Repository/Web RoomMe.id\Community Page\Community Registration\Dropdown Interest' is visible

2020-05-20 02:02:26 - [MESSAGE][PASSED] - Object 'Object Repository/Web RoomMe.id\Community Page\Community Registration\Dropdown Interest' is visible

2020-05-20 02:02:26 - [TEST_STEP][PASSED] - verifyElementVisible(findTestObject(obj)): Object 'Object Repository/Web RoomMe.id\Community Page\Community Registration\Image 2020 RoomMe All Right Reserved' is visible

2020-05-20 02:02:26 - [MESSAGE][PASSED] - Object 'Object Repository/Web RoomMe.id\Community Page\Community Registration\Image 2020 RoomMe All Right Reserved' is visible

2020-05-20 02:02:26 - [TEST_STEP][PASSED] - verifyElementVisible(findTestObject(obj)): Object 'Object Repository/Web RoomMe.id\Community Page\Community Registration\RadioButton Female' is visible

2020-05-20 02:02:27 - [MESSAGE][PASSED] - Object 'Object Repository/Web RoomMe.id\Community Page\Community Registration\RadioButton Female' is visible

2020-05-20 02:02:27 - [TEST_STEP][PASSED] - verifyElementVisible(findTestObject(obj)): Object 'Object Repository/Web RoomMe.id\Community Page\Community Registration\RadioButton Male' is visible

2020-05-20 02:02:27 - [MESSAGE][PASSED] - Object 'Object Repository/Web RoomMe.id\Community Page\Community Registration\RadioButton Male' is visible

2020-05-20 02:02:27 - [TEST_STEP][PASSED] - verifyElementVisible(findTestObject(obj)): Object 'Object Repository/Web RoomMe.id\Community Page\Community Registration\Text Birthdate' is visible

2020-05-20 02:02:27 - [MESSAGE][PASSED] - Object 'Object Repository/Web RoomMe.id\Community Page\Community Registration\Text Birthdate' is visible

2020-05-20 02:02:27 - [TEST_STEP][PASSED] - verifyElementVisible(findTestObject(obj)): Object 'Object Repository/Web RoomMe.id\Community Page\Community Registration\Text Community Registration' is visible

2020-05-20 02:02:28 - [MESSAGE][PASSED] - Object 'Object Repository/Web RoomMe.id\Community Page\Community Registration\Text Community Registration' is visible

2020-05-20 02:02:28 - [TEST_STEP][PASSED] - verifyElementVisible(findTestObject(obj)): Object 'Object Repository/Web RoomMe.id\Community Page\Community Registration\Text Email Address' is visible

2020-05-20 02:02:28 - [MESSAGE][PASSED] - Object 'Object Repository/Web RoomMe.id\Community Page\Community Registration\Text Email Address' is visible

2020-05-20 02:02:28 - [TEST_STEP][PASSED] - verifyElementVisible(findTestObject(obj)): Object 'Object Repository/Web RoomMe.id\Community Page\Community Registration\Text Full Name' is visible

2020-05-20 02:02:29 - [MESSAGE][PASSED] - Object 'Object Repository/Web RoomMe.id\Community Page\Community Registration\Text Full Name' is visible

2020-05-20 02:02:29 - [TEST_STEP][PASSED] - verifyElementVisible(findTestObject(obj)): Object 'Object Repository/Web RoomMe.id\Community Page\Community Registration\Text Gender' is visible

2020-05-20 02:02:29 - [MESSAGE][PASSED] - Object 'Object Repository/Web RoomMe.id\Community Page\Community Registration\Text Gender' is visible

2020-05-20 02:02:29 - [TEST_STEP][PASSED] - verifyElementVisible(findTestObject(obj)): Object 'Object Repository/Web RoomMe.id\Community Page\Community Registration\Text Interest' is visible

2020-05-20 02:02:29 - [MESSAGE][PASSED] - Object 'Object Repository/Web RoomMe.id\Community Page\Community Registration\Text Interest' is visible

2020-05-20 02:02:29 - [TEST_STEP][PASSED] - verifyElementVisible(findTestObject(obj)): Object 'Object Repository/Web RoomMe.id\Community Page\Community Registration\Text Mobile Number' is visible

2020-05-20 02:02:30 - [MESSAGE][PASSED] - Object 'Object Repository/Web RoomMe.id\Community Page\Community Registration\Text Mobile Number' is visible

2020-05-20 02:02:30 - [TEST_STEP][PASSED] - verifyElementVisible(findTestObject(obj)): Object 'Object Repository/Web RoomMe.id\Community Page\Community Registration\Text The minimum age allowed is 17 years' is visible

2020-05-20 02:02:30 - [MESSAGE][PASSED] - Object 'Object Repository/Web RoomMe.id\Community Page\Community Registration\Text The minimum age allowed is 17 years' is visible

2020-05-20 02:02:30 - [TEST_STEP][PASSED] - verifyElementVisible(findTestObject(obj)): Object 'Object Repository/Web RoomMe.id\Community Page\Community Registration\Textfield Email Address' is visible

2020-05-20 02:02:30 - [MESSAGE][PASSED] - Object 'Object Repository/Web RoomMe.id\Community Page\Community Registration\Textfield Email Address' is visible

2020-05-20 02:02:30 - [TEST_STEP][PASSED] - verifyElementVisible(findTestObject(obj)): Object 'Object Repository/Web RoomMe.id\Community Page\Community Registration\Textfield Full Name' is visible

2020-05-20 02:02:31 - [MESSAGE][PASSED] - Object 'Object Repository/Web RoomMe.id\Community Page\Community Registration\Textfield Full Name' is visible

2020-05-20 02:02:31 - [TEST_STEP][PASSED] - verifyElementVisible(findTestObject(obj)): Object 'Object Repository/Web RoomMe.id\Community Page\Community Registration\Textfield Mobile Number' is visible

2020-05-20 02:02:31 - [MESSAGE][PASSED] - Object 'Object Repository/Web RoomMe.id\Community Page\Community Registration\Textfield Mobile Number' is visible

2020-05-20 02:02:31 - [MESSAGE][PASSED] - Call Test Case 'Test Cases/Web RoomMe.id/20. Community Registration/1. Verify Registration Form' successfully

2020-05-20 02:02:31 - [TEST_STEP][PASSED] - waitForElementVisible(findTestObject("Web RoomMe.id/Community Page/Community Registration/Textfield Full Name"), 0): Object 'Object Repository/Web RoomMe.id/Community Page/Community Registration/Textfield Full Name' is visible

2020-05-20 02:02:31 - [MESSAGE][WARNING] - Timeout '0' is invalid. Using default page load timeout: '30'

2020-05-20 02:02:32 - [MESSAGE][PASSED] - Object 'Object Repository/Web RoomMe.id/Community Page/Community Registration/Textfield Full Name' is visible

2020-05-20 02:02:32 - [TEST_STEP][PASSED] - sendKeys(findTestObject("Web RoomMe.id/Community Page/Community Registration/Textfield Full Name"), "Faldi AT"): Keys 'Faldi AT' sent to object: 'Object Repository/Web RoomMe.id/Community Page/Community Registration/Textfield Full Name'

2020-05-20 02:02:32 - [MESSAGE][PASSED] - Keys 'Faldi AT' sent to object: 'Object Repository/Web RoomMe.id/Community Page/Community Registration/Textfield Full Name'

2020-05-20 02:02:32 - [TEST_STEP][PASSED] - click(findTestObject("Web RoomMe.id/Community Page/Community Registration/RadioButton Male")): Object: 'Object Repository/Web RoomMe.id/Community Page/Community Registration/RadioButton Male' is clicked on

2020-05-20 02:02:33 - [MESSAGE][PASSED] - Object: 'Object Repository/Web RoomMe.id/Community Page/Community Registration/RadioButton Male' is clicked on

2020-05-20 02:02:33 - [TEST_STEP][PASSED] - click(findTestObject("Web RoomMe.id/Community Page/Community Registration/Birthdate Datepicker/Datepicker Birthdate_date (1)")): Object: 'Object Repository/Web RoomMe.id/Community Page/Community Registration/Birthdate Datepicker/Datepicker Birthdate_date (1)' is clicked on

2020-05-20 02:02:33 - [MESSAGE][PASSED] - Object: 'Object Repository/Web RoomMe.id/Community Page/Community Registration/Birthdate Datepicker/Datepicker Birthdate_date (1)' is clicked on

2020-05-20 02:02:33 - [TEST_STEP][PASSED] - click(findTestObject("Web RoomMe.id/Community Page/Community Registration/Birthdate Datepicker/Button Day 1")): Object: 'Object Repository/Web RoomMe.id/Community Page/Community Registration/Birthdate Datepicker/Button Day 1' is clicked on

2020-05-20 02:02:34 - [MESSAGE][PASSED] - Object: 'Object Repository/Web RoomMe.id/Community Page/Community Registration/Birthdate Datepicker/Button Day 1' is clicked on

2020-05-20 02:02:34 - [TEST_STEP][PASSED] - sendKeys(findTestObject("Web RoomMe.id/Community Page/Community Registration/Textfield Mobile Number"), "081234567890"): Keys '081234567890' sent to object: 'Object Repository/Web RoomMe.id/Community Page/Community Registration/Textfield Mobile Number'

2020-05-20 02:02:35 - [MESSAGE][PASSED] - Keys '081234567890' sent to object: 'Object Repository/Web RoomMe.id/Community Page/Community Registration/Textfield Mobile Number'

2020-05-20 02:02:35 - [TEST_STEP][PASSED] - sendKeys(findTestObject("Web RoomMe.id/Community Page/Community Registration/Textfield Email Address"), "faldidev@getnada.com"): Keys 'faldidev@getnada.com' sent to object: 'Object Repository/Web RoomMe.id/Community Page/Community Registration/Textfield Email Address'

2020-05-20 02:02:36 - [MESSAGE][PASSED] - Keys 'faldidev@getnada.com' sent to object: 'Object Repository/Web RoomMe.id/Community Page/Community Registration/Textfield Email Address'

2020-05-20 02:02:36 - [TEST_STEP][PASSED] - selectOptionByIndex(findTestObject("Web RoomMe.id/Community Page/Community Registration/Dropdown Interest"), "4"): All options with index in [4] are selected on object 'Object Repository/Web RoomMe.id/Community Page/Community Registration/Dropdown Interest'

2020-05-20 02:02:37 - [MESSAGE][PASSED] - All options with index in [4] are selected on object 'Object Repository/Web RoomMe.id/Community Page/Community Registration/Dropdown Interest'

2020-05-20 02:02:37 - [TEST_STEP][PASSED] - click(findTestObject("Web RoomMe.id/Community Page/Community Registration/Button Submit")): Object: 'Object Repository/Web RoomMe.id/Community Page/Community Registration/Button Submit' is clicked on

2020-05-20 02:02:38 - [MESSAGE][PASSED] - Object: 'Object Repository/Web RoomMe.id/Community Page/Community Registration/Button Submit' is clicked on

2020-05-20 02:02:38 - [TEST_STEP][PASSED] - waitForElementVisible(findTestObject("Web RoomMe.id/Community Page/Community Registration/Error Message/Text Email already registered"), 0): Object 'Object Repository/Web RoomMe.id/Community Page/Community Registration/Error Message/Text Email already registered' is visible

2020-05-20 02:02:38 - [MESSAGE][WARNING] - Timeout '0' is invalid. Using default page load timeout: '30'

2020-05-20 02:02:38 - [MESSAGE][PASSED] - Object 'Object Repository/Web RoomMe.id/Community Page/Community Registration/Error Message/Text Email already registered' is visible]]></system-out>
         <system-err><![CDATA[]]></system-err>
      </testcase>
      <testcase name="Test Cases/Web RoomMe.id/20. Community Registration/11. Customer Register with Invalid Email Data" time="60.253" classname="Test Cases/Web RoomMe.id/20. Community Registration/11. Customer Register with Invalid Email Data" status="PASSED">
         <system-out><![CDATA[2020-05-20 02:02:38 - [TEST_CASE][PASSED] - Test Cases/Web RoomMe.id/20. Community Registration/11. Customer Register with Invalid Email Data: Test Cases/Web RoomMe.id/20. Community Registration/11. Customer Register with Invalid Email Data

2020-05-20 02:02:39 - [TEST_STEP][PASSED] - callTestCase(findTestCase("Web RoomMe.id/6. Community/Customer Access Community Page"), [:], STOP_ON_FAILURE): Call Test Case 'Test Cases/Web RoomMe.id/6. Community/Customer Access Community Page' successfully

2020-05-20 02:02:39 - [TEST_CASE][PASSED] - Test Cases/Web RoomMe.id/6. Community/Customer Access Community Page: Test Cases/Web RoomMe.id/6. Community/Customer Access Community Page

2020-05-20 02:02:39 - [TEST_STEP][PASSED] - callTestCase(findTestCase("Web RoomMe.id/1. Homepage/1. Customer Access RoomMe Page"), [:], STOP_ON_FAILURE): Call Test Case 'Test Cases/Web RoomMe.id/1. Homepage/1. Customer Access RoomMe Page' successfully

2020-05-20 02:02:39 - [TEST_CASE][PASSED] - Test Cases/Web RoomMe.id/1. Homepage/1. Customer Access RoomMe Page: Test Cases/Web RoomMe.id/1. Homepage/1. Customer Access RoomMe Page

2020-05-20 02:02:39 - [TEST_STEP][PASSED] - openBrowser("https://web.roomme.id/"): Browser is opened with url: 'https://web.roomme.id/'

2020-05-20 02:02:39 - [MESSAGE][WARNING] - A browser is already opened. Closing browser and opening a new one

2020-05-20 02:02:40 - [MESSAGE][INFO] - Starting 'Chrome' driver

2020-05-20 02:02:59 - [MESSAGE][PASSED] - Browser is opened with url: 'https://web.roomme.id/'

2020-05-20 02:02:59 - [TEST_STEP][PASSED] - maximizeWindow(): Current window maximized

2020-05-20 02:03:01 - [MESSAGE][PASSED] - Current window maximized

2020-05-20 02:03:01 - [TEST_STEP][PASSED] - waitForPageLoad(0): Wait for page load successfully

2020-05-20 02:03:01 - [MESSAGE][WARNING] - Timeout '0' is invalid. Using default page load timeout: '30'

2020-05-20 02:03:01 - [MESSAGE][PASSED] - Wait for page load successfully

2020-05-20 02:03:01 - [MESSAGE][PASSED] - Call Test Case 'Test Cases/Web RoomMe.id/1. Homepage/1. Customer Access RoomMe Page' successfully

2020-05-20 02:03:01 - [TEST_STEP][PASSED] - waitForElementVisible(findTestObject("Web RoomMe.id/RoomMe.id Header/Button Community"), 30): Object 'Object Repository/Web RoomMe.id/RoomMe.id Header/Button Community' is visible

2020-05-20 02:03:02 - [MESSAGE][PASSED] - Object 'Object Repository/Web RoomMe.id/RoomMe.id Header/Button Community' is visible

2020-05-20 02:03:02 - [TEST_STEP][PASSED] - click(findTestObject("Web RoomMe.id/RoomMe.id Header/Button Community")): Object: 'Object Repository/Web RoomMe.id/RoomMe.id Header/Button Community' is clicked on

2020-05-20 02:03:05 - [MESSAGE][PASSED] - Object: 'Object Repository/Web RoomMe.id/RoomMe.id Header/Button Community' is clicked on

2020-05-20 02:03:05 - [TEST_STEP][PASSED] - waitForPageLoad(0): Wait for page load successfully

2020-05-20 02:03:05 - [MESSAGE][WARNING] - Timeout '0' is invalid. Using default page load timeout: '30'

2020-05-20 02:03:07 - [MESSAGE][PASSED] - Wait for page load successfully

2020-05-20 02:03:07 - [MESSAGE][PASSED] - Call Test Case 'Test Cases/Web RoomMe.id/6. Community/Customer Access Community Page' successfully

2020-05-20 02:03:07 - [TEST_STEP][PASSED] - waitForElementVisible(findTestObject("Web RoomMe.id/Community Page/Welcome Video/Button Continue on the Form Registration"), 0): Object 'Object Repository/Web RoomMe.id/Community Page/Welcome Video/Button Continue on the Form Registration' is visible

2020-05-20 02:03:07 - [MESSAGE][WARNING] - Timeout '0' is invalid. Using default page load timeout: '30'

2020-05-20 02:03:07 - [MESSAGE][PASSED] - Object 'Object Repository/Web RoomMe.id/Community Page/Welcome Video/Button Continue on the Form Registration' is visible

2020-05-20 02:03:07 - [TEST_STEP][PASSED] - click(findTestObject("Web RoomMe.id/Community Page/Welcome Video/Button Continue on the Form Registration"), STOP_ON_FAILURE): Object: 'Object Repository/Web RoomMe.id/Community Page/Welcome Video/Button Continue on the Form Registration' is clicked on

2020-05-20 02:03:08 - [MESSAGE][PASSED] - Object: 'Object Repository/Web RoomMe.id/Community Page/Welcome Video/Button Continue on the Form Registration' is clicked on

2020-05-20 02:03:08 - [TEST_STEP][PASSED] - callTestCase(findTestCase("Web RoomMe.id/20. Community Registration/1. Verify Registration Form"), [:], STOP_ON_FAILURE): Call Test Case 'Test Cases/Web RoomMe.id/20. Community Registration/1. Verify Registration Form' successfully

2020-05-20 02:03:08 - [TEST_CASE][PASSED] - Test Cases/Web RoomMe.id/20. Community Registration/1. Verify Registration Form: Test Cases/Web RoomMe.id/20. Community Registration/1. Verify Registration Form

2020-05-20 02:03:08 - [TEST_STEP][PASSED] - objectSubFolder = "Web RoomMe.id\Community Page\Community Registration\": null

2020-05-20 02:03:08 - [TEST_STEP][PASSED] - pathToObjRep = getProjectDir() + "\Object Repository\" + objectSubFolder: null

2020-05-20 02:03:08 - [TEST_STEP][PASSED] - yourObjects = new java.io.File(pathToObjRep): null

2020-05-20 02:03:08 - [TEST_STEP][PASSED] - fileNames = yourObjects.list(): null

2020-05-20 02:03:08 - [TEST_STEP][PASSED] - testObjects = new java.util.ArrayList(): null

2020-05-20 02:03:08 - [TEST_STEP][PASSED] - for ([i = 0, i < length, (i++)]): null

2020-05-20 02:03:08 - [TEST_STEP][PASSED] - if (fileNames[i].contains(".rs")): null

2020-05-20 02:03:08 - [TEST_STEP][PASSED] - if (fileNames[i].contains(".rs")): null

2020-05-20 02:03:08 - [TEST_STEP][PASSED] - fileNames[i] = fileNames[i].replace(".rs", ""): null

2020-05-20 02:03:08 - [TEST_STEP][PASSED] - testObjects.add(objectSubFolder + fileNames[i]): null

2020-05-20 02:03:08 - [TEST_STEP][PASSED] - if (fileNames[i].contains(".rs")): null

2020-05-20 02:03:08 - [TEST_STEP][PASSED] - fileNames[i] = fileNames[i].replace(".rs", ""): null

2020-05-20 02:03:08 - [TEST_STEP][PASSED] - testObjects.add(objectSubFolder + fileNames[i]): null

2020-05-20 02:03:08 - [TEST_STEP][PASSED] - if (fileNames[i].contains(".rs")): null

2020-05-20 02:03:08 - [TEST_STEP][PASSED] - fileNames[i] = fileNames[i].replace(".rs", ""): null

2020-05-20 02:03:08 - [TEST_STEP][PASSED] - testObjects.add(objectSubFolder + fileNames[i]): null

2020-05-20 02:03:08 - [TEST_STEP][PASSED] - if (fileNames[i].contains(".rs")): null

2020-05-20 02:03:08 - [TEST_STEP][PASSED] - if (fileNames[i].contains(".rs")): null

2020-05-20 02:03:08 - [TEST_STEP][PASSED] - fileNames[i] = fileNames[i].replace(".rs", ""): null

2020-05-20 02:03:08 - [TEST_STEP][PASSED] - testObjects.add(objectSubFolder + fileNames[i]): null

2020-05-20 02:03:08 - [TEST_STEP][PASSED] - if (fileNames[i].contains(".rs")): null

2020-05-20 02:03:08 - [TEST_STEP][PASSED] - fileNames[i] = fileNames[i].replace(".rs", ""): null

2020-05-20 02:03:08 - [TEST_STEP][PASSED] - testObjects.add(objectSubFolder + fileNames[i]): null

2020-05-20 02:03:08 - [TEST_STEP][PASSED] - if (fileNames[i].contains(".rs")): null

2020-05-20 02:03:08 - [TEST_STEP][PASSED] - fileNames[i] = fileNames[i].replace(".rs", ""): null

2020-05-20 02:03:08 - [TEST_STEP][PASSED] - testObjects.add(objectSubFolder + fileNames[i]): null

2020-05-20 02:03:08 - [TEST_STEP][PASSED] - if (fileNames[i].contains(".rs")): null

2020-05-20 02:03:08 - [TEST_STEP][PASSED] - if (fileNames[i].contains(".rs")): null

2020-05-20 02:03:08 - [TEST_STEP][PASSED] - fileNames[i] = fileNames[i].replace(".rs", ""): null

2020-05-20 02:03:08 - [TEST_STEP][PASSED] - testObjects.add(objectSubFolder + fileNames[i]): null

2020-05-20 02:03:08 - [TEST_STEP][PASSED] - if (fileNames[i].contains(".rs")): null

2020-05-20 02:03:08 - [TEST_STEP][PASSED] - fileNames[i] = fileNames[i].replace(".rs", ""): null

2020-05-20 02:03:08 - [TEST_STEP][PASSED] - testObjects.add(objectSubFolder + fileNames[i]): null

2020-05-20 02:03:08 - [TEST_STEP][PASSED] - if (fileNames[i].contains(".rs")): null

2020-05-20 02:03:08 - [TEST_STEP][PASSED] - fileNames[i] = fileNames[i].replace(".rs", ""): null

2020-05-20 02:03:08 - [TEST_STEP][PASSED] - testObjects.add(objectSubFolder + fileNames[i]): null

2020-05-20 02:03:08 - [TEST_STEP][PASSED] - if (fileNames[i].contains(".rs")): null

2020-05-20 02:03:08 - [TEST_STEP][PASSED] - fileNames[i] = fileNames[i].replace(".rs", ""): null

2020-05-20 02:03:08 - [TEST_STEP][PASSED] - testObjects.add(objectSubFolder + fileNames[i]): null

2020-05-20 02:03:08 - [TEST_STEP][PASSED] - if (fileNames[i].contains(".rs")): null

2020-05-20 02:03:08 - [TEST_STEP][PASSED] - fileNames[i] = fileNames[i].replace(".rs", ""): null

2020-05-20 02:03:08 - [TEST_STEP][PASSED] - testObjects.add(objectSubFolder + fileNames[i]): null

2020-05-20 02:03:08 - [TEST_STEP][PASSED] - if (fileNames[i].contains(".rs")): null

2020-05-20 02:03:08 - [TEST_STEP][PASSED] - fileNames[i] = fileNames[i].replace(".rs", ""): null

2020-05-20 02:03:08 - [TEST_STEP][PASSED] - testObjects.add(objectSubFolder + fileNames[i]): null

2020-05-20 02:03:08 - [TEST_STEP][PASSED] - if (fileNames[i].contains(".rs")): null

2020-05-20 02:03:08 - [TEST_STEP][PASSED] - fileNames[i] = fileNames[i].replace(".rs", ""): null

2020-05-20 02:03:08 - [TEST_STEP][PASSED] - testObjects.add(objectSubFolder + fileNames[i]): null

2020-05-20 02:03:08 - [TEST_STEP][PASSED] - if (fileNames[i].contains(".rs")): null

2020-05-20 02:03:08 - [TEST_STEP][PASSED] - fileNames[i] = fileNames[i].replace(".rs", ""): null

2020-05-20 02:03:08 - [TEST_STEP][PASSED] - testObjects.add(objectSubFolder + fileNames[i]): null

2020-05-20 02:03:08 - [TEST_STEP][PASSED] - if (fileNames[i].contains(".rs")): null

2020-05-20 02:03:08 - [TEST_STEP][PASSED] - fileNames[i] = fileNames[i].replace(".rs", ""): null

2020-05-20 02:03:08 - [TEST_STEP][PASSED] - testObjects.add(objectSubFolder + fileNames[i]): null

2020-05-20 02:03:08 - [TEST_STEP][PASSED] - if (fileNames[i].contains(".rs")): null

2020-05-20 02:03:08 - [TEST_STEP][PASSED] - fileNames[i] = fileNames[i].replace(".rs", ""): null

2020-05-20 02:03:08 - [TEST_STEP][PASSED] - testObjects.add(objectSubFolder + fileNames[i]): null

2020-05-20 02:03:08 - [TEST_STEP][PASSED] - if (fileNames[i].contains(".rs")): null

2020-05-20 02:03:08 - [TEST_STEP][PASSED] - fileNames[i] = fileNames[i].replace(".rs", ""): null

2020-05-20 02:03:08 - [TEST_STEP][PASSED] - testObjects.add(objectSubFolder + fileNames[i]): null

2020-05-20 02:03:08 - [TEST_STEP][PASSED] - for (String obj : testObjects): Object 'Object Repository/Web RoomMe.id\Community Page\Community Registration\Textfield Mobile Number' is visible

2020-05-20 02:03:08 - [TEST_STEP][PASSED] - verifyElementVisible(findTestObject(obj)): Object 'Object Repository/Web RoomMe.id\Community Page\Community Registration\Button Submit' is visible

2020-05-20 02:03:09 - [MESSAGE][PASSED] - Object 'Object Repository/Web RoomMe.id\Community Page\Community Registration\Button Submit' is visible

2020-05-20 02:03:09 - [TEST_STEP][PASSED] - verifyElementVisible(findTestObject(obj)): Object 'Object Repository/Web RoomMe.id\Community Page\Community Registration\Dropdown Interest Default' is visible

2020-05-20 02:03:09 - [MESSAGE][PASSED] - Object 'Object Repository/Web RoomMe.id\Community Page\Community Registration\Dropdown Interest Default' is visible

2020-05-20 02:03:09 - [TEST_STEP][PASSED] - verifyElementVisible(findTestObject(obj)): Object 'Object Repository/Web RoomMe.id\Community Page\Community Registration\Dropdown Interest' is visible

2020-05-20 02:03:09 - [MESSAGE][PASSED] - Object 'Object Repository/Web RoomMe.id\Community Page\Community Registration\Dropdown Interest' is visible

2020-05-20 02:03:09 - [TEST_STEP][PASSED] - verifyElementVisible(findTestObject(obj)): Object 'Object Repository/Web RoomMe.id\Community Page\Community Registration\Image 2020 RoomMe All Right Reserved' is visible

2020-05-20 02:03:10 - [MESSAGE][PASSED] - Object 'Object Repository/Web RoomMe.id\Community Page\Community Registration\Image 2020 RoomMe All Right Reserved' is visible

2020-05-20 02:03:10 - [TEST_STEP][PASSED] - verifyElementVisible(findTestObject(obj)): Object 'Object Repository/Web RoomMe.id\Community Page\Community Registration\RadioButton Female' is visible

2020-05-20 02:03:10 - [MESSAGE][PASSED] - Object 'Object Repository/Web RoomMe.id\Community Page\Community Registration\RadioButton Female' is visible

2020-05-20 02:03:10 - [TEST_STEP][PASSED] - verifyElementVisible(findTestObject(obj)): Object 'Object Repository/Web RoomMe.id\Community Page\Community Registration\RadioButton Male' is visible

2020-05-20 02:03:11 - [MESSAGE][PASSED] - Object 'Object Repository/Web RoomMe.id\Community Page\Community Registration\RadioButton Male' is visible

2020-05-20 02:03:11 - [TEST_STEP][PASSED] - verifyElementVisible(findTestObject(obj)): Object 'Object Repository/Web RoomMe.id\Community Page\Community Registration\Text Birthdate' is visible

2020-05-20 02:03:11 - [MESSAGE][PASSED] - Object 'Object Repository/Web RoomMe.id\Community Page\Community Registration\Text Birthdate' is visible

2020-05-20 02:03:11 - [TEST_STEP][PASSED] - verifyElementVisible(findTestObject(obj)): Object 'Object Repository/Web RoomMe.id\Community Page\Community Registration\Text Community Registration' is visible

2020-05-20 02:03:11 - [MESSAGE][PASSED] - Object 'Object Repository/Web RoomMe.id\Community Page\Community Registration\Text Community Registration' is visible

2020-05-20 02:03:11 - [TEST_STEP][PASSED] - verifyElementVisible(findTestObject(obj)): Object 'Object Repository/Web RoomMe.id\Community Page\Community Registration\Text Email Address' is visible

2020-05-20 02:03:12 - [MESSAGE][PASSED] - Object 'Object Repository/Web RoomMe.id\Community Page\Community Registration\Text Email Address' is visible

2020-05-20 02:03:12 - [TEST_STEP][PASSED] - verifyElementVisible(findTestObject(obj)): Object 'Object Repository/Web RoomMe.id\Community Page\Community Registration\Text Full Name' is visible

2020-05-20 02:03:12 - [MESSAGE][PASSED] - Object 'Object Repository/Web RoomMe.id\Community Page\Community Registration\Text Full Name' is visible

2020-05-20 02:03:12 - [TEST_STEP][PASSED] - verifyElementVisible(findTestObject(obj)): Object 'Object Repository/Web RoomMe.id\Community Page\Community Registration\Text Gender' is visible

2020-05-20 02:03:12 - [MESSAGE][PASSED] - Object 'Object Repository/Web RoomMe.id\Community Page\Community Registration\Text Gender' is visible

2020-05-20 02:03:12 - [TEST_STEP][PASSED] - verifyElementVisible(findTestObject(obj)): Object 'Object Repository/Web RoomMe.id\Community Page\Community Registration\Text Interest' is visible

2020-05-20 02:03:13 - [MESSAGE][PASSED] - Object 'Object Repository/Web RoomMe.id\Community Page\Community Registration\Text Interest' is visible

2020-05-20 02:03:13 - [TEST_STEP][PASSED] - verifyElementVisible(findTestObject(obj)): Object 'Object Repository/Web RoomMe.id\Community Page\Community Registration\Text Mobile Number' is visible

2020-05-20 02:03:13 - [MESSAGE][PASSED] - Object 'Object Repository/Web RoomMe.id\Community Page\Community Registration\Text Mobile Number' is visible

2020-05-20 02:03:13 - [TEST_STEP][PASSED] - verifyElementVisible(findTestObject(obj)): Object 'Object Repository/Web RoomMe.id\Community Page\Community Registration\Text The minimum age allowed is 17 years' is visible

2020-05-20 02:03:14 - [MESSAGE][PASSED] - Object 'Object Repository/Web RoomMe.id\Community Page\Community Registration\Text The minimum age allowed is 17 years' is visible

2020-05-20 02:03:14 - [TEST_STEP][PASSED] - verifyElementVisible(findTestObject(obj)): Object 'Object Repository/Web RoomMe.id\Community Page\Community Registration\Textfield Email Address' is visible

2020-05-20 02:03:14 - [MESSAGE][PASSED] - Object 'Object Repository/Web RoomMe.id\Community Page\Community Registration\Textfield Email Address' is visible

2020-05-20 02:03:14 - [TEST_STEP][PASSED] - verifyElementVisible(findTestObject(obj)): Object 'Object Repository/Web RoomMe.id\Community Page\Community Registration\Textfield Full Name' is visible

2020-05-20 02:03:14 - [MESSAGE][PASSED] - Object 'Object Repository/Web RoomMe.id\Community Page\Community Registration\Textfield Full Name' is visible

2020-05-20 02:03:14 - [TEST_STEP][PASSED] - verifyElementVisible(findTestObject(obj)): Object 'Object Repository/Web RoomMe.id\Community Page\Community Registration\Textfield Mobile Number' is visible

2020-05-20 02:03:15 - [MESSAGE][PASSED] - Object 'Object Repository/Web RoomMe.id\Community Page\Community Registration\Textfield Mobile Number' is visible

2020-05-20 02:03:15 - [MESSAGE][PASSED] - Call Test Case 'Test Cases/Web RoomMe.id/20. Community Registration/1. Verify Registration Form' successfully

2020-05-20 02:03:15 - [TEST_STEP][PASSED] - waitForElementVisible(findTestObject("Web RoomMe.id/Community Page/Community Registration/Textfield Full Name"), 0): Object 'Object Repository/Web RoomMe.id/Community Page/Community Registration/Textfield Full Name' is visible

2020-05-20 02:03:15 - [MESSAGE][WARNING] - Timeout '0' is invalid. Using default page load timeout: '30'

2020-05-20 02:03:15 - [MESSAGE][PASSED] - Object 'Object Repository/Web RoomMe.id/Community Page/Community Registration/Textfield Full Name' is visible

2020-05-20 02:03:15 - [TEST_STEP][PASSED] - sendKeys(findTestObject("Web RoomMe.id/Community Page/Community Registration/Textfield Full Name"), "Faldi"): Keys 'Faldi' sent to object: 'Object Repository/Web RoomMe.id/Community Page/Community Registration/Textfield Full Name'

2020-05-20 02:03:16 - [MESSAGE][PASSED] - Keys 'Faldi' sent to object: 'Object Repository/Web RoomMe.id/Community Page/Community Registration/Textfield Full Name'

2020-05-20 02:03:16 - [TEST_STEP][PASSED] - click(findTestObject("Web RoomMe.id/Community Page/Community Registration/RadioButton Male")): Object: 'Object Repository/Web RoomMe.id/Community Page/Community Registration/RadioButton Male' is clicked on

2020-05-20 02:03:16 - [MESSAGE][PASSED] - Object: 'Object Repository/Web RoomMe.id/Community Page/Community Registration/RadioButton Male' is clicked on

2020-05-20 02:03:16 - [TEST_STEP][PASSED] - sendKeys(findTestObject("Web RoomMe.id/Community Page/Community Registration/Textfield Mobile Number"), "081234567890"): Keys '081234567890' sent to object: 'Object Repository/Web RoomMe.id/Community Page/Community Registration/Textfield Mobile Number'

2020-05-20 02:03:17 - [MESSAGE][PASSED] - Keys '081234567890' sent to object: 'Object Repository/Web RoomMe.id/Community Page/Community Registration/Textfield Mobile Number'

2020-05-20 02:03:17 - [TEST_STEP][PASSED] - click(findTestObject("Web RoomMe.id/Community Page/Community Registration/Birthdate Datepicker/Datepicker Birthdate_date (1)")): Object: 'Object Repository/Web RoomMe.id/Community Page/Community Registration/Birthdate Datepicker/Datepicker Birthdate_date (1)' is clicked on

2020-05-20 02:03:18 - [MESSAGE][PASSED] - Object: 'Object Repository/Web RoomMe.id/Community Page/Community Registration/Birthdate Datepicker/Datepicker Birthdate_date (1)' is clicked on

2020-05-20 02:03:18 - [TEST_STEP][PASSED] - click(findTestObject("Web RoomMe.id/Community Page/Community Registration/Birthdate Datepicker/Button Day 1")): Object: 'Object Repository/Web RoomMe.id/Community Page/Community Registration/Birthdate Datepicker/Button Day 1' is clicked on

2020-05-20 02:03:18 - [MESSAGE][PASSED] - Object: 'Object Repository/Web RoomMe.id/Community Page/Community Registration/Birthdate Datepicker/Button Day 1' is clicked on

2020-05-20 02:03:18 - [TEST_STEP][PASSED] - selectOptionByIndex(findTestObject("Web RoomMe.id/Community Page/Community Registration/Dropdown Interest"), "4"): All options with index in [4] are selected on object 'Object Repository/Web RoomMe.id/Community Page/Community Registration/Dropdown Interest'

2020-05-20 02:03:20 - [MESSAGE][PASSED] - All options with index in [4] are selected on object 'Object Repository/Web RoomMe.id/Community Page/Community Registration/Dropdown Interest'

2020-05-20 02:03:20 - [TEST_STEP][PASSED] - click(findTestObject("Web RoomMe.id/Community Page/Community Registration/Button Submit")): Object: 'Object Repository/Web RoomMe.id/Community Page/Community Registration/Button Submit' is clicked on

2020-05-20 02:03:20 - [MESSAGE][PASSED] - Object: 'Object Repository/Web RoomMe.id/Community Page/Community Registration/Button Submit' is clicked on

2020-05-20 02:03:20 - [TEST_STEP][PASSED] - waitForElementVisible(findTestObject("Web RoomMe.id/Community Page/Community Registration/Error Message/Text Email is required"), 0): Object 'Object Repository/Web RoomMe.id/Community Page/Community Registration/Error Message/Text Email is required' is visible

2020-05-20 02:03:20 - [MESSAGE][WARNING] - Timeout '0' is invalid. Using default page load timeout: '30'

2020-05-20 02:03:21 - [MESSAGE][PASSED] - Object 'Object Repository/Web RoomMe.id/Community Page/Community Registration/Error Message/Text Email is required' is visible

2020-05-20 02:03:21 - [TEST_STEP][PASSED] - sendKeys(findTestObject("Web RoomMe.id/Community Page/Community Registration/Textfield Email Address"), "ab"): Keys 'ab' sent to object: 'Object Repository/Web RoomMe.id/Community Page/Community Registration/Textfield Email Address'

2020-05-20 02:03:21 - [MESSAGE][PASSED] - Keys 'ab' sent to object: 'Object Repository/Web RoomMe.id/Community Page/Community Registration/Textfield Email Address'

2020-05-20 02:03:21 - [TEST_STEP][PASSED] - waitForElementVisible(findTestObject("Web RoomMe.id/Community Page/Community Registration/Error Message/Text Email is not valid"), 0): Object 'Object Repository/Web RoomMe.id/Community Page/Community Registration/Error Message/Text Email is not valid' is visible

2020-05-20 02:03:21 - [MESSAGE][WARNING] - Timeout '0' is invalid. Using default page load timeout: '30'

2020-05-20 02:03:22 - [MESSAGE][PASSED] - Object 'Object Repository/Web RoomMe.id/Community Page/Community Registration/Error Message/Text Email is not valid' is visible

2020-05-20 02:03:22 - [TEST_STEP][PASSED] - click(findTestObject("Web RoomMe.id/Community Page/Community Registration/Button Submit")): Object: 'Object Repository/Web RoomMe.id/Community Page/Community Registration/Button Submit' is clicked on

2020-05-20 02:03:23 - [MESSAGE][PASSED] - Object: 'Object Repository/Web RoomMe.id/Community Page/Community Registration/Button Submit' is clicked on

2020-05-20 02:03:23 - [TEST_STEP][PASSED] - sendKeys(findTestObject("Web RoomMe.id/Community Page/Community Registration/Textfield Email Address"), Keys.chord(CONTROL, "a", BACK_SPACE)): Keys 'CONTROL + BACK_SPACE + a' sent to object: 'Object Repository/Web RoomMe.id/Community Page/Community Registration/Textfield Email Address'

2020-05-20 02:03:23 - [MESSAGE][PASSED] - Keys 'CONTROL + BACK_SPACE + a' sent to object: 'Object Repository/Web RoomMe.id/Community Page/Community Registration/Textfield Email Address'

2020-05-20 02:03:23 - [TEST_STEP][PASSED] - sendKeys(findTestObject("Web RoomMe.id/Community Page/Community Registration/Textfield Email Address"), "123"): Keys '123' sent to object: 'Object Repository/Web RoomMe.id/Community Page/Community Registration/Textfield Email Address'

2020-05-20 02:03:23 - [MESSAGE][PASSED] - Keys '123' sent to object: 'Object Repository/Web RoomMe.id/Community Page/Community Registration/Textfield Email Address'

2020-05-20 02:03:23 - [TEST_STEP][PASSED] - waitForElementVisible(findTestObject("Web RoomMe.id/Community Page/Community Registration/Error Message/Text Email is not valid"), 0): Object 'Object Repository/Web RoomMe.id/Community Page/Community Registration/Error Message/Text Email is not valid' is visible

2020-05-20 02:03:24 - [MESSAGE][WARNING] - Timeout '0' is invalid. Using default page load timeout: '30'

2020-05-20 02:03:24 - [MESSAGE][PASSED] - Object 'Object Repository/Web RoomMe.id/Community Page/Community Registration/Error Message/Text Email is not valid' is visible

2020-05-20 02:03:24 - [TEST_STEP][PASSED] - click(findTestObject("Web RoomMe.id/Community Page/Community Registration/Button Submit")): Object: 'Object Repository/Web RoomMe.id/Community Page/Community Registration/Button Submit' is clicked on

2020-05-20 02:03:24 - [MESSAGE][PASSED] - Object: 'Object Repository/Web RoomMe.id/Community Page/Community Registration/Button Submit' is clicked on

2020-05-20 02:03:24 - [TEST_STEP][PASSED] - sendKeys(findTestObject("Web RoomMe.id/Community Page/Community Registration/Textfield Email Address"), Keys.chord(CONTROL, "a", BACK_SPACE)): Keys 'CONTROL + BACK_SPACE + a' sent to object: 'Object Repository/Web RoomMe.id/Community Page/Community Registration/Textfield Email Address'

2020-05-20 02:03:25 - [MESSAGE][PASSED] - Keys 'CONTROL + BACK_SPACE + a' sent to object: 'Object Repository/Web RoomMe.id/Community Page/Community Registration/Textfield Email Address'

2020-05-20 02:03:25 - [TEST_STEP][PASSED] - sendKeys(findTestObject("Web RoomMe.id/Community Page/Community Registration/Textfield Email Address"), "!@#$"): Keys '!@#$' sent to object: 'Object Repository/Web RoomMe.id/Community Page/Community Registration/Textfield Email Address'

2020-05-20 02:03:25 - [MESSAGE][PASSED] - Keys '!@#$' sent to object: 'Object Repository/Web RoomMe.id/Community Page/Community Registration/Textfield Email Address'

2020-05-20 02:03:25 - [TEST_STEP][PASSED] - waitForElementVisible(findTestObject("Web RoomMe.id/Community Page/Community Registration/Error Message/Text Email is not valid"), 0): Object 'Object Repository/Web RoomMe.id/Community Page/Community Registration/Error Message/Text Email is not valid' is visible

2020-05-20 02:03:25 - [MESSAGE][WARNING] - Timeout '0' is invalid. Using default page load timeout: '30'

2020-05-20 02:03:26 - [MESSAGE][PASSED] - Object 'Object Repository/Web RoomMe.id/Community Page/Community Registration/Error Message/Text Email is not valid' is visible

2020-05-20 02:03:26 - [TEST_STEP][PASSED] - click(findTestObject("Web RoomMe.id/Community Page/Community Registration/Button Submit")): Object: 'Object Repository/Web RoomMe.id/Community Page/Community Registration/Button Submit' is clicked on

2020-05-20 02:03:27 - [MESSAGE][PASSED] - Object: 'Object Repository/Web RoomMe.id/Community Page/Community Registration/Button Submit' is clicked on

2020-05-20 02:03:27 - [TEST_STEP][PASSED] - sendKeys(findTestObject("Web RoomMe.id/Community Page/Community Registration/Textfield Email Address"), Keys.chord(CONTROL, "a", BACK_SPACE)): Keys 'CONTROL + BACK_SPACE + a' sent to object: 'Object Repository/Web RoomMe.id/Community Page/Community Registration/Textfield Email Address'

2020-05-20 02:03:27 - [MESSAGE][PASSED] - Keys 'CONTROL + BACK_SPACE + a' sent to object: 'Object Repository/Web RoomMe.id/Community Page/Community Registration/Textfield Email Address'

2020-05-20 02:03:27 - [TEST_STEP][PASSED] - sendKeys(findTestObject("Web RoomMe.id/Community Page/Community Registration/Textfield Email Address"), "abcde12345abcde12345abcde12345abcde12345abcde12345as"): Keys 'abcde12345abcde12345abcde12345abcde12345abcde12345as' sent to object: 'Object Repository/Web RoomMe.id/Community Page/Community Registration/Textfield Email Address'

2020-05-20 02:03:28 - [MESSAGE][PASSED] - Keys 'abcde12345abcde12345abcde12345abcde12345abcde12345as' sent to object: 'Object Repository/Web RoomMe.id/Community Page/Community Registration/Textfield Email Address'

2020-05-20 02:03:28 - [TEST_STEP][PASSED] - waitForElementVisible(findTestObject("Web RoomMe.id/Community Page/Community Registration/Error Message/Text Email is not valid"), 0): Object 'Object Repository/Web RoomMe.id/Community Page/Community Registration/Error Message/Text Email is not valid' is visible

2020-05-20 02:03:28 - [MESSAGE][WARNING] - Timeout '0' is invalid. Using default page load timeout: '30'

2020-05-20 02:03:29 - [MESSAGE][PASSED] - Object 'Object Repository/Web RoomMe.id/Community Page/Community Registration/Error Message/Text Email is not valid' is visible

2020-05-20 02:03:29 - [TEST_STEP][PASSED] - click(findTestObject("Web RoomMe.id/Community Page/Community Registration/Button Submit")): Object: 'Object Repository/Web RoomMe.id/Community Page/Community Registration/Button Submit' is clicked on

2020-05-20 02:03:30 - [MESSAGE][PASSED] - Object: 'Object Repository/Web RoomMe.id/Community Page/Community Registration/Button Submit' is clicked on

2020-05-20 02:03:30 - [TEST_STEP][PASSED] - sendKeys(findTestObject("Web RoomMe.id/Community Page/Community Registration/Textfield Email Address"), Keys.chord(CONTROL, "a", BACK_SPACE)): Keys 'CONTROL + BACK_SPACE + a' sent to object: 'Object Repository/Web RoomMe.id/Community Page/Community Registration/Textfield Email Address'

2020-05-20 02:03:30 - [MESSAGE][PASSED] - Keys 'CONTROL + BACK_SPACE + a' sent to object: 'Object Repository/Web RoomMe.id/Community Page/Community Registration/Textfield Email Address'

2020-05-20 02:03:30 - [TEST_STEP][PASSED] - sendKeys(findTestObject("Web RoomMe.id/Community Page/Community Registration/Textfield Email Address"), "asdas@"): Keys 'asdas@' sent to object: 'Object Repository/Web RoomMe.id/Community Page/Community Registration/Textfield Email Address'

2020-05-20 02:03:31 - [MESSAGE][PASSED] - Keys 'asdas@' sent to object: 'Object Repository/Web RoomMe.id/Community Page/Community Registration/Textfield Email Address'

2020-05-20 02:03:31 - [TEST_STEP][PASSED] - waitForElementVisible(findTestObject("Web RoomMe.id/Community Page/Community Registration/Error Message/Text Email is not valid"), 0): Object 'Object Repository/Web RoomMe.id/Community Page/Community Registration/Error Message/Text Email is not valid' is visible

2020-05-20 02:03:31 - [MESSAGE][WARNING] - Timeout '0' is invalid. Using default page load timeout: '30'

2020-05-20 02:03:31 - [MESSAGE][PASSED] - Object 'Object Repository/Web RoomMe.id/Community Page/Community Registration/Error Message/Text Email is not valid' is visible

2020-05-20 02:03:31 - [TEST_STEP][PASSED] - click(findTestObject("Web RoomMe.id/Community Page/Community Registration/Button Submit")): Object: 'Object Repository/Web RoomMe.id/Community Page/Community Registration/Button Submit' is clicked on

2020-05-20 02:03:31 - [MESSAGE][PASSED] - Object: 'Object Repository/Web RoomMe.id/Community Page/Community Registration/Button Submit' is clicked on

2020-05-20 02:03:31 - [TEST_STEP][PASSED] - sendKeys(findTestObject("Web RoomMe.id/Community Page/Community Registration/Textfield Email Address"), Keys.chord(CONTROL, "a", BACK_SPACE)): Keys 'CONTROL + BACK_SPACE + a' sent to object: 'Object Repository/Web RoomMe.id/Community Page/Community Registration/Textfield Email Address'

2020-05-20 02:03:32 - [MESSAGE][PASSED] - Keys 'CONTROL + BACK_SPACE + a' sent to object: 'Object Repository/Web RoomMe.id/Community Page/Community Registration/Textfield Email Address'

2020-05-20 02:03:32 - [TEST_STEP][PASSED] - sendKeys(findTestObject("Web RoomMe.id/Community Page/Community Registration/Textfield Email Address"), "asdas@get"): Keys 'asdas@get' sent to object: 'Object Repository/Web RoomMe.id/Community Page/Community Registration/Textfield Email Address'

2020-05-20 02:03:32 - [MESSAGE][PASSED] - Keys 'asdas@get' sent to object: 'Object Repository/Web RoomMe.id/Community Page/Community Registration/Textfield Email Address'

2020-05-20 02:03:32 - [TEST_STEP][PASSED] - waitForElementVisible(findTestObject("Web RoomMe.id/Community Page/Community Registration/Error Message/Text Email is not valid"), 0): Object 'Object Repository/Web RoomMe.id/Community Page/Community Registration/Error Message/Text Email is not valid' is visible

2020-05-20 02:03:33 - [MESSAGE][WARNING] - Timeout '0' is invalid. Using default page load timeout: '30'

2020-05-20 02:03:33 - [MESSAGE][PASSED] - Object 'Object Repository/Web RoomMe.id/Community Page/Community Registration/Error Message/Text Email is not valid' is visible

2020-05-20 02:03:33 - [TEST_STEP][PASSED] - click(findTestObject("Web RoomMe.id/Community Page/Community Registration/Button Submit")): Object: 'Object Repository/Web RoomMe.id/Community Page/Community Registration/Button Submit' is clicked on

2020-05-20 02:03:34 - [MESSAGE][PASSED] - Object: 'Object Repository/Web RoomMe.id/Community Page/Community Registration/Button Submit' is clicked on

2020-05-20 02:03:34 - [TEST_STEP][PASSED] - sendKeys(findTestObject("Web RoomMe.id/Community Page/Community Registration/Textfield Email Address"), Keys.chord(CONTROL, "a", BACK_SPACE)): Keys 'CONTROL + BACK_SPACE + a' sent to object: 'Object Repository/Web RoomMe.id/Community Page/Community Registration/Textfield Email Address'

2020-05-20 02:03:34 - [MESSAGE][PASSED] - Keys 'CONTROL + BACK_SPACE + a' sent to object: 'Object Repository/Web RoomMe.id/Community Page/Community Registration/Textfield Email Address'

2020-05-20 02:03:34 - [TEST_STEP][PASSED] - sendKeys(findTestObject("Web RoomMe.id/Community Page/Community Registration/Textfield Email Address"), "asdas@get."): Keys 'asdas@get.' sent to object: 'Object Repository/Web RoomMe.id/Community Page/Community Registration/Textfield Email Address'

2020-05-20 02:03:35 - [MESSAGE][PASSED] - Keys 'asdas@get.' sent to object: 'Object Repository/Web RoomMe.id/Community Page/Community Registration/Textfield Email Address'

2020-05-20 02:03:35 - [TEST_STEP][PASSED] - waitForElementVisible(findTestObject("Web RoomMe.id/Community Page/Community Registration/Error Message/Text Email is not valid"), 0): Object 'Object Repository/Web RoomMe.id/Community Page/Community Registration/Error Message/Text Email is not valid' is visible

2020-05-20 02:03:35 - [MESSAGE][WARNING] - Timeout '0' is invalid. Using default page load timeout: '30'

2020-05-20 02:03:36 - [MESSAGE][PASSED] - Object 'Object Repository/Web RoomMe.id/Community Page/Community Registration/Error Message/Text Email is not valid' is visible

2020-05-20 02:03:36 - [TEST_STEP][PASSED] - click(findTestObject("Web RoomMe.id/Community Page/Community Registration/Button Submit")): Object: 'Object Repository/Web RoomMe.id/Community Page/Community Registration/Button Submit' is clicked on

2020-05-20 02:03:36 - [MESSAGE][PASSED] - Object: 'Object Repository/Web RoomMe.id/Community Page/Community Registration/Button Submit' is clicked on

2020-05-20 02:03:36 - [TEST_STEP][PASSED] - sendKeys(findTestObject("Web RoomMe.id/Community Page/Community Registration/Textfield Email Address"), Keys.chord(CONTROL, "a", BACK_SPACE)): Keys 'CONTROL + BACK_SPACE + a' sent to object: 'Object Repository/Web RoomMe.id/Community Page/Community Registration/Textfield Email Address'

2020-05-20 02:03:36 - [MESSAGE][PASSED] - Keys 'CONTROL + BACK_SPACE + a' sent to object: 'Object Repository/Web RoomMe.id/Community Page/Community Registration/Textfield Email Address'

2020-05-20 02:03:36 - [TEST_STEP][PASSED] - sendKeys(findTestObject("Web RoomMe.id/Community Page/Community Registration/Textfield Email Address"), "asdas@get.c"): Keys 'asdas@get.c' sent to object: 'Object Repository/Web RoomMe.id/Community Page/Community Registration/Textfield Email Address'

2020-05-20 02:03:37 - [MESSAGE][PASSED] - Keys 'asdas@get.c' sent to object: 'Object Repository/Web RoomMe.id/Community Page/Community Registration/Textfield Email Address'

2020-05-20 02:03:37 - [TEST_STEP][PASSED] - waitForElementVisible(findTestObject("Web RoomMe.id/Community Page/Community Registration/Error Message/Text Email is not valid"), 0): Object 'Object Repository/Web RoomMe.id/Community Page/Community Registration/Error Message/Text Email is not valid' is visible

2020-05-20 02:03:37 - [MESSAGE][WARNING] - Timeout '0' is invalid. Using default page load timeout: '30'

2020-05-20 02:03:38 - [MESSAGE][PASSED] - Object 'Object Repository/Web RoomMe.id/Community Page/Community Registration/Error Message/Text Email is not valid' is visible

2020-05-20 02:03:38 - [TEST_STEP][PASSED] - click(findTestObject("Web RoomMe.id/Community Page/Community Registration/Button Submit")): Object: 'Object Repository/Web RoomMe.id/Community Page/Community Registration/Button Submit' is clicked on

2020-05-20 02:03:38 - [MESSAGE][PASSED] - Object: 'Object Repository/Web RoomMe.id/Community Page/Community Registration/Button Submit' is clicked on

2020-05-20 02:03:38 - [TEST_STEP][PASSED] - waitForElementVisible(findTestObject("Web RoomMe.id/Community Page/Community Registration/Error Message/Text Email is not valid"), 0): Object 'Object Repository/Web RoomMe.id/Community Page/Community Registration/Error Message/Text Email is not valid' is visible

2020-05-20 02:03:38 - [MESSAGE][WARNING] - Timeout '0' is invalid. Using default page load timeout: '30'

2020-05-20 02:03:39 - [MESSAGE][PASSED] - Object 'Object Repository/Web RoomMe.id/Community Page/Community Registration/Error Message/Text Email is not valid' is visible]]></system-out>
         <system-err><![CDATA[]]></system-err>
      </testcase>
      <testcase name="Test Cases/Web RoomMe.id/20. Community Registration/12. Customer Register without Select Interest" time="29.677" classname="Test Cases/Web RoomMe.id/20. Community Registration/12. Customer Register without Select Interest" status="PASSED">
         <system-out><![CDATA[2020-05-20 02:03:39 - [TEST_CASE][PASSED] - Test Cases/Web RoomMe.id/20. Community Registration/12. Customer Register without Select Interest: Test Cases/Web RoomMe.id/20. Community Registration/12. Customer Register without Select Interest

2020-05-20 02:03:39 - [TEST_STEP][PASSED] - callTestCase(findTestCase("Web RoomMe.id/1. Homepage/1. Customer Access RoomMe Page"), [:], STOP_ON_FAILURE): Call Test Case 'Test Cases/Web RoomMe.id/1. Homepage/1. Customer Access RoomMe Page' successfully

2020-05-20 02:03:39 - [TEST_CASE][PASSED] - Test Cases/Web RoomMe.id/1. Homepage/1. Customer Access RoomMe Page: Test Cases/Web RoomMe.id/1. Homepage/1. Customer Access RoomMe Page

2020-05-20 02:03:39 - [TEST_STEP][PASSED] - openBrowser("https://web.roomme.id/"): Browser is opened with url: 'https://web.roomme.id/'

2020-05-20 02:03:39 - [MESSAGE][WARNING] - A browser is already opened. Closing browser and opening a new one

2020-05-20 02:03:40 - [MESSAGE][INFO] - Starting 'Chrome' driver

2020-05-20 02:03:46 - [MESSAGE][PASSED] - Browser is opened with url: 'https://web.roomme.id/'

2020-05-20 02:03:46 - [TEST_STEP][PASSED] - maximizeWindow(): Current window maximized

2020-05-20 02:03:49 - [MESSAGE][PASSED] - Current window maximized

2020-05-20 02:03:49 - [TEST_STEP][PASSED] - waitForPageLoad(0): Wait for page load successfully

2020-05-20 02:03:49 - [MESSAGE][WARNING] - Timeout '0' is invalid. Using default page load timeout: '30'

2020-05-20 02:03:49 - [MESSAGE][PASSED] - Wait for page load successfully

2020-05-20 02:03:49 - [MESSAGE][PASSED] - Call Test Case 'Test Cases/Web RoomMe.id/1. Homepage/1. Customer Access RoomMe Page' successfully

2020-05-20 02:03:49 - [TEST_STEP][PASSED] - waitForElementVisible(findTestObject("Web RoomMe.id/RoomMe.id Header/Button Community"), 30): Object 'Object Repository/Web RoomMe.id/RoomMe.id Header/Button Community' is visible

2020-05-20 02:03:49 - [MESSAGE][PASSED] - Object 'Object Repository/Web RoomMe.id/RoomMe.id Header/Button Community' is visible

2020-05-20 02:03:49 - [TEST_STEP][PASSED] - click(findTestObject("Web RoomMe.id/RoomMe.id Header/Button Community")): Object: 'Object Repository/Web RoomMe.id/RoomMe.id Header/Button Community' is clicked on

2020-05-20 02:03:52 - [MESSAGE][PASSED] - Object: 'Object Repository/Web RoomMe.id/RoomMe.id Header/Button Community' is clicked on

2020-05-20 02:03:52 - [TEST_STEP][PASSED] - waitForPageLoad(0): Wait for page load successfully

2020-05-20 02:03:52 - [MESSAGE][WARNING] - Timeout '0' is invalid. Using default page load timeout: '30'

2020-05-20 02:03:53 - [MESSAGE][PASSED] - Wait for page load successfully

2020-05-20 02:03:53 - [TEST_STEP][PASSED] - waitForElementVisible(findTestObject("Web RoomMe.id/Community Page/Welcome Video/Video Events RoomMe"), 0): Object 'Object Repository/Web RoomMe.id/Community Page/Welcome Video/Video Events RoomMe' is visible

2020-05-20 02:03:53 - [MESSAGE][WARNING] - Timeout '0' is invalid. Using default page load timeout: '30'

2020-05-20 02:03:54 - [MESSAGE][PASSED] - Object 'Object Repository/Web RoomMe.id/Community Page/Welcome Video/Video Events RoomMe' is visible

2020-05-20 02:03:54 - [TEST_STEP][PASSED] - waitForElementVisible(findTestObject("Web RoomMe.id/Community Page/Welcome Video/Text JOIN OUR COMMUNITY"), 0): Object 'Object Repository/Web RoomMe.id/Community Page/Welcome Video/Text JOIN OUR COMMUNITY' is visible

2020-05-20 02:03:54 - [MESSAGE][WARNING] - Timeout '0' is invalid. Using default page load timeout: '30'

2020-05-20 02:03:54 - [MESSAGE][PASSED] - Object 'Object Repository/Web RoomMe.id/Community Page/Welcome Video/Text JOIN OUR COMMUNITY' is visible

2020-05-20 02:03:54 - [TEST_STEP][PASSED] - waitForElementVisible(findTestObject("Web RoomMe.id/Community Page/Welcome Video/Text And enjoy the benefits and features"), 0): Object 'Object Repository/Web RoomMe.id/Community Page/Welcome Video/Text And enjoy the benefits and features' is visible

2020-05-20 02:03:54 - [MESSAGE][WARNING] - Timeout '0' is invalid. Using default page load timeout: '30'

2020-05-20 02:03:55 - [MESSAGE][PASSED] - Object 'Object Repository/Web RoomMe.id/Community Page/Welcome Video/Text And enjoy the benefits and features' is visible

2020-05-20 02:03:55 - [TEST_STEP][PASSED] - waitForElementVisible(findTestObject("Web RoomMe.id/Community Page/Welcome Video/Button Continue on the Form Registration"), 0): Object 'Object Repository/Web RoomMe.id/Community Page/Welcome Video/Button Continue on the Form Registration' is visible

2020-05-20 02:03:55 - [MESSAGE][WARNING] - Timeout '0' is invalid. Using default page load timeout: '30'

2020-05-20 02:03:55 - [MESSAGE][PASSED] - Object 'Object Repository/Web RoomMe.id/Community Page/Welcome Video/Button Continue on the Form Registration' is visible

2020-05-20 02:03:55 - [TEST_STEP][PASSED] - click(findTestObject("Web RoomMe.id/Community Page/Welcome Video/Button Continue on the Form Registration"), STOP_ON_FAILURE): Object: 'Object Repository/Web RoomMe.id/Community Page/Welcome Video/Button Continue on the Form Registration' is clicked on

2020-05-20 02:03:56 - [MESSAGE][PASSED] - Object: 'Object Repository/Web RoomMe.id/Community Page/Welcome Video/Button Continue on the Form Registration' is clicked on

2020-05-20 02:03:56 - [TEST_STEP][PASSED] - callTestCase(findTestCase("Web RoomMe.id/20. Community Registration/1. Verify Registration Form"), [:], STOP_ON_FAILURE): Call Test Case 'Test Cases/Web RoomMe.id/20. Community Registration/1. Verify Registration Form' successfully

2020-05-20 02:03:56 - [TEST_CASE][PASSED] - Test Cases/Web RoomMe.id/20. Community Registration/1. Verify Registration Form: Test Cases/Web RoomMe.id/20. Community Registration/1. Verify Registration Form

2020-05-20 02:03:56 - [TEST_STEP][PASSED] - objectSubFolder = "Web RoomMe.id\Community Page\Community Registration\": null

2020-05-20 02:03:56 - [TEST_STEP][PASSED] - pathToObjRep = getProjectDir() + "\Object Repository\" + objectSubFolder: null

2020-05-20 02:03:56 - [TEST_STEP][PASSED] - yourObjects = new java.io.File(pathToObjRep): null

2020-05-20 02:03:56 - [TEST_STEP][PASSED] - fileNames = yourObjects.list(): null

2020-05-20 02:03:56 - [TEST_STEP][PASSED] - testObjects = new java.util.ArrayList(): null

2020-05-20 02:03:56 - [TEST_STEP][PASSED] - for ([i = 0, i < length, (i++)]): null

2020-05-20 02:03:56 - [TEST_STEP][PASSED] - if (fileNames[i].contains(".rs")): null

2020-05-20 02:03:56 - [TEST_STEP][PASSED] - if (fileNames[i].contains(".rs")): null

2020-05-20 02:03:56 - [TEST_STEP][PASSED] - fileNames[i] = fileNames[i].replace(".rs", ""): null

2020-05-20 02:03:56 - [TEST_STEP][PASSED] - testObjects.add(objectSubFolder + fileNames[i]): null

2020-05-20 02:03:56 - [TEST_STEP][PASSED] - if (fileNames[i].contains(".rs")): null

2020-05-20 02:03:56 - [TEST_STEP][PASSED] - fileNames[i] = fileNames[i].replace(".rs", ""): null

2020-05-20 02:03:56 - [TEST_STEP][PASSED] - testObjects.add(objectSubFolder + fileNames[i]): null

2020-05-20 02:03:56 - [TEST_STEP][PASSED] - if (fileNames[i].contains(".rs")): null

2020-05-20 02:03:56 - [TEST_STEP][PASSED] - fileNames[i] = fileNames[i].replace(".rs", ""): null

2020-05-20 02:03:56 - [TEST_STEP][PASSED] - testObjects.add(objectSubFolder + fileNames[i]): null

2020-05-20 02:03:56 - [TEST_STEP][PASSED] - if (fileNames[i].contains(".rs")): null

2020-05-20 02:03:56 - [TEST_STEP][PASSED] - if (fileNames[i].contains(".rs")): null

2020-05-20 02:03:56 - [TEST_STEP][PASSED] - fileNames[i] = fileNames[i].replace(".rs", ""): null

2020-05-20 02:03:56 - [TEST_STEP][PASSED] - testObjects.add(objectSubFolder + fileNames[i]): null

2020-05-20 02:03:56 - [TEST_STEP][PASSED] - if (fileNames[i].contains(".rs")): null

2020-05-20 02:03:56 - [TEST_STEP][PASSED] - fileNames[i] = fileNames[i].replace(".rs", ""): null

2020-05-20 02:03:56 - [TEST_STEP][PASSED] - testObjects.add(objectSubFolder + fileNames[i]): null

2020-05-20 02:03:56 - [TEST_STEP][PASSED] - if (fileNames[i].contains(".rs")): null

2020-05-20 02:03:56 - [TEST_STEP][PASSED] - fileNames[i] = fileNames[i].replace(".rs", ""): null

2020-05-20 02:03:56 - [TEST_STEP][PASSED] - testObjects.add(objectSubFolder + fileNames[i]): null

2020-05-20 02:03:56 - [TEST_STEP][PASSED] - if (fileNames[i].contains(".rs")): null

2020-05-20 02:03:56 - [TEST_STEP][PASSED] - if (fileNames[i].contains(".rs")): null

2020-05-20 02:03:56 - [TEST_STEP][PASSED] - fileNames[i] = fileNames[i].replace(".rs", ""): null

2020-05-20 02:03:56 - [TEST_STEP][PASSED] - testObjects.add(objectSubFolder + fileNames[i]): null

2020-05-20 02:03:56 - [TEST_STEP][PASSED] - if (fileNames[i].contains(".rs")): null

2020-05-20 02:03:56 - [TEST_STEP][PASSED] - fileNames[i] = fileNames[i].replace(".rs", ""): null

2020-05-20 02:03:56 - [TEST_STEP][PASSED] - testObjects.add(objectSubFolder + fileNames[i]): null

2020-05-20 02:03:56 - [TEST_STEP][PASSED] - if (fileNames[i].contains(".rs")): null

2020-05-20 02:03:56 - [TEST_STEP][PASSED] - fileNames[i] = fileNames[i].replace(".rs", ""): null

2020-05-20 02:03:56 - [TEST_STEP][PASSED] - testObjects.add(objectSubFolder + fileNames[i]): null

2020-05-20 02:03:56 - [TEST_STEP][PASSED] - if (fileNames[i].contains(".rs")): null

2020-05-20 02:03:56 - [TEST_STEP][PASSED] - fileNames[i] = fileNames[i].replace(".rs", ""): null

2020-05-20 02:03:56 - [TEST_STEP][PASSED] - testObjects.add(objectSubFolder + fileNames[i]): null

2020-05-20 02:03:56 - [TEST_STEP][PASSED] - if (fileNames[i].contains(".rs")): null

2020-05-20 02:03:56 - [TEST_STEP][PASSED] - fileNames[i] = fileNames[i].replace(".rs", ""): null

2020-05-20 02:03:56 - [TEST_STEP][PASSED] - testObjects.add(objectSubFolder + fileNames[i]): null

2020-05-20 02:03:56 - [TEST_STEP][PASSED] - if (fileNames[i].contains(".rs")): null

2020-05-20 02:03:56 - [TEST_STEP][PASSED] - fileNames[i] = fileNames[i].replace(".rs", ""): null

2020-05-20 02:03:56 - [TEST_STEP][PASSED] - testObjects.add(objectSubFolder + fileNames[i]): null

2020-05-20 02:03:56 - [TEST_STEP][PASSED] - if (fileNames[i].contains(".rs")): null

2020-05-20 02:03:56 - [TEST_STEP][PASSED] - fileNames[i] = fileNames[i].replace(".rs", ""): null

2020-05-20 02:03:56 - [TEST_STEP][PASSED] - testObjects.add(objectSubFolder + fileNames[i]): null

2020-05-20 02:03:56 - [TEST_STEP][PASSED] - if (fileNames[i].contains(".rs")): null

2020-05-20 02:03:56 - [TEST_STEP][PASSED] - fileNames[i] = fileNames[i].replace(".rs", ""): null

2020-05-20 02:03:56 - [TEST_STEP][PASSED] - testObjects.add(objectSubFolder + fileNames[i]): null

2020-05-20 02:03:56 - [TEST_STEP][PASSED] - if (fileNames[i].contains(".rs")): null

2020-05-20 02:03:56 - [TEST_STEP][PASSED] - fileNames[i] = fileNames[i].replace(".rs", ""): null

2020-05-20 02:03:56 - [TEST_STEP][PASSED] - testObjects.add(objectSubFolder + fileNames[i]): null

2020-05-20 02:03:56 - [TEST_STEP][PASSED] - if (fileNames[i].contains(".rs")): null

2020-05-20 02:03:56 - [TEST_STEP][PASSED] - fileNames[i] = fileNames[i].replace(".rs", ""): null

2020-05-20 02:03:56 - [TEST_STEP][PASSED] - testObjects.add(objectSubFolder + fileNames[i]): null

2020-05-20 02:03:56 - [TEST_STEP][PASSED] - if (fileNames[i].contains(".rs")): null

2020-05-20 02:03:56 - [TEST_STEP][PASSED] - fileNames[i] = fileNames[i].replace(".rs", ""): null

2020-05-20 02:03:56 - [TEST_STEP][PASSED] - testObjects.add(objectSubFolder + fileNames[i]): null

2020-05-20 02:03:56 - [TEST_STEP][PASSED] - for (String obj : testObjects): Object 'Object Repository/Web RoomMe.id\Community Page\Community Registration\Textfield Mobile Number' is visible

2020-05-20 02:03:56 - [TEST_STEP][PASSED] - verifyElementVisible(findTestObject(obj)): Object 'Object Repository/Web RoomMe.id\Community Page\Community Registration\Button Submit' is visible

2020-05-20 02:03:57 - [MESSAGE][PASSED] - Object 'Object Repository/Web RoomMe.id\Community Page\Community Registration\Button Submit' is visible

2020-05-20 02:03:57 - [TEST_STEP][PASSED] - verifyElementVisible(findTestObject(obj)): Object 'Object Repository/Web RoomMe.id\Community Page\Community Registration\Dropdown Interest Default' is visible

2020-05-20 02:03:57 - [MESSAGE][PASSED] - Object 'Object Repository/Web RoomMe.id\Community Page\Community Registration\Dropdown Interest Default' is visible

2020-05-20 02:03:57 - [TEST_STEP][PASSED] - verifyElementVisible(findTestObject(obj)): Object 'Object Repository/Web RoomMe.id\Community Page\Community Registration\Dropdown Interest' is visible

2020-05-20 02:03:57 - [MESSAGE][PASSED] - Object 'Object Repository/Web RoomMe.id\Community Page\Community Registration\Dropdown Interest' is visible

2020-05-20 02:03:57 - [TEST_STEP][PASSED] - verifyElementVisible(findTestObject(obj)): Object 'Object Repository/Web RoomMe.id\Community Page\Community Registration\Image 2020 RoomMe All Right Reserved' is visible

2020-05-20 02:03:58 - [MESSAGE][PASSED] - Object 'Object Repository/Web RoomMe.id\Community Page\Community Registration\Image 2020 RoomMe All Right Reserved' is visible

2020-05-20 02:03:58 - [TEST_STEP][PASSED] - verifyElementVisible(findTestObject(obj)): Object 'Object Repository/Web RoomMe.id\Community Page\Community Registration\RadioButton Female' is visible

2020-05-20 02:03:58 - [MESSAGE][PASSED] - Object 'Object Repository/Web RoomMe.id\Community Page\Community Registration\RadioButton Female' is visible

2020-05-20 02:03:58 - [TEST_STEP][PASSED] - verifyElementVisible(findTestObject(obj)): Object 'Object Repository/Web RoomMe.id\Community Page\Community Registration\RadioButton Male' is visible

2020-05-20 02:03:58 - [MESSAGE][PASSED] - Object 'Object Repository/Web RoomMe.id\Community Page\Community Registration\RadioButton Male' is visible

2020-05-20 02:03:58 - [TEST_STEP][PASSED] - verifyElementVisible(findTestObject(obj)): Object 'Object Repository/Web RoomMe.id\Community Page\Community Registration\Text Birthdate' is visible

2020-05-20 02:03:59 - [MESSAGE][PASSED] - Object 'Object Repository/Web RoomMe.id\Community Page\Community Registration\Text Birthdate' is visible

2020-05-20 02:03:59 - [TEST_STEP][PASSED] - verifyElementVisible(findTestObject(obj)): Object 'Object Repository/Web RoomMe.id\Community Page\Community Registration\Text Community Registration' is visible

2020-05-20 02:03:59 - [MESSAGE][PASSED] - Object 'Object Repository/Web RoomMe.id\Community Page\Community Registration\Text Community Registration' is visible

2020-05-20 02:03:59 - [TEST_STEP][PASSED] - verifyElementVisible(findTestObject(obj)): Object 'Object Repository/Web RoomMe.id\Community Page\Community Registration\Text Email Address' is visible

2020-05-20 02:04:00 - [MESSAGE][PASSED] - Object 'Object Repository/Web RoomMe.id\Community Page\Community Registration\Text Email Address' is visible

2020-05-20 02:04:00 - [TEST_STEP][PASSED] - verifyElementVisible(findTestObject(obj)): Object 'Object Repository/Web RoomMe.id\Community Page\Community Registration\Text Full Name' is visible

2020-05-20 02:04:00 - [MESSAGE][PASSED] - Object 'Object Repository/Web RoomMe.id\Community Page\Community Registration\Text Full Name' is visible

2020-05-20 02:04:00 - [TEST_STEP][PASSED] - verifyElementVisible(findTestObject(obj)): Object 'Object Repository/Web RoomMe.id\Community Page\Community Registration\Text Gender' is visible

2020-05-20 02:04:00 - [MESSAGE][PASSED] - Object 'Object Repository/Web RoomMe.id\Community Page\Community Registration\Text Gender' is visible

2020-05-20 02:04:00 - [TEST_STEP][PASSED] - verifyElementVisible(findTestObject(obj)): Object 'Object Repository/Web RoomMe.id\Community Page\Community Registration\Text Interest' is visible

2020-05-20 02:04:01 - [MESSAGE][PASSED] - Object 'Object Repository/Web RoomMe.id\Community Page\Community Registration\Text Interest' is visible

2020-05-20 02:04:01 - [TEST_STEP][PASSED] - verifyElementVisible(findTestObject(obj)): Object 'Object Repository/Web RoomMe.id\Community Page\Community Registration\Text Mobile Number' is visible

2020-05-20 02:04:01 - [MESSAGE][PASSED] - Object 'Object Repository/Web RoomMe.id\Community Page\Community Registration\Text Mobile Number' is visible

2020-05-20 02:04:01 - [TEST_STEP][PASSED] - verifyElementVisible(findTestObject(obj)): Object 'Object Repository/Web RoomMe.id\Community Page\Community Registration\Text The minimum age allowed is 17 years' is visible

2020-05-20 02:04:01 - [MESSAGE][PASSED] - Object 'Object Repository/Web RoomMe.id\Community Page\Community Registration\Text The minimum age allowed is 17 years' is visible

2020-05-20 02:04:01 - [TEST_STEP][PASSED] - verifyElementVisible(findTestObject(obj)): Object 'Object Repository/Web RoomMe.id\Community Page\Community Registration\Textfield Email Address' is visible

2020-05-20 02:04:02 - [MESSAGE][PASSED] - Object 'Object Repository/Web RoomMe.id\Community Page\Community Registration\Textfield Email Address' is visible

2020-05-20 02:04:02 - [TEST_STEP][PASSED] - verifyElementVisible(findTestObject(obj)): Object 'Object Repository/Web RoomMe.id\Community Page\Community Registration\Textfield Full Name' is visible

2020-05-20 02:04:02 - [MESSAGE][PASSED] - Object 'Object Repository/Web RoomMe.id\Community Page\Community Registration\Textfield Full Name' is visible

2020-05-20 02:04:02 - [TEST_STEP][PASSED] - verifyElementVisible(findTestObject(obj)): Object 'Object Repository/Web RoomMe.id\Community Page\Community Registration\Textfield Mobile Number' is visible

2020-05-20 02:04:02 - [MESSAGE][PASSED] - Object 'Object Repository/Web RoomMe.id\Community Page\Community Registration\Textfield Mobile Number' is visible

2020-05-20 02:04:02 - [MESSAGE][PASSED] - Call Test Case 'Test Cases/Web RoomMe.id/20. Community Registration/1. Verify Registration Form' successfully

2020-05-20 02:04:02 - [TEST_STEP][PASSED] - waitForElementVisible(findTestObject("Web RoomMe.id/Community Page/Community Registration/Textfield Full Name"), 0): Object 'Object Repository/Web RoomMe.id/Community Page/Community Registration/Textfield Full Name' is visible

2020-05-20 02:04:02 - [MESSAGE][WARNING] - Timeout '0' is invalid. Using default page load timeout: '30'

2020-05-20 02:04:03 - [MESSAGE][PASSED] - Object 'Object Repository/Web RoomMe.id/Community Page/Community Registration/Textfield Full Name' is visible

2020-05-20 02:04:03 - [TEST_STEP][PASSED] - sendKeys(findTestObject("Web RoomMe.id/Community Page/Community Registration/Textfield Full Name"), "Faldi AT"): Keys 'Faldi AT' sent to object: 'Object Repository/Web RoomMe.id/Community Page/Community Registration/Textfield Full Name'

2020-05-20 02:04:03 - [MESSAGE][PASSED] - Keys 'Faldi AT' sent to object: 'Object Repository/Web RoomMe.id/Community Page/Community Registration/Textfield Full Name'

2020-05-20 02:04:03 - [TEST_STEP][PASSED] - click(findTestObject("Web RoomMe.id/Community Page/Community Registration/RadioButton Male")): Object: 'Object Repository/Web RoomMe.id/Community Page/Community Registration/RadioButton Male' is clicked on

2020-05-20 02:04:04 - [MESSAGE][PASSED] - Object: 'Object Repository/Web RoomMe.id/Community Page/Community Registration/RadioButton Male' is clicked on

2020-05-20 02:04:04 - [TEST_STEP][PASSED] - click(findTestObject("Web RoomMe.id/Community Page/Community Registration/Birthdate Datepicker/Datepicker Birthdate_date (1)")): Object: 'Object Repository/Web RoomMe.id/Community Page/Community Registration/Birthdate Datepicker/Datepicker Birthdate_date (1)' is clicked on

2020-05-20 02:04:05 - [MESSAGE][PASSED] - Object: 'Object Repository/Web RoomMe.id/Community Page/Community Registration/Birthdate Datepicker/Datepicker Birthdate_date (1)' is clicked on

2020-05-20 02:04:05 - [TEST_STEP][PASSED] - click(findTestObject("Web RoomMe.id/Community Page/Community Registration/Birthdate Datepicker/Button Day 1")): Object: 'Object Repository/Web RoomMe.id/Community Page/Community Registration/Birthdate Datepicker/Button Day 1' is clicked on

2020-05-20 02:04:05 - [MESSAGE][PASSED] - Object: 'Object Repository/Web RoomMe.id/Community Page/Community Registration/Birthdate Datepicker/Button Day 1' is clicked on

2020-05-20 02:04:05 - [TEST_STEP][PASSED] - sendKeys(findTestObject("Web RoomMe.id/Community Page/Community Registration/Textfield Mobile Number"), "081234567890"): Keys '081234567890' sent to object: 'Object Repository/Web RoomMe.id/Community Page/Community Registration/Textfield Mobile Number'

2020-05-20 02:04:06 - [MESSAGE][PASSED] - Keys '081234567890' sent to object: 'Object Repository/Web RoomMe.id/Community Page/Community Registration/Textfield Mobile Number'

2020-05-20 02:04:06 - [TEST_STEP][PASSED] - sendKeys(findTestObject("Web RoomMe.id/Community Page/Community Registration/Textfield Email Address"), "faldiat" + RandomStringUtils.randomNumeric(5)): Keys 'faldiat99187' sent to object: 'Object Repository/Web RoomMe.id/Community Page/Community Registration/Textfield Email Address'

2020-05-20 02:04:07 - [MESSAGE][PASSED] - Keys 'faldiat99187' sent to object: 'Object Repository/Web RoomMe.id/Community Page/Community Registration/Textfield Email Address'

2020-05-20 02:04:07 - [TEST_STEP][PASSED] - sendKeys(findTestObject("Web RoomMe.id/Community Page/Community Registration/Textfield Email Address"), "@gmail.com"): Keys '@gmail.com' sent to object: 'Object Repository/Web RoomMe.id/Community Page/Community Registration/Textfield Email Address'

2020-05-20 02:04:07 - [MESSAGE][PASSED] - Keys '@gmail.com' sent to object: 'Object Repository/Web RoomMe.id/Community Page/Community Registration/Textfield Email Address'

2020-05-20 02:04:07 - [TEST_STEP][PASSED] - click(findTestObject("Web RoomMe.id/Community Page/Community Registration/Button Submit")): Object: 'Object Repository/Web RoomMe.id/Community Page/Community Registration/Button Submit' is clicked on

2020-05-20 02:04:08 - [MESSAGE][PASSED] - Object: 'Object Repository/Web RoomMe.id/Community Page/Community Registration/Button Submit' is clicked on

2020-05-20 02:04:08 - [TEST_STEP][PASSED] - waitForElementVisible(findTestObject("Web RoomMe.id/Community Page/Community Registration/Error Message/Text Interest is required"), 0): Object 'Object Repository/Web RoomMe.id/Community Page/Community Registration/Error Message/Text Interest is required' is visible

2020-05-20 02:04:08 - [MESSAGE][WARNING] - Timeout '0' is invalid. Using default page load timeout: '30'

2020-05-20 02:04:08 - [MESSAGE][PASSED] - Object 'Object Repository/Web RoomMe.id/Community Page/Community Registration/Error Message/Text Interest is required' is visible]]></system-out>
         <system-err><![CDATA[]]></system-err>
      </testcase>
      <testcase name="Test Cases/Web RoomMe.id/20. Community Registration/2. Customer Register with valid data" time="34.044" classname="Test Cases/Web RoomMe.id/20. Community Registration/2. Customer Register with valid data" status="PASSED">
         <system-out><![CDATA[2020-05-20 02:04:08 - [TEST_CASE][PASSED] - Test Cases/Web RoomMe.id/20. Community Registration/2. Customer Register with valid data: Test Cases/Web RoomMe.id/20. Community Registration/2. Customer Register with valid data

2020-05-20 02:04:09 - [TEST_STEP][PASSED] - callTestCase(findTestCase("Web RoomMe.id/1. Homepage/1. Customer Access RoomMe Page"), [:], STOP_ON_FAILURE): Call Test Case 'Test Cases/Web RoomMe.id/1. Homepage/1. Customer Access RoomMe Page' successfully

2020-05-20 02:04:09 - [TEST_CASE][PASSED] - Test Cases/Web RoomMe.id/1. Homepage/1. Customer Access RoomMe Page: Test Cases/Web RoomMe.id/1. Homepage/1. Customer Access RoomMe Page

2020-05-20 02:04:09 - [TEST_STEP][PASSED] - openBrowser("https://web.roomme.id/"): Browser is opened with url: 'https://web.roomme.id/'

2020-05-20 02:04:09 - [MESSAGE][WARNING] - A browser is already opened. Closing browser and opening a new one

2020-05-20 02:04:09 - [MESSAGE][INFO] - Starting 'Chrome' driver

2020-05-20 02:04:18 - [MESSAGE][PASSED] - Browser is opened with url: 'https://web.roomme.id/'

2020-05-20 02:04:18 - [TEST_STEP][PASSED] - maximizeWindow(): Current window maximized

2020-05-20 02:04:20 - [MESSAGE][PASSED] - Current window maximized

2020-05-20 02:04:20 - [TEST_STEP][PASSED] - waitForPageLoad(0): Wait for page load successfully

2020-05-20 02:04:20 - [MESSAGE][WARNING] - Timeout '0' is invalid. Using default page load timeout: '30'

2020-05-20 02:04:20 - [MESSAGE][PASSED] - Wait for page load successfully

2020-05-20 02:04:20 - [MESSAGE][PASSED] - Call Test Case 'Test Cases/Web RoomMe.id/1. Homepage/1. Customer Access RoomMe Page' successfully

2020-05-20 02:04:20 - [TEST_STEP][PASSED] - waitForElementVisible(findTestObject("Web RoomMe.id/RoomMe.id Header/Button Community"), 30): Object 'Object Repository/Web RoomMe.id/RoomMe.id Header/Button Community' is visible

2020-05-20 02:04:21 - [MESSAGE][PASSED] - Object 'Object Repository/Web RoomMe.id/RoomMe.id Header/Button Community' is visible

2020-05-20 02:04:21 - [TEST_STEP][PASSED] - click(findTestObject("Web RoomMe.id/RoomMe.id Header/Button Community")): Object: 'Object Repository/Web RoomMe.id/RoomMe.id Header/Button Community' is clicked on

2020-05-20 02:04:23 - [MESSAGE][PASSED] - Object: 'Object Repository/Web RoomMe.id/RoomMe.id Header/Button Community' is clicked on

2020-05-20 02:04:23 - [TEST_STEP][PASSED] - waitForPageLoad(0): Wait for page load successfully

2020-05-20 02:04:23 - [MESSAGE][WARNING] - Timeout '0' is invalid. Using default page load timeout: '30'

2020-05-20 02:04:25 - [MESSAGE][PASSED] - Wait for page load successfully

2020-05-20 02:04:25 - [TEST_STEP][PASSED] - waitForElementVisible(findTestObject("Web RoomMe.id/Community Page/Welcome Video/Video Events RoomMe"), 0): Object 'Object Repository/Web RoomMe.id/Community Page/Welcome Video/Video Events RoomMe' is visible

2020-05-20 02:04:25 - [MESSAGE][WARNING] - Timeout '0' is invalid. Using default page load timeout: '30'

2020-05-20 02:04:25 - [MESSAGE][PASSED] - Object 'Object Repository/Web RoomMe.id/Community Page/Welcome Video/Video Events RoomMe' is visible

2020-05-20 02:04:25 - [TEST_STEP][PASSED] - waitForElementVisible(findTestObject("Web RoomMe.id/Community Page/Welcome Video/Text JOIN OUR COMMUNITY"), 0): Object 'Object Repository/Web RoomMe.id/Community Page/Welcome Video/Text JOIN OUR COMMUNITY' is visible

2020-05-20 02:04:25 - [MESSAGE][WARNING] - Timeout '0' is invalid. Using default page load timeout: '30'

2020-05-20 02:04:25 - [MESSAGE][PASSED] - Object 'Object Repository/Web RoomMe.id/Community Page/Welcome Video/Text JOIN OUR COMMUNITY' is visible

2020-05-20 02:04:25 - [TEST_STEP][PASSED] - waitForElementVisible(findTestObject("Web RoomMe.id/Community Page/Welcome Video/Text And enjoy the benefits and features"), 0): Object 'Object Repository/Web RoomMe.id/Community Page/Welcome Video/Text And enjoy the benefits and features' is visible

2020-05-20 02:04:25 - [MESSAGE][WARNING] - Timeout '0' is invalid. Using default page load timeout: '30'

2020-05-20 02:04:26 - [MESSAGE][PASSED] - Object 'Object Repository/Web RoomMe.id/Community Page/Welcome Video/Text And enjoy the benefits and features' is visible

2020-05-20 02:04:26 - [TEST_STEP][PASSED] - waitForElementVisible(findTestObject("Web RoomMe.id/Community Page/Welcome Video/Button Continue on the Form Registration"), 0): Object 'Object Repository/Web RoomMe.id/Community Page/Welcome Video/Button Continue on the Form Registration' is visible

2020-05-20 02:04:26 - [MESSAGE][WARNING] - Timeout '0' is invalid. Using default page load timeout: '30'

2020-05-20 02:04:26 - [MESSAGE][PASSED] - Object 'Object Repository/Web RoomMe.id/Community Page/Welcome Video/Button Continue on the Form Registration' is visible

2020-05-20 02:04:26 - [TEST_STEP][PASSED] - click(findTestObject("Web RoomMe.id/Community Page/Welcome Video/Button Continue on the Form Registration"), STOP_ON_FAILURE): Object: 'Object Repository/Web RoomMe.id/Community Page/Welcome Video/Button Continue on the Form Registration' is clicked on

2020-05-20 02:04:27 - [MESSAGE][PASSED] - Object: 'Object Repository/Web RoomMe.id/Community Page/Welcome Video/Button Continue on the Form Registration' is clicked on

2020-05-20 02:04:27 - [TEST_STEP][PASSED] - callTestCase(findTestCase("Web RoomMe.id/20. Community Registration/1. Verify Registration Form"), [:], STOP_ON_FAILURE): Call Test Case 'Test Cases/Web RoomMe.id/20. Community Registration/1. Verify Registration Form' successfully

2020-05-20 02:04:27 - [TEST_CASE][PASSED] - Test Cases/Web RoomMe.id/20. Community Registration/1. Verify Registration Form: Test Cases/Web RoomMe.id/20. Community Registration/1. Verify Registration Form

2020-05-20 02:04:27 - [TEST_STEP][PASSED] - objectSubFolder = "Web RoomMe.id\Community Page\Community Registration\": null

2020-05-20 02:04:27 - [TEST_STEP][PASSED] - pathToObjRep = getProjectDir() + "\Object Repository\" + objectSubFolder: null

2020-05-20 02:04:27 - [TEST_STEP][PASSED] - yourObjects = new java.io.File(pathToObjRep): null

2020-05-20 02:04:27 - [TEST_STEP][PASSED] - fileNames = yourObjects.list(): null

2020-05-20 02:04:27 - [TEST_STEP][PASSED] - testObjects = new java.util.ArrayList(): null

2020-05-20 02:04:27 - [TEST_STEP][PASSED] - for ([i = 0, i < length, (i++)]): null

2020-05-20 02:04:27 - [TEST_STEP][PASSED] - if (fileNames[i].contains(".rs")): null

2020-05-20 02:04:27 - [TEST_STEP][PASSED] - if (fileNames[i].contains(".rs")): null

2020-05-20 02:04:27 - [TEST_STEP][PASSED] - fileNames[i] = fileNames[i].replace(".rs", ""): null

2020-05-20 02:04:27 - [TEST_STEP][PASSED] - testObjects.add(objectSubFolder + fileNames[i]): null

2020-05-20 02:04:27 - [TEST_STEP][PASSED] - if (fileNames[i].contains(".rs")): null

2020-05-20 02:04:27 - [TEST_STEP][PASSED] - fileNames[i] = fileNames[i].replace(".rs", ""): null

2020-05-20 02:04:27 - [TEST_STEP][PASSED] - testObjects.add(objectSubFolder + fileNames[i]): null

2020-05-20 02:04:27 - [TEST_STEP][PASSED] - if (fileNames[i].contains(".rs")): null

2020-05-20 02:04:27 - [TEST_STEP][PASSED] - fileNames[i] = fileNames[i].replace(".rs", ""): null

2020-05-20 02:04:27 - [TEST_STEP][PASSED] - testObjects.add(objectSubFolder + fileNames[i]): null

2020-05-20 02:04:27 - [TEST_STEP][PASSED] - if (fileNames[i].contains(".rs")): null

2020-05-20 02:04:27 - [TEST_STEP][PASSED] - if (fileNames[i].contains(".rs")): null

2020-05-20 02:04:27 - [TEST_STEP][PASSED] - fileNames[i] = fileNames[i].replace(".rs", ""): null

2020-05-20 02:04:27 - [TEST_STEP][PASSED] - testObjects.add(objectSubFolder + fileNames[i]): null

2020-05-20 02:04:27 - [TEST_STEP][PASSED] - if (fileNames[i].contains(".rs")): null

2020-05-20 02:04:27 - [TEST_STEP][PASSED] - fileNames[i] = fileNames[i].replace(".rs", ""): null

2020-05-20 02:04:27 - [TEST_STEP][PASSED] - testObjects.add(objectSubFolder + fileNames[i]): null

2020-05-20 02:04:27 - [TEST_STEP][PASSED] - if (fileNames[i].contains(".rs")): null

2020-05-20 02:04:27 - [TEST_STEP][PASSED] - fileNames[i] = fileNames[i].replace(".rs", ""): null

2020-05-20 02:04:27 - [TEST_STEP][PASSED] - testObjects.add(objectSubFolder + fileNames[i]): null

2020-05-20 02:04:27 - [TEST_STEP][PASSED] - if (fileNames[i].contains(".rs")): null

2020-05-20 02:04:27 - [TEST_STEP][PASSED] - if (fileNames[i].contains(".rs")): null

2020-05-20 02:04:27 - [TEST_STEP][PASSED] - fileNames[i] = fileNames[i].replace(".rs", ""): null

2020-05-20 02:04:27 - [TEST_STEP][PASSED] - testObjects.add(objectSubFolder + fileNames[i]): null

2020-05-20 02:04:27 - [TEST_STEP][PASSED] - if (fileNames[i].contains(".rs")): null

2020-05-20 02:04:27 - [TEST_STEP][PASSED] - fileNames[i] = fileNames[i].replace(".rs", ""): null

2020-05-20 02:04:27 - [TEST_STEP][PASSED] - testObjects.add(objectSubFolder + fileNames[i]): null

2020-05-20 02:04:27 - [TEST_STEP][PASSED] - if (fileNames[i].contains(".rs")): null

2020-05-20 02:04:27 - [TEST_STEP][PASSED] - fileNames[i] = fileNames[i].replace(".rs", ""): null

2020-05-20 02:04:27 - [TEST_STEP][PASSED] - testObjects.add(objectSubFolder + fileNames[i]): null

2020-05-20 02:04:27 - [TEST_STEP][PASSED] - if (fileNames[i].contains(".rs")): null

2020-05-20 02:04:27 - [TEST_STEP][PASSED] - fileNames[i] = fileNames[i].replace(".rs", ""): null

2020-05-20 02:04:27 - [TEST_STEP][PASSED] - testObjects.add(objectSubFolder + fileNames[i]): null

2020-05-20 02:04:27 - [TEST_STEP][PASSED] - if (fileNames[i].contains(".rs")): null

2020-05-20 02:04:27 - [TEST_STEP][PASSED] - fileNames[i] = fileNames[i].replace(".rs", ""): null

2020-05-20 02:04:27 - [TEST_STEP][PASSED] - testObjects.add(objectSubFolder + fileNames[i]): null

2020-05-20 02:04:27 - [TEST_STEP][PASSED] - if (fileNames[i].contains(".rs")): null

2020-05-20 02:04:27 - [TEST_STEP][PASSED] - fileNames[i] = fileNames[i].replace(".rs", ""): null

2020-05-20 02:04:27 - [TEST_STEP][PASSED] - testObjects.add(objectSubFolder + fileNames[i]): null

2020-05-20 02:04:27 - [TEST_STEP][PASSED] - if (fileNames[i].contains(".rs")): null

2020-05-20 02:04:27 - [TEST_STEP][PASSED] - fileNames[i] = fileNames[i].replace(".rs", ""): null

2020-05-20 02:04:27 - [TEST_STEP][PASSED] - testObjects.add(objectSubFolder + fileNames[i]): null

2020-05-20 02:04:27 - [TEST_STEP][PASSED] - if (fileNames[i].contains(".rs")): null

2020-05-20 02:04:27 - [TEST_STEP][PASSED] - fileNames[i] = fileNames[i].replace(".rs", ""): null

2020-05-20 02:04:27 - [TEST_STEP][PASSED] - testObjects.add(objectSubFolder + fileNames[i]): null

2020-05-20 02:04:27 - [TEST_STEP][PASSED] - if (fileNames[i].contains(".rs")): null

2020-05-20 02:04:27 - [TEST_STEP][PASSED] - fileNames[i] = fileNames[i].replace(".rs", ""): null

2020-05-20 02:04:27 - [TEST_STEP][PASSED] - testObjects.add(objectSubFolder + fileNames[i]): null

2020-05-20 02:04:27 - [TEST_STEP][PASSED] - if (fileNames[i].contains(".rs")): null

2020-05-20 02:04:27 - [TEST_STEP][PASSED] - fileNames[i] = fileNames[i].replace(".rs", ""): null

2020-05-20 02:04:27 - [TEST_STEP][PASSED] - testObjects.add(objectSubFolder + fileNames[i]): null

2020-05-20 02:04:27 - [TEST_STEP][PASSED] - if (fileNames[i].contains(".rs")): null

2020-05-20 02:04:27 - [TEST_STEP][PASSED] - fileNames[i] = fileNames[i].replace(".rs", ""): null

2020-05-20 02:04:27 - [TEST_STEP][PASSED] - testObjects.add(objectSubFolder + fileNames[i]): null

2020-05-20 02:04:27 - [TEST_STEP][PASSED] - for (String obj : testObjects): Object 'Object Repository/Web RoomMe.id\Community Page\Community Registration\Textfield Mobile Number' is visible

2020-05-20 02:04:27 - [TEST_STEP][PASSED] - verifyElementVisible(findTestObject(obj)): Object 'Object Repository/Web RoomMe.id\Community Page\Community Registration\Button Submit' is visible

2020-05-20 02:04:27 - [MESSAGE][PASSED] - Object 'Object Repository/Web RoomMe.id\Community Page\Community Registration\Button Submit' is visible

2020-05-20 02:04:27 - [TEST_STEP][PASSED] - verifyElementVisible(findTestObject(obj)): Object 'Object Repository/Web RoomMe.id\Community Page\Community Registration\Dropdown Interest Default' is visible

2020-05-20 02:04:28 - [MESSAGE][PASSED] - Object 'Object Repository/Web RoomMe.id\Community Page\Community Registration\Dropdown Interest Default' is visible

2020-05-20 02:04:28 - [TEST_STEP][PASSED] - verifyElementVisible(findTestObject(obj)): Object 'Object Repository/Web RoomMe.id\Community Page\Community Registration\Dropdown Interest' is visible

2020-05-20 02:04:28 - [MESSAGE][PASSED] - Object 'Object Repository/Web RoomMe.id\Community Page\Community Registration\Dropdown Interest' is visible

2020-05-20 02:04:28 - [TEST_STEP][PASSED] - verifyElementVisible(findTestObject(obj)): Object 'Object Repository/Web RoomMe.id\Community Page\Community Registration\Image 2020 RoomMe All Right Reserved' is visible

2020-05-20 02:04:29 - [MESSAGE][PASSED] - Object 'Object Repository/Web RoomMe.id\Community Page\Community Registration\Image 2020 RoomMe All Right Reserved' is visible

2020-05-20 02:04:29 - [TEST_STEP][PASSED] - verifyElementVisible(findTestObject(obj)): Object 'Object Repository/Web RoomMe.id\Community Page\Community Registration\RadioButton Female' is visible

2020-05-20 02:04:29 - [MESSAGE][PASSED] - Object 'Object Repository/Web RoomMe.id\Community Page\Community Registration\RadioButton Female' is visible

2020-05-20 02:04:29 - [TEST_STEP][PASSED] - verifyElementVisible(findTestObject(obj)): Object 'Object Repository/Web RoomMe.id\Community Page\Community Registration\RadioButton Male' is visible

2020-05-20 02:04:29 - [MESSAGE][PASSED] - Object 'Object Repository/Web RoomMe.id\Community Page\Community Registration\RadioButton Male' is visible

2020-05-20 02:04:29 - [TEST_STEP][PASSED] - verifyElementVisible(findTestObject(obj)): Object 'Object Repository/Web RoomMe.id\Community Page\Community Registration\Text Birthdate' is visible

2020-05-20 02:04:30 - [MESSAGE][PASSED] - Object 'Object Repository/Web RoomMe.id\Community Page\Community Registration\Text Birthdate' is visible

2020-05-20 02:04:30 - [TEST_STEP][PASSED] - verifyElementVisible(findTestObject(obj)): Object 'Object Repository/Web RoomMe.id\Community Page\Community Registration\Text Community Registration' is visible

2020-05-20 02:04:30 - [MESSAGE][PASSED] - Object 'Object Repository/Web RoomMe.id\Community Page\Community Registration\Text Community Registration' is visible

2020-05-20 02:04:30 - [TEST_STEP][PASSED] - verifyElementVisible(findTestObject(obj)): Object 'Object Repository/Web RoomMe.id\Community Page\Community Registration\Text Email Address' is visible

2020-05-20 02:04:30 - [MESSAGE][PASSED] - Object 'Object Repository/Web RoomMe.id\Community Page\Community Registration\Text Email Address' is visible

2020-05-20 02:04:30 - [TEST_STEP][PASSED] - verifyElementVisible(findTestObject(obj)): Object 'Object Repository/Web RoomMe.id\Community Page\Community Registration\Text Full Name' is visible

2020-05-20 02:04:31 - [MESSAGE][PASSED] - Object 'Object Repository/Web RoomMe.id\Community Page\Community Registration\Text Full Name' is visible

2020-05-20 02:04:31 - [TEST_STEP][PASSED] - verifyElementVisible(findTestObject(obj)): Object 'Object Repository/Web RoomMe.id\Community Page\Community Registration\Text Gender' is visible

2020-05-20 02:04:31 - [MESSAGE][PASSED] - Object 'Object Repository/Web RoomMe.id\Community Page\Community Registration\Text Gender' is visible

2020-05-20 02:04:31 - [TEST_STEP][PASSED] - verifyElementVisible(findTestObject(obj)): Object 'Object Repository/Web RoomMe.id\Community Page\Community Registration\Text Interest' is visible

2020-05-20 02:04:32 - [MESSAGE][PASSED] - Object 'Object Repository/Web RoomMe.id\Community Page\Community Registration\Text Interest' is visible

2020-05-20 02:04:32 - [TEST_STEP][PASSED] - verifyElementVisible(findTestObject(obj)): Object 'Object Repository/Web RoomMe.id\Community Page\Community Registration\Text Mobile Number' is visible

2020-05-20 02:04:32 - [MESSAGE][PASSED] - Object 'Object Repository/Web RoomMe.id\Community Page\Community Registration\Text Mobile Number' is visible

2020-05-20 02:04:32 - [TEST_STEP][PASSED] - verifyElementVisible(findTestObject(obj)): Object 'Object Repository/Web RoomMe.id\Community Page\Community Registration\Text The minimum age allowed is 17 years' is visible

2020-05-20 02:04:32 - [MESSAGE][PASSED] - Object 'Object Repository/Web RoomMe.id\Community Page\Community Registration\Text The minimum age allowed is 17 years' is visible

2020-05-20 02:04:32 - [TEST_STEP][PASSED] - verifyElementVisible(findTestObject(obj)): Object 'Object Repository/Web RoomMe.id\Community Page\Community Registration\Textfield Email Address' is visible

2020-05-20 02:04:33 - [MESSAGE][PASSED] - Object 'Object Repository/Web RoomMe.id\Community Page\Community Registration\Textfield Email Address' is visible

2020-05-20 02:04:33 - [TEST_STEP][PASSED] - verifyElementVisible(findTestObject(obj)): Object 'Object Repository/Web RoomMe.id\Community Page\Community Registration\Textfield Full Name' is visible

2020-05-20 02:04:33 - [MESSAGE][PASSED] - Object 'Object Repository/Web RoomMe.id\Community Page\Community Registration\Textfield Full Name' is visible

2020-05-20 02:04:33 - [TEST_STEP][PASSED] - verifyElementVisible(findTestObject(obj)): Object 'Object Repository/Web RoomMe.id\Community Page\Community Registration\Textfield Mobile Number' is visible

2020-05-20 02:04:33 - [MESSAGE][PASSED] - Object 'Object Repository/Web RoomMe.id\Community Page\Community Registration\Textfield Mobile Number' is visible

2020-05-20 02:04:33 - [MESSAGE][PASSED] - Call Test Case 'Test Cases/Web RoomMe.id/20. Community Registration/1. Verify Registration Form' successfully

2020-05-20 02:04:33 - [TEST_STEP][PASSED] - waitForElementVisible(findTestObject("Web RoomMe.id/Community Page/Community Registration/Textfield Full Name"), 0): Object 'Object Repository/Web RoomMe.id/Community Page/Community Registration/Textfield Full Name' is visible

2020-05-20 02:04:33 - [MESSAGE][WARNING] - Timeout '0' is invalid. Using default page load timeout: '30'

2020-05-20 02:04:34 - [MESSAGE][PASSED] - Object 'Object Repository/Web RoomMe.id/Community Page/Community Registration/Textfield Full Name' is visible

2020-05-20 02:04:34 - [TEST_STEP][PASSED] - sendKeys(findTestObject("Web RoomMe.id/Community Page/Community Registration/Textfield Full Name"), "Faldi AT"): Keys 'Faldi AT' sent to object: 'Object Repository/Web RoomMe.id/Community Page/Community Registration/Textfield Full Name'

2020-05-20 02:04:34 - [MESSAGE][PASSED] - Keys 'Faldi AT' sent to object: 'Object Repository/Web RoomMe.id/Community Page/Community Registration/Textfield Full Name'

2020-05-20 02:04:34 - [TEST_STEP][PASSED] - click(findTestObject("Web RoomMe.id/Community Page/Community Registration/RadioButton Male")): Object: 'Object Repository/Web RoomMe.id/Community Page/Community Registration/RadioButton Male' is clicked on

2020-05-20 02:04:35 - [MESSAGE][PASSED] - Object: 'Object Repository/Web RoomMe.id/Community Page/Community Registration/RadioButton Male' is clicked on

2020-05-20 02:04:35 - [TEST_STEP][PASSED] - click(findTestObject("Web RoomMe.id/Community Page/Community Registration/Birthdate Datepicker/Datepicker Birthdate_date (1)")): Object: 'Object Repository/Web RoomMe.id/Community Page/Community Registration/Birthdate Datepicker/Datepicker Birthdate_date (1)' is clicked on

2020-05-20 02:04:35 - [MESSAGE][PASSED] - Object: 'Object Repository/Web RoomMe.id/Community Page/Community Registration/Birthdate Datepicker/Datepicker Birthdate_date (1)' is clicked on

2020-05-20 02:04:35 - [TEST_STEP][PASSED] - click(findTestObject("Web RoomMe.id/Community Page/Community Registration/Birthdate Datepicker/Button Day 1")): Object: 'Object Repository/Web RoomMe.id/Community Page/Community Registration/Birthdate Datepicker/Button Day 1' is clicked on

2020-05-20 02:04:36 - [MESSAGE][PASSED] - Object: 'Object Repository/Web RoomMe.id/Community Page/Community Registration/Birthdate Datepicker/Button Day 1' is clicked on

2020-05-20 02:04:36 - [TEST_STEP][PASSED] - sendKeys(findTestObject("Web RoomMe.id/Community Page/Community Registration/Textfield Mobile Number"), "081234567890"): Keys '081234567890' sent to object: 'Object Repository/Web RoomMe.id/Community Page/Community Registration/Textfield Mobile Number'

2020-05-20 02:04:37 - [MESSAGE][PASSED] - Keys '081234567890' sent to object: 'Object Repository/Web RoomMe.id/Community Page/Community Registration/Textfield Mobile Number'

2020-05-20 02:04:37 - [TEST_STEP][PASSED] - sendKeys(findTestObject("Web RoomMe.id/Community Page/Community Registration/Textfield Email Address"), "faldiat" + RandomStringUtils.randomNumeric(5)): Keys 'faldiat70943' sent to object: 'Object Repository/Web RoomMe.id/Community Page/Community Registration/Textfield Email Address'

2020-05-20 02:04:38 - [MESSAGE][PASSED] - Keys 'faldiat70943' sent to object: 'Object Repository/Web RoomMe.id/Community Page/Community Registration/Textfield Email Address'

2020-05-20 02:04:38 - [TEST_STEP][PASSED] - sendKeys(findTestObject("Web RoomMe.id/Community Page/Community Registration/Textfield Email Address"), "@gmail.com"): Keys '@gmail.com' sent to object: 'Object Repository/Web RoomMe.id/Community Page/Community Registration/Textfield Email Address'

2020-05-20 02:04:38 - [MESSAGE][PASSED] - Keys '@gmail.com' sent to object: 'Object Repository/Web RoomMe.id/Community Page/Community Registration/Textfield Email Address'

2020-05-20 02:04:38 - [TEST_STEP][PASSED] - selectOptionByIndex(findTestObject("Web RoomMe.id/Community Page/Community Registration/Dropdown Interest"), "4"): All options with index in [4] are selected on object 'Object Repository/Web RoomMe.id/Community Page/Community Registration/Dropdown Interest'

2020-05-20 02:04:40 - [MESSAGE][PASSED] - All options with index in [4] are selected on object 'Object Repository/Web RoomMe.id/Community Page/Community Registration/Dropdown Interest'

2020-05-20 02:04:40 - [TEST_STEP][PASSED] - click(findTestObject("Web RoomMe.id/Community Page/Community Registration/Button Submit")): Object: 'Object Repository/Web RoomMe.id/Community Page/Community Registration/Button Submit' is clicked on

2020-05-20 02:04:40 - [MESSAGE][PASSED] - Object: 'Object Repository/Web RoomMe.id/Community Page/Community Registration/Button Submit' is clicked on

2020-05-20 02:04:40 - [TEST_STEP][PASSED] - waitForElementVisible(findTestObject("Web RoomMe.id/Community Page/Community Registration/Success Message/Button Close"), 0): Object 'Object Repository/Web RoomMe.id/Community Page/Community Registration/Success Message/Button Close' is visible

2020-05-20 02:04:40 - [MESSAGE][WARNING] - Timeout '0' is invalid. Using default page load timeout: '30'

2020-05-20 02:04:41 - [MESSAGE][PASSED] - Object 'Object Repository/Web RoomMe.id/Community Page/Community Registration/Success Message/Button Close' is visible

2020-05-20 02:04:41 - [TEST_STEP][PASSED] - waitForElementVisible(findTestObject("Web RoomMe.id/Community Page/Community Registration/Success Message/Image Success"), 0): Object 'Object Repository/Web RoomMe.id/Community Page/Community Registration/Success Message/Image Success' is visible

2020-05-20 02:04:41 - [MESSAGE][WARNING] - Timeout '0' is invalid. Using default page load timeout: '30'

2020-05-20 02:04:42 - [MESSAGE][PASSED] - Object 'Object Repository/Web RoomMe.id/Community Page/Community Registration/Success Message/Image Success' is visible

2020-05-20 02:04:42 - [TEST_STEP][PASSED] - waitForElementVisible(findTestObject("Web RoomMe.id/Community Page/Community Registration/Success Message/Text Well done Welcome to our community and we will contact you through email"), 0): Object 'Object Repository/Web RoomMe.id/Community Page/Community Registration/Success Message/Text Well done Welcome to our community and we will contact you through email' is visible

2020-05-20 02:04:42 - [MESSAGE][WARNING] - Timeout '0' is invalid. Using default page load timeout: '30'

2020-05-20 02:04:42 - [MESSAGE][PASSED] - Object 'Object Repository/Web RoomMe.id/Community Page/Community Registration/Success Message/Text Well done Welcome to our community and we will contact you through email' is visible

2020-05-20 02:04:42 - [TEST_STEP][PASSED] - waitForElementVisible(findTestObject("Web RoomMe.id/Community Page/Community Registration/Success Message/Text Community Registration Successfull"), 0): Object 'Object Repository/Web RoomMe.id/Community Page/Community Registration/Success Message/Text Community Registration Successfull' is visible

2020-05-20 02:04:42 - [MESSAGE][WARNING] - Timeout '0' is invalid. Using default page load timeout: '30'

2020-05-20 02:04:42 - [MESSAGE][PASSED] - Object 'Object Repository/Web RoomMe.id/Community Page/Community Registration/Success Message/Text Community Registration Successfull' is visible]]></system-out>
         <system-err><![CDATA[]]></system-err>
      </testcase>
      <testcase name="Test Cases/Web RoomMe.id/20. Community Registration/3. Customer Register with Blank Data" time="24.132" classname="Test Cases/Web RoomMe.id/20. Community Registration/3. Customer Register with Blank Data" status="PASSED">
         <system-out><![CDATA[2020-05-20 02:04:42 - [TEST_CASE][PASSED] - Test Cases/Web RoomMe.id/20. Community Registration/3. Customer Register with Blank Data: Test Cases/Web RoomMe.id/20. Community Registration/3. Customer Register with Blank Data

2020-05-20 02:04:43 - [TEST_STEP][PASSED] - callTestCase(findTestCase("Web RoomMe.id/6. Community/Customer Access Community Page"), [:], STOP_ON_FAILURE): Call Test Case 'Test Cases/Web RoomMe.id/6. Community/Customer Access Community Page' successfully

2020-05-20 02:04:43 - [TEST_CASE][PASSED] - Test Cases/Web RoomMe.id/6. Community/Customer Access Community Page: Test Cases/Web RoomMe.id/6. Community/Customer Access Community Page

2020-05-20 02:04:43 - [TEST_STEP][PASSED] - callTestCase(findTestCase("Web RoomMe.id/1. Homepage/1. Customer Access RoomMe Page"), [:], STOP_ON_FAILURE): Call Test Case 'Test Cases/Web RoomMe.id/1. Homepage/1. Customer Access RoomMe Page' successfully

2020-05-20 02:04:43 - [TEST_CASE][PASSED] - Test Cases/Web RoomMe.id/1. Homepage/1. Customer Access RoomMe Page: Test Cases/Web RoomMe.id/1. Homepage/1. Customer Access RoomMe Page

2020-05-20 02:04:43 - [TEST_STEP][PASSED] - openBrowser("https://web.roomme.id/"): Browser is opened with url: 'https://web.roomme.id/'

2020-05-20 02:04:43 - [MESSAGE][WARNING] - A browser is already opened. Closing browser and opening a new one

2020-05-20 02:04:44 - [MESSAGE][INFO] - Starting 'Chrome' driver

2020-05-20 02:04:54 - [MESSAGE][PASSED] - Browser is opened with url: 'https://web.roomme.id/'

2020-05-20 02:04:54 - [TEST_STEP][PASSED] - maximizeWindow(): Current window maximized

2020-05-20 02:04:57 - [MESSAGE][PASSED] - Current window maximized

2020-05-20 02:04:57 - [TEST_STEP][PASSED] - waitForPageLoad(0): Wait for page load successfully

2020-05-20 02:04:57 - [MESSAGE][WARNING] - Timeout '0' is invalid. Using default page load timeout: '30'

2020-05-20 02:04:57 - [MESSAGE][PASSED] - Wait for page load successfully

2020-05-20 02:04:57 - [MESSAGE][PASSED] - Call Test Case 'Test Cases/Web RoomMe.id/1. Homepage/1. Customer Access RoomMe Page' successfully

2020-05-20 02:04:57 - [TEST_STEP][PASSED] - waitForElementVisible(findTestObject("Web RoomMe.id/RoomMe.id Header/Button Community"), 30): Object 'Object Repository/Web RoomMe.id/RoomMe.id Header/Button Community' is visible

2020-05-20 02:04:57 - [MESSAGE][PASSED] - Object 'Object Repository/Web RoomMe.id/RoomMe.id Header/Button Community' is visible

2020-05-20 02:04:57 - [TEST_STEP][PASSED] - click(findTestObject("Web RoomMe.id/RoomMe.id Header/Button Community")): Object: 'Object Repository/Web RoomMe.id/RoomMe.id Header/Button Community' is clicked on

2020-05-20 02:05:00 - [MESSAGE][PASSED] - Object: 'Object Repository/Web RoomMe.id/RoomMe.id Header/Button Community' is clicked on

2020-05-20 02:05:00 - [TEST_STEP][PASSED] - waitForPageLoad(0): Wait for page load successfully

2020-05-20 02:05:00 - [MESSAGE][WARNING] - Timeout '0' is invalid. Using default page load timeout: '30'

2020-05-20 02:05:01 - [MESSAGE][PASSED] - Wait for page load successfully

2020-05-20 02:05:01 - [MESSAGE][PASSED] - Call Test Case 'Test Cases/Web RoomMe.id/6. Community/Customer Access Community Page' successfully

2020-05-20 02:05:01 - [TEST_STEP][PASSED] - waitForElementVisible(findTestObject("Web RoomMe.id/Community Page/Welcome Video/Button Continue on the Form Registration"), 0): Object 'Object Repository/Web RoomMe.id/Community Page/Welcome Video/Button Continue on the Form Registration' is visible

2020-05-20 02:05:01 - [MESSAGE][WARNING] - Timeout '0' is invalid. Using default page load timeout: '30'

2020-05-20 02:05:02 - [MESSAGE][PASSED] - Object 'Object Repository/Web RoomMe.id/Community Page/Welcome Video/Button Continue on the Form Registration' is visible

2020-05-20 02:05:02 - [TEST_STEP][PASSED] - click(findTestObject("Web RoomMe.id/Community Page/Welcome Video/Button Continue on the Form Registration")): Object: 'Object Repository/Web RoomMe.id/Community Page/Welcome Video/Button Continue on the Form Registration' is clicked on

2020-05-20 02:05:03 - [MESSAGE][PASSED] - Object: 'Object Repository/Web RoomMe.id/Community Page/Welcome Video/Button Continue on the Form Registration' is clicked on

2020-05-20 02:05:03 - [TEST_STEP][PASSED] - waitForElementVisible(findTestObject("Web RoomMe.id/Community Page/Community Registration/Button Submit"), 0): Object 'Object Repository/Web RoomMe.id/Community Page/Community Registration/Button Submit' is visible

2020-05-20 02:05:03 - [MESSAGE][WARNING] - Timeout '0' is invalid. Using default page load timeout: '30'

2020-05-20 02:05:04 - [MESSAGE][PASSED] - Object 'Object Repository/Web RoomMe.id/Community Page/Community Registration/Button Submit' is visible

2020-05-20 02:05:04 - [TEST_STEP][PASSED] - click(findTestObject("Web RoomMe.id/Community Page/Community Registration/Button Submit")): Object: 'Object Repository/Web RoomMe.id/Community Page/Community Registration/Button Submit' is clicked on

2020-05-20 02:05:05 - [MESSAGE][PASSED] - Object: 'Object Repository/Web RoomMe.id/Community Page/Community Registration/Button Submit' is clicked on

2020-05-20 02:05:05 - [TEST_STEP][PASSED] - waitForElementVisible(findTestObject("Web RoomMe.id/Community Page/Community Registration/Error Message/Text Email is required"), 0): Object 'Object Repository/Web RoomMe.id/Community Page/Community Registration/Error Message/Text Email is required' is visible

2020-05-20 02:05:05 - [MESSAGE][WARNING] - Timeout '0' is invalid. Using default page load timeout: '30'

2020-05-20 02:05:05 - [MESSAGE][PASSED] - Object 'Object Repository/Web RoomMe.id/Community Page/Community Registration/Error Message/Text Email is required' is visible

2020-05-20 02:05:05 - [TEST_STEP][PASSED] - waitForElementVisible(findTestObject("Web RoomMe.id/Community Page/Community Registration/Error Message/Text Gender is required"), 0): Object 'Object Repository/Web RoomMe.id/Community Page/Community Registration/Error Message/Text Gender is required' is visible

2020-05-20 02:05:05 - [MESSAGE][WARNING] - Timeout '0' is invalid. Using default page load timeout: '30'

2020-05-20 02:05:05 - [MESSAGE][PASSED] - Object 'Object Repository/Web RoomMe.id/Community Page/Community Registration/Error Message/Text Gender is required' is visible

2020-05-20 02:05:05 - [TEST_STEP][PASSED] - waitForElementVisible(findTestObject("Web RoomMe.id/Community Page/Community Registration/Error Message/Text Interest is required"), 0): Object 'Object Repository/Web RoomMe.id/Community Page/Community Registration/Error Message/Text Interest is required' is visible

2020-05-20 02:05:05 - [MESSAGE][WARNING] - Timeout '0' is invalid. Using default page load timeout: '30'

2020-05-20 02:05:06 - [MESSAGE][PASSED] - Object 'Object Repository/Web RoomMe.id/Community Page/Community Registration/Error Message/Text Interest is required' is visible

2020-05-20 02:05:06 - [TEST_STEP][PASSED] - waitForElementVisible(findTestObject("Web RoomMe.id/Community Page/Community Registration/Error Message/Text Name is required"), 0): Object 'Object Repository/Web RoomMe.id/Community Page/Community Registration/Error Message/Text Name is required' is visible

2020-05-20 02:05:06 - [MESSAGE][WARNING] - Timeout '0' is invalid. Using default page load timeout: '30'

2020-05-20 02:05:06 - [MESSAGE][PASSED] - Object 'Object Repository/Web RoomMe.id/Community Page/Community Registration/Error Message/Text Name is required' is visible

2020-05-20 02:05:06 - [TEST_STEP][PASSED] - waitForElementVisible(findTestObject("Web RoomMe.id/Community Page/Community Registration/Error Message/Text Phone is required"), 0): Object 'Object Repository/Web RoomMe.id/Community Page/Community Registration/Error Message/Text Phone is required' is visible

2020-05-20 02:05:06 - [MESSAGE][WARNING] - Timeout '0' is invalid. Using default page load timeout: '30'

2020-05-20 02:05:06 - [MESSAGE][PASSED] - Object 'Object Repository/Web RoomMe.id/Community Page/Community Registration/Error Message/Text Phone is required' is visible]]></system-out>
         <system-err><![CDATA[]]></system-err>
      </testcase>
      <testcase name="Test Cases/Web RoomMe.id/20. Community Registration/4. Customer Input Full Name with Invalid Data" time="24.73" classname="Test Cases/Web RoomMe.id/20. Community Registration/4. Customer Input Full Name with Invalid Data" status="PASSED">
         <system-out><![CDATA[2020-05-20 02:05:06 - [TEST_CASE][PASSED] - Test Cases/Web RoomMe.id/20. Community Registration/4. Customer Input Full Name with Invalid Data: Test Cases/Web RoomMe.id/20. Community Registration/4. Customer Input Full Name with Invalid Data

2020-05-20 02:05:07 - [TEST_STEP][PASSED] - callTestCase(findTestCase("Web RoomMe.id/6. Community/Customer Access Community Page"), [:], STOP_ON_FAILURE): Call Test Case 'Test Cases/Web RoomMe.id/6. Community/Customer Access Community Page' successfully

2020-05-20 02:05:07 - [TEST_CASE][PASSED] - Test Cases/Web RoomMe.id/6. Community/Customer Access Community Page: Test Cases/Web RoomMe.id/6. Community/Customer Access Community Page

2020-05-20 02:05:07 - [TEST_STEP][PASSED] - callTestCase(findTestCase("Web RoomMe.id/1. Homepage/1. Customer Access RoomMe Page"), [:], STOP_ON_FAILURE): Call Test Case 'Test Cases/Web RoomMe.id/1. Homepage/1. Customer Access RoomMe Page' successfully

2020-05-20 02:05:07 - [TEST_CASE][PASSED] - Test Cases/Web RoomMe.id/1. Homepage/1. Customer Access RoomMe Page: Test Cases/Web RoomMe.id/1. Homepage/1. Customer Access RoomMe Page

2020-05-20 02:05:07 - [TEST_STEP][PASSED] - openBrowser("https://web.roomme.id/"): Browser is opened with url: 'https://web.roomme.id/'

2020-05-20 02:05:07 - [MESSAGE][WARNING] - A browser is already opened. Closing browser and opening a new one

2020-05-20 02:05:08 - [MESSAGE][INFO] - Starting 'Chrome' driver

2020-05-20 02:05:15 - [MESSAGE][PASSED] - Browser is opened with url: 'https://web.roomme.id/'

2020-05-20 02:05:15 - [TEST_STEP][PASSED] - maximizeWindow(): Current window maximized

2020-05-20 02:05:17 - [MESSAGE][PASSED] - Current window maximized

2020-05-20 02:05:17 - [TEST_STEP][PASSED] - waitForPageLoad(0): Wait for page load successfully

2020-05-20 02:05:17 - [MESSAGE][WARNING] - Timeout '0' is invalid. Using default page load timeout: '30'

2020-05-20 02:05:17 - [MESSAGE][PASSED] - Wait for page load successfully

2020-05-20 02:05:17 - [MESSAGE][PASSED] - Call Test Case 'Test Cases/Web RoomMe.id/1. Homepage/1. Customer Access RoomMe Page' successfully

2020-05-20 02:05:17 - [TEST_STEP][PASSED] - waitForElementVisible(findTestObject("Web RoomMe.id/RoomMe.id Header/Button Community"), 30): Object 'Object Repository/Web RoomMe.id/RoomMe.id Header/Button Community' is visible

2020-05-20 02:05:18 - [MESSAGE][PASSED] - Object 'Object Repository/Web RoomMe.id/RoomMe.id Header/Button Community' is visible

2020-05-20 02:05:18 - [TEST_STEP][PASSED] - click(findTestObject("Web RoomMe.id/RoomMe.id Header/Button Community")): Object: 'Object Repository/Web RoomMe.id/RoomMe.id Header/Button Community' is clicked on

2020-05-20 02:05:20 - [MESSAGE][PASSED] - Object: 'Object Repository/Web RoomMe.id/RoomMe.id Header/Button Community' is clicked on

2020-05-20 02:05:20 - [TEST_STEP][PASSED] - waitForPageLoad(0): Wait for page load successfully

2020-05-20 02:05:20 - [MESSAGE][WARNING] - Timeout '0' is invalid. Using default page load timeout: '30'

2020-05-20 02:05:21 - [MESSAGE][PASSED] - Wait for page load successfully

2020-05-20 02:05:21 - [MESSAGE][PASSED] - Call Test Case 'Test Cases/Web RoomMe.id/6. Community/Customer Access Community Page' successfully

2020-05-20 02:05:21 - [TEST_STEP][PASSED] - waitForElementVisible(findTestObject("Web RoomMe.id/Community Page/Welcome Video/Button Continue on the Form Registration"), 0): Object 'Object Repository/Web RoomMe.id/Community Page/Welcome Video/Button Continue on the Form Registration' is visible

2020-05-20 02:05:21 - [MESSAGE][WARNING] - Timeout '0' is invalid. Using default page load timeout: '30'

2020-05-20 02:05:22 - [MESSAGE][PASSED] - Object 'Object Repository/Web RoomMe.id/Community Page/Welcome Video/Button Continue on the Form Registration' is visible

2020-05-20 02:05:22 - [TEST_STEP][PASSED] - click(findTestObject("Web RoomMe.id/Community Page/Welcome Video/Button Continue on the Form Registration")): Object: 'Object Repository/Web RoomMe.id/Community Page/Welcome Video/Button Continue on the Form Registration' is clicked on

2020-05-20 02:05:23 - [MESSAGE][PASSED] - Object: 'Object Repository/Web RoomMe.id/Community Page/Welcome Video/Button Continue on the Form Registration' is clicked on

2020-05-20 02:05:23 - [TEST_STEP][PASSED] - waitForElementVisible(findTestObject("Web RoomMe.id/Community Page/Community Registration/Textfield Full Name"), 0): Object 'Object Repository/Web RoomMe.id/Community Page/Community Registration/Textfield Full Name' is visible

2020-05-20 02:05:23 - [MESSAGE][WARNING] - Timeout '0' is invalid. Using default page load timeout: '30'

2020-05-20 02:05:23 - [MESSAGE][PASSED] - Object 'Object Repository/Web RoomMe.id/Community Page/Community Registration/Textfield Full Name' is visible

2020-05-20 02:05:23 - [TEST_STEP][PASSED] - sendKeys(findTestObject("Web RoomMe.id/Community Page/Community Registration/Textfield Full Name"), "ab"): Keys 'ab' sent to object: 'Object Repository/Web RoomMe.id/Community Page/Community Registration/Textfield Full Name'

2020-05-20 02:05:24 - [MESSAGE][PASSED] - Keys 'ab' sent to object: 'Object Repository/Web RoomMe.id/Community Page/Community Registration/Textfield Full Name'

2020-05-20 02:05:24 - [TEST_STEP][PASSED] - waitForElementVisible(findTestObject("Web RoomMe.id/Community Page/Community Registration/Error Message/Text At least input 3 characters long"), 0): Object 'Object Repository/Web RoomMe.id/Community Page/Community Registration/Error Message/Text At least input 3 characters long' is visible

2020-05-20 02:05:24 - [MESSAGE][WARNING] - Timeout '0' is invalid. Using default page load timeout: '30'

2020-05-20 02:05:25 - [MESSAGE][PASSED] - Object 'Object Repository/Web RoomMe.id/Community Page/Community Registration/Error Message/Text At least input 3 characters long' is visible

2020-05-20 02:05:25 - [TEST_STEP][PASSED] - sendKeys(findTestObject("Web RoomMe.id/Community Page/Community Registration/Textfield Full Name"), Keys.chord(CONTROL, "a", BACK_SPACE)): Keys 'CONTROL + BACK_SPACE + a' sent to object: 'Object Repository/Web RoomMe.id/Community Page/Community Registration/Textfield Full Name'

2020-05-20 02:05:25 - [MESSAGE][PASSED] - Keys 'CONTROL + BACK_SPACE + a' sent to object: 'Object Repository/Web RoomMe.id/Community Page/Community Registration/Textfield Full Name'

2020-05-20 02:05:25 - [TEST_STEP][PASSED] - sendKeys(findTestObject("Web RoomMe.id/Community Page/Community Registration/Textfield Full Name"), "123"): Keys '123' sent to object: 'Object Repository/Web RoomMe.id/Community Page/Community Registration/Textfield Full Name'

2020-05-20 02:05:26 - [MESSAGE][PASSED] - Keys '123' sent to object: 'Object Repository/Web RoomMe.id/Community Page/Community Registration/Textfield Full Name'

2020-05-20 02:05:26 - [TEST_STEP][PASSED] - waitForElementVisible(findTestObject("Web RoomMe.id/Community Page/Community Registration/Error Message/Text Your name seems to contain incorrect characters"), 0): Object 'Object Repository/Web RoomMe.id/Community Page/Community Registration/Error Message/Text Your name seems to contain incorrect characters' is visible

2020-05-20 02:05:26 - [MESSAGE][WARNING] - Timeout '0' is invalid. Using default page load timeout: '30'

2020-05-20 02:05:26 - [MESSAGE][PASSED] - Object 'Object Repository/Web RoomMe.id/Community Page/Community Registration/Error Message/Text Your name seems to contain incorrect characters' is visible

2020-05-20 02:05:26 - [TEST_STEP][PASSED] - sendKeys(findTestObject("Web RoomMe.id/Community Page/Community Registration/Textfield Full Name"), Keys.chord(CONTROL, "a", BACK_SPACE)): Keys 'CONTROL + BACK_SPACE + a' sent to object: 'Object Repository/Web RoomMe.id/Community Page/Community Registration/Textfield Full Name'

2020-05-20 02:05:27 - [MESSAGE][PASSED] - Keys 'CONTROL + BACK_SPACE + a' sent to object: 'Object Repository/Web RoomMe.id/Community Page/Community Registration/Textfield Full Name'

2020-05-20 02:05:27 - [TEST_STEP][PASSED] - sendKeys(findTestObject("Web RoomMe.id/Community Page/Community Registration/Textfield Full Name"), "!@#$"): Keys '!@#$' sent to object: 'Object Repository/Web RoomMe.id/Community Page/Community Registration/Textfield Full Name'

2020-05-20 02:05:27 - [MESSAGE][PASSED] - Keys '!@#$' sent to object: 'Object Repository/Web RoomMe.id/Community Page/Community Registration/Textfield Full Name'

2020-05-20 02:05:27 - [TEST_STEP][PASSED] - waitForElementVisible(findTestObject("Web RoomMe.id/Community Page/Community Registration/Error Message/Text Your name seems to contain incorrect characters"), 0): Object 'Object Repository/Web RoomMe.id/Community Page/Community Registration/Error Message/Text Your name seems to contain incorrect characters' is visible

2020-05-20 02:05:27 - [MESSAGE][WARNING] - Timeout '0' is invalid. Using default page load timeout: '30'

2020-05-20 02:05:28 - [MESSAGE][PASSED] - Object 'Object Repository/Web RoomMe.id/Community Page/Community Registration/Error Message/Text Your name seems to contain incorrect characters' is visible

2020-05-20 02:05:28 - [TEST_STEP][PASSED] - sendKeys(findTestObject("Web RoomMe.id/Community Page/Community Registration/Textfield Full Name"), Keys.chord(CONTROL, "a", BACK_SPACE)): Keys 'CONTROL + BACK_SPACE + a' sent to object: 'Object Repository/Web RoomMe.id/Community Page/Community Registration/Textfield Full Name'

2020-05-20 02:05:29 - [MESSAGE][PASSED] - Keys 'CONTROL + BACK_SPACE + a' sent to object: 'Object Repository/Web RoomMe.id/Community Page/Community Registration/Textfield Full Name'

2020-05-20 02:05:29 - [TEST_STEP][PASSED] - sendKeys(findTestObject("Web RoomMe.id/Community Page/Community Registration/Textfield Full Name"), "abcde12345abcde12345abcde12345abcde12345abcde12345as"): Keys 'abcde12345abcde12345abcde12345abcde12345abcde12345as' sent to object: 'Object Repository/Web RoomMe.id/Community Page/Community Registration/Textfield Full Name'

2020-05-20 02:05:30 - [MESSAGE][PASSED] - Keys 'abcde12345abcde12345abcde12345abcde12345abcde12345as' sent to object: 'Object Repository/Web RoomMe.id/Community Page/Community Registration/Textfield Full Name'

2020-05-20 02:05:30 - [TEST_STEP][PASSED] - waitForElementVisible(findTestObject("Web RoomMe.id/Community Page/Community Registration/Error Message/Text Name input characters is 50"), 0): Object 'Object Repository/Web RoomMe.id/Community Page/Community Registration/Error Message/Text Name input characters is 50' is visible

2020-05-20 02:05:30 - [MESSAGE][WARNING] - Timeout '0' is invalid. Using default page load timeout: '30'

2020-05-20 02:05:31 - [MESSAGE][PASSED] - Object 'Object Repository/Web RoomMe.id/Community Page/Community Registration/Error Message/Text Name input characters is 50' is visible

2020-05-20 02:05:31 - [TEST_STEP][PASSED] - sendKeys(findTestObject("Web RoomMe.id/Community Page/Community Registration/Textfield Full Name"), Keys.chord(CONTROL, "a", BACK_SPACE)): Keys 'CONTROL + BACK_SPACE + a' sent to object: 'Object Repository/Web RoomMe.id/Community Page/Community Registration/Textfield Full Name'

2020-05-20 02:05:31 - [MESSAGE][PASSED] - Keys 'CONTROL + BACK_SPACE + a' sent to object: 'Object Repository/Web RoomMe.id/Community Page/Community Registration/Textfield Full Name']]></system-out>
         <system-err><![CDATA[]]></system-err>
      </testcase>
      <testcase name="Test Cases/Web RoomMe.id/20. Community Registration/5. Customer Register with Invalid Full Name" time="43.51" classname="Test Cases/Web RoomMe.id/20. Community Registration/5. Customer Register with Invalid Full Name" status="PASSED">
         <system-out><![CDATA[2020-05-20 02:05:31 - [TEST_CASE][PASSED] - Test Cases/Web RoomMe.id/20. Community Registration/5. Customer Register with Invalid Full Name: Test Cases/Web RoomMe.id/20. Community Registration/5. Customer Register with Invalid Full Name

2020-05-20 02:05:31 - [TEST_STEP][PASSED] - callTestCase(findTestCase("Web RoomMe.id/6. Community/Customer Access Community Page"), [:], STOP_ON_FAILURE): Call Test Case 'Test Cases/Web RoomMe.id/6. Community/Customer Access Community Page' successfully

2020-05-20 02:05:32 - [TEST_CASE][PASSED] - Test Cases/Web RoomMe.id/6. Community/Customer Access Community Page: Test Cases/Web RoomMe.id/6. Community/Customer Access Community Page

2020-05-20 02:05:32 - [TEST_STEP][PASSED] - callTestCase(findTestCase("Web RoomMe.id/1. Homepage/1. Customer Access RoomMe Page"), [:], STOP_ON_FAILURE): Call Test Case 'Test Cases/Web RoomMe.id/1. Homepage/1. Customer Access RoomMe Page' successfully

2020-05-20 02:05:32 - [TEST_CASE][PASSED] - Test Cases/Web RoomMe.id/1. Homepage/1. Customer Access RoomMe Page: Test Cases/Web RoomMe.id/1. Homepage/1. Customer Access RoomMe Page

2020-05-20 02:05:32 - [TEST_STEP][PASSED] - openBrowser("https://web.roomme.id/"): Browser is opened with url: 'https://web.roomme.id/'

2020-05-20 02:05:32 - [MESSAGE][WARNING] - A browser is already opened. Closing browser and opening a new one

2020-05-20 02:05:32 - [MESSAGE][INFO] - Starting 'Chrome' driver

2020-05-20 02:05:44 - [MESSAGE][PASSED] - Browser is opened with url: 'https://web.roomme.id/'

2020-05-20 02:05:44 - [TEST_STEP][PASSED] - maximizeWindow(): Current window maximized

2020-05-20 02:05:46 - [MESSAGE][PASSED] - Current window maximized

2020-05-20 02:05:46 - [TEST_STEP][PASSED] - waitForPageLoad(0): Wait for page load successfully

2020-05-20 02:05:46 - [MESSAGE][WARNING] - Timeout '0' is invalid. Using default page load timeout: '30'

2020-05-20 02:05:46 - [MESSAGE][PASSED] - Wait for page load successfully

2020-05-20 02:05:46 - [MESSAGE][PASSED] - Call Test Case 'Test Cases/Web RoomMe.id/1. Homepage/1. Customer Access RoomMe Page' successfully

2020-05-20 02:05:46 - [TEST_STEP][PASSED] - waitForElementVisible(findTestObject("Web RoomMe.id/RoomMe.id Header/Button Community"), 30): Object 'Object Repository/Web RoomMe.id/RoomMe.id Header/Button Community' is visible

2020-05-20 02:05:47 - [MESSAGE][PASSED] - Object 'Object Repository/Web RoomMe.id/RoomMe.id Header/Button Community' is visible

2020-05-20 02:05:47 - [TEST_STEP][PASSED] - click(findTestObject("Web RoomMe.id/RoomMe.id Header/Button Community")): Object: 'Object Repository/Web RoomMe.id/RoomMe.id Header/Button Community' is clicked on

2020-05-20 02:05:49 - [MESSAGE][PASSED] - Object: 'Object Repository/Web RoomMe.id/RoomMe.id Header/Button Community' is clicked on

2020-05-20 02:05:49 - [TEST_STEP][PASSED] - waitForPageLoad(0): Wait for page load successfully

2020-05-20 02:05:49 - [MESSAGE][WARNING] - Timeout '0' is invalid. Using default page load timeout: '30'

2020-05-20 02:05:50 - [MESSAGE][PASSED] - Wait for page load successfully

2020-05-20 02:05:50 - [MESSAGE][PASSED] - Call Test Case 'Test Cases/Web RoomMe.id/6. Community/Customer Access Community Page' successfully

2020-05-20 02:05:50 - [TEST_STEP][PASSED] - waitForElementVisible(findTestObject("Web RoomMe.id/Community Page/Welcome Video/Button Continue on the Form Registration"), 0): Object 'Object Repository/Web RoomMe.id/Community Page/Welcome Video/Button Continue on the Form Registration' is visible

2020-05-20 02:05:50 - [MESSAGE][WARNING] - Timeout '0' is invalid. Using default page load timeout: '30'

2020-05-20 02:05:51 - [MESSAGE][PASSED] - Object 'Object Repository/Web RoomMe.id/Community Page/Welcome Video/Button Continue on the Form Registration' is visible

2020-05-20 02:05:51 - [TEST_STEP][PASSED] - click(findTestObject("Web RoomMe.id/Community Page/Welcome Video/Button Continue on the Form Registration"), STOP_ON_FAILURE): Object: 'Object Repository/Web RoomMe.id/Community Page/Welcome Video/Button Continue on the Form Registration' is clicked on

2020-05-20 02:05:51 - [MESSAGE][PASSED] - Object: 'Object Repository/Web RoomMe.id/Community Page/Welcome Video/Button Continue on the Form Registration' is clicked on

2020-05-20 02:05:51 - [TEST_STEP][PASSED] - callTestCase(findTestCase("Web RoomMe.id/20. Community Registration/1. Verify Registration Form"), [:], STOP_ON_FAILURE): Call Test Case 'Test Cases/Web RoomMe.id/20. Community Registration/1. Verify Registration Form' successfully

2020-05-20 02:05:52 - [TEST_CASE][PASSED] - Test Cases/Web RoomMe.id/20. Community Registration/1. Verify Registration Form: Test Cases/Web RoomMe.id/20. Community Registration/1. Verify Registration Form

2020-05-20 02:05:52 - [TEST_STEP][PASSED] - objectSubFolder = "Web RoomMe.id\Community Page\Community Registration\": null

2020-05-20 02:05:52 - [TEST_STEP][PASSED] - pathToObjRep = getProjectDir() + "\Object Repository\" + objectSubFolder: null

2020-05-20 02:05:52 - [TEST_STEP][PASSED] - yourObjects = new java.io.File(pathToObjRep): null

2020-05-20 02:05:52 - [TEST_STEP][PASSED] - fileNames = yourObjects.list(): null

2020-05-20 02:05:52 - [TEST_STEP][PASSED] - testObjects = new java.util.ArrayList(): null

2020-05-20 02:05:52 - [TEST_STEP][PASSED] - for ([i = 0, i < length, (i++)]): null

2020-05-20 02:05:52 - [TEST_STEP][PASSED] - if (fileNames[i].contains(".rs")): null

2020-05-20 02:05:52 - [TEST_STEP][PASSED] - if (fileNames[i].contains(".rs")): null

2020-05-20 02:05:52 - [TEST_STEP][PASSED] - fileNames[i] = fileNames[i].replace(".rs", ""): null

2020-05-20 02:05:52 - [TEST_STEP][PASSED] - testObjects.add(objectSubFolder + fileNames[i]): null

2020-05-20 02:05:52 - [TEST_STEP][PASSED] - if (fileNames[i].contains(".rs")): null

2020-05-20 02:05:52 - [TEST_STEP][PASSED] - fileNames[i] = fileNames[i].replace(".rs", ""): null

2020-05-20 02:05:52 - [TEST_STEP][PASSED] - testObjects.add(objectSubFolder + fileNames[i]): null

2020-05-20 02:05:52 - [TEST_STEP][PASSED] - if (fileNames[i].contains(".rs")): null

2020-05-20 02:05:52 - [TEST_STEP][PASSED] - fileNames[i] = fileNames[i].replace(".rs", ""): null

2020-05-20 02:05:52 - [TEST_STEP][PASSED] - testObjects.add(objectSubFolder + fileNames[i]): null

2020-05-20 02:05:52 - [TEST_STEP][PASSED] - if (fileNames[i].contains(".rs")): null

2020-05-20 02:05:52 - [TEST_STEP][PASSED] - if (fileNames[i].contains(".rs")): null

2020-05-20 02:05:52 - [TEST_STEP][PASSED] - fileNames[i] = fileNames[i].replace(".rs", ""): null

2020-05-20 02:05:52 - [TEST_STEP][PASSED] - testObjects.add(objectSubFolder + fileNames[i]): null

2020-05-20 02:05:52 - [TEST_STEP][PASSED] - if (fileNames[i].contains(".rs")): null

2020-05-20 02:05:52 - [TEST_STEP][PASSED] - fileNames[i] = fileNames[i].replace(".rs", ""): null

2020-05-20 02:05:52 - [TEST_STEP][PASSED] - testObjects.add(objectSubFolder + fileNames[i]): null

2020-05-20 02:05:52 - [TEST_STEP][PASSED] - if (fileNames[i].contains(".rs")): null

2020-05-20 02:05:52 - [TEST_STEP][PASSED] - fileNames[i] = fileNames[i].replace(".rs", ""): null

2020-05-20 02:05:52 - [TEST_STEP][PASSED] - testObjects.add(objectSubFolder + fileNames[i]): null

2020-05-20 02:05:52 - [TEST_STEP][PASSED] - if (fileNames[i].contains(".rs")): null

2020-05-20 02:05:52 - [TEST_STEP][PASSED] - if (fileNames[i].contains(".rs")): null

2020-05-20 02:05:52 - [TEST_STEP][PASSED] - fileNames[i] = fileNames[i].replace(".rs", ""): null

2020-05-20 02:05:52 - [TEST_STEP][PASSED] - testObjects.add(objectSubFolder + fileNames[i]): null

2020-05-20 02:05:52 - [TEST_STEP][PASSED] - if (fileNames[i].contains(".rs")): null

2020-05-20 02:05:52 - [TEST_STEP][PASSED] - fileNames[i] = fileNames[i].replace(".rs", ""): null

2020-05-20 02:05:52 - [TEST_STEP][PASSED] - testObjects.add(objectSubFolder + fileNames[i]): null

2020-05-20 02:05:52 - [TEST_STEP][PASSED] - if (fileNames[i].contains(".rs")): null

2020-05-20 02:05:52 - [TEST_STEP][PASSED] - fileNames[i] = fileNames[i].replace(".rs", ""): null

2020-05-20 02:05:52 - [TEST_STEP][PASSED] - testObjects.add(objectSubFolder + fileNames[i]): null

2020-05-20 02:05:52 - [TEST_STEP][PASSED] - if (fileNames[i].contains(".rs")): null

2020-05-20 02:05:52 - [TEST_STEP][PASSED] - fileNames[i] = fileNames[i].replace(".rs", ""): null

2020-05-20 02:05:52 - [TEST_STEP][PASSED] - testObjects.add(objectSubFolder + fileNames[i]): null

2020-05-20 02:05:52 - [TEST_STEP][PASSED] - if (fileNames[i].contains(".rs")): null

2020-05-20 02:05:52 - [TEST_STEP][PASSED] - fileNames[i] = fileNames[i].replace(".rs", ""): null

2020-05-20 02:05:52 - [TEST_STEP][PASSED] - testObjects.add(objectSubFolder + fileNames[i]): null

2020-05-20 02:05:52 - [TEST_STEP][PASSED] - if (fileNames[i].contains(".rs")): null

2020-05-20 02:05:52 - [TEST_STEP][PASSED] - fileNames[i] = fileNames[i].replace(".rs", ""): null

2020-05-20 02:05:52 - [TEST_STEP][PASSED] - testObjects.add(objectSubFolder + fileNames[i]): null

2020-05-20 02:05:52 - [TEST_STEP][PASSED] - if (fileNames[i].contains(".rs")): null

2020-05-20 02:05:52 - [TEST_STEP][PASSED] - fileNames[i] = fileNames[i].replace(".rs", ""): null

2020-05-20 02:05:52 - [TEST_STEP][PASSED] - testObjects.add(objectSubFolder + fileNames[i]): null

2020-05-20 02:05:52 - [TEST_STEP][PASSED] - if (fileNames[i].contains(".rs")): null

2020-05-20 02:05:52 - [TEST_STEP][PASSED] - fileNames[i] = fileNames[i].replace(".rs", ""): null

2020-05-20 02:05:52 - [TEST_STEP][PASSED] - testObjects.add(objectSubFolder + fileNames[i]): null

2020-05-20 02:05:52 - [TEST_STEP][PASSED] - if (fileNames[i].contains(".rs")): null

2020-05-20 02:05:52 - [TEST_STEP][PASSED] - fileNames[i] = fileNames[i].replace(".rs", ""): null

2020-05-20 02:05:52 - [TEST_STEP][PASSED] - testObjects.add(objectSubFolder + fileNames[i]): null

2020-05-20 02:05:52 - [TEST_STEP][PASSED] - if (fileNames[i].contains(".rs")): null

2020-05-20 02:05:52 - [TEST_STEP][PASSED] - fileNames[i] = fileNames[i].replace(".rs", ""): null

2020-05-20 02:05:52 - [TEST_STEP][PASSED] - testObjects.add(objectSubFolder + fileNames[i]): null

2020-05-20 02:05:52 - [TEST_STEP][PASSED] - if (fileNames[i].contains(".rs")): null

2020-05-20 02:05:52 - [TEST_STEP][PASSED] - fileNames[i] = fileNames[i].replace(".rs", ""): null

2020-05-20 02:05:52 - [TEST_STEP][PASSED] - testObjects.add(objectSubFolder + fileNames[i]): null

2020-05-20 02:05:52 - [TEST_STEP][PASSED] - for (String obj : testObjects): Object 'Object Repository/Web RoomMe.id\Community Page\Community Registration\Textfield Mobile Number' is visible

2020-05-20 02:05:52 - [TEST_STEP][PASSED] - verifyElementVisible(findTestObject(obj)): Object 'Object Repository/Web RoomMe.id\Community Page\Community Registration\Button Submit' is visible

2020-05-20 02:05:52 - [MESSAGE][PASSED] - Object 'Object Repository/Web RoomMe.id\Community Page\Community Registration\Button Submit' is visible

2020-05-20 02:05:52 - [TEST_STEP][PASSED] - verifyElementVisible(findTestObject(obj)): Object 'Object Repository/Web RoomMe.id\Community Page\Community Registration\Dropdown Interest Default' is visible

2020-05-20 02:05:52 - [MESSAGE][PASSED] - Object 'Object Repository/Web RoomMe.id\Community Page\Community Registration\Dropdown Interest Default' is visible

2020-05-20 02:05:52 - [TEST_STEP][PASSED] - verifyElementVisible(findTestObject(obj)): Object 'Object Repository/Web RoomMe.id\Community Page\Community Registration\Dropdown Interest' is visible

2020-05-20 02:05:53 - [MESSAGE][PASSED] - Object 'Object Repository/Web RoomMe.id\Community Page\Community Registration\Dropdown Interest' is visible

2020-05-20 02:05:53 - [TEST_STEP][PASSED] - verifyElementVisible(findTestObject(obj)): Object 'Object Repository/Web RoomMe.id\Community Page\Community Registration\Image 2020 RoomMe All Right Reserved' is visible

2020-05-20 02:05:53 - [MESSAGE][PASSED] - Object 'Object Repository/Web RoomMe.id\Community Page\Community Registration\Image 2020 RoomMe All Right Reserved' is visible

2020-05-20 02:05:53 - [TEST_STEP][PASSED] - verifyElementVisible(findTestObject(obj)): Object 'Object Repository/Web RoomMe.id\Community Page\Community Registration\RadioButton Female' is visible

2020-05-20 02:05:54 - [MESSAGE][PASSED] - Object 'Object Repository/Web RoomMe.id\Community Page\Community Registration\RadioButton Female' is visible

2020-05-20 02:05:54 - [TEST_STEP][PASSED] - verifyElementVisible(findTestObject(obj)): Object 'Object Repository/Web RoomMe.id\Community Page\Community Registration\RadioButton Male' is visible

2020-05-20 02:05:54 - [MESSAGE][PASSED] - Object 'Object Repository/Web RoomMe.id\Community Page\Community Registration\RadioButton Male' is visible

2020-05-20 02:05:54 - [TEST_STEP][PASSED] - verifyElementVisible(findTestObject(obj)): Object 'Object Repository/Web RoomMe.id\Community Page\Community Registration\Text Birthdate' is visible

2020-05-20 02:05:55 - [MESSAGE][PASSED] - Object 'Object Repository/Web RoomMe.id\Community Page\Community Registration\Text Birthdate' is visible

2020-05-20 02:05:55 - [TEST_STEP][PASSED] - verifyElementVisible(findTestObject(obj)): Object 'Object Repository/Web RoomMe.id\Community Page\Community Registration\Text Community Registration' is visible

2020-05-20 02:05:55 - [MESSAGE][PASSED] - Object 'Object Repository/Web RoomMe.id\Community Page\Community Registration\Text Community Registration' is visible

2020-05-20 02:05:55 - [TEST_STEP][PASSED] - verifyElementVisible(findTestObject(obj)): Object 'Object Repository/Web RoomMe.id\Community Page\Community Registration\Text Email Address' is visible

2020-05-20 02:05:55 - [MESSAGE][PASSED] - Object 'Object Repository/Web RoomMe.id\Community Page\Community Registration\Text Email Address' is visible

2020-05-20 02:05:55 - [TEST_STEP][PASSED] - verifyElementVisible(findTestObject(obj)): Object 'Object Repository/Web RoomMe.id\Community Page\Community Registration\Text Full Name' is visible

2020-05-20 02:05:56 - [MESSAGE][PASSED] - Object 'Object Repository/Web RoomMe.id\Community Page\Community Registration\Text Full Name' is visible

2020-05-20 02:05:56 - [TEST_STEP][PASSED] - verifyElementVisible(findTestObject(obj)): Object 'Object Repository/Web RoomMe.id\Community Page\Community Registration\Text Gender' is visible

2020-05-20 02:05:56 - [MESSAGE][PASSED] - Object 'Object Repository/Web RoomMe.id\Community Page\Community Registration\Text Gender' is visible

2020-05-20 02:05:56 - [TEST_STEP][PASSED] - verifyElementVisible(findTestObject(obj)): Object 'Object Repository/Web RoomMe.id\Community Page\Community Registration\Text Interest' is visible

2020-05-20 02:05:56 - [MESSAGE][PASSED] - Object 'Object Repository/Web RoomMe.id\Community Page\Community Registration\Text Interest' is visible

2020-05-20 02:05:56 - [TEST_STEP][PASSED] - verifyElementVisible(findTestObject(obj)): Object 'Object Repository/Web RoomMe.id\Community Page\Community Registration\Text Mobile Number' is visible

2020-05-20 02:05:57 - [MESSAGE][PASSED] - Object 'Object Repository/Web RoomMe.id\Community Page\Community Registration\Text Mobile Number' is visible

2020-05-20 02:05:57 - [TEST_STEP][PASSED] - verifyElementVisible(findTestObject(obj)): Object 'Object Repository/Web RoomMe.id\Community Page\Community Registration\Text The minimum age allowed is 17 years' is visible

2020-05-20 02:05:57 - [MESSAGE][PASSED] - Object 'Object Repository/Web RoomMe.id\Community Page\Community Registration\Text The minimum age allowed is 17 years' is visible

2020-05-20 02:05:57 - [TEST_STEP][PASSED] - verifyElementVisible(findTestObject(obj)): Object 'Object Repository/Web RoomMe.id\Community Page\Community Registration\Textfield Email Address' is visible

2020-05-20 02:05:57 - [MESSAGE][PASSED] - Object 'Object Repository/Web RoomMe.id\Community Page\Community Registration\Textfield Email Address' is visible

2020-05-20 02:05:57 - [TEST_STEP][PASSED] - verifyElementVisible(findTestObject(obj)): Object 'Object Repository/Web RoomMe.id\Community Page\Community Registration\Textfield Full Name' is visible

2020-05-20 02:05:58 - [MESSAGE][PASSED] - Object 'Object Repository/Web RoomMe.id\Community Page\Community Registration\Textfield Full Name' is visible

2020-05-20 02:05:58 - [TEST_STEP][PASSED] - verifyElementVisible(findTestObject(obj)): Object 'Object Repository/Web RoomMe.id\Community Page\Community Registration\Textfield Mobile Number' is visible

2020-05-20 02:05:58 - [MESSAGE][PASSED] - Object 'Object Repository/Web RoomMe.id\Community Page\Community Registration\Textfield Mobile Number' is visible

2020-05-20 02:05:58 - [MESSAGE][PASSED] - Call Test Case 'Test Cases/Web RoomMe.id/20. Community Registration/1. Verify Registration Form' successfully

2020-05-20 02:05:58 - [TEST_STEP][PASSED] - waitForElementVisible(findTestObject("Web RoomMe.id/Community Page/Community Registration/Textfield Full Name"), 0): Object 'Object Repository/Web RoomMe.id/Community Page/Community Registration/Textfield Full Name' is visible

2020-05-20 02:05:58 - [MESSAGE][WARNING] - Timeout '0' is invalid. Using default page load timeout: '30'

2020-05-20 02:05:59 - [MESSAGE][PASSED] - Object 'Object Repository/Web RoomMe.id/Community Page/Community Registration/Textfield Full Name' is visible

2020-05-20 02:05:59 - [TEST_STEP][PASSED] - click(findTestObject("Web RoomMe.id/Community Page/Community Registration/RadioButton Male")): Object: 'Object Repository/Web RoomMe.id/Community Page/Community Registration/RadioButton Male' is clicked on

2020-05-20 02:05:59 - [MESSAGE][PASSED] - Object: 'Object Repository/Web RoomMe.id/Community Page/Community Registration/RadioButton Male' is clicked on

2020-05-20 02:05:59 - [TEST_STEP][PASSED] - click(findTestObject("Web RoomMe.id/Community Page/Community Registration/Birthdate Datepicker/Datepicker Birthdate_date (1)")): Object: 'Object Repository/Web RoomMe.id/Community Page/Community Registration/Birthdate Datepicker/Datepicker Birthdate_date (1)' is clicked on

2020-05-20 02:06:00 - [MESSAGE][PASSED] - Object: 'Object Repository/Web RoomMe.id/Community Page/Community Registration/Birthdate Datepicker/Datepicker Birthdate_date (1)' is clicked on

2020-05-20 02:06:00 - [TEST_STEP][PASSED] - click(findTestObject("Web RoomMe.id/Community Page/Community Registration/Birthdate Datepicker/Button Day 1")): Object: 'Object Repository/Web RoomMe.id/Community Page/Community Registration/Birthdate Datepicker/Button Day 1' is clicked on

2020-05-20 02:06:00 - [MESSAGE][PASSED] - Object: 'Object Repository/Web RoomMe.id/Community Page/Community Registration/Birthdate Datepicker/Button Day 1' is clicked on

2020-05-20 02:06:00 - [TEST_STEP][PASSED] - sendKeys(findTestObject("Web RoomMe.id/Community Page/Community Registration/Textfield Mobile Number"), "081234567890"): Keys '081234567890' sent to object: 'Object Repository/Web RoomMe.id/Community Page/Community Registration/Textfield Mobile Number'

2020-05-20 02:06:01 - [MESSAGE][PASSED] - Keys '081234567890' sent to object: 'Object Repository/Web RoomMe.id/Community Page/Community Registration/Textfield Mobile Number'

2020-05-20 02:06:01 - [TEST_STEP][PASSED] - sendKeys(findTestObject("Web RoomMe.id/Community Page/Community Registration/Textfield Email Address"), "faldiat" + RandomStringUtils.randomNumeric(5)): Keys 'faldiat89536' sent to object: 'Object Repository/Web RoomMe.id/Community Page/Community Registration/Textfield Email Address'

2020-05-20 02:06:02 - [MESSAGE][PASSED] - Keys 'faldiat89536' sent to object: 'Object Repository/Web RoomMe.id/Community Page/Community Registration/Textfield Email Address'

2020-05-20 02:06:02 - [TEST_STEP][PASSED] - sendKeys(findTestObject("Web RoomMe.id/Community Page/Community Registration/Textfield Email Address"), "@gmail.com"): Keys '@gmail.com' sent to object: 'Object Repository/Web RoomMe.id/Community Page/Community Registration/Textfield Email Address'

2020-05-20 02:06:02 - [MESSAGE][PASSED] - Keys '@gmail.com' sent to object: 'Object Repository/Web RoomMe.id/Community Page/Community Registration/Textfield Email Address'

2020-05-20 02:06:02 - [TEST_STEP][PASSED] - selectOptionByIndex(findTestObject("Web RoomMe.id/Community Page/Community Registration/Dropdown Interest"), "4"): All options with index in [4] are selected on object 'Object Repository/Web RoomMe.id/Community Page/Community Registration/Dropdown Interest'

2020-05-20 02:06:04 - [MESSAGE][PASSED] - All options with index in [4] are selected on object 'Object Repository/Web RoomMe.id/Community Page/Community Registration/Dropdown Interest'

2020-05-20 02:06:04 - [TEST_STEP][PASSED] - click(findTestObject("Web RoomMe.id/Community Page/Community Registration/Button Submit")): Object: 'Object Repository/Web RoomMe.id/Community Page/Community Registration/Button Submit' is clicked on

2020-05-20 02:06:04 - [MESSAGE][PASSED] - Object: 'Object Repository/Web RoomMe.id/Community Page/Community Registration/Button Submit' is clicked on

2020-05-20 02:06:04 - [TEST_STEP][PASSED] - waitForElementVisible(findTestObject("Web RoomMe.id/Community Page/Community Registration/Error Message/Text Name is required"), 0): Object 'Object Repository/Web RoomMe.id/Community Page/Community Registration/Error Message/Text Name is required' is visible

2020-05-20 02:06:04 - [MESSAGE][WARNING] - Timeout '0' is invalid. Using default page load timeout: '30'

2020-05-20 02:06:05 - [MESSAGE][PASSED] - Object 'Object Repository/Web RoomMe.id/Community Page/Community Registration/Error Message/Text Name is required' is visible

2020-05-20 02:06:05 - [TEST_STEP][PASSED] - sendKeys(findTestObject("Web RoomMe.id/Community Page/Community Registration/Textfield Full Name"), "ab"): Keys 'ab' sent to object: 'Object Repository/Web RoomMe.id/Community Page/Community Registration/Textfield Full Name'

2020-05-20 02:06:05 - [MESSAGE][PASSED] - Keys 'ab' sent to object: 'Object Repository/Web RoomMe.id/Community Page/Community Registration/Textfield Full Name'

2020-05-20 02:06:05 - [TEST_STEP][PASSED] - waitForElementVisible(findTestObject("Web RoomMe.id/Community Page/Community Registration/Error Message/Text At least input 3 characters long"), 0): Object 'Object Repository/Web RoomMe.id/Community Page/Community Registration/Error Message/Text At least input 3 characters long' is visible

2020-05-20 02:06:06 - [MESSAGE][WARNING] - Timeout '0' is invalid. Using default page load timeout: '30'

2020-05-20 02:06:06 - [MESSAGE][PASSED] - Object 'Object Repository/Web RoomMe.id/Community Page/Community Registration/Error Message/Text At least input 3 characters long' is visible

2020-05-20 02:06:06 - [TEST_STEP][PASSED] - click(findTestObject("Web RoomMe.id/Community Page/Community Registration/Button Submit")): Object: 'Object Repository/Web RoomMe.id/Community Page/Community Registration/Button Submit' is clicked on

2020-05-20 02:06:07 - [MESSAGE][PASSED] - Object: 'Object Repository/Web RoomMe.id/Community Page/Community Registration/Button Submit' is clicked on

2020-05-20 02:06:07 - [TEST_STEP][PASSED] - sendKeys(findTestObject("Web RoomMe.id/Community Page/Community Registration/Textfield Full Name"), Keys.chord(CONTROL, "a", BACK_SPACE)): Keys 'CONTROL + BACK_SPACE + a' sent to object: 'Object Repository/Web RoomMe.id/Community Page/Community Registration/Textfield Full Name'

2020-05-20 02:06:07 - [MESSAGE][PASSED] - Keys 'CONTROL + BACK_SPACE + a' sent to object: 'Object Repository/Web RoomMe.id/Community Page/Community Registration/Textfield Full Name'

2020-05-20 02:06:07 - [TEST_STEP][PASSED] - sendKeys(findTestObject("Web RoomMe.id/Community Page/Community Registration/Textfield Full Name"), "123"): Keys '123' sent to object: 'Object Repository/Web RoomMe.id/Community Page/Community Registration/Textfield Full Name'

2020-05-20 02:06:07 - [MESSAGE][PASSED] - Keys '123' sent to object: 'Object Repository/Web RoomMe.id/Community Page/Community Registration/Textfield Full Name'

2020-05-20 02:06:07 - [TEST_STEP][PASSED] - waitForElementVisible(findTestObject("Web RoomMe.id/Community Page/Community Registration/Error Message/Text Your name seems to contain incorrect characters"), 0): Object 'Object Repository/Web RoomMe.id/Community Page/Community Registration/Error Message/Text Your name seems to contain incorrect characters' is visible

2020-05-20 02:06:07 - [MESSAGE][WARNING] - Timeout '0' is invalid. Using default page load timeout: '30'

2020-05-20 02:06:09 - [MESSAGE][PASSED] - Object 'Object Repository/Web RoomMe.id/Community Page/Community Registration/Error Message/Text Your name seems to contain incorrect characters' is visible

2020-05-20 02:06:09 - [TEST_STEP][PASSED] - click(findTestObject("Web RoomMe.id/Community Page/Community Registration/Button Submit")): Object: 'Object Repository/Web RoomMe.id/Community Page/Community Registration/Button Submit' is clicked on

2020-05-20 02:06:09 - [MESSAGE][PASSED] - Object: 'Object Repository/Web RoomMe.id/Community Page/Community Registration/Button Submit' is clicked on

2020-05-20 02:06:09 - [TEST_STEP][PASSED] - sendKeys(findTestObject("Web RoomMe.id/Community Page/Community Registration/Textfield Full Name"), Keys.chord(CONTROL, "a", BACK_SPACE)): Keys 'CONTROL + BACK_SPACE + a' sent to object: 'Object Repository/Web RoomMe.id/Community Page/Community Registration/Textfield Full Name'

2020-05-20 02:06:09 - [MESSAGE][PASSED] - Keys 'CONTROL + BACK_SPACE + a' sent to object: 'Object Repository/Web RoomMe.id/Community Page/Community Registration/Textfield Full Name'

2020-05-20 02:06:09 - [TEST_STEP][PASSED] - sendKeys(findTestObject("Web RoomMe.id/Community Page/Community Registration/Textfield Full Name"), "!@#$"): Keys '!@#$' sent to object: 'Object Repository/Web RoomMe.id/Community Page/Community Registration/Textfield Full Name'

2020-05-20 02:06:10 - [MESSAGE][PASSED] - Keys '!@#$' sent to object: 'Object Repository/Web RoomMe.id/Community Page/Community Registration/Textfield Full Name'

2020-05-20 02:06:10 - [TEST_STEP][PASSED] - waitForElementVisible(findTestObject("Web RoomMe.id/Community Page/Community Registration/Error Message/Text Your name seems to contain incorrect characters"), 0): Object 'Object Repository/Web RoomMe.id/Community Page/Community Registration/Error Message/Text Your name seems to contain incorrect characters' is visible

2020-05-20 02:06:10 - [MESSAGE][WARNING] - Timeout '0' is invalid. Using default page load timeout: '30'

2020-05-20 02:06:11 - [MESSAGE][PASSED] - Object 'Object Repository/Web RoomMe.id/Community Page/Community Registration/Error Message/Text Your name seems to contain incorrect characters' is visible

2020-05-20 02:06:11 - [TEST_STEP][PASSED] - click(findTestObject("Web RoomMe.id/Community Page/Community Registration/Button Submit")): Object: 'Object Repository/Web RoomMe.id/Community Page/Community Registration/Button Submit' is clicked on

2020-05-20 02:06:11 - [MESSAGE][PASSED] - Object: 'Object Repository/Web RoomMe.id/Community Page/Community Registration/Button Submit' is clicked on

2020-05-20 02:06:11 - [TEST_STEP][PASSED] - sendKeys(findTestObject("Web RoomMe.id/Community Page/Community Registration/Textfield Full Name"), Keys.chord(CONTROL, "a", BACK_SPACE)): Keys 'CONTROL + BACK_SPACE + a' sent to object: 'Object Repository/Web RoomMe.id/Community Page/Community Registration/Textfield Full Name'

2020-05-20 02:06:12 - [MESSAGE][PASSED] - Keys 'CONTROL + BACK_SPACE + a' sent to object: 'Object Repository/Web RoomMe.id/Community Page/Community Registration/Textfield Full Name'

2020-05-20 02:06:12 - [TEST_STEP][PASSED] - sendKeys(findTestObject("Web RoomMe.id/Community Page/Community Registration/Textfield Full Name"), "abcde12345abcde12345abcde12345abcde12345abcde12345as"): Keys 'abcde12345abcde12345abcde12345abcde12345abcde12345as' sent to object: 'Object Repository/Web RoomMe.id/Community Page/Community Registration/Textfield Full Name'

2020-05-20 02:06:13 - [MESSAGE][PASSED] - Keys 'abcde12345abcde12345abcde12345abcde12345abcde12345as' sent to object: 'Object Repository/Web RoomMe.id/Community Page/Community Registration/Textfield Full Name'

2020-05-20 02:06:13 - [TEST_STEP][PASSED] - waitForElementVisible(findTestObject("Web RoomMe.id/Community Page/Community Registration/Error Message/Text Name input characters is 50"), 0): Object 'Object Repository/Web RoomMe.id/Community Page/Community Registration/Error Message/Text Name input characters is 50' is visible

2020-05-20 02:06:13 - [MESSAGE][WARNING] - Timeout '0' is invalid. Using default page load timeout: '30'

2020-05-20 02:06:14 - [MESSAGE][PASSED] - Object 'Object Repository/Web RoomMe.id/Community Page/Community Registration/Error Message/Text Name input characters is 50' is visible

2020-05-20 02:06:14 - [TEST_STEP][PASSED] - click(findTestObject("Web RoomMe.id/Community Page/Community Registration/Button Submit")): Object: 'Object Repository/Web RoomMe.id/Community Page/Community Registration/Button Submit' is clicked on

2020-05-20 02:06:14 - [MESSAGE][PASSED] - Object: 'Object Repository/Web RoomMe.id/Community Page/Community Registration/Button Submit' is clicked on

2020-05-20 02:06:14 - [TEST_STEP][PASSED] - sendKeys(findTestObject("Web RoomMe.id/Community Page/Community Registration/Textfield Full Name"), Keys.chord(CONTROL, "a", BACK_SPACE)): Keys 'CONTROL + BACK_SPACE + a' sent to object: 'Object Repository/Web RoomMe.id/Community Page/Community Registration/Textfield Full Name'

2020-05-20 02:06:15 - [MESSAGE][PASSED] - Keys 'CONTROL + BACK_SPACE + a' sent to object: 'Object Repository/Web RoomMe.id/Community Page/Community Registration/Textfield Full Name']]></system-out>
         <system-err><![CDATA[]]></system-err>
      </testcase>
      <testcase name="Test Cases/Web RoomMe.id/20. Community Registration/6. Customer Register without Select Gender" time="29.751" classname="Test Cases/Web RoomMe.id/20. Community Registration/6. Customer Register without Select Gender" status="PASSED">
         <system-out><![CDATA[2020-05-20 02:06:15 - [TEST_CASE][PASSED] - Test Cases/Web RoomMe.id/20. Community Registration/6. Customer Register without Select Gender: Test Cases/Web RoomMe.id/20. Community Registration/6. Customer Register without Select Gender

2020-05-20 02:06:15 - [TEST_STEP][PASSED] - callTestCase(findTestCase("Web RoomMe.id/6. Community/Customer Access Community Page"), [:], STOP_ON_FAILURE): Call Test Case 'Test Cases/Web RoomMe.id/6. Community/Customer Access Community Page' successfully

2020-05-20 02:06:15 - [TEST_CASE][PASSED] - Test Cases/Web RoomMe.id/6. Community/Customer Access Community Page: Test Cases/Web RoomMe.id/6. Community/Customer Access Community Page

2020-05-20 02:06:15 - [TEST_STEP][PASSED] - callTestCase(findTestCase("Web RoomMe.id/1. Homepage/1. Customer Access RoomMe Page"), [:], STOP_ON_FAILURE): Call Test Case 'Test Cases/Web RoomMe.id/1. Homepage/1. Customer Access RoomMe Page' successfully

2020-05-20 02:06:15 - [TEST_CASE][PASSED] - Test Cases/Web RoomMe.id/1. Homepage/1. Customer Access RoomMe Page: Test Cases/Web RoomMe.id/1. Homepage/1. Customer Access RoomMe Page

2020-05-20 02:06:15 - [TEST_STEP][PASSED] - openBrowser("https://web.roomme.id/"): Browser is opened with url: 'https://web.roomme.id/'

2020-05-20 02:06:15 - [MESSAGE][WARNING] - A browser is already opened. Closing browser and opening a new one

2020-05-20 02:06:16 - [MESSAGE][INFO] - Starting 'Chrome' driver

2020-05-20 02:06:22 - [MESSAGE][PASSED] - Browser is opened with url: 'https://web.roomme.id/'

2020-05-20 02:06:22 - [TEST_STEP][PASSED] - maximizeWindow(): Current window maximized

2020-05-20 02:06:25 - [MESSAGE][PASSED] - Current window maximized

2020-05-20 02:06:25 - [TEST_STEP][PASSED] - waitForPageLoad(0): Wait for page load successfully

2020-05-20 02:06:25 - [MESSAGE][WARNING] - Timeout '0' is invalid. Using default page load timeout: '30'

2020-05-20 02:06:25 - [MESSAGE][PASSED] - Wait for page load successfully

2020-05-20 02:06:25 - [MESSAGE][PASSED] - Call Test Case 'Test Cases/Web RoomMe.id/1. Homepage/1. Customer Access RoomMe Page' successfully

2020-05-20 02:06:25 - [TEST_STEP][PASSED] - waitForElementVisible(findTestObject("Web RoomMe.id/RoomMe.id Header/Button Community"), 30): Object 'Object Repository/Web RoomMe.id/RoomMe.id Header/Button Community' is visible

2020-05-20 02:06:25 - [MESSAGE][PASSED] - Object 'Object Repository/Web RoomMe.id/RoomMe.id Header/Button Community' is visible

2020-05-20 02:06:25 - [TEST_STEP][PASSED] - click(findTestObject("Web RoomMe.id/RoomMe.id Header/Button Community")): Object: 'Object Repository/Web RoomMe.id/RoomMe.id Header/Button Community' is clicked on

2020-05-20 02:06:28 - [MESSAGE][PASSED] - Object: 'Object Repository/Web RoomMe.id/RoomMe.id Header/Button Community' is clicked on

2020-05-20 02:06:28 - [TEST_STEP][PASSED] - waitForPageLoad(0): Wait for page load successfully

2020-05-20 02:06:28 - [MESSAGE][WARNING] - Timeout '0' is invalid. Using default page load timeout: '30'

2020-05-20 02:06:30 - [MESSAGE][PASSED] - Wait for page load successfully

2020-05-20 02:06:30 - [MESSAGE][PASSED] - Call Test Case 'Test Cases/Web RoomMe.id/6. Community/Customer Access Community Page' successfully

2020-05-20 02:06:30 - [TEST_STEP][PASSED] - waitForElementVisible(findTestObject("Web RoomMe.id/Community Page/Welcome Video/Button Continue on the Form Registration"), 0): Object 'Object Repository/Web RoomMe.id/Community Page/Welcome Video/Button Continue on the Form Registration' is visible

2020-05-20 02:06:30 - [MESSAGE][WARNING] - Timeout '0' is invalid. Using default page load timeout: '30'

2020-05-20 02:06:30 - [MESSAGE][PASSED] - Object 'Object Repository/Web RoomMe.id/Community Page/Welcome Video/Button Continue on the Form Registration' is visible

2020-05-20 02:06:30 - [TEST_STEP][PASSED] - click(findTestObject("Web RoomMe.id/Community Page/Welcome Video/Button Continue on the Form Registration"), STOP_ON_FAILURE): Object: 'Object Repository/Web RoomMe.id/Community Page/Welcome Video/Button Continue on the Form Registration' is clicked on

2020-05-20 02:06:31 - [MESSAGE][PASSED] - Object: 'Object Repository/Web RoomMe.id/Community Page/Welcome Video/Button Continue on the Form Registration' is clicked on

2020-05-20 02:06:31 - [TEST_STEP][PASSED] - callTestCase(findTestCase("Web RoomMe.id/20. Community Registration/1. Verify Registration Form"), [:], STOP_ON_FAILURE): Call Test Case 'Test Cases/Web RoomMe.id/20. Community Registration/1. Verify Registration Form' successfully

2020-05-20 02:06:31 - [TEST_CASE][PASSED] - Test Cases/Web RoomMe.id/20. Community Registration/1. Verify Registration Form: Test Cases/Web RoomMe.id/20. Community Registration/1. Verify Registration Form

2020-05-20 02:06:31 - [TEST_STEP][PASSED] - objectSubFolder = "Web RoomMe.id\Community Page\Community Registration\": null

2020-05-20 02:06:31 - [TEST_STEP][PASSED] - pathToObjRep = getProjectDir() + "\Object Repository\" + objectSubFolder: null

2020-05-20 02:06:31 - [TEST_STEP][PASSED] - yourObjects = new java.io.File(pathToObjRep): null

2020-05-20 02:06:31 - [TEST_STEP][PASSED] - fileNames = yourObjects.list(): null

2020-05-20 02:06:31 - [TEST_STEP][PASSED] - testObjects = new java.util.ArrayList(): null

2020-05-20 02:06:31 - [TEST_STEP][PASSED] - for ([i = 0, i < length, (i++)]): null

2020-05-20 02:06:31 - [TEST_STEP][PASSED] - if (fileNames[i].contains(".rs")): null

2020-05-20 02:06:31 - [TEST_STEP][PASSED] - if (fileNames[i].contains(".rs")): null

2020-05-20 02:06:31 - [TEST_STEP][PASSED] - fileNames[i] = fileNames[i].replace(".rs", ""): null

2020-05-20 02:06:31 - [TEST_STEP][PASSED] - testObjects.add(objectSubFolder + fileNames[i]): null

2020-05-20 02:06:31 - [TEST_STEP][PASSED] - if (fileNames[i].contains(".rs")): null

2020-05-20 02:06:31 - [TEST_STEP][PASSED] - fileNames[i] = fileNames[i].replace(".rs", ""): null

2020-05-20 02:06:31 - [TEST_STEP][PASSED] - testObjects.add(objectSubFolder + fileNames[i]): null

2020-05-20 02:06:31 - [TEST_STEP][PASSED] - if (fileNames[i].contains(".rs")): null

2020-05-20 02:06:31 - [TEST_STEP][PASSED] - fileNames[i] = fileNames[i].replace(".rs", ""): null

2020-05-20 02:06:31 - [TEST_STEP][PASSED] - testObjects.add(objectSubFolder + fileNames[i]): null

2020-05-20 02:06:31 - [TEST_STEP][PASSED] - if (fileNames[i].contains(".rs")): null

2020-05-20 02:06:31 - [TEST_STEP][PASSED] - if (fileNames[i].contains(".rs")): null

2020-05-20 02:06:31 - [TEST_STEP][PASSED] - fileNames[i] = fileNames[i].replace(".rs", ""): null

2020-05-20 02:06:31 - [TEST_STEP][PASSED] - testObjects.add(objectSubFolder + fileNames[i]): null

2020-05-20 02:06:31 - [TEST_STEP][PASSED] - if (fileNames[i].contains(".rs")): null

2020-05-20 02:06:31 - [TEST_STEP][PASSED] - fileNames[i] = fileNames[i].replace(".rs", ""): null

2020-05-20 02:06:31 - [TEST_STEP][PASSED] - testObjects.add(objectSubFolder + fileNames[i]): null

2020-05-20 02:06:31 - [TEST_STEP][PASSED] - if (fileNames[i].contains(".rs")): null

2020-05-20 02:06:31 - [TEST_STEP][PASSED] - fileNames[i] = fileNames[i].replace(".rs", ""): null

2020-05-20 02:06:31 - [TEST_STEP][PASSED] - testObjects.add(objectSubFolder + fileNames[i]): null

2020-05-20 02:06:31 - [TEST_STEP][PASSED] - if (fileNames[i].contains(".rs")): null

2020-05-20 02:06:31 - [TEST_STEP][PASSED] - if (fileNames[i].contains(".rs")): null

2020-05-20 02:06:31 - [TEST_STEP][PASSED] - fileNames[i] = fileNames[i].replace(".rs", ""): null

2020-05-20 02:06:31 - [TEST_STEP][PASSED] - testObjects.add(objectSubFolder + fileNames[i]): null

2020-05-20 02:06:31 - [TEST_STEP][PASSED] - if (fileNames[i].contains(".rs")): null

2020-05-20 02:06:31 - [TEST_STEP][PASSED] - fileNames[i] = fileNames[i].replace(".rs", ""): null

2020-05-20 02:06:31 - [TEST_STEP][PASSED] - testObjects.add(objectSubFolder + fileNames[i]): null

2020-05-20 02:06:31 - [TEST_STEP][PASSED] - if (fileNames[i].contains(".rs")): null

2020-05-20 02:06:31 - [TEST_STEP][PASSED] - fileNames[i] = fileNames[i].replace(".rs", ""): null

2020-05-20 02:06:31 - [TEST_STEP][PASSED] - testObjects.add(objectSubFolder + fileNames[i]): null

2020-05-20 02:06:31 - [TEST_STEP][PASSED] - if (fileNames[i].contains(".rs")): null

2020-05-20 02:06:31 - [TEST_STEP][PASSED] - fileNames[i] = fileNames[i].replace(".rs", ""): null

2020-05-20 02:06:31 - [TEST_STEP][PASSED] - testObjects.add(objectSubFolder + fileNames[i]): null

2020-05-20 02:06:31 - [TEST_STEP][PASSED] - if (fileNames[i].contains(".rs")): null

2020-05-20 02:06:31 - [TEST_STEP][PASSED] - fileNames[i] = fileNames[i].replace(".rs", ""): null

2020-05-20 02:06:31 - [TEST_STEP][PASSED] - testObjects.add(objectSubFolder + fileNames[i]): null

2020-05-20 02:06:31 - [TEST_STEP][PASSED] - if (fileNames[i].contains(".rs")): null

2020-05-20 02:06:31 - [TEST_STEP][PASSED] - fileNames[i] = fileNames[i].replace(".rs", ""): null

2020-05-20 02:06:31 - [TEST_STEP][PASSED] - testObjects.add(objectSubFolder + fileNames[i]): null

2020-05-20 02:06:31 - [TEST_STEP][PASSED] - if (fileNames[i].contains(".rs")): null

2020-05-20 02:06:31 - [TEST_STEP][PASSED] - fileNames[i] = fileNames[i].replace(".rs", ""): null

2020-05-20 02:06:31 - [TEST_STEP][PASSED] - testObjects.add(objectSubFolder + fileNames[i]): null

2020-05-20 02:06:31 - [TEST_STEP][PASSED] - if (fileNames[i].contains(".rs")): null

2020-05-20 02:06:31 - [TEST_STEP][PASSED] - fileNames[i] = fileNames[i].replace(".rs", ""): null

2020-05-20 02:06:31 - [TEST_STEP][PASSED] - testObjects.add(objectSubFolder + fileNames[i]): null

2020-05-20 02:06:31 - [TEST_STEP][PASSED] - if (fileNames[i].contains(".rs")): null

2020-05-20 02:06:31 - [TEST_STEP][PASSED] - fileNames[i] = fileNames[i].replace(".rs", ""): null

2020-05-20 02:06:31 - [TEST_STEP][PASSED] - testObjects.add(objectSubFolder + fileNames[i]): null

2020-05-20 02:06:31 - [TEST_STEP][PASSED] - if (fileNames[i].contains(".rs")): null

2020-05-20 02:06:31 - [TEST_STEP][PASSED] - fileNames[i] = fileNames[i].replace(".rs", ""): null

2020-05-20 02:06:31 - [TEST_STEP][PASSED] - testObjects.add(objectSubFolder + fileNames[i]): null

2020-05-20 02:06:31 - [TEST_STEP][PASSED] - if (fileNames[i].contains(".rs")): null

2020-05-20 02:06:31 - [TEST_STEP][PASSED] - fileNames[i] = fileNames[i].replace(".rs", ""): null

2020-05-20 02:06:31 - [TEST_STEP][PASSED] - testObjects.add(objectSubFolder + fileNames[i]): null

2020-05-20 02:06:31 - [TEST_STEP][PASSED] - for (String obj : testObjects): Object 'Object Repository/Web RoomMe.id\Community Page\Community Registration\Textfield Mobile Number' is visible

2020-05-20 02:06:31 - [TEST_STEP][PASSED] - verifyElementVisible(findTestObject(obj)): Object 'Object Repository/Web RoomMe.id\Community Page\Community Registration\Button Submit' is visible

2020-05-20 02:06:32 - [MESSAGE][PASSED] - Object 'Object Repository/Web RoomMe.id\Community Page\Community Registration\Button Submit' is visible

2020-05-20 02:06:32 - [TEST_STEP][PASSED] - verifyElementVisible(findTestObject(obj)): Object 'Object Repository/Web RoomMe.id\Community Page\Community Registration\Dropdown Interest Default' is visible

2020-05-20 02:06:32 - [MESSAGE][PASSED] - Object 'Object Repository/Web RoomMe.id\Community Page\Community Registration\Dropdown Interest Default' is visible

2020-05-20 02:06:32 - [TEST_STEP][PASSED] - verifyElementVisible(findTestObject(obj)): Object 'Object Repository/Web RoomMe.id\Community Page\Community Registration\Dropdown Interest' is visible

2020-05-20 02:06:32 - [MESSAGE][PASSED] - Object 'Object Repository/Web RoomMe.id\Community Page\Community Registration\Dropdown Interest' is visible

2020-05-20 02:06:32 - [TEST_STEP][PASSED] - verifyElementVisible(findTestObject(obj)): Object 'Object Repository/Web RoomMe.id\Community Page\Community Registration\Image 2020 RoomMe All Right Reserved' is visible

2020-05-20 02:06:33 - [MESSAGE][PASSED] - Object 'Object Repository/Web RoomMe.id\Community Page\Community Registration\Image 2020 RoomMe All Right Reserved' is visible

2020-05-20 02:06:33 - [TEST_STEP][PASSED] - verifyElementVisible(findTestObject(obj)): Object 'Object Repository/Web RoomMe.id\Community Page\Community Registration\RadioButton Female' is visible

2020-05-20 02:06:33 - [MESSAGE][PASSED] - Object 'Object Repository/Web RoomMe.id\Community Page\Community Registration\RadioButton Female' is visible

2020-05-20 02:06:33 - [TEST_STEP][PASSED] - verifyElementVisible(findTestObject(obj)): Object 'Object Repository/Web RoomMe.id\Community Page\Community Registration\RadioButton Male' is visible

2020-05-20 02:06:34 - [MESSAGE][PASSED] - Object 'Object Repository/Web RoomMe.id\Community Page\Community Registration\RadioButton Male' is visible

2020-05-20 02:06:34 - [TEST_STEP][PASSED] - verifyElementVisible(findTestObject(obj)): Object 'Object Repository/Web RoomMe.id\Community Page\Community Registration\Text Birthdate' is visible

2020-05-20 02:06:34 - [MESSAGE][PASSED] - Object 'Object Repository/Web RoomMe.id\Community Page\Community Registration\Text Birthdate' is visible

2020-05-20 02:06:34 - [TEST_STEP][PASSED] - verifyElementVisible(findTestObject(obj)): Object 'Object Repository/Web RoomMe.id\Community Page\Community Registration\Text Community Registration' is visible

2020-05-20 02:06:35 - [MESSAGE][PASSED] - Object 'Object Repository/Web RoomMe.id\Community Page\Community Registration\Text Community Registration' is visible

2020-05-20 02:06:35 - [TEST_STEP][PASSED] - verifyElementVisible(findTestObject(obj)): Object 'Object Repository/Web RoomMe.id\Community Page\Community Registration\Text Email Address' is visible

2020-05-20 02:06:35 - [MESSAGE][PASSED] - Object 'Object Repository/Web RoomMe.id\Community Page\Community Registration\Text Email Address' is visible

2020-05-20 02:06:35 - [TEST_STEP][PASSED] - verifyElementVisible(findTestObject(obj)): Object 'Object Repository/Web RoomMe.id\Community Page\Community Registration\Text Full Name' is visible

2020-05-20 02:06:35 - [MESSAGE][PASSED] - Object 'Object Repository/Web RoomMe.id\Community Page\Community Registration\Text Full Name' is visible

2020-05-20 02:06:35 - [TEST_STEP][PASSED] - verifyElementVisible(findTestObject(obj)): Object 'Object Repository/Web RoomMe.id\Community Page\Community Registration\Text Gender' is visible

2020-05-20 02:06:36 - [MESSAGE][PASSED] - Object 'Object Repository/Web RoomMe.id\Community Page\Community Registration\Text Gender' is visible

2020-05-20 02:06:36 - [TEST_STEP][PASSED] - verifyElementVisible(findTestObject(obj)): Object 'Object Repository/Web RoomMe.id\Community Page\Community Registration\Text Interest' is visible

2020-05-20 02:06:36 - [MESSAGE][PASSED] - Object 'Object Repository/Web RoomMe.id\Community Page\Community Registration\Text Interest' is visible

2020-05-20 02:06:36 - [TEST_STEP][PASSED] - verifyElementVisible(findTestObject(obj)): Object 'Object Repository/Web RoomMe.id\Community Page\Community Registration\Text Mobile Number' is visible

2020-05-20 02:06:36 - [MESSAGE][PASSED] - Object 'Object Repository/Web RoomMe.id\Community Page\Community Registration\Text Mobile Number' is visible

2020-05-20 02:06:36 - [TEST_STEP][PASSED] - verifyElementVisible(findTestObject(obj)): Object 'Object Repository/Web RoomMe.id\Community Page\Community Registration\Text The minimum age allowed is 17 years' is visible

2020-05-20 02:06:37 - [MESSAGE][PASSED] - Object 'Object Repository/Web RoomMe.id\Community Page\Community Registration\Text The minimum age allowed is 17 years' is visible

2020-05-20 02:06:37 - [TEST_STEP][PASSED] - verifyElementVisible(findTestObject(obj)): Object 'Object Repository/Web RoomMe.id\Community Page\Community Registration\Textfield Email Address' is visible

2020-05-20 02:06:37 - [MESSAGE][PASSED] - Object 'Object Repository/Web RoomMe.id\Community Page\Community Registration\Textfield Email Address' is visible

2020-05-20 02:06:37 - [TEST_STEP][PASSED] - verifyElementVisible(findTestObject(obj)): Object 'Object Repository/Web RoomMe.id\Community Page\Community Registration\Textfield Full Name' is visible

2020-05-20 02:06:37 - [MESSAGE][PASSED] - Object 'Object Repository/Web RoomMe.id\Community Page\Community Registration\Textfield Full Name' is visible

2020-05-20 02:06:37 - [TEST_STEP][PASSED] - verifyElementVisible(findTestObject(obj)): Object 'Object Repository/Web RoomMe.id\Community Page\Community Registration\Textfield Mobile Number' is visible

2020-05-20 02:06:38 - [MESSAGE][PASSED] - Object 'Object Repository/Web RoomMe.id\Community Page\Community Registration\Textfield Mobile Number' is visible

2020-05-20 02:06:38 - [MESSAGE][PASSED] - Call Test Case 'Test Cases/Web RoomMe.id/20. Community Registration/1. Verify Registration Form' successfully

2020-05-20 02:06:38 - [TEST_STEP][PASSED] - waitForElementVisible(findTestObject("Web RoomMe.id/Community Page/Community Registration/Textfield Full Name"), 0): Object 'Object Repository/Web RoomMe.id/Community Page/Community Registration/Textfield Full Name' is visible

2020-05-20 02:06:38 - [MESSAGE][WARNING] - Timeout '0' is invalid. Using default page load timeout: '30'

2020-05-20 02:06:38 - [MESSAGE][PASSED] - Object 'Object Repository/Web RoomMe.id/Community Page/Community Registration/Textfield Full Name' is visible

2020-05-20 02:06:38 - [TEST_STEP][PASSED] - click(findTestObject("Web RoomMe.id/Community Page/Community Registration/Birthdate Datepicker/Datepicker Birthdate_date (1)")): Object: 'Object Repository/Web RoomMe.id/Community Page/Community Registration/Birthdate Datepicker/Datepicker Birthdate_date (1)' is clicked on

2020-05-20 02:06:39 - [MESSAGE][PASSED] - Object: 'Object Repository/Web RoomMe.id/Community Page/Community Registration/Birthdate Datepicker/Datepicker Birthdate_date (1)' is clicked on

2020-05-20 02:06:39 - [TEST_STEP][PASSED] - click(findTestObject("Web RoomMe.id/Community Page/Community Registration/Birthdate Datepicker/Button Day 1")): Object: 'Object Repository/Web RoomMe.id/Community Page/Community Registration/Birthdate Datepicker/Button Day 1' is clicked on

2020-05-20 02:06:39 - [MESSAGE][PASSED] - Object: 'Object Repository/Web RoomMe.id/Community Page/Community Registration/Birthdate Datepicker/Button Day 1' is clicked on

2020-05-20 02:06:39 - [TEST_STEP][PASSED] - sendKeys(findTestObject("Web RoomMe.id/Community Page/Community Registration/Textfield Mobile Number"), "081234567890"): Keys '081234567890' sent to object: 'Object Repository/Web RoomMe.id/Community Page/Community Registration/Textfield Mobile Number'

2020-05-20 02:06:40 - [MESSAGE][PASSED] - Keys '081234567890' sent to object: 'Object Repository/Web RoomMe.id/Community Page/Community Registration/Textfield Mobile Number'

2020-05-20 02:06:40 - [TEST_STEP][PASSED] - sendKeys(findTestObject("Web RoomMe.id/Community Page/Community Registration/Textfield Email Address"), "faldiat" + RandomStringUtils.randomNumeric(5)): Keys 'faldiat66415' sent to object: 'Object Repository/Web RoomMe.id/Community Page/Community Registration/Textfield Email Address'

2020-05-20 02:06:41 - [MESSAGE][PASSED] - Keys 'faldiat66415' sent to object: 'Object Repository/Web RoomMe.id/Community Page/Community Registration/Textfield Email Address'

2020-05-20 02:06:41 - [TEST_STEP][PASSED] - sendKeys(findTestObject("Web RoomMe.id/Community Page/Community Registration/Textfield Email Address"), "@gmail.com"): Keys '@gmail.com' sent to object: 'Object Repository/Web RoomMe.id/Community Page/Community Registration/Textfield Email Address'

2020-05-20 02:06:41 - [MESSAGE][PASSED] - Keys '@gmail.com' sent to object: 'Object Repository/Web RoomMe.id/Community Page/Community Registration/Textfield Email Address'

2020-05-20 02:06:41 - [TEST_STEP][PASSED] - selectOptionByIndex(findTestObject("Web RoomMe.id/Community Page/Community Registration/Dropdown Interest"), "4"): All options with index in [4] are selected on object 'Object Repository/Web RoomMe.id/Community Page/Community Registration/Dropdown Interest'

2020-05-20 02:06:43 - [MESSAGE][PASSED] - All options with index in [4] are selected on object 'Object Repository/Web RoomMe.id/Community Page/Community Registration/Dropdown Interest'

2020-05-20 02:06:43 - [TEST_STEP][PASSED] - sendKeys(findTestObject("Web RoomMe.id/Community Page/Community Registration/Textfield Full Name"), "Faldi"): Keys 'Faldi' sent to object: 'Object Repository/Web RoomMe.id/Community Page/Community Registration/Textfield Full Name'

2020-05-20 02:06:43 - [MESSAGE][PASSED] - Keys 'Faldi' sent to object: 'Object Repository/Web RoomMe.id/Community Page/Community Registration/Textfield Full Name'

2020-05-20 02:06:43 - [TEST_STEP][PASSED] - click(findTestObject("Web RoomMe.id/Community Page/Community Registration/Button Submit")): Object: 'Object Repository/Web RoomMe.id/Community Page/Community Registration/Button Submit' is clicked on

2020-05-20 02:06:44 - [MESSAGE][PASSED] - Object: 'Object Repository/Web RoomMe.id/Community Page/Community Registration/Button Submit' is clicked on

2020-05-20 02:06:44 - [TEST_STEP][PASSED] - waitForElementVisible(findTestObject("Web RoomMe.id/Community Page/Community Registration/Error Message/Text Gender is required"), 0): Object 'Object Repository/Web RoomMe.id/Community Page/Community Registration/Error Message/Text Gender is required' is visible

2020-05-20 02:06:44 - [MESSAGE][WARNING] - Timeout '0' is invalid. Using default page load timeout: '30'

2020-05-20 02:06:44 - [MESSAGE][PASSED] - Object 'Object Repository/Web RoomMe.id/Community Page/Community Registration/Error Message/Text Gender is required' is visible]]></system-out>
         <system-err><![CDATA[]]></system-err>
      </testcase>
      <testcase name="Test Cases/Web RoomMe.id/20. Community Registration/7. Customer Input Phone Number with Invalid Data" time="28.775" classname="Test Cases/Web RoomMe.id/20. Community Registration/7. Customer Input Phone Number with Invalid Data" status="PASSED">
         <system-out><![CDATA[2020-05-20 02:06:44 - [TEST_CASE][PASSED] - Test Cases/Web RoomMe.id/20. Community Registration/7. Customer Input Phone Number with Invalid Data: Test Cases/Web RoomMe.id/20. Community Registration/7. Customer Input Phone Number with Invalid Data

2020-05-20 02:06:45 - [TEST_STEP][PASSED] - callTestCase(findTestCase("Web RoomMe.id/6. Community/Customer Access Community Page"), [:], STOP_ON_FAILURE): Call Test Case 'Test Cases/Web RoomMe.id/6. Community/Customer Access Community Page' successfully

2020-05-20 02:06:45 - [TEST_CASE][PASSED] - Test Cases/Web RoomMe.id/6. Community/Customer Access Community Page: Test Cases/Web RoomMe.id/6. Community/Customer Access Community Page

2020-05-20 02:06:45 - [TEST_STEP][PASSED] - callTestCase(findTestCase("Web RoomMe.id/1. Homepage/1. Customer Access RoomMe Page"), [:], STOP_ON_FAILURE): Call Test Case 'Test Cases/Web RoomMe.id/1. Homepage/1. Customer Access RoomMe Page' successfully

2020-05-20 02:06:45 - [TEST_CASE][PASSED] - Test Cases/Web RoomMe.id/1. Homepage/1. Customer Access RoomMe Page: Test Cases/Web RoomMe.id/1. Homepage/1. Customer Access RoomMe Page

2020-05-20 02:06:45 - [TEST_STEP][PASSED] - openBrowser("https://web.roomme.id/"): Browser is opened with url: 'https://web.roomme.id/'

2020-05-20 02:06:45 - [MESSAGE][WARNING] - A browser is already opened. Closing browser and opening a new one

2020-05-20 02:06:46 - [MESSAGE][INFO] - Starting 'Chrome' driver

2020-05-20 02:06:57 - [MESSAGE][PASSED] - Browser is opened with url: 'https://web.roomme.id/'

2020-05-20 02:06:57 - [TEST_STEP][PASSED] - maximizeWindow(): Current window maximized

2020-05-20 02:07:00 - [MESSAGE][PASSED] - Current window maximized

2020-05-20 02:07:00 - [TEST_STEP][PASSED] - waitForPageLoad(0): Wait for page load successfully

2020-05-20 02:07:00 - [MESSAGE][WARNING] - Timeout '0' is invalid. Using default page load timeout: '30'

2020-05-20 02:07:00 - [MESSAGE][PASSED] - Wait for page load successfully

2020-05-20 02:07:00 - [MESSAGE][PASSED] - Call Test Case 'Test Cases/Web RoomMe.id/1. Homepage/1. Customer Access RoomMe Page' successfully

2020-05-20 02:07:00 - [TEST_STEP][PASSED] - waitForElementVisible(findTestObject("Web RoomMe.id/RoomMe.id Header/Button Community"), 30): Object 'Object Repository/Web RoomMe.id/RoomMe.id Header/Button Community' is visible

2020-05-20 02:07:00 - [MESSAGE][PASSED] - Object 'Object Repository/Web RoomMe.id/RoomMe.id Header/Button Community' is visible

2020-05-20 02:07:00 - [TEST_STEP][PASSED] - click(findTestObject("Web RoomMe.id/RoomMe.id Header/Button Community")): Object: 'Object Repository/Web RoomMe.id/RoomMe.id Header/Button Community' is clicked on

2020-05-20 02:07:03 - [MESSAGE][PASSED] - Object: 'Object Repository/Web RoomMe.id/RoomMe.id Header/Button Community' is clicked on

2020-05-20 02:07:03 - [TEST_STEP][PASSED] - waitForPageLoad(0): Wait for page load successfully

2020-05-20 02:07:03 - [MESSAGE][WARNING] - Timeout '0' is invalid. Using default page load timeout: '30'

2020-05-20 02:07:04 - [MESSAGE][PASSED] - Wait for page load successfully

2020-05-20 02:07:04 - [MESSAGE][PASSED] - Call Test Case 'Test Cases/Web RoomMe.id/6. Community/Customer Access Community Page' successfully

2020-05-20 02:07:04 - [TEST_STEP][PASSED] - waitForElementVisible(findTestObject("Web RoomMe.id/Community Page/Welcome Video/Button Continue on the Form Registration"), 0): Object 'Object Repository/Web RoomMe.id/Community Page/Welcome Video/Button Continue on the Form Registration' is visible

2020-05-20 02:07:04 - [MESSAGE][WARNING] - Timeout '0' is invalid. Using default page load timeout: '30'

2020-05-20 02:07:04 - [MESSAGE][PASSED] - Object 'Object Repository/Web RoomMe.id/Community Page/Welcome Video/Button Continue on the Form Registration' is visible

2020-05-20 02:07:04 - [TEST_STEP][PASSED] - click(findTestObject("Web RoomMe.id/Community Page/Welcome Video/Button Continue on the Form Registration")): Object: 'Object Repository/Web RoomMe.id/Community Page/Welcome Video/Button Continue on the Form Registration' is clicked on

2020-05-20 02:07:05 - [MESSAGE][PASSED] - Object: 'Object Repository/Web RoomMe.id/Community Page/Welcome Video/Button Continue on the Form Registration' is clicked on

2020-05-20 02:07:05 - [TEST_STEP][PASSED] - waitForElementVisible(findTestObject("Web RoomMe.id/Community Page/Community Registration/Textfield Mobile Number"), 0): Object 'Object Repository/Web RoomMe.id/Community Page/Community Registration/Textfield Mobile Number' is visible

2020-05-20 02:07:05 - [MESSAGE][WARNING] - Timeout '0' is invalid. Using default page load timeout: '30'

2020-05-20 02:07:05 - [MESSAGE][PASSED] - Object 'Object Repository/Web RoomMe.id/Community Page/Community Registration/Textfield Mobile Number' is visible

2020-05-20 02:07:05 - [TEST_STEP][PASSED] - sendKeys(findTestObject("Web RoomMe.id/Community Page/Community Registration/Textfield Mobile Number"), "ab"): Keys 'ab' sent to object: 'Object Repository/Web RoomMe.id/Community Page/Community Registration/Textfield Mobile Number'

2020-05-20 02:07:06 - [MESSAGE][PASSED] - Keys 'ab' sent to object: 'Object Repository/Web RoomMe.id/Community Page/Community Registration/Textfield Mobile Number'

2020-05-20 02:07:06 - [TEST_STEP][PASSED] - waitForElementVisible(findTestObject("Web RoomMe.id/Community Page/Community Registration/Error Message/Text Phone Number contains an invalid number"), 0): Object 'Object Repository/Web RoomMe.id/Community Page/Community Registration/Error Message/Text Phone Number contains an invalid number' is visible

2020-05-20 02:07:06 - [MESSAGE][WARNING] - Timeout '0' is invalid. Using default page load timeout: '30'

2020-05-20 02:07:07 - [MESSAGE][PASSED] - Object 'Object Repository/Web RoomMe.id/Community Page/Community Registration/Error Message/Text Phone Number contains an invalid number' is visible

2020-05-20 02:07:07 - [TEST_STEP][PASSED] - sendKeys(findTestObject("Web RoomMe.id/Community Page/Community Registration/Textfield Mobile Number"), Keys.chord(CONTROL, "a", BACK_SPACE)): Keys 'CONTROL + BACK_SPACE + a' sent to object: 'Object Repository/Web RoomMe.id/Community Page/Community Registration/Textfield Mobile Number'

2020-05-20 02:07:07 - [MESSAGE][PASSED] - Keys 'CONTROL + BACK_SPACE + a' sent to object: 'Object Repository/Web RoomMe.id/Community Page/Community Registration/Textfield Mobile Number'

2020-05-20 02:07:07 - [TEST_STEP][PASSED] - sendKeys(findTestObject("Web RoomMe.id/Community Page/Community Registration/Textfield Mobile Number"), "123"): Keys '123' sent to object: 'Object Repository/Web RoomMe.id/Community Page/Community Registration/Textfield Mobile Number'

2020-05-20 02:07:08 - [MESSAGE][PASSED] - Keys '123' sent to object: 'Object Repository/Web RoomMe.id/Community Page/Community Registration/Textfield Mobile Number'

2020-05-20 02:07:08 - [TEST_STEP][PASSED] - waitForElementVisible(findTestObject("Web RoomMe.id/Community Page/Community Registration/Error Message/Text Phone Number contains an invalid number"), 0): Object 'Object Repository/Web RoomMe.id/Community Page/Community Registration/Error Message/Text Phone Number contains an invalid number' is visible

2020-05-20 02:07:08 - [MESSAGE][WARNING] - Timeout '0' is invalid. Using default page load timeout: '30'

2020-05-20 02:07:09 - [MESSAGE][PASSED] - Object 'Object Repository/Web RoomMe.id/Community Page/Community Registration/Error Message/Text Phone Number contains an invalid number' is visible

2020-05-20 02:07:09 - [TEST_STEP][PASSED] - sendKeys(findTestObject("Web RoomMe.id/Community Page/Community Registration/Textfield Mobile Number"), Keys.chord(CONTROL, "a", BACK_SPACE)): Keys 'CONTROL + BACK_SPACE + a' sent to object: 'Object Repository/Web RoomMe.id/Community Page/Community Registration/Textfield Mobile Number'

2020-05-20 02:07:09 - [MESSAGE][PASSED] - Keys 'CONTROL + BACK_SPACE + a' sent to object: 'Object Repository/Web RoomMe.id/Community Page/Community Registration/Textfield Mobile Number'

2020-05-20 02:07:09 - [TEST_STEP][PASSED] - sendKeys(findTestObject("Web RoomMe.id/Community Page/Community Registration/Textfield Mobile Number"), "!@#$"): Keys '!@#$' sent to object: 'Object Repository/Web RoomMe.id/Community Page/Community Registration/Textfield Mobile Number'

2020-05-20 02:07:10 - [MESSAGE][PASSED] - Keys '!@#$' sent to object: 'Object Repository/Web RoomMe.id/Community Page/Community Registration/Textfield Mobile Number'

2020-05-20 02:07:10 - [TEST_STEP][PASSED] - waitForElementVisible(findTestObject("Web RoomMe.id/Community Page/Community Registration/Error Message/Text Phone Number contains an invalid number"), 0): Object 'Object Repository/Web RoomMe.id/Community Page/Community Registration/Error Message/Text Phone Number contains an invalid number' is visible

2020-05-20 02:07:10 - [MESSAGE][WARNING] - Timeout '0' is invalid. Using default page load timeout: '30'

2020-05-20 02:07:10 - [MESSAGE][PASSED] - Object 'Object Repository/Web RoomMe.id/Community Page/Community Registration/Error Message/Text Phone Number contains an invalid number' is visible

2020-05-20 02:07:10 - [TEST_STEP][PASSED] - sendKeys(findTestObject("Web RoomMe.id/Community Page/Community Registration/Textfield Mobile Number"), Keys.chord(CONTROL, "a", BACK_SPACE)): Keys 'CONTROL + BACK_SPACE + a' sent to object: 'Object Repository/Web RoomMe.id/Community Page/Community Registration/Textfield Mobile Number'

2020-05-20 02:07:11 - [MESSAGE][PASSED] - Keys 'CONTROL + BACK_SPACE + a' sent to object: 'Object Repository/Web RoomMe.id/Community Page/Community Registration/Textfield Mobile Number'

2020-05-20 02:07:11 - [TEST_STEP][PASSED] - sendKeys(findTestObject("Web RoomMe.id/Community Page/Community Registration/Textfield Mobile Number"), "abcde12345abcde12345abcde12345abcde12345abcde12345as"): Keys 'abcde12345abcde12345abcde12345abcde12345abcde12345as' sent to object: 'Object Repository/Web RoomMe.id/Community Page/Community Registration/Textfield Mobile Number'

2020-05-20 02:07:12 - [MESSAGE][PASSED] - Keys 'abcde12345abcde12345abcde12345abcde12345abcde12345as' sent to object: 'Object Repository/Web RoomMe.id/Community Page/Community Registration/Textfield Mobile Number'

2020-05-20 02:07:12 - [TEST_STEP][PASSED] - waitForElementVisible(findTestObject("Web RoomMe.id/Community Page/Community Registration/Error Message/Text Phone Number contains an invalid number"), 0): Object 'Object Repository/Web RoomMe.id/Community Page/Community Registration/Error Message/Text Phone Number contains an invalid number' is visible

2020-05-20 02:07:12 - [MESSAGE][WARNING] - Timeout '0' is invalid. Using default page load timeout: '30'

2020-05-20 02:07:13 - [MESSAGE][PASSED] - Object 'Object Repository/Web RoomMe.id/Community Page/Community Registration/Error Message/Text Phone Number contains an invalid number' is visible

2020-05-20 02:07:13 - [TEST_STEP][PASSED] - sendKeys(findTestObject("Web RoomMe.id/Community Page/Community Registration/Textfield Mobile Number"), Keys.chord(CONTROL, "a", BACK_SPACE)): Keys 'CONTROL + BACK_SPACE + a' sent to object: 'Object Repository/Web RoomMe.id/Community Page/Community Registration/Textfield Mobile Number'

2020-05-20 02:07:13 - [MESSAGE][PASSED] - Keys 'CONTROL + BACK_SPACE + a' sent to object: 'Object Repository/Web RoomMe.id/Community Page/Community Registration/Textfield Mobile Number']]></system-out>
         <system-err><![CDATA[]]></system-err>
      </testcase>
      <testcase name="Test Cases/Web RoomMe.id/20. Community Registration/8. Customer Register with Invalid Mobile Number" time="39.438" classname="Test Cases/Web RoomMe.id/20. Community Registration/8. Customer Register with Invalid Mobile Number" status="PASSED">
         <system-out><![CDATA[2020-05-20 02:07:13 - [TEST_CASE][PASSED] - Test Cases/Web RoomMe.id/20. Community Registration/8. Customer Register with Invalid Mobile Number: Test Cases/Web RoomMe.id/20. Community Registration/8. Customer Register with Invalid Mobile Number

2020-05-20 02:07:14 - [TEST_STEP][PASSED] - callTestCase(findTestCase("Web RoomMe.id/6. Community/Customer Access Community Page"), [:], STOP_ON_FAILURE): Call Test Case 'Test Cases/Web RoomMe.id/6. Community/Customer Access Community Page' successfully

2020-05-20 02:07:14 - [TEST_CASE][PASSED] - Test Cases/Web RoomMe.id/6. Community/Customer Access Community Page: Test Cases/Web RoomMe.id/6. Community/Customer Access Community Page

2020-05-20 02:07:14 - [TEST_STEP][PASSED] - callTestCase(findTestCase("Web RoomMe.id/1. Homepage/1. Customer Access RoomMe Page"), [:], STOP_ON_FAILURE): Call Test Case 'Test Cases/Web RoomMe.id/1. Homepage/1. Customer Access RoomMe Page' successfully

2020-05-20 02:07:14 - [TEST_CASE][PASSED] - Test Cases/Web RoomMe.id/1. Homepage/1. Customer Access RoomMe Page: Test Cases/Web RoomMe.id/1. Homepage/1. Customer Access RoomMe Page

2020-05-20 02:07:14 - [TEST_STEP][PASSED] - openBrowser("https://web.roomme.id/"): Browser is opened with url: 'https://web.roomme.id/'

2020-05-20 02:07:14 - [MESSAGE][WARNING] - A browser is already opened. Closing browser and opening a new one

2020-05-20 02:07:14 - [MESSAGE][INFO] - Starting 'Chrome' driver

2020-05-20 02:07:23 - [MESSAGE][PASSED] - Browser is opened with url: 'https://web.roomme.id/'

2020-05-20 02:07:23 - [TEST_STEP][PASSED] - maximizeWindow(): Current window maximized

2020-05-20 02:07:25 - [MESSAGE][PASSED] - Current window maximized

2020-05-20 02:07:25 - [TEST_STEP][PASSED] - waitForPageLoad(0): Wait for page load successfully

2020-05-20 02:07:25 - [MESSAGE][WARNING] - Timeout '0' is invalid. Using default page load timeout: '30'

2020-05-20 02:07:25 - [MESSAGE][PASSED] - Wait for page load successfully

2020-05-20 02:07:25 - [MESSAGE][PASSED] - Call Test Case 'Test Cases/Web RoomMe.id/1. Homepage/1. Customer Access RoomMe Page' successfully

2020-05-20 02:07:25 - [TEST_STEP][PASSED] - waitForElementVisible(findTestObject("Web RoomMe.id/RoomMe.id Header/Button Community"), 30): Object 'Object Repository/Web RoomMe.id/RoomMe.id Header/Button Community' is visible

2020-05-20 02:07:26 - [MESSAGE][PASSED] - Object 'Object Repository/Web RoomMe.id/RoomMe.id Header/Button Community' is visible

2020-05-20 02:07:26 - [TEST_STEP][PASSED] - click(findTestObject("Web RoomMe.id/RoomMe.id Header/Button Community")): Object: 'Object Repository/Web RoomMe.id/RoomMe.id Header/Button Community' is clicked on

2020-05-20 02:07:28 - [MESSAGE][PASSED] - Object: 'Object Repository/Web RoomMe.id/RoomMe.id Header/Button Community' is clicked on

2020-05-20 02:07:28 - [TEST_STEP][PASSED] - waitForPageLoad(0): Wait for page load successfully

2020-05-20 02:07:28 - [MESSAGE][WARNING] - Timeout '0' is invalid. Using default page load timeout: '30'

2020-05-20 02:07:30 - [MESSAGE][PASSED] - Wait for page load successfully

2020-05-20 02:07:30 - [MESSAGE][PASSED] - Call Test Case 'Test Cases/Web RoomMe.id/6. Community/Customer Access Community Page' successfully

2020-05-20 02:07:30 - [TEST_STEP][PASSED] - waitForElementVisible(findTestObject("Web RoomMe.id/Community Page/Welcome Video/Button Continue on the Form Registration"), 0): Object 'Object Repository/Web RoomMe.id/Community Page/Welcome Video/Button Continue on the Form Registration' is visible

2020-05-20 02:07:30 - [MESSAGE][WARNING] - Timeout '0' is invalid. Using default page load timeout: '30'

2020-05-20 02:07:30 - [MESSAGE][PASSED] - Object 'Object Repository/Web RoomMe.id/Community Page/Welcome Video/Button Continue on the Form Registration' is visible

2020-05-20 02:07:30 - [TEST_STEP][PASSED] - click(findTestObject("Web RoomMe.id/Community Page/Welcome Video/Button Continue on the Form Registration"), STOP_ON_FAILURE): Object: 'Object Repository/Web RoomMe.id/Community Page/Welcome Video/Button Continue on the Form Registration' is clicked on

2020-05-20 02:07:31 - [MESSAGE][PASSED] - Object: 'Object Repository/Web RoomMe.id/Community Page/Welcome Video/Button Continue on the Form Registration' is clicked on

2020-05-20 02:07:31 - [TEST_STEP][PASSED] - callTestCase(findTestCase("Web RoomMe.id/20. Community Registration/1. Verify Registration Form"), [:], STOP_ON_FAILURE): Call Test Case 'Test Cases/Web RoomMe.id/20. Community Registration/1. Verify Registration Form' successfully

2020-05-20 02:07:31 - [TEST_CASE][PASSED] - Test Cases/Web RoomMe.id/20. Community Registration/1. Verify Registration Form: Test Cases/Web RoomMe.id/20. Community Registration/1. Verify Registration Form

2020-05-20 02:07:31 - [TEST_STEP][PASSED] - objectSubFolder = "Web RoomMe.id\Community Page\Community Registration\": null

2020-05-20 02:07:31 - [TEST_STEP][PASSED] - pathToObjRep = getProjectDir() + "\Object Repository\" + objectSubFolder: null

2020-05-20 02:07:31 - [TEST_STEP][PASSED] - yourObjects = new java.io.File(pathToObjRep): null

2020-05-20 02:07:31 - [TEST_STEP][PASSED] - fileNames = yourObjects.list(): null

2020-05-20 02:07:31 - [TEST_STEP][PASSED] - testObjects = new java.util.ArrayList(): null

2020-05-20 02:07:31 - [TEST_STEP][PASSED] - for ([i = 0, i < length, (i++)]): null

2020-05-20 02:07:31 - [TEST_STEP][PASSED] - if (fileNames[i].contains(".rs")): null

2020-05-20 02:07:31 - [TEST_STEP][PASSED] - if (fileNames[i].contains(".rs")): null

2020-05-20 02:07:31 - [TEST_STEP][PASSED] - fileNames[i] = fileNames[i].replace(".rs", ""): null

2020-05-20 02:07:31 - [TEST_STEP][PASSED] - testObjects.add(objectSubFolder + fileNames[i]): null

2020-05-20 02:07:31 - [TEST_STEP][PASSED] - if (fileNames[i].contains(".rs")): null

2020-05-20 02:07:31 - [TEST_STEP][PASSED] - fileNames[i] = fileNames[i].replace(".rs", ""): null

2020-05-20 02:07:31 - [TEST_STEP][PASSED] - testObjects.add(objectSubFolder + fileNames[i]): null

2020-05-20 02:07:31 - [TEST_STEP][PASSED] - if (fileNames[i].contains(".rs")): null

2020-05-20 02:07:31 - [TEST_STEP][PASSED] - fileNames[i] = fileNames[i].replace(".rs", ""): null

2020-05-20 02:07:31 - [TEST_STEP][PASSED] - testObjects.add(objectSubFolder + fileNames[i]): null

2020-05-20 02:07:31 - [TEST_STEP][PASSED] - if (fileNames[i].contains(".rs")): null

2020-05-20 02:07:31 - [TEST_STEP][PASSED] - if (fileNames[i].contains(".rs")): null

2020-05-20 02:07:31 - [TEST_STEP][PASSED] - fileNames[i] = fileNames[i].replace(".rs", ""): null

2020-05-20 02:07:31 - [TEST_STEP][PASSED] - testObjects.add(objectSubFolder + fileNames[i]): null

2020-05-20 02:07:31 - [TEST_STEP][PASSED] - if (fileNames[i].contains(".rs")): null

2020-05-20 02:07:31 - [TEST_STEP][PASSED] - fileNames[i] = fileNames[i].replace(".rs", ""): null

2020-05-20 02:07:31 - [TEST_STEP][PASSED] - testObjects.add(objectSubFolder + fileNames[i]): null

2020-05-20 02:07:31 - [TEST_STEP][PASSED] - if (fileNames[i].contains(".rs")): null

2020-05-20 02:07:31 - [TEST_STEP][PASSED] - fileNames[i] = fileNames[i].replace(".rs", ""): null

2020-05-20 02:07:31 - [TEST_STEP][PASSED] - testObjects.add(objectSubFolder + fileNames[i]): null

2020-05-20 02:07:31 - [TEST_STEP][PASSED] - if (fileNames[i].contains(".rs")): null

2020-05-20 02:07:31 - [TEST_STEP][PASSED] - if (fileNames[i].contains(".rs")): null

2020-05-20 02:07:31 - [TEST_STEP][PASSED] - fileNames[i] = fileNames[i].replace(".rs", ""): null

2020-05-20 02:07:31 - [TEST_STEP][PASSED] - testObjects.add(objectSubFolder + fileNames[i]): null

2020-05-20 02:07:31 - [TEST_STEP][PASSED] - if (fileNames[i].contains(".rs")): null

2020-05-20 02:07:31 - [TEST_STEP][PASSED] - fileNames[i] = fileNames[i].replace(".rs", ""): null

2020-05-20 02:07:31 - [TEST_STEP][PASSED] - testObjects.add(objectSubFolder + fileNames[i]): null

2020-05-20 02:07:31 - [TEST_STEP][PASSED] - if (fileNames[i].contains(".rs")): null

2020-05-20 02:07:31 - [TEST_STEP][PASSED] - fileNames[i] = fileNames[i].replace(".rs", ""): null

2020-05-20 02:07:31 - [TEST_STEP][PASSED] - testObjects.add(objectSubFolder + fileNames[i]): null

2020-05-20 02:07:31 - [TEST_STEP][PASSED] - if (fileNames[i].contains(".rs")): null

2020-05-20 02:07:31 - [TEST_STEP][PASSED] - fileNames[i] = fileNames[i].replace(".rs", ""): null

2020-05-20 02:07:31 - [TEST_STEP][PASSED] - testObjects.add(objectSubFolder + fileNames[i]): null

2020-05-20 02:07:31 - [TEST_STEP][PASSED] - if (fileNames[i].contains(".rs")): null

2020-05-20 02:07:31 - [TEST_STEP][PASSED] - fileNames[i] = fileNames[i].replace(".rs", ""): null

2020-05-20 02:07:31 - [TEST_STEP][PASSED] - testObjects.add(objectSubFolder + fileNames[i]): null

2020-05-20 02:07:31 - [TEST_STEP][PASSED] - if (fileNames[i].contains(".rs")): null

2020-05-20 02:07:31 - [TEST_STEP][PASSED] - fileNames[i] = fileNames[i].replace(".rs", ""): null

2020-05-20 02:07:31 - [TEST_STEP][PASSED] - testObjects.add(objectSubFolder + fileNames[i]): null

2020-05-20 02:07:31 - [TEST_STEP][PASSED] - if (fileNames[i].contains(".rs")): null

2020-05-20 02:07:31 - [TEST_STEP][PASSED] - fileNames[i] = fileNames[i].replace(".rs", ""): null

2020-05-20 02:07:31 - [TEST_STEP][PASSED] - testObjects.add(objectSubFolder + fileNames[i]): null

2020-05-20 02:07:31 - [TEST_STEP][PASSED] - if (fileNames[i].contains(".rs")): null

2020-05-20 02:07:31 - [TEST_STEP][PASSED] - fileNames[i] = fileNames[i].replace(".rs", ""): null

2020-05-20 02:07:31 - [TEST_STEP][PASSED] - testObjects.add(objectSubFolder + fileNames[i]): null

2020-05-20 02:07:31 - [TEST_STEP][PASSED] - if (fileNames[i].contains(".rs")): null

2020-05-20 02:07:31 - [TEST_STEP][PASSED] - fileNames[i] = fileNames[i].replace(".rs", ""): null

2020-05-20 02:07:31 - [TEST_STEP][PASSED] - testObjects.add(objectSubFolder + fileNames[i]): null

2020-05-20 02:07:31 - [TEST_STEP][PASSED] - if (fileNames[i].contains(".rs")): null

2020-05-20 02:07:31 - [TEST_STEP][PASSED] - fileNames[i] = fileNames[i].replace(".rs", ""): null

2020-05-20 02:07:31 - [TEST_STEP][PASSED] - testObjects.add(objectSubFolder + fileNames[i]): null

2020-05-20 02:07:31 - [TEST_STEP][PASSED] - if (fileNames[i].contains(".rs")): null

2020-05-20 02:07:31 - [TEST_STEP][PASSED] - fileNames[i] = fileNames[i].replace(".rs", ""): null

2020-05-20 02:07:31 - [TEST_STEP][PASSED] - testObjects.add(objectSubFolder + fileNames[i]): null

2020-05-20 02:07:31 - [TEST_STEP][PASSED] - for (String obj : testObjects): Object 'Object Repository/Web RoomMe.id\Community Page\Community Registration\Textfield Mobile Number' is visible

2020-05-20 02:07:31 - [TEST_STEP][PASSED] - verifyElementVisible(findTestObject(obj)): Object 'Object Repository/Web RoomMe.id\Community Page\Community Registration\Button Submit' is visible

2020-05-20 02:07:31 - [MESSAGE][PASSED] - Object 'Object Repository/Web RoomMe.id\Community Page\Community Registration\Button Submit' is visible

2020-05-20 02:07:31 - [TEST_STEP][PASSED] - verifyElementVisible(findTestObject(obj)): Object 'Object Repository/Web RoomMe.id\Community Page\Community Registration\Dropdown Interest Default' is visible

2020-05-20 02:07:32 - [MESSAGE][PASSED] - Object 'Object Repository/Web RoomMe.id\Community Page\Community Registration\Dropdown Interest Default' is visible

2020-05-20 02:07:32 - [TEST_STEP][PASSED] - verifyElementVisible(findTestObject(obj)): Object 'Object Repository/Web RoomMe.id\Community Page\Community Registration\Dropdown Interest' is visible

2020-05-20 02:07:32 - [MESSAGE][PASSED] - Object 'Object Repository/Web RoomMe.id\Community Page\Community Registration\Dropdown Interest' is visible

2020-05-20 02:07:32 - [TEST_STEP][PASSED] - verifyElementVisible(findTestObject(obj)): Object 'Object Repository/Web RoomMe.id\Community Page\Community Registration\Image 2020 RoomMe All Right Reserved' is visible

2020-05-20 02:07:33 - [MESSAGE][PASSED] - Object 'Object Repository/Web RoomMe.id\Community Page\Community Registration\Image 2020 RoomMe All Right Reserved' is visible

2020-05-20 02:07:33 - [TEST_STEP][PASSED] - verifyElementVisible(findTestObject(obj)): Object 'Object Repository/Web RoomMe.id\Community Page\Community Registration\RadioButton Female' is visible

2020-05-20 02:07:33 - [MESSAGE][PASSED] - Object 'Object Repository/Web RoomMe.id\Community Page\Community Registration\RadioButton Female' is visible

2020-05-20 02:07:33 - [TEST_STEP][PASSED] - verifyElementVisible(findTestObject(obj)): Object 'Object Repository/Web RoomMe.id\Community Page\Community Registration\RadioButton Male' is visible

2020-05-20 02:07:34 - [MESSAGE][PASSED] - Object 'Object Repository/Web RoomMe.id\Community Page\Community Registration\RadioButton Male' is visible

2020-05-20 02:07:34 - [TEST_STEP][PASSED] - verifyElementVisible(findTestObject(obj)): Object 'Object Repository/Web RoomMe.id\Community Page\Community Registration\Text Birthdate' is visible

2020-05-20 02:07:34 - [MESSAGE][PASSED] - Object 'Object Repository/Web RoomMe.id\Community Page\Community Registration\Text Birthdate' is visible

2020-05-20 02:07:34 - [TEST_STEP][PASSED] - verifyElementVisible(findTestObject(obj)): Object 'Object Repository/Web RoomMe.id\Community Page\Community Registration\Text Community Registration' is visible

2020-05-20 02:07:34 - [MESSAGE][PASSED] - Object 'Object Repository/Web RoomMe.id\Community Page\Community Registration\Text Community Registration' is visible

2020-05-20 02:07:34 - [TEST_STEP][PASSED] - verifyElementVisible(findTestObject(obj)): Object 'Object Repository/Web RoomMe.id\Community Page\Community Registration\Text Email Address' is visible

2020-05-20 02:07:35 - [MESSAGE][PASSED] - Object 'Object Repository/Web RoomMe.id\Community Page\Community Registration\Text Email Address' is visible

2020-05-20 02:07:35 - [TEST_STEP][PASSED] - verifyElementVisible(findTestObject(obj)): Object 'Object Repository/Web RoomMe.id\Community Page\Community Registration\Text Full Name' is visible

2020-05-20 02:07:35 - [MESSAGE][PASSED] - Object 'Object Repository/Web RoomMe.id\Community Page\Community Registration\Text Full Name' is visible

2020-05-20 02:07:35 - [TEST_STEP][PASSED] - verifyElementVisible(findTestObject(obj)): Object 'Object Repository/Web RoomMe.id\Community Page\Community Registration\Text Gender' is visible

2020-05-20 02:07:35 - [MESSAGE][PASSED] - Object 'Object Repository/Web RoomMe.id\Community Page\Community Registration\Text Gender' is visible

2020-05-20 02:07:35 - [TEST_STEP][PASSED] - verifyElementVisible(findTestObject(obj)): Object 'Object Repository/Web RoomMe.id\Community Page\Community Registration\Text Interest' is visible

2020-05-20 02:07:36 - [MESSAGE][PASSED] - Object 'Object Repository/Web RoomMe.id\Community Page\Community Registration\Text Interest' is visible

2020-05-20 02:07:36 - [TEST_STEP][PASSED] - verifyElementVisible(findTestObject(obj)): Object 'Object Repository/Web RoomMe.id\Community Page\Community Registration\Text Mobile Number' is visible

2020-05-20 02:07:36 - [MESSAGE][PASSED] - Object 'Object Repository/Web RoomMe.id\Community Page\Community Registration\Text Mobile Number' is visible

2020-05-20 02:07:36 - [TEST_STEP][PASSED] - verifyElementVisible(findTestObject(obj)): Object 'Object Repository/Web RoomMe.id\Community Page\Community Registration\Text The minimum age allowed is 17 years' is visible

2020-05-20 02:07:36 - [MESSAGE][PASSED] - Object 'Object Repository/Web RoomMe.id\Community Page\Community Registration\Text The minimum age allowed is 17 years' is visible

2020-05-20 02:07:36 - [TEST_STEP][PASSED] - verifyElementVisible(findTestObject(obj)): Object 'Object Repository/Web RoomMe.id\Community Page\Community Registration\Textfield Email Address' is visible

2020-05-20 02:07:37 - [MESSAGE][PASSED] - Object 'Object Repository/Web RoomMe.id\Community Page\Community Registration\Textfield Email Address' is visible

2020-05-20 02:07:37 - [TEST_STEP][PASSED] - verifyElementVisible(findTestObject(obj)): Object 'Object Repository/Web RoomMe.id\Community Page\Community Registration\Textfield Full Name' is visible

2020-05-20 02:07:37 - [MESSAGE][PASSED] - Object 'Object Repository/Web RoomMe.id\Community Page\Community Registration\Textfield Full Name' is visible

2020-05-20 02:07:37 - [TEST_STEP][PASSED] - verifyElementVisible(findTestObject(obj)): Object 'Object Repository/Web RoomMe.id\Community Page\Community Registration\Textfield Mobile Number' is visible

2020-05-20 02:07:37 - [MESSAGE][PASSED] - Object 'Object Repository/Web RoomMe.id\Community Page\Community Registration\Textfield Mobile Number' is visible

2020-05-20 02:07:37 - [MESSAGE][PASSED] - Call Test Case 'Test Cases/Web RoomMe.id/20. Community Registration/1. Verify Registration Form' successfully

2020-05-20 02:07:37 - [TEST_STEP][PASSED] - waitForElementVisible(findTestObject("Web RoomMe.id/Community Page/Community Registration/Textfield Full Name"), 0): Object 'Object Repository/Web RoomMe.id/Community Page/Community Registration/Textfield Full Name' is visible

2020-05-20 02:07:38 - [MESSAGE][WARNING] - Timeout '0' is invalid. Using default page load timeout: '30'

2020-05-20 02:07:38 - [MESSAGE][PASSED] - Object 'Object Repository/Web RoomMe.id/Community Page/Community Registration/Textfield Full Name' is visible

2020-05-20 02:07:38 - [TEST_STEP][PASSED] - sendKeys(findTestObject("Web RoomMe.id/Community Page/Community Registration/Textfield Full Name"), "Faldi"): Keys 'Faldi' sent to object: 'Object Repository/Web RoomMe.id/Community Page/Community Registration/Textfield Full Name'

2020-05-20 02:07:38 - [MESSAGE][PASSED] - Keys 'Faldi' sent to object: 'Object Repository/Web RoomMe.id/Community Page/Community Registration/Textfield Full Name'

2020-05-20 02:07:38 - [TEST_STEP][PASSED] - click(findTestObject("Web RoomMe.id/Community Page/Community Registration/RadioButton Male")): Object: 'Object Repository/Web RoomMe.id/Community Page/Community Registration/RadioButton Male' is clicked on

2020-05-20 02:07:39 - [MESSAGE][PASSED] - Object: 'Object Repository/Web RoomMe.id/Community Page/Community Registration/RadioButton Male' is clicked on

2020-05-20 02:07:39 - [TEST_STEP][PASSED] - click(findTestObject("Web RoomMe.id/Community Page/Community Registration/Birthdate Datepicker/Datepicker Birthdate_date (1)")): Object: 'Object Repository/Web RoomMe.id/Community Page/Community Registration/Birthdate Datepicker/Datepicker Birthdate_date (1)' is clicked on

2020-05-20 02:07:40 - [MESSAGE][PASSED] - Object: 'Object Repository/Web RoomMe.id/Community Page/Community Registration/Birthdate Datepicker/Datepicker Birthdate_date (1)' is clicked on

2020-05-20 02:07:40 - [TEST_STEP][PASSED] - click(findTestObject("Web RoomMe.id/Community Page/Community Registration/Birthdate Datepicker/Button Day 1")): Object: 'Object Repository/Web RoomMe.id/Community Page/Community Registration/Birthdate Datepicker/Button Day 1' is clicked on

2020-05-20 02:07:40 - [MESSAGE][PASSED] - Object: 'Object Repository/Web RoomMe.id/Community Page/Community Registration/Birthdate Datepicker/Button Day 1' is clicked on

2020-05-20 02:07:40 - [TEST_STEP][PASSED] - sendKeys(findTestObject("Web RoomMe.id/Community Page/Community Registration/Textfield Email Address"), "faldiat" + RandomStringUtils.randomNumeric(5)): Keys 'faldiat27725' sent to object: 'Object Repository/Web RoomMe.id/Community Page/Community Registration/Textfield Email Address'

2020-05-20 02:07:41 - [MESSAGE][PASSED] - Keys 'faldiat27725' sent to object: 'Object Repository/Web RoomMe.id/Community Page/Community Registration/Textfield Email Address'

2020-05-20 02:07:41 - [TEST_STEP][PASSED] - sendKeys(findTestObject("Web RoomMe.id/Community Page/Community Registration/Textfield Email Address"), "@gmail.com"): Keys '@gmail.com' sent to object: 'Object Repository/Web RoomMe.id/Community Page/Community Registration/Textfield Email Address'

2020-05-20 02:07:42 - [MESSAGE][PASSED] - Keys '@gmail.com' sent to object: 'Object Repository/Web RoomMe.id/Community Page/Community Registration/Textfield Email Address'

2020-05-20 02:07:42 - [TEST_STEP][PASSED] - selectOptionByIndex(findTestObject("Web RoomMe.id/Community Page/Community Registration/Dropdown Interest"), "4"): All options with index in [4] are selected on object 'Object Repository/Web RoomMe.id/Community Page/Community Registration/Dropdown Interest'

2020-05-20 02:07:43 - [MESSAGE][PASSED] - All options with index in [4] are selected on object 'Object Repository/Web RoomMe.id/Community Page/Community Registration/Dropdown Interest'

2020-05-20 02:07:43 - [TEST_STEP][PASSED] - click(findTestObject("Web RoomMe.id/Community Page/Community Registration/Button Submit")): Object: 'Object Repository/Web RoomMe.id/Community Page/Community Registration/Button Submit' is clicked on

2020-05-20 02:07:44 - [MESSAGE][PASSED] - Object: 'Object Repository/Web RoomMe.id/Community Page/Community Registration/Button Submit' is clicked on

2020-05-20 02:07:44 - [TEST_STEP][PASSED] - waitForElementVisible(findTestObject("Web RoomMe.id/Community Page/Community Registration/Error Message/Text Phone is required"), 0): Object 'Object Repository/Web RoomMe.id/Community Page/Community Registration/Error Message/Text Phone is required' is visible

2020-05-20 02:07:44 - [MESSAGE][WARNING] - Timeout '0' is invalid. Using default page load timeout: '30'

2020-05-20 02:07:44 - [MESSAGE][PASSED] - Object 'Object Repository/Web RoomMe.id/Community Page/Community Registration/Error Message/Text Phone is required' is visible

2020-05-20 02:07:44 - [TEST_STEP][PASSED] - sendKeys(findTestObject("Web RoomMe.id/Community Page/Community Registration/Textfield Mobile Number"), "ab"): Keys 'ab' sent to object: 'Object Repository/Web RoomMe.id/Community Page/Community Registration/Textfield Mobile Number'

2020-05-20 02:07:44 - [MESSAGE][PASSED] - Keys 'ab' sent to object: 'Object Repository/Web RoomMe.id/Community Page/Community Registration/Textfield Mobile Number'

2020-05-20 02:07:44 - [TEST_STEP][PASSED] - waitForElementVisible(findTestObject("Web RoomMe.id/Community Page/Community Registration/Error Message/Text Phone Number contains an invalid number"), 0): Object 'Object Repository/Web RoomMe.id/Community Page/Community Registration/Error Message/Text Phone Number contains an invalid number' is visible

2020-05-20 02:07:44 - [MESSAGE][WARNING] - Timeout '0' is invalid. Using default page load timeout: '30'

2020-05-20 02:07:45 - [MESSAGE][PASSED] - Object 'Object Repository/Web RoomMe.id/Community Page/Community Registration/Error Message/Text Phone Number contains an invalid number' is visible

2020-05-20 02:07:45 - [TEST_STEP][PASSED] - click(findTestObject("Web RoomMe.id/Community Page/Community Registration/Button Submit")): Object: 'Object Repository/Web RoomMe.id/Community Page/Community Registration/Button Submit' is clicked on

2020-05-20 02:07:45 - [MESSAGE][PASSED] - Object: 'Object Repository/Web RoomMe.id/Community Page/Community Registration/Button Submit' is clicked on

2020-05-20 02:07:45 - [TEST_STEP][PASSED] - sendKeys(findTestObject("Web RoomMe.id/Community Page/Community Registration/Textfield Mobile Number"), Keys.chord(CONTROL, "a", BACK_SPACE)): Keys 'CONTROL + BACK_SPACE + a' sent to object: 'Object Repository/Web RoomMe.id/Community Page/Community Registration/Textfield Mobile Number'

2020-05-20 02:07:46 - [MESSAGE][PASSED] - Keys 'CONTROL + BACK_SPACE + a' sent to object: 'Object Repository/Web RoomMe.id/Community Page/Community Registration/Textfield Mobile Number'

2020-05-20 02:07:46 - [TEST_STEP][PASSED] - sendKeys(findTestObject("Web RoomMe.id/Community Page/Community Registration/Textfield Mobile Number"), "123"): Keys '123' sent to object: 'Object Repository/Web RoomMe.id/Community Page/Community Registration/Textfield Mobile Number'

2020-05-20 02:07:46 - [MESSAGE][PASSED] - Keys '123' sent to object: 'Object Repository/Web RoomMe.id/Community Page/Community Registration/Textfield Mobile Number'

2020-05-20 02:07:46 - [TEST_STEP][PASSED] - waitForElementVisible(findTestObject("Web RoomMe.id/Community Page/Community Registration/Error Message/Text Phone Number contains an invalid number"), 0): Object 'Object Repository/Web RoomMe.id/Community Page/Community Registration/Error Message/Text Phone Number contains an invalid number' is visible

2020-05-20 02:07:46 - [MESSAGE][WARNING] - Timeout '0' is invalid. Using default page load timeout: '30'

2020-05-20 02:07:47 - [MESSAGE][PASSED] - Object 'Object Repository/Web RoomMe.id/Community Page/Community Registration/Error Message/Text Phone Number contains an invalid number' is visible

2020-05-20 02:07:47 - [TEST_STEP][PASSED] - click(findTestObject("Web RoomMe.id/Community Page/Community Registration/Button Submit")): Object: 'Object Repository/Web RoomMe.id/Community Page/Community Registration/Button Submit' is clicked on

2020-05-20 02:07:48 - [MESSAGE][PASSED] - Object: 'Object Repository/Web RoomMe.id/Community Page/Community Registration/Button Submit' is clicked on

2020-05-20 02:07:48 - [TEST_STEP][PASSED] - sendKeys(findTestObject("Web RoomMe.id/Community Page/Community Registration/Textfield Mobile Number"), Keys.chord(CONTROL, "a", BACK_SPACE)): Keys 'CONTROL + BACK_SPACE + a' sent to object: 'Object Repository/Web RoomMe.id/Community Page/Community Registration/Textfield Mobile Number'

2020-05-20 02:07:48 - [MESSAGE][PASSED] - Keys 'CONTROL + BACK_SPACE + a' sent to object: 'Object Repository/Web RoomMe.id/Community Page/Community Registration/Textfield Mobile Number'

2020-05-20 02:07:48 - [TEST_STEP][PASSED] - sendKeys(findTestObject("Web RoomMe.id/Community Page/Community Registration/Textfield Mobile Number"), "!@#$"): Keys '!@#$' sent to object: 'Object Repository/Web RoomMe.id/Community Page/Community Registration/Textfield Mobile Number'

2020-05-20 02:07:48 - [MESSAGE][PASSED] - Keys '!@#$' sent to object: 'Object Repository/Web RoomMe.id/Community Page/Community Registration/Textfield Mobile Number'

2020-05-20 02:07:48 - [TEST_STEP][PASSED] - waitForElementVisible(findTestObject("Web RoomMe.id/Community Page/Community Registration/Error Message/Text Phone Number contains an invalid number"), 0): Object 'Object Repository/Web RoomMe.id/Community Page/Community Registration/Error Message/Text Phone Number contains an invalid number' is visible

2020-05-20 02:07:49 - [MESSAGE][WARNING] - Timeout '0' is invalid. Using default page load timeout: '30'

2020-05-20 02:07:49 - [MESSAGE][PASSED] - Object 'Object Repository/Web RoomMe.id/Community Page/Community Registration/Error Message/Text Phone Number contains an invalid number' is visible

2020-05-20 02:07:49 - [TEST_STEP][PASSED] - click(findTestObject("Web RoomMe.id/Community Page/Community Registration/Button Submit")): Object: 'Object Repository/Web RoomMe.id/Community Page/Community Registration/Button Submit' is clicked on

2020-05-20 02:07:50 - [MESSAGE][PASSED] - Object: 'Object Repository/Web RoomMe.id/Community Page/Community Registration/Button Submit' is clicked on

2020-05-20 02:07:50 - [TEST_STEP][PASSED] - sendKeys(findTestObject("Web RoomMe.id/Community Page/Community Registration/Textfield Mobile Number"), Keys.chord(CONTROL, "a", BACK_SPACE)): Keys 'CONTROL + BACK_SPACE + a' sent to object: 'Object Repository/Web RoomMe.id/Community Page/Community Registration/Textfield Mobile Number'

2020-05-20 02:07:50 - [MESSAGE][PASSED] - Keys 'CONTROL + BACK_SPACE + a' sent to object: 'Object Repository/Web RoomMe.id/Community Page/Community Registration/Textfield Mobile Number'

2020-05-20 02:07:50 - [TEST_STEP][PASSED] - sendKeys(findTestObject("Web RoomMe.id/Community Page/Community Registration/Textfield Mobile Number"), "abcde12345abcde12345abcde12345abcde12345abcde12345as"): Keys 'abcde12345abcde12345abcde12345abcde12345abcde12345as' sent to object: 'Object Repository/Web RoomMe.id/Community Page/Community Registration/Textfield Mobile Number'

2020-05-20 02:07:51 - [MESSAGE][PASSED] - Keys 'abcde12345abcde12345abcde12345abcde12345abcde12345as' sent to object: 'Object Repository/Web RoomMe.id/Community Page/Community Registration/Textfield Mobile Number'

2020-05-20 02:07:51 - [TEST_STEP][PASSED] - waitForElementVisible(findTestObject("Web RoomMe.id/Community Page/Community Registration/Error Message/Text Phone Number contains an invalid number"), 0): Object 'Object Repository/Web RoomMe.id/Community Page/Community Registration/Error Message/Text Phone Number contains an invalid number' is visible

2020-05-20 02:07:52 - [MESSAGE][WARNING] - Timeout '0' is invalid. Using default page load timeout: '30'

2020-05-20 02:07:52 - [MESSAGE][PASSED] - Object 'Object Repository/Web RoomMe.id/Community Page/Community Registration/Error Message/Text Phone Number contains an invalid number' is visible

2020-05-20 02:07:52 - [TEST_STEP][PASSED] - click(findTestObject("Web RoomMe.id/Community Page/Community Registration/Button Submit")): Object: 'Object Repository/Web RoomMe.id/Community Page/Community Registration/Button Submit' is clicked on

2020-05-20 02:07:53 - [MESSAGE][PASSED] - Object: 'Object Repository/Web RoomMe.id/Community Page/Community Registration/Button Submit' is clicked on]]></system-out>
         <system-err><![CDATA[]]></system-err>
      </testcase>
      <testcase name="Test Cases/Web RoomMe.id/20. Community Registration/9. Customer Input Email Address with Invalid Data" time="31.947" classname="Test Cases/Web RoomMe.id/20. Community Registration/9. Customer Input Email Address with Invalid Data" status="PASSED">
         <system-out><![CDATA[2020-05-20 02:07:53 - [TEST_CASE][PASSED] - Test Cases/Web RoomMe.id/20. Community Registration/9. Customer Input Email Address with Invalid Data: Test Cases/Web RoomMe.id/20. Community Registration/9. Customer Input Email Address with Invalid Data

2020-05-20 02:07:53 - [TEST_STEP][PASSED] - callTestCase(findTestCase("Web RoomMe.id/6. Community/Customer Access Community Page"), [:], STOP_ON_FAILURE): Call Test Case 'Test Cases/Web RoomMe.id/6. Community/Customer Access Community Page' successfully

2020-05-20 02:07:53 - [TEST_CASE][PASSED] - Test Cases/Web RoomMe.id/6. Community/Customer Access Community Page: Test Cases/Web RoomMe.id/6. Community/Customer Access Community Page

2020-05-20 02:07:53 - [TEST_STEP][PASSED] - callTestCase(findTestCase("Web RoomMe.id/1. Homepage/1. Customer Access RoomMe Page"), [:], STOP_ON_FAILURE): Call Test Case 'Test Cases/Web RoomMe.id/1. Homepage/1. Customer Access RoomMe Page' successfully

2020-05-20 02:07:53 - [TEST_CASE][PASSED] - Test Cases/Web RoomMe.id/1. Homepage/1. Customer Access RoomMe Page: Test Cases/Web RoomMe.id/1. Homepage/1. Customer Access RoomMe Page

2020-05-20 02:07:53 - [TEST_STEP][PASSED] - openBrowser("https://web.roomme.id/"): Browser is opened with url: 'https://web.roomme.id/'

2020-05-20 02:07:53 - [MESSAGE][WARNING] - A browser is already opened. Closing browser and opening a new one

2020-05-20 02:07:54 - [MESSAGE][INFO] - Starting 'Chrome' driver

2020-05-20 02:08:00 - [MESSAGE][PASSED] - Browser is opened with url: 'https://web.roomme.id/'

2020-05-20 02:08:00 - [TEST_STEP][PASSED] - maximizeWindow(): Current window maximized

2020-05-20 02:08:03 - [MESSAGE][PASSED] - Current window maximized

2020-05-20 02:08:03 - [TEST_STEP][PASSED] - waitForPageLoad(0): Wait for page load successfully

2020-05-20 02:08:03 - [MESSAGE][WARNING] - Timeout '0' is invalid. Using default page load timeout: '30'

2020-05-20 02:08:03 - [MESSAGE][PASSED] - Wait for page load successfully

2020-05-20 02:08:03 - [MESSAGE][PASSED] - Call Test Case 'Test Cases/Web RoomMe.id/1. Homepage/1. Customer Access RoomMe Page' successfully

2020-05-20 02:08:03 - [TEST_STEP][PASSED] - waitForElementVisible(findTestObject("Web RoomMe.id/RoomMe.id Header/Button Community"), 30): Object 'Object Repository/Web RoomMe.id/RoomMe.id Header/Button Community' is visible

2020-05-20 02:08:03 - [MESSAGE][PASSED] - Object 'Object Repository/Web RoomMe.id/RoomMe.id Header/Button Community' is visible

2020-05-20 02:08:03 - [TEST_STEP][PASSED] - click(findTestObject("Web RoomMe.id/RoomMe.id Header/Button Community")): Object: 'Object Repository/Web RoomMe.id/RoomMe.id Header/Button Community' is clicked on

2020-05-20 02:08:06 - [MESSAGE][PASSED] - Object: 'Object Repository/Web RoomMe.id/RoomMe.id Header/Button Community' is clicked on

2020-05-20 02:08:06 - [TEST_STEP][PASSED] - waitForPageLoad(0): Wait for page load successfully

2020-05-20 02:08:06 - [MESSAGE][WARNING] - Timeout '0' is invalid. Using default page load timeout: '30'

2020-05-20 02:08:08 - [MESSAGE][PASSED] - Wait for page load successfully

2020-05-20 02:08:08 - [MESSAGE][PASSED] - Call Test Case 'Test Cases/Web RoomMe.id/6. Community/Customer Access Community Page' successfully

2020-05-20 02:08:08 - [TEST_STEP][PASSED] - waitForElementVisible(findTestObject("Web RoomMe.id/Community Page/Welcome Video/Button Continue on the Form Registration"), 0): Object 'Object Repository/Web RoomMe.id/Community Page/Welcome Video/Button Continue on the Form Registration' is visible

2020-05-20 02:08:08 - [MESSAGE][WARNING] - Timeout '0' is invalid. Using default page load timeout: '30'

2020-05-20 02:08:08 - [MESSAGE][PASSED] - Object 'Object Repository/Web RoomMe.id/Community Page/Welcome Video/Button Continue on the Form Registration' is visible

2020-05-20 02:08:08 - [TEST_STEP][PASSED] - click(findTestObject("Web RoomMe.id/Community Page/Welcome Video/Button Continue on the Form Registration")): Object: 'Object Repository/Web RoomMe.id/Community Page/Welcome Video/Button Continue on the Form Registration' is clicked on

2020-05-20 02:08:08 - [MESSAGE][PASSED] - Object: 'Object Repository/Web RoomMe.id/Community Page/Welcome Video/Button Continue on the Form Registration' is clicked on

2020-05-20 02:08:08 - [TEST_STEP][PASSED] - waitForElementVisible(findTestObject("Web RoomMe.id/Community Page/Community Registration/Textfield Email Address"), 0): Object 'Object Repository/Web RoomMe.id/Community Page/Community Registration/Textfield Email Address' is visible

2020-05-20 02:08:09 - [MESSAGE][WARNING] - Timeout '0' is invalid. Using default page load timeout: '30'

2020-05-20 02:08:09 - [MESSAGE][PASSED] - Object 'Object Repository/Web RoomMe.id/Community Page/Community Registration/Textfield Email Address' is visible

2020-05-20 02:08:09 - [TEST_STEP][PASSED] - sendKeys(findTestObject("Web RoomMe.id/Community Page/Community Registration/Textfield Email Address"), "ab"): Keys 'ab' sent to object: 'Object Repository/Web RoomMe.id/Community Page/Community Registration/Textfield Email Address'

2020-05-20 02:08:10 - [MESSAGE][PASSED] - Keys 'ab' sent to object: 'Object Repository/Web RoomMe.id/Community Page/Community Registration/Textfield Email Address'

2020-05-20 02:08:10 - [TEST_STEP][PASSED] - waitForElementVisible(findTestObject("Web RoomMe.id/Community Page/Community Registration/Error Message/Text Email is not valid"), 0): Object 'Object Repository/Web RoomMe.id/Community Page/Community Registration/Error Message/Text Email is not valid' is visible

2020-05-20 02:08:10 - [MESSAGE][WARNING] - Timeout '0' is invalid. Using default page load timeout: '30'

2020-05-20 02:08:11 - [MESSAGE][PASSED] - Object 'Object Repository/Web RoomMe.id/Community Page/Community Registration/Error Message/Text Email is not valid' is visible

2020-05-20 02:08:11 - [TEST_STEP][PASSED] - sendKeys(findTestObject("Web RoomMe.id/Community Page/Community Registration/Textfield Email Address"), Keys.chord(CONTROL, "a", BACK_SPACE)): Keys 'CONTROL + BACK_SPACE + a' sent to object: 'Object Repository/Web RoomMe.id/Community Page/Community Registration/Textfield Email Address'

2020-05-20 02:08:11 - [MESSAGE][PASSED] - Keys 'CONTROL + BACK_SPACE + a' sent to object: 'Object Repository/Web RoomMe.id/Community Page/Community Registration/Textfield Email Address'

2020-05-20 02:08:12 - [TEST_STEP][PASSED] - sendKeys(findTestObject("Web RoomMe.id/Community Page/Community Registration/Textfield Email Address"), "123"): Keys '123' sent to object: 'Object Repository/Web RoomMe.id/Community Page/Community Registration/Textfield Email Address'

2020-05-20 02:08:12 - [MESSAGE][PASSED] - Keys '123' sent to object: 'Object Repository/Web RoomMe.id/Community Page/Community Registration/Textfield Email Address'

2020-05-20 02:08:12 - [TEST_STEP][PASSED] - waitForElementVisible(findTestObject("Web RoomMe.id/Community Page/Community Registration/Error Message/Text Email is not valid"), 0): Object 'Object Repository/Web RoomMe.id/Community Page/Community Registration/Error Message/Text Email is not valid' is visible

2020-05-20 02:08:12 - [MESSAGE][WARNING] - Timeout '0' is invalid. Using default page load timeout: '30'

2020-05-20 02:08:13 - [MESSAGE][PASSED] - Object 'Object Repository/Web RoomMe.id/Community Page/Community Registration/Error Message/Text Email is not valid' is visible

2020-05-20 02:08:13 - [TEST_STEP][PASSED] - sendKeys(findTestObject("Web RoomMe.id/Community Page/Community Registration/Textfield Email Address"), Keys.chord(CONTROL, "a", BACK_SPACE)): Keys 'CONTROL + BACK_SPACE + a' sent to object: 'Object Repository/Web RoomMe.id/Community Page/Community Registration/Textfield Email Address'

2020-05-20 02:08:13 - [MESSAGE][PASSED] - Keys 'CONTROL + BACK_SPACE + a' sent to object: 'Object Repository/Web RoomMe.id/Community Page/Community Registration/Textfield Email Address'

2020-05-20 02:08:13 - [TEST_STEP][PASSED] - sendKeys(findTestObject("Web RoomMe.id/Community Page/Community Registration/Textfield Email Address"), "!@#$"): Keys '!@#$' sent to object: 'Object Repository/Web RoomMe.id/Community Page/Community Registration/Textfield Email Address'

2020-05-20 02:08:14 - [MESSAGE][PASSED] - Keys '!@#$' sent to object: 'Object Repository/Web RoomMe.id/Community Page/Community Registration/Textfield Email Address'

2020-05-20 02:08:14 - [TEST_STEP][PASSED] - waitForElementVisible(findTestObject("Web RoomMe.id/Community Page/Community Registration/Error Message/Text Email is not valid"), 0): Object 'Object Repository/Web RoomMe.id/Community Page/Community Registration/Error Message/Text Email is not valid' is visible

2020-05-20 02:08:14 - [MESSAGE][WARNING] - Timeout '0' is invalid. Using default page load timeout: '30'

2020-05-20 02:08:15 - [MESSAGE][PASSED] - Object 'Object Repository/Web RoomMe.id/Community Page/Community Registration/Error Message/Text Email is not valid' is visible

2020-05-20 02:08:15 - [TEST_STEP][PASSED] - sendKeys(findTestObject("Web RoomMe.id/Community Page/Community Registration/Textfield Email Address"), Keys.chord(CONTROL, "a", BACK_SPACE)): Keys 'CONTROL + BACK_SPACE + a' sent to object: 'Object Repository/Web RoomMe.id/Community Page/Community Registration/Textfield Email Address'

2020-05-20 02:08:15 - [MESSAGE][PASSED] - Keys 'CONTROL + BACK_SPACE + a' sent to object: 'Object Repository/Web RoomMe.id/Community Page/Community Registration/Textfield Email Address'

2020-05-20 02:08:15 - [TEST_STEP][PASSED] - sendKeys(findTestObject("Web RoomMe.id/Community Page/Community Registration/Textfield Email Address"), "abcde12345abcde12345abcde12345abcde12345abcde12345as"): Keys 'abcde12345abcde12345abcde12345abcde12345abcde12345as' sent to object: 'Object Repository/Web RoomMe.id/Community Page/Community Registration/Textfield Email Address'

2020-05-20 02:08:17 - [MESSAGE][PASSED] - Keys 'abcde12345abcde12345abcde12345abcde12345abcde12345as' sent to object: 'Object Repository/Web RoomMe.id/Community Page/Community Registration/Textfield Email Address'

2020-05-20 02:08:17 - [TEST_STEP][PASSED] - waitForElementVisible(findTestObject("Web RoomMe.id/Community Page/Community Registration/Error Message/Text Email is not valid"), 0): Object 'Object Repository/Web RoomMe.id/Community Page/Community Registration/Error Message/Text Email is not valid' is visible

2020-05-20 02:08:17 - [MESSAGE][WARNING] - Timeout '0' is invalid. Using default page load timeout: '30'

2020-05-20 02:08:18 - [MESSAGE][PASSED] - Object 'Object Repository/Web RoomMe.id/Community Page/Community Registration/Error Message/Text Email is not valid' is visible

2020-05-20 02:08:18 - [TEST_STEP][PASSED] - sendKeys(findTestObject("Web RoomMe.id/Community Page/Community Registration/Textfield Email Address"), Keys.chord(CONTROL, "a", BACK_SPACE)): Keys 'CONTROL + BACK_SPACE + a' sent to object: 'Object Repository/Web RoomMe.id/Community Page/Community Registration/Textfield Email Address'

2020-05-20 02:08:18 - [MESSAGE][PASSED] - Keys 'CONTROL + BACK_SPACE + a' sent to object: 'Object Repository/Web RoomMe.id/Community Page/Community Registration/Textfield Email Address'

2020-05-20 02:08:18 - [TEST_STEP][PASSED] - sendKeys(findTestObject("Web RoomMe.id/Community Page/Community Registration/Textfield Email Address"), "asd@"): Keys 'asd@' sent to object: 'Object Repository/Web RoomMe.id/Community Page/Community Registration/Textfield Email Address'

2020-05-20 02:08:19 - [MESSAGE][PASSED] - Keys 'asd@' sent to object: 'Object Repository/Web RoomMe.id/Community Page/Community Registration/Textfield Email Address'

2020-05-20 02:08:19 - [TEST_STEP][PASSED] - waitForElementVisible(findTestObject("Web RoomMe.id/Community Page/Community Registration/Error Message/Text Email is not valid"), 0): Object 'Object Repository/Web RoomMe.id/Community Page/Community Registration/Error Message/Text Email is not valid' is visible

2020-05-20 02:08:19 - [MESSAGE][WARNING] - Timeout '0' is invalid. Using default page load timeout: '30'

2020-05-20 02:08:19 - [MESSAGE][PASSED] - Object 'Object Repository/Web RoomMe.id/Community Page/Community Registration/Error Message/Text Email is not valid' is visible

2020-05-20 02:08:19 - [TEST_STEP][PASSED] - sendKeys(findTestObject("Web RoomMe.id/Community Page/Community Registration/Textfield Email Address"), Keys.chord(CONTROL, "a", BACK_SPACE)): Keys 'CONTROL + BACK_SPACE + a' sent to object: 'Object Repository/Web RoomMe.id/Community Page/Community Registration/Textfield Email Address'

2020-05-20 02:08:19 - [MESSAGE][PASSED] - Keys 'CONTROL + BACK_SPACE + a' sent to object: 'Object Repository/Web RoomMe.id/Community Page/Community Registration/Textfield Email Address'

2020-05-20 02:08:19 - [TEST_STEP][PASSED] - sendKeys(findTestObject("Web RoomMe.id/Community Page/Community Registration/Textfield Email Address"), "asd@get"): Keys 'asd@get' sent to object: 'Object Repository/Web RoomMe.id/Community Page/Community Registration/Textfield Email Address'

2020-05-20 02:08:20 - [MESSAGE][PASSED] - Keys 'asd@get' sent to object: 'Object Repository/Web RoomMe.id/Community Page/Community Registration/Textfield Email Address'

2020-05-20 02:08:20 - [TEST_STEP][PASSED] - waitForElementVisible(findTestObject("Web RoomMe.id/Community Page/Community Registration/Error Message/Text Email is not valid"), 0): Object 'Object Repository/Web RoomMe.id/Community Page/Community Registration/Error Message/Text Email is not valid' is visible

2020-05-20 02:08:20 - [MESSAGE][WARNING] - Timeout '0' is invalid. Using default page load timeout: '30'

2020-05-20 02:08:21 - [MESSAGE][PASSED] - Object 'Object Repository/Web RoomMe.id/Community Page/Community Registration/Error Message/Text Email is not valid' is visible

2020-05-20 02:08:21 - [TEST_STEP][PASSED] - sendKeys(findTestObject("Web RoomMe.id/Community Page/Community Registration/Textfield Email Address"), Keys.chord(CONTROL, "a", BACK_SPACE)): Keys 'CONTROL + BACK_SPACE + a' sent to object: 'Object Repository/Web RoomMe.id/Community Page/Community Registration/Textfield Email Address'

2020-05-20 02:08:21 - [MESSAGE][PASSED] - Keys 'CONTROL + BACK_SPACE + a' sent to object: 'Object Repository/Web RoomMe.id/Community Page/Community Registration/Textfield Email Address'

2020-05-20 02:08:21 - [TEST_STEP][PASSED] - sendKeys(findTestObject("Web RoomMe.id/Community Page/Community Registration/Textfield Email Address"), "asd@get."): Keys 'asd@get.' sent to object: 'Object Repository/Web RoomMe.id/Community Page/Community Registration/Textfield Email Address'

2020-05-20 02:08:22 - [MESSAGE][PASSED] - Keys 'asd@get.' sent to object: 'Object Repository/Web RoomMe.id/Community Page/Community Registration/Textfield Email Address'

2020-05-20 02:08:22 - [TEST_STEP][PASSED] - waitForElementVisible(findTestObject("Web RoomMe.id/Community Page/Community Registration/Error Message/Text Email is not valid"), 0): Object 'Object Repository/Web RoomMe.id/Community Page/Community Registration/Error Message/Text Email is not valid' is visible

2020-05-20 02:08:22 - [MESSAGE][WARNING] - Timeout '0' is invalid. Using default page load timeout: '30'

2020-05-20 02:08:23 - [MESSAGE][PASSED] - Object 'Object Repository/Web RoomMe.id/Community Page/Community Registration/Error Message/Text Email is not valid' is visible

2020-05-20 02:08:23 - [TEST_STEP][PASSED] - sendKeys(findTestObject("Web RoomMe.id/Community Page/Community Registration/Textfield Email Address"), Keys.chord(CONTROL, "a", BACK_SPACE)): Keys 'CONTROL + BACK_SPACE + a' sent to object: 'Object Repository/Web RoomMe.id/Community Page/Community Registration/Textfield Email Address'

2020-05-20 02:08:23 - [MESSAGE][PASSED] - Keys 'CONTROL + BACK_SPACE + a' sent to object: 'Object Repository/Web RoomMe.id/Community Page/Community Registration/Textfield Email Address'

2020-05-20 02:08:23 - [TEST_STEP][PASSED] - sendKeys(findTestObject("Web RoomMe.id/Community Page/Community Registration/Textfield Email Address"), "asd@get.c"): Keys 'asd@get.c' sent to object: 'Object Repository/Web RoomMe.id/Community Page/Community Registration/Textfield Email Address'

2020-05-20 02:08:24 - [MESSAGE][PASSED] - Keys 'asd@get.c' sent to object: 'Object Repository/Web RoomMe.id/Community Page/Community Registration/Textfield Email Address'

2020-05-20 02:08:24 - [TEST_STEP][PASSED] - waitForElementVisible(findTestObject("Web RoomMe.id/Community Page/Community Registration/Error Message/Text Email is not valid"), 0): Object 'Object Repository/Web RoomMe.id/Community Page/Community Registration/Error Message/Text Email is not valid' is visible

2020-05-20 02:08:24 - [MESSAGE][WARNING] - Timeout '0' is invalid. Using default page load timeout: '30'

2020-05-20 02:08:25 - [MESSAGE][PASSED] - Object 'Object Repository/Web RoomMe.id/Community Page/Community Registration/Error Message/Text Email is not valid' is visible]]></system-out>
         <system-err><![CDATA[]]></system-err>
      </testcase>
      <system-out><![CDATA[2020-05-20 02:01:59 - [TEST_SUITE][PASSED] - Customer Register in Community Page: Test Cases/Web RoomMe.id/20. Community Registration/9. Customer Input Email Address with Invalid Data]]></system-out>
      <system-err><![CDATA[]]></system-err>
   </testsuite>
</testsuites>
