<?xml version="1.0" encoding="UTF-8"?>
<testsuites name="Customer Access Community Page" time="185.967" tests="4" failures="0" errors="0">
   <testsuite name="Customer Access Community Page" tests="4" failures="0" errors="0" time="185.967" timestamp="2020-05-20 02:17:56" hostname="Win 10 - LENNONOVO" id="Test Suites/Web RoomMe.id/Customer Access Community Page">
      <properties>
         <property name="deviceName" value=""/>
         <property name="devicePlatform" value=""/>
         <property name="logFolder" value="C:\\Users\\Faldi\\Katalon Studio\\katalonroomme-master\\Reports\\20200520_021747\\Web RoomMe.id\\Customer Access Community Page\\20200520_021747"/>
         <property name="logFiles" value="C:\\Users\\Faldi\\Katalon Studio\\katalonroomme-master\\Reports\\20200520_021747\\Web RoomMe.id\\Customer Access Community Page\\20200520_021747\\execution0.log"/>
         <property name="attachments" value=""/>
         <property name="hostName" value="Win 10 - LENNONOVO"/>
         <property name="os" value="Windows 10 64bit"/>
         <property name="katalonVersion" value="7.1.1.1"/>
         <property name="browser" value="Chrome 81.0.4044.138"/>
         <property name="hostAddress" value="192.168.1.14"/>
         <property name="sessionId" value="e6a4d9a72c84f4484e846c3e43f7dce6"/>
         <property name="seleniumVersion" value="3.141.59"/>
         <property name="proxyInformation" value="ProxyInformation{proxyOption=NO_PROXY, proxyServerType=HTTP, password=, proxyServerAddress=, proxyServerPort=0}"/>
         <property name="platform" value="Windows 10"/>
      </properties>
      <testcase name="Test Cases/Web RoomMe.id/6. Community/1. Customer Access Community Page From Header" time="41.523" classname="Test Cases/Web RoomMe.id/6. Community/1. Customer Access Community Page From Header" status="PASSED">
         <system-out><![CDATA[2020-05-20 02:17:56 - [TEST_CASE][PASSED] - Test Cases/Web RoomMe.id/6. Community/1. Customer Access Community Page From Header: Test Cases/Web RoomMe.id/6. Community/1. Customer Access Community Page From Header

2020-05-20 02:17:57 - [TEST_STEP][PASSED] - callTestCase(findTestCase("Web RoomMe.id/1. Homepage/1. Customer Access RoomMe Page"), [:], STOP_ON_FAILURE): Call Test Case 'Test Cases/Web RoomMe.id/1. Homepage/1. Customer Access RoomMe Page' successfully

2020-05-20 02:17:57 - [TEST_CASE][PASSED] - Test Cases/Web RoomMe.id/1. Homepage/1. Customer Access RoomMe Page: Test Cases/Web RoomMe.id/1. Homepage/1. Customer Access RoomMe Page

2020-05-20 02:17:58 - [TEST_STEP][PASSED] - openBrowser("https://web.roomme.id/"): Browser is opened with url: 'https://web.roomme.id/'

2020-05-20 02:17:58 - [MESSAGE][INFO] - Starting 'Chrome' driver

2020-05-20 02:17:58 - [MESSAGE][INFO] - Action delay is set to 0 seconds

2020-05-20 02:18:07 - [MESSAGE][PASSED] - Browser is opened with url: 'https://web.roomme.id/'

2020-05-20 02:18:07 - [TEST_STEP][PASSED] - maximizeWindow(): Current window maximized

2020-05-20 02:18:10 - [MESSAGE][PASSED] - Current window maximized

2020-05-20 02:18:10 - [TEST_STEP][PASSED] - waitForPageLoad(0): Wait for page load successfully

2020-05-20 02:18:10 - [MESSAGE][WARNING] - Timeout '0' is invalid. Using default page load timeout: '30'

2020-05-20 02:18:10 - [MESSAGE][PASSED] - Wait for page load successfully

2020-05-20 02:18:10 - [MESSAGE][PASSED] - Call Test Case 'Test Cases/Web RoomMe.id/1. Homepage/1. Customer Access RoomMe Page' successfully

2020-05-20 02:18:10 - [TEST_STEP][PASSED] - waitForElementVisible(findTestObject("Web RoomMe.id/RoomMe.id Header/Button Community"), 30): Object 'Object Repository/Web RoomMe.id/RoomMe.id Header/Button Community' is visible

2020-05-20 02:18:11 - [MESSAGE][PASSED] - Object 'Object Repository/Web RoomMe.id/RoomMe.id Header/Button Community' is visible

2020-05-20 02:18:11 - [TEST_STEP][PASSED] - click(findTestObject("Web RoomMe.id/RoomMe.id Header/Button Community")): Object: 'Object Repository/Web RoomMe.id/RoomMe.id Header/Button Community' is clicked on

2020-05-20 02:18:13 - [MESSAGE][PASSED] - Object: 'Object Repository/Web RoomMe.id/RoomMe.id Header/Button Community' is clicked on

2020-05-20 02:18:13 - [TEST_STEP][PASSED] - waitForPageLoad(0): Wait for page load successfully

2020-05-20 02:18:13 - [MESSAGE][WARNING] - Timeout '0' is invalid. Using default page load timeout: '30'

2020-05-20 02:18:15 - [MESSAGE][PASSED] - Wait for page load successfully

2020-05-20 02:18:15 - [TEST_STEP][PASSED] - callTestCase(findTestCase("Web RoomMe.id/6. Community/5. Verify Welcome Video"), [:], STOP_ON_FAILURE): Call Test Case 'Test Cases/Web RoomMe.id/6. Community/5. Verify Welcome Video' successfully

2020-05-20 02:18:15 - [TEST_CASE][PASSED] - Test Cases/Web RoomMe.id/6. Community/5. Verify Welcome Video: Test Cases/Web RoomMe.id/6. Community/5. Verify Welcome Video

2020-05-20 02:18:16 - [TEST_STEP][NOT_RUN] - callTestCase(findTestCase("Web RoomMe.id/6. Community/1. Customer Access Community Page From Header"), [:], STOP_ON_FAILURE): NOT_RUN: callTestCase(findTestCase("Web RoomMe.id/6. Community/1. Customer Access Community Page From Header"), [:], STOP_ON_FAILURE)

2020-05-20 02:18:16 - [MESSAGE][NOT_RUN] - NOT_RUN: callTestCase(findTestCase("Web RoomMe.id/6. Community/1. Customer Access Community Page From Header"), [:], STOP_ON_FAILURE)

2020-05-20 02:18:16 - [TEST_STEP][PASSED] - waitForElementVisible(findTestObject("Web RoomMe.id/Community Page/Welcome Video/Text JOIN OUR COMMUNITY"), 0): Object 'Object Repository/Web RoomMe.id/Community Page/Welcome Video/Text JOIN OUR COMMUNITY' is visible

2020-05-20 02:18:16 - [MESSAGE][WARNING] - Timeout '0' is invalid. Using default page load timeout: '30'

2020-05-20 02:18:16 - [MESSAGE][PASSED] - Object 'Object Repository/Web RoomMe.id/Community Page/Welcome Video/Text JOIN OUR COMMUNITY' is visible

2020-05-20 02:18:16 - [TEST_STEP][PASSED] - waitForElementVisible(findTestObject("Web RoomMe.id/Community Page/Welcome Video/Text And enjoy the benefits and features"), 0): Object 'Object Repository/Web RoomMe.id/Community Page/Welcome Video/Text And enjoy the benefits and features' is visible

2020-05-20 02:18:16 - [MESSAGE][WARNING] - Timeout '0' is invalid. Using default page load timeout: '30'

2020-05-20 02:18:17 - [MESSAGE][PASSED] - Object 'Object Repository/Web RoomMe.id/Community Page/Welcome Video/Text And enjoy the benefits and features' is visible

2020-05-20 02:18:17 - [TEST_STEP][PASSED] - waitForElementVisible(findTestObject("Web RoomMe.id/Community Page/Welcome Video/Video Events RoomMe"), 0): Object 'Object Repository/Web RoomMe.id/Community Page/Welcome Video/Video Events RoomMe' is visible

2020-05-20 02:18:17 - [MESSAGE][WARNING] - Timeout '0' is invalid. Using default page load timeout: '30'

2020-05-20 02:18:17 - [MESSAGE][PASSED] - Object 'Object Repository/Web RoomMe.id/Community Page/Welcome Video/Video Events RoomMe' is visible

2020-05-20 02:18:17 - [TEST_STEP][PASSED] - waitForElementVisible(findTestObject("Web RoomMe.id/Community Page/Welcome Video/Button Continue on the Form Registration"), 0): Object 'Object Repository/Web RoomMe.id/Community Page/Welcome Video/Button Continue on the Form Registration' is visible

2020-05-20 02:18:17 - [MESSAGE][WARNING] - Timeout '0' is invalid. Using default page load timeout: '30'

2020-05-20 02:18:17 - [MESSAGE][PASSED] - Object 'Object Repository/Web RoomMe.id/Community Page/Welcome Video/Button Continue on the Form Registration' is visible

2020-05-20 02:18:17 - [TEST_STEP][PASSED] - delay(10): Delayed 10 second(s)

2020-05-20 02:18:27 - [MESSAGE][PASSED] - Delayed 10 second(s)

2020-05-20 02:18:27 - [MESSAGE][PASSED] - Call Test Case 'Test Cases/Web RoomMe.id/6. Community/5. Verify Welcome Video' successfully

2020-05-20 02:18:27 - [TEST_STEP][PASSED] - click(findTestObject("Web RoomMe.id/Community Page/Welcome Video/Button Continue on the Form Registration")): Object: 'Object Repository/Web RoomMe.id/Community Page/Welcome Video/Button Continue on the Form Registration' is clicked on

2020-05-20 02:18:28 - [MESSAGE][PASSED] - Object: 'Object Repository/Web RoomMe.id/Community Page/Welcome Video/Button Continue on the Form Registration' is clicked on

2020-05-20 02:18:28 - [TEST_STEP][PASSED] - click(findTestObject("Web RoomMe.id/RoomMe.id Header/Image Header Logo")): Object: 'Object Repository/Web RoomMe.id/RoomMe.id Header/Image Header Logo' is clicked on

2020-05-20 02:18:31 - [MESSAGE][PASSED] - Object: 'Object Repository/Web RoomMe.id/RoomMe.id Header/Image Header Logo' is clicked on

2020-05-20 02:18:31 - [TEST_STEP][PASSED] - callTestCase(findTestCase("Web RoomMe.id/6. Community/4. Verify Element on Community Page"), [:], STOP_ON_FAILURE): Call Test Case 'Test Cases/Web RoomMe.id/6. Community/4. Verify Element on Community Page' successfully

2020-05-20 02:18:31 - [TEST_CASE][PASSED] - Test Cases/Web RoomMe.id/6. Community/4. Verify Element on Community Page: Test Cases/Web RoomMe.id/6. Community/4. Verify Element on Community Page

2020-05-20 02:18:32 - [TEST_STEP][PASSED] - objectSubFolder = "Web RoomMe.id\Community Page\": null

2020-05-20 02:18:32 - [TEST_STEP][PASSED] - pathToObjRep = getProjectDir() + "\Object Repository\" + objectSubFolder: null

2020-05-20 02:18:32 - [TEST_STEP][PASSED] - yourObjects = new java.io.File(pathToObjRep): null

2020-05-20 02:18:32 - [TEST_STEP][PASSED] - fileNames = yourObjects.list(): null

2020-05-20 02:18:32 - [TEST_STEP][PASSED] - testObjects = new java.util.ArrayList(): null

2020-05-20 02:18:32 - [TEST_STEP][PASSED] - for ([i = 0, i < length, (i++)]): null

2020-05-20 02:18:32 - [TEST_STEP][PASSED] - if (fileNames[i].contains(".rs")): null

2020-05-20 02:18:32 - [TEST_STEP][PASSED] - fileNames[i] = fileNames[i].replace(".rs", ""): null

2020-05-20 02:18:32 - [TEST_STEP][PASSED] - testObjects.add(objectSubFolder + fileNames[i]): null

2020-05-20 02:18:32 - [TEST_STEP][PASSED] - if (fileNames[i].contains(".rs")): null

2020-05-20 02:18:32 - [TEST_STEP][PASSED] - fileNames[i] = fileNames[i].replace(".rs", ""): null

2020-05-20 02:18:32 - [TEST_STEP][PASSED] - testObjects.add(objectSubFolder + fileNames[i]): null

2020-05-20 02:18:32 - [TEST_STEP][PASSED] - if (fileNames[i].contains(".rs")): null

2020-05-20 02:18:32 - [TEST_STEP][PASSED] - fileNames[i] = fileNames[i].replace(".rs", ""): null

2020-05-20 02:18:32 - [TEST_STEP][PASSED] - testObjects.add(objectSubFolder + fileNames[i]): null

2020-05-20 02:18:32 - [TEST_STEP][PASSED] - if (fileNames[i].contains(".rs")): null

2020-05-20 02:18:32 - [TEST_STEP][PASSED] - fileNames[i] = fileNames[i].replace(".rs", ""): null

2020-05-20 02:18:32 - [TEST_STEP][PASSED] - testObjects.add(objectSubFolder + fileNames[i]): null

2020-05-20 02:18:32 - [TEST_STEP][PASSED] - if (fileNames[i].contains(".rs")): null

2020-05-20 02:18:32 - [TEST_STEP][PASSED] - if (fileNames[i].contains(".rs")): null

2020-05-20 02:18:32 - [TEST_STEP][PASSED] - fileNames[i] = fileNames[i].replace(".rs", ""): null

2020-05-20 02:18:32 - [TEST_STEP][PASSED] - testObjects.add(objectSubFolder + fileNames[i]): null

2020-05-20 02:18:32 - [TEST_STEP][PASSED] - if (fileNames[i].contains(".rs")): null

2020-05-20 02:18:32 - [TEST_STEP][PASSED] - fileNames[i] = fileNames[i].replace(".rs", ""): null

2020-05-20 02:18:32 - [TEST_STEP][PASSED] - testObjects.add(objectSubFolder + fileNames[i]): null

2020-05-20 02:18:32 - [TEST_STEP][PASSED] - if (fileNames[i].contains(".rs")): null

2020-05-20 02:18:32 - [TEST_STEP][PASSED] - fileNames[i] = fileNames[i].replace(".rs", ""): null

2020-05-20 02:18:32 - [TEST_STEP][PASSED] - testObjects.add(objectSubFolder + fileNames[i]): null

2020-05-20 02:18:32 - [TEST_STEP][PASSED] - if (fileNames[i].contains(".rs")): null

2020-05-20 02:18:32 - [TEST_STEP][PASSED] - fileNames[i] = fileNames[i].replace(".rs", ""): null

2020-05-20 02:18:32 - [TEST_STEP][PASSED] - testObjects.add(objectSubFolder + fileNames[i]): null

2020-05-20 02:18:32 - [TEST_STEP][PASSED] - if (fileNames[i].contains(".rs")): null

2020-05-20 02:18:32 - [TEST_STEP][PASSED] - fileNames[i] = fileNames[i].replace(".rs", ""): null

2020-05-20 02:18:32 - [TEST_STEP][PASSED] - testObjects.add(objectSubFolder + fileNames[i]): null

2020-05-20 02:18:32 - [TEST_STEP][PASSED] - if (fileNames[i].contains(".rs")): null

2020-05-20 02:18:32 - [TEST_STEP][PASSED] - fileNames[i] = fileNames[i].replace(".rs", ""): null

2020-05-20 02:18:32 - [TEST_STEP][PASSED] - testObjects.add(objectSubFolder + fileNames[i]): null

2020-05-20 02:18:32 - [TEST_STEP][PASSED] - if (fileNames[i].contains(".rs")): null

2020-05-20 02:18:32 - [TEST_STEP][PASSED] - fileNames[i] = fileNames[i].replace(".rs", ""): null

2020-05-20 02:18:32 - [TEST_STEP][PASSED] - testObjects.add(objectSubFolder + fileNames[i]): null

2020-05-20 02:18:32 - [TEST_STEP][PASSED] - if (fileNames[i].contains(".rs")): null

2020-05-20 02:18:32 - [TEST_STEP][PASSED] - fileNames[i] = fileNames[i].replace(".rs", ""): null

2020-05-20 02:18:32 - [TEST_STEP][PASSED] - testObjects.add(objectSubFolder + fileNames[i]): null

2020-05-20 02:18:32 - [TEST_STEP][PASSED] - if (fileNames[i].contains(".rs")): null

2020-05-20 02:18:32 - [TEST_STEP][PASSED] - fileNames[i] = fileNames[i].replace(".rs", ""): null

2020-05-20 02:18:32 - [TEST_STEP][PASSED] - testObjects.add(objectSubFolder + fileNames[i]): null

2020-05-20 02:18:32 - [TEST_STEP][PASSED] - if (fileNames[i].contains(".rs")): null

2020-05-20 02:18:32 - [TEST_STEP][PASSED] - fileNames[i] = fileNames[i].replace(".rs", ""): null

2020-05-20 02:18:32 - [TEST_STEP][PASSED] - testObjects.add(objectSubFolder + fileNames[i]): null

2020-05-20 02:18:32 - [TEST_STEP][PASSED] - if (fileNames[i].contains(".rs")): null

2020-05-20 02:18:32 - [TEST_STEP][PASSED] - fileNames[i] = fileNames[i].replace(".rs", ""): null

2020-05-20 02:18:32 - [TEST_STEP][PASSED] - testObjects.add(objectSubFolder + fileNames[i]): null

2020-05-20 02:18:32 - [TEST_STEP][PASSED] - if (fileNames[i].contains(".rs")): null

2020-05-20 02:18:32 - [TEST_STEP][PASSED] - fileNames[i] = fileNames[i].replace(".rs", ""): null

2020-05-20 02:18:32 - [TEST_STEP][PASSED] - testObjects.add(objectSubFolder + fileNames[i]): null

2020-05-20 02:18:32 - [TEST_STEP][PASSED] - if (fileNames[i].contains(".rs")): null

2020-05-20 02:18:32 - [TEST_STEP][PASSED] - fileNames[i] = fileNames[i].replace(".rs", ""): null

2020-05-20 02:18:32 - [TEST_STEP][PASSED] - testObjects.add(objectSubFolder + fileNames[i]): null

2020-05-20 02:18:32 - [TEST_STEP][PASSED] - if (fileNames[i].contains(".rs")): null

2020-05-20 02:18:32 - [TEST_STEP][PASSED] - for (String obj : testObjects): Object 'Object Repository/Web RoomMe.id\Community Page\Video Events' is visible

2020-05-20 02:18:32 - [TEST_STEP][PASSED] - verifyElementVisible(findTestObject(obj)): Object 'Object Repository/Web RoomMe.id\Community Page\Button Join Our Community' is visible

2020-05-20 02:18:32 - [MESSAGE][PASSED] - Object 'Object Repository/Web RoomMe.id\Community Page\Button Join Our Community' is visible

2020-05-20 02:18:32 - [TEST_STEP][PASSED] - verifyElementVisible(findTestObject(obj)): Object 'Object Repository/Web RoomMe.id\Community Page\Button See More Events' is visible

2020-05-20 02:18:32 - [MESSAGE][PASSED] - Object 'Object Repository/Web RoomMe.id\Community Page\Button See More Events' is visible

2020-05-20 02:18:32 - [TEST_STEP][PASSED] - verifyElementVisible(findTestObject(obj)): Object 'Object Repository/Web RoomMe.id\Community Page\Button See More Videos' is visible

2020-05-20 02:18:33 - [MESSAGE][PASSED] - Object 'Object Repository/Web RoomMe.id\Community Page\Button See More Videos' is visible

2020-05-20 02:18:33 - [TEST_STEP][PASSED] - verifyElementVisible(findTestObject(obj)): Object 'Object Repository/Web RoomMe.id\Community Page\Button See More' is visible

2020-05-20 02:18:33 - [MESSAGE][PASSED] - Object 'Object Repository/Web RoomMe.id\Community Page\Button See More' is visible

2020-05-20 02:18:33 - [TEST_STEP][PASSED] - verifyElementVisible(findTestObject(obj)): Object 'Object Repository/Web RoomMe.id\Community Page\Image Carousel' is visible

2020-05-20 02:18:34 - [MESSAGE][PASSED] - Object 'Object Repository/Web RoomMe.id\Community Page\Image Carousel' is visible

2020-05-20 02:18:34 - [TEST_STEP][PASSED] - verifyElementVisible(findTestObject(obj)): Object 'Object Repository/Web RoomMe.id\Community Page\Image Event' is visible

2020-05-20 02:18:34 - [MESSAGE][PASSED] - Object 'Object Repository/Web RoomMe.id\Community Page\Image Event' is visible

2020-05-20 02:18:34 - [TEST_STEP][PASSED] - verifyElementVisible(findTestObject(obj)): Object 'Object Repository/Web RoomMe.id\Community Page\Text All Events' is visible

2020-05-20 02:18:34 - [MESSAGE][PASSED] - Object 'Object Repository/Web RoomMe.id\Community Page\Text All Events' is visible

2020-05-20 02:18:34 - [TEST_STEP][PASSED] - verifyElementVisible(findTestObject(obj)): Object 'Object Repository/Web RoomMe.id\Community Page\Text Discover your pleasant' is visible

2020-05-20 02:18:35 - [MESSAGE][PASSED] - Object 'Object Repository/Web RoomMe.id\Community Page\Text Discover your pleasant' is visible

2020-05-20 02:18:35 - [TEST_STEP][PASSED] - verifyElementVisible(findTestObject(obj)): Object 'Object Repository/Web RoomMe.id\Community Page\Text From inspiring  funny stories' is visible

2020-05-20 02:18:35 - [MESSAGE][PASSED] - Object 'Object Repository/Web RoomMe.id\Community Page\Text From inspiring  funny stories' is visible

2020-05-20 02:18:35 - [TEST_STEP][PASSED] - verifyElementVisible(findTestObject(obj)): Object 'Object Repository/Web RoomMe.id\Community Page\Text Happening Events in Community' is visible

2020-05-20 02:18:35 - [MESSAGE][PASSED] - Object 'Object Repository/Web RoomMe.id\Community Page\Text Happening Events in Community' is visible

2020-05-20 02:18:35 - [TEST_STEP][PASSED] - verifyElementVisible(findTestObject(obj)): Object 'Object Repository/Web RoomMe.id\Community Page\Text Hey RoomMies Lets join our community' is visible

2020-05-20 02:18:36 - [MESSAGE][PASSED] - Object 'Object Repository/Web RoomMe.id\Community Page\Text Hey RoomMies Lets join our community' is visible

2020-05-20 02:18:36 - [TEST_STEP][PASSED] - verifyElementVisible(findTestObject(obj)): Object 'Object Repository/Web RoomMe.id\Community Page\Text Join the right communit' is visible

2020-05-20 02:18:36 - [MESSAGE][PASSED] - Object 'Object Repository/Web RoomMe.id\Community Page\Text Join the right communit' is visible

2020-05-20 02:18:36 - [TEST_STEP][PASSED] - verifyElementVisible(findTestObject(obj)): Object 'Object Repository/Web RoomMe.id\Community Page\Text Know Your Friends' is visible

2020-05-20 02:18:36 - [MESSAGE][PASSED] - Object 'Object Repository/Web RoomMe.id\Community Page\Text Know Your Friends' is visible

2020-05-20 02:18:36 - [TEST_STEP][PASSED] - verifyElementVisible(findTestObject(obj)): Object 'Object Repository/Web RoomMe.id\Community Page\Text Latest Events to Watch' is visible

2020-05-20 02:18:37 - [MESSAGE][PASSED] - Object 'Object Repository/Web RoomMe.id\Community Page\Text Latest Events to Watch' is visible

2020-05-20 02:18:37 - [TEST_STEP][PASSED] - verifyElementVisible(findTestObject(obj)): Object 'Object Repository/Web RoomMe.id\Community Page\Text To know more about our activitie' is visible

2020-05-20 02:18:37 - [MESSAGE][PASSED] - Object 'Object Repository/Web RoomMe.id\Community Page\Text To know more about our activitie' is visible

2020-05-20 02:18:37 - [TEST_STEP][PASSED] - verifyElementVisible(findTestObject(obj)): Object 'Object Repository/Web RoomMe.id\Community Page\Text Your hobbies will be more exciting' is visible

2020-05-20 02:18:38 - [MESSAGE][PASSED] - Object 'Object Repository/Web RoomMe.id\Community Page\Text Your hobbies will be more exciting' is visible

2020-05-20 02:18:38 - [TEST_STEP][PASSED] - verifyElementVisible(findTestObject(obj)): Object 'Object Repository/Web RoomMe.id\Community Page\Video Events' is visible

2020-05-20 02:18:38 - [MESSAGE][PASSED] - Object 'Object Repository/Web RoomMe.id\Community Page\Video Events' is visible

2020-05-20 02:18:38 - [MESSAGE][PASSED] - Call Test Case 'Test Cases/Web RoomMe.id/6. Community/4. Verify Element on Community Page' successfully]]></system-out>
         <system-err><![CDATA[]]></system-err>
      </testcase>
      <testcase name="Test Cases/Web RoomMe.id/6. Community/2. Customer Access Community Page From Homepage Section" time="37.741" classname="Test Cases/Web RoomMe.id/6. Community/2. Customer Access Community Page From Homepage Section" status="PASSED">
         <system-out><![CDATA[2020-05-20 02:18:38 - [TEST_CASE][PASSED] - Test Cases/Web RoomMe.id/6. Community/2. Customer Access Community Page From Homepage Section: Test Cases/Web RoomMe.id/6. Community/2. Customer Access Community Page From Homepage Section

2020-05-20 02:18:38 - [TEST_STEP][PASSED] - callTestCase(findTestCase("Web RoomMe.id/1. Homepage/1. Customer Access RoomMe Page"), [:], STOP_ON_FAILURE): Call Test Case 'Test Cases/Web RoomMe.id/1. Homepage/1. Customer Access RoomMe Page' successfully

2020-05-20 02:18:38 - [TEST_CASE][PASSED] - Test Cases/Web RoomMe.id/1. Homepage/1. Customer Access RoomMe Page: Test Cases/Web RoomMe.id/1. Homepage/1. Customer Access RoomMe Page

2020-05-20 02:18:38 - [TEST_STEP][PASSED] - openBrowser("https://web.roomme.id/"): Browser is opened with url: 'https://web.roomme.id/'

2020-05-20 02:18:38 - [MESSAGE][WARNING] - A browser is already opened. Closing browser and opening a new one

2020-05-20 02:18:39 - [MESSAGE][INFO] - Starting 'Chrome' driver

2020-05-20 02:18:46 - [MESSAGE][PASSED] - Browser is opened with url: 'https://web.roomme.id/'

2020-05-20 02:18:46 - [TEST_STEP][PASSED] - maximizeWindow(): Current window maximized

2020-05-20 02:18:48 - [MESSAGE][PASSED] - Current window maximized

2020-05-20 02:18:48 - [TEST_STEP][PASSED] - waitForPageLoad(0): Wait for page load successfully

2020-05-20 02:18:48 - [MESSAGE][WARNING] - Timeout '0' is invalid. Using default page load timeout: '30'

2020-05-20 02:18:48 - [MESSAGE][PASSED] - Wait for page load successfully

2020-05-20 02:18:48 - [MESSAGE][PASSED] - Call Test Case 'Test Cases/Web RoomMe.id/1. Homepage/1. Customer Access RoomMe Page' successfully

2020-05-20 02:18:48 - [TEST_STEP][PASSED] - waitForElementVisible(findTestObject("Web RoomMe.id/RoomMe.id Homepage/Button Explore Community"), 30): Object 'Object Repository/Web RoomMe.id/RoomMe.id Homepage/Button Explore Community' is visible

2020-05-20 02:18:49 - [MESSAGE][PASSED] - Object 'Object Repository/Web RoomMe.id/RoomMe.id Homepage/Button Explore Community' is visible

2020-05-20 02:18:49 - [TEST_STEP][PASSED] - click(findTestObject("Web RoomMe.id/RoomMe.id Homepage/Button Explore Community")): Object: 'Object Repository/Web RoomMe.id/RoomMe.id Homepage/Button Explore Community' is clicked on

2020-05-20 02:18:51 - [MESSAGE][PASSED] - Object: 'Object Repository/Web RoomMe.id/RoomMe.id Homepage/Button Explore Community' is clicked on

2020-05-20 02:18:51 - [TEST_STEP][PASSED] - waitForPageLoad(0): Wait for page load successfully

2020-05-20 02:18:51 - [MESSAGE][WARNING] - Timeout '0' is invalid. Using default page load timeout: '30'

2020-05-20 02:18:54 - [MESSAGE][PASSED] - Wait for page load successfully

2020-05-20 02:18:54 - [TEST_STEP][PASSED] - callTestCase(findTestCase("Web RoomMe.id/6. Community/5. Verify Welcome Video"), [:], STOP_ON_FAILURE): Call Test Case 'Test Cases/Web RoomMe.id/6. Community/5. Verify Welcome Video' successfully

2020-05-20 02:18:54 - [TEST_CASE][PASSED] - Test Cases/Web RoomMe.id/6. Community/5. Verify Welcome Video: Test Cases/Web RoomMe.id/6. Community/5. Verify Welcome Video

2020-05-20 02:18:54 - [TEST_STEP][NOT_RUN] - callTestCase(findTestCase("Web RoomMe.id/6. Community/1. Customer Access Community Page From Header"), [:], STOP_ON_FAILURE): NOT_RUN: callTestCase(findTestCase("Web RoomMe.id/6. Community/1. Customer Access Community Page From Header"), [:], STOP_ON_FAILURE)

2020-05-20 02:18:54 - [MESSAGE][NOT_RUN] - NOT_RUN: callTestCase(findTestCase("Web RoomMe.id/6. Community/1. Customer Access Community Page From Header"), [:], STOP_ON_FAILURE)

2020-05-20 02:18:54 - [TEST_STEP][PASSED] - waitForElementVisible(findTestObject("Web RoomMe.id/Community Page/Welcome Video/Text JOIN OUR COMMUNITY"), 0): Object 'Object Repository/Web RoomMe.id/Community Page/Welcome Video/Text JOIN OUR COMMUNITY' is visible

2020-05-20 02:18:54 - [MESSAGE][WARNING] - Timeout '0' is invalid. Using default page load timeout: '30'

2020-05-20 02:18:54 - [MESSAGE][PASSED] - Object 'Object Repository/Web RoomMe.id/Community Page/Welcome Video/Text JOIN OUR COMMUNITY' is visible

2020-05-20 02:18:54 - [TEST_STEP][PASSED] - waitForElementVisible(findTestObject("Web RoomMe.id/Community Page/Welcome Video/Text And enjoy the benefits and features"), 0): Object 'Object Repository/Web RoomMe.id/Community Page/Welcome Video/Text And enjoy the benefits and features' is visible

2020-05-20 02:18:54 - [MESSAGE][WARNING] - Timeout '0' is invalid. Using default page load timeout: '30'

2020-05-20 02:18:55 - [MESSAGE][PASSED] - Object 'Object Repository/Web RoomMe.id/Community Page/Welcome Video/Text And enjoy the benefits and features' is visible

2020-05-20 02:18:55 - [TEST_STEP][PASSED] - waitForElementVisible(findTestObject("Web RoomMe.id/Community Page/Welcome Video/Video Events RoomMe"), 0): Object 'Object Repository/Web RoomMe.id/Community Page/Welcome Video/Video Events RoomMe' is visible

2020-05-20 02:18:55 - [MESSAGE][WARNING] - Timeout '0' is invalid. Using default page load timeout: '30'

2020-05-20 02:18:55 - [MESSAGE][PASSED] - Object 'Object Repository/Web RoomMe.id/Community Page/Welcome Video/Video Events RoomMe' is visible

2020-05-20 02:18:55 - [TEST_STEP][PASSED] - waitForElementVisible(findTestObject("Web RoomMe.id/Community Page/Welcome Video/Button Continue on the Form Registration"), 0): Object 'Object Repository/Web RoomMe.id/Community Page/Welcome Video/Button Continue on the Form Registration' is visible

2020-05-20 02:18:55 - [MESSAGE][WARNING] - Timeout '0' is invalid. Using default page load timeout: '30'

2020-05-20 02:18:56 - [MESSAGE][PASSED] - Object 'Object Repository/Web RoomMe.id/Community Page/Welcome Video/Button Continue on the Form Registration' is visible

2020-05-20 02:18:56 - [TEST_STEP][PASSED] - delay(10): Delayed 10 second(s)

2020-05-20 02:19:06 - [MESSAGE][PASSED] - Delayed 10 second(s)

2020-05-20 02:19:06 - [MESSAGE][PASSED] - Call Test Case 'Test Cases/Web RoomMe.id/6. Community/5. Verify Welcome Video' successfully

2020-05-20 02:19:06 - [TEST_STEP][PASSED] - click(findTestObject("Web RoomMe.id/Community Page/Welcome Video/Button Continue on the Form Registration")): Object: 'Object Repository/Web RoomMe.id/Community Page/Welcome Video/Button Continue on the Form Registration' is clicked on

2020-05-20 02:19:06 - [MESSAGE][PASSED] - Object: 'Object Repository/Web RoomMe.id/Community Page/Welcome Video/Button Continue on the Form Registration' is clicked on

2020-05-20 02:19:06 - [TEST_STEP][PASSED] - click(findTestObject("Web RoomMe.id/RoomMe.id Header/Image Header Logo")): Object: 'Object Repository/Web RoomMe.id/RoomMe.id Header/Image Header Logo' is clicked on

2020-05-20 02:19:09 - [MESSAGE][PASSED] - Object: 'Object Repository/Web RoomMe.id/RoomMe.id Header/Image Header Logo' is clicked on

2020-05-20 02:19:09 - [TEST_STEP][PASSED] - callTestCase(findTestCase("Web RoomMe.id/6. Community/4. Verify Element on Community Page"), [:], STOP_ON_FAILURE): Call Test Case 'Test Cases/Web RoomMe.id/6. Community/4. Verify Element on Community Page' successfully

2020-05-20 02:19:09 - [TEST_CASE][PASSED] - Test Cases/Web RoomMe.id/6. Community/4. Verify Element on Community Page: Test Cases/Web RoomMe.id/6. Community/4. Verify Element on Community Page

2020-05-20 02:19:09 - [TEST_STEP][PASSED] - objectSubFolder = "Web RoomMe.id\Community Page\": null

2020-05-20 02:19:09 - [TEST_STEP][PASSED] - pathToObjRep = getProjectDir() + "\Object Repository\" + objectSubFolder: null

2020-05-20 02:19:09 - [TEST_STEP][PASSED] - yourObjects = new java.io.File(pathToObjRep): null

2020-05-20 02:19:09 - [TEST_STEP][PASSED] - fileNames = yourObjects.list(): null

2020-05-20 02:19:09 - [TEST_STEP][PASSED] - testObjects = new java.util.ArrayList(): null

2020-05-20 02:19:09 - [TEST_STEP][PASSED] - for ([i = 0, i < length, (i++)]): null

2020-05-20 02:19:09 - [TEST_STEP][PASSED] - if (fileNames[i].contains(".rs")): null

2020-05-20 02:19:09 - [TEST_STEP][PASSED] - fileNames[i] = fileNames[i].replace(".rs", ""): null

2020-05-20 02:19:09 - [TEST_STEP][PASSED] - testObjects.add(objectSubFolder + fileNames[i]): null

2020-05-20 02:19:09 - [TEST_STEP][PASSED] - if (fileNames[i].contains(".rs")): null

2020-05-20 02:19:09 - [TEST_STEP][PASSED] - fileNames[i] = fileNames[i].replace(".rs", ""): null

2020-05-20 02:19:09 - [TEST_STEP][PASSED] - testObjects.add(objectSubFolder + fileNames[i]): null

2020-05-20 02:19:10 - [TEST_STEP][PASSED] - if (fileNames[i].contains(".rs")): null

2020-05-20 02:19:10 - [TEST_STEP][PASSED] - fileNames[i] = fileNames[i].replace(".rs", ""): null

2020-05-20 02:19:10 - [TEST_STEP][PASSED] - testObjects.add(objectSubFolder + fileNames[i]): null

2020-05-20 02:19:10 - [TEST_STEP][PASSED] - if (fileNames[i].contains(".rs")): null

2020-05-20 02:19:10 - [TEST_STEP][PASSED] - fileNames[i] = fileNames[i].replace(".rs", ""): null

2020-05-20 02:19:10 - [TEST_STEP][PASSED] - testObjects.add(objectSubFolder + fileNames[i]): null

2020-05-20 02:19:10 - [TEST_STEP][PASSED] - if (fileNames[i].contains(".rs")): null

2020-05-20 02:19:10 - [TEST_STEP][PASSED] - if (fileNames[i].contains(".rs")): null

2020-05-20 02:19:10 - [TEST_STEP][PASSED] - fileNames[i] = fileNames[i].replace(".rs", ""): null

2020-05-20 02:19:10 - [TEST_STEP][PASSED] - testObjects.add(objectSubFolder + fileNames[i]): null

2020-05-20 02:19:10 - [TEST_STEP][PASSED] - if (fileNames[i].contains(".rs")): null

2020-05-20 02:19:10 - [TEST_STEP][PASSED] - fileNames[i] = fileNames[i].replace(".rs", ""): null

2020-05-20 02:19:10 - [TEST_STEP][PASSED] - testObjects.add(objectSubFolder + fileNames[i]): null

2020-05-20 02:19:10 - [TEST_STEP][PASSED] - if (fileNames[i].contains(".rs")): null

2020-05-20 02:19:10 - [TEST_STEP][PASSED] - fileNames[i] = fileNames[i].replace(".rs", ""): null

2020-05-20 02:19:10 - [TEST_STEP][PASSED] - testObjects.add(objectSubFolder + fileNames[i]): null

2020-05-20 02:19:10 - [TEST_STEP][PASSED] - if (fileNames[i].contains(".rs")): null

2020-05-20 02:19:10 - [TEST_STEP][PASSED] - fileNames[i] = fileNames[i].replace(".rs", ""): null

2020-05-20 02:19:10 - [TEST_STEP][PASSED] - testObjects.add(objectSubFolder + fileNames[i]): null

2020-05-20 02:19:10 - [TEST_STEP][PASSED] - if (fileNames[i].contains(".rs")): null

2020-05-20 02:19:10 - [TEST_STEP][PASSED] - fileNames[i] = fileNames[i].replace(".rs", ""): null

2020-05-20 02:19:10 - [TEST_STEP][PASSED] - testObjects.add(objectSubFolder + fileNames[i]): null

2020-05-20 02:19:10 - [TEST_STEP][PASSED] - if (fileNames[i].contains(".rs")): null

2020-05-20 02:19:10 - [TEST_STEP][PASSED] - fileNames[i] = fileNames[i].replace(".rs", ""): null

2020-05-20 02:19:10 - [TEST_STEP][PASSED] - testObjects.add(objectSubFolder + fileNames[i]): null

2020-05-20 02:19:10 - [TEST_STEP][PASSED] - if (fileNames[i].contains(".rs")): null

2020-05-20 02:19:10 - [TEST_STEP][PASSED] - fileNames[i] = fileNames[i].replace(".rs", ""): null

2020-05-20 02:19:10 - [TEST_STEP][PASSED] - testObjects.add(objectSubFolder + fileNames[i]): null

2020-05-20 02:19:10 - [TEST_STEP][PASSED] - if (fileNames[i].contains(".rs")): null

2020-05-20 02:19:10 - [TEST_STEP][PASSED] - fileNames[i] = fileNames[i].replace(".rs", ""): null

2020-05-20 02:19:10 - [TEST_STEP][PASSED] - testObjects.add(objectSubFolder + fileNames[i]): null

2020-05-20 02:19:10 - [TEST_STEP][PASSED] - if (fileNames[i].contains(".rs")): null

2020-05-20 02:19:10 - [TEST_STEP][PASSED] - fileNames[i] = fileNames[i].replace(".rs", ""): null

2020-05-20 02:19:10 - [TEST_STEP][PASSED] - testObjects.add(objectSubFolder + fileNames[i]): null

2020-05-20 02:19:10 - [TEST_STEP][PASSED] - if (fileNames[i].contains(".rs")): null

2020-05-20 02:19:10 - [TEST_STEP][PASSED] - fileNames[i] = fileNames[i].replace(".rs", ""): null

2020-05-20 02:19:10 - [TEST_STEP][PASSED] - testObjects.add(objectSubFolder + fileNames[i]): null

2020-05-20 02:19:10 - [TEST_STEP][PASSED] - if (fileNames[i].contains(".rs")): null

2020-05-20 02:19:10 - [TEST_STEP][PASSED] - fileNames[i] = fileNames[i].replace(".rs", ""): null

2020-05-20 02:19:10 - [TEST_STEP][PASSED] - testObjects.add(objectSubFolder + fileNames[i]): null

2020-05-20 02:19:10 - [TEST_STEP][PASSED] - if (fileNames[i].contains(".rs")): null

2020-05-20 02:19:10 - [TEST_STEP][PASSED] - fileNames[i] = fileNames[i].replace(".rs", ""): null

2020-05-20 02:19:10 - [TEST_STEP][PASSED] - testObjects.add(objectSubFolder + fileNames[i]): null

2020-05-20 02:19:10 - [TEST_STEP][PASSED] - if (fileNames[i].contains(".rs")): null

2020-05-20 02:19:10 - [TEST_STEP][PASSED] - fileNames[i] = fileNames[i].replace(".rs", ""): null

2020-05-20 02:19:10 - [TEST_STEP][PASSED] - testObjects.add(objectSubFolder + fileNames[i]): null

2020-05-20 02:19:10 - [TEST_STEP][PASSED] - if (fileNames[i].contains(".rs")): null

2020-05-20 02:19:10 - [TEST_STEP][PASSED] - for (String obj : testObjects): Object 'Object Repository/Web RoomMe.id\Community Page\Video Events' is visible

2020-05-20 02:19:10 - [TEST_STEP][PASSED] - verifyElementVisible(findTestObject(obj)): Object 'Object Repository/Web RoomMe.id\Community Page\Button Join Our Community' is visible

2020-05-20 02:19:10 - [MESSAGE][PASSED] - Object 'Object Repository/Web RoomMe.id\Community Page\Button Join Our Community' is visible

2020-05-20 02:19:10 - [TEST_STEP][PASSED] - verifyElementVisible(findTestObject(obj)): Object 'Object Repository/Web RoomMe.id\Community Page\Button See More Events' is visible

2020-05-20 02:19:10 - [MESSAGE][PASSED] - Object 'Object Repository/Web RoomMe.id\Community Page\Button See More Events' is visible

2020-05-20 02:19:10 - [TEST_STEP][PASSED] - verifyElementVisible(findTestObject(obj)): Object 'Object Repository/Web RoomMe.id\Community Page\Button See More Videos' is visible

2020-05-20 02:19:11 - [MESSAGE][PASSED] - Object 'Object Repository/Web RoomMe.id\Community Page\Button See More Videos' is visible

2020-05-20 02:19:11 - [TEST_STEP][PASSED] - verifyElementVisible(findTestObject(obj)): Object 'Object Repository/Web RoomMe.id\Community Page\Button See More' is visible

2020-05-20 02:19:11 - [MESSAGE][PASSED] - Object 'Object Repository/Web RoomMe.id\Community Page\Button See More' is visible

2020-05-20 02:19:11 - [TEST_STEP][PASSED] - verifyElementVisible(findTestObject(obj)): Object 'Object Repository/Web RoomMe.id\Community Page\Image Carousel' is visible

2020-05-20 02:19:12 - [MESSAGE][PASSED] - Object 'Object Repository/Web RoomMe.id\Community Page\Image Carousel' is visible

2020-05-20 02:19:12 - [TEST_STEP][PASSED] - verifyElementVisible(findTestObject(obj)): Object 'Object Repository/Web RoomMe.id\Community Page\Image Event' is visible

2020-05-20 02:19:12 - [MESSAGE][PASSED] - Object 'Object Repository/Web RoomMe.id\Community Page\Image Event' is visible

2020-05-20 02:19:12 - [TEST_STEP][PASSED] - verifyElementVisible(findTestObject(obj)): Object 'Object Repository/Web RoomMe.id\Community Page\Text All Events' is visible

2020-05-20 02:19:12 - [MESSAGE][PASSED] - Object 'Object Repository/Web RoomMe.id\Community Page\Text All Events' is visible

2020-05-20 02:19:12 - [TEST_STEP][PASSED] - verifyElementVisible(findTestObject(obj)): Object 'Object Repository/Web RoomMe.id\Community Page\Text Discover your pleasant' is visible

2020-05-20 02:19:13 - [MESSAGE][PASSED] - Object 'Object Repository/Web RoomMe.id\Community Page\Text Discover your pleasant' is visible

2020-05-20 02:19:13 - [TEST_STEP][PASSED] - verifyElementVisible(findTestObject(obj)): Object 'Object Repository/Web RoomMe.id\Community Page\Text From inspiring  funny stories' is visible

2020-05-20 02:19:13 - [MESSAGE][PASSED] - Object 'Object Repository/Web RoomMe.id\Community Page\Text From inspiring  funny stories' is visible

2020-05-20 02:19:13 - [TEST_STEP][PASSED] - verifyElementVisible(findTestObject(obj)): Object 'Object Repository/Web RoomMe.id\Community Page\Text Happening Events in Community' is visible

2020-05-20 02:19:13 - [MESSAGE][PASSED] - Object 'Object Repository/Web RoomMe.id\Community Page\Text Happening Events in Community' is visible

2020-05-20 02:19:13 - [TEST_STEP][PASSED] - verifyElementVisible(findTestObject(obj)): Object 'Object Repository/Web RoomMe.id\Community Page\Text Hey RoomMies Lets join our community' is visible

2020-05-20 02:19:14 - [MESSAGE][PASSED] - Object 'Object Repository/Web RoomMe.id\Community Page\Text Hey RoomMies Lets join our community' is visible

2020-05-20 02:19:14 - [TEST_STEP][PASSED] - verifyElementVisible(findTestObject(obj)): Object 'Object Repository/Web RoomMe.id\Community Page\Text Join the right communit' is visible

2020-05-20 02:19:14 - [MESSAGE][PASSED] - Object 'Object Repository/Web RoomMe.id\Community Page\Text Join the right communit' is visible

2020-05-20 02:19:14 - [TEST_STEP][PASSED] - verifyElementVisible(findTestObject(obj)): Object 'Object Repository/Web RoomMe.id\Community Page\Text Know Your Friends' is visible

2020-05-20 02:19:14 - [MESSAGE][PASSED] - Object 'Object Repository/Web RoomMe.id\Community Page\Text Know Your Friends' is visible

2020-05-20 02:19:14 - [TEST_STEP][PASSED] - verifyElementVisible(findTestObject(obj)): Object 'Object Repository/Web RoomMe.id\Community Page\Text Latest Events to Watch' is visible

2020-05-20 02:19:15 - [MESSAGE][PASSED] - Object 'Object Repository/Web RoomMe.id\Community Page\Text Latest Events to Watch' is visible

2020-05-20 02:19:15 - [TEST_STEP][PASSED] - verifyElementVisible(findTestObject(obj)): Object 'Object Repository/Web RoomMe.id\Community Page\Text To know more about our activitie' is visible

2020-05-20 02:19:15 - [MESSAGE][PASSED] - Object 'Object Repository/Web RoomMe.id\Community Page\Text To know more about our activitie' is visible

2020-05-20 02:19:15 - [TEST_STEP][PASSED] - verifyElementVisible(findTestObject(obj)): Object 'Object Repository/Web RoomMe.id\Community Page\Text Your hobbies will be more exciting' is visible

2020-05-20 02:19:15 - [MESSAGE][PASSED] - Object 'Object Repository/Web RoomMe.id\Community Page\Text Your hobbies will be more exciting' is visible

2020-05-20 02:19:15 - [TEST_STEP][PASSED] - verifyElementVisible(findTestObject(obj)): Object 'Object Repository/Web RoomMe.id\Community Page\Video Events' is visible

2020-05-20 02:19:16 - [MESSAGE][PASSED] - Object 'Object Repository/Web RoomMe.id\Community Page\Video Events' is visible

2020-05-20 02:19:16 - [MESSAGE][PASSED] - Call Test Case 'Test Cases/Web RoomMe.id/6. Community/4. Verify Element on Community Page' successfully]]></system-out>
         <system-err><![CDATA[]]></system-err>
      </testcase>
      <testcase name="Test Cases/Web RoomMe.id/6. Community/3. Verify All Link in Community Page" time="56.038" classname="Test Cases/Web RoomMe.id/6. Community/3. Verify All Link in Community Page" status="PASSED">
         <system-out><![CDATA[2020-05-20 02:19:16 - [TEST_CASE][PASSED] - Test Cases/Web RoomMe.id/6. Community/3. Verify All Link in Community Page: Test Cases/Web RoomMe.id/6. Community/3. Verify All Link in Community Page

2020-05-20 02:19:16 - [TEST_STEP][PASSED] - callTestCase(findTestCase("Web RoomMe.id/6. Community/1. Customer Access Community Page From Header"), [:], STOP_ON_FAILURE): Call Test Case 'Test Cases/Web RoomMe.id/6. Community/1. Customer Access Community Page From Header' successfully

2020-05-20 02:19:16 - [TEST_CASE][PASSED] - Test Cases/Web RoomMe.id/6. Community/1. Customer Access Community Page From Header: Test Cases/Web RoomMe.id/6. Community/1. Customer Access Community Page From Header

2020-05-20 02:19:16 - [TEST_STEP][PASSED] - callTestCase(findTestCase("Web RoomMe.id/1. Homepage/1. Customer Access RoomMe Page"), [:], STOP_ON_FAILURE): Call Test Case 'Test Cases/Web RoomMe.id/1. Homepage/1. Customer Access RoomMe Page' successfully

2020-05-20 02:19:16 - [TEST_CASE][PASSED] - Test Cases/Web RoomMe.id/1. Homepage/1. Customer Access RoomMe Page: Test Cases/Web RoomMe.id/1. Homepage/1. Customer Access RoomMe Page

2020-05-20 02:19:16 - [TEST_STEP][PASSED] - openBrowser("https://web.roomme.id/"): Browser is opened with url: 'https://web.roomme.id/'

2020-05-20 02:19:16 - [MESSAGE][WARNING] - A browser is already opened. Closing browser and opening a new one

2020-05-20 02:19:17 - [MESSAGE][INFO] - Starting 'Chrome' driver

2020-05-20 02:19:24 - [MESSAGE][PASSED] - Browser is opened with url: 'https://web.roomme.id/'

2020-05-20 02:19:24 - [TEST_STEP][PASSED] - maximizeWindow(): Current window maximized

2020-05-20 02:19:26 - [MESSAGE][PASSED] - Current window maximized

2020-05-20 02:19:26 - [TEST_STEP][PASSED] - waitForPageLoad(0): Wait for page load successfully

2020-05-20 02:19:26 - [MESSAGE][WARNING] - Timeout '0' is invalid. Using default page load timeout: '30'

2020-05-20 02:19:26 - [MESSAGE][PASSED] - Wait for page load successfully

2020-05-20 02:19:26 - [MESSAGE][PASSED] - Call Test Case 'Test Cases/Web RoomMe.id/1. Homepage/1. Customer Access RoomMe Page' successfully

2020-05-20 02:19:26 - [TEST_STEP][PASSED] - waitForElementVisible(findTestObject("Web RoomMe.id/RoomMe.id Header/Button Community"), 30): Object 'Object Repository/Web RoomMe.id/RoomMe.id Header/Button Community' is visible

2020-05-20 02:19:27 - [MESSAGE][PASSED] - Object 'Object Repository/Web RoomMe.id/RoomMe.id Header/Button Community' is visible

2020-05-20 02:19:27 - [TEST_STEP][PASSED] - click(findTestObject("Web RoomMe.id/RoomMe.id Header/Button Community")): Object: 'Object Repository/Web RoomMe.id/RoomMe.id Header/Button Community' is clicked on

2020-05-20 02:19:29 - [MESSAGE][PASSED] - Object: 'Object Repository/Web RoomMe.id/RoomMe.id Header/Button Community' is clicked on

2020-05-20 02:19:29 - [TEST_STEP][PASSED] - waitForPageLoad(0): Wait for page load successfully

2020-05-20 02:19:29 - [MESSAGE][WARNING] - Timeout '0' is invalid. Using default page load timeout: '30'

2020-05-20 02:19:31 - [MESSAGE][PASSED] - Wait for page load successfully

2020-05-20 02:19:31 - [TEST_STEP][PASSED] - callTestCase(findTestCase("Web RoomMe.id/6. Community/5. Verify Welcome Video"), [:], STOP_ON_FAILURE): Call Test Case 'Test Cases/Web RoomMe.id/6. Community/5. Verify Welcome Video' successfully

2020-05-20 02:19:31 - [TEST_CASE][PASSED] - Test Cases/Web RoomMe.id/6. Community/5. Verify Welcome Video: Test Cases/Web RoomMe.id/6. Community/5. Verify Welcome Video

2020-05-20 02:19:31 - [TEST_STEP][NOT_RUN] - callTestCase(findTestCase("Web RoomMe.id/6. Community/1. Customer Access Community Page From Header"), [:], STOP_ON_FAILURE): NOT_RUN: callTestCase(findTestCase("Web RoomMe.id/6. Community/1. Customer Access Community Page From Header"), [:], STOP_ON_FAILURE)

2020-05-20 02:19:31 - [MESSAGE][NOT_RUN] - NOT_RUN: callTestCase(findTestCase("Web RoomMe.id/6. Community/1. Customer Access Community Page From Header"), [:], STOP_ON_FAILURE)

2020-05-20 02:19:31 - [TEST_STEP][PASSED] - waitForElementVisible(findTestObject("Web RoomMe.id/Community Page/Welcome Video/Text JOIN OUR COMMUNITY"), 0): Object 'Object Repository/Web RoomMe.id/Community Page/Welcome Video/Text JOIN OUR COMMUNITY' is visible

2020-05-20 02:19:32 - [MESSAGE][WARNING] - Timeout '0' is invalid. Using default page load timeout: '30'

2020-05-20 02:19:32 - [MESSAGE][PASSED] - Object 'Object Repository/Web RoomMe.id/Community Page/Welcome Video/Text JOIN OUR COMMUNITY' is visible

2020-05-20 02:19:32 - [TEST_STEP][PASSED] - waitForElementVisible(findTestObject("Web RoomMe.id/Community Page/Welcome Video/Text And enjoy the benefits and features"), 0): Object 'Object Repository/Web RoomMe.id/Community Page/Welcome Video/Text And enjoy the benefits and features' is visible

2020-05-20 02:19:32 - [MESSAGE][WARNING] - Timeout '0' is invalid. Using default page load timeout: '30'

2020-05-20 02:19:32 - [MESSAGE][PASSED] - Object 'Object Repository/Web RoomMe.id/Community Page/Welcome Video/Text And enjoy the benefits and features' is visible

2020-05-20 02:19:32 - [TEST_STEP][PASSED] - waitForElementVisible(findTestObject("Web RoomMe.id/Community Page/Welcome Video/Video Events RoomMe"), 0): Object 'Object Repository/Web RoomMe.id/Community Page/Welcome Video/Video Events RoomMe' is visible

2020-05-20 02:19:32 - [MESSAGE][WARNING] - Timeout '0' is invalid. Using default page load timeout: '30'

2020-05-20 02:19:33 - [MESSAGE][PASSED] - Object 'Object Repository/Web RoomMe.id/Community Page/Welcome Video/Video Events RoomMe' is visible

2020-05-20 02:19:33 - [TEST_STEP][PASSED] - waitForElementVisible(findTestObject("Web RoomMe.id/Community Page/Welcome Video/Button Continue on the Form Registration"), 0): Object 'Object Repository/Web RoomMe.id/Community Page/Welcome Video/Button Continue on the Form Registration' is visible

2020-05-20 02:19:33 - [MESSAGE][WARNING] - Timeout '0' is invalid. Using default page load timeout: '30'

2020-05-20 02:19:33 - [MESSAGE][PASSED] - Object 'Object Repository/Web RoomMe.id/Community Page/Welcome Video/Button Continue on the Form Registration' is visible

2020-05-20 02:19:33 - [TEST_STEP][PASSED] - delay(10): Delayed 10 second(s)

2020-05-20 02:19:43 - [MESSAGE][PASSED] - Delayed 10 second(s)

2020-05-20 02:19:43 - [MESSAGE][PASSED] - Call Test Case 'Test Cases/Web RoomMe.id/6. Community/5. Verify Welcome Video' successfully

2020-05-20 02:19:43 - [TEST_STEP][PASSED] - click(findTestObject("Web RoomMe.id/Community Page/Welcome Video/Button Continue on the Form Registration")): Object: 'Object Repository/Web RoomMe.id/Community Page/Welcome Video/Button Continue on the Form Registration' is clicked on

2020-05-20 02:19:44 - [MESSAGE][PASSED] - Object: 'Object Repository/Web RoomMe.id/Community Page/Welcome Video/Button Continue on the Form Registration' is clicked on

2020-05-20 02:19:44 - [TEST_STEP][PASSED] - click(findTestObject("Web RoomMe.id/RoomMe.id Header/Image Header Logo")): Object: 'Object Repository/Web RoomMe.id/RoomMe.id Header/Image Header Logo' is clicked on

2020-05-20 02:19:47 - [MESSAGE][PASSED] - Object: 'Object Repository/Web RoomMe.id/RoomMe.id Header/Image Header Logo' is clicked on

2020-05-20 02:19:47 - [TEST_STEP][PASSED] - callTestCase(findTestCase("Web RoomMe.id/6. Community/4. Verify Element on Community Page"), [:], STOP_ON_FAILURE): Call Test Case 'Test Cases/Web RoomMe.id/6. Community/4. Verify Element on Community Page' successfully

2020-05-20 02:19:47 - [TEST_CASE][PASSED] - Test Cases/Web RoomMe.id/6. Community/4. Verify Element on Community Page: Test Cases/Web RoomMe.id/6. Community/4. Verify Element on Community Page

2020-05-20 02:19:47 - [TEST_STEP][PASSED] - objectSubFolder = "Web RoomMe.id\Community Page\": null

2020-05-20 02:19:47 - [TEST_STEP][PASSED] - pathToObjRep = getProjectDir() + "\Object Repository\" + objectSubFolder: null

2020-05-20 02:19:47 - [TEST_STEP][PASSED] - yourObjects = new java.io.File(pathToObjRep): null

2020-05-20 02:19:47 - [TEST_STEP][PASSED] - fileNames = yourObjects.list(): null

2020-05-20 02:19:47 - [TEST_STEP][PASSED] - testObjects = new java.util.ArrayList(): null

2020-05-20 02:19:47 - [TEST_STEP][PASSED] - for ([i = 0, i < length, (i++)]): null

2020-05-20 02:19:47 - [TEST_STEP][PASSED] - if (fileNames[i].contains(".rs")): null

2020-05-20 02:19:47 - [TEST_STEP][PASSED] - fileNames[i] = fileNames[i].replace(".rs", ""): null

2020-05-20 02:19:47 - [TEST_STEP][PASSED] - testObjects.add(objectSubFolder + fileNames[i]): null

2020-05-20 02:19:47 - [TEST_STEP][PASSED] - if (fileNames[i].contains(".rs")): null

2020-05-20 02:19:47 - [TEST_STEP][PASSED] - fileNames[i] = fileNames[i].replace(".rs", ""): null

2020-05-20 02:19:47 - [TEST_STEP][PASSED] - testObjects.add(objectSubFolder + fileNames[i]): null

2020-05-20 02:19:47 - [TEST_STEP][PASSED] - if (fileNames[i].contains(".rs")): null

2020-05-20 02:19:47 - [TEST_STEP][PASSED] - fileNames[i] = fileNames[i].replace(".rs", ""): null

2020-05-20 02:19:47 - [TEST_STEP][PASSED] - testObjects.add(objectSubFolder + fileNames[i]): null

2020-05-20 02:19:47 - [TEST_STEP][PASSED] - if (fileNames[i].contains(".rs")): null

2020-05-20 02:19:47 - [TEST_STEP][PASSED] - fileNames[i] = fileNames[i].replace(".rs", ""): null

2020-05-20 02:19:47 - [TEST_STEP][PASSED] - testObjects.add(objectSubFolder + fileNames[i]): null

2020-05-20 02:19:47 - [TEST_STEP][PASSED] - if (fileNames[i].contains(".rs")): null

2020-05-20 02:19:47 - [TEST_STEP][PASSED] - if (fileNames[i].contains(".rs")): null

2020-05-20 02:19:47 - [TEST_STEP][PASSED] - fileNames[i] = fileNames[i].replace(".rs", ""): null

2020-05-20 02:19:47 - [TEST_STEP][PASSED] - testObjects.add(objectSubFolder + fileNames[i]): null

2020-05-20 02:19:47 - [TEST_STEP][PASSED] - if (fileNames[i].contains(".rs")): null

2020-05-20 02:19:47 - [TEST_STEP][PASSED] - fileNames[i] = fileNames[i].replace(".rs", ""): null

2020-05-20 02:19:47 - [TEST_STEP][PASSED] - testObjects.add(objectSubFolder + fileNames[i]): null

2020-05-20 02:19:47 - [TEST_STEP][PASSED] - if (fileNames[i].contains(".rs")): null

2020-05-20 02:19:47 - [TEST_STEP][PASSED] - fileNames[i] = fileNames[i].replace(".rs", ""): null

2020-05-20 02:19:47 - [TEST_STEP][PASSED] - testObjects.add(objectSubFolder + fileNames[i]): null

2020-05-20 02:19:47 - [TEST_STEP][PASSED] - if (fileNames[i].contains(".rs")): null

2020-05-20 02:19:47 - [TEST_STEP][PASSED] - fileNames[i] = fileNames[i].replace(".rs", ""): null

2020-05-20 02:19:47 - [TEST_STEP][PASSED] - testObjects.add(objectSubFolder + fileNames[i]): null

2020-05-20 02:19:47 - [TEST_STEP][PASSED] - if (fileNames[i].contains(".rs")): null

2020-05-20 02:19:47 - [TEST_STEP][PASSED] - fileNames[i] = fileNames[i].replace(".rs", ""): null

2020-05-20 02:19:47 - [TEST_STEP][PASSED] - testObjects.add(objectSubFolder + fileNames[i]): null

2020-05-20 02:19:47 - [TEST_STEP][PASSED] - if (fileNames[i].contains(".rs")): null

2020-05-20 02:19:47 - [TEST_STEP][PASSED] - fileNames[i] = fileNames[i].replace(".rs", ""): null

2020-05-20 02:19:47 - [TEST_STEP][PASSED] - testObjects.add(objectSubFolder + fileNames[i]): null

2020-05-20 02:19:47 - [TEST_STEP][PASSED] - if (fileNames[i].contains(".rs")): null

2020-05-20 02:19:47 - [TEST_STEP][PASSED] - fileNames[i] = fileNames[i].replace(".rs", ""): null

2020-05-20 02:19:47 - [TEST_STEP][PASSED] - testObjects.add(objectSubFolder + fileNames[i]): null

2020-05-20 02:19:47 - [TEST_STEP][PASSED] - if (fileNames[i].contains(".rs")): null

2020-05-20 02:19:47 - [TEST_STEP][PASSED] - fileNames[i] = fileNames[i].replace(".rs", ""): null

2020-05-20 02:19:47 - [TEST_STEP][PASSED] - testObjects.add(objectSubFolder + fileNames[i]): null

2020-05-20 02:19:47 - [TEST_STEP][PASSED] - if (fileNames[i].contains(".rs")): null

2020-05-20 02:19:47 - [TEST_STEP][PASSED] - fileNames[i] = fileNames[i].replace(".rs", ""): null

2020-05-20 02:19:47 - [TEST_STEP][PASSED] - testObjects.add(objectSubFolder + fileNames[i]): null

2020-05-20 02:19:47 - [TEST_STEP][PASSED] - if (fileNames[i].contains(".rs")): null

2020-05-20 02:19:47 - [TEST_STEP][PASSED] - fileNames[i] = fileNames[i].replace(".rs", ""): null

2020-05-20 02:19:47 - [TEST_STEP][PASSED] - testObjects.add(objectSubFolder + fileNames[i]): null

2020-05-20 02:19:47 - [TEST_STEP][PASSED] - if (fileNames[i].contains(".rs")): null

2020-05-20 02:19:47 - [TEST_STEP][PASSED] - fileNames[i] = fileNames[i].replace(".rs", ""): null

2020-05-20 02:19:47 - [TEST_STEP][PASSED] - testObjects.add(objectSubFolder + fileNames[i]): null

2020-05-20 02:19:47 - [TEST_STEP][PASSED] - if (fileNames[i].contains(".rs")): null

2020-05-20 02:19:47 - [TEST_STEP][PASSED] - fileNames[i] = fileNames[i].replace(".rs", ""): null

2020-05-20 02:19:47 - [TEST_STEP][PASSED] - testObjects.add(objectSubFolder + fileNames[i]): null

2020-05-20 02:19:47 - [TEST_STEP][PASSED] - if (fileNames[i].contains(".rs")): null

2020-05-20 02:19:47 - [TEST_STEP][PASSED] - fileNames[i] = fileNames[i].replace(".rs", ""): null

2020-05-20 02:19:47 - [TEST_STEP][PASSED] - testObjects.add(objectSubFolder + fileNames[i]): null

2020-05-20 02:19:47 - [TEST_STEP][PASSED] - if (fileNames[i].contains(".rs")): null

2020-05-20 02:19:47 - [TEST_STEP][PASSED] - for (String obj : testObjects): Object 'Object Repository/Web RoomMe.id\Community Page\Video Events' is visible

2020-05-20 02:19:47 - [TEST_STEP][PASSED] - verifyElementVisible(findTestObject(obj)): Object 'Object Repository/Web RoomMe.id\Community Page\Button Join Our Community' is visible

2020-05-20 02:19:48 - [MESSAGE][PASSED] - Object 'Object Repository/Web RoomMe.id\Community Page\Button Join Our Community' is visible

2020-05-20 02:19:48 - [TEST_STEP][PASSED] - verifyElementVisible(findTestObject(obj)): Object 'Object Repository/Web RoomMe.id\Community Page\Button See More Events' is visible

2020-05-20 02:19:48 - [MESSAGE][PASSED] - Object 'Object Repository/Web RoomMe.id\Community Page\Button See More Events' is visible

2020-05-20 02:19:48 - [TEST_STEP][PASSED] - verifyElementVisible(findTestObject(obj)): Object 'Object Repository/Web RoomMe.id\Community Page\Button See More Videos' is visible

2020-05-20 02:19:48 - [MESSAGE][PASSED] - Object 'Object Repository/Web RoomMe.id\Community Page\Button See More Videos' is visible

2020-05-20 02:19:48 - [TEST_STEP][PASSED] - verifyElementVisible(findTestObject(obj)): Object 'Object Repository/Web RoomMe.id\Community Page\Button See More' is visible

2020-05-20 02:19:49 - [MESSAGE][PASSED] - Object 'Object Repository/Web RoomMe.id\Community Page\Button See More' is visible

2020-05-20 02:19:49 - [TEST_STEP][PASSED] - verifyElementVisible(findTestObject(obj)): Object 'Object Repository/Web RoomMe.id\Community Page\Image Carousel' is visible

2020-05-20 02:19:49 - [MESSAGE][PASSED] - Object 'Object Repository/Web RoomMe.id\Community Page\Image Carousel' is visible

2020-05-20 02:19:49 - [TEST_STEP][PASSED] - verifyElementVisible(findTestObject(obj)): Object 'Object Repository/Web RoomMe.id\Community Page\Image Event' is visible

2020-05-20 02:19:50 - [MESSAGE][PASSED] - Object 'Object Repository/Web RoomMe.id\Community Page\Image Event' is visible

2020-05-20 02:19:50 - [TEST_STEP][PASSED] - verifyElementVisible(findTestObject(obj)): Object 'Object Repository/Web RoomMe.id\Community Page\Text All Events' is visible

2020-05-20 02:19:50 - [MESSAGE][PASSED] - Object 'Object Repository/Web RoomMe.id\Community Page\Text All Events' is visible

2020-05-20 02:19:50 - [TEST_STEP][PASSED] - verifyElementVisible(findTestObject(obj)): Object 'Object Repository/Web RoomMe.id\Community Page\Text Discover your pleasant' is visible

2020-05-20 02:19:50 - [MESSAGE][PASSED] - Object 'Object Repository/Web RoomMe.id\Community Page\Text Discover your pleasant' is visible

2020-05-20 02:19:50 - [TEST_STEP][PASSED] - verifyElementVisible(findTestObject(obj)): Object 'Object Repository/Web RoomMe.id\Community Page\Text From inspiring  funny stories' is visible

2020-05-20 02:19:51 - [MESSAGE][PASSED] - Object 'Object Repository/Web RoomMe.id\Community Page\Text From inspiring  funny stories' is visible

2020-05-20 02:19:51 - [TEST_STEP][PASSED] - verifyElementVisible(findTestObject(obj)): Object 'Object Repository/Web RoomMe.id\Community Page\Text Happening Events in Community' is visible

2020-05-20 02:19:51 - [MESSAGE][PASSED] - Object 'Object Repository/Web RoomMe.id\Community Page\Text Happening Events in Community' is visible

2020-05-20 02:19:51 - [TEST_STEP][PASSED] - verifyElementVisible(findTestObject(obj)): Object 'Object Repository/Web RoomMe.id\Community Page\Text Hey RoomMies Lets join our community' is visible

2020-05-20 02:19:51 - [MESSAGE][PASSED] - Object 'Object Repository/Web RoomMe.id\Community Page\Text Hey RoomMies Lets join our community' is visible

2020-05-20 02:19:51 - [TEST_STEP][PASSED] - verifyElementVisible(findTestObject(obj)): Object 'Object Repository/Web RoomMe.id\Community Page\Text Join the right communit' is visible

2020-05-20 02:19:52 - [MESSAGE][PASSED] - Object 'Object Repository/Web RoomMe.id\Community Page\Text Join the right communit' is visible

2020-05-20 02:19:52 - [TEST_STEP][PASSED] - verifyElementVisible(findTestObject(obj)): Object 'Object Repository/Web RoomMe.id\Community Page\Text Know Your Friends' is visible

2020-05-20 02:19:52 - [MESSAGE][PASSED] - Object 'Object Repository/Web RoomMe.id\Community Page\Text Know Your Friends' is visible

2020-05-20 02:19:52 - [TEST_STEP][PASSED] - verifyElementVisible(findTestObject(obj)): Object 'Object Repository/Web RoomMe.id\Community Page\Text Latest Events to Watch' is visible

2020-05-20 02:19:52 - [MESSAGE][PASSED] - Object 'Object Repository/Web RoomMe.id\Community Page\Text Latest Events to Watch' is visible

2020-05-20 02:19:52 - [TEST_STEP][PASSED] - verifyElementVisible(findTestObject(obj)): Object 'Object Repository/Web RoomMe.id\Community Page\Text To know more about our activitie' is visible

2020-05-20 02:19:53 - [MESSAGE][PASSED] - Object 'Object Repository/Web RoomMe.id\Community Page\Text To know more about our activitie' is visible

2020-05-20 02:19:53 - [TEST_STEP][PASSED] - verifyElementVisible(findTestObject(obj)): Object 'Object Repository/Web RoomMe.id\Community Page\Text Your hobbies will be more exciting' is visible

2020-05-20 02:19:53 - [MESSAGE][PASSED] - Object 'Object Repository/Web RoomMe.id\Community Page\Text Your hobbies will be more exciting' is visible

2020-05-20 02:19:53 - [TEST_STEP][PASSED] - verifyElementVisible(findTestObject(obj)): Object 'Object Repository/Web RoomMe.id\Community Page\Video Events' is visible

2020-05-20 02:19:53 - [MESSAGE][PASSED] - Object 'Object Repository/Web RoomMe.id\Community Page\Video Events' is visible

2020-05-20 02:19:53 - [MESSAGE][PASSED] - Call Test Case 'Test Cases/Web RoomMe.id/6. Community/4. Verify Element on Community Page' successfully

2020-05-20 02:19:53 - [MESSAGE][PASSED] - Call Test Case 'Test Cases/Web RoomMe.id/6. Community/1. Customer Access Community Page From Header' successfully

2020-05-20 02:19:53 - [TEST_STEP][PASSED] - verifyAllLinksOnCurrentPageAccessible(false, []): All links on the page 'https://web.roomme.id/community' are accessible

2020-05-20 02:19:57 - [MESSAGE][PASSED] - Found 52 unique links on the page https://web.roomme.id/community

2020-05-20 02:19:58 - [MESSAGE][INFO] - HAR: C:\Users\Faldi\Katalon Studio\katalonroomme-master\Reports\20200520_021747\Web RoomMe.id\Customer Access Community Page\20200520_021747\requests\main\0.har

2020-05-20 02:19:58 - [MESSAGE][PASSED] - Send request successfully

2020-05-20 02:19:59 - [MESSAGE][INFO] - HAR: C:\Users\Faldi\Katalon Studio\katalonroomme-master\Reports\20200520_021747\Web RoomMe.id\Customer Access Community Page\20200520_021747\requests\main\1.har

2020-05-20 02:19:59 - [MESSAGE][PASSED] - Send request successfully

2020-05-20 02:19:59 - [MESSAGE][INFO] - HAR: C:\Users\Faldi\Katalon Studio\katalonroomme-master\Reports\20200520_021747\Web RoomMe.id\Customer Access Community Page\20200520_021747\requests\main\2.har

2020-05-20 02:19:59 - [MESSAGE][PASSED] - Send request successfully

2020-05-20 02:19:59 - [MESSAGE][INFO] - HAR: C:\Users\Faldi\Katalon Studio\katalonroomme-master\Reports\20200520_021747\Web RoomMe.id\Customer Access Community Page\20200520_021747\requests\main\3.har

2020-05-20 02:19:59 - [MESSAGE][PASSED] - Send request successfully

2020-05-20 02:20:00 - [MESSAGE][INFO] - HAR: C:\Users\Faldi\Katalon Studio\katalonroomme-master\Reports\20200520_021747\Web RoomMe.id\Customer Access Community Page\20200520_021747\requests\main\4.har

2020-05-20 02:20:00 - [MESSAGE][PASSED] - Send request successfully

2020-05-20 02:20:00 - [MESSAGE][INFO] - HAR: C:\Users\Faldi\Katalon Studio\katalonroomme-master\Reports\20200520_021747\Web RoomMe.id\Customer Access Community Page\20200520_021747\requests\main\5.har

2020-05-20 02:20:00 - [MESSAGE][PASSED] - Send request successfully

2020-05-20 02:20:00 - [MESSAGE][INFO] - HAR: C:\Users\Faldi\Katalon Studio\katalonroomme-master\Reports\20200520_021747\Web RoomMe.id\Customer Access Community Page\20200520_021747\requests\main\6.har

2020-05-20 02:20:00 - [MESSAGE][PASSED] - Send request successfully

2020-05-20 02:20:03 - [MESSAGE][INFO] - HAR: C:\Users\Faldi\Katalon Studio\katalonroomme-master\Reports\20200520_021747\Web RoomMe.id\Customer Access Community Page\20200520_021747\requests\main\7.har

2020-05-20 02:20:03 - [MESSAGE][PASSED] - Send request successfully

2020-05-20 02:20:03 - [MESSAGE][INFO] - HAR: C:\Users\Faldi\Katalon Studio\katalonroomme-master\Reports\20200520_021747\Web RoomMe.id\Customer Access Community Page\20200520_021747\requests\main\8.har

2020-05-20 02:20:03 - [MESSAGE][PASSED] - Send request successfully

2020-05-20 02:20:03 - [MESSAGE][INFO] - HAR: C:\Users\Faldi\Katalon Studio\katalonroomme-master\Reports\20200520_021747\Web RoomMe.id\Customer Access Community Page\20200520_021747\requests\main\9.har

2020-05-20 02:20:03 - [MESSAGE][PASSED] - Send request successfully

2020-05-20 02:20:03 - [MESSAGE][INFO] - HAR: C:\Users\Faldi\Katalon Studio\katalonroomme-master\Reports\20200520_021747\Web RoomMe.id\Customer Access Community Page\20200520_021747\requests\main\10.har

2020-05-20 02:20:03 - [MESSAGE][PASSED] - Send request successfully

2020-05-20 02:20:03 - [MESSAGE][INFO] - HAR: C:\Users\Faldi\Katalon Studio\katalonroomme-master\Reports\20200520_021747\Web RoomMe.id\Customer Access Community Page\20200520_021747\requests\main\11.har

2020-05-20 02:20:03 - [MESSAGE][PASSED] - Send request successfully

2020-05-20 02:20:03 - [MESSAGE][INFO] - HAR: C:\Users\Faldi\Katalon Studio\katalonroomme-master\Reports\20200520_021747\Web RoomMe.id\Customer Access Community Page\20200520_021747\requests\main\12.har

2020-05-20 02:20:03 - [MESSAGE][PASSED] - Send request successfully

2020-05-20 02:20:03 - [MESSAGE][INFO] - HAR: C:\Users\Faldi\Katalon Studio\katalonroomme-master\Reports\20200520_021747\Web RoomMe.id\Customer Access Community Page\20200520_021747\requests\main\13.har

2020-05-20 02:20:03 - [MESSAGE][PASSED] - Send request successfully

2020-05-20 02:20:03 - [MESSAGE][INFO] - HAR: C:\Users\Faldi\Katalon Studio\katalonroomme-master\Reports\20200520_021747\Web RoomMe.id\Customer Access Community Page\20200520_021747\requests\main\14.har

2020-05-20 02:20:03 - [MESSAGE][PASSED] - Send request successfully

2020-05-20 02:20:04 - [MESSAGE][INFO] - HAR: C:\Users\Faldi\Katalon Studio\katalonroomme-master\Reports\20200520_021747\Web RoomMe.id\Customer Access Community Page\20200520_021747\requests\main\15.har

2020-05-20 02:20:04 - [MESSAGE][PASSED] - Send request successfully

2020-05-20 02:20:04 - [MESSAGE][INFO] - HAR: C:\Users\Faldi\Katalon Studio\katalonroomme-master\Reports\20200520_021747\Web RoomMe.id\Customer Access Community Page\20200520_021747\requests\main\16.har

2020-05-20 02:20:04 - [MESSAGE][PASSED] - Send request successfully

2020-05-20 02:20:04 - [MESSAGE][INFO] - HAR: C:\Users\Faldi\Katalon Studio\katalonroomme-master\Reports\20200520_021747\Web RoomMe.id\Customer Access Community Page\20200520_021747\requests\main\17.har

2020-05-20 02:20:04 - [MESSAGE][PASSED] - Send request successfully

2020-05-20 02:20:04 - [MESSAGE][INFO] - HAR: C:\Users\Faldi\Katalon Studio\katalonroomme-master\Reports\20200520_021747\Web RoomMe.id\Customer Access Community Page\20200520_021747\requests\main\18.har

2020-05-20 02:20:04 - [MESSAGE][PASSED] - Send request successfully

2020-05-20 02:20:04 - [MESSAGE][INFO] - HAR: C:\Users\Faldi\Katalon Studio\katalonroomme-master\Reports\20200520_021747\Web RoomMe.id\Customer Access Community Page\20200520_021747\requests\main\19.har

2020-05-20 02:20:04 - [MESSAGE][PASSED] - Send request successfully

2020-05-20 02:20:04 - [MESSAGE][INFO] - HAR: C:\Users\Faldi\Katalon Studio\katalonroomme-master\Reports\20200520_021747\Web RoomMe.id\Customer Access Community Page\20200520_021747\requests\main\20.har

2020-05-20 02:20:04 - [MESSAGE][PASSED] - Send request successfully

2020-05-20 02:20:04 - [MESSAGE][INFO] - HAR: C:\Users\Faldi\Katalon Studio\katalonroomme-master\Reports\20200520_021747\Web RoomMe.id\Customer Access Community Page\20200520_021747\requests\main\21.har

2020-05-20 02:20:04 - [MESSAGE][PASSED] - Send request successfully

2020-05-20 02:20:04 - [MESSAGE][INFO] - HAR: C:\Users\Faldi\Katalon Studio\katalonroomme-master\Reports\20200520_021747\Web RoomMe.id\Customer Access Community Page\20200520_021747\requests\main\22.har

2020-05-20 02:20:04 - [MESSAGE][PASSED] - Send request successfully

2020-05-20 02:20:04 - [MESSAGE][INFO] - HAR: C:\Users\Faldi\Katalon Studio\katalonroomme-master\Reports\20200520_021747\Web RoomMe.id\Customer Access Community Page\20200520_021747\requests\main\23.har

2020-05-20 02:20:04 - [MESSAGE][PASSED] - Send request successfully

2020-05-20 02:20:04 - [MESSAGE][INFO] - HAR: C:\Users\Faldi\Katalon Studio\katalonroomme-master\Reports\20200520_021747\Web RoomMe.id\Customer Access Community Page\20200520_021747\requests\main\24.har

2020-05-20 02:20:04 - [MESSAGE][PASSED] - Send request successfully

2020-05-20 02:20:04 - [MESSAGE][INFO] - HAR: C:\Users\Faldi\Katalon Studio\katalonroomme-master\Reports\20200520_021747\Web RoomMe.id\Customer Access Community Page\20200520_021747\requests\main\25.har

2020-05-20 02:20:04 - [MESSAGE][PASSED] - Send request successfully

2020-05-20 02:20:04 - [MESSAGE][INFO] - HAR: C:\Users\Faldi\Katalon Studio\katalonroomme-master\Reports\20200520_021747\Web RoomMe.id\Customer Access Community Page\20200520_021747\requests\main\26.har

2020-05-20 02:20:04 - [MESSAGE][PASSED] - Send request successfully

2020-05-20 02:20:04 - [MESSAGE][INFO] - HAR: C:\Users\Faldi\Katalon Studio\katalonroomme-master\Reports\20200520_021747\Web RoomMe.id\Customer Access Community Page\20200520_021747\requests\main\27.har

2020-05-20 02:20:04 - [MESSAGE][PASSED] - Send request successfully

2020-05-20 02:20:05 - [MESSAGE][INFO] - HAR: C:\Users\Faldi\Katalon Studio\katalonroomme-master\Reports\20200520_021747\Web RoomMe.id\Customer Access Community Page\20200520_021747\requests\main\28.har

2020-05-20 02:20:05 - [MESSAGE][PASSED] - Send request successfully

2020-05-20 02:20:05 - [MESSAGE][INFO] - HAR: C:\Users\Faldi\Katalon Studio\katalonroomme-master\Reports\20200520_021747\Web RoomMe.id\Customer Access Community Page\20200520_021747\requests\main\29.har

2020-05-20 02:20:05 - [MESSAGE][PASSED] - Send request successfully

2020-05-20 02:20:05 - [MESSAGE][INFO] - HAR: C:\Users\Faldi\Katalon Studio\katalonroomme-master\Reports\20200520_021747\Web RoomMe.id\Customer Access Community Page\20200520_021747\requests\main\30.har

2020-05-20 02:20:05 - [MESSAGE][PASSED] - Send request successfully

2020-05-20 02:20:05 - [MESSAGE][INFO] - HAR: C:\Users\Faldi\Katalon Studio\katalonroomme-master\Reports\20200520_021747\Web RoomMe.id\Customer Access Community Page\20200520_021747\requests\main\31.har

2020-05-20 02:20:05 - [MESSAGE][PASSED] - Send request successfully

2020-05-20 02:20:06 - [MESSAGE][INFO] - HAR: C:\Users\Faldi\Katalon Studio\katalonroomme-master\Reports\20200520_021747\Web RoomMe.id\Customer Access Community Page\20200520_021747\requests\main\32.har

2020-05-20 02:20:06 - [MESSAGE][PASSED] - Send request successfully

2020-05-20 02:20:06 - [MESSAGE][INFO] - HAR: C:\Users\Faldi\Katalon Studio\katalonroomme-master\Reports\20200520_021747\Web RoomMe.id\Customer Access Community Page\20200520_021747\requests\main\33.har

2020-05-20 02:20:06 - [MESSAGE][PASSED] - Send request successfully

2020-05-20 02:20:07 - [MESSAGE][INFO] - HAR: C:\Users\Faldi\Katalon Studio\katalonroomme-master\Reports\20200520_021747\Web RoomMe.id\Customer Access Community Page\20200520_021747\requests\main\34.har

2020-05-20 02:20:07 - [MESSAGE][PASSED] - Send request successfully

2020-05-20 02:20:07 - [MESSAGE][INFO] - HAR: C:\Users\Faldi\Katalon Studio\katalonroomme-master\Reports\20200520_021747\Web RoomMe.id\Customer Access Community Page\20200520_021747\requests\main\35.har

2020-05-20 02:20:07 - [MESSAGE][PASSED] - Send request successfully

2020-05-20 02:20:07 - [MESSAGE][INFO] - HAR: C:\Users\Faldi\Katalon Studio\katalonroomme-master\Reports\20200520_021747\Web RoomMe.id\Customer Access Community Page\20200520_021747\requests\main\36.har

2020-05-20 02:20:07 - [MESSAGE][PASSED] - Send request successfully

2020-05-20 02:20:08 - [MESSAGE][INFO] - HAR: C:\Users\Faldi\Katalon Studio\katalonroomme-master\Reports\20200520_021747\Web RoomMe.id\Customer Access Community Page\20200520_021747\requests\main\37.har

2020-05-20 02:20:08 - [MESSAGE][PASSED] - Send request successfully

2020-05-20 02:20:08 - [MESSAGE][INFO] - HAR: C:\Users\Faldi\Katalon Studio\katalonroomme-master\Reports\20200520_021747\Web RoomMe.id\Customer Access Community Page\20200520_021747\requests\main\38.har

2020-05-20 02:20:08 - [MESSAGE][PASSED] - Send request successfully

2020-05-20 02:20:08 - [MESSAGE][INFO] - HAR: C:\Users\Faldi\Katalon Studio\katalonroomme-master\Reports\20200520_021747\Web RoomMe.id\Customer Access Community Page\20200520_021747\requests\main\39.har

2020-05-20 02:20:08 - [MESSAGE][PASSED] - Send request successfully

2020-05-20 02:20:09 - [MESSAGE][INFO] - HAR: C:\Users\Faldi\Katalon Studio\katalonroomme-master\Reports\20200520_021747\Web RoomMe.id\Customer Access Community Page\20200520_021747\requests\main\40.har

2020-05-20 02:20:09 - [MESSAGE][PASSED] - Send request successfully

2020-05-20 02:20:09 - [MESSAGE][INFO] - HAR: C:\Users\Faldi\Katalon Studio\katalonroomme-master\Reports\20200520_021747\Web RoomMe.id\Customer Access Community Page\20200520_021747\requests\main\41.har

2020-05-20 02:20:09 - [MESSAGE][PASSED] - Send request successfully

2020-05-20 02:20:09 - [MESSAGE][INFO] - HAR: C:\Users\Faldi\Katalon Studio\katalonroomme-master\Reports\20200520_021747\Web RoomMe.id\Customer Access Community Page\20200520_021747\requests\main\42.har

2020-05-20 02:20:09 - [MESSAGE][PASSED] - Send request successfully

2020-05-20 02:20:10 - [MESSAGE][INFO] - HAR: C:\Users\Faldi\Katalon Studio\katalonroomme-master\Reports\20200520_021747\Web RoomMe.id\Customer Access Community Page\20200520_021747\requests\main\43.har

2020-05-20 02:20:10 - [MESSAGE][PASSED] - Send request successfully

2020-05-20 02:20:10 - [MESSAGE][INFO] - HAR: C:\Users\Faldi\Katalon Studio\katalonroomme-master\Reports\20200520_021747\Web RoomMe.id\Customer Access Community Page\20200520_021747\requests\main\44.har

2020-05-20 02:20:10 - [MESSAGE][PASSED] - Send request successfully

2020-05-20 02:20:10 - [MESSAGE][INFO] - HAR: C:\Users\Faldi\Katalon Studio\katalonroomme-master\Reports\20200520_021747\Web RoomMe.id\Customer Access Community Page\20200520_021747\requests\main\45.har

2020-05-20 02:20:10 - [MESSAGE][PASSED] - Send request successfully

2020-05-20 02:20:11 - [MESSAGE][INFO] - HAR: C:\Users\Faldi\Katalon Studio\katalonroomme-master\Reports\20200520_021747\Web RoomMe.id\Customer Access Community Page\20200520_021747\requests\main\46.har

2020-05-20 02:20:11 - [MESSAGE][PASSED] - Send request successfully

2020-05-20 02:20:11 - [MESSAGE][INFO] - HAR: C:\Users\Faldi\Katalon Studio\katalonroomme-master\Reports\20200520_021747\Web RoomMe.id\Customer Access Community Page\20200520_021747\requests\main\47.har

2020-05-20 02:20:11 - [MESSAGE][PASSED] - Send request successfully

2020-05-20 02:20:11 - [MESSAGE][INFO] - HAR: C:\Users\Faldi\Katalon Studio\katalonroomme-master\Reports\20200520_021747\Web RoomMe.id\Customer Access Community Page\20200520_021747\requests\main\48.har

2020-05-20 02:20:11 - [MESSAGE][PASSED] - Send request successfully

2020-05-20 02:20:11 - [MESSAGE][INFO] - HAR: C:\Users\Faldi\Katalon Studio\katalonroomme-master\Reports\20200520_021747\Web RoomMe.id\Customer Access Community Page\20200520_021747\requests\main\49.har

2020-05-20 02:20:11 - [MESSAGE][PASSED] - Send request successfully

2020-05-20 02:20:12 - [MESSAGE][INFO] - HAR: C:\Users\Faldi\Katalon Studio\katalonroomme-master\Reports\20200520_021747\Web RoomMe.id\Customer Access Community Page\20200520_021747\requests\main\50.har

2020-05-20 02:20:12 - [MESSAGE][PASSED] - Send request successfully

2020-05-20 02:20:12 - [MESSAGE][INFO] - HAR: C:\Users\Faldi\Katalon Studio\katalonroomme-master\Reports\20200520_021747\Web RoomMe.id\Customer Access Community Page\20200520_021747\requests\main\51.har

2020-05-20 02:20:12 - [MESSAGE][PASSED] - Send request successfully

2020-05-20 02:20:12 - [MESSAGE][PASSED] - All links are accessible

2020-05-20 02:20:12 - [MESSAGE][PASSED] - All links on the page 'https://web.roomme.id/community' are accessible]]></system-out>
         <system-err><![CDATA[]]></system-err>
      </testcase>
      <testcase name="Test Cases/Web RoomMe.id/6. Community/6. Register Community From Community Page Section" time="48.716" classname="Test Cases/Web RoomMe.id/6. Community/6. Register Community From Community Page Section" status="PASSED">
         <system-out><![CDATA[2020-05-20 02:20:12 - [TEST_CASE][PASSED] - Test Cases/Web RoomMe.id/6. Community/6. Register Community From Community Page Section: Test Cases/Web RoomMe.id/6. Community/6. Register Community From Community Page Section

2020-05-20 02:20:12 - [TEST_STEP][PASSED] - callTestCase(findTestCase("Web RoomMe.id/6. Community/1. Customer Access Community Page From Header"), [:], STOP_ON_FAILURE): Call Test Case 'Test Cases/Web RoomMe.id/6. Community/1. Customer Access Community Page From Header' successfully

2020-05-20 02:20:12 - [TEST_CASE][PASSED] - Test Cases/Web RoomMe.id/6. Community/1. Customer Access Community Page From Header: Test Cases/Web RoomMe.id/6. Community/1. Customer Access Community Page From Header

2020-05-20 02:20:12 - [TEST_STEP][PASSED] - callTestCase(findTestCase("Web RoomMe.id/1. Homepage/1. Customer Access RoomMe Page"), [:], STOP_ON_FAILURE): Call Test Case 'Test Cases/Web RoomMe.id/1. Homepage/1. Customer Access RoomMe Page' successfully

2020-05-20 02:20:12 - [TEST_CASE][PASSED] - Test Cases/Web RoomMe.id/1. Homepage/1. Customer Access RoomMe Page: Test Cases/Web RoomMe.id/1. Homepage/1. Customer Access RoomMe Page

2020-05-20 02:20:12 - [TEST_STEP][PASSED] - openBrowser("https://web.roomme.id/"): Browser is opened with url: 'https://web.roomme.id/'

2020-05-20 02:20:12 - [MESSAGE][WARNING] - A browser is already opened. Closing browser and opening a new one

2020-05-20 02:20:13 - [MESSAGE][INFO] - Starting 'Chrome' driver

2020-05-20 02:20:21 - [MESSAGE][PASSED] - Browser is opened with url: 'https://web.roomme.id/'

2020-05-20 02:20:21 - [TEST_STEP][PASSED] - maximizeWindow(): Current window maximized

2020-05-20 02:20:23 - [MESSAGE][PASSED] - Current window maximized

2020-05-20 02:20:23 - [TEST_STEP][PASSED] - waitForPageLoad(0): Wait for page load successfully

2020-05-20 02:20:23 - [MESSAGE][WARNING] - Timeout '0' is invalid. Using default page load timeout: '30'

2020-05-20 02:20:23 - [MESSAGE][PASSED] - Wait for page load successfully

2020-05-20 02:20:23 - [MESSAGE][PASSED] - Call Test Case 'Test Cases/Web RoomMe.id/1. Homepage/1. Customer Access RoomMe Page' successfully

2020-05-20 02:20:23 - [TEST_STEP][PASSED] - waitForElementVisible(findTestObject("Web RoomMe.id/RoomMe.id Header/Button Community"), 30): Object 'Object Repository/Web RoomMe.id/RoomMe.id Header/Button Community' is visible

2020-05-20 02:20:24 - [MESSAGE][PASSED] - Object 'Object Repository/Web RoomMe.id/RoomMe.id Header/Button Community' is visible

2020-05-20 02:20:24 - [TEST_STEP][PASSED] - click(findTestObject("Web RoomMe.id/RoomMe.id Header/Button Community")): Object: 'Object Repository/Web RoomMe.id/RoomMe.id Header/Button Community' is clicked on

2020-05-20 02:20:26 - [MESSAGE][PASSED] - Object: 'Object Repository/Web RoomMe.id/RoomMe.id Header/Button Community' is clicked on

2020-05-20 02:20:26 - [TEST_STEP][PASSED] - waitForPageLoad(0): Wait for page load successfully

2020-05-20 02:20:26 - [MESSAGE][WARNING] - Timeout '0' is invalid. Using default page load timeout: '30'

2020-05-20 02:20:29 - [MESSAGE][PASSED] - Wait for page load successfully

2020-05-20 02:20:29 - [TEST_STEP][PASSED] - callTestCase(findTestCase("Web RoomMe.id/6. Community/5. Verify Welcome Video"), [:], STOP_ON_FAILURE): Call Test Case 'Test Cases/Web RoomMe.id/6. Community/5. Verify Welcome Video' successfully

2020-05-20 02:20:29 - [TEST_CASE][PASSED] - Test Cases/Web RoomMe.id/6. Community/5. Verify Welcome Video: Test Cases/Web RoomMe.id/6. Community/5. Verify Welcome Video

2020-05-20 02:20:29 - [TEST_STEP][NOT_RUN] - callTestCase(findTestCase("Web RoomMe.id/6. Community/1. Customer Access Community Page From Header"), [:], STOP_ON_FAILURE): NOT_RUN: callTestCase(findTestCase("Web RoomMe.id/6. Community/1. Customer Access Community Page From Header"), [:], STOP_ON_FAILURE)

2020-05-20 02:20:29 - [MESSAGE][NOT_RUN] - NOT_RUN: callTestCase(findTestCase("Web RoomMe.id/6. Community/1. Customer Access Community Page From Header"), [:], STOP_ON_FAILURE)

2020-05-20 02:20:29 - [TEST_STEP][PASSED] - waitForElementVisible(findTestObject("Web RoomMe.id/Community Page/Welcome Video/Text JOIN OUR COMMUNITY"), 0): Object 'Object Repository/Web RoomMe.id/Community Page/Welcome Video/Text JOIN OUR COMMUNITY' is visible

2020-05-20 02:20:29 - [MESSAGE][WARNING] - Timeout '0' is invalid. Using default page load timeout: '30'

2020-05-20 02:20:29 - [MESSAGE][PASSED] - Object 'Object Repository/Web RoomMe.id/Community Page/Welcome Video/Text JOIN OUR COMMUNITY' is visible

2020-05-20 02:20:29 - [TEST_STEP][PASSED] - waitForElementVisible(findTestObject("Web RoomMe.id/Community Page/Welcome Video/Text And enjoy the benefits and features"), 0): Object 'Object Repository/Web RoomMe.id/Community Page/Welcome Video/Text And enjoy the benefits and features' is visible

2020-05-20 02:20:29 - [MESSAGE][WARNING] - Timeout '0' is invalid. Using default page load timeout: '30'

2020-05-20 02:20:29 - [MESSAGE][PASSED] - Object 'Object Repository/Web RoomMe.id/Community Page/Welcome Video/Text And enjoy the benefits and features' is visible

2020-05-20 02:20:29 - [TEST_STEP][PASSED] - waitForElementVisible(findTestObject("Web RoomMe.id/Community Page/Welcome Video/Video Events RoomMe"), 0): Object 'Object Repository/Web RoomMe.id/Community Page/Welcome Video/Video Events RoomMe' is visible

2020-05-20 02:20:30 - [MESSAGE][WARNING] - Timeout '0' is invalid. Using default page load timeout: '30'

2020-05-20 02:20:30 - [MESSAGE][PASSED] - Object 'Object Repository/Web RoomMe.id/Community Page/Welcome Video/Video Events RoomMe' is visible

2020-05-20 02:20:30 - [TEST_STEP][PASSED] - waitForElementVisible(findTestObject("Web RoomMe.id/Community Page/Welcome Video/Button Continue on the Form Registration"), 0): Object 'Object Repository/Web RoomMe.id/Community Page/Welcome Video/Button Continue on the Form Registration' is visible

2020-05-20 02:20:30 - [MESSAGE][WARNING] - Timeout '0' is invalid. Using default page load timeout: '30'

2020-05-20 02:20:30 - [MESSAGE][PASSED] - Object 'Object Repository/Web RoomMe.id/Community Page/Welcome Video/Button Continue on the Form Registration' is visible

2020-05-20 02:20:30 - [TEST_STEP][PASSED] - delay(10): Delayed 10 second(s)

2020-05-20 02:20:40 - [MESSAGE][PASSED] - Delayed 10 second(s)

2020-05-20 02:20:40 - [MESSAGE][PASSED] - Call Test Case 'Test Cases/Web RoomMe.id/6. Community/5. Verify Welcome Video' successfully

2020-05-20 02:20:40 - [TEST_STEP][PASSED] - click(findTestObject("Web RoomMe.id/Community Page/Welcome Video/Button Continue on the Form Registration")): Object: 'Object Repository/Web RoomMe.id/Community Page/Welcome Video/Button Continue on the Form Registration' is clicked on

2020-05-20 02:20:41 - [MESSAGE][PASSED] - Object: 'Object Repository/Web RoomMe.id/Community Page/Welcome Video/Button Continue on the Form Registration' is clicked on

2020-05-20 02:20:41 - [TEST_STEP][PASSED] - click(findTestObject("Web RoomMe.id/RoomMe.id Header/Image Header Logo")): Object: 'Object Repository/Web RoomMe.id/RoomMe.id Header/Image Header Logo' is clicked on

2020-05-20 02:20:44 - [MESSAGE][PASSED] - Object: 'Object Repository/Web RoomMe.id/RoomMe.id Header/Image Header Logo' is clicked on

2020-05-20 02:20:44 - [TEST_STEP][PASSED] - callTestCase(findTestCase("Web RoomMe.id/6. Community/4. Verify Element on Community Page"), [:], STOP_ON_FAILURE): Call Test Case 'Test Cases/Web RoomMe.id/6. Community/4. Verify Element on Community Page' successfully

2020-05-20 02:20:44 - [TEST_CASE][PASSED] - Test Cases/Web RoomMe.id/6. Community/4. Verify Element on Community Page: Test Cases/Web RoomMe.id/6. Community/4. Verify Element on Community Page

2020-05-20 02:20:44 - [TEST_STEP][PASSED] - objectSubFolder = "Web RoomMe.id\Community Page\": null

2020-05-20 02:20:44 - [TEST_STEP][PASSED] - pathToObjRep = getProjectDir() + "\Object Repository\" + objectSubFolder: null

2020-05-20 02:20:44 - [TEST_STEP][PASSED] - yourObjects = new java.io.File(pathToObjRep): null

2020-05-20 02:20:44 - [TEST_STEP][PASSED] - fileNames = yourObjects.list(): null

2020-05-20 02:20:44 - [TEST_STEP][PASSED] - testObjects = new java.util.ArrayList(): null

2020-05-20 02:20:44 - [TEST_STEP][PASSED] - for ([i = 0, i < length, (i++)]): null

2020-05-20 02:20:44 - [TEST_STEP][PASSED] - if (fileNames[i].contains(".rs")): null

2020-05-20 02:20:44 - [TEST_STEP][PASSED] - fileNames[i] = fileNames[i].replace(".rs", ""): null

2020-05-20 02:20:44 - [TEST_STEP][PASSED] - testObjects.add(objectSubFolder + fileNames[i]): null

2020-05-20 02:20:44 - [TEST_STEP][PASSED] - if (fileNames[i].contains(".rs")): null

2020-05-20 02:20:44 - [TEST_STEP][PASSED] - fileNames[i] = fileNames[i].replace(".rs", ""): null

2020-05-20 02:20:44 - [TEST_STEP][PASSED] - testObjects.add(objectSubFolder + fileNames[i]): null

2020-05-20 02:20:44 - [TEST_STEP][PASSED] - if (fileNames[i].contains(".rs")): null

2020-05-20 02:20:44 - [TEST_STEP][PASSED] - fileNames[i] = fileNames[i].replace(".rs", ""): null

2020-05-20 02:20:44 - [TEST_STEP][PASSED] - testObjects.add(objectSubFolder + fileNames[i]): null

2020-05-20 02:20:44 - [TEST_STEP][PASSED] - if (fileNames[i].contains(".rs")): null

2020-05-20 02:20:44 - [TEST_STEP][PASSED] - fileNames[i] = fileNames[i].replace(".rs", ""): null

2020-05-20 02:20:44 - [TEST_STEP][PASSED] - testObjects.add(objectSubFolder + fileNames[i]): null

2020-05-20 02:20:44 - [TEST_STEP][PASSED] - if (fileNames[i].contains(".rs")): null

2020-05-20 02:20:44 - [TEST_STEP][PASSED] - if (fileNames[i].contains(".rs")): null

2020-05-20 02:20:44 - [TEST_STEP][PASSED] - fileNames[i] = fileNames[i].replace(".rs", ""): null

2020-05-20 02:20:44 - [TEST_STEP][PASSED] - testObjects.add(objectSubFolder + fileNames[i]): null

2020-05-20 02:20:44 - [TEST_STEP][PASSED] - if (fileNames[i].contains(".rs")): null

2020-05-20 02:20:44 - [TEST_STEP][PASSED] - fileNames[i] = fileNames[i].replace(".rs", ""): null

2020-05-20 02:20:44 - [TEST_STEP][PASSED] - testObjects.add(objectSubFolder + fileNames[i]): null

2020-05-20 02:20:44 - [TEST_STEP][PASSED] - if (fileNames[i].contains(".rs")): null

2020-05-20 02:20:44 - [TEST_STEP][PASSED] - fileNames[i] = fileNames[i].replace(".rs", ""): null

2020-05-20 02:20:44 - [TEST_STEP][PASSED] - testObjects.add(objectSubFolder + fileNames[i]): null

2020-05-20 02:20:44 - [TEST_STEP][PASSED] - if (fileNames[i].contains(".rs")): null

2020-05-20 02:20:44 - [TEST_STEP][PASSED] - fileNames[i] = fileNames[i].replace(".rs", ""): null

2020-05-20 02:20:44 - [TEST_STEP][PASSED] - testObjects.add(objectSubFolder + fileNames[i]): null

2020-05-20 02:20:44 - [TEST_STEP][PASSED] - if (fileNames[i].contains(".rs")): null

2020-05-20 02:20:44 - [TEST_STEP][PASSED] - fileNames[i] = fileNames[i].replace(".rs", ""): null

2020-05-20 02:20:44 - [TEST_STEP][PASSED] - testObjects.add(objectSubFolder + fileNames[i]): null

2020-05-20 02:20:44 - [TEST_STEP][PASSED] - if (fileNames[i].contains(".rs")): null

2020-05-20 02:20:44 - [TEST_STEP][PASSED] - fileNames[i] = fileNames[i].replace(".rs", ""): null

2020-05-20 02:20:44 - [TEST_STEP][PASSED] - testObjects.add(objectSubFolder + fileNames[i]): null

2020-05-20 02:20:44 - [TEST_STEP][PASSED] - if (fileNames[i].contains(".rs")): null

2020-05-20 02:20:44 - [TEST_STEP][PASSED] - fileNames[i] = fileNames[i].replace(".rs", ""): null

2020-05-20 02:20:44 - [TEST_STEP][PASSED] - testObjects.add(objectSubFolder + fileNames[i]): null

2020-05-20 02:20:44 - [TEST_STEP][PASSED] - if (fileNames[i].contains(".rs")): null

2020-05-20 02:20:44 - [TEST_STEP][PASSED] - fileNames[i] = fileNames[i].replace(".rs", ""): null

2020-05-20 02:20:44 - [TEST_STEP][PASSED] - testObjects.add(objectSubFolder + fileNames[i]): null

2020-05-20 02:20:44 - [TEST_STEP][PASSED] - if (fileNames[i].contains(".rs")): null

2020-05-20 02:20:44 - [TEST_STEP][PASSED] - fileNames[i] = fileNames[i].replace(".rs", ""): null

2020-05-20 02:20:44 - [TEST_STEP][PASSED] - testObjects.add(objectSubFolder + fileNames[i]): null

2020-05-20 02:20:44 - [TEST_STEP][PASSED] - if (fileNames[i].contains(".rs")): null

2020-05-20 02:20:44 - [TEST_STEP][PASSED] - fileNames[i] = fileNames[i].replace(".rs", ""): null

2020-05-20 02:20:44 - [TEST_STEP][PASSED] - testObjects.add(objectSubFolder + fileNames[i]): null

2020-05-20 02:20:44 - [TEST_STEP][PASSED] - if (fileNames[i].contains(".rs")): null

2020-05-20 02:20:44 - [TEST_STEP][PASSED] - fileNames[i] = fileNames[i].replace(".rs", ""): null

2020-05-20 02:20:44 - [TEST_STEP][PASSED] - testObjects.add(objectSubFolder + fileNames[i]): null

2020-05-20 02:20:44 - [TEST_STEP][PASSED] - if (fileNames[i].contains(".rs")): null

2020-05-20 02:20:44 - [TEST_STEP][PASSED] - fileNames[i] = fileNames[i].replace(".rs", ""): null

2020-05-20 02:20:44 - [TEST_STEP][PASSED] - testObjects.add(objectSubFolder + fileNames[i]): null

2020-05-20 02:20:44 - [TEST_STEP][PASSED] - if (fileNames[i].contains(".rs")): null

2020-05-20 02:20:44 - [TEST_STEP][PASSED] - fileNames[i] = fileNames[i].replace(".rs", ""): null

2020-05-20 02:20:44 - [TEST_STEP][PASSED] - testObjects.add(objectSubFolder + fileNames[i]): null

2020-05-20 02:20:44 - [TEST_STEP][PASSED] - if (fileNames[i].contains(".rs")): null

2020-05-20 02:20:44 - [TEST_STEP][PASSED] - for (String obj : testObjects): Object 'Object Repository/Web RoomMe.id\Community Page\Video Events' is visible

2020-05-20 02:20:44 - [TEST_STEP][PASSED] - verifyElementVisible(findTestObject(obj)): Object 'Object Repository/Web RoomMe.id\Community Page\Button Join Our Community' is visible

2020-05-20 02:20:44 - [MESSAGE][PASSED] - Object 'Object Repository/Web RoomMe.id\Community Page\Button Join Our Community' is visible

2020-05-20 02:20:44 - [TEST_STEP][PASSED] - verifyElementVisible(findTestObject(obj)): Object 'Object Repository/Web RoomMe.id\Community Page\Button See More Events' is visible

2020-05-20 02:20:45 - [MESSAGE][PASSED] - Object 'Object Repository/Web RoomMe.id\Community Page\Button See More Events' is visible

2020-05-20 02:20:45 - [TEST_STEP][PASSED] - verifyElementVisible(findTestObject(obj)): Object 'Object Repository/Web RoomMe.id\Community Page\Button See More Videos' is visible

2020-05-20 02:20:45 - [MESSAGE][PASSED] - Object 'Object Repository/Web RoomMe.id\Community Page\Button See More Videos' is visible

2020-05-20 02:20:45 - [TEST_STEP][PASSED] - verifyElementVisible(findTestObject(obj)): Object 'Object Repository/Web RoomMe.id\Community Page\Button See More' is visible

2020-05-20 02:20:46 - [MESSAGE][PASSED] - Object 'Object Repository/Web RoomMe.id\Community Page\Button See More' is visible

2020-05-20 02:20:46 - [TEST_STEP][PASSED] - verifyElementVisible(findTestObject(obj)): Object 'Object Repository/Web RoomMe.id\Community Page\Image Carousel' is visible

2020-05-20 02:20:46 - [MESSAGE][PASSED] - Object 'Object Repository/Web RoomMe.id\Community Page\Image Carousel' is visible

2020-05-20 02:20:46 - [TEST_STEP][PASSED] - verifyElementVisible(findTestObject(obj)): Object 'Object Repository/Web RoomMe.id\Community Page\Image Event' is visible

2020-05-20 02:20:46 - [MESSAGE][PASSED] - Object 'Object Repository/Web RoomMe.id\Community Page\Image Event' is visible

2020-05-20 02:20:46 - [TEST_STEP][PASSED] - verifyElementVisible(findTestObject(obj)): Object 'Object Repository/Web RoomMe.id\Community Page\Text All Events' is visible

2020-05-20 02:20:47 - [MESSAGE][PASSED] - Object 'Object Repository/Web RoomMe.id\Community Page\Text All Events' is visible

2020-05-20 02:20:47 - [TEST_STEP][PASSED] - verifyElementVisible(findTestObject(obj)): Object 'Object Repository/Web RoomMe.id\Community Page\Text Discover your pleasant' is visible

2020-05-20 02:20:47 - [MESSAGE][PASSED] - Object 'Object Repository/Web RoomMe.id\Community Page\Text Discover your pleasant' is visible

2020-05-20 02:20:47 - [TEST_STEP][PASSED] - verifyElementVisible(findTestObject(obj)): Object 'Object Repository/Web RoomMe.id\Community Page\Text From inspiring  funny stories' is visible

2020-05-20 02:20:47 - [MESSAGE][PASSED] - Object 'Object Repository/Web RoomMe.id\Community Page\Text From inspiring  funny stories' is visible

2020-05-20 02:20:47 - [TEST_STEP][PASSED] - verifyElementVisible(findTestObject(obj)): Object 'Object Repository/Web RoomMe.id\Community Page\Text Happening Events in Community' is visible

2020-05-20 02:20:48 - [MESSAGE][PASSED] - Object 'Object Repository/Web RoomMe.id\Community Page\Text Happening Events in Community' is visible

2020-05-20 02:20:48 - [TEST_STEP][PASSED] - verifyElementVisible(findTestObject(obj)): Object 'Object Repository/Web RoomMe.id\Community Page\Text Hey RoomMies Lets join our community' is visible

2020-05-20 02:20:48 - [MESSAGE][PASSED] - Object 'Object Repository/Web RoomMe.id\Community Page\Text Hey RoomMies Lets join our community' is visible

2020-05-20 02:20:48 - [TEST_STEP][PASSED] - verifyElementVisible(findTestObject(obj)): Object 'Object Repository/Web RoomMe.id\Community Page\Text Join the right communit' is visible

2020-05-20 02:20:48 - [MESSAGE][PASSED] - Object 'Object Repository/Web RoomMe.id\Community Page\Text Join the right communit' is visible

2020-05-20 02:20:48 - [TEST_STEP][PASSED] - verifyElementVisible(findTestObject(obj)): Object 'Object Repository/Web RoomMe.id\Community Page\Text Know Your Friends' is visible

2020-05-20 02:20:49 - [MESSAGE][PASSED] - Object 'Object Repository/Web RoomMe.id\Community Page\Text Know Your Friends' is visible

2020-05-20 02:20:49 - [TEST_STEP][PASSED] - verifyElementVisible(findTestObject(obj)): Object 'Object Repository/Web RoomMe.id\Community Page\Text Latest Events to Watch' is visible

2020-05-20 02:20:49 - [MESSAGE][PASSED] - Object 'Object Repository/Web RoomMe.id\Community Page\Text Latest Events to Watch' is visible

2020-05-20 02:20:49 - [TEST_STEP][PASSED] - verifyElementVisible(findTestObject(obj)): Object 'Object Repository/Web RoomMe.id\Community Page\Text To know more about our activitie' is visible

2020-05-20 02:20:49 - [MESSAGE][PASSED] - Object 'Object Repository/Web RoomMe.id\Community Page\Text To know more about our activitie' is visible

2020-05-20 02:20:49 - [TEST_STEP][PASSED] - verifyElementVisible(findTestObject(obj)): Object 'Object Repository/Web RoomMe.id\Community Page\Text Your hobbies will be more exciting' is visible

2020-05-20 02:20:50 - [MESSAGE][PASSED] - Object 'Object Repository/Web RoomMe.id\Community Page\Text Your hobbies will be more exciting' is visible

2020-05-20 02:20:50 - [TEST_STEP][PASSED] - verifyElementVisible(findTestObject(obj)): Object 'Object Repository/Web RoomMe.id\Community Page\Video Events' is visible

2020-05-20 02:20:50 - [MESSAGE][PASSED] - Object 'Object Repository/Web RoomMe.id\Community Page\Video Events' is visible

2020-05-20 02:20:50 - [MESSAGE][PASSED] - Call Test Case 'Test Cases/Web RoomMe.id/6. Community/4. Verify Element on Community Page' successfully

2020-05-20 02:20:50 - [MESSAGE][PASSED] - Call Test Case 'Test Cases/Web RoomMe.id/6. Community/1. Customer Access Community Page From Header' successfully

2020-05-20 02:20:50 - [TEST_STEP][PASSED] - waitForElementVisible(findTestObject("Web RoomMe.id/Community Page/Button Join Our Community"), 0): Object 'Object Repository/Web RoomMe.id/Community Page/Button Join Our Community' is visible

2020-05-20 02:20:50 - [MESSAGE][WARNING] - Timeout '0' is invalid. Using default page load timeout: '30'

2020-05-20 02:20:50 - [MESSAGE][PASSED] - Object 'Object Repository/Web RoomMe.id/Community Page/Button Join Our Community' is visible

2020-05-20 02:20:50 - [TEST_STEP][PASSED] - click(findTestObject("Web RoomMe.id/Community Page/Button Join Our Community")): Object: 'Object Repository/Web RoomMe.id/Community Page/Button Join Our Community' is clicked on

2020-05-20 02:20:51 - [MESSAGE][PASSED] - Object: 'Object Repository/Web RoomMe.id/Community Page/Button Join Our Community' is clicked on

2020-05-20 02:20:51 - [TEST_STEP][NOT_RUN] - callTestCase(findTestCase("Web RoomMe.id/20. Community Registration/1. Verify Registration Form"), [:], STOP_ON_FAILURE): NOT_RUN: callTestCase(findTestCase("Web RoomMe.id/20. Community Registration/1. Verify Registration Form"), [:], STOP_ON_FAILURE)

2020-05-20 02:20:51 - [MESSAGE][NOT_RUN] - NOT_RUN: callTestCase(findTestCase("Web RoomMe.id/20. Community Registration/1. Verify Registration Form"), [:], STOP_ON_FAILURE)

2020-05-20 02:20:51 - [TEST_STEP][PASSED] - waitForElementVisible(findTestObject("Web RoomMe.id/Community Page/Community Registration/Textfield Full Name"), 0): Object 'Object Repository/Web RoomMe.id/Community Page/Community Registration/Textfield Full Name' is visible

2020-05-20 02:20:51 - [MESSAGE][WARNING] - Timeout '0' is invalid. Using default page load timeout: '30'

2020-05-20 02:20:51 - [MESSAGE][PASSED] - Object 'Object Repository/Web RoomMe.id/Community Page/Community Registration/Textfield Full Name' is visible

2020-05-20 02:20:51 - [TEST_STEP][PASSED] - sendKeys(findTestObject("Web RoomMe.id/Community Page/Community Registration/Textfield Full Name"), "Faldi AT"): Keys 'Faldi AT' sent to object: 'Object Repository/Web RoomMe.id/Community Page/Community Registration/Textfield Full Name'

2020-05-20 02:20:52 - [MESSAGE][PASSED] - Keys 'Faldi AT' sent to object: 'Object Repository/Web RoomMe.id/Community Page/Community Registration/Textfield Full Name'

2020-05-20 02:20:52 - [TEST_STEP][PASSED] - click(findTestObject("Web RoomMe.id/Community Page/Community Registration/RadioButton Male")): Object: 'Object Repository/Web RoomMe.id/Community Page/Community Registration/RadioButton Male' is clicked on

2020-05-20 02:20:53 - [MESSAGE][PASSED] - Object: 'Object Repository/Web RoomMe.id/Community Page/Community Registration/RadioButton Male' is clicked on

2020-05-20 02:20:53 - [TEST_STEP][PASSED] - click(findTestObject("Web RoomMe.id/Community Page/Community Registration/Birthdate Datepicker/Datepicker Birthdate_date (1)")): Object: 'Object Repository/Web RoomMe.id/Community Page/Community Registration/Birthdate Datepicker/Datepicker Birthdate_date (1)' is clicked on

2020-05-20 02:20:53 - [MESSAGE][PASSED] - Object: 'Object Repository/Web RoomMe.id/Community Page/Community Registration/Birthdate Datepicker/Datepicker Birthdate_date (1)' is clicked on

2020-05-20 02:20:53 - [TEST_STEP][PASSED] - click(findTestObject("Web RoomMe.id/Community Page/Community Registration/Birthdate Datepicker/Button Day 1")): Object: 'Object Repository/Web RoomMe.id/Community Page/Community Registration/Birthdate Datepicker/Button Day 1' is clicked on

2020-05-20 02:20:54 - [MESSAGE][PASSED] - Object: 'Object Repository/Web RoomMe.id/Community Page/Community Registration/Birthdate Datepicker/Button Day 1' is clicked on

2020-05-20 02:20:54 - [TEST_STEP][PASSED] - sendKeys(findTestObject("Web RoomMe.id/Community Page/Community Registration/Textfield Mobile Number"), "081234567890"): Keys '081234567890' sent to object: 'Object Repository/Web RoomMe.id/Community Page/Community Registration/Textfield Mobile Number'

2020-05-20 02:20:55 - [MESSAGE][PASSED] - Keys '081234567890' sent to object: 'Object Repository/Web RoomMe.id/Community Page/Community Registration/Textfield Mobile Number'

2020-05-20 02:20:55 - [TEST_STEP][PASSED] - sendKeys(findTestObject("Web RoomMe.id/Community Page/Community Registration/Textfield Email Address"), "faldiat" + RandomStringUtils.randomNumeric(5)): Keys 'faldiat88329' sent to object: 'Object Repository/Web RoomMe.id/Community Page/Community Registration/Textfield Email Address'

2020-05-20 02:20:56 - [MESSAGE][PASSED] - Keys 'faldiat88329' sent to object: 'Object Repository/Web RoomMe.id/Community Page/Community Registration/Textfield Email Address'

2020-05-20 02:20:56 - [TEST_STEP][PASSED] - sendKeys(findTestObject("Web RoomMe.id/Community Page/Community Registration/Textfield Email Address"), "@gmail.com"): Keys '@gmail.com' sent to object: 'Object Repository/Web RoomMe.id/Community Page/Community Registration/Textfield Email Address'

2020-05-20 02:20:56 - [MESSAGE][PASSED] - Keys '@gmail.com' sent to object: 'Object Repository/Web RoomMe.id/Community Page/Community Registration/Textfield Email Address'

2020-05-20 02:20:56 - [TEST_STEP][PASSED] - selectOptionByIndex(findTestObject("Web RoomMe.id/Community Page/Community Registration/Dropdown Interest"), "4"): All options with index in [4] are selected on object 'Object Repository/Web RoomMe.id/Community Page/Community Registration/Dropdown Interest'

2020-05-20 02:20:58 - [MESSAGE][PASSED] - All options with index in [4] are selected on object 'Object Repository/Web RoomMe.id/Community Page/Community Registration/Dropdown Interest'

2020-05-20 02:20:58 - [TEST_STEP][PASSED] - click(findTestObject("Web RoomMe.id/Community Page/Community Registration/Button Submit")): Object: 'Object Repository/Web RoomMe.id/Community Page/Community Registration/Button Submit' is clicked on

2020-05-20 02:20:58 - [MESSAGE][PASSED] - Object: 'Object Repository/Web RoomMe.id/Community Page/Community Registration/Button Submit' is clicked on

2020-05-20 02:20:58 - [TEST_STEP][PASSED] - waitForElementVisible(findTestObject("Web RoomMe.id/Community Page/Community Registration/Success Message/Button Close"), 0): Object 'Object Repository/Web RoomMe.id/Community Page/Community Registration/Success Message/Button Close' is visible

2020-05-20 02:20:58 - [MESSAGE][WARNING] - Timeout '0' is invalid. Using default page load timeout: '30'

2020-05-20 02:20:59 - [MESSAGE][PASSED] - Object 'Object Repository/Web RoomMe.id/Community Page/Community Registration/Success Message/Button Close' is visible

2020-05-20 02:20:59 - [TEST_STEP][PASSED] - waitForElementVisible(findTestObject("Web RoomMe.id/Community Page/Community Registration/Success Message/Image Success"), 0): Object 'Object Repository/Web RoomMe.id/Community Page/Community Registration/Success Message/Image Success' is visible

2020-05-20 02:20:59 - [MESSAGE][WARNING] - Timeout '0' is invalid. Using default page load timeout: '30'

2020-05-20 02:21:00 - [MESSAGE][PASSED] - Object 'Object Repository/Web RoomMe.id/Community Page/Community Registration/Success Message/Image Success' is visible

2020-05-20 02:21:00 - [TEST_STEP][PASSED] - waitForElementVisible(findTestObject("Web RoomMe.id/Community Page/Community Registration/Success Message/Text Well done Welcome to our community and we will contact you through email"), 0): Object 'Object Repository/Web RoomMe.id/Community Page/Community Registration/Success Message/Text Well done Welcome to our community and we will contact you through email' is visible

2020-05-20 02:21:00 - [MESSAGE][WARNING] - Timeout '0' is invalid. Using default page load timeout: '30'

2020-05-20 02:21:00 - [MESSAGE][PASSED] - Object 'Object Repository/Web RoomMe.id/Community Page/Community Registration/Success Message/Text Well done Welcome to our community and we will contact you through email' is visible

2020-05-20 02:21:00 - [TEST_STEP][PASSED] - waitForElementVisible(findTestObject("Web RoomMe.id/Community Page/Community Registration/Success Message/Text Community Registration Successfull"), 0): Object 'Object Repository/Web RoomMe.id/Community Page/Community Registration/Success Message/Text Community Registration Successfull' is visible

2020-05-20 02:21:00 - [MESSAGE][WARNING] - Timeout '0' is invalid. Using default page load timeout: '30'

2020-05-20 02:21:00 - [MESSAGE][PASSED] - Object 'Object Repository/Web RoomMe.id/Community Page/Community Registration/Success Message/Text Community Registration Successfull' is visible]]></system-out>
         <system-err><![CDATA[]]></system-err>
      </testcase>
      <system-out><![CDATA[2020-05-20 02:17:56 - [TEST_SUITE][PASSED] - Customer Access Community Page: Test Cases/Web RoomMe.id/6. Community/6. Register Community From Community Page Section]]></system-out>
      <system-err><![CDATA[]]></system-err>
   </testsuite>
</testsuites>
