<?xml version="1.0" encoding="UTF-8"?>
<testsuites name="Customer Login" time="21.188" tests="1" failures="0" errors="0">
   <testsuite name="Customer Login" tests="1" failures="0" errors="0" time="21.188" timestamp="2020-03-13 18:38:17" hostname="Win 10 - LENNONOVO" id="Test Suites/Web RoomMe.id/Customer Login">
      <properties>
         <property name="deviceName" value=""/>
         <property name="devicePlatform" value=""/>
         <property name="logFolder" value="C:\\Users\\Faldi\\Katalon Studio\\RoomMe\\Reports\\20200313_183816\\Web RoomMe.id\\Customer Login\\20200313_183816"/>
         <property name="logFiles" value="C:\\Users\\Faldi\\Katalon Studio\\RoomMe\\Reports\\20200313_183816\\Web RoomMe.id\\Customer Login\\20200313_183816\\execution0.log"/>
         <property name="attachments" value="C:\\Users\\Faldi\\Katalon Studio\\RoomMe\\Reports\\20200313_183816\\Web RoomMe.id\\Customer Login\\20200313_183816\\Evidence/Login.png"/>
         <property name="hostName" value="Win 10 - LENNONOVO"/>
         <property name="os" value="Windows 10 64bit"/>
         <property name="katalonVersion" value="null.null"/>
         <property name="browser" value="Chrome 80.0.3987.132"/>
         <property name="hostAddress" value="10.241.84.162"/>
         <property name="sessionId" value="be613aa3684e0c973bef5154c68bfb49"/>
         <property name="seleniumVersion" value="3.141.59"/>
         <property name="proxyInformation" value="ProxyInformation{proxyOption=NO_PROXY, proxyServerType=HTTP, password=, proxyServerAddress=, proxyServerPort=0, executionList=}"/>
         <property name="platform" value="Windows 10"/>
      </properties>
      <testcase name="Test Cases/Web RoomMe.id/Customer Login" time="20.118" classname="Test Cases/Web RoomMe.id/Customer Login" status="PASSED">
         <system-out><![CDATA[2020-03-13 18:38:17 - [TEST_CASE][PASSED] - Test Cases/Web RoomMe.id/Customer Login: Test Cases/Web RoomMe.id/Customer Login

2020-03-13 18:38:18 - [TEST_STEP][PASSED] - callTestCase(findTestCase("Web RoomMe.id/Customer Access RoomMe Page"), [:], STOP_ON_FAILURE): Call Test Case 'Test Cases/Web RoomMe.id/Customer Access RoomMe Page' successfully

2020-03-13 18:38:18 - [TEST_CASE][PASSED] - Test Cases/Web RoomMe.id/Customer Access RoomMe Page: Test Cases/Web RoomMe.id/Customer Access RoomMe Page

2020-03-13 18:38:18 - [TEST_STEP][PASSED] - openBrowser(""): Browser is opened with url: ''

2020-03-13 18:38:18 - [MESSAGE][INFO] - Starting 'Chrome' driver

2020-03-13 18:38:18 - [MESSAGE][INFO] - Action delay is set to 0 seconds

2020-03-13 18:38:24 - [MESSAGE][PASSED] - Browser is opened with url: ''

2020-03-13 18:38:24 - [TEST_STEP][PASSED] - navigateToUrl("https://web.roomme.id/"): Navigate to 'https://web.roomme.id/' successfully

2020-03-13 18:38:26 - [MESSAGE][PASSED] - Navigate to 'https://web.roomme.id/' successfully

2020-03-13 18:38:26 - [TEST_STEP][PASSED] - maximizeWindow(): Current window maximized

2020-03-13 18:38:30 - [MESSAGE][PASSED] - Current window maximized

2020-03-13 18:38:30 - [MESSAGE][PASSED] - Call Test Case 'Test Cases/Web RoomMe.id/Customer Access RoomMe Page' successfully

2020-03-13 18:38:30 - [TEST_STEP][PASSED] - click(findTestObject("Web RoomMe.id/RoomMe.id Homepage/Button Sign In")): Object: 'Object Repository/Web RoomMe.id/RoomMe.id Homepage/Button Sign In' is clicked on

2020-03-13 18:38:30 - [MESSAGE][PASSED] - Object: 'Object Repository/Web RoomMe.id/RoomMe.id Homepage/Button Sign In' is clicked on

2020-03-13 18:38:30 - [TEST_STEP][PASSED] - verifyElementVisible(findTestObject("Web RoomMe.id/Sign In Menu/Textfield Email")): Object 'Object Repository/Web RoomMe.id/Sign In Menu/Textfield Email' is visible

2020-03-13 18:38:31 - [MESSAGE][PASSED] - Object 'Object Repository/Web RoomMe.id/Sign In Menu/Textfield Email' is visible

2020-03-13 18:38:31 - [TEST_STEP][PASSED] - verifyElementVisible(findTestObject("Web RoomMe.id/Sign In Menu/Textfield Password")): Object 'Object Repository/Web RoomMe.id/Sign In Menu/Textfield Password' is visible

2020-03-13 18:38:31 - [MESSAGE][PASSED] - Object 'Object Repository/Web RoomMe.id/Sign In Menu/Textfield Password' is visible

2020-03-13 18:38:31 - [TEST_STEP][PASSED] - verifyElementVisible(findTestObject("Web RoomMe.id/RoomMe.id Homepage/Button Sign In")): Object 'Object Repository/Web RoomMe.id/RoomMe.id Homepage/Button Sign In' is visible

2020-03-13 18:38:32 - [MESSAGE][PASSED] - Object 'Object Repository/Web RoomMe.id/RoomMe.id Homepage/Button Sign In' is visible

2020-03-13 18:38:32 - [TEST_STEP][PASSED] - verifyElementVisible(findTestObject("Web RoomMe.id/Sign In Menu/Button Forgot Password")): Object 'Object Repository/Web RoomMe.id/Sign In Menu/Button Forgot Password' is visible

2020-03-13 18:38:32 - [MESSAGE][PASSED] - Object 'Object Repository/Web RoomMe.id/Sign In Menu/Button Forgot Password' is visible

2020-03-13 18:38:32 - [TEST_STEP][PASSED] - setText(findTestObject("Web RoomMe.id/Sign In Menu/Textfield Email"), "faldinv68@gmail.com"): Text 'faldinv68@gmail.com' is set on object 'Object Repository/Web RoomMe.id/Sign In Menu/Textfield Email'

2020-03-13 18:38:33 - [MESSAGE][PASSED] - Text 'faldinv68@gmail.com' is set on object 'Object Repository/Web RoomMe.id/Sign In Menu/Textfield Email'

2020-03-13 18:38:33 - [TEST_STEP][PASSED] - setEncryptedText(findTestObject("Web RoomMe.id/Sign In Menu/Textfield Password"), "aeHFOx8jV/A="): Text ****** has been set on object 'Object Repository/Web RoomMe.id/Sign In Menu/Textfield Password'

2020-03-13 18:38:33 - [MESSAGE][PASSED] - Text ****** has been set on object 'Object Repository/Web RoomMe.id/Sign In Menu/Textfield Password'

2020-03-13 18:38:33 - [TEST_STEP][PASSED] - click(findTestObject("Web RoomMe.id/Sign In Menu/Button Sign In")): Object: 'Object Repository/Web RoomMe.id/Sign In Menu/Button Sign In' is clicked on

2020-03-13 18:38:34 - [MESSAGE][PASSED] - Object: 'Object Repository/Web RoomMe.id/Sign In Menu/Button Sign In' is clicked on

2020-03-13 18:38:34 - [TEST_STEP][PASSED] - verifyElementVisible(findTestObject("Web RoomMe.id/Sign In Menu/Button User Menu")): Object 'Object Repository/Web RoomMe.id/Sign In Menu/Button User Menu' is visible

2020-03-13 18:38:37 - [MESSAGE][PASSED] - Object 'Object Repository/Web RoomMe.id/Sign In Menu/Button User Menu' is visible

2020-03-13 18:38:37 - [TEST_STEP][PASSED] - takeScreenshot("Evidence/Login.png"): Taking screenshot successfully

2020-03-13 18:38:38 - [MESSAGE][PASSED] - Taking screenshot successfully
[[ATTACHMENT|C:\\Users\\Faldi\\Katalon Studio\\RoomMe\\Reports\\20200313_183816\\Web RoomMe.id\\Customer Login\\20200313_183816\\Evidence/Login.png]]]]></system-out>
         <system-err><![CDATA[]]></system-err>
      </testcase>
      <system-out><![CDATA[2020-03-13 18:38:17 - [TEST_SUITE][PASSED] - Customer Login: Test Cases/Web RoomMe.id/Customer Login]]></system-out>
      <system-err><![CDATA[]]></system-err>
   </testsuite>
</testsuites>
