<?xml version="1.0" encoding="UTF-8"?>
<testsuites name="Customer Access RoomMe Social Media Page" time="88.678" tests="3" failures="0" errors="0">
   <testsuite name="Customer Access RoomMe Social Media Page" tests="3" failures="0" errors="0" time="88.678" timestamp="2020-06-01 02:03:02" hostname="Faldi - Alienware-X51" id="Test Suites/Web RoomMe.id/Customer Access RoomMe Social Media Page">
      <properties>
         <property name="deviceName" value=""/>
         <property name="devicePlatform" value=""/>
         <property name="logFolder" value="C:\\Users\\Faldi\\Katalon Studio\\katalonroomme\\Reports\\20200601_015955\\Web RoomMe.id\\Customer Access RoomMe Social Media Page\\20200601_015958"/>
         <property name="logFiles" value="C:\\Users\\Faldi\\Katalon Studio\\katalonroomme\\Reports\\20200601_015955\\Web RoomMe.id\\Customer Access RoomMe Social Media Page\\20200601_015958\\execution0.log"/>
         <property name="attachments" value=""/>
         <property name="hostName" value="Faldi - Alienware-X51"/>
         <property name="os" value="Windows 10 64bit"/>
         <property name="katalonVersion" value="7.2.9.1"/>
         <property name="browser" value="Chrome 83.0.4103.61"/>
         <property name="hostAddress" value="192.168.1.5"/>
         <property name="sessionId" value="3b4eaf000febad8ab6e2ac10443afc6f"/>
         <property name="seleniumVersion" value="3.141.59"/>
         <property name="proxyInformation" value="ProxyInformation{proxyOption=NO_PROXY, proxyServerType=HTTP, password=, proxyServerAddress=, proxyServerPort=0, executionList=}"/>
         <property name="platform" value="Windows 10"/>
      </properties>
      <testcase name="Test Cases/Web RoomMe.id/18. Social Media/1. Customer Access RoomMe Facebook Page" time="42.824" classname="Test Cases/Web RoomMe.id/18. Social Media/1. Customer Access RoomMe Facebook Page" status="PASSED">
         <system-out><![CDATA[2020-06-01 02:03:03 - [TEST_CASE][PASSED] - Test Cases/Web RoomMe.id/18. Social Media/1. Customer Access RoomMe Facebook Page: Test Cases/Web RoomMe.id/18. Social Media/1. Customer Access RoomMe Facebook Page

2020-06-01 02:03:03 - [TEST_STEP][PASSED] - callTestCase(findTestCase("Web RoomMe.id/1. Homepage/1. Customer Access RoomMe Page"), [:], STOP_ON_FAILURE): Call Test Case 'Test Cases/Web RoomMe.id/1. Homepage/1. Customer Access RoomMe Page' successfully

2020-06-01 02:03:03 - [TEST_CASE][PASSED] - Test Cases/Web RoomMe.id/1. Homepage/1. Customer Access RoomMe Page: Test Cases/Web RoomMe.id/1. Homepage/1. Customer Access RoomMe Page

2020-06-01 02:03:03 - [TEST_STEP][PASSED] - openBrowser(url): Browser is opened with url: 'roomme.id'

2020-06-01 02:03:04 - [MESSAGE][INFO] - Starting 'Chrome' driver

2020-06-01 02:03:04 - [MESSAGE][INFO] - Action delay is set to 0 seconds

2020-06-01 02:03:26 - [MESSAGE][PASSED] - Browser is opened with url: 'roomme.id'

2020-06-01 02:03:26 - [TEST_STEP][PASSED] - maximizeWindow(): Current window maximized

2020-06-01 02:03:28 - [MESSAGE][PASSED] - Current window maximized

2020-06-01 02:03:28 - [TEST_STEP][PASSED] - waitForPageLoad(0): Wait for page load successfully

2020-06-01 02:03:28 - [MESSAGE][WARNING] - Timeout '0' is invalid. Using default page load timeout: '60'

2020-06-01 02:03:28 - [MESSAGE][PASSED] - Wait for page load successfully

2020-06-01 02:03:29 - [MESSAGE][PASSED] - Call Test Case 'Test Cases/Web RoomMe.id/1. Homepage/1. Customer Access RoomMe Page' successfully

2020-06-01 02:03:29 - [TEST_STEP][PASSED] - waitForElementVisible(findTestObject("Web RoomMe.id/RoomMe.id Footer/Image Facebook"), 0): Object 'Object Repository/Web RoomMe.id/RoomMe.id Footer/Image Facebook' is visible

2020-06-01 02:03:29 - [MESSAGE][WARNING] - Timeout '0' is invalid. Using default page load timeout: '60'

2020-06-01 02:03:29 - [MESSAGE][PASSED] - Object 'Object Repository/Web RoomMe.id/RoomMe.id Footer/Image Facebook' is visible

2020-06-01 02:03:29 - [TEST_STEP][PASSED] - click(findTestObject("Web RoomMe.id/RoomMe.id Footer/Image Facebook")): Object: 'Object Repository/Web RoomMe.id/RoomMe.id Footer/Image Facebook' is clicked on

2020-06-01 02:03:30 - [MESSAGE][PASSED] - Object: 'Object Repository/Web RoomMe.id/RoomMe.id Footer/Image Facebook' is clicked on

2020-06-01 02:03:30 - [TEST_STEP][PASSED] - switchToWindowIndex("1"): Switched to window with index: '1'

2020-06-01 02:03:30 - [MESSAGE][PASSED] - Switched to window with index: '1'

2020-06-01 02:03:30 - [TEST_STEP][PASSED] - waitForPageLoad(0): Wait for page load successfully

2020-06-01 02:03:30 - [MESSAGE][WARNING] - Timeout '0' is invalid. Using default page load timeout: '60'

2020-06-01 02:03:45 - [MESSAGE][PASSED] - Wait for page load successfully

2020-06-01 02:03:45 - [TEST_STEP][PASSED] - fbtitle = getWindowTitle(): Current window's title is: 'Roomme Indonesia - Beranda | Facebook'

2020-06-01 02:03:46 - [MESSAGE][PASSED] - Current window's title is: 'Roomme Indonesia - Beranda | Facebook'

2020-06-01 02:03:46 - [TEST_STEP][PASSED] - verifyMatch(fbtitle, "Roomme Indonesia - Beranda | Facebook", false): Actual text 'Roomme Indonesia - Beranda | Facebook' and expected text 'Roomme Indonesia - Beranda | Facebook' are matched 

2020-06-01 02:03:46 - [MESSAGE][PASSED] - Actual text 'Roomme Indonesia - Beranda | Facebook' and expected text 'Roomme Indonesia - Beranda | Facebook' are matched 

2020-06-01 02:03:46 - [TEST_STEP][PASSED] - fburl = getUrl(): Current window's url is: 'https://business.facebook.com/Roomme/'

2020-06-01 02:03:46 - [MESSAGE][PASSED] - Current window's url is: 'https://business.facebook.com/Roomme/'

2020-06-01 02:03:46 - [TEST_STEP][PASSED] - verifyMatch(fburl, "https://business.facebook.com/Roomme/", false): Actual text 'https://business.facebook.com/Roomme/' and expected text 'https://business.facebook.com/Roomme/' are matched 

2020-06-01 02:03:46 - [MESSAGE][PASSED] - Actual text 'https://business.facebook.com/Roomme/' and expected text 'https://business.facebook.com/Roomme/' are matched]]></system-out>
         <system-err><![CDATA[]]></system-err>
      </testcase>
      <testcase name="Test Cases/Web RoomMe.id/18. Social Media/2. Customer Access RoomMe Instagram Page" time="21.798" classname="Test Cases/Web RoomMe.id/18. Social Media/2. Customer Access RoomMe Instagram Page" status="PASSED">
         <system-out><![CDATA[2020-06-01 02:03:46 - [TEST_CASE][PASSED] - Test Cases/Web RoomMe.id/18. Social Media/2. Customer Access RoomMe Instagram Page: Test Cases/Web RoomMe.id/18. Social Media/2. Customer Access RoomMe Instagram Page

2020-06-01 02:03:46 - [TEST_STEP][PASSED] - callTestCase(findTestCase("Web RoomMe.id/1. Homepage/1. Customer Access RoomMe Page"), [:], STOP_ON_FAILURE): Call Test Case 'Test Cases/Web RoomMe.id/1. Homepage/1. Customer Access RoomMe Page' successfully

2020-06-01 02:03:46 - [TEST_CASE][PASSED] - Test Cases/Web RoomMe.id/1. Homepage/1. Customer Access RoomMe Page: Test Cases/Web RoomMe.id/1. Homepage/1. Customer Access RoomMe Page

2020-06-01 02:03:46 - [TEST_STEP][PASSED] - openBrowser(url): Browser is opened with url: 'roomme.id'

2020-06-01 02:03:46 - [MESSAGE][WARNING] - A browser is already opened. Closing browser and opening a new one

2020-06-01 02:03:47 - [MESSAGE][INFO] - Starting 'Chrome' driver

2020-06-01 02:04:00 - [MESSAGE][PASSED] - Browser is opened with url: 'roomme.id'

2020-06-01 02:04:00 - [TEST_STEP][PASSED] - maximizeWindow(): Current window maximized

2020-06-01 02:04:02 - [MESSAGE][PASSED] - Current window maximized

2020-06-01 02:04:02 - [TEST_STEP][PASSED] - waitForPageLoad(0): Wait for page load successfully

2020-06-01 02:04:02 - [MESSAGE][WARNING] - Timeout '0' is invalid. Using default page load timeout: '60'

2020-06-01 02:04:02 - [MESSAGE][PASSED] - Wait for page load successfully

2020-06-01 02:04:02 - [MESSAGE][PASSED] - Call Test Case 'Test Cases/Web RoomMe.id/1. Homepage/1. Customer Access RoomMe Page' successfully

2020-06-01 02:04:02 - [TEST_STEP][PASSED] - waitForElementVisible(findTestObject("Web RoomMe.id/RoomMe.id Footer/Image Instagram"), 0): Object 'Object Repository/Web RoomMe.id/RoomMe.id Footer/Image Instagram' is visible

2020-06-01 02:04:02 - [MESSAGE][WARNING] - Timeout '0' is invalid. Using default page load timeout: '60'

2020-06-01 02:04:02 - [MESSAGE][PASSED] - Object 'Object Repository/Web RoomMe.id/RoomMe.id Footer/Image Instagram' is visible

2020-06-01 02:04:02 - [TEST_STEP][PASSED] - click(findTestObject("Web RoomMe.id/RoomMe.id Footer/Image Instagram")): Object: 'Object Repository/Web RoomMe.id/RoomMe.id Footer/Image Instagram' is clicked on

2020-06-01 02:04:03 - [MESSAGE][PASSED] - Object: 'Object Repository/Web RoomMe.id/RoomMe.id Footer/Image Instagram' is clicked on

2020-06-01 02:04:03 - [TEST_STEP][PASSED] - switchToWindowIndex("1"): Switched to window with index: '1'

2020-06-01 02:04:03 - [MESSAGE][PASSED] - Switched to window with index: '1'

2020-06-01 02:04:03 - [TEST_STEP][PASSED] - waitForPageLoad(0): Wait for page load successfully

2020-06-01 02:04:03 - [MESSAGE][WARNING] - Timeout '0' is invalid. Using default page load timeout: '60'

2020-06-01 02:04:07 - [MESSAGE][PASSED] - Wait for page load successfully

2020-06-01 02:04:07 - [TEST_STEP][PASSED] - igtitle = getWindowTitle(): Current window's title is: 'Virtual Kost Operator #1 (@roommeid) • Instagram photos and videos'

2020-06-01 02:04:07 - [MESSAGE][PASSED] - Current window's title is: 'Virtual Kost Operator #1 (@roommeid) • Instagram photos and videos'

2020-06-01 02:04:07 - [TEST_STEP][PASSED] - verifyMatch(igtitle, "Virtual Kost Operator #1 (@roommeid) • Instagram photos and videos", false): Actual text 'Virtual Kost Operator #1 (@roommeid) • Instagram photos and videos' and expected text 'Virtual Kost Operator #1 (@roommeid) • Instagram photos and videos' are matched 

2020-06-01 02:04:07 - [MESSAGE][PASSED] - Actual text 'Virtual Kost Operator #1 (@roommeid) • Instagram photos and videos' and expected text 'Virtual Kost Operator #1 (@roommeid) • Instagram photos and videos' are matched 

2020-06-01 02:04:07 - [TEST_STEP][PASSED] - igurl = getUrl(): Current window's url is: 'https://www.instagram.com/roommeid/'

2020-06-01 02:04:07 - [MESSAGE][PASSED] - Current window's url is: 'https://www.instagram.com/roommeid/'

2020-06-01 02:04:07 - [TEST_STEP][PASSED] - verifyMatch(igurl, "https://www.instagram.com/roommeid/", false): Actual text 'https://www.instagram.com/roommeid/' and expected text 'https://www.instagram.com/roommeid/' are matched 

2020-06-01 02:04:07 - [MESSAGE][PASSED] - Actual text 'https://www.instagram.com/roommeid/' and expected text 'https://www.instagram.com/roommeid/' are matched]]></system-out>
         <system-err><![CDATA[]]></system-err>
      </testcase>
      <testcase name="Test Cases/Web RoomMe.id/18. Social Media/3. Customer Access RoomMe LinkedIn Page" time="22.778" classname="Test Cases/Web RoomMe.id/18. Social Media/3. Customer Access RoomMe LinkedIn Page" status="PASSED">
         <system-out><![CDATA[2020-06-01 02:04:07 - [TEST_CASE][PASSED] - Test Cases/Web RoomMe.id/18. Social Media/3. Customer Access RoomMe LinkedIn Page: Test Cases/Web RoomMe.id/18. Social Media/3. Customer Access RoomMe LinkedIn Page

2020-06-01 02:04:08 - [TEST_STEP][PASSED] - callTestCase(findTestCase("Web RoomMe.id/1. Homepage/1. Customer Access RoomMe Page"), [:], STOP_ON_FAILURE): Call Test Case 'Test Cases/Web RoomMe.id/1. Homepage/1. Customer Access RoomMe Page' successfully

2020-06-01 02:04:08 - [TEST_CASE][PASSED] - Test Cases/Web RoomMe.id/1. Homepage/1. Customer Access RoomMe Page: Test Cases/Web RoomMe.id/1. Homepage/1. Customer Access RoomMe Page

2020-06-01 02:04:08 - [TEST_STEP][PASSED] - openBrowser(url): Browser is opened with url: 'roomme.id'

2020-06-01 02:04:08 - [MESSAGE][WARNING] - A browser is already opened. Closing browser and opening a new one

2020-06-01 02:04:09 - [MESSAGE][INFO] - Starting 'Chrome' driver

2020-06-01 02:04:19 - [MESSAGE][PASSED] - Browser is opened with url: 'roomme.id'

2020-06-01 02:04:19 - [TEST_STEP][PASSED] - maximizeWindow(): Current window maximized

2020-06-01 02:04:21 - [MESSAGE][PASSED] - Current window maximized

2020-06-01 02:04:21 - [TEST_STEP][PASSED] - waitForPageLoad(0): Wait for page load successfully

2020-06-01 02:04:21 - [MESSAGE][WARNING] - Timeout '0' is invalid. Using default page load timeout: '60'

2020-06-01 02:04:21 - [MESSAGE][PASSED] - Wait for page load successfully

2020-06-01 02:04:21 - [MESSAGE][PASSED] - Call Test Case 'Test Cases/Web RoomMe.id/1. Homepage/1. Customer Access RoomMe Page' successfully

2020-06-01 02:04:21 - [TEST_STEP][PASSED] - waitForElementVisible(findTestObject("Web RoomMe.id/RoomMe.id Footer/Image LinkedIn"), 0): Object 'Object Repository/Web RoomMe.id/RoomMe.id Footer/Image LinkedIn' is visible

2020-06-01 02:04:21 - [MESSAGE][WARNING] - Timeout '0' is invalid. Using default page load timeout: '60'

2020-06-01 02:04:22 - [MESSAGE][PASSED] - Object 'Object Repository/Web RoomMe.id/RoomMe.id Footer/Image LinkedIn' is visible

2020-06-01 02:04:22 - [TEST_STEP][PASSED] - click(findTestObject("Web RoomMe.id/RoomMe.id Footer/Image LinkedIn")): Object: 'Object Repository/Web RoomMe.id/RoomMe.id Footer/Image LinkedIn' is clicked on

2020-06-01 02:04:22 - [MESSAGE][PASSED] - Object: 'Object Repository/Web RoomMe.id/RoomMe.id Footer/Image LinkedIn' is clicked on

2020-06-01 02:04:22 - [TEST_STEP][PASSED] - switchToWindowIndex("1"): Switched to window with index: '1'

2020-06-01 02:04:22 - [MESSAGE][PASSED] - Switched to window with index: '1'

2020-06-01 02:04:22 - [TEST_STEP][PASSED] - waitForPageLoad(0): Wait for page load successfully

2020-06-01 02:04:22 - [MESSAGE][WARNING] - Timeout '0' is invalid. Using default page load timeout: '60'

2020-06-01 02:04:30 - [MESSAGE][PASSED] - Wait for page load successfully

2020-06-01 02:04:30 - [TEST_STEP][NOT_RUN] - linkedintitle = getWindowTitle(): NOT_RUN: linkedintitle = getWindowTitle()

2020-06-01 02:04:30 - [MESSAGE][NOT_RUN] - NOT_RUN: linkedintitle = getWindowTitle()

2020-06-01 02:04:30 - [TEST_STEP][NOT_RUN] - verifyMatch(linkedintitle, "Virtual Kost Operator (@roommeid) • Instagram photos and videos", false): NOT_RUN: verifyMatch(linkedintitle, "Virtual Kost Operator (@roommeid) • Instagram photos and videos", false)

2020-06-01 02:04:30 - [MESSAGE][NOT_RUN] - NOT_RUN: verifyMatch(linkedintitle, "Virtual Kost Operator (@roommeid) • Instagram photos and videos", false)

2020-06-01 02:04:30 - [TEST_STEP][NOT_RUN] - linkedinurl = getUrl(): NOT_RUN: linkedinurl = getUrl()

2020-06-01 02:04:30 - [MESSAGE][NOT_RUN] - NOT_RUN: linkedinurl = getUrl()

2020-06-01 02:04:30 - [TEST_STEP][NOT_RUN] - verifyMatch(linkedinurl, "https://www.linkedin.com/company/roomme/", false): NOT_RUN: verifyMatch(linkedinurl, "https://www.linkedin.com/company/roomme/", false)

2020-06-01 02:04:30 - [MESSAGE][NOT_RUN] - NOT_RUN: verifyMatch(linkedinurl, "https://www.linkedin.com/company/roomme/", false)]]></system-out>
         <system-err><![CDATA[]]></system-err>
      </testcase>
      <system-out><![CDATA[2020-06-01 02:03:02 - [TEST_SUITE][PASSED] - Customer Access RoomMe Social Media Page: Test Cases/Web RoomMe.id/18. Social Media/3. Customer Access RoomMe LinkedIn Page]]></system-out>
      <system-err><![CDATA[]]></system-err>
   </testsuite>
</testsuites>
