<?xml version="1.0" encoding="UTF-8"?>
<testsuites name="Customer Sign Up" time="317.141" tests="8" failures="0" errors="0">
   <testsuite name="Customer Sign Up" tests="8" failures="0" errors="0" time="317.141" timestamp="2020-05-27 08:27:39" hostname="Faldi - Alienware-X51" id="Test Suites/Web RoomMe.id/Customer Sign Up">
      <properties>
         <property name="deviceName" value=""/>
         <property name="devicePlatform" value=""/>
         <property name="logFolder" value="C:\\Users\\Faldi\\Katalon Studio\\katalonroomme\\Reports\\20200527_082716\\Web RoomMe.id\\Customer Sign Up\\20200527_082718"/>
         <property name="logFiles" value="C:\\Users\\Faldi\\Katalon Studio\\katalonroomme\\Reports\\20200527_082716\\Web RoomMe.id\\Customer Sign Up\\20200527_082718\\execution0.log"/>
         <property name="attachments" value=""/>
         <property name="hostName" value="Faldi - Alienware-X51"/>
         <property name="os" value="Windows 10 64bit"/>
         <property name="katalonVersion" value="7.2.9.1"/>
         <property name="browser" value="Chrome 83.0.4103.61"/>
         <property name="hostAddress" value="192.168.1.5"/>
         <property name="sessionId" value="99bdaaed72a512802781f6dc48cceda1"/>
         <property name="seleniumVersion" value="3.141.59"/>
         <property name="proxyInformation" value="ProxyInformation{proxyOption=NO_PROXY, proxyServerType=HTTP, password=, proxyServerAddress=, proxyServerPort=0, executionList=}"/>
         <property name="platform" value="Windows 10"/>
      </properties>
      <testcase name="Test Cases/Web RoomMe.id/2. Sign Up/1. Sign Up with Valid Data" time="30.075" classname="Test Cases/Web RoomMe.id/2. Sign Up/1. Sign Up with Valid Data" status="PASSED">
         <system-out><![CDATA[2020-05-27 08:27:39 - [TEST_CASE][PASSED] - Test Cases/Web RoomMe.id/2. Sign Up/1. Sign Up with Valid Data: Test Cases/Web RoomMe.id/2. Sign Up/1. Sign Up with Valid Data

2020-05-27 08:27:40 - [TEST_STEP][PASSED] - callTestCase(findTestCase("Web RoomMe.id/1. Homepage/1. Customer Access RoomMe Page"), [:], STOP_ON_FAILURE): Call Test Case 'Test Cases/Web RoomMe.id/1. Homepage/1. Customer Access RoomMe Page' successfully

2020-05-27 08:27:40 - [TEST_CASE][PASSED] - Test Cases/Web RoomMe.id/1. Homepage/1. Customer Access RoomMe Page: Test Cases/Web RoomMe.id/1. Homepage/1. Customer Access RoomMe Page

2020-05-27 08:27:40 - [TEST_STEP][PASSED] - openBrowser(url): Browser is opened with url: 'roomme.id'

2020-05-27 08:27:41 - [MESSAGE][INFO] - Starting 'Chrome' driver

2020-05-27 08:27:41 - [MESSAGE][INFO] - Action delay is set to 0 seconds

2020-05-27 08:27:49 - [MESSAGE][PASSED] - Browser is opened with url: 'roomme.id'

2020-05-27 08:27:49 - [TEST_STEP][PASSED] - maximizeWindow(): Current window maximized

2020-05-27 08:27:51 - [MESSAGE][PASSED] - Current window maximized

2020-05-27 08:27:51 - [TEST_STEP][PASSED] - waitForPageLoad(0): Wait for page load successfully

2020-05-27 08:27:51 - [MESSAGE][WARNING] - Timeout '0' is invalid. Using default page load timeout: '60'

2020-05-27 08:27:52 - [MESSAGE][PASSED] - Wait for page load successfully

2020-05-27 08:27:52 - [MESSAGE][PASSED] - Call Test Case 'Test Cases/Web RoomMe.id/1. Homepage/1. Customer Access RoomMe Page' successfully

2020-05-27 08:27:52 - [TEST_STEP][PASSED] - callTestCase(findTestCase("Web RoomMe.id/1. Homepage/2. Verify Header RoomMe.id"), [:], STOP_ON_FAILURE): Call Test Case 'Test Cases/Web RoomMe.id/1. Homepage/2. Verify Header RoomMe.id' successfully

2020-05-27 08:27:52 - [TEST_CASE][PASSED] - Test Cases/Web RoomMe.id/1. Homepage/2. Verify Header RoomMe.id: Test Cases/Web RoomMe.id/1. Homepage/2. Verify Header RoomMe.id

2020-05-27 08:27:52 - [TEST_STEP][PASSED] - objectSubFolder = "Web RoomMe.id\RoomMe.id Header\": null

2020-05-27 08:27:52 - [TEST_STEP][PASSED] - pathToObjRep = getProjectDir() + "\Object Repository\" + objectSubFolder: null

2020-05-27 08:27:52 - [TEST_STEP][PASSED] - yourObjects = new java.io.File(pathToObjRep): null

2020-05-27 08:27:52 - [TEST_STEP][PASSED] - fileNames = yourObjects.list(): null

2020-05-27 08:27:52 - [TEST_STEP][PASSED] - testObjects = new java.util.ArrayList(): null

2020-05-27 08:27:52 - [TEST_STEP][PASSED] - for ([i = 0, i < length, (i++)]): null

2020-05-27 08:27:52 - [TEST_STEP][PASSED] - if (fileNames[i].contains(".rs")): null

2020-05-27 08:27:52 - [TEST_STEP][PASSED] - if (fileNames[i].contains(".rs")): null

2020-05-27 08:27:52 - [TEST_STEP][PASSED] - fileNames[i] = fileNames[i].replace(".rs", ""): null

2020-05-27 08:27:52 - [TEST_STEP][PASSED] - testObjects.add(objectSubFolder + fileNames[i]): null

2020-05-27 08:27:52 - [TEST_STEP][PASSED] - if (fileNames[i].contains(".rs")): null

2020-05-27 08:27:52 - [TEST_STEP][PASSED] - fileNames[i] = fileNames[i].replace(".rs", ""): null

2020-05-27 08:27:52 - [TEST_STEP][PASSED] - testObjects.add(objectSubFolder + fileNames[i]): null

2020-05-27 08:27:52 - [TEST_STEP][PASSED] - if (fileNames[i].contains(".rs")): null

2020-05-27 08:27:52 - [TEST_STEP][PASSED] - fileNames[i] = fileNames[i].replace(".rs", ""): null

2020-05-27 08:27:52 - [TEST_STEP][PASSED] - testObjects.add(objectSubFolder + fileNames[i]): null

2020-05-27 08:27:52 - [TEST_STEP][PASSED] - if (fileNames[i].contains(".rs")): null

2020-05-27 08:27:52 - [TEST_STEP][PASSED] - fileNames[i] = fileNames[i].replace(".rs", ""): null

2020-05-27 08:27:52 - [TEST_STEP][PASSED] - testObjects.add(objectSubFolder + fileNames[i]): null

2020-05-27 08:27:52 - [TEST_STEP][PASSED] - if (fileNames[i].contains(".rs")): null

2020-05-27 08:27:52 - [TEST_STEP][PASSED] - for (String obj : testObjects): Object 'Object Repository/Web RoomMe.id\RoomMe.id Header\Image Header Logo' is visible

2020-05-27 08:27:52 - [TEST_STEP][PASSED] - verifyElementVisible(findTestObject(obj)): Object 'Object Repository/Web RoomMe.id\RoomMe.id Header\Button Are You Landlord' is visible

2020-05-27 08:27:53 - [MESSAGE][PASSED] - Object 'Object Repository/Web RoomMe.id\RoomMe.id Header\Button Are You Landlord' is visible

2020-05-27 08:27:53 - [TEST_STEP][PASSED] - verifyElementVisible(findTestObject(obj)): Object 'Object Repository/Web RoomMe.id\RoomMe.id Header\Button Community' is visible

2020-05-27 08:27:53 - [MESSAGE][PASSED] - Object 'Object Repository/Web RoomMe.id\RoomMe.id Header\Button Community' is visible

2020-05-27 08:27:53 - [TEST_STEP][PASSED] - verifyElementVisible(findTestObject(obj)): Object 'Object Repository/Web RoomMe.id\RoomMe.id Header\Button Sign In' is visible

2020-05-27 08:27:54 - [MESSAGE][PASSED] - Object 'Object Repository/Web RoomMe.id\RoomMe.id Header\Button Sign In' is visible

2020-05-27 08:27:54 - [TEST_STEP][PASSED] - verifyElementVisible(findTestObject(obj)): Object 'Object Repository/Web RoomMe.id\RoomMe.id Header\Image Header Logo' is visible

2020-05-27 08:27:54 - [MESSAGE][PASSED] - Object 'Object Repository/Web RoomMe.id\RoomMe.id Header\Image Header Logo' is visible

2020-05-27 08:27:54 - [MESSAGE][PASSED] - Call Test Case 'Test Cases/Web RoomMe.id/1. Homepage/2. Verify Header RoomMe.id' successfully

2020-05-27 08:27:54 - [TEST_STEP][PASSED] - click(findTestObject("Web RoomMe.id/RoomMe.id Header/Button Sign In")): Object: 'Object Repository/Web RoomMe.id/RoomMe.id Header/Button Sign In' is clicked on

2020-05-27 08:27:55 - [MESSAGE][PASSED] - Object: 'Object Repository/Web RoomMe.id/RoomMe.id Header/Button Sign In' is clicked on

2020-05-27 08:27:55 - [TEST_STEP][PASSED] - waitForElementVisible(findTestObject("Web RoomMe.id/Sign In Menu/Button Sign Up"), 0): Object 'Object Repository/Web RoomMe.id/Sign In Menu/Button Sign Up' is visible

2020-05-27 08:27:55 - [MESSAGE][WARNING] - Timeout '0' is invalid. Using default page load timeout: '60'

2020-05-27 08:27:55 - [MESSAGE][PASSED] - Object 'Object Repository/Web RoomMe.id/Sign In Menu/Button Sign Up' is visible

2020-05-27 08:27:55 - [TEST_STEP][PASSED] - click(findTestObject("Web RoomMe.id/Sign In Menu/Button Sign Up")): Object: 'Object Repository/Web RoomMe.id/Sign In Menu/Button Sign Up' is clicked on

2020-05-27 08:27:55 - [MESSAGE][PASSED] - Object: 'Object Repository/Web RoomMe.id/Sign In Menu/Button Sign Up' is clicked on

2020-05-27 08:27:55 - [TEST_STEP][PASSED] - callTestCase(findTestCase("Web RoomMe.id/2. Sign Up/Verify Sign Up Menu"), [:], STOP_ON_FAILURE): Call Test Case 'Test Cases/Web RoomMe.id/2. Sign Up/Verify Sign Up Menu' successfully

2020-05-27 08:27:56 - [TEST_CASE][PASSED] - Test Cases/Web RoomMe.id/2. Sign Up/Verify Sign Up Menu: Test Cases/Web RoomMe.id/2. Sign Up/Verify Sign Up Menu

2020-05-27 08:27:56 - [TEST_STEP][PASSED] - objectSubFolder = "Web RoomMe.id\Sign Up Menu\": null

2020-05-27 08:27:56 - [TEST_STEP][PASSED] - pathToObjRep = getProjectDir() + "\Object Repository\" + objectSubFolder: null

2020-05-27 08:27:56 - [TEST_STEP][PASSED] - yourObjects = new java.io.File(pathToObjRep): null

2020-05-27 08:27:56 - [TEST_STEP][PASSED] - fileNames = yourObjects.list(): null

2020-05-27 08:27:56 - [TEST_STEP][PASSED] - testObjects = new java.util.ArrayList(): null

2020-05-27 08:27:56 - [TEST_STEP][PASSED] - for ([i = 0, i < length, (i++)]): null

2020-05-27 08:27:56 - [TEST_STEP][PASSED] - if (fileNames[i].contains(".rs")): null

2020-05-27 08:27:56 - [TEST_STEP][PASSED] - fileNames[i] = fileNames[i].replace(".rs", ""): null

2020-05-27 08:27:56 - [TEST_STEP][PASSED] - testObjects.add(objectSubFolder + fileNames[i]): null

2020-05-27 08:27:56 - [TEST_STEP][PASSED] - if (fileNames[i].contains(".rs")): null

2020-05-27 08:27:56 - [TEST_STEP][PASSED] - fileNames[i] = fileNames[i].replace(".rs", ""): null

2020-05-27 08:27:56 - [TEST_STEP][PASSED] - testObjects.add(objectSubFolder + fileNames[i]): null

2020-05-27 08:27:56 - [TEST_STEP][PASSED] - if (fileNames[i].contains(".rs")): null

2020-05-27 08:27:56 - [TEST_STEP][PASSED] - if (fileNames[i].contains(".rs")): null

2020-05-27 08:27:56 - [TEST_STEP][PASSED] - fileNames[i] = fileNames[i].replace(".rs", ""): null

2020-05-27 08:27:56 - [TEST_STEP][PASSED] - testObjects.add(objectSubFolder + fileNames[i]): null

2020-05-27 08:27:56 - [TEST_STEP][PASSED] - if (fileNames[i].contains(".rs")): null

2020-05-27 08:27:56 - [TEST_STEP][PASSED] - if (fileNames[i].contains(".rs")): null

2020-05-27 08:27:56 - [TEST_STEP][PASSED] - fileNames[i] = fileNames[i].replace(".rs", ""): null

2020-05-27 08:27:56 - [TEST_STEP][PASSED] - testObjects.add(objectSubFolder + fileNames[i]): null

2020-05-27 08:27:56 - [TEST_STEP][PASSED] - if (fileNames[i].contains(".rs")): null

2020-05-27 08:27:56 - [TEST_STEP][PASSED] - fileNames[i] = fileNames[i].replace(".rs", ""): null

2020-05-27 08:27:56 - [TEST_STEP][PASSED] - testObjects.add(objectSubFolder + fileNames[i]): null

2020-05-27 08:27:56 - [TEST_STEP][PASSED] - if (fileNames[i].contains(".rs")): null

2020-05-27 08:27:56 - [TEST_STEP][PASSED] - fileNames[i] = fileNames[i].replace(".rs", ""): null

2020-05-27 08:27:56 - [TEST_STEP][PASSED] - testObjects.add(objectSubFolder + fileNames[i]): null

2020-05-27 08:27:56 - [TEST_STEP][PASSED] - if (fileNames[i].contains(".rs")): null

2020-05-27 08:27:56 - [TEST_STEP][PASSED] - fileNames[i] = fileNames[i].replace(".rs", ""): null

2020-05-27 08:27:56 - [TEST_STEP][PASSED] - testObjects.add(objectSubFolder + fileNames[i]): null

2020-05-27 08:27:56 - [TEST_STEP][PASSED] - if (fileNames[i].contains(".rs")): null

2020-05-27 08:27:56 - [TEST_STEP][PASSED] - fileNames[i] = fileNames[i].replace(".rs", ""): null

2020-05-27 08:27:56 - [TEST_STEP][PASSED] - testObjects.add(objectSubFolder + fileNames[i]): null

2020-05-27 08:27:56 - [TEST_STEP][PASSED] - if (fileNames[i].contains(".rs")): null

2020-05-27 08:27:56 - [TEST_STEP][PASSED] - fileNames[i] = fileNames[i].replace(".rs", ""): null

2020-05-27 08:27:56 - [TEST_STEP][PASSED] - testObjects.add(objectSubFolder + fileNames[i]): null

2020-05-27 08:27:56 - [TEST_STEP][PASSED] - if (fileNames[i].contains(".rs")): null

2020-05-27 08:27:56 - [TEST_STEP][PASSED] - fileNames[i] = fileNames[i].replace(".rs", ""): null

2020-05-27 08:27:56 - [TEST_STEP][PASSED] - testObjects.add(objectSubFolder + fileNames[i]): null

2020-05-27 08:27:56 - [TEST_STEP][PASSED] - if (fileNames[i].contains(".rs")): null

2020-05-27 08:27:56 - [TEST_STEP][PASSED] - fileNames[i] = fileNames[i].replace(".rs", ""): null

2020-05-27 08:27:56 - [TEST_STEP][PASSED] - testObjects.add(objectSubFolder + fileNames[i]): null

2020-05-27 08:27:56 - [TEST_STEP][PASSED] - if (fileNames[i].contains(".rs")): null

2020-05-27 08:27:56 - [TEST_STEP][PASSED] - fileNames[i] = fileNames[i].replace(".rs", ""): null

2020-05-27 08:27:56 - [TEST_STEP][PASSED] - testObjects.add(objectSubFolder + fileNames[i]): null

2020-05-27 08:27:56 - [TEST_STEP][PASSED] - if (fileNames[i].contains(".rs")): null

2020-05-27 08:27:56 - [TEST_STEP][PASSED] - fileNames[i] = fileNames[i].replace(".rs", ""): null

2020-05-27 08:27:56 - [TEST_STEP][PASSED] - testObjects.add(objectSubFolder + fileNames[i]): null

2020-05-27 08:27:56 - [TEST_STEP][PASSED] - for (String obj : testObjects): Object 'Object Repository/Web RoomMe.id\Sign Up Menu\Textfield Phone Number' is visible

2020-05-27 08:27:56 - [TEST_STEP][PASSED] - verifyElementVisible(findTestObject(obj)): Object 'Object Repository/Web RoomMe.id\Sign Up Menu\Button Sign In' is visible

2020-05-27 08:27:56 - [MESSAGE][PASSED] - Object 'Object Repository/Web RoomMe.id\Sign Up Menu\Button Sign In' is visible

2020-05-27 08:27:56 - [TEST_STEP][PASSED] - verifyElementVisible(findTestObject(obj)): Object 'Object Repository/Web RoomMe.id\Sign Up Menu\Button Sign Up' is visible

2020-05-27 08:27:57 - [MESSAGE][PASSED] - Object 'Object Repository/Web RoomMe.id\Sign Up Menu\Button Sign Up' is visible

2020-05-27 08:27:57 - [TEST_STEP][PASSED] - verifyElementVisible(findTestObject(obj)): Object 'Object Repository/Web RoomMe.id\Sign Up Menu\Name Textfield' is visible

2020-05-27 08:27:57 - [MESSAGE][PASSED] - Object 'Object Repository/Web RoomMe.id\Sign Up Menu\Name Textfield' is visible

2020-05-27 08:27:57 - [TEST_STEP][PASSED] - verifyElementVisible(findTestObject(obj)): Object 'Object Repository/Web RoomMe.id\Sign Up Menu\Text Are you have an account' is visible

2020-05-27 08:27:58 - [MESSAGE][PASSED] - Object 'Object Repository/Web RoomMe.id\Sign Up Menu\Text Are you have an account' is visible

2020-05-27 08:27:58 - [TEST_STEP][PASSED] - verifyElementVisible(findTestObject(obj)): Object 'Object Repository/Web RoomMe.id\Sign Up Menu\Text Confirm Password' is visible

2020-05-27 08:27:58 - [MESSAGE][PASSED] - Object 'Object Repository/Web RoomMe.id\Sign Up Menu\Text Confirm Password' is visible

2020-05-27 08:27:58 - [TEST_STEP][PASSED] - verifyElementVisible(findTestObject(obj)): Object 'Object Repository/Web RoomMe.id\Sign Up Menu\Text Email Address' is visible

2020-05-27 08:27:59 - [MESSAGE][PASSED] - Object 'Object Repository/Web RoomMe.id\Sign Up Menu\Text Email Address' is visible

2020-05-27 08:27:59 - [TEST_STEP][PASSED] - verifyElementVisible(findTestObject(obj)): Object 'Object Repository/Web RoomMe.id\Sign Up Menu\Text Full Name' is visible

2020-05-27 08:27:59 - [MESSAGE][PASSED] - Object 'Object Repository/Web RoomMe.id\Sign Up Menu\Text Full Name' is visible

2020-05-27 08:27:59 - [TEST_STEP][PASSED] - verifyElementVisible(findTestObject(obj)): Object 'Object Repository/Web RoomMe.id\Sign Up Menu\Text Password' is visible

2020-05-27 08:27:59 - [MESSAGE][PASSED] - Object 'Object Repository/Web RoomMe.id\Sign Up Menu\Text Password' is visible

2020-05-27 08:27:59 - [TEST_STEP][PASSED] - verifyElementVisible(findTestObject(obj)): Object 'Object Repository/Web RoomMe.id\Sign Up Menu\Text Phone Number' is visible

2020-05-27 08:28:00 - [MESSAGE][PASSED] - Object 'Object Repository/Web RoomMe.id\Sign Up Menu\Text Phone Number' is visible

2020-05-27 08:28:00 - [TEST_STEP][PASSED] - verifyElementVisible(findTestObject(obj)): Object 'Object Repository/Web RoomMe.id\Sign Up Menu\Textfield Confirm Password' is visible

2020-05-27 08:28:00 - [MESSAGE][PASSED] - Object 'Object Repository/Web RoomMe.id\Sign Up Menu\Textfield Confirm Password' is visible

2020-05-27 08:28:00 - [TEST_STEP][PASSED] - verifyElementVisible(findTestObject(obj)): Object 'Object Repository/Web RoomMe.id\Sign Up Menu\Textfield Email' is visible

2020-05-27 08:28:00 - [MESSAGE][PASSED] - Object 'Object Repository/Web RoomMe.id\Sign Up Menu\Textfield Email' is visible

2020-05-27 08:28:00 - [TEST_STEP][PASSED] - verifyElementVisible(findTestObject(obj)): Object 'Object Repository/Web RoomMe.id\Sign Up Menu\Textfield Password' is visible

2020-05-27 08:28:01 - [MESSAGE][PASSED] - Object 'Object Repository/Web RoomMe.id\Sign Up Menu\Textfield Password' is visible

2020-05-27 08:28:01 - [TEST_STEP][PASSED] - verifyElementVisible(findTestObject(obj)): Object 'Object Repository/Web RoomMe.id\Sign Up Menu\Textfield Phone Number' is visible

2020-05-27 08:28:01 - [MESSAGE][PASSED] - Object 'Object Repository/Web RoomMe.id\Sign Up Menu\Textfield Phone Number' is visible

2020-05-27 08:28:01 - [MESSAGE][PASSED] - Call Test Case 'Test Cases/Web RoomMe.id/2. Sign Up/Verify Sign Up Menu' successfully

2020-05-27 08:28:01 - [TEST_STEP][PASSED] - waitForElementVisible(findTestObject("Web RoomMe.id/Sign Up Menu/Name Textfield"), 0): Object 'Object Repository/Web RoomMe.id/Sign Up Menu/Name Textfield' is visible

2020-05-27 08:28:01 - [MESSAGE][WARNING] - Timeout '0' is invalid. Using default page load timeout: '60'

2020-05-27 08:28:01 - [MESSAGE][PASSED] - Object 'Object Repository/Web RoomMe.id/Sign Up Menu/Name Textfield' is visible

2020-05-27 08:28:01 - [TEST_STEP][PASSED] - setText(findTestObject("Web RoomMe.id/Sign Up Menu/Name Textfield"), "Faldi Test AT"): Text 'Faldi Test AT' is set on object 'Object Repository/Web RoomMe.id/Sign Up Menu/Name Textfield'

2020-05-27 08:28:02 - [MESSAGE][PASSED] - Text 'Faldi Test AT' is set on object 'Object Repository/Web RoomMe.id/Sign Up Menu/Name Textfield'

2020-05-27 08:28:02 - [TEST_STEP][PASSED] - setText(findTestObject("Web RoomMe.id/Sign Up Menu/Textfield Email"), "faldiat" + RandomStringUtils.randomNumeric(5)): Text 'faldiat27358' is set on object 'Object Repository/Web RoomMe.id/Sign Up Menu/Textfield Email'

2020-05-27 08:28:03 - [MESSAGE][PASSED] - Text 'faldiat27358' is set on object 'Object Repository/Web RoomMe.id/Sign Up Menu/Textfield Email'

2020-05-27 08:28:03 - [TEST_STEP][PASSED] - sendKeys(findTestObject("Web RoomMe.id/Sign Up Menu/Textfield Email"), "@gmail.com"): Keys '@gmail.com' sent to object: 'Object Repository/Web RoomMe.id/Sign Up Menu/Textfield Email'

2020-05-27 08:28:03 - [MESSAGE][PASSED] - Keys '@gmail.com' sent to object: 'Object Repository/Web RoomMe.id/Sign Up Menu/Textfield Email'

2020-05-27 08:28:03 - [TEST_STEP][PASSED] - setText(findTestObject("Web RoomMe.id/Sign Up Menu/Textfield Phone Number"), "081234567890"): Text '081234567890' is set on object 'Object Repository/Web RoomMe.id/Sign Up Menu/Textfield Phone Number'

2020-05-27 08:28:05 - [MESSAGE][PASSED] - Text '081234567890' is set on object 'Object Repository/Web RoomMe.id/Sign Up Menu/Textfield Phone Number'

2020-05-27 08:28:05 - [TEST_STEP][PASSED] - setEncryptedText(findTestObject("Web RoomMe.id/Sign Up Menu/Textfield Password"), "da8fEzhczGg="): Text ****** has been set on object 'Object Repository/Web RoomMe.id/Sign Up Menu/Textfield Password'

2020-05-27 08:28:05 - [MESSAGE][PASSED] - Text ****** has been set on object 'Object Repository/Web RoomMe.id/Sign Up Menu/Textfield Password'

2020-05-27 08:28:05 - [TEST_STEP][PASSED] - setEncryptedText(findTestObject("Web RoomMe.id/Sign Up Menu/Textfield Confirm Password"), "da8fEzhczGg="): Text ****** has been set on object 'Object Repository/Web RoomMe.id/Sign Up Menu/Textfield Confirm Password'

2020-05-27 08:28:06 - [MESSAGE][PASSED] - Text ****** has been set on object 'Object Repository/Web RoomMe.id/Sign Up Menu/Textfield Confirm Password'

2020-05-27 08:28:06 - [TEST_STEP][PASSED] - click(findTestObject("Web RoomMe.id/Sign Up Menu/Button Sign Up")): Object: 'Object Repository/Web RoomMe.id/Sign Up Menu/Button Sign Up' is clicked on

2020-05-27 08:28:06 - [MESSAGE][PASSED] - Object: 'Object Repository/Web RoomMe.id/Sign Up Menu/Button Sign Up' is clicked on

2020-05-27 08:28:06 - [TEST_STEP][PASSED] - waitForElementVisible(findTestObject("Web RoomMe.id/Sign Up Menu/Success Sign Up/Button Close"), 0): Object 'Object Repository/Web RoomMe.id/Sign Up Menu/Success Sign Up/Button Close' is visible

2020-05-27 08:28:06 - [MESSAGE][WARNING] - Timeout '0' is invalid. Using default page load timeout: '60'

2020-05-27 08:28:08 - [MESSAGE][PASSED] - Object 'Object Repository/Web RoomMe.id/Sign Up Menu/Success Sign Up/Button Close' is visible

2020-05-27 08:28:08 - [TEST_STEP][PASSED] - waitForElementVisible(findTestObject("Web RoomMe.id/Sign Up Menu/Success Sign Up/Icon RoomMe"), 0): Object 'Object Repository/Web RoomMe.id/Sign Up Menu/Success Sign Up/Icon RoomMe' is visible

2020-05-27 08:28:08 - [MESSAGE][WARNING] - Timeout '0' is invalid. Using default page load timeout: '60'

2020-05-27 08:28:08 - [MESSAGE][PASSED] - Object 'Object Repository/Web RoomMe.id/Sign Up Menu/Success Sign Up/Icon RoomMe' is visible

2020-05-27 08:28:08 - [TEST_STEP][PASSED] - waitForElementVisible(findTestObject("Web RoomMe.id/Sign Up Menu/Success Sign Up/Text Welcome to RoomMe"), 0): Object 'Object Repository/Web RoomMe.id/Sign Up Menu/Success Sign Up/Text Welcome to RoomMe' is visible

2020-05-27 08:28:08 - [MESSAGE][WARNING] - Timeout '0' is invalid. Using default page load timeout: '60'

2020-05-27 08:28:08 - [MESSAGE][PASSED] - Object 'Object Repository/Web RoomMe.id/Sign Up Menu/Success Sign Up/Text Welcome to RoomMe' is visible

2020-05-27 08:28:08 - [TEST_STEP][PASSED] - waitForElementVisible(findTestObject("Web RoomMe.id/Sign Up Menu/Success Sign Up/Text Thank you Youve successfully signed up"), 0): Object 'Object Repository/Web RoomMe.id/Sign Up Menu/Success Sign Up/Text Thank you Youve successfully signed up' is visible

2020-05-27 08:28:08 - [MESSAGE][WARNING] - Timeout '0' is invalid. Using default page load timeout: '60'

2020-05-27 08:28:09 - [MESSAGE][PASSED] - Object 'Object Repository/Web RoomMe.id/Sign Up Menu/Success Sign Up/Text Thank you Youve successfully signed up' is visible

2020-05-27 08:28:09 - [TEST_STEP][PASSED] - waitForElementVisible(findTestObject("Web RoomMe.id/Sign Up Menu/Success Sign Up/Text Please check your email for activation"), 0): Object 'Object Repository/Web RoomMe.id/Sign Up Menu/Success Sign Up/Text Please check your email for activation' is visible

2020-05-27 08:28:09 - [MESSAGE][WARNING] - Timeout '0' is invalid. Using default page load timeout: '60'

2020-05-27 08:28:09 - [MESSAGE][PASSED] - Object 'Object Repository/Web RoomMe.id/Sign Up Menu/Success Sign Up/Text Please check your email for activation' is visible]]></system-out>
         <system-err><![CDATA[]]></system-err>
      </testcase>
      <testcase name="Test Cases/Web RoomMe.id/2. Sign Up/2. Sign Up With Blank Data" time="21.983" classname="Test Cases/Web RoomMe.id/2. Sign Up/2. Sign Up With Blank Data" status="PASSED">
         <system-out><![CDATA[2020-05-27 08:28:09 - [TEST_CASE][PASSED] - Test Cases/Web RoomMe.id/2. Sign Up/2. Sign Up With Blank Data: Test Cases/Web RoomMe.id/2. Sign Up/2. Sign Up With Blank Data

2020-05-27 08:28:09 - [TEST_STEP][PASSED] - callTestCase(findTestCase("Web RoomMe.id/1. Homepage/1. Customer Access RoomMe Page"), [:], STOP_ON_FAILURE): Call Test Case 'Test Cases/Web RoomMe.id/1. Homepage/1. Customer Access RoomMe Page' successfully

2020-05-27 08:28:09 - [TEST_CASE][PASSED] - Test Cases/Web RoomMe.id/1. Homepage/1. Customer Access RoomMe Page: Test Cases/Web RoomMe.id/1. Homepage/1. Customer Access RoomMe Page

2020-05-27 08:28:09 - [TEST_STEP][PASSED] - openBrowser(url): Browser is opened with url: 'roomme.id'

2020-05-27 08:28:09 - [MESSAGE][WARNING] - A browser is already opened. Closing browser and opening a new one

2020-05-27 08:28:11 - [MESSAGE][INFO] - Starting 'Chrome' driver

2020-05-27 08:28:19 - [MESSAGE][PASSED] - Browser is opened with url: 'roomme.id'

2020-05-27 08:28:19 - [TEST_STEP][PASSED] - maximizeWindow(): Current window maximized

2020-05-27 08:28:21 - [MESSAGE][PASSED] - Current window maximized

2020-05-27 08:28:21 - [TEST_STEP][PASSED] - waitForPageLoad(0): Wait for page load successfully

2020-05-27 08:28:21 - [MESSAGE][WARNING] - Timeout '0' is invalid. Using default page load timeout: '60'

2020-05-27 08:28:21 - [MESSAGE][PASSED] - Wait for page load successfully

2020-05-27 08:28:21 - [MESSAGE][PASSED] - Call Test Case 'Test Cases/Web RoomMe.id/1. Homepage/1. Customer Access RoomMe Page' successfully

2020-05-27 08:28:21 - [TEST_STEP][PASSED] - callTestCase(findTestCase("Web RoomMe.id/1. Homepage/2. Verify Header RoomMe.id"), [:], STOP_ON_FAILURE): Call Test Case 'Test Cases/Web RoomMe.id/1. Homepage/2. Verify Header RoomMe.id' successfully

2020-05-27 08:28:21 - [TEST_CASE][PASSED] - Test Cases/Web RoomMe.id/1. Homepage/2. Verify Header RoomMe.id: Test Cases/Web RoomMe.id/1. Homepage/2. Verify Header RoomMe.id

2020-05-27 08:28:21 - [TEST_STEP][PASSED] - objectSubFolder = "Web RoomMe.id\RoomMe.id Header\": null

2020-05-27 08:28:21 - [TEST_STEP][PASSED] - pathToObjRep = getProjectDir() + "\Object Repository\" + objectSubFolder: null

2020-05-27 08:28:21 - [TEST_STEP][PASSED] - yourObjects = new java.io.File(pathToObjRep): null

2020-05-27 08:28:21 - [TEST_STEP][PASSED] - fileNames = yourObjects.list(): null

2020-05-27 08:28:21 - [TEST_STEP][PASSED] - testObjects = new java.util.ArrayList(): null

2020-05-27 08:28:21 - [TEST_STEP][PASSED] - for ([i = 0, i < length, (i++)]): null

2020-05-27 08:28:21 - [TEST_STEP][PASSED] - if (fileNames[i].contains(".rs")): null

2020-05-27 08:28:21 - [TEST_STEP][PASSED] - if (fileNames[i].contains(".rs")): null

2020-05-27 08:28:21 - [TEST_STEP][PASSED] - fileNames[i] = fileNames[i].replace(".rs", ""): null

2020-05-27 08:28:21 - [TEST_STEP][PASSED] - testObjects.add(objectSubFolder + fileNames[i]): null

2020-05-27 08:28:21 - [TEST_STEP][PASSED] - if (fileNames[i].contains(".rs")): null

2020-05-27 08:28:21 - [TEST_STEP][PASSED] - fileNames[i] = fileNames[i].replace(".rs", ""): null

2020-05-27 08:28:21 - [TEST_STEP][PASSED] - testObjects.add(objectSubFolder + fileNames[i]): null

2020-05-27 08:28:21 - [TEST_STEP][PASSED] - if (fileNames[i].contains(".rs")): null

2020-05-27 08:28:21 - [TEST_STEP][PASSED] - fileNames[i] = fileNames[i].replace(".rs", ""): null

2020-05-27 08:28:21 - [TEST_STEP][PASSED] - testObjects.add(objectSubFolder + fileNames[i]): null

2020-05-27 08:28:21 - [TEST_STEP][PASSED] - if (fileNames[i].contains(".rs")): null

2020-05-27 08:28:21 - [TEST_STEP][PASSED] - fileNames[i] = fileNames[i].replace(".rs", ""): null

2020-05-27 08:28:21 - [TEST_STEP][PASSED] - testObjects.add(objectSubFolder + fileNames[i]): null

2020-05-27 08:28:21 - [TEST_STEP][PASSED] - if (fileNames[i].contains(".rs")): null

2020-05-27 08:28:21 - [TEST_STEP][PASSED] - for (String obj : testObjects): Object 'Object Repository/Web RoomMe.id\RoomMe.id Header\Image Header Logo' is visible

2020-05-27 08:28:21 - [TEST_STEP][PASSED] - verifyElementVisible(findTestObject(obj)): Object 'Object Repository/Web RoomMe.id\RoomMe.id Header\Button Are You Landlord' is visible

2020-05-27 08:28:22 - [MESSAGE][PASSED] - Object 'Object Repository/Web RoomMe.id\RoomMe.id Header\Button Are You Landlord' is visible

2020-05-27 08:28:22 - [TEST_STEP][PASSED] - verifyElementVisible(findTestObject(obj)): Object 'Object Repository/Web RoomMe.id\RoomMe.id Header\Button Community' is visible

2020-05-27 08:28:22 - [MESSAGE][PASSED] - Object 'Object Repository/Web RoomMe.id\RoomMe.id Header\Button Community' is visible

2020-05-27 08:28:22 - [TEST_STEP][PASSED] - verifyElementVisible(findTestObject(obj)): Object 'Object Repository/Web RoomMe.id\RoomMe.id Header\Button Sign In' is visible

2020-05-27 08:28:23 - [MESSAGE][PASSED] - Object 'Object Repository/Web RoomMe.id\RoomMe.id Header\Button Sign In' is visible

2020-05-27 08:28:23 - [TEST_STEP][PASSED] - verifyElementVisible(findTestObject(obj)): Object 'Object Repository/Web RoomMe.id\RoomMe.id Header\Image Header Logo' is visible

2020-05-27 08:28:23 - [MESSAGE][PASSED] - Object 'Object Repository/Web RoomMe.id\RoomMe.id Header\Image Header Logo' is visible

2020-05-27 08:28:23 - [MESSAGE][PASSED] - Call Test Case 'Test Cases/Web RoomMe.id/1. Homepage/2. Verify Header RoomMe.id' successfully

2020-05-27 08:28:23 - [TEST_STEP][PASSED] - click(findTestObject("Web RoomMe.id/RoomMe.id Header/Button Sign In")): Object: 'Object Repository/Web RoomMe.id/RoomMe.id Header/Button Sign In' is clicked on

2020-05-27 08:28:23 - [MESSAGE][PASSED] - Object: 'Object Repository/Web RoomMe.id/RoomMe.id Header/Button Sign In' is clicked on

2020-05-27 08:28:23 - [TEST_STEP][PASSED] - waitForElementVisible(findTestObject("Web RoomMe.id/Sign In Menu/Button Sign Up"), 0): Object 'Object Repository/Web RoomMe.id/Sign In Menu/Button Sign Up' is visible

2020-05-27 08:28:23 - [MESSAGE][WARNING] - Timeout '0' is invalid. Using default page load timeout: '60'

2020-05-27 08:28:24 - [MESSAGE][PASSED] - Object 'Object Repository/Web RoomMe.id/Sign In Menu/Button Sign Up' is visible

2020-05-27 08:28:24 - [TEST_STEP][PASSED] - click(findTestObject("Web RoomMe.id/Sign In Menu/Button Sign Up")): Object: 'Object Repository/Web RoomMe.id/Sign In Menu/Button Sign Up' is clicked on

2020-05-27 08:28:24 - [MESSAGE][PASSED] - Object: 'Object Repository/Web RoomMe.id/Sign In Menu/Button Sign Up' is clicked on

2020-05-27 08:28:24 - [TEST_STEP][PASSED] - callTestCase(findTestCase("Web RoomMe.id/2. Sign Up/Verify Sign Up Menu"), [:], STOP_ON_FAILURE): Call Test Case 'Test Cases/Web RoomMe.id/2. Sign Up/Verify Sign Up Menu' successfully

2020-05-27 08:28:25 - [TEST_CASE][PASSED] - Test Cases/Web RoomMe.id/2. Sign Up/Verify Sign Up Menu: Test Cases/Web RoomMe.id/2. Sign Up/Verify Sign Up Menu

2020-05-27 08:28:25 - [TEST_STEP][PASSED] - objectSubFolder = "Web RoomMe.id\Sign Up Menu\": null

2020-05-27 08:28:25 - [TEST_STEP][PASSED] - pathToObjRep = getProjectDir() + "\Object Repository\" + objectSubFolder: null

2020-05-27 08:28:25 - [TEST_STEP][PASSED] - yourObjects = new java.io.File(pathToObjRep): null

2020-05-27 08:28:25 - [TEST_STEP][PASSED] - fileNames = yourObjects.list(): null

2020-05-27 08:28:25 - [TEST_STEP][PASSED] - testObjects = new java.util.ArrayList(): null

2020-05-27 08:28:25 - [TEST_STEP][PASSED] - for ([i = 0, i < length, (i++)]): null

2020-05-27 08:28:25 - [TEST_STEP][PASSED] - if (fileNames[i].contains(".rs")): null

2020-05-27 08:28:25 - [TEST_STEP][PASSED] - fileNames[i] = fileNames[i].replace(".rs", ""): null

2020-05-27 08:28:25 - [TEST_STEP][PASSED] - testObjects.add(objectSubFolder + fileNames[i]): null

2020-05-27 08:28:25 - [TEST_STEP][PASSED] - if (fileNames[i].contains(".rs")): null

2020-05-27 08:28:25 - [TEST_STEP][PASSED] - fileNames[i] = fileNames[i].replace(".rs", ""): null

2020-05-27 08:28:25 - [TEST_STEP][PASSED] - testObjects.add(objectSubFolder + fileNames[i]): null

2020-05-27 08:28:25 - [TEST_STEP][PASSED] - if (fileNames[i].contains(".rs")): null

2020-05-27 08:28:25 - [TEST_STEP][PASSED] - if (fileNames[i].contains(".rs")): null

2020-05-27 08:28:25 - [TEST_STEP][PASSED] - fileNames[i] = fileNames[i].replace(".rs", ""): null

2020-05-27 08:28:25 - [TEST_STEP][PASSED] - testObjects.add(objectSubFolder + fileNames[i]): null

2020-05-27 08:28:25 - [TEST_STEP][PASSED] - if (fileNames[i].contains(".rs")): null

2020-05-27 08:28:25 - [TEST_STEP][PASSED] - if (fileNames[i].contains(".rs")): null

2020-05-27 08:28:25 - [TEST_STEP][PASSED] - fileNames[i] = fileNames[i].replace(".rs", ""): null

2020-05-27 08:28:25 - [TEST_STEP][PASSED] - testObjects.add(objectSubFolder + fileNames[i]): null

2020-05-27 08:28:25 - [TEST_STEP][PASSED] - if (fileNames[i].contains(".rs")): null

2020-05-27 08:28:25 - [TEST_STEP][PASSED] - fileNames[i] = fileNames[i].replace(".rs", ""): null

2020-05-27 08:28:25 - [TEST_STEP][PASSED] - testObjects.add(objectSubFolder + fileNames[i]): null

2020-05-27 08:28:25 - [TEST_STEP][PASSED] - if (fileNames[i].contains(".rs")): null

2020-05-27 08:28:25 - [TEST_STEP][PASSED] - fileNames[i] = fileNames[i].replace(".rs", ""): null

2020-05-27 08:28:25 - [TEST_STEP][PASSED] - testObjects.add(objectSubFolder + fileNames[i]): null

2020-05-27 08:28:25 - [TEST_STEP][PASSED] - if (fileNames[i].contains(".rs")): null

2020-05-27 08:28:25 - [TEST_STEP][PASSED] - fileNames[i] = fileNames[i].replace(".rs", ""): null

2020-05-27 08:28:25 - [TEST_STEP][PASSED] - testObjects.add(objectSubFolder + fileNames[i]): null

2020-05-27 08:28:25 - [TEST_STEP][PASSED] - if (fileNames[i].contains(".rs")): null

2020-05-27 08:28:25 - [TEST_STEP][PASSED] - fileNames[i] = fileNames[i].replace(".rs", ""): null

2020-05-27 08:28:25 - [TEST_STEP][PASSED] - testObjects.add(objectSubFolder + fileNames[i]): null

2020-05-27 08:28:25 - [TEST_STEP][PASSED] - if (fileNames[i].contains(".rs")): null

2020-05-27 08:28:25 - [TEST_STEP][PASSED] - fileNames[i] = fileNames[i].replace(".rs", ""): null

2020-05-27 08:28:25 - [TEST_STEP][PASSED] - testObjects.add(objectSubFolder + fileNames[i]): null

2020-05-27 08:28:25 - [TEST_STEP][PASSED] - if (fileNames[i].contains(".rs")): null

2020-05-27 08:28:25 - [TEST_STEP][PASSED] - fileNames[i] = fileNames[i].replace(".rs", ""): null

2020-05-27 08:28:25 - [TEST_STEP][PASSED] - testObjects.add(objectSubFolder + fileNames[i]): null

2020-05-27 08:28:25 - [TEST_STEP][PASSED] - if (fileNames[i].contains(".rs")): null

2020-05-27 08:28:25 - [TEST_STEP][PASSED] - fileNames[i] = fileNames[i].replace(".rs", ""): null

2020-05-27 08:28:25 - [TEST_STEP][PASSED] - testObjects.add(objectSubFolder + fileNames[i]): null

2020-05-27 08:28:25 - [TEST_STEP][PASSED] - if (fileNames[i].contains(".rs")): null

2020-05-27 08:28:25 - [TEST_STEP][PASSED] - fileNames[i] = fileNames[i].replace(".rs", ""): null

2020-05-27 08:28:25 - [TEST_STEP][PASSED] - testObjects.add(objectSubFolder + fileNames[i]): null

2020-05-27 08:28:25 - [TEST_STEP][PASSED] - if (fileNames[i].contains(".rs")): null

2020-05-27 08:28:25 - [TEST_STEP][PASSED] - fileNames[i] = fileNames[i].replace(".rs", ""): null

2020-05-27 08:28:25 - [TEST_STEP][PASSED] - testObjects.add(objectSubFolder + fileNames[i]): null

2020-05-27 08:28:25 - [TEST_STEP][PASSED] - for (String obj : testObjects): Object 'Object Repository/Web RoomMe.id\Sign Up Menu\Textfield Phone Number' is visible

2020-05-27 08:28:25 - [TEST_STEP][PASSED] - verifyElementVisible(findTestObject(obj)): Object 'Object Repository/Web RoomMe.id\Sign Up Menu\Button Sign In' is visible

2020-05-27 08:28:25 - [MESSAGE][PASSED] - Object 'Object Repository/Web RoomMe.id\Sign Up Menu\Button Sign In' is visible

2020-05-27 08:28:25 - [TEST_STEP][PASSED] - verifyElementVisible(findTestObject(obj)): Object 'Object Repository/Web RoomMe.id\Sign Up Menu\Button Sign Up' is visible

2020-05-27 08:28:25 - [MESSAGE][PASSED] - Object 'Object Repository/Web RoomMe.id\Sign Up Menu\Button Sign Up' is visible

2020-05-27 08:28:25 - [TEST_STEP][PASSED] - verifyElementVisible(findTestObject(obj)): Object 'Object Repository/Web RoomMe.id\Sign Up Menu\Name Textfield' is visible

2020-05-27 08:28:26 - [MESSAGE][PASSED] - Object 'Object Repository/Web RoomMe.id\Sign Up Menu\Name Textfield' is visible

2020-05-27 08:28:26 - [TEST_STEP][PASSED] - verifyElementVisible(findTestObject(obj)): Object 'Object Repository/Web RoomMe.id\Sign Up Menu\Text Are you have an account' is visible

2020-05-27 08:28:26 - [MESSAGE][PASSED] - Object 'Object Repository/Web RoomMe.id\Sign Up Menu\Text Are you have an account' is visible

2020-05-27 08:28:26 - [TEST_STEP][PASSED] - verifyElementVisible(findTestObject(obj)): Object 'Object Repository/Web RoomMe.id\Sign Up Menu\Text Confirm Password' is visible

2020-05-27 08:28:26 - [MESSAGE][PASSED] - Object 'Object Repository/Web RoomMe.id\Sign Up Menu\Text Confirm Password' is visible

2020-05-27 08:28:26 - [TEST_STEP][PASSED] - verifyElementVisible(findTestObject(obj)): Object 'Object Repository/Web RoomMe.id\Sign Up Menu\Text Email Address' is visible

2020-05-27 08:28:27 - [MESSAGE][PASSED] - Object 'Object Repository/Web RoomMe.id\Sign Up Menu\Text Email Address' is visible

2020-05-27 08:28:27 - [TEST_STEP][PASSED] - verifyElementVisible(findTestObject(obj)): Object 'Object Repository/Web RoomMe.id\Sign Up Menu\Text Full Name' is visible

2020-05-27 08:28:27 - [MESSAGE][PASSED] - Object 'Object Repository/Web RoomMe.id\Sign Up Menu\Text Full Name' is visible

2020-05-27 08:28:27 - [TEST_STEP][PASSED] - verifyElementVisible(findTestObject(obj)): Object 'Object Repository/Web RoomMe.id\Sign Up Menu\Text Password' is visible

2020-05-27 08:28:27 - [MESSAGE][PASSED] - Object 'Object Repository/Web RoomMe.id\Sign Up Menu\Text Password' is visible

2020-05-27 08:28:27 - [TEST_STEP][PASSED] - verifyElementVisible(findTestObject(obj)): Object 'Object Repository/Web RoomMe.id\Sign Up Menu\Text Phone Number' is visible

2020-05-27 08:28:28 - [MESSAGE][PASSED] - Object 'Object Repository/Web RoomMe.id\Sign Up Menu\Text Phone Number' is visible

2020-05-27 08:28:28 - [TEST_STEP][PASSED] - verifyElementVisible(findTestObject(obj)): Object 'Object Repository/Web RoomMe.id\Sign Up Menu\Textfield Confirm Password' is visible

2020-05-27 08:28:28 - [MESSAGE][PASSED] - Object 'Object Repository/Web RoomMe.id\Sign Up Menu\Textfield Confirm Password' is visible

2020-05-27 08:28:28 - [TEST_STEP][PASSED] - verifyElementVisible(findTestObject(obj)): Object 'Object Repository/Web RoomMe.id\Sign Up Menu\Textfield Email' is visible

2020-05-27 08:28:28 - [MESSAGE][PASSED] - Object 'Object Repository/Web RoomMe.id\Sign Up Menu\Textfield Email' is visible

2020-05-27 08:28:28 - [TEST_STEP][PASSED] - verifyElementVisible(findTestObject(obj)): Object 'Object Repository/Web RoomMe.id\Sign Up Menu\Textfield Password' is visible

2020-05-27 08:28:29 - [MESSAGE][PASSED] - Object 'Object Repository/Web RoomMe.id\Sign Up Menu\Textfield Password' is visible

2020-05-27 08:28:29 - [TEST_STEP][PASSED] - verifyElementVisible(findTestObject(obj)): Object 'Object Repository/Web RoomMe.id\Sign Up Menu\Textfield Phone Number' is visible

2020-05-27 08:28:29 - [MESSAGE][PASSED] - Object 'Object Repository/Web RoomMe.id\Sign Up Menu\Textfield Phone Number' is visible

2020-05-27 08:28:29 - [MESSAGE][PASSED] - Call Test Case 'Test Cases/Web RoomMe.id/2. Sign Up/Verify Sign Up Menu' successfully

2020-05-27 08:28:29 - [TEST_STEP][PASSED] - click(findTestObject("Web RoomMe.id/Sign Up Menu/Button Sign Up")): Object: 'Object Repository/Web RoomMe.id/Sign Up Menu/Button Sign Up' is clicked on

2020-05-27 08:28:29 - [MESSAGE][PASSED] - Object: 'Object Repository/Web RoomMe.id/Sign Up Menu/Button Sign Up' is clicked on

2020-05-27 08:28:29 - [TEST_STEP][PASSED] - waitForElementVisible(findTestObject("Web RoomMe.id/Sign Up Menu/Error Message/Text Name is required"), 30, STOP_ON_FAILURE): Object 'Object Repository/Web RoomMe.id/Sign Up Menu/Error Message/Text Name is required' is visible

2020-05-27 08:28:30 - [MESSAGE][PASSED] - Object 'Object Repository/Web RoomMe.id/Sign Up Menu/Error Message/Text Name is required' is visible

2020-05-27 08:28:30 - [TEST_STEP][PASSED] - waitForElementVisible(findTestObject("Web RoomMe.id/Sign Up Menu/Error Message/Text Email is required"), 30, STOP_ON_FAILURE): Object 'Object Repository/Web RoomMe.id/Sign Up Menu/Error Message/Text Email is required' is visible

2020-05-27 08:28:30 - [MESSAGE][PASSED] - Object 'Object Repository/Web RoomMe.id/Sign Up Menu/Error Message/Text Email is required' is visible

2020-05-27 08:28:30 - [TEST_STEP][PASSED] - waitForElementVisible(findTestObject("Web RoomMe.id/Sign Up Menu/Error Message/Text Phone is required"), 30, STOP_ON_FAILURE): Object 'Object Repository/Web RoomMe.id/Sign Up Menu/Error Message/Text Phone is required' is visible

2020-05-27 08:28:31 - [MESSAGE][PASSED] - Object 'Object Repository/Web RoomMe.id/Sign Up Menu/Error Message/Text Phone is required' is visible

2020-05-27 08:28:31 - [TEST_STEP][PASSED] - waitForElementVisible(findTestObject("Web RoomMe.id/Sign Up Menu/Error Message/Text Password is required"), 30, STOP_ON_FAILURE): Object 'Object Repository/Web RoomMe.id/Sign Up Menu/Error Message/Text Password is required' is visible

2020-05-27 08:28:31 - [MESSAGE][PASSED] - Object 'Object Repository/Web RoomMe.id/Sign Up Menu/Error Message/Text Password is required' is visible]]></system-out>
         <system-err><![CDATA[]]></system-err>
      </testcase>
      <testcase name="Test Cases/Web RoomMe.id/2. Sign Up/3. Customer Input Name Field with Invalid Format" time="33.587" classname="Test Cases/Web RoomMe.id/2. Sign Up/3. Customer Input Name Field with Invalid Format" status="PASSED">
         <system-out><![CDATA[2020-05-27 08:28:31 - [TEST_CASE][PASSED] - Test Cases/Web RoomMe.id/2. Sign Up/3. Customer Input Name Field with Invalid Format: Test Cases/Web RoomMe.id/2. Sign Up/3. Customer Input Name Field with Invalid Format

2020-05-27 08:28:31 - [TEST_STEP][PASSED] - callTestCase(findTestCase("Web RoomMe.id/1. Homepage/1. Customer Access RoomMe Page"), [:], STOP_ON_FAILURE): Call Test Case 'Test Cases/Web RoomMe.id/1. Homepage/1. Customer Access RoomMe Page' successfully

2020-05-27 08:28:31 - [TEST_CASE][PASSED] - Test Cases/Web RoomMe.id/1. Homepage/1. Customer Access RoomMe Page: Test Cases/Web RoomMe.id/1. Homepage/1. Customer Access RoomMe Page

2020-05-27 08:28:31 - [TEST_STEP][PASSED] - openBrowser(url): Browser is opened with url: 'roomme.id'

2020-05-27 08:28:31 - [MESSAGE][WARNING] - A browser is already opened. Closing browser and opening a new one

2020-05-27 08:28:33 - [MESSAGE][INFO] - Starting 'Chrome' driver

2020-05-27 08:28:46 - [MESSAGE][PASSED] - Browser is opened with url: 'roomme.id'

2020-05-27 08:28:46 - [TEST_STEP][PASSED] - maximizeWindow(): Current window maximized

2020-05-27 08:28:48 - [MESSAGE][PASSED] - Current window maximized

2020-05-27 08:28:48 - [TEST_STEP][PASSED] - waitForPageLoad(0): Wait for page load successfully

2020-05-27 08:28:48 - [MESSAGE][WARNING] - Timeout '0' is invalid. Using default page load timeout: '60'

2020-05-27 08:28:48 - [MESSAGE][PASSED] - Wait for page load successfully

2020-05-27 08:28:48 - [MESSAGE][PASSED] - Call Test Case 'Test Cases/Web RoomMe.id/1. Homepage/1. Customer Access RoomMe Page' successfully

2020-05-27 08:28:48 - [TEST_STEP][PASSED] - callTestCase(findTestCase("Web RoomMe.id/1. Homepage/2. Verify Header RoomMe.id"), [:], STOP_ON_FAILURE): Call Test Case 'Test Cases/Web RoomMe.id/1. Homepage/2. Verify Header RoomMe.id' successfully

2020-05-27 08:28:48 - [TEST_CASE][PASSED] - Test Cases/Web RoomMe.id/1. Homepage/2. Verify Header RoomMe.id: Test Cases/Web RoomMe.id/1. Homepage/2. Verify Header RoomMe.id

2020-05-27 08:28:48 - [TEST_STEP][PASSED] - objectSubFolder = "Web RoomMe.id\RoomMe.id Header\": null

2020-05-27 08:28:48 - [TEST_STEP][PASSED] - pathToObjRep = getProjectDir() + "\Object Repository\" + objectSubFolder: null

2020-05-27 08:28:48 - [TEST_STEP][PASSED] - yourObjects = new java.io.File(pathToObjRep): null

2020-05-27 08:28:48 - [TEST_STEP][PASSED] - fileNames = yourObjects.list(): null

2020-05-27 08:28:48 - [TEST_STEP][PASSED] - testObjects = new java.util.ArrayList(): null

2020-05-27 08:28:48 - [TEST_STEP][PASSED] - for ([i = 0, i < length, (i++)]): null

2020-05-27 08:28:48 - [TEST_STEP][PASSED] - if (fileNames[i].contains(".rs")): null

2020-05-27 08:28:48 - [TEST_STEP][PASSED] - if (fileNames[i].contains(".rs")): null

2020-05-27 08:28:48 - [TEST_STEP][PASSED] - fileNames[i] = fileNames[i].replace(".rs", ""): null

2020-05-27 08:28:48 - [TEST_STEP][PASSED] - testObjects.add(objectSubFolder + fileNames[i]): null

2020-05-27 08:28:48 - [TEST_STEP][PASSED] - if (fileNames[i].contains(".rs")): null

2020-05-27 08:28:48 - [TEST_STEP][PASSED] - fileNames[i] = fileNames[i].replace(".rs", ""): null

2020-05-27 08:28:48 - [TEST_STEP][PASSED] - testObjects.add(objectSubFolder + fileNames[i]): null

2020-05-27 08:28:48 - [TEST_STEP][PASSED] - if (fileNames[i].contains(".rs")): null

2020-05-27 08:28:48 - [TEST_STEP][PASSED] - fileNames[i] = fileNames[i].replace(".rs", ""): null

2020-05-27 08:28:48 - [TEST_STEP][PASSED] - testObjects.add(objectSubFolder + fileNames[i]): null

2020-05-27 08:28:48 - [TEST_STEP][PASSED] - if (fileNames[i].contains(".rs")): null

2020-05-27 08:28:48 - [TEST_STEP][PASSED] - fileNames[i] = fileNames[i].replace(".rs", ""): null

2020-05-27 08:28:48 - [TEST_STEP][PASSED] - testObjects.add(objectSubFolder + fileNames[i]): null

2020-05-27 08:28:48 - [TEST_STEP][PASSED] - if (fileNames[i].contains(".rs")): null

2020-05-27 08:28:48 - [TEST_STEP][PASSED] - for (String obj : testObjects): Object 'Object Repository/Web RoomMe.id\RoomMe.id Header\Image Header Logo' is visible

2020-05-27 08:28:48 - [TEST_STEP][PASSED] - verifyElementVisible(findTestObject(obj)): Object 'Object Repository/Web RoomMe.id\RoomMe.id Header\Button Are You Landlord' is visible

2020-05-27 08:28:49 - [MESSAGE][PASSED] - Object 'Object Repository/Web RoomMe.id\RoomMe.id Header\Button Are You Landlord' is visible

2020-05-27 08:28:49 - [TEST_STEP][PASSED] - verifyElementVisible(findTestObject(obj)): Object 'Object Repository/Web RoomMe.id\RoomMe.id Header\Button Community' is visible

2020-05-27 08:28:49 - [MESSAGE][PASSED] - Object 'Object Repository/Web RoomMe.id\RoomMe.id Header\Button Community' is visible

2020-05-27 08:28:49 - [TEST_STEP][PASSED] - verifyElementVisible(findTestObject(obj)): Object 'Object Repository/Web RoomMe.id\RoomMe.id Header\Button Sign In' is visible

2020-05-27 08:28:50 - [MESSAGE][PASSED] - Object 'Object Repository/Web RoomMe.id\RoomMe.id Header\Button Sign In' is visible

2020-05-27 08:28:50 - [TEST_STEP][PASSED] - verifyElementVisible(findTestObject(obj)): Object 'Object Repository/Web RoomMe.id\RoomMe.id Header\Image Header Logo' is visible

2020-05-27 08:28:50 - [MESSAGE][PASSED] - Object 'Object Repository/Web RoomMe.id\RoomMe.id Header\Image Header Logo' is visible

2020-05-27 08:28:50 - [MESSAGE][PASSED] - Call Test Case 'Test Cases/Web RoomMe.id/1. Homepage/2. Verify Header RoomMe.id' successfully

2020-05-27 08:28:50 - [TEST_STEP][PASSED] - click(findTestObject("Web RoomMe.id/RoomMe.id Header/Button Sign In")): Object: 'Object Repository/Web RoomMe.id/RoomMe.id Header/Button Sign In' is clicked on

2020-05-27 08:28:50 - [MESSAGE][PASSED] - Object: 'Object Repository/Web RoomMe.id/RoomMe.id Header/Button Sign In' is clicked on

2020-05-27 08:28:50 - [TEST_STEP][PASSED] - waitForElementVisible(findTestObject("Web RoomMe.id/Sign In Menu/Button Sign Up"), 0): Object 'Object Repository/Web RoomMe.id/Sign In Menu/Button Sign Up' is visible

2020-05-27 08:28:50 - [MESSAGE][WARNING] - Timeout '0' is invalid. Using default page load timeout: '60'

2020-05-27 08:28:51 - [MESSAGE][PASSED] - Object 'Object Repository/Web RoomMe.id/Sign In Menu/Button Sign Up' is visible

2020-05-27 08:28:51 - [TEST_STEP][PASSED] - click(findTestObject("Web RoomMe.id/Sign In Menu/Button Sign Up")): Object: 'Object Repository/Web RoomMe.id/Sign In Menu/Button Sign Up' is clicked on

2020-05-27 08:28:51 - [MESSAGE][PASSED] - Object: 'Object Repository/Web RoomMe.id/Sign In Menu/Button Sign Up' is clicked on

2020-05-27 08:28:51 - [TEST_STEP][PASSED] - callTestCase(findTestCase("Web RoomMe.id/2. Sign Up/Verify Sign Up Menu"), [:], STOP_ON_FAILURE): Call Test Case 'Test Cases/Web RoomMe.id/2. Sign Up/Verify Sign Up Menu' successfully

2020-05-27 08:28:51 - [TEST_CASE][PASSED] - Test Cases/Web RoomMe.id/2. Sign Up/Verify Sign Up Menu: Test Cases/Web RoomMe.id/2. Sign Up/Verify Sign Up Menu

2020-05-27 08:28:51 - [TEST_STEP][PASSED] - objectSubFolder = "Web RoomMe.id\Sign Up Menu\": null

2020-05-27 08:28:51 - [TEST_STEP][PASSED] - pathToObjRep = getProjectDir() + "\Object Repository\" + objectSubFolder: null

2020-05-27 08:28:51 - [TEST_STEP][PASSED] - yourObjects = new java.io.File(pathToObjRep): null

2020-05-27 08:28:51 - [TEST_STEP][PASSED] - fileNames = yourObjects.list(): null

2020-05-27 08:28:51 - [TEST_STEP][PASSED] - testObjects = new java.util.ArrayList(): null

2020-05-27 08:28:51 - [TEST_STEP][PASSED] - for ([i = 0, i < length, (i++)]): null

2020-05-27 08:28:51 - [TEST_STEP][PASSED] - if (fileNames[i].contains(".rs")): null

2020-05-27 08:28:51 - [TEST_STEP][PASSED] - fileNames[i] = fileNames[i].replace(".rs", ""): null

2020-05-27 08:28:51 - [TEST_STEP][PASSED] - testObjects.add(objectSubFolder + fileNames[i]): null

2020-05-27 08:28:51 - [TEST_STEP][PASSED] - if (fileNames[i].contains(".rs")): null

2020-05-27 08:28:51 - [TEST_STEP][PASSED] - fileNames[i] = fileNames[i].replace(".rs", ""): null

2020-05-27 08:28:51 - [TEST_STEP][PASSED] - testObjects.add(objectSubFolder + fileNames[i]): null

2020-05-27 08:28:51 - [TEST_STEP][PASSED] - if (fileNames[i].contains(".rs")): null

2020-05-27 08:28:51 - [TEST_STEP][PASSED] - if (fileNames[i].contains(".rs")): null

2020-05-27 08:28:51 - [TEST_STEP][PASSED] - fileNames[i] = fileNames[i].replace(".rs", ""): null

2020-05-27 08:28:51 - [TEST_STEP][PASSED] - testObjects.add(objectSubFolder + fileNames[i]): null

2020-05-27 08:28:51 - [TEST_STEP][PASSED] - if (fileNames[i].contains(".rs")): null

2020-05-27 08:28:51 - [TEST_STEP][PASSED] - if (fileNames[i].contains(".rs")): null

2020-05-27 08:28:51 - [TEST_STEP][PASSED] - fileNames[i] = fileNames[i].replace(".rs", ""): null

2020-05-27 08:28:51 - [TEST_STEP][PASSED] - testObjects.add(objectSubFolder + fileNames[i]): null

2020-05-27 08:28:51 - [TEST_STEP][PASSED] - if (fileNames[i].contains(".rs")): null

2020-05-27 08:28:51 - [TEST_STEP][PASSED] - fileNames[i] = fileNames[i].replace(".rs", ""): null

2020-05-27 08:28:51 - [TEST_STEP][PASSED] - testObjects.add(objectSubFolder + fileNames[i]): null

2020-05-27 08:28:51 - [TEST_STEP][PASSED] - if (fileNames[i].contains(".rs")): null

2020-05-27 08:28:51 - [TEST_STEP][PASSED] - fileNames[i] = fileNames[i].replace(".rs", ""): null

2020-05-27 08:28:51 - [TEST_STEP][PASSED] - testObjects.add(objectSubFolder + fileNames[i]): null

2020-05-27 08:28:51 - [TEST_STEP][PASSED] - if (fileNames[i].contains(".rs")): null

2020-05-27 08:28:51 - [TEST_STEP][PASSED] - fileNames[i] = fileNames[i].replace(".rs", ""): null

2020-05-27 08:28:51 - [TEST_STEP][PASSED] - testObjects.add(objectSubFolder + fileNames[i]): null

2020-05-27 08:28:51 - [TEST_STEP][PASSED] - if (fileNames[i].contains(".rs")): null

2020-05-27 08:28:51 - [TEST_STEP][PASSED] - fileNames[i] = fileNames[i].replace(".rs", ""): null

2020-05-27 08:28:51 - [TEST_STEP][PASSED] - testObjects.add(objectSubFolder + fileNames[i]): null

2020-05-27 08:28:51 - [TEST_STEP][PASSED] - if (fileNames[i].contains(".rs")): null

2020-05-27 08:28:51 - [TEST_STEP][PASSED] - fileNames[i] = fileNames[i].replace(".rs", ""): null

2020-05-27 08:28:51 - [TEST_STEP][PASSED] - testObjects.add(objectSubFolder + fileNames[i]): null

2020-05-27 08:28:51 - [TEST_STEP][PASSED] - if (fileNames[i].contains(".rs")): null

2020-05-27 08:28:51 - [TEST_STEP][PASSED] - fileNames[i] = fileNames[i].replace(".rs", ""): null

2020-05-27 08:28:51 - [TEST_STEP][PASSED] - testObjects.add(objectSubFolder + fileNames[i]): null

2020-05-27 08:28:51 - [TEST_STEP][PASSED] - if (fileNames[i].contains(".rs")): null

2020-05-27 08:28:51 - [TEST_STEP][PASSED] - fileNames[i] = fileNames[i].replace(".rs", ""): null

2020-05-27 08:28:51 - [TEST_STEP][PASSED] - testObjects.add(objectSubFolder + fileNames[i]): null

2020-05-27 08:28:51 - [TEST_STEP][PASSED] - if (fileNames[i].contains(".rs")): null

2020-05-27 08:28:51 - [TEST_STEP][PASSED] - fileNames[i] = fileNames[i].replace(".rs", ""): null

2020-05-27 08:28:51 - [TEST_STEP][PASSED] - testObjects.add(objectSubFolder + fileNames[i]): null

2020-05-27 08:28:51 - [TEST_STEP][PASSED] - if (fileNames[i].contains(".rs")): null

2020-05-27 08:28:51 - [TEST_STEP][PASSED] - fileNames[i] = fileNames[i].replace(".rs", ""): null

2020-05-27 08:28:51 - [TEST_STEP][PASSED] - testObjects.add(objectSubFolder + fileNames[i]): null

2020-05-27 08:28:51 - [TEST_STEP][PASSED] - for (String obj : testObjects): Object 'Object Repository/Web RoomMe.id\Sign Up Menu\Textfield Phone Number' is visible

2020-05-27 08:28:51 - [TEST_STEP][PASSED] - verifyElementVisible(findTestObject(obj)): Object 'Object Repository/Web RoomMe.id\Sign Up Menu\Button Sign In' is visible

2020-05-27 08:28:52 - [MESSAGE][PASSED] - Object 'Object Repository/Web RoomMe.id\Sign Up Menu\Button Sign In' is visible

2020-05-27 08:28:52 - [TEST_STEP][PASSED] - verifyElementVisible(findTestObject(obj)): Object 'Object Repository/Web RoomMe.id\Sign Up Menu\Button Sign Up' is visible

2020-05-27 08:28:52 - [MESSAGE][PASSED] - Object 'Object Repository/Web RoomMe.id\Sign Up Menu\Button Sign Up' is visible

2020-05-27 08:28:52 - [TEST_STEP][PASSED] - verifyElementVisible(findTestObject(obj)): Object 'Object Repository/Web RoomMe.id\Sign Up Menu\Name Textfield' is visible

2020-05-27 08:28:52 - [MESSAGE][PASSED] - Object 'Object Repository/Web RoomMe.id\Sign Up Menu\Name Textfield' is visible

2020-05-27 08:28:52 - [TEST_STEP][PASSED] - verifyElementVisible(findTestObject(obj)): Object 'Object Repository/Web RoomMe.id\Sign Up Menu\Text Are you have an account' is visible

2020-05-27 08:28:52 - [MESSAGE][PASSED] - Object 'Object Repository/Web RoomMe.id\Sign Up Menu\Text Are you have an account' is visible

2020-05-27 08:28:52 - [TEST_STEP][PASSED] - verifyElementVisible(findTestObject(obj)): Object 'Object Repository/Web RoomMe.id\Sign Up Menu\Text Confirm Password' is visible

2020-05-27 08:28:53 - [MESSAGE][PASSED] - Object 'Object Repository/Web RoomMe.id\Sign Up Menu\Text Confirm Password' is visible

2020-05-27 08:28:53 - [TEST_STEP][PASSED] - verifyElementVisible(findTestObject(obj)): Object 'Object Repository/Web RoomMe.id\Sign Up Menu\Text Email Address' is visible

2020-05-27 08:28:53 - [MESSAGE][PASSED] - Object 'Object Repository/Web RoomMe.id\Sign Up Menu\Text Email Address' is visible

2020-05-27 08:28:53 - [TEST_STEP][PASSED] - verifyElementVisible(findTestObject(obj)): Object 'Object Repository/Web RoomMe.id\Sign Up Menu\Text Full Name' is visible

2020-05-27 08:28:54 - [MESSAGE][PASSED] - Object 'Object Repository/Web RoomMe.id\Sign Up Menu\Text Full Name' is visible

2020-05-27 08:28:54 - [TEST_STEP][PASSED] - verifyElementVisible(findTestObject(obj)): Object 'Object Repository/Web RoomMe.id\Sign Up Menu\Text Password' is visible

2020-05-27 08:28:54 - [MESSAGE][PASSED] - Object 'Object Repository/Web RoomMe.id\Sign Up Menu\Text Password' is visible

2020-05-27 08:28:54 - [TEST_STEP][PASSED] - verifyElementVisible(findTestObject(obj)): Object 'Object Repository/Web RoomMe.id\Sign Up Menu\Text Phone Number' is visible

2020-05-27 08:28:54 - [MESSAGE][PASSED] - Object 'Object Repository/Web RoomMe.id\Sign Up Menu\Text Phone Number' is visible

2020-05-27 08:28:54 - [TEST_STEP][PASSED] - verifyElementVisible(findTestObject(obj)): Object 'Object Repository/Web RoomMe.id\Sign Up Menu\Textfield Confirm Password' is visible

2020-05-27 08:28:55 - [MESSAGE][PASSED] - Object 'Object Repository/Web RoomMe.id\Sign Up Menu\Textfield Confirm Password' is visible

2020-05-27 08:28:55 - [TEST_STEP][PASSED] - verifyElementVisible(findTestObject(obj)): Object 'Object Repository/Web RoomMe.id\Sign Up Menu\Textfield Email' is visible

2020-05-27 08:28:55 - [MESSAGE][PASSED] - Object 'Object Repository/Web RoomMe.id\Sign Up Menu\Textfield Email' is visible

2020-05-27 08:28:55 - [TEST_STEP][PASSED] - verifyElementVisible(findTestObject(obj)): Object 'Object Repository/Web RoomMe.id\Sign Up Menu\Textfield Password' is visible

2020-05-27 08:28:55 - [MESSAGE][PASSED] - Object 'Object Repository/Web RoomMe.id\Sign Up Menu\Textfield Password' is visible

2020-05-27 08:28:55 - [TEST_STEP][PASSED] - verifyElementVisible(findTestObject(obj)): Object 'Object Repository/Web RoomMe.id\Sign Up Menu\Textfield Phone Number' is visible

2020-05-27 08:28:56 - [MESSAGE][PASSED] - Object 'Object Repository/Web RoomMe.id\Sign Up Menu\Textfield Phone Number' is visible

2020-05-27 08:28:56 - [MESSAGE][PASSED] - Call Test Case 'Test Cases/Web RoomMe.id/2. Sign Up/Verify Sign Up Menu' successfully

2020-05-27 08:28:56 - [TEST_STEP][PASSED] - waitForElementVisible(findTestObject("Web RoomMe.id/Sign Up Menu/Name Textfield"), 30, STOP_ON_FAILURE): Object 'Object Repository/Web RoomMe.id/Sign Up Menu/Name Textfield' is visible

2020-05-27 08:28:56 - [MESSAGE][PASSED] - Object 'Object Repository/Web RoomMe.id/Sign Up Menu/Name Textfield' is visible

2020-05-27 08:28:56 - [TEST_STEP][PASSED] - setText(findTestObject("Web RoomMe.id/Sign Up Menu/Name Textfield"), "ab"): Text 'ab' is set on object 'Object Repository/Web RoomMe.id/Sign Up Menu/Name Textfield'

2020-05-27 08:28:57 - [MESSAGE][PASSED] - Text 'ab' is set on object 'Object Repository/Web RoomMe.id/Sign Up Menu/Name Textfield'

2020-05-27 08:28:57 - [TEST_STEP][PASSED] - waitForElementVisible(findTestObject("Web RoomMe.id/Sign Up Menu/Error Message/Text At least input 3 characters long"), 30, STOP_ON_FAILURE): Object 'Object Repository/Web RoomMe.id/Sign Up Menu/Error Message/Text At least input 3 characters long' is visible

2020-05-27 08:28:58 - [MESSAGE][PASSED] - Object 'Object Repository/Web RoomMe.id/Sign Up Menu/Error Message/Text At least input 3 characters long' is visible

2020-05-27 08:28:58 - [TEST_STEP][PASSED] - sendKeys(findTestObject("Web RoomMe.id/Sign Up Menu/Name Textfield"), Keys.chord(CONTROL, "a", BACK_SPACE)): Keys 'CONTROL + BACK_SPACE + a' sent to object: 'Object Repository/Web RoomMe.id/Sign Up Menu/Name Textfield'

2020-05-27 08:28:58 - [MESSAGE][PASSED] - Keys 'CONTROL + BACK_SPACE + a' sent to object: 'Object Repository/Web RoomMe.id/Sign Up Menu/Name Textfield'

2020-05-27 08:28:58 - [TEST_STEP][PASSED] - setText(findTestObject("Web RoomMe.id/Sign Up Menu/Name Textfield"), "Abcde Abcde Abcde Abcde Abcde Abcde Abcde Abcde 123"): Text 'Abcde Abcde Abcde Abcde Abcde Abcde Abcde Abcde 123' is set on object 'Object Repository/Web RoomMe.id/Sign Up Menu/Name Textfield'

2020-05-27 08:28:59 - [MESSAGE][PASSED] - Text 'Abcde Abcde Abcde Abcde Abcde Abcde Abcde Abcde 123' is set on object 'Object Repository/Web RoomMe.id/Sign Up Menu/Name Textfield'

2020-05-27 08:28:59 - [TEST_STEP][PASSED] - waitForElementVisible(findTestObject("Web RoomMe.id/Sign Up Menu/Error Message/Text Name Input Character is 50"), 30, STOP_ON_FAILURE): Object 'Object Repository/Web RoomMe.id/Sign Up Menu/Error Message/Text Name Input Character is 50' is visible

2020-05-27 08:29:00 - [MESSAGE][PASSED] - Object 'Object Repository/Web RoomMe.id/Sign Up Menu/Error Message/Text Name Input Character is 50' is visible

2020-05-27 08:29:00 - [TEST_STEP][PASSED] - sendKeys(findTestObject("Web RoomMe.id/Sign Up Menu/Name Textfield"), Keys.chord(CONTROL, "a", BACK_SPACE)): Keys 'CONTROL + BACK_SPACE + a' sent to object: 'Object Repository/Web RoomMe.id/Sign Up Menu/Name Textfield'

2020-05-27 08:29:01 - [MESSAGE][PASSED] - Keys 'CONTROL + BACK_SPACE + a' sent to object: 'Object Repository/Web RoomMe.id/Sign Up Menu/Name Textfield'

2020-05-27 08:29:01 - [TEST_STEP][PASSED] - setText(findTestObject("Web RoomMe.id/Sign Up Menu/Name Textfield"), "abc1"): Text 'abc1' is set on object 'Object Repository/Web RoomMe.id/Sign Up Menu/Name Textfield'

2020-05-27 08:29:01 - [MESSAGE][PASSED] - Text 'abc1' is set on object 'Object Repository/Web RoomMe.id/Sign Up Menu/Name Textfield'

2020-05-27 08:29:01 - [TEST_STEP][PASSED] - waitForElementVisible(findTestObject("Web RoomMe.id/Sign Up Menu/Error Message/Text Your name seems to contain incorrect characters"), 30, STOP_ON_FAILURE): Object 'Object Repository/Web RoomMe.id/Sign Up Menu/Error Message/Text Your name seems to contain incorrect characters' is visible

2020-05-27 08:29:02 - [MESSAGE][PASSED] - Object 'Object Repository/Web RoomMe.id/Sign Up Menu/Error Message/Text Your name seems to contain incorrect characters' is visible

2020-05-27 08:29:02 - [TEST_STEP][PASSED] - sendKeys(findTestObject("Web RoomMe.id/Sign Up Menu/Name Textfield"), Keys.chord(CONTROL, "a", BACK_SPACE)): Keys 'CONTROL + BACK_SPACE + a' sent to object: 'Object Repository/Web RoomMe.id/Sign Up Menu/Name Textfield'

2020-05-27 08:29:03 - [MESSAGE][PASSED] - Keys 'CONTROL + BACK_SPACE + a' sent to object: 'Object Repository/Web RoomMe.id/Sign Up Menu/Name Textfield'

2020-05-27 08:29:03 - [TEST_STEP][PASSED] - setText(findTestObject("Web RoomMe.id/Sign Up Menu/Name Textfield"), "abc!@#"): Text 'abc!@#' is set on object 'Object Repository/Web RoomMe.id/Sign Up Menu/Name Textfield'

2020-05-27 08:29:04 - [MESSAGE][PASSED] - Text 'abc!@#' is set on object 'Object Repository/Web RoomMe.id/Sign Up Menu/Name Textfield'

2020-05-27 08:29:04 - [TEST_STEP][PASSED] - waitForElementVisible(findTestObject("Web RoomMe.id/Sign Up Menu/Error Message/Text Your name seems to contain incorrect characters"), 30, STOP_ON_FAILURE): Object 'Object Repository/Web RoomMe.id/Sign Up Menu/Error Message/Text Your name seems to contain incorrect characters' is visible

2020-05-27 08:29:05 - [MESSAGE][PASSED] - Object 'Object Repository/Web RoomMe.id/Sign Up Menu/Error Message/Text Your name seems to contain incorrect characters' is visible]]></system-out>
         <system-err><![CDATA[]]></system-err>
      </testcase>
      <testcase name="Test Cases/Web RoomMe.id/2. Sign Up/4. Customer Input Email with Invalid Format" time="32.825" classname="Test Cases/Web RoomMe.id/2. Sign Up/4. Customer Input Email with Invalid Format" status="PASSED">
         <system-out><![CDATA[2020-05-27 08:29:05 - [TEST_CASE][PASSED] - Test Cases/Web RoomMe.id/2. Sign Up/4. Customer Input Email with Invalid Format: Test Cases/Web RoomMe.id/2. Sign Up/4. Customer Input Email with Invalid Format

2020-05-27 08:29:05 - [TEST_STEP][PASSED] - callTestCase(findTestCase("Web RoomMe.id/1. Homepage/1. Customer Access RoomMe Page"), [:], STOP_ON_FAILURE): Call Test Case 'Test Cases/Web RoomMe.id/1. Homepage/1. Customer Access RoomMe Page' successfully

2020-05-27 08:29:05 - [TEST_CASE][PASSED] - Test Cases/Web RoomMe.id/1. Homepage/1. Customer Access RoomMe Page: Test Cases/Web RoomMe.id/1. Homepage/1. Customer Access RoomMe Page

2020-05-27 08:29:05 - [TEST_STEP][PASSED] - openBrowser(url): Browser is opened with url: 'roomme.id'

2020-05-27 08:29:05 - [MESSAGE][WARNING] - A browser is already opened. Closing browser and opening a new one

2020-05-27 08:29:06 - [MESSAGE][INFO] - Starting 'Chrome' driver

2020-05-27 08:29:15 - [MESSAGE][PASSED] - Browser is opened with url: 'roomme.id'

2020-05-27 08:29:15 - [TEST_STEP][PASSED] - maximizeWindow(): Current window maximized

2020-05-27 08:29:17 - [MESSAGE][PASSED] - Current window maximized

2020-05-27 08:29:17 - [TEST_STEP][PASSED] - waitForPageLoad(0): Wait for page load successfully

2020-05-27 08:29:17 - [MESSAGE][WARNING] - Timeout '0' is invalid. Using default page load timeout: '60'

2020-05-27 08:29:17 - [MESSAGE][PASSED] - Wait for page load successfully

2020-05-27 08:29:17 - [MESSAGE][PASSED] - Call Test Case 'Test Cases/Web RoomMe.id/1. Homepage/1. Customer Access RoomMe Page' successfully

2020-05-27 08:29:17 - [TEST_STEP][PASSED] - callTestCase(findTestCase("Web RoomMe.id/1. Homepage/2. Verify Header RoomMe.id"), [:], STOP_ON_FAILURE): Call Test Case 'Test Cases/Web RoomMe.id/1. Homepage/2. Verify Header RoomMe.id' successfully

2020-05-27 08:29:18 - [TEST_CASE][PASSED] - Test Cases/Web RoomMe.id/1. Homepage/2. Verify Header RoomMe.id: Test Cases/Web RoomMe.id/1. Homepage/2. Verify Header RoomMe.id

2020-05-27 08:29:18 - [TEST_STEP][PASSED] - objectSubFolder = "Web RoomMe.id\RoomMe.id Header\": null

2020-05-27 08:29:18 - [TEST_STEP][PASSED] - pathToObjRep = getProjectDir() + "\Object Repository\" + objectSubFolder: null

2020-05-27 08:29:18 - [TEST_STEP][PASSED] - yourObjects = new java.io.File(pathToObjRep): null

2020-05-27 08:29:18 - [TEST_STEP][PASSED] - fileNames = yourObjects.list(): null

2020-05-27 08:29:18 - [TEST_STEP][PASSED] - testObjects = new java.util.ArrayList(): null

2020-05-27 08:29:18 - [TEST_STEP][PASSED] - for ([i = 0, i < length, (i++)]): null

2020-05-27 08:29:18 - [TEST_STEP][PASSED] - if (fileNames[i].contains(".rs")): null

2020-05-27 08:29:18 - [TEST_STEP][PASSED] - if (fileNames[i].contains(".rs")): null

2020-05-27 08:29:18 - [TEST_STEP][PASSED] - fileNames[i] = fileNames[i].replace(".rs", ""): null

2020-05-27 08:29:18 - [TEST_STEP][PASSED] - testObjects.add(objectSubFolder + fileNames[i]): null

2020-05-27 08:29:18 - [TEST_STEP][PASSED] - if (fileNames[i].contains(".rs")): null

2020-05-27 08:29:18 - [TEST_STEP][PASSED] - fileNames[i] = fileNames[i].replace(".rs", ""): null

2020-05-27 08:29:18 - [TEST_STEP][PASSED] - testObjects.add(objectSubFolder + fileNames[i]): null

2020-05-27 08:29:18 - [TEST_STEP][PASSED] - if (fileNames[i].contains(".rs")): null

2020-05-27 08:29:18 - [TEST_STEP][PASSED] - fileNames[i] = fileNames[i].replace(".rs", ""): null

2020-05-27 08:29:18 - [TEST_STEP][PASSED] - testObjects.add(objectSubFolder + fileNames[i]): null

2020-05-27 08:29:18 - [TEST_STEP][PASSED] - if (fileNames[i].contains(".rs")): null

2020-05-27 08:29:18 - [TEST_STEP][PASSED] - fileNames[i] = fileNames[i].replace(".rs", ""): null

2020-05-27 08:29:18 - [TEST_STEP][PASSED] - testObjects.add(objectSubFolder + fileNames[i]): null

2020-05-27 08:29:18 - [TEST_STEP][PASSED] - if (fileNames[i].contains(".rs")): null

2020-05-27 08:29:18 - [TEST_STEP][PASSED] - for (String obj : testObjects): Object 'Object Repository/Web RoomMe.id\RoomMe.id Header\Image Header Logo' is visible

2020-05-27 08:29:18 - [TEST_STEP][PASSED] - verifyElementVisible(findTestObject(obj)): Object 'Object Repository/Web RoomMe.id\RoomMe.id Header\Button Are You Landlord' is visible

2020-05-27 08:29:18 - [MESSAGE][PASSED] - Object 'Object Repository/Web RoomMe.id\RoomMe.id Header\Button Are You Landlord' is visible

2020-05-27 08:29:18 - [TEST_STEP][PASSED] - verifyElementVisible(findTestObject(obj)): Object 'Object Repository/Web RoomMe.id\RoomMe.id Header\Button Community' is visible

2020-05-27 08:29:18 - [MESSAGE][PASSED] - Object 'Object Repository/Web RoomMe.id\RoomMe.id Header\Button Community' is visible

2020-05-27 08:29:18 - [TEST_STEP][PASSED] - verifyElementVisible(findTestObject(obj)): Object 'Object Repository/Web RoomMe.id\RoomMe.id Header\Button Sign In' is visible

2020-05-27 08:29:18 - [MESSAGE][PASSED] - Object 'Object Repository/Web RoomMe.id\RoomMe.id Header\Button Sign In' is visible

2020-05-27 08:29:18 - [TEST_STEP][PASSED] - verifyElementVisible(findTestObject(obj)): Object 'Object Repository/Web RoomMe.id\RoomMe.id Header\Image Header Logo' is visible

2020-05-27 08:29:19 - [MESSAGE][PASSED] - Object 'Object Repository/Web RoomMe.id\RoomMe.id Header\Image Header Logo' is visible

2020-05-27 08:29:19 - [MESSAGE][PASSED] - Call Test Case 'Test Cases/Web RoomMe.id/1. Homepage/2. Verify Header RoomMe.id' successfully

2020-05-27 08:29:19 - [TEST_STEP][PASSED] - click(findTestObject("Web RoomMe.id/RoomMe.id Header/Button Sign In")): Object: 'Object Repository/Web RoomMe.id/RoomMe.id Header/Button Sign In' is clicked on

2020-05-27 08:29:19 - [MESSAGE][PASSED] - Object: 'Object Repository/Web RoomMe.id/RoomMe.id Header/Button Sign In' is clicked on

2020-05-27 08:29:19 - [TEST_STEP][PASSED] - waitForElementVisible(findTestObject("Web RoomMe.id/Sign In Menu/Button Sign Up"), 0): Object 'Object Repository/Web RoomMe.id/Sign In Menu/Button Sign Up' is visible

2020-05-27 08:29:19 - [MESSAGE][WARNING] - Timeout '0' is invalid. Using default page load timeout: '60'

2020-05-27 08:29:20 - [MESSAGE][PASSED] - Object 'Object Repository/Web RoomMe.id/Sign In Menu/Button Sign Up' is visible

2020-05-27 08:29:20 - [TEST_STEP][PASSED] - click(findTestObject("Web RoomMe.id/Sign In Menu/Button Sign Up")): Object: 'Object Repository/Web RoomMe.id/Sign In Menu/Button Sign Up' is clicked on

2020-05-27 08:29:20 - [MESSAGE][PASSED] - Object: 'Object Repository/Web RoomMe.id/Sign In Menu/Button Sign Up' is clicked on

2020-05-27 08:29:20 - [TEST_STEP][PASSED] - callTestCase(findTestCase("Web RoomMe.id/2. Sign Up/Verify Sign Up Menu"), [:], STOP_ON_FAILURE): Call Test Case 'Test Cases/Web RoomMe.id/2. Sign Up/Verify Sign Up Menu' successfully

2020-05-27 08:29:20 - [TEST_CASE][PASSED] - Test Cases/Web RoomMe.id/2. Sign Up/Verify Sign Up Menu: Test Cases/Web RoomMe.id/2. Sign Up/Verify Sign Up Menu

2020-05-27 08:29:20 - [TEST_STEP][PASSED] - objectSubFolder = "Web RoomMe.id\Sign Up Menu\": null

2020-05-27 08:29:20 - [TEST_STEP][PASSED] - pathToObjRep = getProjectDir() + "\Object Repository\" + objectSubFolder: null

2020-05-27 08:29:20 - [TEST_STEP][PASSED] - yourObjects = new java.io.File(pathToObjRep): null

2020-05-27 08:29:20 - [TEST_STEP][PASSED] - fileNames = yourObjects.list(): null

2020-05-27 08:29:20 - [TEST_STEP][PASSED] - testObjects = new java.util.ArrayList(): null

2020-05-27 08:29:20 - [TEST_STEP][PASSED] - for ([i = 0, i < length, (i++)]): null

2020-05-27 08:29:20 - [TEST_STEP][PASSED] - if (fileNames[i].contains(".rs")): null

2020-05-27 08:29:20 - [TEST_STEP][PASSED] - fileNames[i] = fileNames[i].replace(".rs", ""): null

2020-05-27 08:29:20 - [TEST_STEP][PASSED] - testObjects.add(objectSubFolder + fileNames[i]): null

2020-05-27 08:29:20 - [TEST_STEP][PASSED] - if (fileNames[i].contains(".rs")): null

2020-05-27 08:29:20 - [TEST_STEP][PASSED] - fileNames[i] = fileNames[i].replace(".rs", ""): null

2020-05-27 08:29:20 - [TEST_STEP][PASSED] - testObjects.add(objectSubFolder + fileNames[i]): null

2020-05-27 08:29:20 - [TEST_STEP][PASSED] - if (fileNames[i].contains(".rs")): null

2020-05-27 08:29:20 - [TEST_STEP][PASSED] - if (fileNames[i].contains(".rs")): null

2020-05-27 08:29:20 - [TEST_STEP][PASSED] - fileNames[i] = fileNames[i].replace(".rs", ""): null

2020-05-27 08:29:20 - [TEST_STEP][PASSED] - testObjects.add(objectSubFolder + fileNames[i]): null

2020-05-27 08:29:20 - [TEST_STEP][PASSED] - if (fileNames[i].contains(".rs")): null

2020-05-27 08:29:20 - [TEST_STEP][PASSED] - if (fileNames[i].contains(".rs")): null

2020-05-27 08:29:20 - [TEST_STEP][PASSED] - fileNames[i] = fileNames[i].replace(".rs", ""): null

2020-05-27 08:29:20 - [TEST_STEP][PASSED] - testObjects.add(objectSubFolder + fileNames[i]): null

2020-05-27 08:29:20 - [TEST_STEP][PASSED] - if (fileNames[i].contains(".rs")): null

2020-05-27 08:29:20 - [TEST_STEP][PASSED] - fileNames[i] = fileNames[i].replace(".rs", ""): null

2020-05-27 08:29:20 - [TEST_STEP][PASSED] - testObjects.add(objectSubFolder + fileNames[i]): null

2020-05-27 08:29:20 - [TEST_STEP][PASSED] - if (fileNames[i].contains(".rs")): null

2020-05-27 08:29:20 - [TEST_STEP][PASSED] - fileNames[i] = fileNames[i].replace(".rs", ""): null

2020-05-27 08:29:20 - [TEST_STEP][PASSED] - testObjects.add(objectSubFolder + fileNames[i]): null

2020-05-27 08:29:20 - [TEST_STEP][PASSED] - if (fileNames[i].contains(".rs")): null

2020-05-27 08:29:20 - [TEST_STEP][PASSED] - fileNames[i] = fileNames[i].replace(".rs", ""): null

2020-05-27 08:29:20 - [TEST_STEP][PASSED] - testObjects.add(objectSubFolder + fileNames[i]): null

2020-05-27 08:29:20 - [TEST_STEP][PASSED] - if (fileNames[i].contains(".rs")): null

2020-05-27 08:29:20 - [TEST_STEP][PASSED] - fileNames[i] = fileNames[i].replace(".rs", ""): null

2020-05-27 08:29:20 - [TEST_STEP][PASSED] - testObjects.add(objectSubFolder + fileNames[i]): null

2020-05-27 08:29:20 - [TEST_STEP][PASSED] - if (fileNames[i].contains(".rs")): null

2020-05-27 08:29:20 - [TEST_STEP][PASSED] - fileNames[i] = fileNames[i].replace(".rs", ""): null

2020-05-27 08:29:20 - [TEST_STEP][PASSED] - testObjects.add(objectSubFolder + fileNames[i]): null

2020-05-27 08:29:20 - [TEST_STEP][PASSED] - if (fileNames[i].contains(".rs")): null

2020-05-27 08:29:20 - [TEST_STEP][PASSED] - fileNames[i] = fileNames[i].replace(".rs", ""): null

2020-05-27 08:29:20 - [TEST_STEP][PASSED] - testObjects.add(objectSubFolder + fileNames[i]): null

2020-05-27 08:29:20 - [TEST_STEP][PASSED] - if (fileNames[i].contains(".rs")): null

2020-05-27 08:29:20 - [TEST_STEP][PASSED] - fileNames[i] = fileNames[i].replace(".rs", ""): null

2020-05-27 08:29:20 - [TEST_STEP][PASSED] - testObjects.add(objectSubFolder + fileNames[i]): null

2020-05-27 08:29:20 - [TEST_STEP][PASSED] - if (fileNames[i].contains(".rs")): null

2020-05-27 08:29:20 - [TEST_STEP][PASSED] - fileNames[i] = fileNames[i].replace(".rs", ""): null

2020-05-27 08:29:20 - [TEST_STEP][PASSED] - testObjects.add(objectSubFolder + fileNames[i]): null

2020-05-27 08:29:20 - [TEST_STEP][PASSED] - if (fileNames[i].contains(".rs")): null

2020-05-27 08:29:20 - [TEST_STEP][PASSED] - fileNames[i] = fileNames[i].replace(".rs", ""): null

2020-05-27 08:29:20 - [TEST_STEP][PASSED] - testObjects.add(objectSubFolder + fileNames[i]): null

2020-05-27 08:29:20 - [TEST_STEP][PASSED] - for (String obj : testObjects): Object 'Object Repository/Web RoomMe.id\Sign Up Menu\Textfield Phone Number' is visible

2020-05-27 08:29:20 - [TEST_STEP][PASSED] - verifyElementVisible(findTestObject(obj)): Object 'Object Repository/Web RoomMe.id\Sign Up Menu\Button Sign In' is visible

2020-05-27 08:29:21 - [MESSAGE][PASSED] - Object 'Object Repository/Web RoomMe.id\Sign Up Menu\Button Sign In' is visible

2020-05-27 08:29:21 - [TEST_STEP][PASSED] - verifyElementVisible(findTestObject(obj)): Object 'Object Repository/Web RoomMe.id\Sign Up Menu\Button Sign Up' is visible

2020-05-27 08:29:21 - [MESSAGE][PASSED] - Object 'Object Repository/Web RoomMe.id\Sign Up Menu\Button Sign Up' is visible

2020-05-27 08:29:21 - [TEST_STEP][PASSED] - verifyElementVisible(findTestObject(obj)): Object 'Object Repository/Web RoomMe.id\Sign Up Menu\Name Textfield' is visible

2020-05-27 08:29:21 - [MESSAGE][PASSED] - Object 'Object Repository/Web RoomMe.id\Sign Up Menu\Name Textfield' is visible

2020-05-27 08:29:21 - [TEST_STEP][PASSED] - verifyElementVisible(findTestObject(obj)): Object 'Object Repository/Web RoomMe.id\Sign Up Menu\Text Are you have an account' is visible

2020-05-27 08:29:22 - [MESSAGE][PASSED] - Object 'Object Repository/Web RoomMe.id\Sign Up Menu\Text Are you have an account' is visible

2020-05-27 08:29:22 - [TEST_STEP][PASSED] - verifyElementVisible(findTestObject(obj)): Object 'Object Repository/Web RoomMe.id\Sign Up Menu\Text Confirm Password' is visible

2020-05-27 08:29:22 - [MESSAGE][PASSED] - Object 'Object Repository/Web RoomMe.id\Sign Up Menu\Text Confirm Password' is visible

2020-05-27 08:29:22 - [TEST_STEP][PASSED] - verifyElementVisible(findTestObject(obj)): Object 'Object Repository/Web RoomMe.id\Sign Up Menu\Text Email Address' is visible

2020-05-27 08:29:22 - [MESSAGE][PASSED] - Object 'Object Repository/Web RoomMe.id\Sign Up Menu\Text Email Address' is visible

2020-05-27 08:29:22 - [TEST_STEP][PASSED] - verifyElementVisible(findTestObject(obj)): Object 'Object Repository/Web RoomMe.id\Sign Up Menu\Text Full Name' is visible

2020-05-27 08:29:23 - [MESSAGE][PASSED] - Object 'Object Repository/Web RoomMe.id\Sign Up Menu\Text Full Name' is visible

2020-05-27 08:29:23 - [TEST_STEP][PASSED] - verifyElementVisible(findTestObject(obj)): Object 'Object Repository/Web RoomMe.id\Sign Up Menu\Text Password' is visible

2020-05-27 08:29:23 - [MESSAGE][PASSED] - Object 'Object Repository/Web RoomMe.id\Sign Up Menu\Text Password' is visible

2020-05-27 08:29:23 - [TEST_STEP][PASSED] - verifyElementVisible(findTestObject(obj)): Object 'Object Repository/Web RoomMe.id\Sign Up Menu\Text Phone Number' is visible

2020-05-27 08:29:23 - [MESSAGE][PASSED] - Object 'Object Repository/Web RoomMe.id\Sign Up Menu\Text Phone Number' is visible

2020-05-27 08:29:23 - [TEST_STEP][PASSED] - verifyElementVisible(findTestObject(obj)): Object 'Object Repository/Web RoomMe.id\Sign Up Menu\Textfield Confirm Password' is visible

2020-05-27 08:29:24 - [MESSAGE][PASSED] - Object 'Object Repository/Web RoomMe.id\Sign Up Menu\Textfield Confirm Password' is visible

2020-05-27 08:29:24 - [TEST_STEP][PASSED] - verifyElementVisible(findTestObject(obj)): Object 'Object Repository/Web RoomMe.id\Sign Up Menu\Textfield Email' is visible

2020-05-27 08:29:24 - [MESSAGE][PASSED] - Object 'Object Repository/Web RoomMe.id\Sign Up Menu\Textfield Email' is visible

2020-05-27 08:29:24 - [TEST_STEP][PASSED] - verifyElementVisible(findTestObject(obj)): Object 'Object Repository/Web RoomMe.id\Sign Up Menu\Textfield Password' is visible

2020-05-27 08:29:24 - [MESSAGE][PASSED] - Object 'Object Repository/Web RoomMe.id\Sign Up Menu\Textfield Password' is visible

2020-05-27 08:29:24 - [TEST_STEP][PASSED] - verifyElementVisible(findTestObject(obj)): Object 'Object Repository/Web RoomMe.id\Sign Up Menu\Textfield Phone Number' is visible

2020-05-27 08:29:25 - [MESSAGE][PASSED] - Object 'Object Repository/Web RoomMe.id\Sign Up Menu\Textfield Phone Number' is visible

2020-05-27 08:29:25 - [MESSAGE][PASSED] - Call Test Case 'Test Cases/Web RoomMe.id/2. Sign Up/Verify Sign Up Menu' successfully

2020-05-27 08:29:25 - [TEST_STEP][PASSED] - waitForElementVisible(findTestObject("Web RoomMe.id/Sign Up Menu/Textfield Email"), 30, STOP_ON_FAILURE): Object 'Object Repository/Web RoomMe.id/Sign Up Menu/Textfield Email' is visible

2020-05-27 08:29:25 - [MESSAGE][PASSED] - Object 'Object Repository/Web RoomMe.id/Sign Up Menu/Textfield Email' is visible

2020-05-27 08:29:25 - [TEST_STEP][PASSED] - setText(findTestObject("Web RoomMe.id/Sign Up Menu/Textfield Email"), "abc123"): Text 'abc123' is set on object 'Object Repository/Web RoomMe.id/Sign Up Menu/Textfield Email'

2020-05-27 08:29:26 - [MESSAGE][PASSED] - Text 'abc123' is set on object 'Object Repository/Web RoomMe.id/Sign Up Menu/Textfield Email'

2020-05-27 08:29:26 - [TEST_STEP][PASSED] - waitForElementVisible(findTestObject("Web RoomMe.id/Sign Up Menu/Error Message/Text Email is not valid"), 30, STOP_ON_FAILURE): Object 'Object Repository/Web RoomMe.id/Sign Up Menu/Error Message/Text Email is not valid' is visible

2020-05-27 08:29:27 - [MESSAGE][PASSED] - Object 'Object Repository/Web RoomMe.id/Sign Up Menu/Error Message/Text Email is not valid' is visible

2020-05-27 08:29:27 - [TEST_STEP][PASSED] - sendKeys(findTestObject("Web RoomMe.id/Sign Up Menu/Textfield Email"), Keys.chord(CONTROL, "a", BACK_SPACE)): Keys 'CONTROL + BACK_SPACE + a' sent to object: 'Object Repository/Web RoomMe.id/Sign Up Menu/Textfield Email'

2020-05-27 08:29:27 - [MESSAGE][PASSED] - Keys 'CONTROL + BACK_SPACE + a' sent to object: 'Object Repository/Web RoomMe.id/Sign Up Menu/Textfield Email'

2020-05-27 08:29:27 - [TEST_STEP][PASSED] - setText(findTestObject("Web RoomMe.id/Sign Up Menu/Textfield Email"), "abc 123"): Text 'abc 123' is set on object 'Object Repository/Web RoomMe.id/Sign Up Menu/Textfield Email'

2020-05-27 08:29:28 - [MESSAGE][PASSED] - Text 'abc 123' is set on object 'Object Repository/Web RoomMe.id/Sign Up Menu/Textfield Email'

2020-05-27 08:29:28 - [TEST_STEP][PASSED] - waitForElementVisible(findTestObject("Web RoomMe.id/Sign Up Menu/Error Message/Text Email is not valid"), 30, STOP_ON_FAILURE): Object 'Object Repository/Web RoomMe.id/Sign Up Menu/Error Message/Text Email is not valid' is visible

2020-05-27 08:29:29 - [MESSAGE][PASSED] - Object 'Object Repository/Web RoomMe.id/Sign Up Menu/Error Message/Text Email is not valid' is visible

2020-05-27 08:29:29 - [TEST_STEP][PASSED] - sendKeys(findTestObject("Web RoomMe.id/Sign Up Menu/Textfield Email"), Keys.chord(CONTROL, "a", BACK_SPACE)): Keys 'CONTROL + BACK_SPACE + a' sent to object: 'Object Repository/Web RoomMe.id/Sign Up Menu/Textfield Email'

2020-05-27 08:29:29 - [MESSAGE][PASSED] - Keys 'CONTROL + BACK_SPACE + a' sent to object: 'Object Repository/Web RoomMe.id/Sign Up Menu/Textfield Email'

2020-05-27 08:29:29 - [TEST_STEP][PASSED] - setText(findTestObject("Web RoomMe.id/Sign Up Menu/Textfield Email"), "!@#$$!@"): Text '!@#$$!@' is set on object 'Object Repository/Web RoomMe.id/Sign Up Menu/Textfield Email'

2020-05-27 08:29:30 - [MESSAGE][PASSED] - Text '!@#$$!@' is set on object 'Object Repository/Web RoomMe.id/Sign Up Menu/Textfield Email'

2020-05-27 08:29:30 - [TEST_STEP][PASSED] - waitForElementVisible(findTestObject("Web RoomMe.id/Sign Up Menu/Error Message/Text Email is not valid"), 30, STOP_ON_FAILURE): Object 'Object Repository/Web RoomMe.id/Sign Up Menu/Error Message/Text Email is not valid' is visible

2020-05-27 08:29:31 - [MESSAGE][PASSED] - Object 'Object Repository/Web RoomMe.id/Sign Up Menu/Error Message/Text Email is not valid' is visible

2020-05-27 08:29:31 - [TEST_STEP][PASSED] - sendKeys(findTestObject("Web RoomMe.id/Sign Up Menu/Textfield Email"), Keys.chord(CONTROL, "a", BACK_SPACE)): Keys 'CONTROL + BACK_SPACE + a' sent to object: 'Object Repository/Web RoomMe.id/Sign Up Menu/Textfield Email'

2020-05-27 08:29:31 - [MESSAGE][PASSED] - Keys 'CONTROL + BACK_SPACE + a' sent to object: 'Object Repository/Web RoomMe.id/Sign Up Menu/Textfield Email'

2020-05-27 08:29:31 - [TEST_STEP][PASSED] - setText(findTestObject("Web RoomMe.id/Sign Up Menu/Textfield Email"), "ab@gmail"): Text 'ab@gmail' is set on object 'Object Repository/Web RoomMe.id/Sign Up Menu/Textfield Email'

2020-05-27 08:29:32 - [MESSAGE][PASSED] - Text 'ab@gmail' is set on object 'Object Repository/Web RoomMe.id/Sign Up Menu/Textfield Email'

2020-05-27 08:29:32 - [TEST_STEP][PASSED] - waitForElementVisible(findTestObject("Web RoomMe.id/Sign Up Menu/Error Message/Text Email is not valid"), 30, STOP_ON_FAILURE): Object 'Object Repository/Web RoomMe.id/Sign Up Menu/Error Message/Text Email is not valid' is visible

2020-05-27 08:29:33 - [MESSAGE][PASSED] - Object 'Object Repository/Web RoomMe.id/Sign Up Menu/Error Message/Text Email is not valid' is visible

2020-05-27 08:29:33 - [TEST_STEP][PASSED] - sendKeys(findTestObject("Web RoomMe.id/Sign Up Menu/Textfield Email"), Keys.chord(CONTROL, "a", BACK_SPACE)): Keys 'CONTROL + BACK_SPACE + a' sent to object: 'Object Repository/Web RoomMe.id/Sign Up Menu/Textfield Email'

2020-05-27 08:29:33 - [MESSAGE][PASSED] - Keys 'CONTROL + BACK_SPACE + a' sent to object: 'Object Repository/Web RoomMe.id/Sign Up Menu/Textfield Email'

2020-05-27 08:29:33 - [TEST_STEP][PASSED] - setText(findTestObject("Web RoomMe.id/Sign Up Menu/Textfield Email"), "ab@.com"): Text 'ab@.com' is set on object 'Object Repository/Web RoomMe.id/Sign Up Menu/Textfield Email'

2020-05-27 08:29:34 - [MESSAGE][PASSED] - Text 'ab@.com' is set on object 'Object Repository/Web RoomMe.id/Sign Up Menu/Textfield Email'

2020-05-27 08:29:34 - [TEST_STEP][PASSED] - waitForElementVisible(findTestObject("Web RoomMe.id/Sign Up Menu/Error Message/Text Email is not valid"), 30, STOP_ON_FAILURE): Object 'Object Repository/Web RoomMe.id/Sign Up Menu/Error Message/Text Email is not valid' is visible

2020-05-27 08:29:35 - [MESSAGE][PASSED] - Object 'Object Repository/Web RoomMe.id/Sign Up Menu/Error Message/Text Email is not valid' is visible

2020-05-27 08:29:35 - [TEST_STEP][PASSED] - sendKeys(findTestObject("Web RoomMe.id/Sign Up Menu/Textfield Email"), Keys.chord(CONTROL, "a", BACK_SPACE)): Keys 'CONTROL + BACK_SPACE + a' sent to object: 'Object Repository/Web RoomMe.id/Sign Up Menu/Textfield Email'

2020-05-27 08:29:35 - [MESSAGE][PASSED] - Keys 'CONTROL + BACK_SPACE + a' sent to object: 'Object Repository/Web RoomMe.id/Sign Up Menu/Textfield Email'

2020-05-27 08:29:35 - [TEST_STEP][PASSED] - setText(findTestObject("Web RoomMe.id/Sign Up Menu/Textfield Email"), "abc 1 2 3@ac.com"): Text 'abc 1 2 3@ac.com' is set on object 'Object Repository/Web RoomMe.id/Sign Up Menu/Textfield Email'

2020-05-27 08:29:36 - [MESSAGE][PASSED] - Text 'abc 1 2 3@ac.com' is set on object 'Object Repository/Web RoomMe.id/Sign Up Menu/Textfield Email'

2020-05-27 08:29:36 - [TEST_STEP][PASSED] - waitForElementVisible(findTestObject("Web RoomMe.id/Sign Up Menu/Error Message/Text Email is not valid"), 30, STOP_ON_FAILURE): Object 'Object Repository/Web RoomMe.id/Sign Up Menu/Error Message/Text Email is not valid' is visible

2020-05-27 08:29:37 - [MESSAGE][PASSED] - Object 'Object Repository/Web RoomMe.id/Sign Up Menu/Error Message/Text Email is not valid' is visible

2020-05-27 08:29:37 - [TEST_STEP][PASSED] - sendKeys(findTestObject("Web RoomMe.id/Sign Up Menu/Textfield Email"), Keys.chord(CONTROL, "a", BACK_SPACE)): Keys 'CONTROL + BACK_SPACE + a' sent to object: 'Object Repository/Web RoomMe.id/Sign Up Menu/Textfield Email'

2020-05-27 08:29:37 - [MESSAGE][PASSED] - Keys 'CONTROL + BACK_SPACE + a' sent to object: 'Object Repository/Web RoomMe.id/Sign Up Menu/Textfield Email']]></system-out>
         <system-err><![CDATA[]]></system-err>
      </testcase>
      <testcase name="Test Cases/Web RoomMe.id/2. Sign Up/5. Customer Input Phone Number with Invalid Format" time="28.066" classname="Test Cases/Web RoomMe.id/2. Sign Up/5. Customer Input Phone Number with Invalid Format" status="PASSED">
         <system-out><![CDATA[2020-05-27 08:29:37 - [TEST_CASE][PASSED] - Test Cases/Web RoomMe.id/2. Sign Up/5. Customer Input Phone Number with Invalid Format: Test Cases/Web RoomMe.id/2. Sign Up/5. Customer Input Phone Number with Invalid Format

2020-05-27 08:29:38 - [TEST_STEP][PASSED] - callTestCase(findTestCase("Web RoomMe.id/1. Homepage/1. Customer Access RoomMe Page"), [:], STOP_ON_FAILURE): Call Test Case 'Test Cases/Web RoomMe.id/1. Homepage/1. Customer Access RoomMe Page' successfully

2020-05-27 08:29:38 - [TEST_CASE][PASSED] - Test Cases/Web RoomMe.id/1. Homepage/1. Customer Access RoomMe Page: Test Cases/Web RoomMe.id/1. Homepage/1. Customer Access RoomMe Page

2020-05-27 08:29:38 - [TEST_STEP][PASSED] - openBrowser(url): Browser is opened with url: 'roomme.id'

2020-05-27 08:29:38 - [MESSAGE][WARNING] - A browser is already opened. Closing browser and opening a new one

2020-05-27 08:29:38 - [MESSAGE][INFO] - Starting 'Chrome' driver

2020-05-27 08:29:48 - [MESSAGE][PASSED] - Browser is opened with url: 'roomme.id'

2020-05-27 08:29:48 - [TEST_STEP][PASSED] - maximizeWindow(): Current window maximized

2020-05-27 08:29:50 - [MESSAGE][PASSED] - Current window maximized

2020-05-27 08:29:50 - [TEST_STEP][PASSED] - waitForPageLoad(0): Wait for page load successfully

2020-05-27 08:29:50 - [MESSAGE][WARNING] - Timeout '0' is invalid. Using default page load timeout: '60'

2020-05-27 08:29:50 - [MESSAGE][PASSED] - Wait for page load successfully

2020-05-27 08:29:50 - [MESSAGE][PASSED] - Call Test Case 'Test Cases/Web RoomMe.id/1. Homepage/1. Customer Access RoomMe Page' successfully

2020-05-27 08:29:50 - [TEST_STEP][PASSED] - callTestCase(findTestCase("Web RoomMe.id/1. Homepage/2. Verify Header RoomMe.id"), [:], STOP_ON_FAILURE): Call Test Case 'Test Cases/Web RoomMe.id/1. Homepage/2. Verify Header RoomMe.id' successfully

2020-05-27 08:29:50 - [TEST_CASE][PASSED] - Test Cases/Web RoomMe.id/1. Homepage/2. Verify Header RoomMe.id: Test Cases/Web RoomMe.id/1. Homepage/2. Verify Header RoomMe.id

2020-05-27 08:29:50 - [TEST_STEP][PASSED] - objectSubFolder = "Web RoomMe.id\RoomMe.id Header\": null

2020-05-27 08:29:50 - [TEST_STEP][PASSED] - pathToObjRep = getProjectDir() + "\Object Repository\" + objectSubFolder: null

2020-05-27 08:29:50 - [TEST_STEP][PASSED] - yourObjects = new java.io.File(pathToObjRep): null

2020-05-27 08:29:50 - [TEST_STEP][PASSED] - fileNames = yourObjects.list(): null

2020-05-27 08:29:50 - [TEST_STEP][PASSED] - testObjects = new java.util.ArrayList(): null

2020-05-27 08:29:50 - [TEST_STEP][PASSED] - for ([i = 0, i < length, (i++)]): null

2020-05-27 08:29:50 - [TEST_STEP][PASSED] - if (fileNames[i].contains(".rs")): null

2020-05-27 08:29:50 - [TEST_STEP][PASSED] - if (fileNames[i].contains(".rs")): null

2020-05-27 08:29:50 - [TEST_STEP][PASSED] - fileNames[i] = fileNames[i].replace(".rs", ""): null

2020-05-27 08:29:50 - [TEST_STEP][PASSED] - testObjects.add(objectSubFolder + fileNames[i]): null

2020-05-27 08:29:50 - [TEST_STEP][PASSED] - if (fileNames[i].contains(".rs")): null

2020-05-27 08:29:50 - [TEST_STEP][PASSED] - fileNames[i] = fileNames[i].replace(".rs", ""): null

2020-05-27 08:29:50 - [TEST_STEP][PASSED] - testObjects.add(objectSubFolder + fileNames[i]): null

2020-05-27 08:29:50 - [TEST_STEP][PASSED] - if (fileNames[i].contains(".rs")): null

2020-05-27 08:29:50 - [TEST_STEP][PASSED] - fileNames[i] = fileNames[i].replace(".rs", ""): null

2020-05-27 08:29:50 - [TEST_STEP][PASSED] - testObjects.add(objectSubFolder + fileNames[i]): null

2020-05-27 08:29:50 - [TEST_STEP][PASSED] - if (fileNames[i].contains(".rs")): null

2020-05-27 08:29:50 - [TEST_STEP][PASSED] - fileNames[i] = fileNames[i].replace(".rs", ""): null

2020-05-27 08:29:50 - [TEST_STEP][PASSED] - testObjects.add(objectSubFolder + fileNames[i]): null

2020-05-27 08:29:50 - [TEST_STEP][PASSED] - if (fileNames[i].contains(".rs")): null

2020-05-27 08:29:50 - [TEST_STEP][PASSED] - for (String obj : testObjects): Object 'Object Repository/Web RoomMe.id\RoomMe.id Header\Image Header Logo' is visible

2020-05-27 08:29:50 - [TEST_STEP][PASSED] - verifyElementVisible(findTestObject(obj)): Object 'Object Repository/Web RoomMe.id\RoomMe.id Header\Button Are You Landlord' is visible

2020-05-27 08:29:51 - [MESSAGE][PASSED] - Object 'Object Repository/Web RoomMe.id\RoomMe.id Header\Button Are You Landlord' is visible

2020-05-27 08:29:51 - [TEST_STEP][PASSED] - verifyElementVisible(findTestObject(obj)): Object 'Object Repository/Web RoomMe.id\RoomMe.id Header\Button Community' is visible

2020-05-27 08:29:51 - [MESSAGE][PASSED] - Object 'Object Repository/Web RoomMe.id\RoomMe.id Header\Button Community' is visible

2020-05-27 08:29:51 - [TEST_STEP][PASSED] - verifyElementVisible(findTestObject(obj)): Object 'Object Repository/Web RoomMe.id\RoomMe.id Header\Button Sign In' is visible

2020-05-27 08:29:51 - [MESSAGE][PASSED] - Object 'Object Repository/Web RoomMe.id\RoomMe.id Header\Button Sign In' is visible

2020-05-27 08:29:51 - [TEST_STEP][PASSED] - verifyElementVisible(findTestObject(obj)): Object 'Object Repository/Web RoomMe.id\RoomMe.id Header\Image Header Logo' is visible

2020-05-27 08:29:52 - [MESSAGE][PASSED] - Object 'Object Repository/Web RoomMe.id\RoomMe.id Header\Image Header Logo' is visible

2020-05-27 08:29:52 - [MESSAGE][PASSED] - Call Test Case 'Test Cases/Web RoomMe.id/1. Homepage/2. Verify Header RoomMe.id' successfully

2020-05-27 08:29:52 - [TEST_STEP][PASSED] - click(findTestObject("Web RoomMe.id/RoomMe.id Header/Button Sign In")): Object: 'Object Repository/Web RoomMe.id/RoomMe.id Header/Button Sign In' is clicked on

2020-05-27 08:29:52 - [MESSAGE][PASSED] - Object: 'Object Repository/Web RoomMe.id/RoomMe.id Header/Button Sign In' is clicked on

2020-05-27 08:29:52 - [TEST_STEP][PASSED] - waitForElementVisible(findTestObject("Web RoomMe.id/Sign In Menu/Button Sign Up"), 0): Object 'Object Repository/Web RoomMe.id/Sign In Menu/Button Sign Up' is visible

2020-05-27 08:29:52 - [MESSAGE][WARNING] - Timeout '0' is invalid. Using default page load timeout: '60'

2020-05-27 08:29:53 - [MESSAGE][PASSED] - Object 'Object Repository/Web RoomMe.id/Sign In Menu/Button Sign Up' is visible

2020-05-27 08:29:53 - [TEST_STEP][PASSED] - click(findTestObject("Web RoomMe.id/Sign In Menu/Button Sign Up")): Object: 'Object Repository/Web RoomMe.id/Sign In Menu/Button Sign Up' is clicked on

2020-05-27 08:29:54 - [MESSAGE][PASSED] - Object: 'Object Repository/Web RoomMe.id/Sign In Menu/Button Sign Up' is clicked on

2020-05-27 08:29:54 - [TEST_STEP][PASSED] - callTestCase(findTestCase("Web RoomMe.id/2. Sign Up/Verify Sign Up Menu"), [:], STOP_ON_FAILURE): Call Test Case 'Test Cases/Web RoomMe.id/2. Sign Up/Verify Sign Up Menu' successfully

2020-05-27 08:29:54 - [TEST_CASE][PASSED] - Test Cases/Web RoomMe.id/2. Sign Up/Verify Sign Up Menu: Test Cases/Web RoomMe.id/2. Sign Up/Verify Sign Up Menu

2020-05-27 08:29:54 - [TEST_STEP][PASSED] - objectSubFolder = "Web RoomMe.id\Sign Up Menu\": null

2020-05-27 08:29:54 - [TEST_STEP][PASSED] - pathToObjRep = getProjectDir() + "\Object Repository\" + objectSubFolder: null

2020-05-27 08:29:54 - [TEST_STEP][PASSED] - yourObjects = new java.io.File(pathToObjRep): null

2020-05-27 08:29:54 - [TEST_STEP][PASSED] - fileNames = yourObjects.list(): null

2020-05-27 08:29:54 - [TEST_STEP][PASSED] - testObjects = new java.util.ArrayList(): null

2020-05-27 08:29:54 - [TEST_STEP][PASSED] - for ([i = 0, i < length, (i++)]): null

2020-05-27 08:29:54 - [TEST_STEP][PASSED] - if (fileNames[i].contains(".rs")): null

2020-05-27 08:29:54 - [TEST_STEP][PASSED] - fileNames[i] = fileNames[i].replace(".rs", ""): null

2020-05-27 08:29:54 - [TEST_STEP][PASSED] - testObjects.add(objectSubFolder + fileNames[i]): null

2020-05-27 08:29:54 - [TEST_STEP][PASSED] - if (fileNames[i].contains(".rs")): null

2020-05-27 08:29:54 - [TEST_STEP][PASSED] - fileNames[i] = fileNames[i].replace(".rs", ""): null

2020-05-27 08:29:54 - [TEST_STEP][PASSED] - testObjects.add(objectSubFolder + fileNames[i]): null

2020-05-27 08:29:54 - [TEST_STEP][PASSED] - if (fileNames[i].contains(".rs")): null

2020-05-27 08:29:54 - [TEST_STEP][PASSED] - if (fileNames[i].contains(".rs")): null

2020-05-27 08:29:54 - [TEST_STEP][PASSED] - fileNames[i] = fileNames[i].replace(".rs", ""): null

2020-05-27 08:29:54 - [TEST_STEP][PASSED] - testObjects.add(objectSubFolder + fileNames[i]): null

2020-05-27 08:29:54 - [TEST_STEP][PASSED] - if (fileNames[i].contains(".rs")): null

2020-05-27 08:29:54 - [TEST_STEP][PASSED] - if (fileNames[i].contains(".rs")): null

2020-05-27 08:29:54 - [TEST_STEP][PASSED] - fileNames[i] = fileNames[i].replace(".rs", ""): null

2020-05-27 08:29:54 - [TEST_STEP][PASSED] - testObjects.add(objectSubFolder + fileNames[i]): null

2020-05-27 08:29:54 - [TEST_STEP][PASSED] - if (fileNames[i].contains(".rs")): null

2020-05-27 08:29:54 - [TEST_STEP][PASSED] - fileNames[i] = fileNames[i].replace(".rs", ""): null

2020-05-27 08:29:54 - [TEST_STEP][PASSED] - testObjects.add(objectSubFolder + fileNames[i]): null

2020-05-27 08:29:54 - [TEST_STEP][PASSED] - if (fileNames[i].contains(".rs")): null

2020-05-27 08:29:54 - [TEST_STEP][PASSED] - fileNames[i] = fileNames[i].replace(".rs", ""): null

2020-05-27 08:29:54 - [TEST_STEP][PASSED] - testObjects.add(objectSubFolder + fileNames[i]): null

2020-05-27 08:29:54 - [TEST_STEP][PASSED] - if (fileNames[i].contains(".rs")): null

2020-05-27 08:29:54 - [TEST_STEP][PASSED] - fileNames[i] = fileNames[i].replace(".rs", ""): null

2020-05-27 08:29:54 - [TEST_STEP][PASSED] - testObjects.add(objectSubFolder + fileNames[i]): null

2020-05-27 08:29:54 - [TEST_STEP][PASSED] - if (fileNames[i].contains(".rs")): null

2020-05-27 08:29:54 - [TEST_STEP][PASSED] - fileNames[i] = fileNames[i].replace(".rs", ""): null

2020-05-27 08:29:54 - [TEST_STEP][PASSED] - testObjects.add(objectSubFolder + fileNames[i]): null

2020-05-27 08:29:54 - [TEST_STEP][PASSED] - if (fileNames[i].contains(".rs")): null

2020-05-27 08:29:54 - [TEST_STEP][PASSED] - fileNames[i] = fileNames[i].replace(".rs", ""): null

2020-05-27 08:29:54 - [TEST_STEP][PASSED] - testObjects.add(objectSubFolder + fileNames[i]): null

2020-05-27 08:29:54 - [TEST_STEP][PASSED] - if (fileNames[i].contains(".rs")): null

2020-05-27 08:29:54 - [TEST_STEP][PASSED] - fileNames[i] = fileNames[i].replace(".rs", ""): null

2020-05-27 08:29:54 - [TEST_STEP][PASSED] - testObjects.add(objectSubFolder + fileNames[i]): null

2020-05-27 08:29:54 - [TEST_STEP][PASSED] - if (fileNames[i].contains(".rs")): null

2020-05-27 08:29:54 - [TEST_STEP][PASSED] - fileNames[i] = fileNames[i].replace(".rs", ""): null

2020-05-27 08:29:54 - [TEST_STEP][PASSED] - testObjects.add(objectSubFolder + fileNames[i]): null

2020-05-27 08:29:54 - [TEST_STEP][PASSED] - if (fileNames[i].contains(".rs")): null

2020-05-27 08:29:54 - [TEST_STEP][PASSED] - fileNames[i] = fileNames[i].replace(".rs", ""): null

2020-05-27 08:29:54 - [TEST_STEP][PASSED] - testObjects.add(objectSubFolder + fileNames[i]): null

2020-05-27 08:29:54 - [TEST_STEP][PASSED] - if (fileNames[i].contains(".rs")): null

2020-05-27 08:29:54 - [TEST_STEP][PASSED] - fileNames[i] = fileNames[i].replace(".rs", ""): null

2020-05-27 08:29:54 - [TEST_STEP][PASSED] - testObjects.add(objectSubFolder + fileNames[i]): null

2020-05-27 08:29:54 - [TEST_STEP][PASSED] - for (String obj : testObjects): Object 'Object Repository/Web RoomMe.id\Sign Up Menu\Textfield Phone Number' is visible

2020-05-27 08:29:54 - [TEST_STEP][PASSED] - verifyElementVisible(findTestObject(obj)): Object 'Object Repository/Web RoomMe.id\Sign Up Menu\Button Sign In' is visible

2020-05-27 08:29:54 - [MESSAGE][PASSED] - Object 'Object Repository/Web RoomMe.id\Sign Up Menu\Button Sign In' is visible

2020-05-27 08:29:54 - [TEST_STEP][PASSED] - verifyElementVisible(findTestObject(obj)): Object 'Object Repository/Web RoomMe.id\Sign Up Menu\Button Sign Up' is visible

2020-05-27 08:29:54 - [MESSAGE][PASSED] - Object 'Object Repository/Web RoomMe.id\Sign Up Menu\Button Sign Up' is visible

2020-05-27 08:29:54 - [TEST_STEP][PASSED] - verifyElementVisible(findTestObject(obj)): Object 'Object Repository/Web RoomMe.id\Sign Up Menu\Name Textfield' is visible

2020-05-27 08:29:55 - [MESSAGE][PASSED] - Object 'Object Repository/Web RoomMe.id\Sign Up Menu\Name Textfield' is visible

2020-05-27 08:29:55 - [TEST_STEP][PASSED] - verifyElementVisible(findTestObject(obj)): Object 'Object Repository/Web RoomMe.id\Sign Up Menu\Text Are you have an account' is visible

2020-05-27 08:29:55 - [MESSAGE][PASSED] - Object 'Object Repository/Web RoomMe.id\Sign Up Menu\Text Are you have an account' is visible

2020-05-27 08:29:55 - [TEST_STEP][PASSED] - verifyElementVisible(findTestObject(obj)): Object 'Object Repository/Web RoomMe.id\Sign Up Menu\Text Confirm Password' is visible

2020-05-27 08:29:55 - [MESSAGE][PASSED] - Object 'Object Repository/Web RoomMe.id\Sign Up Menu\Text Confirm Password' is visible

2020-05-27 08:29:55 - [TEST_STEP][PASSED] - verifyElementVisible(findTestObject(obj)): Object 'Object Repository/Web RoomMe.id\Sign Up Menu\Text Email Address' is visible

2020-05-27 08:29:56 - [MESSAGE][PASSED] - Object 'Object Repository/Web RoomMe.id\Sign Up Menu\Text Email Address' is visible

2020-05-27 08:29:56 - [TEST_STEP][PASSED] - verifyElementVisible(findTestObject(obj)): Object 'Object Repository/Web RoomMe.id\Sign Up Menu\Text Full Name' is visible

2020-05-27 08:29:56 - [MESSAGE][PASSED] - Object 'Object Repository/Web RoomMe.id\Sign Up Menu\Text Full Name' is visible

2020-05-27 08:29:56 - [TEST_STEP][PASSED] - verifyElementVisible(findTestObject(obj)): Object 'Object Repository/Web RoomMe.id\Sign Up Menu\Text Password' is visible

2020-05-27 08:29:56 - [MESSAGE][PASSED] - Object 'Object Repository/Web RoomMe.id\Sign Up Menu\Text Password' is visible

2020-05-27 08:29:56 - [TEST_STEP][PASSED] - verifyElementVisible(findTestObject(obj)): Object 'Object Repository/Web RoomMe.id\Sign Up Menu\Text Phone Number' is visible

2020-05-27 08:29:57 - [MESSAGE][PASSED] - Object 'Object Repository/Web RoomMe.id\Sign Up Menu\Text Phone Number' is visible

2020-05-27 08:29:57 - [TEST_STEP][PASSED] - verifyElementVisible(findTestObject(obj)): Object 'Object Repository/Web RoomMe.id\Sign Up Menu\Textfield Confirm Password' is visible

2020-05-27 08:29:57 - [MESSAGE][PASSED] - Object 'Object Repository/Web RoomMe.id\Sign Up Menu\Textfield Confirm Password' is visible

2020-05-27 08:29:57 - [TEST_STEP][PASSED] - verifyElementVisible(findTestObject(obj)): Object 'Object Repository/Web RoomMe.id\Sign Up Menu\Textfield Email' is visible

2020-05-27 08:29:57 - [MESSAGE][PASSED] - Object 'Object Repository/Web RoomMe.id\Sign Up Menu\Textfield Email' is visible

2020-05-27 08:29:57 - [TEST_STEP][PASSED] - verifyElementVisible(findTestObject(obj)): Object 'Object Repository/Web RoomMe.id\Sign Up Menu\Textfield Password' is visible

2020-05-27 08:29:58 - [MESSAGE][PASSED] - Object 'Object Repository/Web RoomMe.id\Sign Up Menu\Textfield Password' is visible

2020-05-27 08:29:58 - [TEST_STEP][PASSED] - verifyElementVisible(findTestObject(obj)): Object 'Object Repository/Web RoomMe.id\Sign Up Menu\Textfield Phone Number' is visible

2020-05-27 08:29:58 - [MESSAGE][PASSED] - Object 'Object Repository/Web RoomMe.id\Sign Up Menu\Textfield Phone Number' is visible

2020-05-27 08:29:58 - [MESSAGE][PASSED] - Call Test Case 'Test Cases/Web RoomMe.id/2. Sign Up/Verify Sign Up Menu' successfully

2020-05-27 08:29:58 - [TEST_STEP][PASSED] - waitForElementVisible(findTestObject("Web RoomMe.id/Sign Up Menu/Textfield Phone Number"), 30, STOP_ON_FAILURE): Object 'Object Repository/Web RoomMe.id/Sign Up Menu/Textfield Phone Number' is visible

2020-05-27 08:29:58 - [MESSAGE][PASSED] - Object 'Object Repository/Web RoomMe.id/Sign Up Menu/Textfield Phone Number' is visible

2020-05-27 08:29:58 - [TEST_STEP][PASSED] - setText(findTestObject("Web RoomMe.id/Sign Up Menu/Textfield Phone Number"), "abcdefghij"): Text 'abcdefghij' is set on object 'Object Repository/Web RoomMe.id/Sign Up Menu/Textfield Phone Number'

2020-05-27 08:29:59 - [MESSAGE][PASSED] - Text 'abcdefghij' is set on object 'Object Repository/Web RoomMe.id/Sign Up Menu/Textfield Phone Number'

2020-05-27 08:29:59 - [TEST_STEP][PASSED] - waitForElementVisible(findTestObject("Web RoomMe.id/Sign Up Menu/Error Message/Text Invalid phone number"), 30, STOP_ON_FAILURE): Object 'Object Repository/Web RoomMe.id/Sign Up Menu/Error Message/Text Invalid phone number' is visible

2020-05-27 08:29:59 - [MESSAGE][PASSED] - Object 'Object Repository/Web RoomMe.id/Sign Up Menu/Error Message/Text Invalid phone number' is visible

2020-05-27 08:29:59 - [TEST_STEP][PASSED] - sendKeys(findTestObject("Web RoomMe.id/Sign Up Menu/Textfield Phone Number"), Keys.chord(CONTROL, "a", BACK_SPACE)): Keys 'CONTROL + BACK_SPACE + a' sent to object: 'Object Repository/Web RoomMe.id/Sign Up Menu/Textfield Phone Number'

2020-05-27 08:30:00 - [MESSAGE][PASSED] - Keys 'CONTROL + BACK_SPACE + a' sent to object: 'Object Repository/Web RoomMe.id/Sign Up Menu/Textfield Phone Number'

2020-05-27 08:30:00 - [TEST_STEP][PASSED] - setText(findTestObject("Web RoomMe.id/Sign Up Menu/Textfield Phone Number"), "12345abcde"): Text '12345abcde' is set on object 'Object Repository/Web RoomMe.id/Sign Up Menu/Textfield Phone Number'

2020-05-27 08:30:00 - [MESSAGE][PASSED] - Text '12345abcde' is set on object 'Object Repository/Web RoomMe.id/Sign Up Menu/Textfield Phone Number'

2020-05-27 08:30:00 - [TEST_STEP][PASSED] - waitForElementVisible(findTestObject("Web RoomMe.id/Sign Up Menu/Error Message/Text Invalid phone number"), 30, STOP_ON_FAILURE): Object 'Object Repository/Web RoomMe.id/Sign Up Menu/Error Message/Text Invalid phone number' is visible

2020-05-27 08:30:01 - [MESSAGE][PASSED] - Object 'Object Repository/Web RoomMe.id/Sign Up Menu/Error Message/Text Invalid phone number' is visible

2020-05-27 08:30:01 - [TEST_STEP][PASSED] - sendKeys(findTestObject("Web RoomMe.id/Sign Up Menu/Textfield Phone Number"), Keys.chord(CONTROL, "a", BACK_SPACE)): Keys 'CONTROL + BACK_SPACE + a' sent to object: 'Object Repository/Web RoomMe.id/Sign Up Menu/Textfield Phone Number'

2020-05-27 08:30:02 - [MESSAGE][PASSED] - Keys 'CONTROL + BACK_SPACE + a' sent to object: 'Object Repository/Web RoomMe.id/Sign Up Menu/Textfield Phone Number'

2020-05-27 08:30:02 - [TEST_STEP][PASSED] - setText(findTestObject("Web RoomMe.id/Sign Up Menu/Textfield Phone Number"), "08123456 7890"): Text '08123456 7890' is set on object 'Object Repository/Web RoomMe.id/Sign Up Menu/Textfield Phone Number'

2020-05-27 08:30:03 - [MESSAGE][PASSED] - Text '08123456 7890' is set on object 'Object Repository/Web RoomMe.id/Sign Up Menu/Textfield Phone Number'

2020-05-27 08:30:03 - [TEST_STEP][PASSED] - waitForElementVisible(findTestObject("Web RoomMe.id/Sign Up Menu/Error Message/Text Invalid phone number"), 30, STOP_ON_FAILURE): Object 'Object Repository/Web RoomMe.id/Sign Up Menu/Error Message/Text Invalid phone number' is visible

2020-05-27 08:30:04 - [MESSAGE][PASSED] - Object 'Object Repository/Web RoomMe.id/Sign Up Menu/Error Message/Text Invalid phone number' is visible

2020-05-27 08:30:04 - [TEST_STEP][PASSED] - sendKeys(findTestObject("Web RoomMe.id/Sign Up Menu/Textfield Phone Number"), Keys.chord(CONTROL, "a", BACK_SPACE)): Keys 'CONTROL + BACK_SPACE + a' sent to object: 'Object Repository/Web RoomMe.id/Sign Up Menu/Textfield Phone Number'

2020-05-27 08:30:04 - [MESSAGE][PASSED] - Keys 'CONTROL + BACK_SPACE + a' sent to object: 'Object Repository/Web RoomMe.id/Sign Up Menu/Textfield Phone Number'

2020-05-27 08:30:04 - [TEST_STEP][PASSED] - setText(findTestObject("Web RoomMe.id/Sign Up Menu/Textfield Phone Number"), "!@#$%^&*()"): Text '!@#$%^&*()' is set on object 'Object Repository/Web RoomMe.id/Sign Up Menu/Textfield Phone Number'

2020-05-27 08:30:05 - [MESSAGE][PASSED] - Text '!@#$%^&*()' is set on object 'Object Repository/Web RoomMe.id/Sign Up Menu/Textfield Phone Number'

2020-05-27 08:30:05 - [TEST_STEP][PASSED] - waitForElementVisible(findTestObject("Web RoomMe.id/Sign Up Menu/Error Message/Text Invalid phone number"), 30, STOP_ON_FAILURE): Object 'Object Repository/Web RoomMe.id/Sign Up Menu/Error Message/Text Invalid phone number' is visible

2020-05-27 08:30:05 - [MESSAGE][PASSED] - Object 'Object Repository/Web RoomMe.id/Sign Up Menu/Error Message/Text Invalid phone number' is visible

2020-05-27 08:30:05 - [TEST_STEP][PASSED] - sendKeys(findTestObject("Web RoomMe.id/Sign Up Menu/Textfield Phone Number"), Keys.chord(CONTROL, "a", BACK_SPACE)): Keys 'CONTROL + BACK_SPACE + a' sent to object: 'Object Repository/Web RoomMe.id/Sign Up Menu/Textfield Phone Number'

2020-05-27 08:30:05 - [MESSAGE][PASSED] - Keys 'CONTROL + BACK_SPACE + a' sent to object: 'Object Repository/Web RoomMe.id/Sign Up Menu/Textfield Phone Number']]></system-out>
         <system-err><![CDATA[]]></system-err>
      </testcase>
      <testcase name="Test Cases/Web RoomMe.id/2. Sign Up/6. Customer Input Password with Invalid Format" time="34.483" classname="Test Cases/Web RoomMe.id/2. Sign Up/6. Customer Input Password with Invalid Format" status="PASSED">
         <system-out><![CDATA[2020-05-27 08:30:05 - [TEST_CASE][PASSED] - Test Cases/Web RoomMe.id/2. Sign Up/6. Customer Input Password with Invalid Format: Test Cases/Web RoomMe.id/2. Sign Up/6. Customer Input Password with Invalid Format

2020-05-27 08:30:06 - [TEST_STEP][PASSED] - callTestCase(findTestCase("Web RoomMe.id/1. Homepage/1. Customer Access RoomMe Page"), [:], STOP_ON_FAILURE): Call Test Case 'Test Cases/Web RoomMe.id/1. Homepage/1. Customer Access RoomMe Page' successfully

2020-05-27 08:30:06 - [TEST_CASE][PASSED] - Test Cases/Web RoomMe.id/1. Homepage/1. Customer Access RoomMe Page: Test Cases/Web RoomMe.id/1. Homepage/1. Customer Access RoomMe Page

2020-05-27 08:30:06 - [TEST_STEP][PASSED] - openBrowser(url): Browser is opened with url: 'roomme.id'

2020-05-27 08:30:06 - [MESSAGE][WARNING] - A browser is already opened. Closing browser and opening a new one

2020-05-27 08:30:06 - [MESSAGE][INFO] - Starting 'Chrome' driver

2020-05-27 08:30:18 - [MESSAGE][PASSED] - Browser is opened with url: 'roomme.id'

2020-05-27 08:30:18 - [TEST_STEP][PASSED] - maximizeWindow(): Current window maximized

2020-05-27 08:30:20 - [MESSAGE][PASSED] - Current window maximized

2020-05-27 08:30:20 - [TEST_STEP][PASSED] - waitForPageLoad(0): Wait for page load successfully

2020-05-27 08:30:20 - [MESSAGE][WARNING] - Timeout '0' is invalid. Using default page load timeout: '60'

2020-05-27 08:30:21 - [MESSAGE][PASSED] - Wait for page load successfully

2020-05-27 08:30:21 - [MESSAGE][PASSED] - Call Test Case 'Test Cases/Web RoomMe.id/1. Homepage/1. Customer Access RoomMe Page' successfully

2020-05-27 08:30:21 - [TEST_STEP][PASSED] - callTestCase(findTestCase("Web RoomMe.id/1. Homepage/2. Verify Header RoomMe.id"), [:], STOP_ON_FAILURE): Call Test Case 'Test Cases/Web RoomMe.id/1. Homepage/2. Verify Header RoomMe.id' successfully

2020-05-27 08:30:21 - [TEST_CASE][PASSED] - Test Cases/Web RoomMe.id/1. Homepage/2. Verify Header RoomMe.id: Test Cases/Web RoomMe.id/1. Homepage/2. Verify Header RoomMe.id

2020-05-27 08:30:21 - [TEST_STEP][PASSED] - objectSubFolder = "Web RoomMe.id\RoomMe.id Header\": null

2020-05-27 08:30:21 - [TEST_STEP][PASSED] - pathToObjRep = getProjectDir() + "\Object Repository\" + objectSubFolder: null

2020-05-27 08:30:21 - [TEST_STEP][PASSED] - yourObjects = new java.io.File(pathToObjRep): null

2020-05-27 08:30:21 - [TEST_STEP][PASSED] - fileNames = yourObjects.list(): null

2020-05-27 08:30:21 - [TEST_STEP][PASSED] - testObjects = new java.util.ArrayList(): null

2020-05-27 08:30:21 - [TEST_STEP][PASSED] - for ([i = 0, i < length, (i++)]): null

2020-05-27 08:30:21 - [TEST_STEP][PASSED] - if (fileNames[i].contains(".rs")): null

2020-05-27 08:30:21 - [TEST_STEP][PASSED] - if (fileNames[i].contains(".rs")): null

2020-05-27 08:30:21 - [TEST_STEP][PASSED] - fileNames[i] = fileNames[i].replace(".rs", ""): null

2020-05-27 08:30:21 - [TEST_STEP][PASSED] - testObjects.add(objectSubFolder + fileNames[i]): null

2020-05-27 08:30:21 - [TEST_STEP][PASSED] - if (fileNames[i].contains(".rs")): null

2020-05-27 08:30:21 - [TEST_STEP][PASSED] - fileNames[i] = fileNames[i].replace(".rs", ""): null

2020-05-27 08:30:21 - [TEST_STEP][PASSED] - testObjects.add(objectSubFolder + fileNames[i]): null

2020-05-27 08:30:21 - [TEST_STEP][PASSED] - if (fileNames[i].contains(".rs")): null

2020-05-27 08:30:21 - [TEST_STEP][PASSED] - fileNames[i] = fileNames[i].replace(".rs", ""): null

2020-05-27 08:30:21 - [TEST_STEP][PASSED] - testObjects.add(objectSubFolder + fileNames[i]): null

2020-05-27 08:30:21 - [TEST_STEP][PASSED] - if (fileNames[i].contains(".rs")): null

2020-05-27 08:30:21 - [TEST_STEP][PASSED] - fileNames[i] = fileNames[i].replace(".rs", ""): null

2020-05-27 08:30:21 - [TEST_STEP][PASSED] - testObjects.add(objectSubFolder + fileNames[i]): null

2020-05-27 08:30:21 - [TEST_STEP][PASSED] - if (fileNames[i].contains(".rs")): null

2020-05-27 08:30:21 - [TEST_STEP][PASSED] - for (String obj : testObjects): Object 'Object Repository/Web RoomMe.id\RoomMe.id Header\Image Header Logo' is visible

2020-05-27 08:30:21 - [TEST_STEP][PASSED] - verifyElementVisible(findTestObject(obj)): Object 'Object Repository/Web RoomMe.id\RoomMe.id Header\Button Are You Landlord' is visible

2020-05-27 08:30:22 - [MESSAGE][PASSED] - Object 'Object Repository/Web RoomMe.id\RoomMe.id Header\Button Are You Landlord' is visible

2020-05-27 08:30:22 - [TEST_STEP][PASSED] - verifyElementVisible(findTestObject(obj)): Object 'Object Repository/Web RoomMe.id\RoomMe.id Header\Button Community' is visible

2020-05-27 08:30:22 - [MESSAGE][PASSED] - Object 'Object Repository/Web RoomMe.id\RoomMe.id Header\Button Community' is visible

2020-05-27 08:30:22 - [TEST_STEP][PASSED] - verifyElementVisible(findTestObject(obj)): Object 'Object Repository/Web RoomMe.id\RoomMe.id Header\Button Sign In' is visible

2020-05-27 08:30:22 - [MESSAGE][PASSED] - Object 'Object Repository/Web RoomMe.id\RoomMe.id Header\Button Sign In' is visible

2020-05-27 08:30:22 - [TEST_STEP][PASSED] - verifyElementVisible(findTestObject(obj)): Object 'Object Repository/Web RoomMe.id\RoomMe.id Header\Image Header Logo' is visible

2020-05-27 08:30:23 - [MESSAGE][PASSED] - Object 'Object Repository/Web RoomMe.id\RoomMe.id Header\Image Header Logo' is visible

2020-05-27 08:30:23 - [MESSAGE][PASSED] - Call Test Case 'Test Cases/Web RoomMe.id/1. Homepage/2. Verify Header RoomMe.id' successfully

2020-05-27 08:30:23 - [TEST_STEP][PASSED] - click(findTestObject("Web RoomMe.id/RoomMe.id Header/Button Sign In")): Object: 'Object Repository/Web RoomMe.id/RoomMe.id Header/Button Sign In' is clicked on

2020-05-27 08:30:23 - [MESSAGE][PASSED] - Object: 'Object Repository/Web RoomMe.id/RoomMe.id Header/Button Sign In' is clicked on

2020-05-27 08:30:23 - [TEST_STEP][PASSED] - waitForElementVisible(findTestObject("Web RoomMe.id/Sign In Menu/Button Sign Up"), 0): Object 'Object Repository/Web RoomMe.id/Sign In Menu/Button Sign Up' is visible

2020-05-27 08:30:23 - [MESSAGE][WARNING] - Timeout '0' is invalid. Using default page load timeout: '60'

2020-05-27 08:30:23 - [MESSAGE][PASSED] - Object 'Object Repository/Web RoomMe.id/Sign In Menu/Button Sign Up' is visible

2020-05-27 08:30:23 - [TEST_STEP][PASSED] - click(findTestObject("Web RoomMe.id/Sign In Menu/Button Sign Up")): Object: 'Object Repository/Web RoomMe.id/Sign In Menu/Button Sign Up' is clicked on

2020-05-27 08:30:24 - [MESSAGE][PASSED] - Object: 'Object Repository/Web RoomMe.id/Sign In Menu/Button Sign Up' is clicked on

2020-05-27 08:30:24 - [TEST_STEP][PASSED] - callTestCase(findTestCase("Web RoomMe.id/2. Sign Up/Verify Sign Up Menu"), [:], STOP_ON_FAILURE): Call Test Case 'Test Cases/Web RoomMe.id/2. Sign Up/Verify Sign Up Menu' successfully

2020-05-27 08:30:24 - [TEST_CASE][PASSED] - Test Cases/Web RoomMe.id/2. Sign Up/Verify Sign Up Menu: Test Cases/Web RoomMe.id/2. Sign Up/Verify Sign Up Menu

2020-05-27 08:30:24 - [TEST_STEP][PASSED] - objectSubFolder = "Web RoomMe.id\Sign Up Menu\": null

2020-05-27 08:30:24 - [TEST_STEP][PASSED] - pathToObjRep = getProjectDir() + "\Object Repository\" + objectSubFolder: null

2020-05-27 08:30:24 - [TEST_STEP][PASSED] - yourObjects = new java.io.File(pathToObjRep): null

2020-05-27 08:30:24 - [TEST_STEP][PASSED] - fileNames = yourObjects.list(): null

2020-05-27 08:30:24 - [TEST_STEP][PASSED] - testObjects = new java.util.ArrayList(): null

2020-05-27 08:30:24 - [TEST_STEP][PASSED] - for ([i = 0, i < length, (i++)]): null

2020-05-27 08:30:24 - [TEST_STEP][PASSED] - if (fileNames[i].contains(".rs")): null

2020-05-27 08:30:24 - [TEST_STEP][PASSED] - fileNames[i] = fileNames[i].replace(".rs", ""): null

2020-05-27 08:30:24 - [TEST_STEP][PASSED] - testObjects.add(objectSubFolder + fileNames[i]): null

2020-05-27 08:30:24 - [TEST_STEP][PASSED] - if (fileNames[i].contains(".rs")): null

2020-05-27 08:30:24 - [TEST_STEP][PASSED] - fileNames[i] = fileNames[i].replace(".rs", ""): null

2020-05-27 08:30:24 - [TEST_STEP][PASSED] - testObjects.add(objectSubFolder + fileNames[i]): null

2020-05-27 08:30:24 - [TEST_STEP][PASSED] - if (fileNames[i].contains(".rs")): null

2020-05-27 08:30:24 - [TEST_STEP][PASSED] - if (fileNames[i].contains(".rs")): null

2020-05-27 08:30:24 - [TEST_STEP][PASSED] - fileNames[i] = fileNames[i].replace(".rs", ""): null

2020-05-27 08:30:24 - [TEST_STEP][PASSED] - testObjects.add(objectSubFolder + fileNames[i]): null

2020-05-27 08:30:24 - [TEST_STEP][PASSED] - if (fileNames[i].contains(".rs")): null

2020-05-27 08:30:24 - [TEST_STEP][PASSED] - if (fileNames[i].contains(".rs")): null

2020-05-27 08:30:24 - [TEST_STEP][PASSED] - fileNames[i] = fileNames[i].replace(".rs", ""): null

2020-05-27 08:30:24 - [TEST_STEP][PASSED] - testObjects.add(objectSubFolder + fileNames[i]): null

2020-05-27 08:30:24 - [TEST_STEP][PASSED] - if (fileNames[i].contains(".rs")): null

2020-05-27 08:30:24 - [TEST_STEP][PASSED] - fileNames[i] = fileNames[i].replace(".rs", ""): null

2020-05-27 08:30:24 - [TEST_STEP][PASSED] - testObjects.add(objectSubFolder + fileNames[i]): null

2020-05-27 08:30:24 - [TEST_STEP][PASSED] - if (fileNames[i].contains(".rs")): null

2020-05-27 08:30:24 - [TEST_STEP][PASSED] - fileNames[i] = fileNames[i].replace(".rs", ""): null

2020-05-27 08:30:24 - [TEST_STEP][PASSED] - testObjects.add(objectSubFolder + fileNames[i]): null

2020-05-27 08:30:24 - [TEST_STEP][PASSED] - if (fileNames[i].contains(".rs")): null

2020-05-27 08:30:24 - [TEST_STEP][PASSED] - fileNames[i] = fileNames[i].replace(".rs", ""): null

2020-05-27 08:30:24 - [TEST_STEP][PASSED] - testObjects.add(objectSubFolder + fileNames[i]): null

2020-05-27 08:30:24 - [TEST_STEP][PASSED] - if (fileNames[i].contains(".rs")): null

2020-05-27 08:30:24 - [TEST_STEP][PASSED] - fileNames[i] = fileNames[i].replace(".rs", ""): null

2020-05-27 08:30:24 - [TEST_STEP][PASSED] - testObjects.add(objectSubFolder + fileNames[i]): null

2020-05-27 08:30:24 - [TEST_STEP][PASSED] - if (fileNames[i].contains(".rs")): null

2020-05-27 08:30:24 - [TEST_STEP][PASSED] - fileNames[i] = fileNames[i].replace(".rs", ""): null

2020-05-27 08:30:24 - [TEST_STEP][PASSED] - testObjects.add(objectSubFolder + fileNames[i]): null

2020-05-27 08:30:24 - [TEST_STEP][PASSED] - if (fileNames[i].contains(".rs")): null

2020-05-27 08:30:24 - [TEST_STEP][PASSED] - fileNames[i] = fileNames[i].replace(".rs", ""): null

2020-05-27 08:30:24 - [TEST_STEP][PASSED] - testObjects.add(objectSubFolder + fileNames[i]): null

2020-05-27 08:30:24 - [TEST_STEP][PASSED] - if (fileNames[i].contains(".rs")): null

2020-05-27 08:30:24 - [TEST_STEP][PASSED] - fileNames[i] = fileNames[i].replace(".rs", ""): null

2020-05-27 08:30:24 - [TEST_STEP][PASSED] - testObjects.add(objectSubFolder + fileNames[i]): null

2020-05-27 08:30:24 - [TEST_STEP][PASSED] - if (fileNames[i].contains(".rs")): null

2020-05-27 08:30:24 - [TEST_STEP][PASSED] - fileNames[i] = fileNames[i].replace(".rs", ""): null

2020-05-27 08:30:24 - [TEST_STEP][PASSED] - testObjects.add(objectSubFolder + fileNames[i]): null

2020-05-27 08:30:24 - [TEST_STEP][PASSED] - if (fileNames[i].contains(".rs")): null

2020-05-27 08:30:24 - [TEST_STEP][PASSED] - fileNames[i] = fileNames[i].replace(".rs", ""): null

2020-05-27 08:30:24 - [TEST_STEP][PASSED] - testObjects.add(objectSubFolder + fileNames[i]): null

2020-05-27 08:30:24 - [TEST_STEP][PASSED] - for (String obj : testObjects): Object 'Object Repository/Web RoomMe.id\Sign Up Menu\Textfield Phone Number' is visible

2020-05-27 08:30:24 - [TEST_STEP][PASSED] - verifyElementVisible(findTestObject(obj)): Object 'Object Repository/Web RoomMe.id\Sign Up Menu\Button Sign In' is visible

2020-05-27 08:30:24 - [MESSAGE][PASSED] - Object 'Object Repository/Web RoomMe.id\Sign Up Menu\Button Sign In' is visible

2020-05-27 08:30:24 - [TEST_STEP][PASSED] - verifyElementVisible(findTestObject(obj)): Object 'Object Repository/Web RoomMe.id\Sign Up Menu\Button Sign Up' is visible

2020-05-27 08:30:25 - [MESSAGE][PASSED] - Object 'Object Repository/Web RoomMe.id\Sign Up Menu\Button Sign Up' is visible

2020-05-27 08:30:25 - [TEST_STEP][PASSED] - verifyElementVisible(findTestObject(obj)): Object 'Object Repository/Web RoomMe.id\Sign Up Menu\Name Textfield' is visible

2020-05-27 08:30:25 - [MESSAGE][PASSED] - Object 'Object Repository/Web RoomMe.id\Sign Up Menu\Name Textfield' is visible

2020-05-27 08:30:25 - [TEST_STEP][PASSED] - verifyElementVisible(findTestObject(obj)): Object 'Object Repository/Web RoomMe.id\Sign Up Menu\Text Are you have an account' is visible

2020-05-27 08:30:25 - [MESSAGE][PASSED] - Object 'Object Repository/Web RoomMe.id\Sign Up Menu\Text Are you have an account' is visible

2020-05-27 08:30:25 - [TEST_STEP][PASSED] - verifyElementVisible(findTestObject(obj)): Object 'Object Repository/Web RoomMe.id\Sign Up Menu\Text Confirm Password' is visible

2020-05-27 08:30:26 - [MESSAGE][PASSED] - Object 'Object Repository/Web RoomMe.id\Sign Up Menu\Text Confirm Password' is visible

2020-05-27 08:30:26 - [TEST_STEP][PASSED] - verifyElementVisible(findTestObject(obj)): Object 'Object Repository/Web RoomMe.id\Sign Up Menu\Text Email Address' is visible

2020-05-27 08:30:26 - [MESSAGE][PASSED] - Object 'Object Repository/Web RoomMe.id\Sign Up Menu\Text Email Address' is visible

2020-05-27 08:30:26 - [TEST_STEP][PASSED] - verifyElementVisible(findTestObject(obj)): Object 'Object Repository/Web RoomMe.id\Sign Up Menu\Text Full Name' is visible

2020-05-27 08:30:27 - [MESSAGE][PASSED] - Object 'Object Repository/Web RoomMe.id\Sign Up Menu\Text Full Name' is visible

2020-05-27 08:30:27 - [TEST_STEP][PASSED] - verifyElementVisible(findTestObject(obj)): Object 'Object Repository/Web RoomMe.id\Sign Up Menu\Text Password' is visible

2020-05-27 08:30:27 - [MESSAGE][PASSED] - Object 'Object Repository/Web RoomMe.id\Sign Up Menu\Text Password' is visible

2020-05-27 08:30:27 - [TEST_STEP][PASSED] - verifyElementVisible(findTestObject(obj)): Object 'Object Repository/Web RoomMe.id\Sign Up Menu\Text Phone Number' is visible

2020-05-27 08:30:27 - [MESSAGE][PASSED] - Object 'Object Repository/Web RoomMe.id\Sign Up Menu\Text Phone Number' is visible

2020-05-27 08:30:27 - [TEST_STEP][PASSED] - verifyElementVisible(findTestObject(obj)): Object 'Object Repository/Web RoomMe.id\Sign Up Menu\Textfield Confirm Password' is visible

2020-05-27 08:30:28 - [MESSAGE][PASSED] - Object 'Object Repository/Web RoomMe.id\Sign Up Menu\Textfield Confirm Password' is visible

2020-05-27 08:30:28 - [TEST_STEP][PASSED] - verifyElementVisible(findTestObject(obj)): Object 'Object Repository/Web RoomMe.id\Sign Up Menu\Textfield Email' is visible

2020-05-27 08:30:28 - [MESSAGE][PASSED] - Object 'Object Repository/Web RoomMe.id\Sign Up Menu\Textfield Email' is visible

2020-05-27 08:30:28 - [TEST_STEP][PASSED] - verifyElementVisible(findTestObject(obj)): Object 'Object Repository/Web RoomMe.id\Sign Up Menu\Textfield Password' is visible

2020-05-27 08:30:28 - [MESSAGE][PASSED] - Object 'Object Repository/Web RoomMe.id\Sign Up Menu\Textfield Password' is visible

2020-05-27 08:30:28 - [TEST_STEP][PASSED] - verifyElementVisible(findTestObject(obj)): Object 'Object Repository/Web RoomMe.id\Sign Up Menu\Textfield Phone Number' is visible

2020-05-27 08:30:29 - [MESSAGE][PASSED] - Object 'Object Repository/Web RoomMe.id\Sign Up Menu\Textfield Phone Number' is visible

2020-05-27 08:30:29 - [MESSAGE][PASSED] - Call Test Case 'Test Cases/Web RoomMe.id/2. Sign Up/Verify Sign Up Menu' successfully

2020-05-27 08:30:29 - [TEST_STEP][PASSED] - waitForElementVisible(findTestObject("Web RoomMe.id/Sign Up Menu/Textfield Password"), 30, STOP_ON_FAILURE): Object 'Object Repository/Web RoomMe.id/Sign Up Menu/Textfield Password' is visible

2020-05-27 08:30:29 - [MESSAGE][PASSED] - Object 'Object Repository/Web RoomMe.id/Sign Up Menu/Textfield Password' is visible

2020-05-27 08:30:29 - [TEST_STEP][PASSED] - setText(findTestObject("Web RoomMe.id/Sign Up Menu/Textfield Password"), "abc"): Text 'abc' is set on object 'Object Repository/Web RoomMe.id/Sign Up Menu/Textfield Password'

2020-05-27 08:30:30 - [MESSAGE][PASSED] - Text 'abc' is set on object 'Object Repository/Web RoomMe.id/Sign Up Menu/Textfield Password'

2020-05-27 08:30:30 - [TEST_STEP][PASSED] - waitForElementVisible(findTestObject("Web RoomMe.id/Sign Up Menu/Error Message/Text Minimum Password Required is 6 Characters"), 0): Object 'Object Repository/Web RoomMe.id/Sign Up Menu/Error Message/Text Minimum Password Required is 6 Characters' is visible

2020-05-27 08:30:30 - [MESSAGE][WARNING] - Timeout '0' is invalid. Using default page load timeout: '60'

2020-05-27 08:30:31 - [MESSAGE][PASSED] - Object 'Object Repository/Web RoomMe.id/Sign Up Menu/Error Message/Text Minimum Password Required is 6 Characters' is visible

2020-05-27 08:30:31 - [TEST_STEP][PASSED] - sendKeys(findTestObject("Web RoomMe.id/Sign Up Menu/Textfield Password"), Keys.chord(CONTROL, "a", BACK_SPACE)): Keys 'CONTROL + BACK_SPACE + a' sent to object: 'Object Repository/Web RoomMe.id/Sign Up Menu/Textfield Password'

2020-05-27 08:30:31 - [MESSAGE][PASSED] - Keys 'CONTROL + BACK_SPACE + a' sent to object: 'Object Repository/Web RoomMe.id/Sign Up Menu/Textfield Password'

2020-05-27 08:30:31 - [TEST_STEP][PASSED] - setText(findTestObject("Web RoomMe.id/Sign Up Menu/Textfield Password"), "123"): Text '123' is set on object 'Object Repository/Web RoomMe.id/Sign Up Menu/Textfield Password'

2020-05-27 08:30:32 - [MESSAGE][PASSED] - Text '123' is set on object 'Object Repository/Web RoomMe.id/Sign Up Menu/Textfield Password'

2020-05-27 08:30:32 - [TEST_STEP][PASSED] - waitForElementVisible(findTestObject("Web RoomMe.id/Sign Up Menu/Error Message/Text Minimum Password Required is 6 Characters"), 0): Object 'Object Repository/Web RoomMe.id/Sign Up Menu/Error Message/Text Minimum Password Required is 6 Characters' is visible

2020-05-27 08:30:32 - [MESSAGE][WARNING] - Timeout '0' is invalid. Using default page load timeout: '60'

2020-05-27 08:30:33 - [MESSAGE][PASSED] - Object 'Object Repository/Web RoomMe.id/Sign Up Menu/Error Message/Text Minimum Password Required is 6 Characters' is visible

2020-05-27 08:30:33 - [TEST_STEP][PASSED] - sendKeys(findTestObject("Web RoomMe.id/Sign Up Menu/Textfield Password"), Keys.chord(CONTROL, "a", BACK_SPACE)): Keys 'CONTROL + BACK_SPACE + a' sent to object: 'Object Repository/Web RoomMe.id/Sign Up Menu/Textfield Password'

2020-05-27 08:30:33 - [MESSAGE][PASSED] - Keys 'CONTROL + BACK_SPACE + a' sent to object: 'Object Repository/Web RoomMe.id/Sign Up Menu/Textfield Password'

2020-05-27 08:30:33 - [TEST_STEP][PASSED] - setText(findTestObject("Web RoomMe.id/Sign Up Menu/Textfield Password"), "!@#"): Text '!@#' is set on object 'Object Repository/Web RoomMe.id/Sign Up Menu/Textfield Password'

2020-05-27 08:30:34 - [MESSAGE][PASSED] - Text '!@#' is set on object 'Object Repository/Web RoomMe.id/Sign Up Menu/Textfield Password'

2020-05-27 08:30:34 - [TEST_STEP][PASSED] - waitForElementVisible(findTestObject("Web RoomMe.id/Sign Up Menu/Error Message/Text Minimum Password Required is 6 Characters"), 0): Object 'Object Repository/Web RoomMe.id/Sign Up Menu/Error Message/Text Minimum Password Required is 6 Characters' is visible

2020-05-27 08:30:34 - [MESSAGE][WARNING] - Timeout '0' is invalid. Using default page load timeout: '60'

2020-05-27 08:30:35 - [MESSAGE][PASSED] - Object 'Object Repository/Web RoomMe.id/Sign Up Menu/Error Message/Text Minimum Password Required is 6 Characters' is visible

2020-05-27 08:30:35 - [TEST_STEP][PASSED] - sendKeys(findTestObject("Web RoomMe.id/Sign Up Menu/Textfield Password"), Keys.chord(CONTROL, "a", BACK_SPACE)): Keys 'CONTROL + BACK_SPACE + a' sent to object: 'Object Repository/Web RoomMe.id/Sign Up Menu/Textfield Password'

2020-05-27 08:30:36 - [MESSAGE][PASSED] - Keys 'CONTROL + BACK_SPACE + a' sent to object: 'Object Repository/Web RoomMe.id/Sign Up Menu/Textfield Password'

2020-05-27 08:30:36 - [TEST_STEP][PASSED] - sendKeys(findTestObject("Web RoomMe.id/Sign Up Menu/Textfield Password"), "       "): Keys '       ' sent to object: 'Object Repository/Web RoomMe.id/Sign Up Menu/Textfield Password'

2020-05-27 08:30:36 - [MESSAGE][PASSED] - Keys '       ' sent to object: 'Object Repository/Web RoomMe.id/Sign Up Menu/Textfield Password'

2020-05-27 08:30:36 - [TEST_STEP][PASSED] - waitForElementVisible(findTestObject("Web RoomMe.id/Sign Up Menu/Error Message/Text Password is required"), 0): Object 'Object Repository/Web RoomMe.id/Sign Up Menu/Error Message/Text Password is required' is visible

2020-05-27 08:30:36 - [MESSAGE][WARNING] - Timeout '0' is invalid. Using default page load timeout: '60'

2020-05-27 08:30:37 - [MESSAGE][PASSED] - Object 'Object Repository/Web RoomMe.id/Sign Up Menu/Error Message/Text Password is required' is visible

2020-05-27 08:30:37 - [TEST_STEP][PASSED] - sendKeys(findTestObject("Web RoomMe.id/Sign Up Menu/Textfield Password"), Keys.chord(CONTROL, "a", BACK_SPACE)): Keys 'CONTROL + BACK_SPACE + a' sent to object: 'Object Repository/Web RoomMe.id/Sign Up Menu/Textfield Password'

2020-05-27 08:30:38 - [MESSAGE][PASSED] - Keys 'CONTROL + BACK_SPACE + a' sent to object: 'Object Repository/Web RoomMe.id/Sign Up Menu/Textfield Password'

2020-05-27 08:30:38 - [TEST_STEP][PASSED] - setText(findTestObject("Web RoomMe.id/Sign Up Menu/Textfield Password"), "abcde1234512345"): Text 'abcde1234512345' is set on object 'Object Repository/Web RoomMe.id/Sign Up Menu/Textfield Password'

2020-05-27 08:30:38 - [MESSAGE][PASSED] - Text 'abcde1234512345' is set on object 'Object Repository/Web RoomMe.id/Sign Up Menu/Textfield Password'

2020-05-27 08:30:38 - [TEST_STEP][PASSED] - waitForElementVisible(findTestObject("Web RoomMe.id/Sign Up Menu/Error Message/Text Limit Password Characters has Reached"), 0): Object 'Object Repository/Web RoomMe.id/Sign Up Menu/Error Message/Text Limit Password Characters has Reached' is visible

2020-05-27 08:30:38 - [MESSAGE][WARNING] - Timeout '0' is invalid. Using default page load timeout: '60'

2020-05-27 08:30:40 - [MESSAGE][PASSED] - Object 'Object Repository/Web RoomMe.id/Sign Up Menu/Error Message/Text Limit Password Characters has Reached' is visible

2020-05-27 08:30:40 - [TEST_STEP][PASSED] - sendKeys(findTestObject("Web RoomMe.id/Sign Up Menu/Textfield Password"), Keys.chord(CONTROL, "a", BACK_SPACE)): Keys 'CONTROL + BACK_SPACE + a' sent to object: 'Object Repository/Web RoomMe.id/Sign Up Menu/Textfield Password'

2020-05-27 08:30:40 - [MESSAGE][PASSED] - Keys 'CONTROL + BACK_SPACE + a' sent to object: 'Object Repository/Web RoomMe.id/Sign Up Menu/Textfield Password']]></system-out>
         <system-err><![CDATA[]]></system-err>
      </testcase>
      <testcase name="Test Cases/Web RoomMe.id/2. Sign Up/7. Customer Input Confirm Password with Invalid Format" time="22.131" classname="Test Cases/Web RoomMe.id/2. Sign Up/7. Customer Input Confirm Password with Invalid Format" status="PASSED">
         <system-out><![CDATA[2020-05-27 08:30:40 - [TEST_CASE][PASSED] - Test Cases/Web RoomMe.id/2. Sign Up/7. Customer Input Confirm Password with Invalid Format: Test Cases/Web RoomMe.id/2. Sign Up/7. Customer Input Confirm Password with Invalid Format

2020-05-27 08:30:40 - [TEST_STEP][PASSED] - callTestCase(findTestCase("Web RoomMe.id/1. Homepage/1. Customer Access RoomMe Page"), [:], STOP_ON_FAILURE): Call Test Case 'Test Cases/Web RoomMe.id/1. Homepage/1. Customer Access RoomMe Page' successfully

2020-05-27 08:30:40 - [TEST_CASE][PASSED] - Test Cases/Web RoomMe.id/1. Homepage/1. Customer Access RoomMe Page: Test Cases/Web RoomMe.id/1. Homepage/1. Customer Access RoomMe Page

2020-05-27 08:30:40 - [TEST_STEP][PASSED] - openBrowser(url): Browser is opened with url: 'roomme.id'

2020-05-27 08:30:40 - [MESSAGE][WARNING] - A browser is already opened. Closing browser and opening a new one

2020-05-27 08:30:41 - [MESSAGE][INFO] - Starting 'Chrome' driver

2020-05-27 08:30:49 - [MESSAGE][PASSED] - Browser is opened with url: 'roomme.id'

2020-05-27 08:30:50 - [TEST_STEP][PASSED] - maximizeWindow(): Current window maximized

2020-05-27 08:30:52 - [MESSAGE][PASSED] - Current window maximized

2020-05-27 08:30:52 - [TEST_STEP][PASSED] - waitForPageLoad(0): Wait for page load successfully

2020-05-27 08:30:52 - [MESSAGE][WARNING] - Timeout '0' is invalid. Using default page load timeout: '60'

2020-05-27 08:30:52 - [MESSAGE][PASSED] - Wait for page load successfully

2020-05-27 08:30:52 - [MESSAGE][PASSED] - Call Test Case 'Test Cases/Web RoomMe.id/1. Homepage/1. Customer Access RoomMe Page' successfully

2020-05-27 08:30:52 - [TEST_STEP][PASSED] - callTestCase(findTestCase("Web RoomMe.id/1. Homepage/2. Verify Header RoomMe.id"), [:], STOP_ON_FAILURE): Call Test Case 'Test Cases/Web RoomMe.id/1. Homepage/2. Verify Header RoomMe.id' successfully

2020-05-27 08:30:52 - [TEST_CASE][PASSED] - Test Cases/Web RoomMe.id/1. Homepage/2. Verify Header RoomMe.id: Test Cases/Web RoomMe.id/1. Homepage/2. Verify Header RoomMe.id

2020-05-27 08:30:52 - [TEST_STEP][PASSED] - objectSubFolder = "Web RoomMe.id\RoomMe.id Header\": null

2020-05-27 08:30:52 - [TEST_STEP][PASSED] - pathToObjRep = getProjectDir() + "\Object Repository\" + objectSubFolder: null

2020-05-27 08:30:52 - [TEST_STEP][PASSED] - yourObjects = new java.io.File(pathToObjRep): null

2020-05-27 08:30:52 - [TEST_STEP][PASSED] - fileNames = yourObjects.list(): null

2020-05-27 08:30:52 - [TEST_STEP][PASSED] - testObjects = new java.util.ArrayList(): null

2020-05-27 08:30:52 - [TEST_STEP][PASSED] - for ([i = 0, i < length, (i++)]): null

2020-05-27 08:30:52 - [TEST_STEP][PASSED] - if (fileNames[i].contains(".rs")): null

2020-05-27 08:30:52 - [TEST_STEP][PASSED] - if (fileNames[i].contains(".rs")): null

2020-05-27 08:30:52 - [TEST_STEP][PASSED] - fileNames[i] = fileNames[i].replace(".rs", ""): null

2020-05-27 08:30:52 - [TEST_STEP][PASSED] - testObjects.add(objectSubFolder + fileNames[i]): null

2020-05-27 08:30:52 - [TEST_STEP][PASSED] - if (fileNames[i].contains(".rs")): null

2020-05-27 08:30:52 - [TEST_STEP][PASSED] - fileNames[i] = fileNames[i].replace(".rs", ""): null

2020-05-27 08:30:52 - [TEST_STEP][PASSED] - testObjects.add(objectSubFolder + fileNames[i]): null

2020-05-27 08:30:52 - [TEST_STEP][PASSED] - if (fileNames[i].contains(".rs")): null

2020-05-27 08:30:52 - [TEST_STEP][PASSED] - fileNames[i] = fileNames[i].replace(".rs", ""): null

2020-05-27 08:30:52 - [TEST_STEP][PASSED] - testObjects.add(objectSubFolder + fileNames[i]): null

2020-05-27 08:30:52 - [TEST_STEP][PASSED] - if (fileNames[i].contains(".rs")): null

2020-05-27 08:30:52 - [TEST_STEP][PASSED] - fileNames[i] = fileNames[i].replace(".rs", ""): null

2020-05-27 08:30:52 - [TEST_STEP][PASSED] - testObjects.add(objectSubFolder + fileNames[i]): null

2020-05-27 08:30:52 - [TEST_STEP][PASSED] - if (fileNames[i].contains(".rs")): null

2020-05-27 08:30:52 - [TEST_STEP][PASSED] - for (String obj : testObjects): Object 'Object Repository/Web RoomMe.id\RoomMe.id Header\Image Header Logo' is visible

2020-05-27 08:30:52 - [TEST_STEP][PASSED] - verifyElementVisible(findTestObject(obj)): Object 'Object Repository/Web RoomMe.id\RoomMe.id Header\Button Are You Landlord' is visible

2020-05-27 08:30:52 - [MESSAGE][PASSED] - Object 'Object Repository/Web RoomMe.id\RoomMe.id Header\Button Are You Landlord' is visible

2020-05-27 08:30:52 - [TEST_STEP][PASSED] - verifyElementVisible(findTestObject(obj)): Object 'Object Repository/Web RoomMe.id\RoomMe.id Header\Button Community' is visible

2020-05-27 08:30:53 - [MESSAGE][PASSED] - Object 'Object Repository/Web RoomMe.id\RoomMe.id Header\Button Community' is visible

2020-05-27 08:30:53 - [TEST_STEP][PASSED] - verifyElementVisible(findTestObject(obj)): Object 'Object Repository/Web RoomMe.id\RoomMe.id Header\Button Sign In' is visible

2020-05-27 08:30:53 - [MESSAGE][PASSED] - Object 'Object Repository/Web RoomMe.id\RoomMe.id Header\Button Sign In' is visible

2020-05-27 08:30:53 - [TEST_STEP][PASSED] - verifyElementVisible(findTestObject(obj)): Object 'Object Repository/Web RoomMe.id\RoomMe.id Header\Image Header Logo' is visible

2020-05-27 08:30:53 - [MESSAGE][PASSED] - Object 'Object Repository/Web RoomMe.id\RoomMe.id Header\Image Header Logo' is visible

2020-05-27 08:30:53 - [MESSAGE][PASSED] - Call Test Case 'Test Cases/Web RoomMe.id/1. Homepage/2. Verify Header RoomMe.id' successfully

2020-05-27 08:30:53 - [TEST_STEP][PASSED] - click(findTestObject("Web RoomMe.id/RoomMe.id Header/Button Sign In")): Object: 'Object Repository/Web RoomMe.id/RoomMe.id Header/Button Sign In' is clicked on

2020-05-27 08:30:54 - [MESSAGE][PASSED] - Object: 'Object Repository/Web RoomMe.id/RoomMe.id Header/Button Sign In' is clicked on

2020-05-27 08:30:54 - [TEST_STEP][PASSED] - waitForElementVisible(findTestObject("Web RoomMe.id/Sign In Menu/Button Sign Up"), 0): Object 'Object Repository/Web RoomMe.id/Sign In Menu/Button Sign Up' is visible

2020-05-27 08:30:54 - [MESSAGE][WARNING] - Timeout '0' is invalid. Using default page load timeout: '60'

2020-05-27 08:30:54 - [MESSAGE][PASSED] - Object 'Object Repository/Web RoomMe.id/Sign In Menu/Button Sign Up' is visible

2020-05-27 08:30:54 - [TEST_STEP][PASSED] - click(findTestObject("Web RoomMe.id/Sign In Menu/Button Sign Up")): Object: 'Object Repository/Web RoomMe.id/Sign In Menu/Button Sign Up' is clicked on

2020-05-27 08:30:55 - [MESSAGE][PASSED] - Object: 'Object Repository/Web RoomMe.id/Sign In Menu/Button Sign Up' is clicked on

2020-05-27 08:30:55 - [TEST_STEP][PASSED] - callTestCase(findTestCase("Web RoomMe.id/2. Sign Up/Verify Sign Up Menu"), [:], STOP_ON_FAILURE): Call Test Case 'Test Cases/Web RoomMe.id/2. Sign Up/Verify Sign Up Menu' successfully

2020-05-27 08:30:55 - [TEST_CASE][PASSED] - Test Cases/Web RoomMe.id/2. Sign Up/Verify Sign Up Menu: Test Cases/Web RoomMe.id/2. Sign Up/Verify Sign Up Menu

2020-05-27 08:30:55 - [TEST_STEP][PASSED] - objectSubFolder = "Web RoomMe.id\Sign Up Menu\": null

2020-05-27 08:30:55 - [TEST_STEP][PASSED] - pathToObjRep = getProjectDir() + "\Object Repository\" + objectSubFolder: null

2020-05-27 08:30:55 - [TEST_STEP][PASSED] - yourObjects = new java.io.File(pathToObjRep): null

2020-05-27 08:30:55 - [TEST_STEP][PASSED] - fileNames = yourObjects.list(): null

2020-05-27 08:30:55 - [TEST_STEP][PASSED] - testObjects = new java.util.ArrayList(): null

2020-05-27 08:30:55 - [TEST_STEP][PASSED] - for ([i = 0, i < length, (i++)]): null

2020-05-27 08:30:55 - [TEST_STEP][PASSED] - if (fileNames[i].contains(".rs")): null

2020-05-27 08:30:55 - [TEST_STEP][PASSED] - fileNames[i] = fileNames[i].replace(".rs", ""): null

2020-05-27 08:30:55 - [TEST_STEP][PASSED] - testObjects.add(objectSubFolder + fileNames[i]): null

2020-05-27 08:30:55 - [TEST_STEP][PASSED] - if (fileNames[i].contains(".rs")): null

2020-05-27 08:30:55 - [TEST_STEP][PASSED] - fileNames[i] = fileNames[i].replace(".rs", ""): null

2020-05-27 08:30:55 - [TEST_STEP][PASSED] - testObjects.add(objectSubFolder + fileNames[i]): null

2020-05-27 08:30:55 - [TEST_STEP][PASSED] - if (fileNames[i].contains(".rs")): null

2020-05-27 08:30:55 - [TEST_STEP][PASSED] - if (fileNames[i].contains(".rs")): null

2020-05-27 08:30:55 - [TEST_STEP][PASSED] - fileNames[i] = fileNames[i].replace(".rs", ""): null

2020-05-27 08:30:55 - [TEST_STEP][PASSED] - testObjects.add(objectSubFolder + fileNames[i]): null

2020-05-27 08:30:55 - [TEST_STEP][PASSED] - if (fileNames[i].contains(".rs")): null

2020-05-27 08:30:55 - [TEST_STEP][PASSED] - if (fileNames[i].contains(".rs")): null

2020-05-27 08:30:55 - [TEST_STEP][PASSED] - fileNames[i] = fileNames[i].replace(".rs", ""): null

2020-05-27 08:30:55 - [TEST_STEP][PASSED] - testObjects.add(objectSubFolder + fileNames[i]): null

2020-05-27 08:30:55 - [TEST_STEP][PASSED] - if (fileNames[i].contains(".rs")): null

2020-05-27 08:30:55 - [TEST_STEP][PASSED] - fileNames[i] = fileNames[i].replace(".rs", ""): null

2020-05-27 08:30:55 - [TEST_STEP][PASSED] - testObjects.add(objectSubFolder + fileNames[i]): null

2020-05-27 08:30:55 - [TEST_STEP][PASSED] - if (fileNames[i].contains(".rs")): null

2020-05-27 08:30:55 - [TEST_STEP][PASSED] - fileNames[i] = fileNames[i].replace(".rs", ""): null

2020-05-27 08:30:55 - [TEST_STEP][PASSED] - testObjects.add(objectSubFolder + fileNames[i]): null

2020-05-27 08:30:55 - [TEST_STEP][PASSED] - if (fileNames[i].contains(".rs")): null

2020-05-27 08:30:55 - [TEST_STEP][PASSED] - fileNames[i] = fileNames[i].replace(".rs", ""): null

2020-05-27 08:30:55 - [TEST_STEP][PASSED] - testObjects.add(objectSubFolder + fileNames[i]): null

2020-05-27 08:30:55 - [TEST_STEP][PASSED] - if (fileNames[i].contains(".rs")): null

2020-05-27 08:30:55 - [TEST_STEP][PASSED] - fileNames[i] = fileNames[i].replace(".rs", ""): null

2020-05-27 08:30:55 - [TEST_STEP][PASSED] - testObjects.add(objectSubFolder + fileNames[i]): null

2020-05-27 08:30:55 - [TEST_STEP][PASSED] - if (fileNames[i].contains(".rs")): null

2020-05-27 08:30:55 - [TEST_STEP][PASSED] - fileNames[i] = fileNames[i].replace(".rs", ""): null

2020-05-27 08:30:55 - [TEST_STEP][PASSED] - testObjects.add(objectSubFolder + fileNames[i]): null

2020-05-27 08:30:55 - [TEST_STEP][PASSED] - if (fileNames[i].contains(".rs")): null

2020-05-27 08:30:55 - [TEST_STEP][PASSED] - fileNames[i] = fileNames[i].replace(".rs", ""): null

2020-05-27 08:30:55 - [TEST_STEP][PASSED] - testObjects.add(objectSubFolder + fileNames[i]): null

2020-05-27 08:30:55 - [TEST_STEP][PASSED] - if (fileNames[i].contains(".rs")): null

2020-05-27 08:30:55 - [TEST_STEP][PASSED] - fileNames[i] = fileNames[i].replace(".rs", ""): null

2020-05-27 08:30:55 - [TEST_STEP][PASSED] - testObjects.add(objectSubFolder + fileNames[i]): null

2020-05-27 08:30:55 - [TEST_STEP][PASSED] - if (fileNames[i].contains(".rs")): null

2020-05-27 08:30:55 - [TEST_STEP][PASSED] - fileNames[i] = fileNames[i].replace(".rs", ""): null

2020-05-27 08:30:55 - [TEST_STEP][PASSED] - testObjects.add(objectSubFolder + fileNames[i]): null

2020-05-27 08:30:55 - [TEST_STEP][PASSED] - if (fileNames[i].contains(".rs")): null

2020-05-27 08:30:55 - [TEST_STEP][PASSED] - fileNames[i] = fileNames[i].replace(".rs", ""): null

2020-05-27 08:30:55 - [TEST_STEP][PASSED] - testObjects.add(objectSubFolder + fileNames[i]): null

2020-05-27 08:30:55 - [TEST_STEP][PASSED] - for (String obj : testObjects): Object 'Object Repository/Web RoomMe.id\Sign Up Menu\Textfield Phone Number' is visible

2020-05-27 08:30:55 - [TEST_STEP][PASSED] - verifyElementVisible(findTestObject(obj)): Object 'Object Repository/Web RoomMe.id\Sign Up Menu\Button Sign In' is visible

2020-05-27 08:30:55 - [MESSAGE][PASSED] - Object 'Object Repository/Web RoomMe.id\Sign Up Menu\Button Sign In' is visible

2020-05-27 08:30:55 - [TEST_STEP][PASSED] - verifyElementVisible(findTestObject(obj)): Object 'Object Repository/Web RoomMe.id\Sign Up Menu\Button Sign Up' is visible

2020-05-27 08:30:56 - [MESSAGE][PASSED] - Object 'Object Repository/Web RoomMe.id\Sign Up Menu\Button Sign Up' is visible

2020-05-27 08:30:56 - [TEST_STEP][PASSED] - verifyElementVisible(findTestObject(obj)): Object 'Object Repository/Web RoomMe.id\Sign Up Menu\Name Textfield' is visible

2020-05-27 08:30:56 - [MESSAGE][PASSED] - Object 'Object Repository/Web RoomMe.id\Sign Up Menu\Name Textfield' is visible

2020-05-27 08:30:56 - [TEST_STEP][PASSED] - verifyElementVisible(findTestObject(obj)): Object 'Object Repository/Web RoomMe.id\Sign Up Menu\Text Are you have an account' is visible

2020-05-27 08:30:56 - [MESSAGE][PASSED] - Object 'Object Repository/Web RoomMe.id\Sign Up Menu\Text Are you have an account' is visible

2020-05-27 08:30:56 - [TEST_STEP][PASSED] - verifyElementVisible(findTestObject(obj)): Object 'Object Repository/Web RoomMe.id\Sign Up Menu\Text Confirm Password' is visible

2020-05-27 08:30:57 - [MESSAGE][PASSED] - Object 'Object Repository/Web RoomMe.id\Sign Up Menu\Text Confirm Password' is visible

2020-05-27 08:30:57 - [TEST_STEP][PASSED] - verifyElementVisible(findTestObject(obj)): Object 'Object Repository/Web RoomMe.id\Sign Up Menu\Text Email Address' is visible

2020-05-27 08:30:57 - [MESSAGE][PASSED] - Object 'Object Repository/Web RoomMe.id\Sign Up Menu\Text Email Address' is visible

2020-05-27 08:30:57 - [TEST_STEP][PASSED] - verifyElementVisible(findTestObject(obj)): Object 'Object Repository/Web RoomMe.id\Sign Up Menu\Text Full Name' is visible

2020-05-27 08:30:57 - [MESSAGE][PASSED] - Object 'Object Repository/Web RoomMe.id\Sign Up Menu\Text Full Name' is visible

2020-05-27 08:30:57 - [TEST_STEP][PASSED] - verifyElementVisible(findTestObject(obj)): Object 'Object Repository/Web RoomMe.id\Sign Up Menu\Text Password' is visible

2020-05-27 08:30:58 - [MESSAGE][PASSED] - Object 'Object Repository/Web RoomMe.id\Sign Up Menu\Text Password' is visible

2020-05-27 08:30:58 - [TEST_STEP][PASSED] - verifyElementVisible(findTestObject(obj)): Object 'Object Repository/Web RoomMe.id\Sign Up Menu\Text Phone Number' is visible

2020-05-27 08:30:58 - [MESSAGE][PASSED] - Object 'Object Repository/Web RoomMe.id\Sign Up Menu\Text Phone Number' is visible

2020-05-27 08:30:58 - [TEST_STEP][PASSED] - verifyElementVisible(findTestObject(obj)): Object 'Object Repository/Web RoomMe.id\Sign Up Menu\Textfield Confirm Password' is visible

2020-05-27 08:30:58 - [MESSAGE][PASSED] - Object 'Object Repository/Web RoomMe.id\Sign Up Menu\Textfield Confirm Password' is visible

2020-05-27 08:30:58 - [TEST_STEP][PASSED] - verifyElementVisible(findTestObject(obj)): Object 'Object Repository/Web RoomMe.id\Sign Up Menu\Textfield Email' is visible

2020-05-27 08:30:59 - [MESSAGE][PASSED] - Object 'Object Repository/Web RoomMe.id\Sign Up Menu\Textfield Email' is visible

2020-05-27 08:30:59 - [TEST_STEP][PASSED] - verifyElementVisible(findTestObject(obj)): Object 'Object Repository/Web RoomMe.id\Sign Up Menu\Textfield Password' is visible

2020-05-27 08:30:59 - [MESSAGE][PASSED] - Object 'Object Repository/Web RoomMe.id\Sign Up Menu\Textfield Password' is visible

2020-05-27 08:30:59 - [TEST_STEP][PASSED] - verifyElementVisible(findTestObject(obj)): Object 'Object Repository/Web RoomMe.id\Sign Up Menu\Textfield Phone Number' is visible

2020-05-27 08:30:59 - [MESSAGE][PASSED] - Object 'Object Repository/Web RoomMe.id\Sign Up Menu\Textfield Phone Number' is visible

2020-05-27 08:30:59 - [MESSAGE][PASSED] - Call Test Case 'Test Cases/Web RoomMe.id/2. Sign Up/Verify Sign Up Menu' successfully

2020-05-27 08:30:59 - [TEST_STEP][PASSED] - waitForElementVisible(findTestObject("Web RoomMe.id/Sign Up Menu/Textfield Confirm Password"), 30, STOP_ON_FAILURE): Object 'Object Repository/Web RoomMe.id/Sign Up Menu/Textfield Confirm Password' is visible

2020-05-27 08:30:59 - [MESSAGE][PASSED] - Object 'Object Repository/Web RoomMe.id/Sign Up Menu/Textfield Confirm Password' is visible

2020-05-27 08:30:59 - [TEST_STEP][PASSED] - waitForElementVisible(findTestObject("Web RoomMe.id/Sign Up Menu/Textfield Password"), 30, STOP_ON_FAILURE): Object 'Object Repository/Web RoomMe.id/Sign Up Menu/Textfield Password' is visible

2020-05-27 08:31:00 - [MESSAGE][PASSED] - Object 'Object Repository/Web RoomMe.id/Sign Up Menu/Textfield Password' is visible

2020-05-27 08:31:00 - [TEST_STEP][PASSED] - setText(findTestObject("Web RoomMe.id/Sign Up Menu/Textfield Password"), "Abc123!"): Text 'Abc123!' is set on object 'Object Repository/Web RoomMe.id/Sign Up Menu/Textfield Password'

2020-05-27 08:31:00 - [MESSAGE][PASSED] - Text 'Abc123!' is set on object 'Object Repository/Web RoomMe.id/Sign Up Menu/Textfield Password'

2020-05-27 08:31:00 - [TEST_STEP][PASSED] - setText(findTestObject("Web RoomMe.id/Sign Up Menu/Textfield Confirm Password"), "abcdef"): Text 'abcdef' is set on object 'Object Repository/Web RoomMe.id/Sign Up Menu/Textfield Confirm Password'

2020-05-27 08:31:02 - [MESSAGE][PASSED] - Text 'abcdef' is set on object 'Object Repository/Web RoomMe.id/Sign Up Menu/Textfield Confirm Password'

2020-05-27 08:31:02 - [TEST_STEP][PASSED] - waitForElementVisible(findTestObject("Web RoomMe.id/Sign Up Menu/Error Message/Text Password and confirmation password dont match"), 0): Object 'Object Repository/Web RoomMe.id/Sign Up Menu/Error Message/Text Password and confirmation password dont match' is visible

2020-05-27 08:31:02 - [MESSAGE][WARNING] - Timeout '0' is invalid. Using default page load timeout: '60'

2020-05-27 08:31:02 - [MESSAGE][PASSED] - Object 'Object Repository/Web RoomMe.id/Sign Up Menu/Error Message/Text Password and confirmation password dont match' is visible]]></system-out>
         <system-err><![CDATA[]]></system-err>
      </testcase>
      <testcase name="Test Cases/Web RoomMe.id/2. Sign Up/8. Sign Up with Already Registered Email" time="112.34" classname="Test Cases/Web RoomMe.id/2. Sign Up/8. Sign Up with Already Registered Email" status="PASSED">
         <system-out><![CDATA[2020-05-27 08:31:02 - [TEST_CASE][PASSED] - Test Cases/Web RoomMe.id/2. Sign Up/8. Sign Up with Already Registered Email: Test Cases/Web RoomMe.id/2. Sign Up/8. Sign Up with Already Registered Email

2020-05-27 08:31:02 - [TEST_STEP][PASSED] - callTestCase(findTestCase("Web RoomMe.id/1. Homepage/1. Customer Access RoomMe Page"), [:], STOP_ON_FAILURE): Call Test Case 'Test Cases/Web RoomMe.id/1. Homepage/1. Customer Access RoomMe Page' successfully

2020-05-27 08:31:02 - [TEST_CASE][PASSED] - Test Cases/Web RoomMe.id/1. Homepage/1. Customer Access RoomMe Page: Test Cases/Web RoomMe.id/1. Homepage/1. Customer Access RoomMe Page

2020-05-27 08:31:02 - [TEST_STEP][PASSED] - openBrowser(url): Browser is opened with url: 'roomme.id'

2020-05-27 08:31:02 - [MESSAGE][WARNING] - A browser is already opened. Closing browser and opening a new one

2020-05-27 08:31:03 - [MESSAGE][INFO] - Starting 'Chrome' driver

2020-05-27 08:31:12 - [MESSAGE][PASSED] - Browser is opened with url: 'roomme.id'

2020-05-27 08:31:12 - [TEST_STEP][PASSED] - maximizeWindow(): Current window maximized

2020-05-27 08:31:14 - [MESSAGE][PASSED] - Current window maximized

2020-05-27 08:31:14 - [TEST_STEP][PASSED] - waitForPageLoad(0): Wait for page load successfully

2020-05-27 08:31:14 - [MESSAGE][WARNING] - Timeout '0' is invalid. Using default page load timeout: '60'

2020-05-27 08:31:14 - [MESSAGE][PASSED] - Wait for page load successfully

2020-05-27 08:31:14 - [MESSAGE][PASSED] - Call Test Case 'Test Cases/Web RoomMe.id/1. Homepage/1. Customer Access RoomMe Page' successfully

2020-05-27 08:31:14 - [TEST_STEP][PASSED] - callTestCase(findTestCase("Web RoomMe.id/1. Homepage/2. Verify Header RoomMe.id"), [:], STOP_ON_FAILURE): Call Test Case 'Test Cases/Web RoomMe.id/1. Homepage/2. Verify Header RoomMe.id' successfully

2020-05-27 08:31:14 - [TEST_CASE][PASSED] - Test Cases/Web RoomMe.id/1. Homepage/2. Verify Header RoomMe.id: Test Cases/Web RoomMe.id/1. Homepage/2. Verify Header RoomMe.id

2020-05-27 08:31:14 - [TEST_STEP][PASSED] - objectSubFolder = "Web RoomMe.id\RoomMe.id Header\": null

2020-05-27 08:31:14 - [TEST_STEP][PASSED] - pathToObjRep = getProjectDir() + "\Object Repository\" + objectSubFolder: null

2020-05-27 08:31:14 - [TEST_STEP][PASSED] - yourObjects = new java.io.File(pathToObjRep): null

2020-05-27 08:31:14 - [TEST_STEP][PASSED] - fileNames = yourObjects.list(): null

2020-05-27 08:31:14 - [TEST_STEP][PASSED] - testObjects = new java.util.ArrayList(): null

2020-05-27 08:31:14 - [TEST_STEP][PASSED] - for ([i = 0, i < length, (i++)]): null

2020-05-27 08:31:14 - [TEST_STEP][PASSED] - if (fileNames[i].contains(".rs")): null

2020-05-27 08:31:14 - [TEST_STEP][PASSED] - if (fileNames[i].contains(".rs")): null

2020-05-27 08:31:14 - [TEST_STEP][PASSED] - fileNames[i] = fileNames[i].replace(".rs", ""): null

2020-05-27 08:31:14 - [TEST_STEP][PASSED] - testObjects.add(objectSubFolder + fileNames[i]): null

2020-05-27 08:31:14 - [TEST_STEP][PASSED] - if (fileNames[i].contains(".rs")): null

2020-05-27 08:31:14 - [TEST_STEP][PASSED] - fileNames[i] = fileNames[i].replace(".rs", ""): null

2020-05-27 08:31:14 - [TEST_STEP][PASSED] - testObjects.add(objectSubFolder + fileNames[i]): null

2020-05-27 08:31:14 - [TEST_STEP][PASSED] - if (fileNames[i].contains(".rs")): null

2020-05-27 08:31:14 - [TEST_STEP][PASSED] - fileNames[i] = fileNames[i].replace(".rs", ""): null

2020-05-27 08:31:14 - [TEST_STEP][PASSED] - testObjects.add(objectSubFolder + fileNames[i]): null

2020-05-27 08:31:14 - [TEST_STEP][PASSED] - if (fileNames[i].contains(".rs")): null

2020-05-27 08:31:14 - [TEST_STEP][PASSED] - fileNames[i] = fileNames[i].replace(".rs", ""): null

2020-05-27 08:31:14 - [TEST_STEP][PASSED] - testObjects.add(objectSubFolder + fileNames[i]): null

2020-05-27 08:31:14 - [TEST_STEP][PASSED] - if (fileNames[i].contains(".rs")): null

2020-05-27 08:31:14 - [TEST_STEP][PASSED] - for (String obj : testObjects): Object 'Object Repository/Web RoomMe.id\RoomMe.id Header\Image Header Logo' is visible

2020-05-27 08:31:14 - [TEST_STEP][PASSED] - verifyElementVisible(findTestObject(obj)): Object 'Object Repository/Web RoomMe.id\RoomMe.id Header\Button Are You Landlord' is visible

2020-05-27 08:31:14 - [MESSAGE][PASSED] - Object 'Object Repository/Web RoomMe.id\RoomMe.id Header\Button Are You Landlord' is visible

2020-05-27 08:31:14 - [TEST_STEP][PASSED] - verifyElementVisible(findTestObject(obj)): Object 'Object Repository/Web RoomMe.id\RoomMe.id Header\Button Community' is visible

2020-05-27 08:31:14 - [MESSAGE][PASSED] - Object 'Object Repository/Web RoomMe.id\RoomMe.id Header\Button Community' is visible

2020-05-27 08:31:14 - [TEST_STEP][PASSED] - verifyElementVisible(findTestObject(obj)): Object 'Object Repository/Web RoomMe.id\RoomMe.id Header\Button Sign In' is visible

2020-05-27 08:31:15 - [MESSAGE][PASSED] - Object 'Object Repository/Web RoomMe.id\RoomMe.id Header\Button Sign In' is visible

2020-05-27 08:31:15 - [TEST_STEP][PASSED] - verifyElementVisible(findTestObject(obj)): Object 'Object Repository/Web RoomMe.id\RoomMe.id Header\Image Header Logo' is visible

2020-05-27 08:31:15 - [MESSAGE][PASSED] - Object 'Object Repository/Web RoomMe.id\RoomMe.id Header\Image Header Logo' is visible

2020-05-27 08:31:15 - [MESSAGE][PASSED] - Call Test Case 'Test Cases/Web RoomMe.id/1. Homepage/2. Verify Header RoomMe.id' successfully

2020-05-27 08:31:15 - [TEST_STEP][PASSED] - click(findTestObject("Web RoomMe.id/RoomMe.id Header/Button Sign In")): Object: 'Object Repository/Web RoomMe.id/RoomMe.id Header/Button Sign In' is clicked on

2020-05-27 08:31:16 - [MESSAGE][PASSED] - Object: 'Object Repository/Web RoomMe.id/RoomMe.id Header/Button Sign In' is clicked on

2020-05-27 08:31:16 - [TEST_STEP][PASSED] - waitForElementVisible(findTestObject("Web RoomMe.id/Sign In Menu/Button Sign Up"), 0): Object 'Object Repository/Web RoomMe.id/Sign In Menu/Button Sign Up' is visible

2020-05-27 08:31:16 - [MESSAGE][WARNING] - Timeout '0' is invalid. Using default page load timeout: '60'

2020-05-27 08:31:16 - [MESSAGE][PASSED] - Object 'Object Repository/Web RoomMe.id/Sign In Menu/Button Sign Up' is visible

2020-05-27 08:31:16 - [TEST_STEP][PASSED] - click(findTestObject("Web RoomMe.id/Sign In Menu/Button Sign Up")): Object: 'Object Repository/Web RoomMe.id/Sign In Menu/Button Sign Up' is clicked on

2020-05-27 08:31:16 - [MESSAGE][PASSED] - Object: 'Object Repository/Web RoomMe.id/Sign In Menu/Button Sign Up' is clicked on

2020-05-27 08:31:16 - [TEST_STEP][PASSED] - callTestCase(findTestCase("Web RoomMe.id/2. Sign Up/Verify Sign Up Menu"), [:], STOP_ON_FAILURE): Call Test Case 'Test Cases/Web RoomMe.id/2. Sign Up/Verify Sign Up Menu' successfully

2020-05-27 08:31:17 - [TEST_CASE][PASSED] - Test Cases/Web RoomMe.id/2. Sign Up/Verify Sign Up Menu: Test Cases/Web RoomMe.id/2. Sign Up/Verify Sign Up Menu

2020-05-27 08:31:17 - [TEST_STEP][PASSED] - objectSubFolder = "Web RoomMe.id\Sign Up Menu\": null

2020-05-27 08:31:17 - [TEST_STEP][PASSED] - pathToObjRep = getProjectDir() + "\Object Repository\" + objectSubFolder: null

2020-05-27 08:31:17 - [TEST_STEP][PASSED] - yourObjects = new java.io.File(pathToObjRep): null

2020-05-27 08:31:17 - [TEST_STEP][PASSED] - fileNames = yourObjects.list(): null

2020-05-27 08:31:17 - [TEST_STEP][PASSED] - testObjects = new java.util.ArrayList(): null

2020-05-27 08:31:17 - [TEST_STEP][PASSED] - for ([i = 0, i < length, (i++)]): null

2020-05-27 08:31:17 - [TEST_STEP][PASSED] - if (fileNames[i].contains(".rs")): null

2020-05-27 08:31:17 - [TEST_STEP][PASSED] - fileNames[i] = fileNames[i].replace(".rs", ""): null

2020-05-27 08:31:17 - [TEST_STEP][PASSED] - testObjects.add(objectSubFolder + fileNames[i]): null

2020-05-27 08:31:17 - [TEST_STEP][PASSED] - if (fileNames[i].contains(".rs")): null

2020-05-27 08:31:17 - [TEST_STEP][PASSED] - fileNames[i] = fileNames[i].replace(".rs", ""): null

2020-05-27 08:31:17 - [TEST_STEP][PASSED] - testObjects.add(objectSubFolder + fileNames[i]): null

2020-05-27 08:31:17 - [TEST_STEP][PASSED] - if (fileNames[i].contains(".rs")): null

2020-05-27 08:31:17 - [TEST_STEP][PASSED] - if (fileNames[i].contains(".rs")): null

2020-05-27 08:31:17 - [TEST_STEP][PASSED] - fileNames[i] = fileNames[i].replace(".rs", ""): null

2020-05-27 08:31:17 - [TEST_STEP][PASSED] - testObjects.add(objectSubFolder + fileNames[i]): null

2020-05-27 08:31:17 - [TEST_STEP][PASSED] - if (fileNames[i].contains(".rs")): null

2020-05-27 08:31:17 - [TEST_STEP][PASSED] - if (fileNames[i].contains(".rs")): null

2020-05-27 08:31:17 - [TEST_STEP][PASSED] - fileNames[i] = fileNames[i].replace(".rs", ""): null

2020-05-27 08:31:17 - [TEST_STEP][PASSED] - testObjects.add(objectSubFolder + fileNames[i]): null

2020-05-27 08:31:17 - [TEST_STEP][PASSED] - if (fileNames[i].contains(".rs")): null

2020-05-27 08:31:17 - [TEST_STEP][PASSED] - fileNames[i] = fileNames[i].replace(".rs", ""): null

2020-05-27 08:31:17 - [TEST_STEP][PASSED] - testObjects.add(objectSubFolder + fileNames[i]): null

2020-05-27 08:31:17 - [TEST_STEP][PASSED] - if (fileNames[i].contains(".rs")): null

2020-05-27 08:31:17 - [TEST_STEP][PASSED] - fileNames[i] = fileNames[i].replace(".rs", ""): null

2020-05-27 08:31:17 - [TEST_STEP][PASSED] - testObjects.add(objectSubFolder + fileNames[i]): null

2020-05-27 08:31:17 - [TEST_STEP][PASSED] - if (fileNames[i].contains(".rs")): null

2020-05-27 08:31:17 - [TEST_STEP][PASSED] - fileNames[i] = fileNames[i].replace(".rs", ""): null

2020-05-27 08:31:17 - [TEST_STEP][PASSED] - testObjects.add(objectSubFolder + fileNames[i]): null

2020-05-27 08:31:17 - [TEST_STEP][PASSED] - if (fileNames[i].contains(".rs")): null

2020-05-27 08:31:17 - [TEST_STEP][PASSED] - fileNames[i] = fileNames[i].replace(".rs", ""): null

2020-05-27 08:31:17 - [TEST_STEP][PASSED] - testObjects.add(objectSubFolder + fileNames[i]): null

2020-05-27 08:31:17 - [TEST_STEP][PASSED] - if (fileNames[i].contains(".rs")): null

2020-05-27 08:31:17 - [TEST_STEP][PASSED] - fileNames[i] = fileNames[i].replace(".rs", ""): null

2020-05-27 08:31:17 - [TEST_STEP][PASSED] - testObjects.add(objectSubFolder + fileNames[i]): null

2020-05-27 08:31:17 - [TEST_STEP][PASSED] - if (fileNames[i].contains(".rs")): null

2020-05-27 08:31:17 - [TEST_STEP][PASSED] - fileNames[i] = fileNames[i].replace(".rs", ""): null

2020-05-27 08:31:17 - [TEST_STEP][PASSED] - testObjects.add(objectSubFolder + fileNames[i]): null

2020-05-27 08:31:17 - [TEST_STEP][PASSED] - if (fileNames[i].contains(".rs")): null

2020-05-27 08:31:17 - [TEST_STEP][PASSED] - fileNames[i] = fileNames[i].replace(".rs", ""): null

2020-05-27 08:31:17 - [TEST_STEP][PASSED] - testObjects.add(objectSubFolder + fileNames[i]): null

2020-05-27 08:31:17 - [TEST_STEP][PASSED] - if (fileNames[i].contains(".rs")): null

2020-05-27 08:31:17 - [TEST_STEP][PASSED] - fileNames[i] = fileNames[i].replace(".rs", ""): null

2020-05-27 08:31:17 - [TEST_STEP][PASSED] - testObjects.add(objectSubFolder + fileNames[i]): null

2020-05-27 08:31:17 - [TEST_STEP][PASSED] - if (fileNames[i].contains(".rs")): null

2020-05-27 08:31:17 - [TEST_STEP][PASSED] - fileNames[i] = fileNames[i].replace(".rs", ""): null

2020-05-27 08:31:17 - [TEST_STEP][PASSED] - testObjects.add(objectSubFolder + fileNames[i]): null

2020-05-27 08:31:17 - [TEST_STEP][PASSED] - for (String obj : testObjects): Object 'Object Repository/Web RoomMe.id\Sign Up Menu\Textfield Phone Number' is visible

2020-05-27 08:31:17 - [TEST_STEP][PASSED] - verifyElementVisible(findTestObject(obj)): Object 'Object Repository/Web RoomMe.id\Sign Up Menu\Button Sign In' is visible

2020-05-27 08:31:17 - [MESSAGE][PASSED] - Object 'Object Repository/Web RoomMe.id\Sign Up Menu\Button Sign In' is visible

2020-05-27 08:31:17 - [TEST_STEP][PASSED] - verifyElementVisible(findTestObject(obj)): Object 'Object Repository/Web RoomMe.id\Sign Up Menu\Button Sign Up' is visible

2020-05-27 08:31:17 - [MESSAGE][PASSED] - Object 'Object Repository/Web RoomMe.id\Sign Up Menu\Button Sign Up' is visible

2020-05-27 08:31:17 - [TEST_STEP][PASSED] - verifyElementVisible(findTestObject(obj)): Object 'Object Repository/Web RoomMe.id\Sign Up Menu\Name Textfield' is visible

2020-05-27 08:31:18 - [MESSAGE][PASSED] - Object 'Object Repository/Web RoomMe.id\Sign Up Menu\Name Textfield' is visible

2020-05-27 08:31:18 - [TEST_STEP][PASSED] - verifyElementVisible(findTestObject(obj)): Object 'Object Repository/Web RoomMe.id\Sign Up Menu\Text Are you have an account' is visible

2020-05-27 08:31:18 - [MESSAGE][PASSED] - Object 'Object Repository/Web RoomMe.id\Sign Up Menu\Text Are you have an account' is visible

2020-05-27 08:31:18 - [TEST_STEP][PASSED] - verifyElementVisible(findTestObject(obj)): Object 'Object Repository/Web RoomMe.id\Sign Up Menu\Text Confirm Password' is visible

2020-05-27 08:31:18 - [MESSAGE][PASSED] - Object 'Object Repository/Web RoomMe.id\Sign Up Menu\Text Confirm Password' is visible

2020-05-27 08:31:19 - [TEST_STEP][PASSED] - verifyElementVisible(findTestObject(obj)): Object 'Object Repository/Web RoomMe.id\Sign Up Menu\Text Email Address' is visible

2020-05-27 08:31:19 - [MESSAGE][PASSED] - Object 'Object Repository/Web RoomMe.id\Sign Up Menu\Text Email Address' is visible

2020-05-27 08:31:19 - [TEST_STEP][PASSED] - verifyElementVisible(findTestObject(obj)): Object 'Object Repository/Web RoomMe.id\Sign Up Menu\Text Full Name' is visible

2020-05-27 08:31:20 - [MESSAGE][PASSED] - Object 'Object Repository/Web RoomMe.id\Sign Up Menu\Text Full Name' is visible

2020-05-27 08:31:20 - [TEST_STEP][PASSED] - verifyElementVisible(findTestObject(obj)): Object 'Object Repository/Web RoomMe.id\Sign Up Menu\Text Password' is visible

2020-05-27 08:31:20 - [MESSAGE][PASSED] - Object 'Object Repository/Web RoomMe.id\Sign Up Menu\Text Password' is visible

2020-05-27 08:31:20 - [TEST_STEP][PASSED] - verifyElementVisible(findTestObject(obj)): Object 'Object Repository/Web RoomMe.id\Sign Up Menu\Text Phone Number' is visible

2020-05-27 08:31:20 - [MESSAGE][PASSED] - Object 'Object Repository/Web RoomMe.id\Sign Up Menu\Text Phone Number' is visible

2020-05-27 08:31:20 - [TEST_STEP][PASSED] - verifyElementVisible(findTestObject(obj)): Object 'Object Repository/Web RoomMe.id\Sign Up Menu\Textfield Confirm Password' is visible

2020-05-27 08:31:21 - [MESSAGE][PASSED] - Object 'Object Repository/Web RoomMe.id\Sign Up Menu\Textfield Confirm Password' is visible

2020-05-27 08:31:21 - [TEST_STEP][PASSED] - verifyElementVisible(findTestObject(obj)): Object 'Object Repository/Web RoomMe.id\Sign Up Menu\Textfield Email' is visible

2020-05-27 08:31:21 - [MESSAGE][PASSED] - Object 'Object Repository/Web RoomMe.id\Sign Up Menu\Textfield Email' is visible

2020-05-27 08:31:21 - [TEST_STEP][PASSED] - verifyElementVisible(findTestObject(obj)): Object 'Object Repository/Web RoomMe.id\Sign Up Menu\Textfield Password' is visible

2020-05-27 08:31:21 - [MESSAGE][PASSED] - Object 'Object Repository/Web RoomMe.id\Sign Up Menu\Textfield Password' is visible

2020-05-27 08:31:21 - [TEST_STEP][PASSED] - verifyElementVisible(findTestObject(obj)): Object 'Object Repository/Web RoomMe.id\Sign Up Menu\Textfield Phone Number' is visible

2020-05-27 08:31:22 - [MESSAGE][PASSED] - Object 'Object Repository/Web RoomMe.id\Sign Up Menu\Textfield Phone Number' is visible

2020-05-27 08:31:22 - [MESSAGE][PASSED] - Call Test Case 'Test Cases/Web RoomMe.id/2. Sign Up/Verify Sign Up Menu' successfully

2020-05-27 08:31:22 - [TEST_STEP][PASSED] - waitForElementVisible(findTestObject("Web RoomMe.id/Sign Up Menu/Name Textfield"), 0): Object 'Object Repository/Web RoomMe.id/Sign Up Menu/Name Textfield' is visible

2020-05-27 08:31:22 - [MESSAGE][WARNING] - Timeout '0' is invalid. Using default page load timeout: '60'

2020-05-27 08:31:22 - [MESSAGE][PASSED] - Object 'Object Repository/Web RoomMe.id/Sign Up Menu/Name Textfield' is visible

2020-05-27 08:31:22 - [TEST_STEP][PASSED] - setText(findTestObject("Web RoomMe.id/Sign Up Menu/Name Textfield"), "Faldi Test AT"): Text 'Faldi Test AT' is set on object 'Object Repository/Web RoomMe.id/Sign Up Menu/Name Textfield'

2020-05-27 08:31:23 - [MESSAGE][PASSED] - Text 'Faldi Test AT' is set on object 'Object Repository/Web RoomMe.id/Sign Up Menu/Name Textfield'

2020-05-27 08:31:23 - [TEST_STEP][NOT_RUN] - getAttribute(findTestObject("Web RoomMe.id/Sign Up Menu/Name Textfield"), "tag"): NOT_RUN: getAttribute(findTestObject("Web RoomMe.id/Sign Up Menu/Name Textfield"), "tag")

2020-05-27 08:31:23 - [MESSAGE][NOT_RUN] - NOT_RUN: getAttribute(findTestObject("Web RoomMe.id/Sign Up Menu/Name Textfield"), "tag")

2020-05-27 08:31:23 - [TEST_STEP][NOT_RUN] - namauser = concatenate(findTestObject("Web RoomMe.id/Sign Up Menu/Name Textfield")): NOT_RUN: namauser = concatenate(findTestObject("Web RoomMe.id/Sign Up Menu/Name Textfield"))

2020-05-27 08:31:23 - [MESSAGE][NOT_RUN] - NOT_RUN: namauser = concatenate(findTestObject("Web RoomMe.id/Sign Up Menu/Name Textfield"))

2020-05-27 08:31:23 - [TEST_STEP][PASSED] - setText(findTestObject("Web RoomMe.id/Sign Up Menu/Textfield Email"), "faldidev@getnada.com"): Text 'faldidev@getnada.com' is set on object 'Object Repository/Web RoomMe.id/Sign Up Menu/Textfield Email'

2020-05-27 08:31:24 - [MESSAGE][PASSED] - Text 'faldidev@getnada.com' is set on object 'Object Repository/Web RoomMe.id/Sign Up Menu/Textfield Email'

2020-05-27 08:31:24 - [TEST_STEP][PASSED] - setText(findTestObject("Web RoomMe.id/Sign Up Menu/Textfield Phone Number"), "081234567890"): Text '081234567890' is set on object 'Object Repository/Web RoomMe.id/Sign Up Menu/Textfield Phone Number'

2020-05-27 08:31:25 - [MESSAGE][PASSED] - Text '081234567890' is set on object 'Object Repository/Web RoomMe.id/Sign Up Menu/Textfield Phone Number'

2020-05-27 08:31:25 - [TEST_STEP][PASSED] - setEncryptedText(findTestObject("Web RoomMe.id/Sign Up Menu/Textfield Password"), "da8fEzhczGg="): Text ****** has been set on object 'Object Repository/Web RoomMe.id/Sign Up Menu/Textfield Password'

2020-05-27 08:31:25 - [MESSAGE][PASSED] - Text ****** has been set on object 'Object Repository/Web RoomMe.id/Sign Up Menu/Textfield Password'

2020-05-27 08:31:25 - [TEST_STEP][PASSED] - setEncryptedText(findTestObject("Web RoomMe.id/Sign Up Menu/Textfield Confirm Password"), "da8fEzhczGg="): Text ****** has been set on object 'Object Repository/Web RoomMe.id/Sign Up Menu/Textfield Confirm Password'

2020-05-27 08:31:26 - [MESSAGE][PASSED] - Text ****** has been set on object 'Object Repository/Web RoomMe.id/Sign Up Menu/Textfield Confirm Password'

2020-05-27 08:31:26 - [TEST_STEP][PASSED] - click(findTestObject("Web RoomMe.id/Sign Up Menu/Button Sign Up")): Object: 'Object Repository/Web RoomMe.id/Sign Up Menu/Button Sign Up' is clicked on

2020-05-27 08:31:27 - [MESSAGE][PASSED] - Object: 'Object Repository/Web RoomMe.id/Sign Up Menu/Button Sign Up' is clicked on

2020-05-27 08:31:27 - [TEST_STEP][PASSED] - waitForElementVisible(findTestObject("Web RoomMe.id/Sign Up Menu/Error Message/Text Email already registered"), 0): Web element with id: 'Object Repository/Web RoomMe.id/Sign Up Menu/Error Message/Text Email already registered' located by 'By.xpath: //span[(text() = ' Email already registered' or . = ' Email already registered')]' not found

2020-05-27 08:31:27 - [MESSAGE][WARNING] - Timeout '0' is invalid. Using default page load timeout: '60'

2020-05-27 08:32:54 - [MESSAGE][INFO] - Unable to find the element located by 'By.xpath: //span[(text() = ' Email already registered' or . = ' Email already registered')]'. Please recheck the objects properties to make sure the desired element is located. 

2020-05-27 08:32:54 - [MESSAGE][WARNING] - Web element with id: 'Object Repository/Web RoomMe.id/Sign Up Menu/Error Message/Text Email already registered' located by 'By.xpath: //span[(text() = ' Email already registered' or . = ' Email already registered')]' not found]]></system-out>
         <system-err><![CDATA[]]></system-err>
      </testcase>
      <system-out><![CDATA[2020-05-27 08:27:39 - [TEST_SUITE][PASSED] - Customer Sign Up: Test Cases/Web RoomMe.id/2. Sign Up/8. Sign Up with Already Registered Email]]></system-out>
      <system-err><![CDATA[]]></system-err>
   </testsuite>
</testsuites>
