<?xml version="1.0" encoding="UTF-8"?>
<testsuites name="Customer Login" time="26.688" tests="2" failures="0" errors="0">
   <testsuite name="Customer Login" tests="2" failures="0" errors="0" time="26.688" timestamp="2020-02-27 16:25:01" hostname="Win 10 - LENNONOVO" id="Test Suites/Web RoomMe.id/Customer Login">
      <properties>
         <property name="deviceName" value=""/>
         <property name="devicePlatform" value=""/>
         <property name="logFolder" value="C:\\Users\\Faldi\\Katalon Studio\\RoomMe\\Reports\\20200227_162459\\Web RoomMe.id\\Customer Login\\20200227_162459"/>
         <property name="logFiles" value="C:\\Users\\Faldi\\Katalon Studio\\RoomMe\\Reports\\20200227_162459\\Web RoomMe.id\\Customer Login\\20200227_162459\\execution0.log"/>
         <property name="attachments" value=""/>
         <property name="hostName" value="Win 10 - LENNONOVO"/>
         <property name="os" value="Windows 10 64bit"/>
         <property name="katalonVersion" value="7.2.1.1"/>
         <property name="browser" value="Chrome 80.0.3987.100"/>
         <property name="hostAddress" value="10.241.84.162"/>
         <property name="sessionId" value="f9e03fb7164b61a35f0db353fef3ba9a"/>
         <property name="seleniumVersion" value="3.141.59"/>
         <property name="proxyInformation" value="ProxyInformation{proxyOption=NO_PROXY, proxyServerType=HTTP, password=, proxyServerAddress=, proxyServerPort=0, executionList=}"/>
         <property name="platform" value="Windows 10"/>
      </properties>
      <testcase name="Test Cases/Web RoomMe.id/Verify Homepage" time="20.178" classname="Test Cases/Web RoomMe.id/Verify Homepage" status="PASSED">
         <system-out><![CDATA[2020-02-27 16:25:01 - [TEST_CASE][PASSED] - Test Cases/Web RoomMe.id/Verify Homepage: Test Cases/Web RoomMe.id/Verify Homepage

2020-02-27 16:25:01 - [TEST_STEP][PASSED] - openBrowser(""): Browser is opened with url: ''

2020-02-27 16:25:02 - [MESSAGE][INFO] - Starting 'Chrome' driver

2020-02-27 16:25:02 - [MESSAGE][INFO] - Action delay is set to 0 seconds

2020-02-27 16:25:08 - [MESSAGE][PASSED] - Browser is opened with url: ''

2020-02-27 16:25:08 - [TEST_STEP][PASSED] - navigateToUrl("https://web.roomme.id/"): Navigate to 'https://web.roomme.id/' successfully

2020-02-27 16:25:13 - [MESSAGE][PASSED] - Navigate to 'https://web.roomme.id/' successfully

2020-02-27 16:25:13 - [TEST_STEP][PASSED] - maximizeWindow(): Current window maximized

2020-02-27 16:25:17 - [MESSAGE][PASSED] - Current window maximized

2020-02-27 16:25:17 - [TEST_STEP][PASSED] - verifyElementVisible(findTestObject("Web RoomMe.id/RoomMe.id Homepage/Image Logo Header")): Object 'Object Repository/Web RoomMe.id/RoomMe.id Homepage/Image Logo Header' is visible

2020-02-27 16:25:17 - [MESSAGE][PASSED] - Object 'Object Repository/Web RoomMe.id/RoomMe.id Homepage/Image Logo Header' is visible

2020-02-27 16:25:17 - [TEST_STEP][PASSED] - verifyElementVisible(findTestObject("Web RoomMe.id/RoomMe.id Homepage/Button  Community")): Object 'Object Repository/Web RoomMe.id/RoomMe.id Homepage/Button  Community' is visible

2020-02-27 16:25:18 - [MESSAGE][PASSED] - Object 'Object Repository/Web RoomMe.id/RoomMe.id Homepage/Button  Community' is visible

2020-02-27 16:25:18 - [TEST_STEP][PASSED] - verifyElementVisible(findTestObject("Web RoomMe.id/RoomMe.id Homepage/Button Promo")): Object 'Object Repository/Web RoomMe.id/RoomMe.id Homepage/Button Promo' is visible

2020-02-27 16:25:18 - [MESSAGE][PASSED] - Object 'Object Repository/Web RoomMe.id/RoomMe.id Homepage/Button Promo' is visible

2020-02-27 16:25:18 - [TEST_STEP][PASSED] - verifyElementVisible(findTestObject("Web RoomMe.id/RoomMe.id Homepage/Button List Your Unit Here")): Object 'Object Repository/Web RoomMe.id/RoomMe.id Homepage/Button List Your Unit Here' is visible

2020-02-27 16:25:19 - [MESSAGE][PASSED] - Object 'Object Repository/Web RoomMe.id/RoomMe.id Homepage/Button List Your Unit Here' is visible

2020-02-27 16:25:19 - [TEST_STEP][PASSED] - verifyElementVisible(findTestObject("Web RoomMe.id/RoomMe.id Homepage/Button Sign In")): Object 'Object Repository/Web RoomMe.id/RoomMe.id Homepage/Button Sign In' is visible

2020-02-27 16:25:19 - [MESSAGE][PASSED] - Object 'Object Repository/Web RoomMe.id/RoomMe.id Homepage/Button Sign In' is visible

2020-02-27 16:25:19 - [TEST_STEP][PASSED] - verifyElementVisible(findTestObject("Web RoomMe.id/RoomMe.id Homepage/Button Sign Up")): Object 'Object Repository/Web RoomMe.id/RoomMe.id Homepage/Button Sign Up' is visible

2020-02-27 16:25:19 - [MESSAGE][PASSED] - Object 'Object Repository/Web RoomMe.id/RoomMe.id Homepage/Button Sign Up' is visible

2020-02-27 16:25:19 - [TEST_STEP][PASSED] - verifyElementVisible(findTestObject("Web RoomMe.id/RoomMe.id Homepage/Image Thumbnail Promo")): Object 'Object Repository/Web RoomMe.id/RoomMe.id Homepage/Image Thumbnail Promo' is visible

2020-02-27 16:25:19 - [MESSAGE][PASSED] - Object 'Object Repository/Web RoomMe.id/RoomMe.id Homepage/Image Thumbnail Promo' is visible

2020-02-27 16:25:19 - [TEST_STEP][PASSED] - verifyElementVisible(findTestObject("Web RoomMe.id/RoomMe.id Homepage/Field Search Box")): Object 'Object Repository/Web RoomMe.id/RoomMe.id Homepage/Field Search Box' is visible

2020-02-27 16:25:20 - [MESSAGE][PASSED] - Object 'Object Repository/Web RoomMe.id/RoomMe.id Homepage/Field Search Box' is visible

2020-02-27 16:25:20 - [TEST_STEP][PASSED] - verifyElementVisible(findTestObject("Web RoomMe.id/RoomMe.id Homepage/Field Amenities")): Object 'Object Repository/Web RoomMe.id/RoomMe.id Homepage/Field Amenities' is visible

2020-02-27 16:25:20 - [MESSAGE][PASSED] - Object 'Object Repository/Web RoomMe.id/RoomMe.id Homepage/Field Amenities' is visible

2020-02-27 16:25:20 - [TEST_STEP][PASSED] - verifyElementVisible(findTestObject("Web RoomMe.id/RoomMe.id Homepage/Field Connect to Instagram")): Object 'Object Repository/Web RoomMe.id/RoomMe.id Homepage/Field Connect to Instagram' is visible

2020-02-27 16:25:20 - [MESSAGE][PASSED] - Object 'Object Repository/Web RoomMe.id/RoomMe.id Homepage/Field Connect to Instagram' is visible

2020-02-27 16:25:20 - [TEST_STEP][PASSED] - verifyElementVisible(findTestObject("Web RoomMe.id/RoomMe.id Homepage/Field Reccomended Kost")): Object 'Object Repository/Web RoomMe.id/RoomMe.id Homepage/Field Reccomended Kost' is visible

2020-02-27 16:25:21 - [MESSAGE][PASSED] - Object 'Object Repository/Web RoomMe.id/RoomMe.id Homepage/Field Reccomended Kost' is visible

2020-02-27 16:25:21 - [TEST_STEP][PASSED] - verifyElementVisible(findTestObject("Web RoomMe.id/RoomMe.id Homepage/Field Footer")): Object 'Object Repository/Web RoomMe.id/RoomMe.id Homepage/Field Footer' is visible

2020-02-27 16:25:21 - [MESSAGE][PASSED] - Object 'Object Repository/Web RoomMe.id/RoomMe.id Homepage/Field Footer' is visible

2020-02-27 16:25:21 - [TEST_STEP][PASSED] - verifyElementVisible(findTestObject("Web RoomMe.id/RoomMe.id Homepage/Image Logo Footer")): Object 'Object Repository/Web RoomMe.id/RoomMe.id Homepage/Image Logo Footer' is visible

2020-02-27 16:25:21 - [MESSAGE][PASSED] - Object 'Object Repository/Web RoomMe.id/RoomMe.id Homepage/Image Logo Footer' is visible

2020-02-27 16:25:21 - [TEST_STEP][NOT_RUN] - closeBrowser(): NOT_RUN: closeBrowser()

2020-02-27 16:25:21 - [MESSAGE][NOT_RUN] - NOT_RUN: closeBrowser()]]></system-out>
         <system-err><![CDATA[]]></system-err>
      </testcase>
      <testcase name="Test Cases/Web RoomMe.id/Customer Login" time="5.507" classname="Test Cases/Web RoomMe.id/Customer Login" status="PASSED">
         <system-out><![CDATA[2020-02-27 16:25:21 - [TEST_CASE][PASSED] - Test Cases/Web RoomMe.id/Customer Login: Test Cases/Web RoomMe.id/Customer Login

2020-02-27 16:25:21 - [TEST_STEP][NOT_RUN] - openBrowser(""): NOT_RUN: openBrowser("")

2020-02-27 16:25:21 - [MESSAGE][NOT_RUN] - NOT_RUN: openBrowser("")

2020-02-27 16:25:21 - [TEST_STEP][NOT_RUN] - navigateToUrl("https://web.roomme.id/"): NOT_RUN: navigateToUrl("https://web.roomme.id/")

2020-02-27 16:25:21 - [MESSAGE][NOT_RUN] - NOT_RUN: navigateToUrl("https://web.roomme.id/")

2020-02-27 16:25:21 - [TEST_STEP][NOT_RUN] - maximizeWindow(): NOT_RUN: maximizeWindow()

2020-02-27 16:25:21 - [MESSAGE][NOT_RUN] - NOT_RUN: maximizeWindow()

2020-02-27 16:25:21 - [TEST_STEP][PASSED] - click(findTestObject("Web RoomMe.id/Sign In Menu/Button Sign In (Homepage)")): Object: 'Object Repository/Web RoomMe.id/Sign In Menu/Button Sign In (Homepage)' is clicked on

2020-02-27 16:25:22 - [MESSAGE][PASSED] - Object: 'Object Repository/Web RoomMe.id/Sign In Menu/Button Sign In (Homepage)' is clicked on

2020-02-27 16:25:22 - [TEST_STEP][PASSED] - verifyElementVisible(findTestObject("Web RoomMe.id/Sign In Menu/Textfield Email")): Object 'Object Repository/Web RoomMe.id/Sign In Menu/Textfield Email' is visible

2020-02-27 16:25:22 - [MESSAGE][PASSED] - Object 'Object Repository/Web RoomMe.id/Sign In Menu/Textfield Email' is visible

2020-02-27 16:25:22 - [TEST_STEP][PASSED] - verifyElementVisible(findTestObject("Web RoomMe.id/Sign In Menu/Textfield Password")): Object 'Object Repository/Web RoomMe.id/Sign In Menu/Textfield Password' is visible

2020-02-27 16:25:23 - [MESSAGE][PASSED] - Object 'Object Repository/Web RoomMe.id/Sign In Menu/Textfield Password' is visible

2020-02-27 16:25:23 - [TEST_STEP][PASSED] - verifyElementVisible(findTestObject("Web RoomMe.id/Sign In Menu/Button Sign In")): Object 'Object Repository/Web RoomMe.id/Sign In Menu/Button Sign In' is visible

2020-02-27 16:25:23 - [MESSAGE][PASSED] - Object 'Object Repository/Web RoomMe.id/Sign In Menu/Button Sign In' is visible

2020-02-27 16:25:23 - [TEST_STEP][PASSED] - verifyElementVisible(findTestObject("Web RoomMe.id/Sign In Menu/Button Forgot Password")): Object 'Object Repository/Web RoomMe.id/Sign In Menu/Button Forgot Password' is visible

2020-02-27 16:25:23 - [MESSAGE][PASSED] - Object 'Object Repository/Web RoomMe.id/Sign In Menu/Button Forgot Password' is visible

2020-02-27 16:25:23 - [TEST_STEP][PASSED] - setText(findTestObject("Web RoomMe.id/Sign In Menu/Textfield Email"), "hurujy@getnada.com"): Text 'hurujy@getnada.com' is set on object 'Object Repository/Web RoomMe.id/Sign In Menu/Textfield Email'

2020-02-27 16:25:24 - [MESSAGE][PASSED] - Text 'hurujy@getnada.com' is set on object 'Object Repository/Web RoomMe.id/Sign In Menu/Textfield Email'

2020-02-27 16:25:24 - [TEST_STEP][PASSED] - setEncryptedText(findTestObject("Web RoomMe.id/Sign In Menu/Textfield Password"), "aeHFOx8jV/A="): Text ****** has been set on object 'Object Repository/Web RoomMe.id/Sign In Menu/Textfield Password'

2020-02-27 16:25:24 - [MESSAGE][PASSED] - Text ****** has been set on object 'Object Repository/Web RoomMe.id/Sign In Menu/Textfield Password'

2020-02-27 16:25:24 - [TEST_STEP][PASSED] - click(findTestObject("Web RoomMe.id/Sign In Menu/Button Sign In")): Object: 'Object Repository/Web RoomMe.id/Sign In Menu/Button Sign In' is clicked on

2020-02-27 16:25:25 - [MESSAGE][PASSED] - Object: 'Object Repository/Web RoomMe.id/Sign In Menu/Button Sign In' is clicked on

2020-02-27 16:25:25 - [TEST_STEP][PASSED] - verifyElementVisible(findTestObject("Web RoomMe.id/Sign In Menu/Pop Up You have successfully signed in")): Object 'Object Repository/Web RoomMe.id/Sign In Menu/Pop Up You have successfully signed in' is visible

2020-02-27 16:25:25 - [MESSAGE][PASSED] - Object 'Object Repository/Web RoomMe.id/Sign In Menu/Pop Up You have successfully signed in' is visible

2020-02-27 16:25:25 - [TEST_STEP][PASSED] - verifyElementVisible(findTestObject("Web RoomMe.id/Sign In Menu/Button User Menu")): Object 'Object Repository/Web RoomMe.id/Sign In Menu/Button User Menu' is visible

2020-02-27 16:25:26 - [MESSAGE][PASSED] - Object 'Object Repository/Web RoomMe.id/Sign In Menu/Button User Menu' is visible

2020-02-27 16:25:26 - [TEST_STEP][PASSED] - closeBrowser(): Browser is closed

2020-02-27 16:25:27 - [MESSAGE][PASSED] - Browser is closed]]></system-out>
         <system-err><![CDATA[]]></system-err>
      </testcase>
      <system-out><![CDATA[2020-02-27 16:25:01 - [TEST_SUITE][PASSED] - Customer Login: Test Cases/Web RoomMe.id/Customer Login]]></system-out>
      <system-err><![CDATA[]]></system-err>
   </testsuite>
</testsuites>
